
Gurobi 12.0.1 (win64, C++) logging started Thu Apr 17 22:28:38 2025

Set parameter TokenServer to value "141.76.38.119"
Set parameter Threads to value 8
Set parameter LazyConstraints to value 1
Set parameter PreCrush to value 1
Set parameter Seed to value 0
Set parameter Cuts to value -1
Set parameter TimeLimit to value 28800
Set parameter NumericFocus to value 0
Set parameter SolutionLimit to value 10000
Gurobi Optimizer version 12.0.1 build v12.0.1rc0 (win64 - Windows Server 2022.0 (20348.2))

CPU model: AMD EPYC 7513 32-Core Processor, instruction set [SSE2|AVX|AVX2]
Thread count: 16 physical cores, 16 logical processors, using up to 8 threads

Non-default parameters:
SolutionLimit  10000
TimeLimit  28800
PreCrush  1
Threads  8
LazyConstraints  1

Optimize a model with 277 rows, 529 columns and 1518 nonzeros
Model fingerprint: 0x8fff559d
Variable types: 0 continuous, 529 integer (529 binary)
Coefficient statistics:
  Matrix range     [1e+00, 1e+00]
  Objective range  [4e+00, 1e+02]
  Bounds range     [1e+00, 1e+00]
  RHS range        [1e+00, 6e+00]

User MIP start produced solution with objective 771.817 (0.03s)
Loaded user MIP start with objective 771.817

Presolve removed 8 rows and 39 columns
Presolve time: 0.00s
Presolved: 269 rows, 490 columns, 1426 nonzeros
Variable types: 0 continuous, 490 integer (490 binary)

Root relaxation: objective 5.577212e+02, 82 iterations, 0.00 seconds (0.00 work units)

    Nodes    |    Current Node    |     Objective Bounds      |     Work
 Expl Unexpl |  Obj  Depth IntInf | Incumbent    BestBd   Gap | It/Node Time

     0     0  557.72123    0    -  771.81691  557.72123  27.7%     -    0s
     0     0  565.67595    0    -  771.81691  565.67595  26.7%     -    0s
     0     0  566.12691    0    -  771.81691  566.12691  26.7%     -    0s
     0     0  574.35112    0    -  771.81691  574.35112  25.6%     -    0s
     0     0  592.64137    0    -  771.81691  592.64137  23.2%     -    0s
     0     0  601.80815    0    -  771.81691  601.80815  22.0%     -    0s
     0     0  602.07329    0    -  771.81691  602.07329  22.0%     -    0s
     0     0  606.76881    0    -  771.81691  606.76881  21.4%     -    1s
     0     0  614.51165    0    -  771.81691  614.51165  20.4%     -    1s
     0     0  624.01773    0    -  771.81691  624.01773  19.1%     -    1s
     0     0  629.33643    0   19  771.81691  629.33643  18.5%     -    1s
     0     0  629.41223    0    -  771.81691  629.41223  18.5%     -    2s
     0     0  632.84317    0   48  771.81691  632.84317  18.0%     -    2s
     0     0  636.15371    0    -  771.81691  636.15371  17.6%     -    2s
     0     0  657.30000    0   35  771.81691  657.30000  14.8%     -    2s
     0     0  658.48205    0   39  771.81691  658.48205  14.7%     -    3s
     0     0  661.90569    0    -  771.81691  661.90569  14.2%     -    3s
     0     0  662.50278    0   46  771.81691  662.50278  14.2%     -    3s
     0     0  662.50278    0   41  771.81691  662.50278  14.2%     -    4s
     0     2  662.50278    0   41  771.81691  662.50278  14.2%     -    4s
   138   177  688.48114   14   43  771.81691  666.79624  13.6%  28.0    5s
H  226   237                     751.1926894  666.79624  11.2%  25.5    8s
   249   270  710.75123   26   61  751.19269  666.79624  11.2%  25.8   10s
H  432   442                     742.2288484  669.89627  9.75%  24.1   11s
   736   708  707.92095   28   56  742.22885  672.35419  9.41%  22.2   19s
   873   812  723.42493   45   63  742.22885  672.35419  9.41%  20.8   22s
  1117   963  711.60467   18   50  742.22885  677.72864  8.69%  19.9   31s
  1243  1055  734.69245   36   26  742.22885  677.72864  8.69%  19.3   35s
  1603  1288  722.37652   33   32  742.22885  682.19347  8.09%  18.5   41s
  1868  1422  713.11379   14   41  742.22885  682.43834  8.06%  18.0   50s
  2068  1567  711.46093   31   32  742.22885  687.65380  7.35%  19.8   61s
  2370  1635  705.97372   19   65  742.22885  688.18771  7.28%  20.1   65s
  2678  1758  724.94142   32   23  742.22885  690.02419  7.03%  20.2   70s
  2835  1816  736.70859   37   52  742.22885  690.02419  7.03%  20.0   78s
  2905  1832  735.67614   43   16  742.22885  690.02419  7.03%  20.0   83s
  3180  1965     cutoff   23       742.22885  693.07252  6.62%  19.8   88s
  3380  2009  711.92613   37   46  742.22885  693.07252  6.62%  19.5   90s
  4111  2257  719.64424   26   40  742.22885  696.39076  6.18%  18.8  101s
  4878  2425  715.07741   29   18  742.22885  697.27544  6.06%  18.1  106s
  5089  2517  728.06902   36   53  742.22885  697.46588  6.03%  18.1  111s
  5444  2718  724.80112   37   59  742.22885  698.64282  5.87%  18.2  115s
  6099  2823     cutoff   43       742.22885  699.60255  5.74%  17.7  120s
  6482  3073  704.70578   24   55  742.22885  699.91316  5.70%  17.7  125s
  8192  4052  721.96558   33   24  742.22885  702.68512  5.33%  17.5  133s
  8699  4432  730.89602   36   21  742.22885  703.14446  5.27%  17.3  135s
  9845  5037  716.72925   40   51  742.22885  703.86050  5.17%  17.1  140s
 10747  5694  740.46963   36   33  742.22885  704.38998  5.10%  17.0  147s
 11984  6273  714.84848   34   34  742.22885  705.03590  5.01%  16.9  158s
 12357  6546  736.04540   31   37  742.22885  705.21747  4.99%  17.0  164s
 13245  6836  711.88848   28   32  742.22885  705.44174  4.96%  16.9  165s
 13649  7237  731.66437   36   47  742.22885  705.75404  4.91%  16.9  170s
 15101  8087     cutoff   40       742.22885  706.69944  4.79%  16.7  177s
 16321  8695  722.75714   31   30  742.22885  707.15829  4.73%  16.8  181s
 16933  8919  725.17253   31   53  742.22885  707.39562  4.69%  16.8  188s
 18441  9677  735.46259   42   51  742.22885  707.95865  4.62%  16.9  190s
 21978 11155  740.07021   43   44  742.22885  709.35584  4.43%  17.0  201s
 22737 11366  739.52483   43   16  742.22885  709.71616  4.38%  17.1  208s
 23256 11703  722.77710   31   62  742.22885  709.92032  4.35%  17.0  210s
 25599 12537  739.59226   45   30  742.22885  710.66984  4.25%  17.1  217s
 27026 13016  727.73092   34   37  742.22885  711.09349  4.19%  17.1  220s
 27681 13314  730.96646   27   53  742.22885  711.26644  4.17%  17.2  226s
 29549 14028     cutoff   37       742.22885  711.71563  4.11%  17.3  239s
 30266 14342 infeasible   46       742.22885  712.05722  4.07%  17.3  240s
 33188 15265  734.91655   47   50  742.22885  712.83244  3.96%  17.5  245s
 35744 16108     cutoff   45       742.22885  713.49223  3.87%  17.6  255s
 40190 17362  736.72910   35   44  742.22885  714.52964  3.73%  17.8  260s
 40801 17515  732.65608   45   14  742.22885  714.65837  3.71%  17.8  266s
 43893 18332  736.39387   41   57  742.22885  715.30751  3.63%  17.9  270s
 49953 20017     cutoff   35       742.22885  716.76603  3.43%  18.1  275s
 55556 21345  737.36086   40   22  742.22885  717.86750  3.28%  18.2  281s
 61394 22625  733.88614   40   38  742.22885  718.87371  3.15%  18.3  285s
 64418 23252  730.25625   25   52  742.22885  719.39868  3.08%  18.4  291s
 69210 24071  741.30188   39   41  742.22885  720.26082  2.96%  18.5  295s
 75533 24952  725.39664   45   26  742.22885  721.29147  2.82%  18.5  300s
 79759 25396  737.64965   38   18  742.22885  722.01419  2.72%  18.6  305s
 83301 25819  736.71615   44    8  742.22885  722.53047  2.65%  18.6  312s
 86039 26122  738.66305   43   39  742.22885  722.89612  2.60%  18.6  321s
 88216 26326     cutoff   51       742.22885  723.17682  2.57%  18.6  325s
 93042 26983     cutoff   41       742.22885  723.76417  2.49%  18.6  330s
 94669 27154     cutoff   41       742.22885  723.89233  2.47%  18.6  336s
 100151 27812  738.65154   48   29  742.22885  724.55362  2.38%  18.5  340s
 105744 28294     cutoff   29       742.22885  725.15785  2.30%  18.5  345s
 110464 28758  727.92430   47   60  742.22885  725.67416  2.23%  18.5  350s
 116504 29015  735.79851   46   26  742.22885  726.34249  2.14%  18.4  355s
 122262 29212     cutoff   47       742.22885  726.89097  2.07%  18.4  366s
 122927 29206  729.99166   42   35  742.22885  726.95999  2.06%  18.4  372s
 125791 29200  734.77131   44   40  742.22885  727.26141  2.02%  18.4  375s
 131021 29119     cutoff   46       742.22885  727.84514  1.94%  18.4  380s
 136815 29114     cutoff   47       742.22885  728.35749  1.87%  18.3  385s
 141943 28864     cutoff   40       742.22885  728.85555  1.80%  18.3  390s
 148065 28543  742.01003   42   14  742.22885  729.40466  1.73%  18.3  395s
 153960 28150     cutoff   51       742.22885  729.90674  1.66%  18.2  400s
 159638 27631     cutoff   40       742.22885  730.42217  1.59%  18.2  405s
 163748 27091     cutoff   36       742.22885  730.79549  1.54%  18.2  410s
 169091 26377  737.76974   39   54  742.22885  731.31678  1.47%  18.1  415s
 174319 25651     cutoff   41       742.22885  731.74708  1.41%  18.1  420s
 178699 24907     cutoff   51       742.22885  732.13410  1.36%  18.0  425s
 183917 23896 infeasible   38       742.22885  732.62744  1.29%  18.0  430s
 189298 22902  736.87685   46   40  742.22885  733.09914  1.23%  17.9  435s
 194414 21599  737.93202   37   34  742.22885  733.57487  1.17%  17.9  440s
 199674 20065     cutoff   41       742.22885  734.06945  1.10%  17.9  445s
 204851 18520  741.83993   47   20  742.22885  734.64214  1.02%  17.8  450s
 209643 16811     cutoff   53       742.22885  735.09837  0.96%  17.8  455s
 215007 14653     cutoff   38       742.22885  735.71460  0.88%  17.7  460s
 220282 12268     cutoff   46       742.22885  736.37211  0.79%  17.7  465s
 225639  9575  741.24687   32   27  742.22885  737.13359  0.69%  17.6  470s
 231035  6264     cutoff   75       742.22885  738.11704  0.55%  17.5  475s
 236628  2160 infeasible   39       742.22885  739.65810  0.35%  17.4  480s

Cutting planes:
  Gomory: 14
  Clique: 1
  MIR: 1
  Flow cover: 1
  Zero half: 10
  Lazy constraints: 3057

Explored 240063 nodes (4144176 simplex iterations) in 482.15 seconds (235.62 work units)
Thread count was 8 (of 16 available processors)

Solution count 3: 742.229 751.193 771.817 

Optimal solution found (tolerance 1.00e-04)
Best objective 7.422288483784e+02, best bound 7.422288483784e+02, gap 0.0000%

User-callback calls 484738, time in user-callback 293.63 sec
### START EXACT APPROACH ###
ProblemVariant: 3
### START PREPROCESSING ###
## Start infeasible path procedure ## 
Deleted arcs: 16
Infeasible tail paths: 0
Infeasible 2-node combinations: 8
## Start extended infeasible path procedure ##
Deleted arcs: 16
Infeasible tail paths: 0
Infeasible 2-node combinations: 8
## Start start solution procedure ##
Start solution with 5 Vehicles and total costs 771.817 in 2.57328 s.
### END PREPROCESSING ###
Route 0 0-7-8-5-4-21-0 : weight util 0.327778 | volume util 0.544978 | feasible with packing heuristic | feasible with CP model
Route 1 0-9-13-11-12-0 : weight util 0.416667 | volume util 0.693400 | infeasible with packing heuristic | feasible with CP model
Route 2 0-10-6-1-2-0 : weight util 0.996444 | volume util 0.456244 | feasible with packing heuristic | feasible with CP model
Route 3 0-14-17-15-16-3-0 : weight util 0.235556 | volume util 0.674356 | infeasible with packing heuristic | feasible with CP model
Route 4 0-18-19-22-20-0 : weight util 0.287778 | volume util 0.492467 | feasible with packing heuristic | feasible with CP model
