
Gurobi 12.0.1 (win64, C++) logging started Sat Apr 19 00:58:51 2025

Set parameter Username
Academic license - for non-commercial use only - expires 2026-01-06
Set parameter Threads to value 8
Set parameter LazyConstraints to value 1
Set parameter PreCrush to value 1
Set parameter Seed to value 10
Set parameter Cuts to value -1
Set parameter TimeLimit to value 28800
Set parameter NumericFocus to value 0
Set parameter SolutionLimit to value 10000
Gurobi Optimizer version 12.0.1 build v12.0.1rc0 (win64 - Windows Server 2022.0 (20348.2))

CPU model: AMD EPYC 7513 32-Core Processor, instruction set [SSE2|AVX|AVX2]
Thread count: 18 physical cores, 18 logical processors, using up to 8 threads

Non-default parameters:
SolutionLimit  10000
TimeLimit  28800
PreCrush  1
Seed  10
Threads  8
LazyConstraints  1

Optimize a model with 862 rows, 1681 columns and 4920 nonzeros
Model fingerprint: 0x877830f5
Variable types: 0 continuous, 1681 integer (1681 binary)
Coefficient statistics:
  Matrix range     [1e+00, 1e+00]
  Objective range  [4e+00, 7e+01]
  Bounds range     [1e+00, 1e+00]
  RHS range        [1e+00, 1e+01]

Warning: Completing partial solution with 1544 unfixed non-continuous variables out of 1681
User MIP start produced solution with objective 1063.77 (0.00s)
Loaded user MIP start with objective 1063.77

Presolve removed 22 rows and 83 columns
Presolve time: 0.01s
Presolved: 840 rows, 1598 columns, 4674 nonzeros
Variable types: 0 continuous, 1598 integer (1598 binary)

Root relaxation: objective 6.350581e+02, 169 iterations, 0.00 seconds (0.00 work units)

    Nodes    |    Current Node    |     Objective Bounds      |     Work
 Expl Unexpl |  Obj  Depth IntInf | Incumbent    BestBd   Gap | It/Node Time

     0     0  635.05813    0    - 1063.77403  635.05813  40.3%     -    0s
     0     0  656.63003    0    8 1063.77403  656.63003  38.3%     -    0s
Warning: Completing partial solution with 1544 unfixed non-continuous variables out of 1681
H    0     0                    1059.1562345  695.13587  34.4%     -    0s
     0     0  695.13587    0   16 1059.15623  695.13587  34.4%     -    0s
     0     0  715.39654    0   12 1059.15623  715.39654  32.5%     -    0s
     0     0  722.41302    0   26 1059.15623  722.41302  31.8%     -    0s
     0     0  729.65432    0   51 1059.15623  729.65432  31.1%     -    0s
     0     0  745.56042    0   63 1059.15623  745.56042  29.6%     -    0s
     0     0  752.98355    0   67 1059.15623  752.98355  28.9%     -    0s
     0     0  760.74227    0   87 1059.15623  760.74227  28.2%     -    0s
     0     0  772.32919    0   74 1059.15623  772.32919  27.1%     -    0s
     0     2  772.32919    0   71 1059.15623  772.32919  27.1%     -    0s
    39    48  808.94575    6  130 1059.15623  787.81255  25.6%   337    6s
    63    72  821.25070    8  147 1059.15623  787.81255  25.6%   445   10s
    95   104  824.76324   11  151 1059.15623  787.81255  25.6%   470   15s
   116   127  823.41912   12  151 1059.15623  787.81255  25.6%   449   20s
   146   159  832.14566   14  151 1059.15623  787.81255  25.6%   415   25s
   182   191  833.57969   22  147 1059.15623  787.81255  25.6%   383   31s
   202   211  834.90072   23  149 1059.15623  787.81255  25.6%   378   35s
   495   504  838.63387   48  142 1059.15623  787.81255  25.6%   238   41s
   998  1055  846.00381  101  127 1059.15623  787.81255  25.6%   160   45s
Warning: Completing partial solution with 1544 unfixed non-continuous variables out of 1681
H 1037  1055                     970.2019140  787.81255  18.8%   157   45s
  2219  2402  859.10953  246   99  970.20191  787.81255  18.8%  91.6   50s
Warning: Completing partial solution with 1544 unfixed non-continuous variables out of 1681
H 3272  2885                     899.1819815  787.81255  12.4%  71.2   54s
  3297  2917  895.92632  421   24  899.18198  787.81255  12.4%  72.3   55s
  3478  3008  859.95492   88   74  899.18198  787.81255  12.4%  76.9  100s
  3480  3009  839.92463   22 1694  899.18198  817.32325  9.10%  76.8  106s
  3482  3011  834.91283   40 1708  899.18198  820.15833  8.79%  76.8  111s
  3484  3012  854.59715   77 1716  899.18198  821.23294  8.67%  76.7  115s
  3487  3014  844.68256  156 1714  899.18198  822.28727  8.55%  76.7  121s
  3489  3015  887.68399   81 1722  899.18198  822.35100  8.54%  76.6  125s
  3492  3017  877.08019  423 1739  899.18198  822.67869  8.51%  76.6  130s
  3495  3019  862.14235  273 1729  899.18198  823.04558  8.47%  76.5  136s
  3498  3021  846.45400  106 1736  899.18198  823.06408  8.47%  76.4  140s
  3500  3023  866.14746  179 1722  899.18198  823.08550  8.46%  76.4  145s
  3551  3082  825.81885   21 1702  899.18198  823.14673  8.46%  83.0  150s
  3869  3293  835.73530   39 1670  899.18198  823.14673  8.46%   105  159s
  3923  3338  836.28153   43 1667  899.18198  823.14673  8.46%   108  160s
  4378  3665  882.02301   68 1462  899.18198  823.14673  8.46%   124  165s
  5279  4063  880.93097  134 1251  899.18198  823.51007  8.42%   131  170s
  5353  4072  891.43949  147  799  899.18198  823.51007  8.42%   132  176s
  5927  4475  838.92473   31 1620  899.18198  823.62249  8.40%   137  180s
Warning: Completing partial solution with 1544 unfixed non-continuous variables out of 1681
H 5972  3850                     871.4992839  823.62249  5.49%   138  180s
  6529  4049  828.58553   23 1688  871.49928  825.58847  5.27%   142  185s
  6981  4254  841.20905   32 1631  871.49928  826.20170  5.20%   148  190s
H 7064  3982                     869.4746478  826.80073  4.91%   149  190s
  7361  4156  867.31244   46 1572  869.47465  826.80073  4.91%   152  196s
  7794  4319  848.01870   32 1678  869.47465  827.13169  4.87%   154  200s
  8338  4522  838.11040   25 1640  869.47465  827.43906  4.83%   156  205s
  8699  4544  863.71002   42 1437  869.47465  828.26897  4.74%   160  211s
  8754  4619  863.05166   43 1442  869.47465  828.26897  4.74%   160  215s
  9241  4867  839.28740   26 1685  869.47465  828.46783  4.72%   162  221s
  9733  4968  862.48701   49 1537  869.47465  828.68884  4.69%   165  225s
 10452  5214  839.97114   23 1533  869.47465  829.17209  4.64%   169  232s
 10740  5291  836.05626   24 1685  869.47465  829.35855  4.61%   169  235s
 11142  5453  843.55606   36 1658  869.47465  829.53534  4.59%   171  240s
 11776  5899  840.83385   22 1636  869.47465  829.70410  4.57%   170  246s
 12489  6157  839.45281   27 1603  869.47465  829.94079  4.55%   169  252s
 12714  6342  837.33785   26 1524  869.47465  829.99248  4.54%   169  256s
 13363  6791  860.49058   43 1346  869.47465  830.17725  4.52%   170  262s
 13617  7093  852.74139   37 1667  869.47465  830.33600  4.50%   171  266s
 14355  7631  851.66892   38 1576  869.47465  830.44112  4.49%   172  273s
 14819  7923  859.93039   84 1240  869.47465  830.54715  4.48%   172  277s
 15333  8229  850.10055   27 1644  869.47465  830.68130  4.46%   172  282s
 15771  8548  838.13396   27 1621  869.47465  830.74997  4.45%   172  287s
 16252  8903  865.72171   41 1465  869.47465  830.82985  4.44%   173  292s
 16759  9169  855.41532   37 1362  869.47465  830.92269  4.43%   174  297s
 17152  9665  857.53032   39 1378  869.47465  831.06631  4.42%   175  302s
 17847  9909  854.70731   36 1631  869.47465  831.22701  4.40%   175  308s
 18237 10234  869.42879   44 1519  869.47465  831.27610  4.39%   176  313s
 18784 10490  839.99432   21 1669  869.47465  831.43518  4.37%   178  319s
 19145 10888  837.21263   27 1667  869.47465  831.43841  4.37%   180  326s
 19724 11232  852.46205   30 1642  869.47465  831.57770  4.36%   182  332s
 20228 11242  852.17035   44 1289  869.47465  831.61959  4.35%   185  341s
 20244 11346  852.74686   45 1304  869.47465  831.61959  4.35%   185  350s
 20459 11834  854.28506   45 1392  869.47465  831.62992  4.35%   185  358s
 21172 12249  858.93157   55 1585  869.47465  831.72450  4.34%   186  366s
 21763 12750  867.45892   47 1342  869.47465  831.80481  4.33%   187  373s
 22518 13404  836.25822   32 1698  869.47465  832.04123  4.31%   188  381s
 23481 13922  847.10487   34 1600  869.47465  832.16220  4.29%   188  390s
 24271 14296 infeasible   40       869.47465  832.30027  4.28%   189  399s
 24854 14700  860.48316   32 1617  869.47465  832.41454  4.26%   190  407s
 25569 15120  840.01606   29 1633  869.47465  832.54697  4.25%   192  415s
 26276 15411  864.00804   38 1567  869.47465  832.58589  4.24%   193  424s
 26733 15928  864.74714   42 1505  869.47465  832.68392  4.23%   194  433s
 27508 16444  842.19789   30 1656  869.47465  832.80620  4.22%   195  442s
 28304 16885  842.28627   30 1606  869.47465  832.93926  4.20%   196  450s
 29051 17135  841.54292   27 1522  869.47465  833.02987  4.19%   196  460s
 29457 17741  837.46307   29 1629  869.47465  833.13449  4.18%   197  468s
 30349 18119  838.03722   32 1645  869.47465  833.22142  4.17%   197  478s
 30923 18560  843.35330   28 1627  869.47465  833.27526  4.16%   197  487s
 31560 18944  852.69997   32 1588  869.47465  833.33028  4.16%   199  496s
 32187 19142  859.22211   31 1678  869.47465  833.35033  4.15%   200  506s
 32583 19538 infeasible   40       869.47465  833.43323  4.15%   201  515s
 33263 19909  846.61277   34 1542  869.47465  833.52067  4.14%   201  524s
 33856 20289  865.25962   38 1647  869.47465  833.60921  4.12%   203  533s
 34490 20532  850.18841   47 1470  869.47465  833.67374  4.12%   204  543s
 34937 21002  845.67357   30 1646  869.47465  833.82236  4.10%   204  554s
 35634 21471  844.52373   33 1674  869.47465  833.92011  4.09%   204  564s
 36385 21812  845.16834   34 1635  869.47465  833.96661  4.08%   204  573s
 37000 22091  842.33877   28 1675  869.47465  834.05295  4.07%   206  583s
 37427 22494  849.16029   36 1689  869.47465  834.09742  4.07%   206  593s
 38087 22830  859.37855   31 1638  869.47465  834.13386  4.06%   207  603s
 38792 23208  845.07057   30 1641  869.47465  834.18442  4.06%   208  612s
 39452 23664  837.99745   28 1650  869.47465  834.27206  4.05%   208  622s
 40153 24075  842.22990   29 1659  869.47465  834.39491  4.03%   209  633s
 40775 24464     cutoff   35       869.47465  834.48730  4.02%   209  644s
 41416 24755  843.36501   35 1577  869.47465  834.54235  4.02%   209  655s
 41858 25211  854.53048   52 1342  869.47465  834.58150  4.01%   209  665s
 42522 25531  866.48801   68 1488  869.47465  834.62981  4.01%   210  675s
 43115 25976  864.58463   36 1626  869.47465  834.66057  4.00%   210  685s
 43837 26321  841.46603   32 1685  869.47465  834.71634  4.00%   211  697s
 44379 26756  850.56226   33 1652  869.47465  834.83336  3.98%   211  707s
 45007 27190  857.33564   32 1651  869.47465  834.85918  3.98%   211  718s
 45669 27431  847.73321   40 1703  869.47465  834.90644  3.98%   212  728s
 46097 27641  843.87774   30 1696  869.47465  834.94653  3.97%   212  741s
 46361 28044     cutoff   44       869.47465  834.94684  3.97%   212  752s
 46976 28469 infeasible   49       869.47465  835.03520  3.96%   213  763s
 47701 28860  855.41793   37 1520  869.47465  835.09320  3.95%   213  774s
 48306 29174  839.98853   30 1710  869.47465  835.14379  3.95%   214  786s
 48849 29517  843.26847   30 1625  869.47465  835.18719  3.94%   214  797s
 49413 29902  853.33805   35 1604  869.47465  835.23871  3.94%   214  808s
 50018 30161  845.02046   32 1595  869.47465  835.28397  3.93%   215  821s
 50434 30597  843.65618   26 1651  869.47465  835.32133  3.93%   215  832s
 51166 31072  844.74690   29 1574  869.47465  835.36218  3.92%   215  844s
 51879 31379  853.78717   46 1570  869.47465  835.45577  3.91%   215  856s
 52402 31779  849.08210   36 1692  869.47465  835.48351  3.91%   215  868s
 53055 32102  856.60475   47 1671  869.47465  835.57772  3.90%   215  879s
 53677 32540  850.08104   28 1661  869.47465  835.62222  3.89%   215  891s
 54358 32898  859.28219   49 1641  869.47465  835.66898  3.89%   216  903s
 54990 33212  845.44462   33 1592  869.47465  835.73548  3.88%   216  915s
 55470 33491  855.46397   27 1660  869.47465  835.77687  3.88%   216  926s
 56143 33863  864.40759   40 1671  869.47465  835.82397  3.87%   216  938s
 56780 34149     cutoff   44       869.47465  835.85662  3.87%   217  950s
 57279 34522  855.52636   45 1593  869.47465  835.89162  3.86%   217  962s
 57947 34774  852.96056   40 1597  869.47465  835.92714  3.86%   217  974s
 58374 35146  841.11824   29 1687  869.47465  835.96880  3.85%   217  986s
 58923 35474  843.93465   33 1253  869.47465  836.01374  3.85%   218  998s
 59459 35785  846.65230   34 1607  869.47465  836.03830  3.85%   218 1010s
 59980 35982  860.66099   46 1140  869.47465  836.08006  3.84%   218 1023s
 60406 36333  847.58669   31 1661  869.47465  836.10429  3.84%   219 1035s
 60961 36681  868.07038   41  982  869.47465  836.14727  3.83%   219 1047s
 61592 36894     cutoff   40       869.47465  836.19524  3.83%   220 1060s
 62046 37257  837.17796   28 1710  869.47465  836.22752  3.82%   220 1073s
 62571 37595     cutoff   53       869.47465  836.25165  3.82%   220 1087s
 63106 37786  842.30471   33 1686  869.47465  836.31007  3.81%   221 1100s
 63464 38194  845.93504   37 1701  869.47465  836.35030  3.81%   221 1113s
 64192 38466  864.46218   39 1479  869.47465  836.38892  3.81%   221 1126s
 64610 38732  852.68064   29 1657  869.47465  836.43600  3.80%   222 1139s
 65182 38929     cutoff   33       869.47465  836.43600  3.80%   222 1152s
 65632 39369  867.39326   43 1676  869.47465  836.43883  3.80%   222 1165s
 66399 39727     cutoff   53       869.47465  836.50766  3.79%   222 1179s
 66992 39980  868.68360   36 1472  869.47465  836.55020  3.79%   222 1193s
 67463 40338  866.87896   58 1509  869.47465  836.59712  3.78%   223 1206s
 68059 40542  848.77183   32 1680  869.47465  836.65189  3.78%   223 1219s
 68459 40821  863.76488   33 1625  869.47465  836.68613  3.77%   223 1234s
 68964 41065  860.46266   40 1476  869.47465  836.71292  3.77%   224 1247s
 69421 41377  868.35062   54 1589  869.47465  836.77991  3.76%   224 1262s
 70089 41539  864.86091   50 1406  869.47465  836.79022  3.76%   224 1279s
 70384 41792     cutoff   56       869.47465  836.81658  3.76%   224 1293s
 70906 42164     cutoff   41       869.47465  836.83399  3.75%   225 1308s
 71577 42395  843.33306   29 1656  869.47465  836.87827  3.75%   225 1322s
 72098 42645  848.05021   34 1557  869.47465  836.90597  3.75%   225 1337s
 72637 42858  858.83513   44 1517  869.47465  836.94618  3.74%   225 1351s
 73058 43171  847.90550   34 1697  869.47465  836.98425  3.74%   226 1365s
 73607 43483  859.73278   47 1564  869.47465  837.00308  3.73%   226 1380s
 74196 43654     cutoff   35       869.47465  837.04915  3.73%   226 1396s
 74566 44055  844.17792   34 1667  869.47465  837.06239  3.73%   227 1411s
 75203 44405  845.72965   35 1568  869.47465  837.06239  3.73%   227 1425s
 75721 44586  868.09301   51 1598  869.47465  837.12249  3.72%   227 1441s
 76150 44961  860.22368   33 1523  869.47465  837.15574  3.72%   227 1455s
 76750 45260  858.09908   32 1687  869.47465  837.19639  3.71%   228 1470s
 77301 45466  869.04366   27 1470  869.47465  837.22381  3.71%   228 1485s
 77684 45758  866.80822   50 1434  869.47465  837.24405  3.71%   228 1500s
 78200 46101     cutoff   39       869.47465  837.26058  3.71%   229 1515s
 78804 46410 infeasible   51       869.47465  837.27312  3.70%   229 1529s
 79419 46467  848.08187   26 1647  869.47465  837.30280  3.70%   229 1547s
 79516 46666  866.89587   38 1347  869.47465  837.30280  3.70%   229 1562s
 79876 47031     cutoff   42       869.47465  837.33677  3.70%   230 1577s
 80485 47378  854.10854   38 1549  869.47465  837.36565  3.69%   230 1592s
 81117 47610  857.92373   39 1597  869.47465  837.39217  3.69%   230 1607s
 81568 47870  865.27839   46 1491  869.47465  837.40334  3.69%   230 1622s
 82106 48101  859.17624   29 1682  869.47465  837.43932  3.68%   230 1637s
 82590 48364  849.83411   32 1605  869.47465  837.46371  3.68%   231 1653s
 83073 48793  848.21321   35 1602  869.47465  837.49260  3.68%   231 1668s
 83762 49145  846.88297   32 1687  869.47465  837.53107  3.67%   231 1684s
 84396 49421  853.64344   35 1405  869.47465  837.55585  3.67%   231 1699s
 84874 49583  840.81521   37 1699  869.47465  837.58037  3.67%   232 1718s
 85167 49842  847.70690   45 1704  869.47465  837.58037  3.67%   232 1734s
 85670 50090 infeasible   30       869.47465  837.62642  3.66%   232 1750s
 86108 50405     cutoff   40       869.47465  837.63852  3.66%   233 1767s
 86722 50627     cutoff   32       869.47465  837.67087  3.66%   233 1784s
 87141 50851     cutoff   43       869.47465  837.68020  3.66%   233 1801s
 87613 51161  856.18875   38 1605  869.47465  837.71609  3.65%   233 1817s
 88169 51425     cutoff   39       869.47465  837.75568  3.65%   234 1834s
 88618 51664  863.82936   44 1287  869.47465  837.77908  3.65%   234 1850s
 89046 52026  868.38710   55 1427  869.47465  837.81223  3.64%   234 1867s
 89620 52347  863.67713   36 1393  869.47465  837.83652  3.64%   235 1884s
 90200 52599  849.85263   35 1686  869.47465  837.85983  3.64%   235 1901s
 90617 52978  854.49620   41 1581  869.47465  837.87113  3.63%   235 1919s
 91240 53193  840.61497   29 1692  869.47465  837.90356  3.63%   235 1937s
 91678 53474  857.96802   28 1440  869.47465  837.93361  3.63%   236 1953s
 92127 53815  865.03560   58  161  869.47465  837.94897  3.63%   236 1970s
 92685 54001  865.67084   41 1511  869.47465  837.98699  3.62%   236 1987s
 93079 54276     cutoff   59       869.47465  838.00691  3.62%   237 2003s
 93518 54637  851.61103   29 1551  869.47465  838.02851  3.62%   237 2021s
 94148 54933     cutoff   38       869.47465  838.06147  3.61%   237 2038s
 94724 55159  855.30323   34 1558  869.47465  838.09207  3.61%   237 2055s
 95238 55370  857.52361   40 1659  869.47465  838.13695  3.60%   237 2072s
 95632 55606  856.85054   38 1654  869.47465  838.15476  3.60%   238 2091s
 96045 55865  857.62148   45 1647  869.47465  838.17248  3.60%   238 2108s
 96543 56233  858.67405   36 1648  869.47465  838.20228  3.60%   238 2126s
 97129 56509  864.82250   37 1543  869.47465  838.22693  3.59%   238 2143s
 97626 56728  854.68189   37 1655  869.47465  838.24479  3.59%   238 2161s
 98114 56946  853.70472   33 1647  869.47465  838.25023  3.59%   239 2178s
 98527 57229  864.12349   39 1608  869.47465  838.28875  3.59%   239 2196s
 99020 57408  860.59975   43 1631  869.47465  838.31208  3.58%   239 2214s
 99555 57583  851.40453   28 1658  869.47465  838.33425  3.58%   240 2231s
 99991 57763  861.48641   34 1555  869.47465  838.33960  3.58%   240 2252s
 100309 58013     cutoff   55       869.47465  838.35913  3.58%   240 2270s
 100922 58342  843.13272   28 1687  869.47465  838.38221  3.58%   240 2288s
 101508 58488  851.19445   36 1707  869.47465  838.40371  3.57%   240 2309s
 101866 58784  862.49685   43 1623  869.47465  838.41590  3.57%   241 2327s
 102438 59051     cutoff   29       869.47465  838.42540  3.57%   241 2345s
 102995 59304  861.84530   37 1657  869.47465  838.45180  3.57%   241 2363s
 103461 59614     cutoff   45       869.47465  838.48454  3.56%   241 2382s
 104024 59872  868.01623   65 1617  869.47465  838.50738  3.56%   241 2400s
 104503 60132  847.09640   32 1660  869.47465  838.51597  3.56%   242 2418s
 105001 60420  863.95292   36 1655  869.47465  838.54137  3.56%   242 2437s
 105640 60696  856.51796   39 1569  869.47465  838.56126  3.56%   242 2456s
 106136 60958  864.07752   43 1271  869.47465  838.58833  3.55%   242 2474s
 106620 61297  846.42489   29 1700  869.47465  838.60033  3.55%   242 2493s
 107200 61588  849.56956   32 1668  869.47465  838.63092  3.55%   243 2515s
 107689 61763  848.59607   38 1620  869.47465  838.65119  3.55%   243 2534s
 108102 61941  860.53997   36 1638  869.47465  838.65953  3.54%   243 2556s
 108386 62175  858.71878   39 1589  869.47465  838.67675  3.54%   243 2576s
 108877 62416  859.90424   37 1576  869.47465  838.69021  3.54%   244 2594s
 109285 62693  848.09881   29 1653  869.47465  838.71077  3.54%   244 2613s
 109821 62906  868.35693   32 1601  869.47465  838.72996  3.54%   244 2632s
 110240 63084  862.38968   36 1689  869.47465  838.75715  3.53%   244 2651s
 110659 63275  851.61157   37 1680  869.47465  838.77954  3.53%   245 2670s
 111037 63505  858.93437   38 1673  869.47465  838.79366  3.53%   245 2690s
 111537 63509  860.43709   34 1692  869.47465  838.81575  3.53%   245 2714s
 111551 63517  865.71267   36 1648  869.47465  838.81575  3.53%   245 2733s
 111559 63684  863.17034   36 1665  869.47465  838.81575  3.53%   245 2752s
 111887 63878  867.34257   35 1639  869.47465  838.84658  3.52%   246 2771s
 112306 64142  851.97707   40 1646  869.47465  838.86956  3.52%   246 2790s
 112741 64414  866.24434   65 1559  869.47465  838.88933  3.52%   246 2812s
 113262 64596  859.56893   42 1633  869.47465  838.90987  3.52%   246 2831s
 113685 64875  865.57954   52 1526  869.47465  838.92360  3.51%   246 2851s
 114194 65112  848.63614   30 1572  869.47465  838.95370  3.51%   246 2871s
 114730 65352  851.85188   31 1660  869.47465  838.97823  3.51%   247 2890s
 115155 65613  849.95270   32 1655  869.47465  838.99584  3.51%   247 2910s
 115636 65970  850.04861   33 1626  869.47465  839.01128  3.50%   247 2930s
 116229 66193     cutoff   51       869.47465  839.03373  3.50%   247 2951s
 116795 66420  843.31854   37 1681  869.47465  839.06043  3.50%   247 2971s
 117273 66684  852.37706   33 1674  869.47465  839.07021  3.50%   247 2992s
 117756 66881     cutoff   36       869.47465  839.08152  3.50%   248 3012s
 118176 66934  850.19187   38 1588  869.47465  839.10001  3.49%   248 3038s
 118256 67079  856.32526   41 1615  869.47465  839.10001  3.49%   248 3059s
 118580 67303  855.83972   33 1497  869.47465  839.11561  3.49%   248 3079s
 118993 67564  866.64768   46 1528  869.47465  839.14378  3.49%   249 3101s
 119559 67831     cutoff   38       869.47465  839.16748  3.49%   249 3121s
 120027 68072  854.36691   36 1627  869.47465  839.17918  3.48%   249 3142s
 120533 68269  860.09554   43 1539  869.47465  839.18839  3.48%   249 3164s
 121041 68492     cutoff   40       869.47465  839.20977  3.48%   250 3186s
 121505 68840  859.35099   37 1526  869.47465  839.24231  3.48%   250 3208s
 122081 69075  854.59828   31 1606  869.47465  839.26446  3.47%   250 3230s
 122475 69300  842.64722   35 1684  869.47465  839.28461  3.47%   250 3252s
 122988 69437  850.67371   46 1688  869.47465  839.30327  3.47%   251 3275s
 123447 69660     cutoff   65       869.47465  839.30864  3.47%   251 3296s
 123880 69970  855.21987   39 1528  869.47465  839.31722  3.47%   251 3318s
 124477 70231  867.71648   45 1579  869.47465  839.36054  3.46%   251 3341s
 125032 70473  859.26602   36 1633  869.47465  839.38514  3.46%   251 3362s
 125459 70772  859.97879   32 1605  869.47465  839.39239  3.46%   252 3384s
 126004 70969  860.46228   30 1569  869.47465  839.40293  3.46%   252 3405s
 126477 71298  853.49893   34 1598  869.47465  839.43646  3.45%   252 3428s
 127005 71545  851.75012   31 1677  869.47465  839.44407  3.45%   252 3451s
 127446 71881  845.05271   35 1620  869.47465  839.46055  3.45%   252 3474s
 128013 72088  861.06836   52 1349  869.47465  839.47442  3.45%   253 3496s
 128448 72321     cutoff   42       869.47465  839.49420  3.45%   253 3517s
 128895 72615  869.03998   48 1291  869.47465  839.51266  3.45%   253 3540s
 129469 72877  861.03116   37 1561  869.47465  839.53177  3.44%   253 3563s
 130074 73037     cutoff   35       869.47465  839.55282  3.44%   253 3586s
 130530 73217  854.58711   38 1632  869.47465  839.56578  3.44%   253 3608s
 130948 73427  867.52071   43 1610  869.47465  839.58676  3.44%   254 3631s
 131422 73624  841.50866   33 1673  869.47465  839.61041  3.43%   254 3653s
 131845 73963  868.96256   50 1570  869.47465  839.62157  3.43%   254 3676s
 132451 74267  856.28830   48 1657  869.47465  839.63113  3.43%   254 3699s
 133005 74582  867.90478   45 1497  869.47465  839.65216  3.43%   254 3722s
 133633 74864  861.82416   53 1576  869.47465  839.67782  3.43%   254 3744s
 134135 74993     cutoff   40       869.47465  839.69920  3.42%   255 3769s
 134377 74993     cutoff   50       869.47465  839.69920  3.42%   255 3770s
 134456 75233  848.93414   36 1683  869.47465  839.70584  3.42%   255 3792s
 134906 75496  863.79055   52 1604  869.47465  839.70978  3.42%   255 3816s
 135529 75714  849.91602   31 1600  869.47465  839.73854  3.42%   255 3838s
 135981 75963  857.83102   34 1675  869.47465  839.76104  3.42%   255 3862s
 136488 76216  861.44269   42 1526  869.47465  839.76798  3.42%   256 3883s
 136928 76512  866.46816   44 1617  869.47465  839.78728  3.41%   256 3907s
 137527 76748  866.11106   42 1587  869.47465  839.80703  3.41%   256 3930s
 138005 76949     cutoff   38       869.47465  839.82692  3.41%   256 3957s
 138391 77293  846.12373   24 1618  869.47465  839.83515  3.41%   256 3982s
 138998 77496  845.21014   31 1674  869.47465  839.85448  3.41%   256 4005s
 139447 77678  858.92602   40 1678  869.47465  839.86353  3.41%   256 4029s
 140005 77905  845.12240   35 1649  869.47465  839.88941  3.40%   256 4052s
 140419 78199  862.13497   51 1557  869.47465  839.89952  3.40%   257 4076s
 140931 78373  849.50110   38 1674  869.47465  839.92665  3.40%   257 4099s
 141354 78619  852.71667   36 1610  869.47465  839.94098  3.40%   257 4122s
 141831 78914  851.18859   33 1671  869.47465  839.96518  3.39%   257 4146s
 142378 79150  850.69775   33 1616  869.47465  839.97766  3.39%   257 4170s
 142804 79353     cutoff   54       869.47465  839.98681  3.39%   258 4194s
 142925 79353  847.29402   25 1501  869.47465  839.99261  3.39%   258 4195s
 143313 79538  846.33566   28 1691  869.47465  840.00264  3.39%   258 4218s
 143746 79873  851.46632   30 1697  869.47465  840.02214  3.39%   258 4243s
 144313 80141  859.49759   38 1687  869.47465  840.03652  3.39%   258 4268s
 144897 80369  867.59253   45 1618  869.47465  840.06452  3.38%   258 4292s
 145365 80657  848.94060   30 1642  869.47465  840.07825  3.38%   258 4319s
 145887 80959  855.95701   36 1627  869.47465  840.09308  3.38%   258 4344s
 146445 81192  850.77061   38 1688  869.47465  840.11574  3.38%   259 4368s
 146873 81477  847.73629   42 1696  869.47465  840.12127  3.38%   259 4393s
H146979 67881                     863.2660163  840.12127  2.68%   259 4393s
 147417 67827  860.52366   37 1656  863.26602  840.14129  2.68%   259 4424s
 147429 67883     cutoff   38       863.26602  840.14129  2.68%   259 4449s
 147596 68052     cutoff   39       863.26602  840.14129  2.68%   259 4474s
 148004 68220     cutoff   35       863.26602  840.14151  2.68%   259 4498s
 148442 68393  855.34214   38 1536  863.26602  840.18234  2.67%   259 4523s
 148844 68557  852.75987   34 1652  863.26602  840.19456  2.67%   260 4548s
 149293 68711  856.21571   39 1638  863.26602  840.20669  2.67%   260 4573s
 149738 68909  845.26416   36 1693  863.26602  840.22017  2.67%   260 4598s
 150209 69045  853.04098   41 1704  863.26602  840.24975  2.67%   260 4623s
 150690 69202  851.71922   42 1690  863.26602  840.26153  2.66%   260 4649s
 151130 69336  861.70558   51  870  863.26602  840.27613  2.66%   261 4674s
 151584 69503  852.06423   25 1680  863.26602  840.29522  2.66%   261 4700s
 152085 69672  850.54947   32 1681  863.26602  840.30987  2.66%   261 4726s
 152468 69810 infeasible   37       863.26602  840.32533  2.66%   261 4751s
 152911 69975  859.26436   38 1606  863.26602  840.34408  2.66%   262 4778s
 153362 70135  847.78439   32 1529  863.26602  840.35985  2.65%   262 4804s
 153810 70299  861.57414   36 1676  863.26602  840.38537  2.65%   262 4830s
 154272 70475  851.59221   42 1643  863.26602  840.39527  2.65%   262 4856s
 154734 70689  847.51834   32 1586  863.26602  840.41925  2.65%   262 4882s
 155275 70821     cutoff   40       863.26602  840.43192  2.65%   262 4908s
 155670 70895  853.43990   40 1568  863.26602  840.44806  2.64%   263 4934s
 155785 70895  852.99885   37 1647  863.26602  840.44806  2.64%   263 4935s
 156119 71027     cutoff   33       863.26602  840.46545  2.64%   263 4961s
 156535 71231  842.07594   31 1671  863.26602  840.48645  2.64%   263 4988s
 157004 71401  861.72523   40 1544  863.26602  840.50156  2.64%   263 5015s
 157548 71574 infeasible   41       863.26602  840.52804  2.63%   264 5041s
 157952 71712  853.28213   28 1650  863.26602  840.54777  2.63%   264 5067s
 158388 71844  853.44079   37 1652  863.26602  840.55709  2.63%   264 5094s
 158845 72035  857.67492   35 1707  863.26602  840.59119  2.63%   264 5121s
 159347 72212  855.93095   40 1531  863.26602  840.60483  2.63%   264 5149s
 159803 72217  842.56701   28 1711  863.26602  840.62428  2.62%   265 5187s
 159824 72322  843.71395   29 1712  863.26602  840.62428  2.62%   265 5214s
 160067 72485  851.67526   35 1648  863.26602  840.62718  2.62%   265 5242s
 160507 72697  852.95435   36 1591  863.26602  840.65394  2.62%   265 5270s
 160967 72875  844.65451   33 1687  863.26602  840.67268  2.62%   265 5299s
 161449 73055  846.44329   32 1679  863.26602  840.68807  2.62%   265 5326s
 161891 73260  862.23393   35 1636  863.26602  840.70255  2.61%   265 5354s
 162393 73427  862.65865   38 1634  863.26602  840.71595  2.61%   265 5381s
 162894 73588  855.68470   37 1685  863.26602  840.73200  2.61%   266 5409s
 163326 73727     cutoff   35       863.26602  840.74367  2.61%   266 5436s
 163839 73907  855.23545   41 1615  863.26602  840.75312  2.61%   266 5463s
 164298 74080  848.47887   38 1694  863.26602  840.76365  2.61%   266 5490s
 164771 74236  859.60536   43 1607  863.26602  840.76909  2.61%   266 5518s
 165222 74406  852.28094   36 1667  863.26602  840.80173  2.60%   266 5546s
 165651 74564     cutoff   39       863.26602  840.81354  2.60%   267 5573s
 166080 74708  862.68438   46 1659  863.26602  840.83806  2.60%   267 5601s
 166696 74853     cutoff   36       863.26602  840.84671  2.60%   267 5628s
 167169 75036  861.29631   48 1695  863.26602  840.86347  2.60%   267 5656s
 167719 75179  850.63090   25 1683  863.26602  840.87741  2.59%   267 5684s
 168147 75330  862.65936   49 1401  863.26602  840.89530  2.59%   268 5713s
 168636 75563  852.58593   38 1671  863.26602  840.90765  2.59%   268 5741s
 169114 75709  857.82369   43 1615  863.26602  840.92394  2.59%   268 5769s
 169519 75709  861.84735   56 1320  863.26602  840.94097  2.59%   268 5770s
 169566 75897  855.30426   39 1649  863.26602  840.94097  2.59%   268 5797s
 170048 76082  862.33390   51 1665  863.26602  840.96340  2.58%   268 5825s
 170446 76249  860.15994   45 1585  863.26602  840.97811  2.58%   269 5854s
 170917 76465     cutoff   33       863.26602  840.98742  2.58%   269 5882s
 171384 76673  850.38060   36 1670  863.26602  841.01065  2.58%   269 5910s
 171795 76826  851.63996   34 1657  863.26602  841.02073  2.58%   269 5938s
 172251 76999  846.60588   31 1701  863.26602  841.03732  2.57%   269 5967s
 172683 77110  859.20523   38 1576  863.26602  841.04224  2.57%   270 5996s
 173104 77333     cutoff   36       863.26602  841.06695  2.57%   270 6025s
 173557 77500  847.56939   37 1684  863.26602  841.08031  2.57%   270 6053s
 173985 77664  862.80201   47 1651  863.26602  841.09471  2.57%   270 6081s
 174454 77842  853.94740   34 1675  863.26602  841.12043  2.57%   270 6110s
 174858 78011  850.80855   38 1539  863.26602  841.13074  2.56%   271 6140s
 175390 78167 infeasible   42       863.26602  841.13241  2.56%   271 6169s
 175792 78167     cutoff   45       863.26602  841.13313  2.56%   271 6170s
 175889 78329  862.70430   44 1679  863.26602  841.14612  2.56%   271 6199s
 176333 78475  849.57651   24 1605  863.26602  841.17122  2.56%   271 6229s
 176789 78654     cutoff   38       863.26602  841.19281  2.56%   271 6258s
 177256 78768  862.33695   50 1600  863.26602  841.19666  2.56%   272 6288s
 177759 78919  846.79654   33 1703  863.26602  841.21176  2.55%   272 6317s
 178185 79135     cutoff   42       863.26602  841.22609  2.55%   272 6347s
 178700 79264  850.59556   29 1690  863.26602  841.23929  2.55%   272 6377s
 179155 79439  854.95555   46 1540  863.26602  841.25809  2.55%   272 6406s
 179607 79588  861.06020   34 1610  863.26602  841.28654  2.55%   272 6436s
 180068 79731  847.26411   36 1664  863.26602  841.28654  2.55%   273 6465s
 180497 79869  863.17111   36 1602  863.26602  841.31333  2.54%   273 6495s
 180987 80021  852.44889   41 1680  863.26602  841.31934  2.54%   273 6525s
 181414 80225  854.23640   39 1364  863.26602  841.33329  2.54%   273 6554s
 181917 80408  859.82118   48 1593  863.26602  841.34865  2.54%   273 6585s
 182380 80538  859.39649   42 1646  863.26602  841.36614  2.54%   274 6614s
 182794 80708  852.03828   35 1720  863.26602  841.37876  2.54%   274 6644s
 183211 80854  856.34874   37 1654  863.26602  841.38961  2.53%   274 6674s
 183624 81009  856.77831   42 1580  863.26602  841.40544  2.53%   274 6704s
 184105 81168  857.17923   37 1689  863.26602  841.41689  2.53%   274 6735s
 184570 81359  852.96353   34 1659  863.26602  841.43447  2.53%   275 6765s
 185011 81527     cutoff   40       863.26602  841.43875  2.53%   275 6795s
 185457 81668 infeasible   48       863.26602  841.46598  2.53%   275 6825s
 185912 81846  853.73297   31 1556  863.26602  841.48381  2.52%   275 6857s
 186337 82010  860.32765   41 1106  863.26602  841.49703  2.52%   275 6887s
 186769 82145  853.51644   44 1628  863.26602  841.50822  2.52%   276 6921s
 187123 82322  861.43631   37 1428  863.26602  841.51907  2.52%   276 6952s
 187574 82498     cutoff   47       863.26602  841.52625  2.52%   276 6983s
 188059 82651  851.36538   39 1394  863.26602  841.54708  2.52%   276 7014s
 188531 82814     cutoff   35       863.26602  841.56468  2.51%   276 7044s
 188945 82980  857.05040   38 1588  863.26602  841.58427  2.51%   276 7075s
 189408 83121  855.54656   35 1636  863.26602  841.59949  2.51%   277 7106s
 189865 83257  858.05362   39 1593  863.26602  841.61405  2.51%   277 7137s
 190267 83410  854.61779   35 1641  863.26602  841.63201  2.51%   277 7168s
 190707 83587     cutoff   41       863.26602  841.64118  2.51%   277 7198s
 191193 83768  844.98805   35 1703  863.26602  841.65517  2.50%   277 7229s
 191680 83942  860.43882   36 1640  863.26602  841.65843  2.50%   277 7261s
 192170 84064  858.19985   28 1626  863.26602  841.68210  2.50%   278 7296s
 192566 84229  856.03865   36 1663  863.26602  841.69529  2.50%   278 7327s
 193022 84376  847.88593   38 1692  863.26602  841.71170  2.50%   278 7359s
 193524 84594     cutoff   39       863.26602  841.72540  2.50%   278 7390s
 194010 84751  849.18076   39 1654  863.26602  841.75022  2.49%   278 7421s
 194472 84900     cutoff   41       863.26602  841.76297  2.49%   278 7453s
 194935 85013  854.36149   35 1581  863.26602  841.78109  2.49%   278 7485s
 195508 85140  849.45683   30 1684  863.26602  841.79973  2.49%   278 7518s
 195997 85272     cutoff   47       863.26602  841.81485  2.48%   279 7550s
 196468 85456  847.72183   26 1569  863.26602  841.83877  2.48%   279 7581s
 196957 85617  861.80857   41 1441  863.26602  841.85668  2.48%   279 7613s
 197475 85759     cutoff   38       863.26602  841.87102  2.48%   279 7646s
 197924 85912  857.59941   41 1552  863.26602  841.88904  2.48%   279 7682s
 198280 86071  849.74765   40 1522  863.26602  841.90863  2.47%   279 7716s
 198786 86195  862.03569   47 1329  863.26602  841.91852  2.47%   279 7749s
 199236 86354  853.25989   37 1558  863.26602  841.93312  2.47%   280 7781s
 199731 86481  862.57632   46 1551  863.26602  841.95241  2.47%   280 7814s
 200147 86607  855.73575   38 1453  863.26602  841.95729  2.47%   280 7847s
 200547 86770  857.65289   30 1517  863.26602  841.98188  2.47%   280 7883s
 201004 86893  861.35312   39 1639  863.26602  841.99008  2.46%   280 7915s
 201439 87047  856.27572   33 1681  863.26602  842.00703  2.46%   280 7948s
 201900 87187     cutoff   42       863.26602  842.02355  2.46%   281 7981s
 202371 87367  851.31610   36 1549  863.26602  842.03932  2.46%   281 8014s
 202841 87548     cutoff   34       863.26602  842.05822  2.46%   281 8047s
 203279 87706  857.63236   42 1615  863.26602  842.07104  2.46%   281 8081s
 203693 87815  861.31038   46 1499  863.26602  842.07808  2.45%   281 8115s
 204110 87944  859.80160   39 1673  863.26602  842.09477  2.45%   281 8147s
 204534 88058  853.99943   35 1676  863.26602  842.10675  2.45%   282 8179s
 204687 88058  847.21017   32 1646  863.26602  842.11043  2.45%   282 8180s
 204968 88199  859.77514   41 1433  863.26602  842.11548  2.45%   282 8214s
 205491 88320     cutoff   41       863.26602  842.13200  2.45%   282 8247s
 205962 88461     cutoff   34       863.26602  842.14054  2.45%   282 8283s
 206292 88580  858.17196   43 1256  863.26602  842.15023  2.45%   282 8316s
 206706 88738  856.96231   38 1510  863.26602  842.16306  2.44%   282 8349s
 207158 88919  858.79353   33 1618  863.26602  842.17910  2.44%   283 8382s
 207630 89073  853.08857   41 1482  863.26602  842.19262  2.44%   283 8415s
 208101 89195  859.32154   31 1693  863.26602  842.19860  2.44%   283 8448s
 208585 89268  849.53009   35 1609  863.26602  842.21335  2.44%   283 8483s
 209061 89379  852.09879   34 1657  863.26602  842.22590  2.44%   283 8520s
 209462 89528     cutoff   35       863.26602  842.23815  2.44%   283 8554s
 209941 89673  854.17185   41 1625  863.26602  842.25382  2.43%   283 8589s
 210408 89800  858.72710   42 1559  863.26602  842.26535  2.43%   284 8623s
 210858 89947  849.55691   32 1679  863.26602  842.28255  2.43%   284 8657s
 211322 90082  852.74729   36 1600  863.26602  842.29513  2.43%   284 8692s
 211790 90278  855.12340   37 1588  863.26602  842.31523  2.43%   284 8726s
 212294 90422     cutoff   37       863.26602  842.33298  2.42%   284 8761s
 212741 90553  860.14474   36 1526  863.26602  842.34620  2.42%   284 8796s
 213266 90693  859.57619   44 1657  863.26602  842.35898  2.42%   284 8831s
 213768 90798     cutoff   34       863.26602  842.37766  2.42%   284 8866s
 214176 90937     cutoff   34       863.26602  842.38589  2.42%   285 8901s
 214633 91062  852.44792   38 1607  863.26602  842.39595  2.42%   285 8938s
 215073 91191  854.62285   43 1545  863.26602  842.41310  2.42%   285 8972s
 215532 91358  853.26364   44 1622  863.26602  842.41970  2.41%   285 9006s
 216038 91503     cutoff   44       863.26602  842.43091  2.41%   285 9042s
 216547 91645     cutoff   38       863.26602  842.44795  2.41%   285 9079s
 216987 91771  862.41728   44 1687  863.26602  842.46340  2.41%   285 9114s
 217445 91922  861.37438   47 1695  863.26602  842.47183  2.41%   285 9152s
 217880 91989  860.20435   37 1599  863.26602  842.48853  2.41%   286 9192s
 218101 92013  863.18112   46 1706  863.26602  842.49126  2.41%   286 9226s
 218169 92153  861.34835   37 1324  863.26602  842.49483  2.41%   286 9261s
 218651 92293  855.28115   42 1390  863.26602  842.50474  2.40%   286 9297s
 219141 92440     cutoff   35       863.26602  842.51614  2.40%   286 9334s
 219542 92596     cutoff   40       863.26602  842.53107  2.40%   286 9369s
 219969 92774  857.36877   37 1577  863.26602  842.54128  2.40%   286 9404s
 220450 92890  849.32669   41 1707  863.26602  842.55185  2.40%   286 9443s
 220820 93006  862.69007   45 1219  863.26602  842.56663  2.40%   287 9479s
 221321 93131     cutoff   41       863.26602  842.58114  2.40%   287 9515s
 221763 93245     cutoff   36       863.26602  842.58943  2.40%   287 9552s
 222204 93362  853.76509   43 1692  863.26602  842.60109  2.39%   287 9587s
 222653 93488  859.01874   39 1623  863.26602  842.61511  2.39%   287 9623s
 223130 93568  852.86853   39 1655  863.26602  842.62253  2.39%   287 9659s
 223572 93718     cutoff   39       863.26602  842.62755  2.39%   288 9696s
 224045 93799  862.11246   42 1606  863.26602  842.64176  2.39%   288 9733s
 224537 93936  848.08368   38 1672  863.26602  842.64723  2.39%   288 9770s
 225015 94019  848.01237   34 1571  863.26602  842.65955  2.39%   288 9809s
 225289 94019  854.08047   33 1527  863.26602  842.66924  2.39%   288 9846s
 225303 94025  855.30522   34 1492  863.26602  842.66924  2.39%   288 9883s
 225313 94063  856.42130   35 1484  863.26602  842.67125  2.39%   288 9920s
 225451 94184  857.89141   36 1479  863.26602  842.67209  2.39%   288 9958s
 225748 94354  851.82227   38 1698  863.26602  842.67643  2.39%   288 9994s
 226210 94494  858.72772   42 1661  863.26602  842.69462  2.38%   288 10030s
 226683 94626     cutoff   38       863.26602  842.70457  2.38%   288 10068s
 227140 94764  861.92770   38 1422  863.26602  842.72250  2.38%   289 10105s
 227631 94897  848.44511   30 1694  863.26602  842.74578  2.38%   289 10143s
 228130 95060     cutoff   46       863.26602  842.74825  2.38%   289 10182s
 228633 95250  859.27278   31 1683  863.26602  842.76521  2.37%   289 10219s
 228689 95250  849.47943   32 1668  863.26602  842.76600  2.37%   289 10220s
 229094 95432     cutoff   36       863.26602  842.78138  2.37%   289 10257s
 229593 95537  850.31247   38 1630  863.26602  842.79896  2.37%   289 10296s
 230033 95690     cutoff   30       863.26602  842.81055  2.37%   289 10335s
 230493 95825  858.34528   32 1526  863.26602  842.81636  2.37%   290 10372s
 230996 95986     cutoff   39       863.26602  842.83469  2.37%   290 10410s
 231457 96123  857.82220   41 1622  863.26602  842.84369  2.37%   290 10448s
 231947 96238     cutoff   40       863.26602  842.85355  2.36%   290 10487s
 232497 96417     cutoff   37       863.26602  842.86610  2.36%   290 10525s
 232942 96560  856.65730   35 1628  863.26602  842.88286  2.36%   290 10563s
 233389 96655  862.25216   39 1666  863.26602  842.89167  2.36%   290 10601s
 233876 96811  850.91355   28 1707  863.26602  842.90845  2.36%   290 10639s
 234316 96919  859.96195   44 1460  863.26602  842.91659  2.36%   290 10678s
 234785 97051  848.05921   35 1687  863.26602  842.94198  2.35%   291 10717s
 235293 97199  860.19749   44 1429  863.26602  842.95514  2.35%   291 10755s
 235715 97350     cutoff   37       863.26602  842.96567  2.35%   291 10794s
 236180 97506  851.56294   33 1680  863.26602  842.98352  2.35%   291 10832s
 236606 97687  857.93013   46 1637  863.26602  842.99278  2.35%   291 10870s
 237062 97837  857.27199   40 1501  863.26602  843.00683  2.35%   291 10908s
 237525 97995  858.02736   34 1683  863.26602  843.01743  2.35%   292 10946s
 238009 98142  860.82401   45 1624  863.26602  843.03217  2.34%   292 10986s
 238519 98308  850.70083   32 1687  863.26602  843.04975  2.34%   292 11023s
 238981 98442  847.80689   32 1722  863.26602  843.05957  2.34%   292 11062s
 239422 98599  859.49953   32 1596  863.26602  843.06752  2.34%   292 11101s
 239870 98729  856.63238   49 1665  863.26602  843.08048  2.34%   292 11142s
 240346 98864  851.07462   39 1639  863.26602  843.09076  2.34%   292 11181s
 240820 98993  860.32382   31 1619  863.26602  843.10426  2.34%   292 11220s
 241243 99131  861.13241   44 1547  863.26602  843.11842  2.33%   293 11260s
 241690 99266  853.53320   31 1571  863.26602  843.13413  2.33%   293 11299s
 242141 99400  855.99548   38 1613  863.26602  843.15169  2.33%   293 11338s
 242641 99560  859.35403   45 1649  863.26602  843.16806  2.33%   293 11377s
 243128 99705  845.89284   25 1701  863.26602  843.18112  2.33%   293 11417s
 243607 99854  851.68559   42 1637  863.26602  843.19537  2.32%   293 11457s
 244076 99999  848.52540   35 1681  863.26602  843.21026  2.32%   293 11497s
 244531 100153  859.89278   43 1642  863.26602  843.22462  2.32%   293 11537s
 245030 100320  852.04560   37 1650  863.26602  843.23962  2.32%   294 11576s
 245513 100491  856.27547   36 1545  863.26602  843.24920  2.32%   294 11615s
 245992 100668  862.09318   31 1662  863.26602  843.25966  2.32%   294 11655s
 246491 100822  854.17590   38 1708  863.26602  843.27134  2.32%   294 11694s
 246985 101004  853.16552   42 1680  863.26602  843.28315  2.31%   294 11734s
 247501 101143  858.50023   44 1665  863.26602  843.30218  2.31%   294 11775s
 248026 101279     cutoff   34       863.26602  843.31125  2.31%   294 11816s
 248504 101430     cutoff   42       863.26602  843.33204  2.31%   294 11857s
 248971 101494  853.25880   31 1669  863.26602  843.34257  2.31%   294 11897s
 249430 101632  856.75420   45 1444  863.26602  843.35264  2.31%   295 11937s
 249884 101750  860.38804   45 1654  863.26602  843.36820  2.30%   295 11977s
 250412 101884     cutoff   45       863.26602  843.37758  2.30%   295 12019s
 250894 102020  861.86482   37 1624  863.26602  843.38705  2.30%   295 12059s
 251343 102135  860.41960   51 1696  863.26602  843.39763  2.30%   295 12101s
 251804 102253  855.65865   32 1552  863.26602  843.40946  2.30%   295 12143s
 252252 102401     cutoff   47       863.26602  843.42659  2.30%   295 12183s
 252750 102559  860.53030   40 1379  863.26602  843.43460  2.30%   295 12227s
 253244 102696     cutoff   44       863.26602  843.44890  2.30%   295 12269s
 253680 102859  859.62757   41 1661  863.26602  843.46247  2.29%   296 12310s
 254141 102974  853.83603   31 1473  863.26602  843.47394  2.29%   296 12351s
 254652 103075  859.75369   40 1658  863.26602  843.48677  2.29%   296 12392s
 255135 103196  862.78445   29 1530  863.26602  843.50122  2.29%   296 12433s
 255591 103358  862.56354   43 1549  863.26602  843.51594  2.29%   296 12474s
 256016 103439     cutoff   35       863.26602  843.52606  2.29%   296 12516s
 256578 103559  862.85844   44 1618  863.26602  843.53270  2.29%   296 12556s
 257053 103710  861.10151   44 1431  863.26602  843.54525  2.28%   296 12598s
 257558 103862  852.98177   36 1625  863.26602  843.55783  2.28%   296 12639s
 257988 103991  863.17249   41 1463  863.26602  843.56968  2.28%   297 12680s
 258444 104159     cutoff   40       863.26602  843.57941  2.28%   297 12722s
 258953 104288  856.28611   37 1656  863.26602  843.59523  2.28%   297 12763s
 259419 104431  848.19262   34 1694  863.26602  843.60911  2.28%   297 12803s
 259891 104581  861.50403   39 1538  863.26602  843.61541  2.28%   297 12845s
 260353 104728  854.22440   46 1707  863.26602  843.62689  2.27%   297 12886s
 260804 104838  861.53323   40 1639  863.26602  843.63686  2.27%   297 12928s
 261248 104987     cutoff   39       863.26602  843.65330  2.27%   297 12970s
 261742 105124  857.24948   39 1601  863.26602  843.66488  2.27%   297 13011s
 262233 105233  860.23183   42 1675  863.26602  843.67797  2.27%   298 13054s
 262669 105342  854.28321   33 1689  863.26602  843.68793  2.27%   298 13098s
 263108 105471 infeasible   42       863.26602  843.69669  2.27%   298 13139s
 263585 105628  861.74342   34 1507  863.26602  843.71377  2.26%   298 13181s
 264032 105764     cutoff   38       863.26602  843.71775  2.26%   298 13223s
 264512 105887  852.61471   42 1665  863.26602  843.72982  2.26%   298 13265s
 265076 106017  848.07488   29 1662  863.26602  843.73904  2.26%   298 13306s
 265554 106182  853.19866   35 1620  863.26602  843.74712  2.26%   298 13348s
 266053 106340  855.68315   40 1709  863.26602  843.75821  2.26%   298 13390s
 266525 106437  851.27867   45 1680  863.26602  843.76338  2.26%   298 13433s
 266982 106440  859.04483   40 1542  863.26602  843.77724  2.26%   299 13482s
 266995 106441  861.16017   41 1416  863.26602  843.77825  2.26%   299 13525s
 267009 106506  861.16017   42 1416  863.26602  843.77825  2.26%   299 13570s
 267171 106630  862.33820   43 1398  863.26602  843.77979  2.26%   299 13614s
 267547 106753  855.43300   34 1649  863.26602  843.78341  2.26%   299 13657s
 267968 106886     cutoff   46       863.26602  843.79329  2.26%   299 13701s
 268408 107028  854.92248   35 1608  863.26602  843.81132  2.25%   299 13745s
 268899 107102     cutoff   48       863.26602  843.82390  2.25%   299 13789s
 269403 107289  851.15392   44 1695  863.26602  843.83719  2.25%   299 13833s
 269896 107406  851.42797   38 1683  863.26602  843.84367  2.25%   299 13876s
 270333 107530  854.43762   39 1497  863.26602  843.85779  2.25%   299 13920s
 270770 107661  857.42615   44 1665  863.26602  843.87337  2.25%   299 13963s
 271223 107795  850.52505   36 1702  863.26602  843.87989  2.25%   300 14007s
 271686 107907  862.30990   44 1699  863.26602  843.89167  2.24%   300 14051s
 272144 108065  855.94324   37 1691  863.26602  843.90224  2.24%   300 14097s
 272627 108193  853.02791   37 1544  863.26602  843.91101  2.24%   300 14141s
 273119 108299  861.94023   38 1653  863.26602  843.92003  2.24%   300 14185s
 273566 108431  857.20687   45 1678  863.26602  843.93165  2.24%   300 14229s
 274022 108597  855.90604   34 1611  863.26602  843.93991  2.24%   300 14273s
 274526 108723  857.12889   37 1556  863.26602  843.94372  2.24%   300 14318s
 274995 108881  854.60161   40 1673  863.26602  843.95988  2.24%   300 14362s
 275497 109014  859.58324   35 1669  863.26602  843.97126  2.24%   300 14408s
 276004 109146  858.85146   40 1634  863.26602  843.98387  2.23%   300 14453s
 276495 109267  861.04515   39 1626  863.26602  843.99925  2.23%   301 14501s
 276978 109390  852.49660   37 1637  863.26602  844.00890  2.23%   301 14546s
 277446 109540     cutoff   42       863.26602  844.03067  2.23%   301 14591s
 277870 109651  861.60697   49 1557  863.26602  844.03687  2.23%   301 14636s
 278349 109785  848.81525   39 1694  863.26602  844.05244  2.23%   301 14682s
 278826 109927  860.64188   54 1607  863.26602  844.06756  2.22%   301 14729s
 279285 110061  851.14728   39 1709  863.26602  844.07991  2.22%   301 14775s
 279758 110149  850.61470   28 1661  863.26602  844.09135  2.22%   301 14821s
 280193 110280     cutoff   34       863.26602  844.09910  2.22%   302 14867s
 280646 110384  855.05813   36 1649  863.26602  844.10844  2.22%   302 14915s
 281152 110497  857.38803   42 1524  863.26602  844.12309  2.22%   302 14962s
 281604 110632  853.32318   32 1648  863.26602  844.13838  2.22%   302 15011s
 282076 110750  863.22791   44 1587  863.26602  844.14892  2.21%   302 15057s
 282565 110852  861.54483   31 1664  863.26602  844.15945  2.21%   302 15105s
 283039 111006  853.07059   39 1676  863.26602  844.17201  2.21%   302 15149s
 283509 111131  862.58361   45 1649  863.26602  844.17343  2.21%   302 15193s
 284013 111237  859.18704   43 1575  863.26602  844.18765  2.21%   302 15239s
 284471 111366  852.87412   31 1639  863.26602  844.20089  2.21%   302 15284s
 284942 111505  859.49150   30 1467  863.26602  844.21192  2.21%   303 15329s
 285400 111601     cutoff   41       863.26602  844.21961  2.21%   303 15375s
 285849 111746  849.78463   31 1683  863.26602  844.23616  2.20%   303 15423s
 286295 111889  849.42408   34 1514  863.26602  844.24216  2.20%   303 15469s
 286730 112046  856.00087   37 1645  863.26602  844.25228  2.20%   303 15515s
 287256 112153  850.63227   38 1579  863.26602  844.26182  2.20%   303 15561s
 287739 112258     cutoff   41       863.26602  844.26976  2.20%   303 15606s
 288247 112414  848.47225   35 1662  863.26602  844.28515  2.20%   303 15657s
 288759 112573  850.21327   34 1653  863.26602  844.29517  2.20%   303 15702s
 289234 112714  851.49501   37 1705  863.26602  844.30882  2.20%   303 15748s
 289670 112787  861.63908   44 1685  863.26602  844.31939  2.19%   304 15797s
 290051 112920  861.66411   41 1644  863.26602  844.32949  2.19%   304 15843s
 290499 113012  845.61626   26 1672  863.26602  844.34513  2.19%   304 15891s
 290900 113090  855.26718   36 1572  863.26602  844.34996  2.19%   304 15939s
 291367 113236  849.11191   35 1716  863.26602  844.36659  2.19%   304 15986s
 291890 113361     cutoff   49       863.26602  844.37646  2.19%   304 16034s
 292397 113478  848.83664   32 1605  863.26602  844.38686  2.19%   304 16081s
 292850 113652  860.51811   29 1652  863.26602  844.39773  2.19%   304 16127s
 293346 113779  861.63545   35 1626  863.26602  844.41109  2.18%   304 16173s
 293832 113879  861.11100   42 1655  863.26602  844.41571  2.18%   304 16220s
 294312 113942  858.57405   33 1687  863.26602  844.42954  2.18%   304 16267s
 294743 114072  859.70771   38 1614  863.26602  844.43514  2.18%   305 16313s
 295218 114195     cutoff   32       863.26602  844.44777  2.18%   305 16363s
 295678 114303     cutoff   44       863.26602  844.45447  2.18%   305 16410s
 296120 114447  855.20557   36 1630  863.26602  844.46703  2.18%   305 16456s
 296608 114558  859.63507   42 1699  863.26602  844.48036  2.18%   305 16506s
 297072 114681     cutoff   34       863.26602  844.49013  2.17%   305 16554s
 297568 114783  856.42400   36 1681  863.26602  844.49994  2.17%   305 16603s
 298052 114917     cutoff   39       863.26602  844.51230  2.17%   305 16649s
 298369 114917  855.87008   34 1624  863.26602  844.51529  2.17%   305 16650s
 298478 115028  854.45138   42 1611  863.26602  844.51971  2.17%   305 16697s
 298945 115157  851.42663   35 1607  863.26602  844.53257  2.17%   305 16746s
 299388 115283  860.74955   37 1512  863.26602  844.53927  2.17%   306 16795s
 299889 115400     cutoff   34       863.26602  844.55225  2.17%   306 16846s
 300256 115499  861.35949   39 1528  863.26602  844.56007  2.17%   306 16896s
 300708 115591  863.06787   41 1595  863.26602  844.57077  2.17%   306 16948s
 301138 115712  847.56741   27 1647  863.26602  844.58107  2.16%   306 16996s
 301613 115794  857.54033   30 1588  863.26602  844.58858  2.16%   306 17045s
 302024 115928  851.21013   33 1705  863.26602  844.60046  2.16%   306 17094s
 302519 116052  856.87005   32 1652  863.26602  844.61082  2.16%   306 17142s
 303031 116191  853.92877   39 1629  863.26602  844.61782  2.16%   306 17192s
 303517 116296 infeasible   33       863.26602  844.63267  2.16%   306 17240s
 303971 116408  851.77466   34 1686  863.26602  844.64149  2.16%   307 17288s
 304452 116507  857.62131   39 1661  863.26602  844.64337  2.16%   307 17337s
 304913 116675  857.58729   28 1697  863.26602  844.65722  2.16%   307 17385s
 305430 116772     cutoff   35       863.26602  844.66992  2.15%   307 17434s
 305879 116880  857.03009   35 1612  863.26602  844.68606  2.15%   307 17482s
 306328 116948  860.42581   29 1626  863.26602  844.69955  2.15%   307 17534s
 306435 116948     cutoff   37       863.26602  844.69955  2.15%   307 17535s
 306723 117039  858.19004   32 1599  863.26602  844.70504  2.15%   307 17582s
 307140 117160  856.41797   36 1533  863.26602  844.71529  2.15%   307 17630s
 307657 117254     cutoff   49       863.26602  844.72605  2.15%   307 17680s
 308124 117349  859.36817   35 1674  863.26602  844.72936  2.15%   307 17730s
 308594 117499  849.29296   32 1683  863.26602  844.74522  2.15%   308 17778s
 309075 117609     cutoff   48       863.26602  844.75271  2.14%   308 17829s
 309513 117703  856.24854   44 1627  863.26602  844.76003  2.14%   308 17878s
 309957 117832  856.10510   39 1577  863.26602  844.76989  2.14%   308 17927s
 310419 117924  850.69905   35 1637  863.26602  844.77918  2.14%   308 17977s
 310917 118083  854.00264   39 1653  863.26602  844.78647  2.14%   308 18025s
 311431 118242     cutoff   30       863.26602  844.79804  2.14%   308 18074s
 311909 118260  853.50314   44 1697  863.26602  844.80472  2.14%   308 18141s
 311931 118366  853.50314   45 1697  863.26602  844.80472  2.14%   308 18190s
 312321 118450     cutoff   32       863.26602  844.81376  2.14%   308 18240s
 312791 118530  858.45343   39 1677  863.26602  844.82196  2.14%   308 18290s
 313298 118678     cutoff   40       863.26602  844.82794  2.14%   308 18341s
 313807 118813  848.50556   31 1546  863.26602  844.83904  2.13%   308 18392s
 314259 118919  855.95873   42 1650  863.26602  844.84635  2.13%   309 18443s
 314719 119035 infeasible   42       863.26602  844.85637  2.13%   309 18493s
 315205 119150  854.89345   38 1665  863.26602  844.86403  2.13%   309 18545s
 315682 119256  853.13401   29 1661  863.26602  844.87756  2.13%   309 18596s
 316137 119365  856.92092   34 1566  863.26602  844.88097  2.13%   309 18647s
 316588 119507  858.29407   39 1559  863.26602  844.89670  2.13%   309 18699s
*316846 112844              47     861.7870659  844.89766  1.96%   309 18699s
 317104 112898     cutoff   41       861.78707  844.90748  1.96%   309 18757s
 317455 112951  859.47156   35 1479  861.78707  844.91454  1.96%   309 18809s
 317577 112951  859.75994   39 1542  861.78707  844.91684  1.96%   309 18810s
 317965 113062  852.19368   29 1662  861.78707  844.93056  1.96%   309 18860s
 318440 113145     cutoff   38       861.78707  844.94104  1.95%   309 18911s
 318888 113257  859.45905   31 1605  861.78707  844.95321  1.95%   309 18962s
 319387 113363     cutoff   44       861.78707  844.96727  1.95%   310 19014s
 319886 113491  856.55194   36 1580  861.78707  844.97751  1.95%   310 19066s
 320395 113498  859.74757   37 1554  861.78707  844.98645  1.95%   310 19128s
 320404 113497  860.50556   38 1534  861.78707  844.98645  1.95%   310 19182s
 320481 113527  853.82807   35 1618  861.78707  844.99003  1.95%   310 19238s
 320603 113608  860.44087   42 1521  861.78707  844.99042  1.95%   310 19290s
 320969 113654  860.59433   32 1594  861.78707  844.99168  1.95%   310 19343s
 321382 113723  861.05955   40 1613  861.78707  845.00926  1.95%   310 19396s
 321813 113792  850.11336   38 1677  861.78707  845.01876  1.95%   310 19447s
 322306 113862     cutoff   39       861.78707  845.02690  1.94%   310 19499s
 322710 113862     cutoff   36       861.78707  845.03909  1.94%   310 19500s
 322771 113968  850.10788   44 1677  861.78707  845.03909  1.94%   310 19550s
 323213 114091     cutoff   39       861.78707  845.04744  1.94%   310 19603s
 323720 114228  852.21106   31 1628  861.78707  845.05921  1.94%   310 19654s
 324118 114228  850.32805   39 1709  861.78707  845.06672  1.94%   310 19655s
 324174 114354  847.57612   30 1662  861.78707  845.06693  1.94%   310 19705s
 324668 114488  861.32797   39 1674  861.78707  845.07540  1.94%   311 19757s
 325166 114605  856.36244   40 1644  861.78707  845.08753  1.94%   311 19809s
 325640 114704     cutoff   37       861.78707  845.09665  1.94%   311 19861s
 326102 114752  854.91513   31 1646  861.78707  845.11115  1.94%   311 19913s
 326581 114852     cutoff   47       861.78707  845.12089  1.93%   311 19965s
 327064 114947  859.00331   43 1630  861.78707  845.13651  1.93%   311 20018s
 327561 115038  858.05713   30 1619  861.78707  845.14588  1.93%   311 20070s
 328028 115126  856.18974   37 1608  861.78707  845.16014  1.93%   311 20122s
 328515 115288  859.96182   36 1518  861.78707  845.16862  1.93%   311 20173s
 329036 115348  849.75202   34 1672  861.78707  845.17856  1.93%   311 20226s
 329516 115424  854.75816   32 1661  861.78707  845.18029  1.93%   311 20280s
 330008 115515  858.93317   41 1673  861.78707  845.19596  1.93%   311 20332s
 330501 115638  855.25120   38 1698  861.78707  845.20277  1.92%   311 20385s
 331004 115726  850.32793   35 1573  861.78707  845.21987  1.92%   312 20439s
 331451 115782     cutoff   35       861.78707  845.22989  1.92%   312 20492s
 331902 115872  857.27843   32 1653  861.78707  845.23922  1.92%   312 20544s
 332488 115990     cutoff   40       861.78707  845.24820  1.92%   312 20596s
 333007 116105  860.94871   36 1671  861.78707  845.26127  1.92%   312 20649s
 333469 116214  853.52753   44 1633  861.78707  845.26776  1.92%   312 20702s
 333912 116337  856.10121   35 1434  861.78707  845.27963  1.92%   312 20755s
 334366 116450     cutoff   38       861.78707  845.28698  1.91%   312 20807s
 334828 116557  858.88851   47 1533  861.78707  845.29811  1.91%   312 20860s
 335352 116655  858.28774   34 1644  861.78707  845.31028  1.91%   312 20914s
 335806 116749     cutoff   41       861.78707  845.32548  1.91%   312 20968s
 336254 116844  855.71340   31 1699  861.78707  845.33345  1.91%   313 21021s
 336717 116954  854.27881   46 1651  861.78707  845.34356  1.91%   313 21075s
 337166 117050     cutoff   40       861.78707  845.35195  1.91%   313 21128s
 337640 117143  860.36443   39 1519  861.78707  845.35853  1.91%   313 21181s
 338109 117233     cutoff   44       861.78707  845.36912  1.91%   313 21234s
 338558 117287     cutoff   36       861.78707  845.37422  1.90%   313 21287s
 338996 117393     cutoff   38       861.78707  845.37885  1.90%   313 21342s
 339499 117517  854.18852   29 1685  861.78707  845.38662  1.90%   313 21396s
 339972 117609  853.26476   37 1391  861.78707  845.39421  1.90%   313 21449s
 340029 117609  860.93537   41 1632  861.78707  845.39421  1.90%   313 21450s
 340432 117716  852.95536   42 1608  861.78707  845.40231  1.90%   313 21504s
 340912 117773     cutoff   52       861.78707  845.41241  1.90%   313 21558s
 341421 117871     cutoff   34       861.78707  845.42467  1.90%   313 21610s
 341864 117966  858.20819   30 1640  861.78707  845.43146  1.90%   314 21664s
 342340 118065  860.08077   32 1501  861.78707  845.44349  1.90%   314 21718s
 342796 118177  858.11289   31 1671  861.78707  845.44795  1.90%   314 21771s
 343259 118271  849.96491   36 1679  861.78707  845.45544  1.90%   314 21825s
 343740 118392  861.10602   40 1571  861.78707  845.46807  1.89%   314 21880s
 344238 118487  857.41258   36 1635  861.78707  845.47421  1.89%   314 21935s
 344701 118566     cutoff   39       861.78707  845.49394  1.89%   314 21990s
 345169 118623  856.54120   41 1612  861.78707  845.49991  1.89%   314 22047s
 345572 118712  859.73594   47 1621  861.78707  845.51290  1.89%   314 22101s
 346016 118795     cutoff   52       861.78707  845.52374  1.89%   314 22155s
 346461 118890  857.64973   44 1668  861.78707  845.53077  1.89%   314 22209s
 346912 118890  856.28110   35 1669  861.78707  845.53939  1.89%   315 22210s
 346969 118986     cutoff   55       861.78707  845.53939  1.89%   315 22264s
 347411 119076     cutoff   43       861.78707  845.55280  1.88%   315 22318s
 347881 119132  856.23568   42 1686  861.78707  845.56137  1.88%   315 22372s
 348319 119198     cutoff   37       861.78707  845.57217  1.88%   315 22425s
 348875 119336  847.12526   34 1713  861.78707  845.57820  1.88%   315 22480s
 349377 119425  855.13907   32 1643  861.78707  845.58734  1.88%   315 22535s
 349826 119532  855.67706   39 1640  861.78707  845.59480  1.88%   315 22591s
 350350 119609  854.11338   41 1685  861.78707  845.60924  1.88%   315 22647s
 350841 119715  852.12389   42 1644  861.78707  845.62189  1.88%   315 22703s
 351344 119814  849.34143   38 1695  861.78707  845.63256  1.87%   315 22759s
 351841 119927  854.79574   38 1620  861.78707  845.64317  1.87%   315 22814s
 352169 119927  853.43824   38 1614  861.78707  845.64570  1.87%   315 22815s
 352305 120047  856.31145   36 1638  861.78707  845.65034  1.87%   315 22873s
 352718 120169  857.41426   35 1677  861.78707  845.65836  1.87%   315 22927s
 353195 120245  859.02317   46 1639  861.78707  845.66748  1.87%   316 22984s
 353428 120245  856.03379   43 1653  861.78707  845.67069  1.87%   316 22985s
 353664 120338  854.11292   40 1700  861.78707  845.68320  1.87%   316 23040s
 354102 120424     cutoff   43       861.78707  845.69303  1.87%   316 23094s
 354576 120573  860.83472   47 1566  861.78707  845.70265  1.87%   316 23149s
 355098 120648 infeasible   39       861.78707  845.71267  1.87%   316 23204s
 355617 120775     cutoff   33       861.78707  845.71866  1.86%   316 23259s
 356089 120907     cutoff   43       861.78707  845.72834  1.86%   316 23314s
 356574 121016     cutoff   45       861.78707  845.73781  1.86%   316 23370s
 357072 121159  853.83996   32 1665  861.78707  845.74748  1.86%   316 23425s
 357564 121260  854.27068   39 1704  861.78707  845.76142  1.86%   316 23481s
 358029 121318  855.53524   39 1666  861.78707  845.77024  1.86%   316 23537s
 358463 121383  854.04568   41 1686  861.78707  845.77950  1.86%   316 23593s
 358943 121448  858.09590   37 1676  861.78707  845.78629  1.86%   317 23649s
 359107 121448  859.84099   37 1493  861.78707  845.78819  1.86%   317 23650s
 359408 121537  859.46551   39 1665  861.78707  845.79402  1.86%   317 23706s
 359901 121648  855.40735   32 1687  861.78707  845.80035  1.86%   317 23762s
 360414 121727  857.09119   45 1684  861.78707  845.81120  1.85%   317 23820s
 360882 121801  860.27033   45 1679  861.78707  845.82241  1.85%   317 23878s
 361312 121916  851.42743   37 1673  861.78707  845.83277  1.85%   317 23935s
 361809 122018  859.78972   43 1720  861.78707  845.84121  1.85%   317 23993s
 362299 122150  860.59925   45 1660  861.78707  845.85361  1.85%   317 24051s
 362769 122237     cutoff   45       861.78707  845.85935  1.85%   317 24110s
 363291 122325  855.68493   45 1455  861.78707  845.87083  1.85%   317 24168s
 363777 122454  853.17546   45 1563  861.78707  845.88348  1.85%   317 24227s
 364206 122586     cutoff   41       861.78707  845.88931  1.84%   317 24283s
 364703 122655  853.44273   28 1677  861.78707  845.90292  1.84%   317 24340s
 365141 122724  860.83579   40 1519  861.78707  845.91162  1.84%   317 24397s
 365608 122808  859.18073   37 1590  861.78707  845.92240  1.84%   317 24454s
 366101 122933  860.04322   38 1674  861.78707  845.93475  1.84%   318 24511s
 366573 123020  860.14268   37 1619  861.78707  845.94475  1.84%   318 24567s
 367079 123106  855.10378   30 1654  861.78707  845.95536  1.84%   318 24626s
 367583 123144  857.39705   40 1454  861.78707  845.96244  1.84%   318 24689s
 367867 123220  853.68802   35 1684  861.78707  845.96901  1.84%   318 24746s
 368341 123309  856.27403   44 1692  861.78707  845.97588  1.83%   318 24804s
 368831 123398     cutoff   40       861.78707  845.98353  1.83%   318 24864s
 369338 123488     cutoff   38       861.78707  845.98978  1.83%   318 24922s
 369830 123574     cutoff   44       861.78707  846.00314  1.83%   318 24980s
 370319 123659     cutoff   34       861.78707  846.01559  1.83%   318 25037s
 370734 123729  860.71440   44 1709  861.78707  846.02018  1.83%   318 25094s
 371016 123729  854.75786   27 1688  861.78707  846.02367  1.83%   318 25095s
 371184 123810  855.03446   37 1620  861.78707  846.03327  1.83%   318 25153s
 371646 123940     cutoff   45       861.78707  846.04415  1.83%   318 25211s
 372175 124028     cutoff   38       861.78707  846.05938  1.83%   318 25268s
 372639 124143  852.33254   42 1568  861.78707  846.06931  1.82%   319 25325s
 373103 124208  854.58420   32 1688  861.78707  846.07829  1.82%   319 25382s
 373590 124291     cutoff   28       861.78707  846.08619  1.82%   319 25440s
 374056 124397  859.64204   41 1420  861.78707  846.09979  1.82%   319 25501s
 374575 124496  854.36372   45 1689  861.78707  846.11055  1.82%   319 25559s
 375060 124566  854.84119   34 1635  861.78707  846.12126  1.82%   319 25617s
 375552 124652  858.41690   42 1583  861.78707  846.13023  1.82%   319 25676s
 376048 124764  854.76789   35 1608  861.78707  846.14246  1.82%   319 25735s
 376536 124851  852.18681   35 1685  861.78707  846.14813  1.81%   319 25792s
 377028 124896  856.39601   33 1614  861.78707  846.15864  1.81%   319 25852s
 377485 124973  860.90084   48 1364  861.78707  846.16423  1.81%   319 25911s
 377986 125054  854.84122   39 1700  861.78707  846.17727  1.81%   319 25971s
 378483 125106  854.16417   39 1703  861.78707  846.18519  1.81%   319 26031s
 378919 125181  850.89630   35 1617  861.78707  846.19794  1.81%   319 26090s
 379346 125299     cutoff   37       861.78707  846.20904  1.81%   320 26147s
 379790 125409  849.48453   41 1681  861.78707  846.21466  1.81%   320 26206s
 380289 125531     cutoff   36       861.78707  846.22717  1.81%   320 26264s
 380473 125531  853.49674   31 1685  861.78707  846.22717  1.81%   320 26265s
 380792 125589  860.09449   37 1622  861.78707  846.23862  1.80%   320 26322s
 381286 125699     cutoff   33       861.78707  846.24302  1.80%   320 26382s
 381679 125808     cutoff   39       861.78707  846.24592  1.80%   320 26442s
 382155 125866  861.48360   40 1598  861.78707  846.25809  1.80%   320 26501s
 382610 125970  853.61478   35 1658  861.78707  846.26709  1.80%   320 26562s
 383061 126092  858.09685   44 1168  861.78707  846.27337  1.80%   320 26621s
 383555 126185  857.47183   42 1655  861.78707  846.28274  1.80%   320 26682s
 384005 126270  860.86535   48 1620  861.78707  846.29197  1.80%   320 26743s
 384483 126346     cutoff   42       861.78707  846.30264  1.80%   320 26802s
 384963 126405 infeasible   32       861.78707  846.30925  1.80%   320 26863s
 385433 126505  861.40574   37 1675  861.78707  846.31780  1.80%   320 26922s
 385897 126588     cutoff   47       861.78707  846.32375  1.79%   321 26982s
 386354 126654 infeasible   33       861.78707  846.33269  1.79%   321 27042s
 386830 126740  855.34685   33 1598  861.78707  846.33522  1.79%   321 27108s
 387266 126840     cutoff   48       861.78707  846.34551  1.79%   321 27170s
 387788 126916  859.98778   36 1540  861.78707  846.35790  1.79%   321 27231s
 388262 127017  856.43682   30 1700  861.78707  846.36397  1.79%   321 27290s
 388760 127111  851.40402   33 1590  861.78707  846.37776  1.79%   321 27351s
 389193 127176  858.83866   41 1619  861.78707  846.38382  1.79%   321 27412s
 389663 127258     cutoff   48       861.78707  846.39128  1.79%   321 27473s
 390140 127331  855.46657   33 1655  861.78707  846.40338  1.79%   321 27533s
 390595 127408  852.71229   38 1577  861.78707  846.40879  1.78%   321 27594s
 391045 127502  855.66693   34 1589  861.78707  846.41986  1.78%   321 27653s
 391529 127567  860.90660   46 1543  861.78707  846.43083  1.78%   321 27716s
 391973 127638  858.38774   45 1525  861.78707  846.43992  1.78%   321 27778s
 392452 127689  855.61538   37 1636  861.78707  846.44694  1.78%   322 27846s
 392849 127769 infeasible   36       861.78707  846.45658  1.78%   322 27908s
 393330 127836  858.61285   31 1682  861.78707  846.46985  1.78%   322 27972s
 393789 127898  859.81947   45 1591  861.78707  846.47907  1.78%   322 28034s
 394070 127898  858.51530   39 1621  861.78707  846.47907  1.78%   322 28035s
 394247 127992  853.03837   46 1685  861.78707  846.49078  1.77%   322 28096s
 394732 128081  857.72799   43 1662  861.78707  846.50128  1.77%   322 28157s
 395216 128134  853.45391   38 1671  861.78707  846.50610  1.77%   322 28218s
 395721 128195  860.43766   44 1583  861.78707  846.51766  1.77%   322 28281s
 396189 128277  860.39187   37 1675  861.78707  846.52847  1.77%   322 28342s
 396640 128334  852.89751   37 1546  861.78707  846.53751  1.77%   322 28405s
 397043 128435  860.94062   48 1158  861.78707  846.54470  1.77%   322 28466s
 397533 128504  854.18732   44 1673  861.78707  846.55556  1.77%   322 28530s
 397988 128572  849.42859   34 1691  861.78707  846.56503  1.77%   322 28595s
 398385 128642  855.21834   38 1707  861.78707  846.56837  1.77%   322 28657s
 398821 128727  854.98966   36 1682  861.78707  846.57972  1.76%   323 28720s
 399324 128815  850.29114   37 1536  861.78707  846.58806  1.76%   323 28782s
 399839 128842     cutoff   37       861.78707  846.59685  1.76%   323 28800s

Cutting planes:
  Gomory: 2
  Cover: 1
  Clique: 14
  MIR: 4
  Flow cover: 9
  Zero half: 22
  Relax-and-lift: 1
  Lazy constraints: 25573

Explored 399989 nodes (129057503 simplex iterations) in 28800.73 seconds (61015.33 work units)
Thread count was 8 (of 18 available processors)

Solution count 8: 861.787 863.266 869.475 ... 1063.77

Time limit reached
Best objective 8.617870658980e+02, best bound 8.466017449872e+02, gap 1.7621%

User-callback calls 2272204, time in user-callback 135.54 sec
### START EXACT APPROACH ###
ProblemVariant: 5
### START PREPROCESSING ###
## Start infeasible path procedure ## 
Deleted arcs: 42
Infeasible tail paths: 0
Infeasible 2-node combinations: 21
## Start extended infeasible path procedure ##
Deleted arcs: 42
Infeasible tail paths: 0
Infeasible 2-node combinations: 21
## Start start solution procedure ##
Start solution with 14 Vehicles and total costs 1063.77 in 0.0492656 s.
### END PREPROCESSING ###
Route 0 0-3-40-12-0 : weight util 1.000000 | volume util 0.324178 | feasible with packing heuristic | feasible with CP model
Route 1 0-4-2-0 : weight util 0.933333 | volume util 0.441644 | feasible with packing heuristic | feasible with CP model
Route 2 0-6-16-17-0 : weight util 0.966667 | volume util 0.555578 | feasible with packing heuristic | feasible with CP model
Route 3 0-8-19-13-27-0 : weight util 1.000000 | volume util 0.299044 | feasible with packing heuristic | feasible with CP model
Route 4 0-9-32-0 : weight util 0.950000 | volume util 0.433689 | feasible with packing heuristic | feasible with CP model
Route 5 0-11-7-0 : weight util 0.866667 | volume util 0.086400 | feasible with packing heuristic | feasible with CP model
Route 6 0-15-20-37-36-0 : weight util 0.933333 | volume util 0.580578 | feasible with packing heuristic | feasible with CP model
Route 7 0-25-18-24-23-0 : weight util 1.000000 | volume util 0.480333 | feasible with packing heuristic | feasible with CP model
Route 8 0-26-31-39-0 : weight util 0.983333 | volume util 0.193156 | feasible with packing heuristic | feasible with CP model
Route 9 0-28-21-0 : weight util 0.950000 | volume util 0.205067 | feasible with packing heuristic | feasible with CP model
Route 10 0-30-5-29-0 : weight util 0.933333 | volume util 0.210467 | feasible with packing heuristic | feasible with CP model
Route 11 0-33-1-22-0 : weight util 0.950000 | volume util 0.448467 | feasible with packing heuristic | feasible with CP model
Route 12 0-34-14-35-0 : weight util 1.000000 | volume util 0.327222 | feasible with packing heuristic | feasible with CP model
Route 13 0-38-10-0 : weight util 0.833333 | volume util 0.181467 | feasible with packing heuristic | feasible with CP model
