
Gurobi 12.0.1 (win64, C++) logging started Tue Apr 22 09:50:26 2025

Set parameter Username
Set parameter LicenseID to value 2618655
Academic license - for non-commercial use only - expires 2026-02-05
Set parameter Threads to value 8
Set parameter LazyConstraints to value 1
Set parameter PreCrush to value 1
Set parameter Seed to value 0
Set parameter Cuts to value -1
Set parameter TimeLimit to value 28800
Set parameter NumericFocus to value 0
Set parameter SolutionLimit to value 10000
Gurobi Optimizer version 12.0.1 build v12.0.1rc0 (win64 - Windows Server 2022.0 (20348.2))

CPU model: AMD EPYC 7513 32-Core Processor, instruction set [SSE2|AVX|AVX2]
Thread count: 18 physical cores, 18 logical processors, using up to 8 threads

Non-default parameters:
SolutionLimit  10000
TimeLimit  28800
PreCrush  1
Threads  8
LazyConstraints  1

Optimize a model with 285 rows, 529 columns and 1534 nonzeros
Model fingerprint: 0x4af5bdd3
Variable types: 0 continuous, 529 integer (529 binary)
Coefficient statistics:
  Matrix range     [1e+00, 1e+00]
  Objective range  [4e+00, 1e+02]
  Bounds range     [1e+00, 1e+00]
  RHS range        [1e+00, 6e+00]
Presolve removed 15 rows and 39 columns
Presolve time: 0.00s
Presolved: 270 rows, 490 columns, 1436 nonzeros
Variable types: 0 continuous, 490 integer (490 binary)

Root relaxation: objective 5.696709e+02, 100 iterations, 0.00 seconds (0.00 work units)

    Nodes    |    Current Node    |     Objective Bounds      |     Work
 Expl Unexpl |  Obj  Depth IntInf | Incumbent    BestBd   Gap | It/Node Time

     0     0  569.67088    0    -          -  569.67088      -     -    0s
     0     0  573.23039    0    -          -  573.23039      -     -    0s
     0     0  575.24657    0    -          -  575.24657      -     -    0s
     0     0  600.05106    0    -          -  600.05106      -     -    0s
     0     0  601.13730    0    -          -  601.13730      -     -    0s
     0     0  605.03487    0   16          -  605.03487      -     -    0s
     0     0  610.73014    0    -          -  610.73014      -     -    0s
     0     0  614.96587    0    -          -  614.96587      -     -    0s
     0     0  620.89095    0   41          -  620.89095      -     -    0s
     0     0  622.72932    0   52          -  622.72932      -     -    0s
     0     0  641.62502    0   10          -  641.62502      -     -    0s
     0     0  644.57133    0   38          -  644.57133      -     -    1s
     0     0  647.04600    0   32          -  647.04600      -     -    1s
     0     0  647.18427    0    -          -  647.18427      -     -    1s
     0     0  655.70735    0   41          -  655.70735      -     -    1s
     0     0  655.70735    0   55          -  655.70735      -     -    1s
     0     0  659.99341    0   40          -  659.99341      -     -    1s
     0     0  666.45012    0   31          -  666.45012      -     -    8s
     0     0  666.45012    0   37          -  666.45012      -     -    8s
     0     0  676.81309    0   59          -  676.81309      -     -    9s
     0     0  676.83165    0   62          -  676.83165      -     -   15s
     0     0  678.72058    0   58          -  678.72058      -     -   15s
     0     0  678.72058    0   58          -  678.72058      -     -   15s
     0     2  678.72058    0   51          -  678.72058      -     -   16s
   715   775  729.51424   72   58          -  679.00785      -  11.4   21s
  1038  1050  765.41122  105   25          -  679.00785      -   9.9   28s
  1134  1137  835.34686  126   24          -  681.98009      -   9.8   42s
  1423  1400  708.76730   11   31          -  683.38759      -  10.5   45s
  1617  1525  695.02206    4   62          -  683.44901      -  10.8   51s
  1620  1527  708.71867   31   68          -  687.85358      -  10.8   55s
  1624  1530  744.60303   71   76          -  695.44894      -  10.8   64s
  1631  1535  773.23399  105   81          -  696.81408      -  10.7   65s
  1633  1536  701.31151   22   83          -  696.89503      -  10.7   74s
  1635  1537  697.01322    5   83          -  697.01322      -  10.7   75s
  1637  1539  836.13143   84   81          -  697.03414      -  10.7   93s
  1879  1721  699.77938   22   54          -  697.03414      -  13.5  109s
  1914  1740  701.01490   25   51          -  697.03414      -  13.6  110s
  2040  1825  709.30441   31   40          -  697.03414      -  14.1  121s
  2085  1854  726.17110   33   18          -  697.03414      -  14.1  129s
  2165  1897  730.99840   37   50          -  697.03414      -  14.3  130s
  2377  2000  755.99055   51   19          -  697.03414      -  14.3  135s
  2427  2044  772.51870   54   24          -  697.03414      -  14.3  140s
  2558  2128  771.17376   64   23          -  697.03414      -  14.3  150s
  2636  2165  801.09988   67   36          -  697.03414      -  14.2  161s
  2720  2199  784.04986   70   30          -  697.03414      -  14.0  172s
  2803  2189  850.15492   76   10          -  697.03414      -  13.9  178s
  2974  2284  831.48451   87    8          -  697.95210      -  13.8  182s
  3056  2333  858.29832   91   24          -  698.31843      -  13.8  186s
  3135  2322  700.44812   20   70          -  698.31843      -  13.9  190s
  3602  2691  701.08246   22   70          -  698.67843      -  14.1  202s
  3739  2774  702.57277   32   64          -  698.67843      -  14.0  218s
  3899  2792  714.53155   47   41          -  698.67843      -  13.8  223s
  4164  2983  734.70642   61   16          -  698.67843      -  13.6  237s
  4308  2962  740.78003   48   29          -  698.67843      -  13.5  240s
  4487  3131  763.07804   87   36          -  698.67843      -  13.5  260s
  4973  3362  755.04197   35   22          -  700.64813      -  13.3  278s
  5146  3470  704.60118   16   45          -  700.90830      -  13.2  282s
  5200  3459  877.59027  104   21          -  700.90830      -  13.3  288s
  5327  3569  715.36961   22   60          -  700.90830      -  13.2  290s
  5548  3658  734.04556   36   16          -  700.90830      -  13.1  295s
  5766  3809  735.89116   29   42          -  700.90830      -  13.0  307s
  6208  4002  781.73006   73   21          -  700.90830      -  12.9  312s
  6435  4168  716.71458   25   26          -  701.57255      -  12.8  315s
  6890  4652  708.60295   28   68          -  701.57255      -  12.7  321s
  7100  4675  751.81145   60   12          -  701.57255      -  12.6  326s
  7391  4885  758.66240   45   17          -  701.57255      -  12.6  337s
  7823  5472  790.12255  119   37          -  702.11389      -  12.6  349s
  8101  5644  897.64795  139   12          -  702.11389      -  12.5  354s
  8313  5679  779.54909   73    8          -  702.39766      -  12.4  357s
  8629  6037  731.10759   33   35          -  702.39766      -  12.4  363s
  8795  6277  742.54812   26   49          -  702.39766      -  12.6  375s
  9379  6783  719.96459   23   16          -  702.39766      -  12.6  385s
  9987  7331  767.94469   54   20          -  702.39766      -  12.6  397s
 10096  7348  758.21794   31   14          -  702.81856      -  12.6  400s
 10354  7578  953.91379   98    -          -  703.21875      -  12.6  406s
 10630  7749  725.59035   27   41          -  703.21875      -  12.6  416s
 11179  8317 infeasible   64               -  703.21875      -  12.7  428s
 11490  8608  724.24306   29   14          -  703.51076      -  12.8  437s
 11876  8709  808.96293   50   10          -  703.89522      -  12.8  448s
 12024  8856  712.29362   20   77          -  703.89522      -  12.8  457s
 12313  9210  733.44422   35   37          -  703.89522      -  12.9  465s
 12558  9428  751.30917   35   48          -  703.89522      -  12.9  470s
 12846  9741  782.45280   46   31          -  703.89522      -  13.0  482s
 13047  9765  729.79172   32   21          -  703.89522      -  12.9  485s
 13577 10454  725.18169   30   71          -  703.89522      -  13.0  493s
 14023 10783  750.60063   50   14          -  703.89522      -  13.0  506s
 14447 11209  725.31957   27   46          -  704.46339      -  13.0  525s
 14926 11584 infeasible   64               -  704.46339      -  13.0  532s
 15358 11878  754.84477   47   12          -  704.46339      -  13.1  545s
 15723 12255  810.66813   96   32          -  704.91455      -  13.0  568s
 16222 12724  725.21149   25   27          -  705.28596      -  13.1  597s
 16753 13019  813.71139   49   14          -  705.28596      -  13.1  610s
 17066 13454  746.89320   32   20          -  705.28596      -  13.1  623s
 17587 13907 infeasible   70               -  705.82823      -  13.2  633s
 18152 14406  836.35662   64    -          -  706.03285      -  13.2  637s
 18714 14766 infeasible   68               -  706.03285      -  13.2  641s
 19113 15202  755.60577   37   44          -  706.90677      -  13.3  646s
 19626 15773  751.20330   24   52          -  707.01574      -  13.4  654s
 20352 16322  730.91631   33   42          -  707.01574      -  13.4  666s
 20800 16382  832.32787   58    -          -  707.01574      -  13.5  671s
 21617 17240  759.19439   33   31          -  707.01574      -  13.5  690s
 22057 17482  722.15599   31   42          -  707.69813      -  13.6  706s
 22700 18050  773.96601   53   32          -  707.82562      -  13.6  716s
 22914 18086  872.53227   66   19          -  707.94639      -  13.6  721s
 23617 19025  745.05107   35   24          -  708.00549      -  13.7  734s
 24243 19603  802.80884   50   35          -  708.30389      -  13.7  741s
 24807 19668  780.61225   35   44          -  708.49294      -  13.8  758s
 25517 20635  738.99970   31   29          -  708.57399      -  13.9  766s
 26119 21099  733.83015   30   41          -  708.95852      -  13.9  774s
 26416 21140  751.11262   27   35          -  708.95852      -  13.9  779s
 26637 21417  838.08448   72   16          -  708.95852      -  13.9  781s
 26970 21681  751.66604   39   24          -  708.95852      -  14.0  787s
 27273 22082  835.79617   61    8          -  709.13650      -  14.0  800s
 27683 22151  794.51912   63   29          -  709.24728      -  14.0  817s
 28117 22585 infeasible   50               -  709.31380      -  13.9  824s
 28283 22612  777.63644   37   41          -  709.31380      -  13.9  825s
 28388 23000  723.07953   24    8          -  709.31380      -  13.9  832s
 28915 23399  722.73365   23   51          -  709.48036      -  13.9  849s
 29403 23888  724.99129   33   64          -  709.53183      -  13.9  855s
 29970 24286  790.09153   77   25          -  709.72754      -  13.9  870s
 30447 24616  748.51459   32   22          -  709.98613      -  13.9  882s
 30832 25046  747.73467   33   52          -  709.98613      -  13.9  891s
 31120 25092  818.31349   96    -          -  710.13181      -  13.9  900s
 31360 25487  765.18249   19   56          -  710.26201      -  13.9  907s
 31813 25763 infeasible   67               -  710.27105      -  13.9  913s
 32157 26170  782.98624   30   44          -  710.32762      -  14.0  919s
 32678 26588  747.56903   21   10          -  710.49666      -  14.0  931s
 32743 26606  760.91620   30   38          -  710.49666      -  14.0  942s
*32940 14377              65     773.4652761  710.49666  8.14%  14.0  943s
H33219 13241                     769.6780827  710.49666  7.69%  14.0  943s
 33566 13327  732.28135   19   36  769.67808  710.53049  7.68%  14.0  945s
 33851 13593  735.86156   28   36  769.67808  710.53049  7.68%  14.1  954s
 34039 13597  746.86975   28   37  769.67808  710.99263  7.62%  14.1  958s
 34134 13769  730.09705   22   26  769.67808  711.03207  7.62%  14.1  961s
 35786 14708  724.77835   29   26  769.67808  712.01352  7.49%  14.3  965s
 37779 15730     cutoff   35       769.67808  713.06438  7.36%  14.5  977s
 39275 16398  750.25656   31   24  769.67808  713.64369  7.28%  14.6  981s
 39689 16626 infeasible   27       769.67808  713.85288  7.25%  14.7  986s
 41260 17503  730.64479   28   53  769.67808  714.22447  7.20%  14.8  994s
 41728 17726  753.99336   38   45  769.67808  714.51510  7.17%  14.8  997s
 43007 18284  759.58488   32   38  769.67808  715.02278  7.10%  14.9 1001s
 43847 18729     cutoff   22       769.67808  715.37402  7.06%  14.9 1011s
 44132 18732  731.64686   22   42  769.67808  715.39991  7.05%  15.0 1021s
 45407 19616  737.85506   26   40  769.67808  715.93344  6.98%  15.0 1025s
H46539 14895                     757.8756056  716.35693  5.48%  15.1 1029s
 47048 15213     cutoff   26       757.87561  716.52144  5.46%  15.1 1030s
 49206 16121  738.79175   30   60  757.87561  717.42230  5.34%  15.3 1041s
 50775 16749  735.60343   18   65  757.87561  717.98416  5.26%  15.4 1045s
 51853 17147     cutoff   30       757.87561  718.25591  5.23%  15.5 1052s
 54088 17877     cutoff   37       757.87561  718.88949  5.14%  15.6 1055s
 54807 18032     cutoff   40       757.87561  719.08509  5.12%  15.7 1060s
 58406 19381  725.87258   40   44  757.87561  720.23503  4.97%  15.9 1066s
 59461 19681  735.91919   24   38  757.87561  720.51346  4.93%  16.0 1073s
 61192 20312  744.67497   33   59  757.87561  720.96761  4.87%  16.0 1075s
 65420 21680  730.53606   39   40  757.87561  721.91064  4.75%  16.2 1080s
 67317 22367  755.63601   34   32  757.87561  722.35425  4.69%  16.2 1085s
 71497 23757     cutoff   41       757.87561  723.25761  4.57%  16.4 1090s
 75078 24951 infeasible   31       757.87561  723.90271  4.48%  16.5 1095s
 78613 26068  729.04552   20   51  757.87561  724.42218  4.41%  16.6 1100s
 81286 26880  756.78464   38   28  757.87561  724.84170  4.36%  16.6 1105s
 84089 27816  757.00804   27   38  757.87561  725.30214  4.30%  16.7 1110s
 85903 28377  730.26540   25   29  757.87561  725.62366  4.26%  16.8 1115s
 88640 29294     cutoff   25       757.87561  726.09348  4.19%  16.8 1120s
 92902 30416     cutoff   43       757.87561  726.63439  4.12%  16.9 1125s
 95635 31347     cutoff   26       757.87561  726.97082  4.08%  16.9 1130s
 98196 32122  740.95817   25   16  757.87561  727.28663  4.04%  17.0 1135s
 101441 33212  734.67039   27   46  757.87561  727.70731  3.98%  17.0 1141s
 102874 33558  744.71707   44   49  757.87561  727.90582  3.95%  17.0 1145s
 105243 34189  734.26169   28   59  757.87561  728.23329  3.91%  17.1 1150s
 107873 34931  756.79762   28   26  757.87561  728.54622  3.87%  17.1 1155s
 111094 35723  733.82910   38   37  757.87561  728.87968  3.83%  17.2 1163s
 112358 36055 infeasible   34       757.87561  729.04053  3.80%  17.2 1165s
 115441 36880     cutoff   42       757.87561  729.35391  3.76%  17.2 1176s
 118643 37439  745.59377   30   32  757.87561  729.68825  3.72%  17.3 1183s
 118840 37632     cutoff   31       757.87561  729.71397  3.72%  17.3 1185s
 122042 38379  735.61812   38   46  757.87561  730.03293  3.67%  17.3 1190s
 122648 38534  743.61626   29   64  757.87561  730.09528  3.67%  17.3 1196s
 123956 38767  747.21035   31   57  757.87561  730.21849  3.65%  17.4 1200s
 127111 39500  742.46000   28   51  757.87561  730.55099  3.61%  17.4 1206s
 129691 40049  753.67957   30   32  757.87561  730.86719  3.56%  17.5 1210s
 132228 40478     cutoff   33       757.87561  731.14954  3.53%  17.5 1219s
 132697 40596  741.50602   28   55  757.87561  731.19380  3.52%  17.5 1220s
 134020 40865  753.01390   38   33  757.87561  731.35710  3.50%  17.5 1225s
 136590 41275     cutoff   60       757.87561  731.59580  3.47%  17.6 1230s
 138889 41734  741.63625   32   30  757.87561  731.83627  3.44%  17.6 1235s
 141615 42257     cutoff   23       757.87561  732.07092  3.40%  17.6 1240s
 143796 42756     cutoff   31       757.87561  732.29651  3.38%  17.7 1245s
 146504 43354     cutoff   40       757.87561  732.51854  3.35%  17.7 1250s
 147108 43482  743.53940   34   37  757.87561  732.57839  3.34%  17.7 1258s
 148426 43721  757.16498   39   30  757.87561  732.67726  3.32%  17.7 1260s
 152317 44420  756.15778   40   21  757.87561  733.00082  3.28%  17.7 1265s
 155765 45136  745.70244   44   39  757.87561  733.29641  3.24%  17.8 1270s
 159820 45912  752.76633   30   56  757.87561  733.61299  3.20%  17.8 1275s
 162553 46405  757.19627   23   46  757.87561  733.83082  3.17%  17.8 1280s
 165870 46897  749.94444   31   26  757.87561  734.06884  3.14%  17.8 1285s
 168314 47294  739.74819   28   16  757.87561  734.27899  3.11%  17.8 1290s
 172390 47967  744.41708   37   17  757.87561  734.61999  3.07%  17.9 1295s
 174953 48272  751.16121   49   44  757.87561  734.82658  3.04%  17.9 1300s
 178805 48802  749.03197   33   36  757.87561  735.13735  3.00%  17.9 1305s
 179773 49028  753.61788   30   41  757.87561  735.17864  2.99%  17.9 1312s
 181636 49422  750.97928   30   41  757.87561  735.32674  2.98%  18.0 1315s
 184924 49779     cutoff   30       757.87561  735.56150  2.94%  18.0 1320s
 188131 50310  752.47400   36   45  757.87561  735.81004  2.91%  18.0 1326s
 189994 50503  740.41077   33   51  757.87561  735.95631  2.89%  18.0 1330s
 192482 50820  752.39125   28   28  757.87561  736.12508  2.87%  18.0 1336s
 195243 51060  752.27428   47   33  757.87561  736.30895  2.85%  18.1 1340s
 197926 51274  757.39019   31   37  757.87561  736.48327  2.82%  18.1 1345s
 199597 51433  749.74321   31   56  757.87561  736.61303  2.81%  18.1 1350s
 202287 51740 infeasible   48       757.87561  736.80151  2.78%  18.1 1355s
 205420 52038  746.34368   22   43  757.87561  737.02517  2.75%  18.1 1360s
 207999 52268  755.63855   36   43  757.87561  737.19102  2.73%  18.1 1365s
 211181 52521  752.65559   27   38  757.87561  737.41968  2.70%  18.2 1370s
 214417 52752     cutoff   39       757.87561  737.60841  2.67%  18.2 1375s
 217532 53030     cutoff   33       757.87561  737.82658  2.65%  18.2 1380s
 220714 53218  739.29452   26   12  757.87561  738.01239  2.62%  18.2 1385s
 223872 53422  755.17685   28   51  757.87561  738.24797  2.59%  18.3 1390s
 226518 53565  752.37713   35   47  757.87561  738.43294  2.57%  18.3 1395s
 229817 53762  752.18792   35   31  757.87561  738.65086  2.54%  18.3 1400s
 232995 53902  742.10746   32   61  757.87561  738.86421  2.51%  18.3 1405s
 235866 54081  741.81358   42   44  757.87561  739.04736  2.48%  18.3 1410s
 238827 54157  750.44618   34   34  757.87561  739.21678  2.46%  18.4 1415s
 241575 54270     cutoff   32       757.87561  739.41446  2.44%  18.4 1420s
 244816 54440     cutoff   40       757.87561  739.62674  2.41%  18.4 1425s
 247647 54440     cutoff   36       757.87561  739.80791  2.38%  18.4 1430s
 250321 54582     cutoff   38       757.87561  739.97291  2.36%  18.4 1435s
 253671 54638  750.74938   31   39  757.87561  740.18916  2.33%  18.4 1440s
 256420 54761  748.35487   34   46  757.87561  740.36291  2.31%  18.4 1445s
 259945 54872  752.81531   36   42  757.87561  740.55774  2.29%  18.4 1450s
 263087 54900     cutoff   38       757.87561  740.74318  2.26%  18.5 1455s
 264398 54904  746.80843   38   35  757.87561  740.80441  2.25%  18.5 1460s
 267615 54849     cutoff   33       757.87561  741.00715  2.23%  18.5 1466s
 269146 54875     cutoff   24       757.87561  741.10109  2.21%  18.5 1470s
 271475 54828  747.36219   32   23  757.87561  741.26029  2.19%  18.5 1475s
 275208 54803     cutoff   35       757.87561  741.48107  2.16%  18.5 1481s
 277760 54774  754.57722   32   46  757.87561  741.63466  2.14%  18.5 1485s
 281303 54671     cutoff   26       757.87561  741.83519  2.12%  18.5 1491s
 283739 54492     cutoff   53       757.87561  741.97984  2.10%  18.5 1495s
 287099 54295     cutoff   35       757.87561  742.17731  2.07%  18.5 1501s
 289549 54111  748.27729   30   44  757.87561  742.32327  2.05%  18.5 1505s
 291202 54105  754.67475   47   54  757.87561  742.41153  2.04%  18.6 1510s
 294439 53958     cutoff   37       757.87561  742.60319  2.02%  18.6 1515s
 296874 53778  755.98258   37   31  757.87561  742.76900  1.99%  18.6 1527s
 298455 53742     cutoff   52       757.87561  742.82958  1.99%  18.6 1531s
 301096 53567  744.34560   45   50  757.87561  742.98727  1.96%  18.6 1536s
 303723 53338  752.88817   37   45  757.87561  743.12804  1.95%  18.6 1540s
 306351 53191     cutoff   31       757.87561  743.24871  1.93%  18.6 1545s
 308874 52963  752.40892   43   43  757.87561  743.38848  1.91%  18.6 1550s
 312216 52581  752.19248   34   36  757.87561  743.60653  1.88%  18.7 1556s
 314816 52372     cutoff   32       757.87561  743.76071  1.86%  18.7 1561s
 317440 52109  757.07244   48   22  757.87561  743.92010  1.84%  18.7 1565s
 320099 51852  751.68763   27   35  757.87561  744.07302  1.82%  18.7 1570s
 322627 51543     cutoff   33       757.87561  744.20227  1.80%  18.7 1575s
 326194 51225  748.91397   29   46  757.87561  744.41627  1.78%  18.7 1581s
 328794 50898     cutoff   41       757.87561  744.55988  1.76%  18.7 1586s
 330493 50682     cutoff   36       757.87561  744.66531  1.74%  18.7 1594s
 331266 50577     cutoff   32       757.87561  744.71953  1.74%  18.7 1596s
 333736 50249  756.51575   34   41  757.87561  744.85503  1.72%  18.7 1601s
 336294 49887     cutoff   31       757.87561  745.01435  1.70%  18.7 1606s
 338819 49451  754.46906   39   44  757.87561  745.17353  1.68%  18.7 1610s
 341423 49064     cutoff   29       757.87561  745.33200  1.66%  18.7 1615s
 344039 48680     cutoff   32       757.87561  745.48006  1.64%  18.7 1620s
 345864 48432     cutoff   44       757.87561  745.58851  1.62%  18.7 1625s
 349164 47800  756.47229   61   16  757.87561  745.79628  1.59%  18.8 1631s
 351787 47330  752.00101   33   56  757.87561  745.94386  1.57%  18.8 1636s
 353504 46970     cutoff   34       757.87561  746.04663  1.56%  18.8 1641s
 355305 46640     cutoff   36       757.87561  746.15657  1.55%  18.8 1645s
 357930 46053  751.75017   22   28  757.87561  746.33116  1.52%  18.8 1650s
 361396 45329  753.03597   24   35  757.87561  746.53784  1.50%  18.8 1656s
 364088 44772 infeasible   38       757.87561  746.70137  1.47%  18.8 1661s
 366638 44160  752.05902   34   43  757.87561  746.86353  1.45%  18.8 1665s
 369190 43463  752.60090   36   40  757.87561  747.01621  1.43%  18.8 1670s
 371837 42828     cutoff   31       757.87561  747.17978  1.41%  18.8 1675s
 375307 41845 infeasible   27       757.87561  747.41477  1.38%  18.8 1681s
 377849 41174     cutoff   41       757.87561  747.57214  1.36%  18.8 1686s
 380378 40437     cutoff   35       757.87561  747.73649  1.34%  18.8 1691s
 382153 39896  752.96428   33   32  757.87561  747.84484  1.32%  18.8 1695s
 384653 39153     cutoff   27       757.87561  748.02621  1.30%  18.8 1700s
 387200 38284     cutoff   28       757.87561  748.19741  1.28%  18.8 1705s
 389912 37506     cutoff   33       757.87561  748.36744  1.25%  18.8 1710s
 392548 36626  755.83957   22   58  757.87561  748.53823  1.23%  18.8 1715s
 395128 35802  753.85104   36   44  757.87561  748.70259  1.21%  18.8 1720s
 397684 35012  756.01143   51   44  757.87561  748.88116  1.19%  18.8 1726s
 400360 34043  749.98843   33   41  757.87561  749.04977  1.16%  18.8 1731s
 402995 33104     cutoff   38       757.87561  749.24527  1.14%  18.8 1736s
 405357 32387  753.22094   41   44  757.87561  749.38354  1.12%  18.8 1740s
 407340 31321  756.91390   33   39  757.87561  749.55743  1.10%  18.8 1745s
 409945 30287  754.12613   38   54  757.87561  749.75446  1.07%  18.8 1750s
 412632 29288  755.86210   31   35  757.87561  749.93466  1.05%  18.8 1755s
 415300 28232     cutoff   28       757.87561  750.15712  1.02%  18.8 1760s
 418763 26671     cutoff   45       757.87561  750.42538  0.98%  18.8 1766s
 420388 25864     cutoff   32       757.87561  750.55178  0.97%  18.8 1770s
 422986 24664     cutoff   34       757.87561  750.77057  0.94%  18.8 1775s
 425669 23375     cutoff   32       757.87561  750.99321  0.91%  18.8 1780s
 428332 21928     cutoff   47       757.87561  751.24791  0.87%  18.8 1785s
 431093 20552     cutoff   31       757.87561  751.49224  0.84%  18.8 1790s
 433724 19026  757.69688   40   45  757.87561  751.78055  0.80%  18.8 1795s
 436457 17476     cutoff   40       757.87561  752.07872  0.76%  18.8 1800s
 439045 15853     cutoff   31       757.87561  752.36089  0.73%  18.7 1805s
 441774 14106     cutoff   46       757.87561  752.71552  0.68%  18.7 1810s
 444512 12335     cutoff   44       757.87561  753.07943  0.63%  18.7 1815s
 447241 10516     cutoff   59       757.87561  753.48070  0.58%  18.7 1820s
 450124  8409  755.78892   35   29  757.87561  753.94356  0.52%  18.7 1825s
 453059  6120     cutoff   46       757.87561  754.54230  0.44%  18.6 1830s
 455088  4600     cutoff   34       757.87561  755.01756  0.38%  18.6 1835s
 458089  2111 infeasible   29       757.87561  756.10429  0.23%  18.5 1840s

Cutting planes:
  Gomory: 33
  Cover: 3
  Clique: 11
  MIR: 9
  StrongCG: 1
  Flow cover: 16
  GUB cover: 3
  Zero half: 69
  RLT: 2
  Relax-and-lift: 3
  Lazy constraints: 7421

Explored 460874 nodes (8517439 simplex iterations) in 1844.57 seconds (1069.11 work units)
Thread count was 8 (of 18 available processors)

Solution count 3: 757.876 769.678 773.465 

Optimal solution found (tolerance 1.00e-04)
Best objective 7.578756055701e+02, best bound 7.578756055701e+02, gap 0.0000%

User-callback calls 951040, time in user-callback 1135.35 sec
### START EXACT APPROACH ###
ProblemVariant: 1
### START PREPROCESSING ###
## Start infeasible path procedure ## 
Deleted arcs: 16
Infeasible tail paths: 8
Infeasible 2-node combinations: 8
## Start extended infeasible path procedure ##
Deleted arcs: 16
Infeasible tail paths: 8
Infeasible 2-node combinations: 8
## Start start solution procedure ##
### END PREPROCESSING ###
Route 0 0-2-1-6-10-0 : weight util 0.996444 | volume util 0.456244 | feasible with packing heuristic | feasible with CP model
Route 1 0-3-15-16-14-17-0 : weight util 0.235556 | volume util 0.674356 | infeasible with packing heuristic | feasible with CP model
Route 2 0-7-8-5-4-21-0 : weight util 0.327778 | volume util 0.544978 | infeasible with packing heuristic | feasible with CP model
Route 3 0-9-13-11-12-0 : weight util 0.416667 | volume util 0.693400 | infeasible with packing heuristic | feasible with CP model
Route 4 0-20-22-19-18-0 : weight util 0.287778 | volume util 0.492467 | feasible with packing heuristic | feasible with CP model
