
Gurobi 12.0.1 (win64, C++) logging started Sat Apr 19 16:59:16 2025

Set parameter Username
Academic license - for non-commercial use only - expires 2026-01-06
Set parameter Threads to value 8
Set parameter LazyConstraints to value 1
Set parameter PreCrush to value 1
Set parameter Seed to value 10
Set parameter Cuts to value -1
Set parameter TimeLimit to value 28800
Set parameter NumericFocus to value 0
Set parameter SolutionLimit to value 10000
Gurobi Optimizer version 12.0.1 build v12.0.1rc0 (win64 - Windows Server 2022.0 (20348.2))

CPU model: AMD EPYC 7513 32-Core Processor, instruction set [SSE2|AVX|AVX2]
Thread count: 18 physical cores, 18 logical processors, using up to 8 threads

Non-default parameters:
SolutionLimit  10000
TimeLimit  28800
PreCrush  1
Seed  10
Threads  8
LazyConstraints  1

Optimize a model with 1327 rows, 2601 columns and 7650 nonzeros
Model fingerprint: 0x25efa8e9
Variable types: 0 continuous, 2601 integer (2601 binary)
Coefficient statistics:
  Matrix range     [1e+00, 1e+00]
  Objective range  [2e+00, 9e+01]
  Bounds range     [1e+00, 1e+00]
  RHS range        [1e+00, 1e+01]

Warning: Completing partial solution with 2477 unfixed non-continuous variables out of 2601
User MIP start produced solution with objective 701.725 (0.01s)
Loaded user MIP start with objective 701.725

Presolve removed 7 rows and 65 columns
Presolve time: 0.01s
Presolved: 1320 rows, 2536 columns, 7508 nonzeros
Variable types: 0 continuous, 2536 integer (2536 binary)

Root relaxation: objective 4.918518e+02, 253 iterations, 0.01 seconds (0.01 work units)

    Nodes    |    Current Node    |     Objective Bounds      |     Work
 Expl Unexpl |  Obj  Depth IntInf | Incumbent    BestBd   Gap | It/Node Time

     0     0  491.85180    0   14  701.72506  491.85180  29.9%     -    0s
     0     0  491.85180    0   14  701.72506  491.85180  29.9%     - 1985s
     0     0  498.01074    0    -  701.72506  498.01074  29.0%     - 1985s
     0     0  520.25937    0   36  701.72506  520.25937  25.9%     - 1985s
     0     0  520.88889    0   87  701.72506  520.88889  25.8%     - 1985s
     0     0  523.82818    0   94  701.72506  523.82818  25.4%     - 1985s
     0     0  529.75550    0   95  701.72506  529.75550  24.5%     - 1985s
     0     0  532.88811    0  106  701.72506  532.88811  24.1%     - 1989s
     0     0  532.88811    0  107  701.72506  532.88811  24.1%     - 1990s
     0     0  544.56158    0  114  701.72506  544.56158  22.4%     - 1990s
     0     0  544.75839    0   80  701.72506  544.75839  22.4%     - 1990s
     0     2  544.75839    0   80  701.72506  544.75839  22.4%     - 1992s
    47    50  573.42779    6  141  701.72506  559.98012  20.2%   196 1995s
    91   109  571.78210   10  156  701.72506  559.98012  20.2%   160 2000s
   165   176  575.89565   18  130  701.72506  559.98012  20.2%   127 2005s
   175   207  576.51616   21  138  701.72506  559.98012  20.2%   122 2181s
   827   887  602.32500   87  122  701.72506  559.98012  20.2%  56.0 2185s
   957  1012  606.16121   93   98  701.72506  559.98012  20.2%  52.6 2215s
Warning: Completing partial solution with 2477 unfixed non-continuous variables out of 2601
H 1261  1254                     697.4190544  559.98012  19.7%  46.3 2222s
  1447  1429  577.40128    9  142  697.41905  559.98012  19.7%  43.5 2225s
  1674  1651  668.68954  160   29  697.41905  559.98012  19.7%  40.4 2230s
  1775  1745  575.32983    5  114  697.41905  559.98012  19.7%  39.8 2236s
  1963  2007  641.21151  226   99  697.41905  560.77525  19.6%  39.5 2247s
  2401  2436  664.68147  327   79  697.41905  560.77525  19.6%  39.7 2251s
  2826  2892  577.46703   11  155  697.41905  562.63431  19.3%  39.9 2261s
  3251  3175  587.17868   49   80  697.41905  564.31709  19.1%  39.2 2274s
  3253  3176  605.30548  116  484  697.41905  568.14761  18.5%  39.2 2276s
  3257  3179  593.05212   50  515  697.41905  570.45385  18.2%  39.2 2280s
  3264  3184  600.24784  122  514  697.41905  571.55722  18.0%  39.1 2285s
  3426  3304  582.45478   26  501  697.41905  571.55722  18.0%  44.8 2290s
  3576  3393  584.67147   33  457  697.41905  571.55722  18.0%  48.2 2296s
  3628  3427  586.89673   38  451  697.41905  571.55722  18.0%  49.1 2300s
  3726  3490  601.18002   48    -  697.41905  571.60118  18.0%  50.6 2310s
  3833  3543  591.35674   48  470  697.41905  571.60274  18.0%  52.0 2317s
  4106  3705  607.90982   63  378  697.41905  571.88366  18.0%  55.8 2320s
  4253  3766  575.42009   23  482  697.41905  572.04703  18.0%  57.6 2326s
  4491  3924  605.23390   71  458  697.41905  572.04703  18.0%  59.3 2331s
Warning: Completing partial solution with 2477 unfixed non-continuous variables out of 2601
H 4531  3975                     681.6325616  572.04703  16.1%  59.9 2331s
  4603  3970  607.87644   88  405  681.63256  572.04703  16.1%  60.7 2335s
  4738  4090  622.68442   99    -  681.63256  572.04703  16.1%  61.3 2340s
  4894  4136  630.63351   89    -  681.63256  572.04703  16.1%  61.5 2346s
Warning: Completing partial solution with 2477 unfixed non-continuous variables out of 2601
H 4918  4134                     677.6659036  572.04703  15.6%  61.4 2348s
  4953  4157  645.97830  105  400  677.66590  572.04703  15.6%  61.5 2355s
  4961  4156  602.49024   41  458  677.66590  572.04703  15.6%  61.5 6662s
  5099  4197  615.51520   64    -  677.66590  573.16097  15.4%  62.2 6667s
  5123  4268  663.56938  117  307  677.66590  573.16097  15.4%  62.1 6673s
  5238  4246 infeasible  129       677.66590  573.16097  15.4%  62.4 6683s
  5263  4289  676.86554  132  139  677.66590  573.16097  15.4%  62.7 6687s
  5337  4287  578.75107   20  509  677.66590  573.16097  15.4%  62.9 6690s
Warning: Completing partial solution with 2477 unfixed non-continuous variables out of 2601
H 5347  4279                     675.5664826  573.16097  15.2%  63.0 6734s
  5350  4370  581.13281   21  492  675.56648  573.16097  15.2%  63.1 6735s
  5490  4451  594.64666   36  467  675.56648  573.16097  15.2%  63.8 6740s
  5634  4511  629.17556   56  364  675.56648  573.42924  15.1%  64.6 6754s
  5808  4597  577.44049   25  508  675.56648  573.42924  15.1%  65.0 6770s
H 5999  4489                     657.0576817  573.42924  12.7%  66.2 6771s
  6232  4642  638.26099   81  438  657.05768  574.15385  12.6%  66.6 6776s
  6259  4635     cutoff   68       657.05768  574.15385  12.6%  66.6 6781s
  6611  4914  592.38326   38  231  657.05768  574.32428  12.6%  66.0 6790s
  6819  4973  652.26081   62  449  657.05768  574.90031  12.5%  66.3 6798s
  6956  5103  599.01391   25  462  657.05768  574.90031  12.5%  66.6 6801s
  7147  5173  622.25568   45    -  657.05768  575.51592  12.4%  67.1 6805s
  7506  5448  606.24821   54  449  657.05768  575.55438  12.4%  67.9 6811s
  7676  5400  631.67472   55  353  657.05768  575.55438  12.4%  67.6 6816s
  8001  5749  642.30422  144  377  657.05768  575.55438  12.4%  67.4 6826s
  8137  5718  638.43437   76  390  657.05768  575.55438  12.4%  67.1 6832s
  8322  5876  586.63544   24  452  657.05768  575.55438  12.4%  66.6 6836s
  8615  6065  616.64713   62  463  657.05768  575.55438  12.4%  66.4 6841s
  8915  6005  653.93440   99  299  657.05768  575.55438  12.4%  66.1 6866s
H 8934  5743                     652.5989128  575.55455  11.8%  66.2 6868s
  9037  5825     cutoff   95       652.59891  575.55455  11.8%  66.2 7125s
  9102  6009  586.43506   23  498  652.59891  575.75015  11.8%  66.2 7133s
  9331  6168  593.91708   27  491  652.59891  575.75015  11.8%  66.2 7135s
  9626  6342  630.67355   33  465  652.59891  575.75015  11.8%  66.3 7188s
  9960  6432  645.95160   45  413  652.59891  575.75015  11.8%  66.3 7201s
 10163  6386  626.27174   61  165  652.59891  575.75015  11.8%  65.9 7205s
 10348  6450  584.48893   26  482  652.59891  575.75015  11.8%  66.4 7212s
 10610  6608  590.52229   32  477  652.59891  575.75015  11.8%  66.8 7215s
 11032  6872  602.09564   45  212  652.59891  576.60454  11.6%  67.1 7226s
 11235  7066  611.29353   54  419  652.59891  576.60454  11.6%  67.1 7230s
 11375  7035  602.10427   36  470  652.59891  576.60454  11.6%  67.2 7252s
 11578  7202  615.73515   64  480  652.59891  576.60454  11.6%  67.0 7329s
 11873  7377  620.53100   73  464  652.59891  576.60454  11.6%  67.1 7353s
 12185  7299  588.73789   32  475  652.59891  577.06820  11.6%  67.2 7358s
 12241  7514     cutoff   86       652.59891  577.06820  11.6%  67.2 7360s
 12581  7686  597.30711   29  490  652.59891  577.11819  11.6%  67.7 7403s
 12793  7886  622.17314   36  444  652.59891  577.11819  11.6%  68.9 7405s
 13100  8178  588.10793   25  466  652.59891  577.13109  11.6%  69.4 7570s
 13308  8199  612.52396   42  475  652.59891  577.13109  11.6%  69.4 7584s
 13453  8206  593.92070   25  499  652.59891  577.13109  11.6%  69.6 7588s
 13499  8479  627.98419   65  277  652.59891  577.13109  11.6%  69.6 7594s
 13735  8489  588.35634   26  458  652.59891  577.70108  11.5%  69.6 7598s
 13909  8720  606.66527   61  456  652.59891  577.74347  11.5%  69.8 7606s
 14453  9123  604.32962   53  225  652.59891  577.74347  11.5%  68.9 7620s
 14632  9577  645.86696  133   18  652.59891  577.74347  11.5%  68.7 7631s
 15179 10095  612.73049   51  472  652.59891  577.74347  11.5%  68.1 7641s
 15645 10114  590.43718   25  486  652.59891  578.27719  11.4%  67.7 7661s
 15785 10645  605.02430   36  451  652.59891  578.33023  11.4%  67.8 7665s
 15922 10657  590.27527   24  441  652.59891  578.33023  11.4%  67.8 7673s
 16419 10926  619.07292   53  447  652.59891  578.33023  11.4%  67.5 7677s
 16782 11254  611.60808   35  474  652.59891  578.55792  11.3%  68.2 7686s
 17185 11749  635.49148   46  469  652.59891  578.55792  11.3%  69.0 7690s
 17505 11767  596.91250   25  451  652.59891  578.55792  11.3%  68.7 7719s
 17669 11781     cutoff   54       652.59891  578.55792  11.3%  68.6 7722s
 17836 12190  588.31053   31  486  652.59891  578.55792  11.3%  68.6 7728s
 18373 12680     cutoff  104       652.59891  578.85759  11.3%  68.6 7746s
 18950 13218  631.15466  101  358  652.59891  578.89405  11.3%  68.7 8071s
 19238 13234  587.75905   29  506  652.59891  578.89405  11.3%  68.7 8099s
 19586 13678  618.79598   64  391  652.59891  578.89405  11.3%  68.4 8102s
 20092 14301  644.97754  144  307  652.59891  578.89405  11.3%  67.9 8113s
 20897 14728  622.93527   76  417  652.59891  579.43685  11.2%  67.5 8132s
 21066 14739  586.35759   24  457  652.59891  579.43685  11.2%  67.4 8142s
 21405 15179  594.01835   30  488  652.59891  579.61671  11.2%  67.2 8159s
 21533 15186  593.29513   30  476  652.59891  579.61671  11.2%  67.3 8160s
 21862 15216  618.78442   53  218  652.59891  579.61671  11.2%  67.7 8166s
 21875 15602  619.60905   55  384  652.59891  579.61671  11.2%  67.7 8171s
 21944 15613  630.24948   82  464  652.59891  579.61671  11.2%  67.7 8176s
 22405 16210  588.47738   25  515  652.59891  579.83905  11.1%  67.5 8185s
 22639 16214     cutoff   81       652.59891  579.86972  11.1%  67.6 8190s
 23108 16826  592.62743   30  483  652.59891  579.98586  11.1%  67.4 8201s
 23908 17462  648.06696   51  364  652.59891  580.27552  11.1%  67.2 8217s
 24295 17472     cutoff   72       652.59891  580.28728  11.1%  67.0 8220s
 25294 18709  587.01288   27  497  652.59891  580.45858  11.1%  66.7 8232s
 25924 18730  603.78134   34  465  652.59891  580.46923  11.1%  66.5 8235s
 26983 20112  610.79270   38  470  652.59891  580.73664  11.0%  66.1 8247s
 27078 20119  624.88871   82  319  652.59891  580.78966  11.0%  66.1 8301s
 27843 20839  633.68556   71    -  652.59891  580.93960  11.0%  65.9 8309s
 27968 20843  593.66378   25  493  652.59891  580.95090  11.0%  65.8 8317s
 28689 21430  642.60619  118  311  652.59891  581.08341  11.0%  65.7 8332s
 28992 21460  619.27420   70  458  652.59891  581.08341  11.0%  65.8 8336s
 29383 21897  600.62557   44  443  652.59891  581.22113  10.9%  65.6 8343s

Cutting planes:
  Gomory: 4
  MIR: 3
  Flow cover: 1
  Zero half: 7
  Lazy constraints: 3846

Explored 29952 nodes (1975442 simplex iterations) in 28800.92 seconds (250.39 work units)
Thread count was 8 (of 18 available processors)

Solution count 7: 652.599 657.058 675.566 ... 701.725

Solve interrupted
Best objective 6.525989128162e+02, best bound 5.812211316994e+02, gap 10.9375%

User-callback calls 68503, time in user-callback 28665.09 sec
### START EXACT APPROACH ###
ProblemVariant: 5
### START PREPROCESSING ###
## Start infeasible path procedure ## 
Deleted arcs: 14
Infeasible tail paths: 0
Infeasible 2-node combinations: 7
## Start extended infeasible path procedure ##
Deleted arcs: 14
Infeasible tail paths: 0
Infeasible 2-node combinations: 7
## Start start solution procedure ##
Start solution with 9 Vehicles and total costs 701.725 in 19.0346 s.
### END PREPROCESSING ###
Route 0 0-1-22-28-31-26-8-27-0 : weight util 0.531250 | volume util 0.888222 | infeasible with packing heuristic | feasible with CP model
Route 1 0-4-42-19-40-41-13-25-14-0 : weight util 0.856250 | volume util 0.765289 | infeasible with packing heuristic | feasible with CP model
Route 2 0-5-49-10-39-33-45-15-44-17-0 : weight util 0.750000 | volume util 0.854511 | infeasible with packing heuristic | feasible with CP model
Route 3 0-11-32-0 : weight util 0.193750 | volume util 0.330800 | feasible with packing heuristic | feasible with CP model
Route 4 0-21-29-20-35-36-3-0 : weight util 0.506250 | volume util 0.827800 | infeasible with packing heuristic | feasible with CP model
Route 5 0-37-12-0 : weight util 0.237500 | volume util 0.511867 | feasible with packing heuristic | feasible with CP model
Route 6 0-46-38-9-30-34-50-16-2-0 : weight util 0.818750 | volume util 0.810889 | infeasible with packing heuristic | feasible with CP model
Route 7 0-47-18-0 : weight util 0.412500 | volume util 0.345933 | feasible with packing heuristic | feasible with CP model
Route 8 0-48-23-7-43-24-6-0 : weight util 0.550000 | volume util 0.764178 | infeasible with packing heuristic | feasible with CP model
