
Gurobi 12.0.1 (win64, C++) logging started Fri Apr 18 08:54:39 2025

Set parameter Username
Academic license - for non-commercial use only - expires 2026-01-06
Set parameter Threads to value 8
Set parameter LazyConstraints to value 1
Set parameter PreCrush to value 1
Set parameter Seed to value 10
Set parameter Cuts to value -1
Set parameter TimeLimit to value 28800
Set parameter NumericFocus to value 0
Set parameter SolutionLimit to value 10000
Gurobi Optimizer version 12.0.1 build v12.0.1rc0 (win64 - Windows Server 2022.0 (20348.2))

CPU model: AMD EPYC 7513 32-Core Processor, instruction set [SSE2|AVX|AVX2]
Thread count: 18 physical cores, 18 logical processors, using up to 8 threads

Non-default parameters:
SolutionLimit  10000
TimeLimit  28800
PreCrush  1
Seed  10
Threads  8
LazyConstraints  1

Optimize a model with 562 rows, 1089 columns and 3168 nonzeros
Model fingerprint: 0xd14f9a2a
Variable types: 0 continuous, 1089 integer (1089 binary)
Coefficient statistics:
  Matrix range     [1e+00, 1e+00]
  Objective range  [1e+00, 1e+02]
  Bounds range     [1e+00, 1e+00]
  RHS range        [1e+00, 9e+00]

Warning: Completing partial solution with 1006 unfixed non-continuous variables out of 1089
User MIP start produced solution with objective 1197.68 (0.00s)
Loaded user MIP start with objective 1197.68

Presolve removed 6 rows and 45 columns
Presolve time: 0.01s
Presolved: 556 rows, 1044 columns, 3068 nonzeros
Variable types: 0 continuous, 1044 integer (1044 binary)

Root relaxation: objective 7.477113e+02, 143 iterations, 0.00 seconds (0.00 work units)

    Nodes    |    Current Node    |     Objective Bounds      |     Work
 Expl Unexpl |  Obj  Depth IntInf | Incumbent    BestBd   Gap | It/Node Time

     0     0  747.71134    0   30 1197.68438  747.71134  37.6%     -    0s
     0     0  760.84254    0   36 1197.68438  760.84254  36.5%     -    0s
H    0     0                    1197.3890036  760.84254  36.5%     -    0s
     0     0  853.04478    0    - 1197.38900  853.04478  28.8%     -    0s
     0     0  875.63928    0    - 1197.38900  875.63928  26.9%     -    0s
     0     0  889.51088    0   40 1197.38900  889.51088  25.7%     -    0s
     0     0  896.58990    0    - 1197.38900  896.58990  25.1%     -    3s
     0     0  918.35431    0    - 1197.38900  918.35431  23.3%     -    3s
     0     0  919.19157    0    - 1197.38900  919.19157  23.2%     -    3s
     0     0  919.68137    0    - 1197.38900  919.68137  23.2%     -    3s
     0     0  924.12337    0   69 1197.38900  924.12337  22.8%     -    3s
     0     0  924.12337    0   61 1197.38900  924.12337  22.8%     -    4s
     0     2  924.12337    0   61 1197.38900  924.12337  22.8%     -    4s
     7    16  960.66681    3   18 1197.38900  942.91778  21.3%   137    5s
   178   190 1004.05389   21   75 1197.38900  960.79730  19.8%  86.3   10s
   597   631 1006.99547   62   73 1197.38900  961.69233  19.7%  49.5   45s
  1283  1352 1039.17252  133   65 1197.38900  961.69233  19.7%  33.7   50s
  1795  1719 1021.76104   60   61 1197.38900  963.69169  19.5%  31.6   59s
  1797  1720 1038.39873   90  402 1197.38900  987.78045  17.5%  31.5   60s
  1805  1726 1047.08965  108  508 1197.38900  995.59065  16.9%  31.4   65s
  2038  1881 1005.77218   29  192 1197.38900  995.59530  16.9%  39.9   70s
  2301  2015  997.49521   31  472 1197.38900  995.60744  16.9%  43.6   75s
  2467  2086  997.56763   24  446 1197.38900  995.60744  16.9%  44.0   81s
  2724  2260 1014.64588   47  196 1197.38900  995.90325  16.8%  45.4   85s
  2812  2305 1032.17015   53    - 1197.38900  995.93911  16.8%  45.4  939s
  2854  2302 1048.91951   59  162 1197.38900  995.93911  16.8%  45.3  943s
  3024  2353 1034.48018   63   95 1197.38900  995.93911  16.8%  45.3  947s
  3054  2349 1011.10767   27  430 1197.38900  995.93911  16.8%  45.4  953s
  3201  2450  997.76221   22  485 1197.38900  995.93911  16.8%  45.9  955s
  3246  2523 1057.98166   78  447 1197.38900  995.93911  16.8%  46.0  961s
  3643  2675 1007.02956   21  359 1197.38900  996.43993  16.8%  46.8  971s
  3783  2761 1014.56127   35  321 1197.38900  996.43993  16.8%  47.7  981s
  3999  2917 1047.46561   41  134 1197.38900  996.43993  16.8%  49.4  985s
  4364  3054 1010.15653   29  333 1197.38900  996.47235  16.8%  50.8  990s
  4454  3139 1053.12307   50  290 1197.38900  996.47235  16.8%  50.9 1002s
  4640  3224  999.34567   21  480 1197.38900  996.47235  16.8%  50.7 1328s
  4960  3390 1026.30407   32   97 1197.38900  996.70860  16.8%  51.5 1448s
  5040  3382 1083.97719   58    - 1197.38900  996.70860  16.8%  51.2 1450s
  5160  3473 1038.16204   62  213 1197.38900  996.71505  16.8%  51.6 1455s
  5491  3636 1034.50987   36  216 1197.38900  996.71505  16.8%  52.3 1460s
  5841  3796 1106.73725   59    - 1197.38900  996.71505  16.8%  53.2 1466s
  5977  3807 1114.99597   64    - 1197.38900  996.91290  16.7%  53.7 1470s
  6268  3996 1029.61837   43    - 1197.38900  996.94500  16.7%  54.1 1476s
  6457  4025 1040.14616   50  184 1197.38900  997.00740  16.7%  54.5 1487s
  6555  4137 1057.15146   52  466 1197.38900  997.00740  16.7%  54.8 1491s
  6808  4177 1078.19336   66  281 1197.38900  997.10121  16.7%  54.8 1495s
  7081  4455 1017.51780   27  395 1197.38900  997.25642  16.7%  55.6 1500s
  7523  4831 1032.76621   44  113 1197.38900  997.25642  16.7%  56.1 1506s
  7765  5011  999.30878   31  511 1197.38900  997.25642  16.7%  56.4 1520s
  8487  5495 1105.41658   76  227 1197.38900  997.39018  16.7%  57.2 1534s
  8595  5685 1079.75912   91    - 1197.38900  997.39018  16.7%  57.3 1536s
  8871  5922 1015.75736   35  164 1197.38900  997.39018  16.7%  57.6 1540s
  9279  6275 1057.21446   58  275 1197.38900  997.45596  16.7%  58.0 1545s
  9640  6542 1031.22229   31  369 1197.38900  997.53810  16.7%  58.0 1619s
  9692  6551 1022.21814   26  358 1197.38900  997.54382  16.7%  58.0 1620s
 10602  7334 1041.71251   52  131 1197.38900  997.54382  16.7%  57.9 1629s
 10890  7379 1079.74831   47  283 1197.38900  997.54382  16.7%  57.6 1740s
 11140  7692 infeasible   66      1197.38900  997.54382  16.7%  57.4 1745s
 11457  7986 infeasible   56      1197.38900  997.54382  16.7%  57.6 2086s
 12249  8657 1013.31105   29  420 1197.38900  997.54382  16.7%  58.1 2090s
 12797  9000 1038.14967   45  269 1197.38900  997.54382  16.7%  58.3 2098s
 13097  9090 1019.73144   42   90 1197.38900  998.10386  16.6%  58.2 2103s
 13162  9175 1017.77615   41  146 1197.38900  998.10386  16.6%  58.3 2108s
 13342  9507 1028.79818   49  142 1197.38900  998.11856  16.6%  58.3 2127s
 13826  9709 1066.90121   70  315 1197.38900  998.11856  16.6%  58.3 2132s
 14071 10076 1015.55829   28  275 1197.38900  998.11856  16.6%  58.4 2139s
 14237 10090 1021.05699   34  335 1197.38900  998.11856  16.6%  58.5 2140s
 14398 10101 1014.77459   31  404 1197.38900  998.11856  16.6%  58.6 2145s
 15068 10907 1109.24698   99  344 1197.38900  998.25955  16.6%  59.0 2153s
 15271 10929 1067.28036   47  311 1197.38900  998.35899  16.6%  58.9 2157s
 15626 11379 1027.56579   38  338 1197.38900  998.35899  16.6%  58.8 2169s
 16154 11821 1072.06171   69  203 1197.38900  998.35899  16.6%  59.2 2175s
 16422 11846 infeasible   67      1197.38900  998.53242  16.6%  59.3 2194s
 16604 11872 1069.95326   66  438 1197.38900  998.53242  16.6%  59.2 2195s
 16901 12303 1047.46453   62  199 1197.38900  998.53242  16.6%  59.4 2205s
 17297 12749 1066.45104   65  437 1197.38900  998.53242  16.6%  59.7 2211s
 17909 13024 1022.07349   26  420 1197.38900  998.53242  16.6%  59.8 2217s
 18200 13563 1053.92844   52  340 1197.38900  998.53242  16.6%  59.7 2222s
 18909 14096 1062.26216   57   79 1197.38900  998.69544  16.6%  59.8 2231s
 19312 14132 1096.34527   84  190 1197.38900  998.75000  16.6%  59.9 2326s
 19956 14761 1044.53709   45  144 1197.38900  998.83107  16.6%  59.8 2333s
 20321 15022 1072.40135   71   25 1197.38900  998.83695  16.6%  59.8 2339s
 20467 15054 1029.56292   30  310 1197.38900  998.83695  16.6%  59.7 2340s
 20798 15531 1063.29355   81  393 1197.38900  998.83695  16.6%  59.7 2357s
 21231 15564 1028.24319   39  311 1197.38900  998.94568  16.6%  59.9 2367s
 21453 16049 1032.38871   38  464 1197.38900  998.94568  16.6%  59.8 2374s
 22050 16642 1088.36724   59    - 1197.38900  999.17478  16.6%  60.0 2384s
 22376 16692 1041.51035   45  266 1197.38900  999.17478  16.6%  59.9 2396s
Warning: Completing partial solution with 1006 unfixed non-continuous variables out of 1089
H22569 16716                    1196.2506068  999.17478  16.5%  59.9 2398s
 22825 17040 1016.09267   25  379 1196.25061  999.17478  16.5%  60.0 2403s
 23225 17682 1122.00332   74  305 1196.25061  999.17478  16.5%  59.9 2409s
 24048 18200 1022.98427   37  226 1196.25061  999.56221  16.4%  59.6 2429s
 24677 18836 1020.64542   27  497 1196.25061  999.71579  16.4%  59.2 2434s
 24765 18840 1106.53530   82  378 1196.25061  999.71579  16.4%  59.2 2435s
 25491 19278 1078.21756   64  415 1196.25061  999.81789  16.4%  58.9 2441s
 25851 19315 1011.84094   33  458 1196.25061 1000.00250  16.4%  58.8 2495s
 26636 19826 1056.33469   46  201 1196.25061 1000.30720  16.4%  58.7 2506s
 27247 20715 1016.66903   32  353 1196.25061 1000.34389  16.4%  58.4 2517s
 27877 21214 1014.92336   37  481 1196.25061 1000.51704  16.4%  58.2 2534s
 28271 21240 1084.23629   80  388 1196.25061 1000.52740  16.4%  58.1 2546s
 28578 21662 1055.27937   57  343 1196.25061 1000.52740  16.4%  58.1 2557s
 28982 22072 1079.95798   54  139 1196.25061 1000.74617  16.3%  58.1 2561s
Warning: Completing partial solution with 1006 unfixed non-continuous variables out of 1089
H29199 22086                    1195.3304482 1000.74617  16.3%  58.1 2565s
 29451 22179 1035.36072   45  409 1195.33045 1000.74617  16.3%  58.2 2570s
 29550 22477 1039.50079   45  359 1195.33045 1000.74617  16.3%  58.2 2628s
 29981 22557 1041.07285   53   93 1195.33045 1000.89543  16.3%  58.2 2654s
 30077 22743 1042.34181   54  149 1195.33045 1000.89543  16.3%  58.2 2656s
 30325 23193 1048.10859   61    - 1195.33045 1000.93477  16.3%  58.2 5244s
 30588 23227 1025.09855   32  327 1195.33045 1000.93477  16.3%  58.2 5275s
Warning: Completing partial solution with 1006 unfixed non-continuous variables out of 1089
H30652 23216                    1193.2199996 1000.93477  16.1%  58.1 5276s
 30999 23670 1006.36635   24  413 1193.22000 1001.05173  16.1%  58.2 5297s
 31199 23683 1045.08460   37  321 1193.22000 1001.05173  16.1%  58.1 5451s
 31704 24273 1032.35312   36  391 1193.22000 1001.15326  16.1%  58.1 5474s
 32300 24825 1047.92058   64  363 1193.22000 1001.28639  16.1%  57.9 5486s
 32926 25321 1049.94278   71  196 1193.22000 1001.39860  16.1%  57.9 5494s
 33453 25358 1084.98665   82  415 1193.22000 1001.50583  16.1%  57.7 5501s
 34290 26439 1102.93129   50  194 1193.22000 1001.61720  16.1%  57.7 5526s
 34600 26483 infeasible   56      1193.22000 1001.66568  16.1%  57.6 5536s
 35051 27029 1023.09179   37  394 1193.22000 1001.74581  16.0%  57.5 5544s
 35123 27035 1022.58894   42  442 1193.22000 1001.74581  16.0%  57.5 5547s
 35832 27619 1069.47355   60  396 1193.22000 1001.86271  16.0%  57.3 5555s
 36556 28142 1135.12027   68    - 1193.22000 1002.01451  16.0%  57.2 5666s
 37175 28204 1100.17566   82  203 1193.22000 1002.17780  16.0%  57.1 5670s
 37260 28409 1188.07031   98  245 1193.22000 1002.17780  16.0%  57.1 5686s
 37557 28973 1065.03415   52   53 1193.22000 1002.17780  16.0%  57.1 5691s
 38332 29561 1037.21111   38  448 1193.22000 1002.41016  16.0%  57.0 5698s
Warning: Completing partial solution with 1006 unfixed non-continuous variables out of 1089
H38521 29572                    1191.9196967 1002.41016  15.9%  57.0 5706s
 38602 29574 1023.24733   42  323 1191.91970 1002.41016  15.9%  57.0 5802s
 39041 29736 1103.29891   69   74 1191.91970 1002.41016  15.9%  57.0 5810s
 39114 29747 1029.45158   37  470 1191.91970 1002.41016  15.9%  57.0 5825s
 39398 30131 1014.21516   29  295 1191.91970 1002.51764  15.9%  57.0 5834s
 39591 30164 1065.50656   66  168 1191.91970 1002.51764  15.9%  56.9 5841s
 39765 30507 1141.57864   87  104 1191.91970 1002.51764  15.9%  56.9 5846s
 40261 31075 1040.48826   46  290 1191.91970 1002.51764  15.9%  56.9 5854s
 40723 31114 1060.46456   36  406 1191.91970 1002.67356  15.9%  56.9 5869s
 40991 31640 1084.35425   71  372 1191.91970 1002.72924  15.9%  56.9 5872s
H41457 31657                    1190.4687225 1002.74254  15.8%  56.8 5882s
 41618 31671     cutoff   97      1190.46872 1002.89949  15.8%  56.8 5885s
 42209 32196 1085.06557   55  388 1190.46872 1002.91494  15.8%  56.7 5900s
 42418 32768 1062.86555   69  328 1190.46872 1003.00420  15.7%  56.7 5980s
 43659 33309 1055.22698   58  211 1190.46872 1003.05818  15.7%  56.5 5995s
 44412 34141 1076.23711   90  391 1190.46872 1003.34931  15.7%  56.5 6073s
 44466 34150 1028.52997   36  450 1190.46872 1003.34931  15.7%  56.5 6095s
 44938 34708 1049.88054   49  467 1190.46872 1003.49205  15.7%  56.5 6111s
 45273 34735 1018.14662   36  466 1190.46872 1003.50119  15.7%  56.5 6122s
 45613 35239 1101.60029   73  355 1190.46872 1003.56167  15.7%  56.5 6136s
 45759 35242 1098.62439   73  121 1190.46872 1003.64110  15.7%  56.5 6148s
H45919 35249                    1188.8273046 1003.64110  15.6%  56.4 6156s
 46173 35276 1057.00597   39  370 1188.82730 1003.65585  15.6%  56.5 6171s
 46282 35790 1084.95846   68   98 1188.82730 1003.65585  15.6%  56.4 6187s
 46987 36231 1176.69971   97  339 1188.82730 1003.85076  15.6%  56.4 6197s
 47525 36522 1018.66202   30  444 1188.82730 1003.85847  15.6%  56.5 6204s
 47731 36541 1079.29978   50  174 1188.82730 1003.85847  15.6%  56.5 7053s
 47892 37027 1029.60768   36  425 1188.82730 1003.85847  15.6%  56.5 7061s
 48604 37400 1088.65421   65  329 1188.82730 1003.85847  15.6%  56.5 7072s
 49011 37981 1039.07892   34  382 1188.82730 1004.20507  15.5%  56.5 8068s
H49523 38021                    1188.5112557 1004.20507  15.5%  56.4 8080s
 49748 38451 1024.51209   34  462 1188.51126 1004.28777  15.5%  56.4 8089s
 50337 39010 1028.29075   38  491 1188.51126 1004.48006  15.5%  56.4 8099s
 50403 39012 1067.27967   64  380 1188.51126 1004.48006  15.5%  56.4 8101s
 50822 39039 1032.73631   38  213 1188.51126 1004.48006  15.5%  56.4 8353s
 50966 39116 1115.30247  102  160 1188.51126 1004.48006  15.5%  56.4 8356s
 51070 39487 1117.62865  103  149 1188.51126 1004.50864  15.5%  56.4 8360s
 51551 39978 1100.68409   65    - 1188.51126 1004.50864  15.5%  56.3 8367s
H51746 39994                    1186.9732444 1004.50864  15.4%  56.3 8369s
 51776 39997 1016.30300   27  352 1186.97324 1004.55185  15.4%  56.2 8370s
 52362 40645 1038.35188   37  114 1186.97324 1004.61610  15.4%  56.2 8381s
 53103 41126 1141.84573  118  278 1186.97324 1004.75188  15.4%  56.1 8436s
 53191 41137 1038.81116   40  237 1186.97324 1004.75188  15.4%  56.1 8718s
 53491 41165 1081.00408   77  285 1186.97324 1004.81069  15.3%  56.1 8720s
 53726 41606 1040.10390   47  411 1186.97324 1004.81910  15.3%  56.0 8728s
 54137 41647 1036.54279   30  334 1186.97324 1004.84808  15.3%  56.1 8744s
 54349 42026 1022.67101   34  337 1186.97324 1004.84808  15.3%  56.1 8747s
 54719 42061 1105.65231   51   90 1186.97324 1004.94197  15.3%  56.1 8751s
 54895 42599 1038.44889   46  452 1186.97324 1004.94197  15.3%  56.1 8756s
 55462 42647 1043.35209   45  408 1186.97324 1005.12203  15.3%  56.0 8769s
 55612 43085 1014.58288   26  447 1186.97324 1005.14178  15.3%  56.0 8773s
 55890 43102 1137.43290   76  290 1186.97324 1005.14178  15.3%  56.0 8858s
 56172 43550 1067.12216   82  470 1186.97324 1005.14178  15.3%  56.1 8863s
 56355 43573 1031.87890   34  285 1186.97324 1005.14178  15.3%  56.0 8866s
 56694 43608 1040.13817   43  429 1186.97324 1005.23340  15.3%  56.1 8879s
 56802 44074 1070.37050   54  398 1186.97324 1005.23340  15.3%  56.0 8882s
 57365 44110 1031.63073   28  481 1186.97324 1005.32927  15.3%  56.0 8916s
 58105 45113 1144.64465  102    - 1186.97324 1005.40226  15.3%  55.9 9203s
 58740 45169 1068.54570   55  271 1186.97324 1005.49768  15.3%  55.8 9207s
 59443 46111 infeasible   77      1186.97324 1005.53759  15.3%  55.8 9215s
 59972 46136 infeasible   57      1186.97324 1005.58251  15.3%  55.7 9224s
 60054 46553 1019.97341   31  228 1186.97324 1005.58251  15.3%  55.7 9226s
 60418 46572 1073.49676   64  426 1186.97324 1005.58251  15.3%  55.8 10577s
 60570 46594 1045.27439   45  142 1186.97324 1005.58251  15.3%  55.8 10640s
 60625 47022 infeasible  104      1186.97324 1005.58251  15.3%  55.8 10661s
 61237 47496 1081.99455   53    - 1186.97324 1005.76065  15.3%  55.8 10668s
 61854 48037 1036.88589   44  462 1186.97324 1005.90960  15.3%  55.8 11708s
 61948 48038 1040.41208   42  357 1186.97324 1005.90960  15.3%  55.7 11710s
 62520 48507 1036.84759   34  418 1186.97324 1005.96954  15.2%  55.7 11752s
 62840 48519 1139.26816   79   24 1186.97324 1005.99623  15.2%  55.7 11758s
 62922 48537 infeasible   74      1186.97324 1006.02527  15.2%  55.7 11761s
 63120 49006 1067.02736   55  255 1186.97324 1006.03087  15.2%  55.7 11767s
 63776 49572 1090.04123   67  144 1186.97324 1006.11658  15.2%  55.6 11774s
 64050 49598 1061.44692   54   88 1186.97324 1006.11658  15.2%  55.6 11775s
 64530 50056 1120.61758   74  106 1186.97324 1006.19725  15.2%  55.5 11780s
 65079 50174 1112.23203   84  272 1186.97324 1006.29138  15.2%  55.5 11786s
 65118 50174 1099.82145   66  129 1186.97324 1006.29138  15.2%  55.5 11797s
 65200 50638 1112.30101   85  288 1186.97324 1006.29138  15.2%  55.5 11800s
 65829 51008 1023.09257   35  390 1186.97324 1006.35708  15.2%  55.5 11828s
 66237 51317 1056.39932   43  215 1186.97324 1006.51023  15.2%  55.7 11835s
 66514 51353 1032.89618   32  383 1186.97324 1006.51023  15.2%  55.8 11840s
 67043 51825 1046.34695   48  394 1186.97324 1006.52701  15.2%  55.8 11849s
 67250 52272 1043.72244   43  356 1186.97324 1006.57869  15.2%  55.8 11852s
 67837 52662 1078.54429   70  179 1186.97324 1006.64900  15.2%  55.8 11871s
 68066 52696 1040.74316   42  465 1186.97324 1006.68408  15.2%  55.8 11876s
H68291 52598                    1183.3200325 1006.70340  14.9%  55.8 11881s
 68983 53159 1037.96423   38  505 1183.32003 1006.71312  14.9%  55.8 11885s
 69742 54155 1043.22659   50  365 1183.32003 1006.84554  14.9%  55.7 11901s
H69889 54027                    1179.6195549 1006.84554  14.6%  55.7 11905s
 70327 54458 1043.66640   40  433 1179.61955 1006.93366  14.6%  55.7 11915s
 70865 54973     cutoff  106      1179.61955 1006.97410  14.6%  55.6 11920s
 71361 55012 1041.67635   47  327 1179.61955 1006.97410  14.6%  55.6 11932s
 71514 55459 1106.61246   62  167 1179.61955 1006.97410  14.6%  55.6 11935s
 72132 55853 1063.33041   49  410 1179.61955 1007.11690  14.6%  55.5 11947s
 72630 56305 1053.52556   50  458 1179.61955 1007.12196  14.6%  55.6 12197s
 73188 56735 1139.79688   90  169 1179.61955 1007.17210  14.6%  55.6 12204s
 73768 57134 1075.28332   69  414 1179.61955 1007.28546  14.6%  55.6 12209s
 73992 57156 1084.74090   65  238 1179.61955 1007.29871  14.6%  55.6 12212s
 74273 57513 1035.73350   43   52 1179.61955 1007.33769  14.6%  55.6 12217s
 74338 57520 1048.59686   45  429 1179.61955 1007.33769  14.6%  55.6 12232s
 74696 57546 1025.80257   38  101 1179.61955 1007.34983  14.6%  55.7 12240s
 75291 58470 1057.64627   57  446 1179.61955 1007.41470  14.6%  55.7 12289s
 75378 58472 1041.70486   44  487 1179.61955 1007.43002  14.6%  55.7 12290s
 75944 58937 1051.59337   48  379 1179.61955 1007.51127  14.6%  55.6 12299s
 76548 59340 1058.49637   41  145 1179.61955 1007.55229  14.6%  55.6 12320s
 77028 59665 1044.80443   46  144 1179.61955 1007.55229  14.6%  55.6 12326s
 77427 59703 1047.50543   38  347 1179.61955 1007.59490  14.6%  55.7 12331s
 77972 60478 1022.37924   42  245 1179.61955 1007.62731  14.6%  55.8 12361s
 78381 60506 1038.97045   55  368 1179.61955 1007.68799  14.6%  55.8 12385s
 78738 60918 infeasible   33      1179.61955 1007.70576  14.6%  55.7 12395s
 79023 61345 1052.03025   47  486 1179.61955 1007.70576  14.6%  55.8 12518s
 79504 61375 1028.79599   39  321 1179.61955 1007.70576  14.6%  55.8 12531s
 79629 61678 1106.41801   75  262 1179.61955 1007.70576  14.6%  55.8 12536s
 79951 62115 1117.39798   49  146 1179.61955 1007.80241  14.6%  55.9 12543s
 80486 62411 1017.63206   39  163 1179.61955 1007.80241  14.6%  55.9 12560s
 80927 62816 infeasible   86      1179.61955 1007.89402  14.6%  56.0 12574s
 81411 63251 1023.12922   34  217 1179.61955 1007.94278  14.6%  56.0 12587s
 82036 63744 1025.17154   27  500 1179.61955 1007.97392  14.6%  56.0 12607s
 82627 64139 1071.77773   68  382 1179.61955 1008.06712  14.5%  55.9 12618s
 83116 64557 1051.30351   44  288 1179.61955 1008.09164  14.5%  56.0 12630s
 83698 64889 1116.92008   69  132 1179.61955 1008.09164  14.5%  56.0 12640s
 83910 64934 1101.11676   86  244 1179.61955 1008.09164  14.5%  56.0 12653s
 84236 65277 1037.42221   43  123 1179.61955 1008.14504  14.5%  56.0 12706s
 84678 65733 1063.25911   64  348 1179.61955 1008.14504  14.5%  56.1 13642s
 84817 65748 1036.67660   31  459 1179.61955 1008.21460  14.5%  56.1 13645s
 84913 65761 1069.48731   59  309 1179.61955 1008.21460  14.5%  56.1 13650s
 85276 66234 1037.08633   39  397 1179.61955 1008.27343  14.5%  56.0 13656s
 85903 66686 1079.52893   47  372 1179.61955 1008.29815  14.5%  56.0 13670s
 86427 67092 1075.64579   72  359 1179.61955 1008.29886  14.5%  56.0 13677s
 86928 67530 1014.12985   30  461 1179.61955 1008.40995  14.5%  56.0 13692s
 87452 68026 1076.43054   44  197 1179.61955 1008.42060  14.5%  56.0 13723s
 88067 68396 1113.10723   93  357 1179.61955 1008.51640  14.5%  55.9 13729s
 88167 68409 1018.57327   43  441 1179.61955 1008.51640  14.5%  55.9 13730s
 88546 68856 1087.64830   75  459 1179.61955 1008.52434  14.5%  55.9 13739s
 88854 68883 1067.42105   48  376 1179.61955 1008.56016  14.5%  55.9 13746s
 89090 68896 1059.02251   60  356 1179.61955 1008.60496  14.5%  55.9 13750s
 89578 69372 1084.49810   62  275 1179.61955 1008.60496  14.5%  55.9 13756s
 89729 69664 1024.88889   35  350 1179.61955 1008.62005  14.5%  55.8 13770s
 89899 69673 1121.74921  101   68 1179.61955 1008.62005  14.5%  55.8 13828s
 90122 70083 1030.62890   39  423 1179.61955 1008.62005  14.5%  55.8 13834s
 90271 70109 1032.43860   38  214 1179.61955 1008.64921  14.5%  55.8 13839s
 90694 70526 1035.55708   39  437 1179.61955 1008.70180  14.5%  55.8 13899s
 91196 70991 1023.07206   32  243 1179.61955 1008.78879  14.5%  55.8 13912s
 91349 71010 1057.14190   55  244 1179.61955 1008.78879  14.5%  55.8 13915s
 91772 71435 1111.69089   57  292 1179.61955 1008.84979  14.5%  55.8 13922s
 92223 71468 1081.53138   75  165 1179.61955 1008.86426  14.5%  55.8 13927s
 92309 71911 1125.70507   74  179 1179.61955 1008.86426  14.5%  55.8 13931s
 92785 71926 1013.41162   34  231 1179.61955 1008.89681  14.5%  55.8 13936s
 92836 72311 1169.84101   93   24 1179.61955 1008.89681  14.5%  55.8 13975s
 93077 72347 1050.08597   43  420 1179.61955 1008.92246  14.5%  55.7 13999s
 93221 72359 1133.57385  103  414 1179.61955 1008.92246  14.5%  55.7 14008s
 93416 72740 1089.61555   53  227 1179.61955 1008.95858  14.5%  55.7 14031s
 93935 73237 1026.24688   33  288 1179.61955 1009.00215  14.5%  55.7 14384s
H94016 73182                    1178.6559940 1009.00215  14.4%  55.7 14393s
 94505 73533 1032.49728   38  199 1178.65599 1009.00215  14.4%  55.7 14397s
 94870 73572 1034.32994   46  442 1178.65599 1009.01785  14.4%  55.8 14697s
 94961 73877 1073.49976   67  285 1178.65599 1009.01785  14.4%  55.8 14700s
 95127 73894 1036.39058   44  418 1178.65599 1009.03288  14.4%  55.8 14705s
 95399 74207 1029.75995   35  407 1178.65599 1009.04669  14.4%  55.8 14714s
 95791 74255 infeasible  109      1178.65599 1009.06265  14.4%  55.8 14725s
 95936 74588 1031.89916   43  442 1178.65599 1009.06265  14.4%  55.8 14730s
 96201 74604 1053.15913   49  421 1178.65599 1009.12065  14.4%  55.9 14735s
 96275 74940 1154.18491   73  158 1178.65599 1009.12065  14.4%  55.9 14745s
 96671 75270 1117.20967   79  286 1178.65599 1009.12065  14.4%  55.9 14753s
 97112 75690 1080.03860   42  396 1178.65599 1009.12065  14.4%  55.9 14766s
 97639 76098 1031.87346   45  393 1178.65599 1009.20999  14.4%  55.9 14777s
 97682 76103 1131.18724   97  289 1178.65599 1009.20999  14.4%  55.9 14780s
 98129 76472 1041.81280   53  348 1178.65599 1009.20999  14.4%  55.9 14827s
H98323 76272                    1176.2563589 1009.21920  14.2%  55.9 14831s
 98618 76651 1115.33335   41   44 1176.25636 1009.23436  14.2%  55.9 14839s
 98967 76677 1108.25409   98  359 1176.25636 1009.23436  14.2%  55.9 14840s
 99147 76996 1062.52317   58  165 1176.25636 1009.23436  14.2%  55.9 15092s
 99453 77007 1062.13396   54  485 1176.25636 1009.23436  14.2%  56.0 15095s
 99938 77604 1063.65872   46  348 1176.25636 1009.28170  14.2%  56.0 15123s
 100007 77620 1165.66892   73  103 1176.25636 1009.28170  14.2%  56.0 15126s
 100375 77929 1062.51982   36  240 1176.25636 1009.31355  14.2%  56.0 15148s
 100783 78280 1038.80276   42  176 1176.25636 1009.37153  14.2%  56.1 15152s
 101258 78668 1024.87934   44  376 1176.25636 1009.37153  14.2%  56.1 15159s
 101614 78672 1077.21413   55  405 1176.25636 1009.37153  14.2%  56.1 15161s
 101717 79033 1012.67244   34  457 1176.25636 1009.37153  14.2%  56.1 15166s
 102192 79478 1089.06167   71  162 1176.25636 1009.37153  14.2%  56.1 15177s
 102714 79928 1019.33563   28  326 1176.25636 1009.37153  14.2%  56.1 15193s
 103244 80407 1062.61682   68  502 1176.25636 1009.37153  14.2%  56.0 15613s
 103555 80415 1105.00437   78  344 1176.25636 1009.37153  14.2%  56.0 15615s
 103638 80426 1138.05263   82   69 1176.25636 1009.37153  14.2%  56.0 15622s
 103888 80809 1079.16897   73  348 1176.25636 1009.58071  14.2%  56.0 15627s
 104212 80827 1017.64991   28  368 1176.25636 1009.59017  14.2%  56.0 15633s
 104418 81196 1058.67482   54  281 1176.25636 1009.59017  14.2%  56.0 15638s
 104941 81677 1040.40350   35  455 1176.25636 1009.63329  14.2%  55.9 15651s
 105500 82140 1031.15525   49  431 1176.25636 1009.63329  14.2%  55.9 15660s
 106053 82440 1133.09024   97  422 1176.25636 1009.69881  14.2%  55.9 15667s
 106407 82882 1058.14765   57  423 1176.25636 1009.69881  14.2%  55.9 15672s
 106550 82895 1032.06294   40  362 1176.25636 1009.76828  14.2%  55.9 15689s
 106961 83268 1092.30403   87  345 1176.25636 1009.79521  14.2%  55.9 15706s
 107461 83664 1129.53213   69   23 1176.25636 1009.81005  14.2%  55.9 15723s
 107559 83674 1110.76626   74   53 1176.25636 1009.81005  14.2%  55.9 15731s
 107890 83690 1159.02420   80   98 1176.25636 1009.86444  14.1%  55.8 15746s
 107978 84132 1111.77451   73  156 1176.25636 1009.88399  14.1%  55.8 15833s
 108257 84146 1012.85621   32  430 1176.25636 1009.88399  14.1%  55.8 15935s
 108477 84547 1034.81518   34  296 1176.25636 1009.88399  14.1%  55.9 15943s
 109090 85004 1036.98463   51   63 1176.25636 1009.92526  14.1%  55.8 15970s
 109671 85058 1021.50406   32  329 1176.25636 1009.97299  14.1%  55.8 16018s
 109672 85058 1058.92006   51  345 1176.25636 1009.97299  14.1%  55.8 16020s
 109691 85230 1021.82973   33  402 1176.25636 1009.97299  14.1%  55.8 16032s
 109883 85530 1021.89902   34  362 1176.25636 1009.97299  14.1%  55.8 16037s
 110280 85883 1068.16752   64  162 1176.25636 1009.97503  14.1%  55.8 16066s
 110626 85912 1051.83695   52  422 1176.25636 1009.97503  14.1%  55.8 16074s
 110730 86236 1028.84738   35  331 1176.25636 1009.97503  14.1%  55.8 16078s
 110848 86245 1024.57758   38  463 1176.25636 1009.97503  14.1%  55.8 16081s
 111172 86625 1125.83738   62  118 1176.25636 1010.06335  14.1%  55.8 16086s
 111702 87005 1085.17866   67  231 1176.25636 1010.06522  14.1%  55.8 16094s
 111838 87007 1100.25425   57  447 1176.25636 1010.06522  14.1%  55.8 16095s
 111911 87008 1014.05148   31  412 1176.25636 1010.06522  14.1%  55.8 16104s
 112125 87405 1060.57358   59  198 1176.25636 1010.06522  14.1%  55.9 16108s
 112217 87416 1026.50946   43  393 1176.25636 1010.06522  14.1%  55.9 16111s
 112680 87842 infeasible   73      1176.25636 1010.14974  14.1%  55.8 16162s
 112907 87855 1024.38179   30  316 1176.25636 1010.14974  14.1%  55.8 16165s
 113214 88248 1109.37282   79  138 1176.25636 1010.14974  14.1%  55.8 16181s
 113731 88766 1102.54011   72  329 1176.25636 1010.20236  14.1%  55.8 16188s
 114358 89210 1129.61160   96  134 1176.25636 1010.22496  14.1%  55.8 16263s
 114901 89598 1032.84887   32  264 1176.25636 1010.22925  14.1%  55.8 16301s
 115420 90049 1166.62849   79  162 1176.25636 1010.27257  14.1%  55.8 16307s
 115490 90054 1030.85212   35  319 1176.25636 1010.27797  14.1%  55.8 16314s
 115630 90062 1075.62027   61  332 1176.25636 1010.28416  14.1%  55.7 16315s
 115994 90380 1086.39291   71  124 1176.25636 1010.29457  14.1%  55.7 16326s
 116430 90679 1082.99368   42  266 1176.25636 1010.31992  14.1%  55.8 16331s
 116807 90729 1051.96986   42  427 1176.25636 1010.31992  14.1%  55.8 16611s
 116839 90928 1028.70067   29  414 1176.25636 1010.31992  14.1%  55.8 16617s
 117112 91292 1047.74306   44  363 1176.25636 1010.32144  14.1%  55.8 16625s
 117305 91310 1093.52516   76    - 1176.25636 1010.35141  14.1%  55.8 16632s
 117421 91321 1044.37937   51  459 1176.25636 1010.35141  14.1%  55.9 16653s
 117593 91730 1104.48522   61  312 1176.25636 1010.37885  14.1%  55.9 16659s
 117809 91747 1140.59734   98  172 1176.25636 1010.37885  14.1%  55.9 16661s
 118150 92148 1112.55643   70    - 1176.25636 1010.37885  14.1%  55.8 16672s
 118505 92188 1042.91637   34  412 1176.25636 1010.43327  14.1%  55.8 16675s
 118761 92601 1028.56675   37  416 1176.25636 1010.43327  14.1%  55.8 16687s
 118914 92612 1051.45655   41  381 1176.25636 1010.43327  14.1%  55.8 16710s
 119274 92875 1131.48411  102  372 1176.25636 1010.44500  14.1%  55.8 16727s
 119683 93155 1027.75367   32  430 1176.25636 1010.46136  14.1%  55.8 16735s
 120049 93524 1060.78109   49  384 1176.25636 1010.46136  14.1%  55.9 16751s
 120584 93945 1039.80116   52  439 1176.25636 1010.46953  14.1%  55.9 16759s
 121061 94275 1136.34290  105  336 1176.25636 1010.50422  14.1%  55.9 19232s
 121481 94658 1062.68728   47  453 1176.25636 1010.50422  14.1%  56.0 19251s
 121774 94686 1082.91857   55  192 1176.25636 1010.50422  14.1%  56.0 19255s
 121997 95088 1171.57710  107  254 1176.25636 1010.50422  14.1%  56.0 19297s
 122061 95089 1039.47576   45  426 1176.25636 1010.50422  14.1%  56.0 19303s
 122327 95121 1026.39518   32  307 1176.25636 1010.55451  14.1%  56.0 19339s
 122522 95525 1123.95739   80  303 1176.25636 1010.55451  14.1%  56.0 19346s
 122900 95544 1023.08305   32  464 1176.25636 1010.65445  14.1%  56.0 19355s
 123019 95937 1158.55893   90  138 1176.25636 1010.66696  14.1%  56.0 19360s
 123595 96259 1019.49356   31  490 1176.25636 1010.69366  14.1%  55.9 19368s
 124018 96630 1022.84441   35  458 1176.25636 1010.72307  14.1%  55.9 19426s
 124478 96938 1156.61313   75   86 1176.25636 1010.72307  14.1%  56.0 19468s
 124686 96952 1071.84885   70  148 1176.25636 1010.75323  14.1%  56.0 19470s
 124873 97224 1044.11874   39  322 1176.25636 1010.75470  14.1%  56.0 19476s
 125198 97275 1039.23726   33  376 1176.25636 1010.75470  14.1%  56.0 20187s
 125304 97670 1070.99313   44  258 1176.25636 1010.75470  14.1%  56.1 20191s
 125709 97703 1082.14361   46  301 1176.25636 1010.77443  14.1%  56.1 20319s
 125788 98062 1034.13305   33  228 1176.25636 1010.77443  14.1%  56.1 20325s
 126239 98481 1059.00962   85  422 1176.25636 1010.77780  14.1%  56.1 20382s
 126721 98807 1050.66402   42  399 1176.25636 1010.78117  14.1%  56.1 20391s
 126972 98832 1134.44097   99  376 1176.25636 1010.82067  14.1%  56.1 20396s
 127170 99164 1147.71859   93  173 1176.25636 1010.82067  14.1%  56.1 20400s
 127446 99185 1030.89287   26  308 1176.25636 1010.82067  14.1%  56.1 20419s
 127596 99538 1075.03599   74  404 1176.25636 1010.86238  14.1%  56.1 20425s
 128061 99978 1102.71888   58  129 1176.25636 1010.90148  14.1%  56.1 20432s
 128209 99990 1020.34592   36  330 1176.25636 1010.91393  14.1%  56.1 20437s
 128614 100277 1082.24109   44  208 1176.25636 1010.91393  14.1%  56.1 20444s
 128814 100300 infeasible  110      1176.25636 1010.91964  14.1%  56.1 20455s
 129051 100677 1051.13491   42  242 1176.25636 1010.92583  14.1%  56.1 20460s
 129180 100682 1042.93890   42  130 1176.25636 1010.92583  14.1%  56.1 20465s
 129472 100694 1110.84688   74  161 1176.25636 1010.94276  14.1%  56.1 20526s
 129559 101036 1111.39781   65  260 1176.25636 1010.94276  14.1%  56.1 20532s
 129732 101064 1022.59120   26  203 1176.25636 1010.95249  14.1%  56.1 20581s
 130043 101412 1056.30747   56   29 1176.25636 1010.95252  14.1%  56.1 20590s
 130334 101448 1051.33087   43  385 1176.25636 1010.95252  14.1%  56.1 20603s
 130505 101732 1147.04531   79    - 1176.25636 1010.95252  14.1%  56.1 20611s
 130886 102062 1038.11136   41  381 1176.25636 1010.96293  14.1%  56.2 20642s
 131161 102071 1147.29827   84    - 1176.25636 1010.98325  14.1%  56.2 20652s
 131327 102382 1071.01246   53   79 1176.25636 1011.01123  14.0%  56.2 20665s
 131654 102414 1074.84129   51   93 1176.25636 1011.02756  14.0%  56.2 20762s
 131769 102746 1044.93510   48  455 1176.25636 1011.02838  14.0%  56.2 20770s
 132001 102774 1013.47463   29  483 1176.25636 1011.02942  14.0%  56.2 20779s
 132159 102791 1029.64799   33  338 1176.25636 1011.02942  14.0%  56.2 20781s
 132221 103149 1034.47705   35  295 1176.25636 1011.02942  14.0%  56.2 20787s
 132522 103163 1024.26353   27  437 1176.25636 1011.02942  14.0%  56.2 20833s
 132614 103169 1052.54856   47  434 1176.25636 1011.02942  14.0%  56.2 20835s
 132672 103466 1088.13750   58   85 1176.25636 1011.02942  14.0%  56.2 20845s
 132785 103472 1041.32396   47  396 1176.25636 1011.02942  14.0%  56.2 20856s
 133095 103822 1048.27731   38   77 1176.25636 1011.05372  14.0%  56.3 20863s
 133242 103825 1081.37199   71  145 1176.25636 1011.08533  14.0%  56.3 20869s
 133415 103847 infeasible  100      1176.25636 1011.08533  14.0%  56.3 20874s
 133558 104156 1056.73548   63  461 1176.25636 1011.13332  14.0%  56.3 20881s
 133971 104186 1019.73281   34  448 1176.25636 1011.13332  14.0%  56.3 20902s
 133992 104225 1036.57188   35  440 1176.25636 1011.13332  14.0%  56.3 20911s
 134045 104529 1023.95783   35  352 1176.25636 1011.13332  14.0%  56.3 20923s
 134121 104534 1020.81052   35  364 1176.25636 1011.15542  14.0%  56.3 20925s
 134495 104927 1087.06462   50    - 1176.25636 1011.19264  14.0%  56.3 20933s
 135013 105282 1050.72238   39  448 1176.25636 1011.20375  14.0%  56.3 21305s
 135429 105686 1060.97725   47  372 1176.25636 1011.22252  14.0%  56.3 21310s
 135929 106075 1053.56831   55  439 1176.25636 1011.23327  14.0%  56.3 21320s
 136418 106509 1135.84846  104  391 1176.25636 1011.24210  14.0%  56.3 21338s
 136913 106912 1062.48915   51  380 1176.25636 1011.26485  14.0%  56.3 21347s
 137433 107178 1158.63106  100  134 1176.25636 1011.27531  14.0%  56.3 21399s
 137705 107207 1030.85621   52  252 1176.25636 1011.27531  14.0%  56.4 21414s
 137767 107553 1110.69786   69  480 1176.25636 1011.29617  14.0%  56.4 21419s
 138214 107931 1139.03265   71   82 1176.25636 1011.30548  14.0%  56.4 21443s
 138656 107946 1083.90644   64   85 1176.25636 1011.32687  14.0%  56.4 21453s
 138660 107946 1071.64464   69  315 1176.25636 1011.32687  14.0%  56.4 21484s
 138668 108094 1087.26446   65  141 1176.25636 1011.32687  14.0%  56.4 21489s
 138795 108096 1018.29494   34  314 1176.25636 1011.32687  14.0%  56.4 21490s
 138846 108487 1106.83174   77  389 1176.25636 1011.32957  14.0%  56.4 21495s
 139337 108841 1067.04514   67  398 1176.25636 1011.33235  14.0%  56.4 21507s
 139761 109157 1038.68148   40  307 1176.25636 1011.36199  14.0%  56.5 22927s
 139877 109168 1117.82722   82  347 1176.25636 1011.39340  14.0%  56.5 22934s
 140200 109542 1146.85153   55   43 1176.25636 1011.39387  14.0%  56.5 22942s
 140592 109572 1072.53599   70  327 1176.25636 1011.40522  14.0%  56.5 22953s
 140662 109905 1085.48073   66  311 1176.25636 1011.40522  14.0%  56.5 22961s
 140890 109917 1030.85312   44  278 1176.25636 1011.41625  14.0%  56.5 23063s
 141096 110256 1037.44301   45  413 1176.25636 1011.41625  14.0%  56.6 23070s
 141563 110634 1018.31594   30  389 1176.25636 1011.44795  14.0%  56.6 23101s
 141972 111089 infeasible   66      1176.25636 1011.44795  14.0%  56.6 23116s
 142539 111470 1050.99017   63  498 1176.25636 1011.44795  14.0%  56.6 23135s
 142783 111492 1159.23142   89  304 1176.25636 1011.44795  14.0%  56.6 23145s
 142996 111780 1174.95852  126  156 1176.25636 1011.47798  14.0%  56.6 23151s
 143471 112151 1115.36066   84   45 1176.25636 1011.49941  14.0%  56.6 23157s
 143541 112161 1106.06497   91  301 1176.25636 1011.49941  14.0%  56.6 23263s
 143728 112179 1032.85213   36  488 1176.25636 1011.51086  14.0%  56.6 23271s
 143971 112618 infeasible   49      1176.25636 1011.51086  14.0%  56.6 23324s
 144602 113089 1054.95614   46  237 1176.25636 1011.51086  14.0%  56.6 23338s
 145151 113446 1046.22129   48  164 1176.25636 1011.57024  14.0%  56.5 23352s
 145230 113451 1069.98757   59  479 1176.25636 1011.57098  14.0%  56.5 23359s
 145377 113463 infeasible   99      1176.25636 1011.57098  14.0%  56.5 23360s
 145627 113758 1051.64131   39  393 1176.25636 1011.57098  14.0%  56.5 23368s
 146028 114144 1043.77052   43  134 1176.25636 1011.60297  14.0%  56.6 23382s
 146085 114152 1033.76207   31  502 1176.25636 1011.60297  14.0%  56.6 23392s
 146517 114495 1032.09460   44  422 1176.25636 1011.61700  14.0%  56.6 23475s
 146630 114506 1061.52093   34  318 1176.25636 1011.61700  14.0%  56.6 23482s
 146978 114881 1044.95425   31  327 1176.25636 1011.63150  14.0%  56.6 23490s
 147394 114921 1119.50901   71  144 1176.25636 1011.63150  14.0%  56.6 23499s
 147475 115354 1036.08262   35  411 1176.25636 1011.65068  14.0%  56.6 23506s
 147689 115367 1089.54454   71  368 1176.25636 1011.65415  14.0%  56.6 23513s
 147980 115690 1028.12683   46  272 1176.25636 1011.65415  14.0%  56.6 23520s
 148400 116072 1026.74890   33  504 1176.25636 1011.65799  14.0%  56.6 23527s
 148756 116092 1085.29559   77  211 1176.25636 1011.70487  14.0%  56.6 23536s
 148875 116420 1017.04934   39  379 1176.25636 1011.70487  14.0%  56.7 23542s
 149066 116423 1028.72907   44  429 1176.25636 1011.70487  14.0%  56.7 23986s
 149291 116757 1031.27706   62  305 1176.25636 1011.70487  14.0%  56.7 24352s
 149393 116764 1095.26132   76  140 1176.25636 1011.70487  14.0%  56.7 24368s
 149702 117160 1072.61027   82   86 1176.25636 1011.74147  14.0%  56.7 24381s
 150211 117507 1031.09998   44  432 1176.25636 1011.74550  14.0%  56.7 24398s
 150639 117901 1070.08624   52  236 1176.25636 1011.82335  14.0%  56.8 24415s
 151171 118308 1038.70998   49  403 1176.25636 1011.83749  14.0%  56.7 24424s
 151270 118308 1079.66709   61  323 1176.25636 1011.83749  14.0%  56.7 24425s
 151511 118331 1169.27481   82  174 1176.25636 1011.84373  14.0%  56.7 24434s
 151697 118731 1027.23244   41  355 1176.25636 1011.84592  14.0%  56.7 24461s
 152230 119090 1029.50113   32  389 1176.25636 1011.84885  14.0%  56.7 24467s
 152280 119093 1034.07540   53  432 1176.25636 1011.84885  14.0%  56.7 24470s
 152634 119112 1098.67194   49  205 1176.25636 1011.89682  14.0%  56.8 24478s
 152692 119409 1052.33418   42  212 1176.25636 1011.89682  14.0%  56.8 24484s
 152901 119422 1055.75827   46  126 1176.25636 1011.89759  14.0%  56.8 24561s
 153053 119435 1033.85742   46  320 1176.25636 1011.89759  14.0%  56.8 25806s
 153089 119720 1114.34637   73  312 1176.25636 1011.89759  14.0%  56.8 25812s
 153314 119738 1036.63115   37  412 1176.25636 1011.89759  14.0%  56.8 25822s
 153526 119989 1155.26175   90  437 1176.25636 1011.90123  14.0%  56.8 25835s
 153886 120419 1034.23946   40  416 1176.25636 1011.94074  14.0%  56.8 25850s
 154389 120885 1144.25670   98  273 1176.25636 1011.94074  14.0%  56.8 25874s
 154541 120889 1062.42393   40  398 1176.25636 1011.96199  14.0%  56.8 25883s
 154964 121275 1142.88559   71   76 1176.25636 1011.96930  14.0%  56.8 25892s
 155116 121287 1031.07495   43  356 1176.25636 1011.98898  14.0%  56.8 25900s
 155482 121690 1087.89587   74  432 1176.25636 1011.98898  14.0%  56.8 25930s
 156029 122125 1020.78660   33  468 1176.25636 1012.03955  14.0%  56.8 26159s
 156545 122489 1053.45966   61  307 1176.25636 1012.03955  14.0%  56.8 26206s
 157023 122974 1046.35292   38  449 1176.25636 1012.05746  14.0%  56.8 26229s
 157568 123340 1030.63402   45  387 1176.25636 1012.09572  14.0%  56.8 26251s
 157693 123343 1048.53296   51  118 1176.25636 1012.09572  14.0%  56.8 26352s
 158019 123684 1044.35358   40  358 1176.25636 1012.09572  14.0%  56.8 26379s
 158145 123692 1113.25670   77  124 1176.25636 1012.09572  14.0%  56.8 26407s
 158507 124009 1075.73675   44  224 1176.25636 1012.15182  14.0%  56.8 26419s
 158550 124015 1152.68335   76  131 1176.25636 1012.15182  14.0%  56.8 26426s
 158718 124029 1049.97046   52  243 1176.25636 1012.16850  14.0%  56.8 26465s
 158952 124376 1061.86223   42  195 1176.25636 1012.17754  13.9%  56.8 26943s
 159367 124757 1158.95915   89    - 1176.25636 1012.17758  13.9%  56.9 26985s
 159584 124777 1168.36140   65   27 1176.25636 1012.17758  13.9%  56.8 27000s
 159876 125222 1026.39961   34  180 1176.25636 1012.20793  13.9%  56.9 27007s
 160437 125567 1034.88128   46  363 1176.25636 1012.23423  13.9%  56.8 27043s
 160817 125998 1088.68348   85  163 1176.25636 1012.23423  13.9%  56.9 27049s
 160962 125998 1066.51356   37  419 1176.25636 1012.23535  13.9%  56.9 27050s
 161345 126380 1084.50758   72  288 1176.25636 1012.26983  13.9%  56.9 27068s
 161627 126393 1124.57007   91  384 1176.25636 1012.26983  13.9%  56.9 27291s
 161810 126717 1081.81861   55  288 1176.25636 1012.26983  13.9%  56.9 27297s
 162226 127091 1059.93523   46  153 1176.25636 1012.30124  13.9%  56.9 27333s
 162716 127159 1064.35663   60  381 1176.25636 1012.31720  13.9%  56.9 27357s
 162754 127239 1070.57182   61  400 1176.25636 1012.31720  13.9%  56.9 27367s
 162891 127570 1070.61615   62  390 1176.25636 1012.31917  13.9%  56.9 27389s
 163261 127603 1155.29055   70  287 1176.25636 1012.33337  13.9%  56.9 27390s
 163293 127871 1053.03078   34  163 1176.25636 1012.33337  13.9%  56.9 27396s
 163644 128251 1108.89515   61   42 1176.25636 1012.33337  13.9%  57.0 27404s
 163888 128259 1046.82012   42  469 1176.25636 1012.33337  13.9%  57.0 27490s
 164164 128669 1075.16347   66  387 1176.25636 1012.35218  13.9%  57.0 27506s
 164652 129123 1054.46648   48  215 1176.25636 1012.35218  13.9%  57.0 27519s
 164730 129140 1109.90228   77  247 1176.25636 1012.35218  13.9%  57.0 27521s
 165261 129524 1101.25406   71  365 1176.25636 1012.39771  13.9%  56.9 27537s
 165407 129545 1034.40242   42  339 1176.25636 1012.40887  13.9%  56.9 27545s
 165828 129989 1014.83890   43  419 1176.25636 1012.41772  13.9%  56.9 28418s
 165996 130001 1033.87015   32  195 1176.25636 1012.41772  13.9%  56.9 28480s
 166091 130012 1043.87041   55  468 1176.25636 1012.41772  13.9%  56.9 28590s
 166361 130398 1060.41643   62  234 1176.25636 1012.41772  13.9%  56.9 28597s
 166819 130415 1069.93089   64  191 1176.25636 1012.41772  13.9%  56.9 28601s
 166901 130778 1065.30231   48  194 1176.25636 1012.43605  13.9%  56.9 28606s
 167033 130792     cutoff  118      1176.25636 1012.45103  13.9%  56.9 28618s
 167405 131211 1034.01399   39  457 1176.25636 1012.45595  13.9%  56.9 28625s
 167924 131593 infeasible   81      1176.25636 1012.47143  13.9%  56.9 28769s
 168230 131616 1133.62223   75  308 1176.25636 1012.50169  13.9%  56.9 28781s
 168412 132024 1102.45240   60  305 1176.25636 1012.50569  13.9%  56.9 28790s
 168494 132026 1115.82880   69  291 1176.25636 1012.50569  13.9%  56.9 28799s
 168657 132043 1166.75028   73  288 1176.25636 1012.51494  13.9%  56.9 28800s

Cutting planes:
  Gomory: 25
  Flow cover: 1
  Zero half: 3
  Lazy constraints: 19313

Explored 168981 nodes (9613093 simplex iterations) in 28801.80 seconds (2007.76 work units)
Thread count was 8 (of 18 available processors)

Solution count 10: 1176.26 1178.66 1179.62 ... 1193.22

Solve interrupted
Best objective 1.176256358895e+03, best bound 1.012521246144e+03, gap 13.9200%

User-callback calls 391328, time in user-callback 27509.05 sec
### START EXACT APPROACH ###
ProblemVariant: 5
### START PREPROCESSING ###
## Start infeasible path procedure ## 
Deleted arcs: 12
Infeasible tail paths: 0
Infeasible 2-node combinations: 6
## Start extended infeasible path procedure ##
Deleted arcs: 12
Infeasible tail paths: 0
Infeasible 2-node combinations: 6
## Start start solution procedure ##
Start solution with 6 Vehicles and total costs 1197.68 in 13.4567 s.
### END PREPROCESSING ###
Route 0 0-2-11-13-1-31-0 : weight util 0.568750 | volume util 0.814022 | infeasible with packing heuristic | feasible with CP model
Route 1 0-3-5-6-7-4-0 : weight util 0.465000 | volume util 0.768111 | infeasible with packing heuristic | feasible with CP model
Route 2 0-8-9-10-32-0 : weight util 0.418750 | volume util 0.757844 | feasible with packing heuristic | feasible with CP model
Route 3 0-14-15-17-25-22-21-19-18-0 : weight util 0.806250 | volume util 0.807600 | infeasible with packing heuristic | feasible with CP model
Route 4 0-26-27-24-23-20-12-0 : weight util 0.825000 | volume util 0.824044 | infeasible with packing heuristic | feasible with CP model
Route 5 0-29-16-28-30-0 : weight util 0.587500 | volume util 0.560600 | feasible with packing heuristic | feasible with CP model
