
Gurobi 12.0.1 (win64, C++) logging started Fri Apr 25 17:22:17 2025

Set parameter Username
Academic license - for non-commercial use only - expires 2026-01-06
Set parameter Threads to value 8
Set parameter LazyConstraints to value 1
Set parameter PreCrush to value 1
Set parameter Seed to value 21
Set parameter Cuts to value -1
Set parameter TimeLimit to value 28800
Set parameter NumericFocus to value 0
Set parameter SolutionLimit to value 10000
Gurobi Optimizer version 12.0.1 build v12.0.1rc0 (win64 - Windows Server 2022.0 (20348.2))

CPU model: AMD EPYC 7513 32-Core Processor, instruction set [SSE2|AVX|AVX2]
Thread count: 18 physical cores, 18 logical processors, using up to 8 threads

Non-default parameters:
SolutionLimit  10000
TimeLimit  28800
PreCrush  1
Seed  21
Threads  8
LazyConstraints  1

Optimize a model with 566 rows, 1089 columns and 3176 nonzeros
Model fingerprint: 0xf916d2ad
Variable types: 0 continuous, 1089 integer (1089 binary)
Coefficient statistics:
  Matrix range     [1e+00, 1e+00]
  Objective range  [1e+00, 1e+02]
  Bounds range     [1e+00, 1e+00]
  RHS range        [1e+00, 9e+00]

Warning: Completing partial solution with 1005 unfixed non-continuous variables out of 1089
User MIP start produced solution with objective 1304.47 (0.00s)
Loaded user MIP start with objective 1304.47

Presolve removed 8 rows and 45 columns
Presolve time: 0.02s
Presolved: 558 rows, 1044 columns, 3076 nonzeros
Variable types: 0 continuous, 1044 integer (1044 binary)

Root relaxation: objective 7.477113e+02, 154 iterations, 0.00 seconds (0.00 work units)

    Nodes    |    Current Node    |     Objective Bounds      |     Work
 Expl Unexpl |  Obj  Depth IntInf | Incumbent    BestBd   Gap | It/Node Time

     0     0  747.71134    0   30 1304.47446  747.71134  42.7%     -    0s
     0     0  752.48299    0   20 1304.47446  752.48299  42.3%     -    0s
     0     0  865.26601    0    - 1304.47446  865.26601  33.7%     -    0s
     0     0  878.81782    0    - 1304.47446  878.81782  32.6%     -    0s
     0     0  882.28593    0   50 1304.47446  882.28593  32.4%     -    0s
     0     0  884.92455    0    - 1304.47446  884.92455  32.2%     -    1s
     0     0  912.50256    0   18 1304.47446  912.50256  30.0%     -    1s
     0     0  912.50256    0   18 1304.47446  912.50256  30.0%     -    5s
     0     0  912.50256    0   18 1304.47446  912.50256  30.0%     -   20s
     0     2  925.49392    0   68 1304.47446  925.49392  29.1%     -   21s
    69    70  997.44221    8   96 1304.47446  963.47134  26.1%   186   25s
   108   126 1000.77359   16   80 1304.47446  963.47134  26.1%   157  111s
   425   466 1014.52908   65   53 1304.47446  963.47134  26.1%  75.0  116s
  1004   991 1080.19565  144   36 1304.47446  963.47134  26.1%  48.9  123s
  1012  1008 1077.31155  144   18 1304.47446  963.47134  26.1%  48.8  128s
  1039  1069 1097.84252  151    4 1304.47446  979.01797  24.9%  48.4  132s
  1294  1344 1011.90249   16   45 1304.47446  979.01797  24.9%  44.2  136s
  1524  1526 1002.48152    5   75 1304.47446  979.01797  24.9%  40.8  142s
  1610  1533 1000.49418   27   18 1304.47446  979.01797  24.9%  40.4  147s
  1615  1536 1050.86578   74  426 1304.47446  990.46242  24.1%  40.2  150s
  1623  1542 1076.27142  143  586 1304.47446  994.51954  23.8%  40.0  155s
  2004  1809 1002.21002   38  537 1304.47446  994.52024  23.8%  52.7  161s
  2268  1972 1006.44222   52  519 1304.47446  994.53028  23.8%  53.8  165s
  2433  2040 1012.00070   57  424 1304.47446  994.53028  23.8%  53.8  171s
  2479  2075 1022.00460   59  463 1304.47446  994.64159  23.8%  54.0  175s
  2792  2234 1067.53037   72  353 1304.47446  994.64212  23.8%  53.7  180s
  2859  2273 1079.28928   75    - 1304.47446  994.64212  23.8%  53.5  186s
  2998  2327 1004.62812   18  552 1304.47446  994.64212  23.8%  53.5  194s
  3069  2371 1008.63163   27  349 1304.47446  994.64212  23.8%  53.8  199s
  3258  2417 1116.21658   76    - 1304.47446  994.65161  23.8%  54.6  200s
  3407  2481 1002.60184   34  469 1304.47446  994.65161  23.8%  54.1  205s
  3611  2641 1014.14838   35  410 1304.47446  994.65161  23.8%  54.5  210s
  3861  2713 1002.73680   20  479 1304.47446  994.66131  23.8%  54.9  215s
  4143  2823 1038.19232   88  376 1304.47446  994.74417  23.7%  56.2  220s
  4364  3019 1011.14071   30  454 1304.47446  994.74417  23.7%  57.0  225s
  4622  3180 1021.18011   37  543 1304.47446  994.77257  23.7%  57.0  232s
  4755  3222 1034.73755   50  195 1304.47446  994.77257  23.7%  57.1  237s
  4908  3286 1028.66220   54  508 1304.47446  994.77257  23.7%  57.0  339s
  4979  3271 1062.55708   68  240 1304.47446  994.77257  23.7%  56.8  342s
  5129  3318 1004.41952   27  476 1304.47446  994.77257  23.7%  57.3  348s
  5170  3410 1041.37090   70  166 1304.47446  994.77257  23.7%  57.3  351s
  5331  3489 infeasible   86      1304.47446  994.77257  23.7%  57.2  355s
  5496  3553  997.02202   29  503 1304.47446  994.84968  23.7%  57.3  360s
  5527  3546 1046.41064   52  150 1304.47446  994.88439  23.7%  57.3  369s
  5642  3653 1000.64103   36  394 1304.47446  994.88439  23.7%  57.5  378s
  5797  3716 1014.05857   40  330 1304.47446  994.88439  23.7%  57.9  380s
  6543  4194 1066.11232   61  369 1304.47446  994.99392  23.7%  59.9  385s
  6741  4261 1055.84202   59    - 1304.47446  994.99392  23.7%  59.8  390s
  7012  4636 1012.12637   31  398 1304.47446  994.99392  23.7%  60.2  400s
  7347  4866 1042.95057   49  380 1304.47446  994.99392  23.7%  60.5  406s
  7528  5045 1066.54933   62  181 1304.47446  994.99392  23.7%  60.4  442s
  7671  5065 1071.22751   72  423 1304.47446  994.99392  23.7%  60.1  447s
  8103  5494 1008.70775   32  236 1304.47446  994.99392  23.7%  60.2  454s
  8146  5502  998.42956   25  542 1304.47446  994.99392  23.7%  60.2  455s
  8374  5756 1077.10569   57  434 1304.47446  995.09109  23.7%  60.4  461s
  8727  6014 1011.28638   30  259 1304.47446  995.09109  23.7%  60.1  467s
  8845  6033 1008.14787   22  448 1304.47446  995.09109  23.7%  60.1  474s
  9024  6204 1010.12160   25  458 1304.47446  995.09109  23.7%  60.2  569s
  9285  6482 1029.09935   38  367 1304.47446  995.09109  23.7%  60.4  574s
  9626  6678 1125.29387   53  319 1304.47446  995.09109  23.7%  60.3  577s
  9703  6688 1082.53618   68   85 1304.47446  995.17923  23.7%  60.3  581s
  9930  6909 1182.40019   59  236 1304.47446  995.19537  23.7%  60.5  586s
 10212  7185 1003.90057   30  440 1304.47446  995.19537  23.7%  60.7  593s
 10569  7504 1032.27852   56  288 1304.47446  995.27219  23.7%  60.7  598s
 10910  7759 1111.34613   69  377 1304.47446  995.27219  23.7%  60.9  601s
 11247  8086 infeasible   79      1304.47446  995.27219  23.7%  60.9  605s
 11705  8366 1042.59275   47   63 1304.47446  995.27219  23.7%  60.7  621s
 12468  9069 1012.73901   31  186 1304.47446  995.27219  23.7%  60.6  629s
 12877  9381 1061.59490   52  462 1304.47446  995.56827  23.7%  60.5  631s
 13644 10063 1055.74250   53  327 1304.47446  995.56827  23.7%  60.6  636s
 13837 10073 1034.56074   51  158 1304.47446  995.56827  23.7%  60.5  641s
 14317 10427  997.74232   27  498 1304.47446  995.70667  23.7%  60.5  645s
 14545 10871 1120.96459   84  167 1304.47446  995.71167  23.7%  60.5  769s
 14776 10875 1005.20818   23  383 1304.47446  995.84051  23.7%  60.6  776s
 15071 11004 1037.86224   43  362 1304.47446  995.84051  23.7%  60.4  783s
 15739 11883 1018.31923   39  453 1304.47446  996.02955  23.6%  60.5  795s
 16495 12394 1001.17977   31  407 1304.47446  996.09382  23.6%  60.2  804s
 16928 12823 1031.26495   41  136 1304.47446  996.14981  23.6%  60.3  807s
 17475 13236 1017.19891   39  404 1304.47446  996.14981  23.6%  60.5  815s
 17985 13633 1008.91952   31  571 1304.47446  996.19668  23.6%  60.9  824s
 18532 14044 1009.04419   34  360 1304.47446  996.29203  23.6%  61.1  829s
 19027 14573 1051.01605   52  238 1304.47446  996.32205  23.6%  61.1  843s
 19749 15158 1054.29978   74    - 1304.47446  996.35015  23.6%  60.9  855s
 21019 16152 1032.03136   61  350 1304.47446  996.43648  23.6%  61.3  869s
 21181 16164 1070.34339   56  311 1304.47446  996.43648  23.6%  61.4  877s
 21651 16768 1016.06363   29  487 1304.47446  996.47849  23.6%  61.7  890s
 22392 17284 infeasible   69      1304.47446  996.51979  23.6%  61.6  904s
 22482 17300 1006.59903   25  394 1304.47446  996.51979  23.6%  61.6  905s
 23391 17877 1012.47744   40  526 1304.47446  996.56057  23.6%  61.9  915s
 23754 18405 1085.42286   46  197 1304.47446  996.59677  23.6%  61.8  922s
 23913 18420 1021.53537   44  272 1304.47446  996.59677  23.6%  61.8  987s
 24410 18945 1056.28253   52  387 1304.47446  996.65474  23.6%  62.0  999s
 25077 19426 1046.82153   59  352 1304.47446  996.68340  23.6%  62.0 1002s
 25669 19906 1026.41110   42  325 1304.47446  996.68340  23.6%  62.3 1012s
 26296 20420 1039.16728   40  361 1304.47446  996.74138  23.6%  62.5 1022s
 26452 20426 1018.67218   36  360 1304.47446  996.74138  23.6%  62.6 1025s
 26932 20938 1008.44563   29  519 1304.47446  996.74138  23.6%  62.7 1033s
 27390 20962 1020.30119   30  388 1304.47446  996.77275  23.6%  62.8 1464s
 27606 21444 1066.78149   60  403 1304.47446  996.77275  23.6%  62.7 1470s
 27771 21467 1011.68659   30  433 1304.47446  996.81062  23.6%  62.7 1481s
 28245 22012 1020.28037   27  447 1304.47446  996.81062  23.6%  62.8 1486s
 28880 22531 1033.71705   45  175 1304.47446  996.84657  23.6%  63.0 1490s
 30074 23136 1017.84807   26  513 1304.47446  996.87239  23.6%  63.0 1505s
 30517 23658 1092.65369   64   93 1304.47446  996.87239  23.6%  63.0 1510s
 30935 23846 1022.65583   38  372 1304.47446  996.87239  23.6%  63.0 1519s
 31032 23853 1060.45771   50  357 1304.47446  996.95536  23.6%  63.0 1540s
 31140 23859 1015.26144   43  374 1304.47446  996.95536  23.6%  63.0 1546s
 31732 24810 1048.14727   47  518 1304.47446  997.00478  23.6%  63.1 1551s
 32352 25247 1022.49458   34  236 1304.47446  997.00478  23.6%  63.3 1557s
 33353 25673 1014.74484   29  407 1304.47446  997.06917  23.6%  63.7 1562s
 33987 26649 infeasible   85      1304.47446  997.10734  23.6%  63.9 1574s
 34617 27110 1113.07186   73  323 1304.47446  997.12132  23.6%  64.1 1575s
 35209 27529 1165.19426   75    - 1304.47446  997.12132  23.6%  64.2 1591s
 35353 27534 1038.95828   41  386 1304.47446  997.12132  23.6%  64.2 1601s
 36277 28362 1024.74669   45  107 1304.47446  997.20661  23.6%  64.6 1618s
 36836 28831 infeasible   44      1304.47446  997.24968  23.6%  64.8 1622s
 37411 29243 1025.83695   37  240 1304.47446  997.26065  23.6%  64.9 1635s
 37928 29562 1091.27949   60  199 1304.47446  997.26065  23.6%  65.1 1640s
 38234 29595 1023.80441   58  510 1304.47446  997.26065  23.6%  65.1 1725s
 38904 30422 1007.62268   31  529 1304.47446  997.32994  23.5%  65.3 1737s
 39399 30826 1019.98266   36  336 1304.47446  997.36913  23.5%  65.6 1740s
 40216 31320 1024.07140   37  325 1304.47446  997.37595  23.5%  65.8 1747s
 40786 31779 1012.68930   33  455 1304.47446  997.37595  23.5%  65.8 1752s
 41120 32059 1038.86197   44  515 1304.47446  997.37595  23.5%  65.8 1767s
 41223 32066 1003.27046   25  509 1304.47446  997.37595  23.5%  65.9 1773s
 41448 32540 1065.75878   65  291 1304.47446  997.37595  23.5%  65.9 1777s
 41898 32551 1133.66470   70  451 1304.47446  997.46706  23.5%  66.0 1784s
 42081 33044 1162.12251   98  355 1304.47446  997.47009  23.5%  65.9 1786s
 42733 33584 1039.46435   34  431 1304.47446  997.54642  23.5%  65.9 1799s
 43409 34065 1025.37524   38  539 1304.47446  997.57422  23.5%  65.9 1823s
 43976 34512 1101.21336   89  248 1304.47446  997.59340  23.5%  66.1 1826s
 44608 34949 1078.08773   50  296 1304.47446  997.62697  23.5%  66.2 1830s
 45715 35471 1007.71980   33  469 1304.47446  997.66405  23.5%  66.3 1838s
 45808 35968 1039.54347   50  402 1304.47446  997.66405  23.5%  66.3 1840s
 45944 35978 1093.07726   71    - 1304.47446  997.66405  23.5%  66.3 1849s
 46331 35986 1001.02343   34  529 1304.47446  997.66405  23.5%  66.4 1850s
 46839 36791 1045.83172   52  228 1304.47446  997.66405  23.5%  66.5 1855s
 47492 37275 1042.08830   42  240 1304.47446  997.73150  23.5%  66.5 1861s
 48084 37618 1141.22143   78  110 1304.47446  997.75807  23.5%  66.6 1866s
 48463 37627 1013.59529   35  498 1304.47446  997.75807  23.5%  66.7 1871s
 48952 38139 1112.45535   54  188 1304.47446  997.75807  23.5%  66.7 1880s
 49638 38592 1129.44399   62  173 1304.47446  997.79881  23.5%  66.7 1890s
 50561 39537 1004.10800   27  469 1304.47446  997.86097  23.5%  66.7 1910s
 51154 39934 1056.52390   52  567 1304.47446  997.86097  23.5%  66.7 1984s
 51738 40269 1058.84023   68  234 1304.47446  997.94398  23.5%  66.8 1988s
 52127 40726 1015.00657   28  539 1304.47446  997.94398  23.5%  67.0 1991s
 52721 41158 1052.11051   55  486 1304.47446  997.94398  23.5%  67.0 1995s
 53313 41723 1051.88969   46  231 1304.47446  998.00701  23.5%  67.1 2012s
 53924 41933 1006.55756   33  344 1304.47446  998.00701  23.5%  67.2 2017s
 54162 41950 infeasible   98      1304.47446  998.00879  23.5%  67.1 2160s
 54237 42424 1072.03604   50  139 1304.47446  998.00879  23.5%  67.2 2165s
 54746 42468 1122.79857  105  421 1304.47446  998.00879  23.5%  67.1 2198s
 54919 42955 1050.68344   47  210 1304.47446  998.00879  23.5%  67.1 2201s
 55528 43375 1139.21328   64  438 1304.47446  998.07243  23.5%  67.1 2209s
 56017 43740 1019.04401   30  393 1304.47446  998.07592  23.5%  67.3 2217s
 56516 44161 1041.33312   52  232 1304.47446  998.09730  23.5%  67.4 2223s
 57014 44561 1060.09571   76  234 1304.47446  998.13338  23.5%  67.5 2227s
 57295 44577 1015.77677   30  387 1304.47446  998.14243  23.5%  67.5 2231s
 58038 45362 1068.51494   64  383 1304.47446  998.14243  23.5%  67.7 2237s
 58237 45366 1006.02827   28  289 1304.47446  998.19326  23.5%  67.7 2244s
 58553 45819 1077.45965   71  414 1304.47446  998.21170  23.5%  67.8 2249s
 58935 45827 1040.73953   37  398 1304.47446  998.23439  23.5%  67.8 2250s
 59459 46582 1069.83684   66  229 1304.47446  998.23439  23.5%  68.0 2265s
 60105 47082 1040.77687   43  472 1304.47446  998.29177  23.5%  68.0 2270s
 60710 47106 1047.26169   43  235 1304.47446  998.33550  23.5%  67.9 2275s
 61231 47573 1069.84128   50  214 1304.47446  998.35101  23.5%  67.9 2284s
 61396 47953 1125.88758   74  351 1304.47446  998.35101  23.5%  67.9 2290s
 61882 48445 1058.02888   53  489 1304.47446  998.35101  23.5%  68.0 2296s
 62548 48826 1029.78935   43  350 1304.47446  998.42543  23.5%  68.0 2302s
 63024 49244 1067.77715   73  473 1304.47446  998.42543  23.5%  68.0 2311s
 63164 49258 1047.20649   40  259 1304.47446  998.42543  23.5%  68.0 2323s
 63559 49629 1013.60184   35  455 1304.47446  998.49555  23.5%  68.1 2326s
 64021 49652 1085.62253   76  372 1304.47446  998.50201  23.5%  68.1 2333s
 64587 50319 1010.41340   28  365 1304.47446  998.50201  23.5%  68.3 2342s
Warning: Completing partial solution with 1005 unfixed non-continuous variables out of 1089
H64817 50324                    1300.5939835  998.50201  23.2%  68.3 2344s
 64942 50591 1056.41651   56   91 1300.59398  998.52806  23.2%  68.3 2348s
 65262 50901 1009.71301   28  437 1300.59398  998.52806  23.2%  68.2 4355s
 65547 50904 1168.22649   86  172 1300.59398  998.60636  23.2%  68.1 4374s
 65674 51363 infeasible   80      1300.59398  998.61205  23.2%  68.2 4752s
 65891 51363 1016.60556   31  431 1300.59398  998.64524  23.2%  68.1 4756s
 66064 51367 1091.56470   62  430 1300.59398  998.66978  23.2%  68.1 4919s
 66302 51821 1035.28716   34  348 1300.59398  998.67202  23.2%  68.1 4923s
H66472 51821                    1299.3759628  998.67202  23.1%  68.1 4923s
 66613 51839 1092.95648   62  308 1299.37596  998.69310  23.1%  68.1 5339s
 66881 52310 1081.36595   69  457 1299.37596  998.69310  23.1%  68.1 5343s
 67218 52329 1019.57615   31  508 1299.37596  998.69310  23.1%  68.0 5348s
 67520 52794 1077.92778   74  410 1299.37596  998.77861  23.1%  68.0 5352s
 68079 53198 1050.27661   58  373 1299.37596  998.77861  23.1%  68.0 5356s
 68601 53585 1068.43402   52  354 1299.37596  998.85839  23.1%  68.0 5363s
 68832 53599 1069.19262   43  405 1299.37596  998.85857  23.1%  68.0 5368s
 69175 54048 1070.67382   51  234 1299.37596  998.85857  23.1%  68.0 5389s
 69339 54053 1099.46229   58  305 1299.37596  998.85857  23.1%  67.9 5390s
 70012 54498 1072.60941   45   78 1299.37596  998.90943  23.1%  67.9 5407s
 70298 54797 1047.28884   43  409 1299.37596  998.91382  23.1%  67.8 5413s
 70731 55129 1005.84680   29  517 1299.37596  998.93455  23.1%  67.9 5420s
 71164 55494 1002.89533   29  527 1299.37596  998.93708  23.1%  67.9 5431s
 71638 55885 1159.19787   80  454 1299.37596  998.93708  23.1%  67.9 5439s
 71690 55889 1005.16842   38  415 1299.37596  998.93708  23.1%  67.9 5449s
 72093 55908 1042.77741   51  397 1299.37596  999.00439  23.1%  67.8 5452s
 72207 56252 infeasible   64      1299.37596  999.00622  23.1%  67.8 5457s
 72556 56592 infeasible   48      1299.37596  999.01611  23.1%  67.8 5460s
 72999 56984 1009.77587   30  314 1299.37596  999.03492  23.1%  67.7 5468s
 73486 57297 1032.68483   41  361 1299.37596  999.03492  23.1%  67.7 5560s
 73891 57642 1090.26104   56  349 1299.37596  999.03492  23.1%  67.7 5565s
 74317 57659 1009.68288   31  488 1299.37596  999.09904  23.1%  67.7 5573s
 74318 57659 1035.97671   42  438 1299.37596  999.09904  23.1%  67.7 5577s
Warning: Completing partial solution with 1005 unfixed non-continuous variables out of 1089
H74323 57659                    1299.2218454  999.09904  23.1%  67.7 5581s
 74327 57797 1013.92647   32  506 1299.22185  999.09904  23.1%  67.7 5585s
 74530 57895 1066.58255   58  223 1299.22185  999.09904  23.1%  67.7 5590s
 74638 58120 1070.25611   59  247 1299.22185  999.09904  23.1%  67.7 5598s
 74790 58124 1046.93953   41  441 1299.22185  999.09904  23.1%  67.7 5600s
 75335 58502 1079.20963   63   83 1299.22185  999.12281  23.1%  67.6 5623s
 75403 58856 1021.17384   29  525 1299.22185  999.12281  23.1%  67.6 5627s
 75891 59179 1014.01850   33  411 1299.22185  999.16700  23.1%  67.6 5654s
 76079 59180 1036.73745   42   65 1299.22185  999.16700  23.1%  67.5 5655s
 76330 59553 1043.18342   41  404 1299.22185  999.17755  23.1%  67.6 5672s
 76689 59921 1098.71471   62  173 1299.22185  999.18183  23.1%  67.6 5678s
 76801 59929 1091.10066   57  316 1299.22185  999.19680  23.1%  67.6 5735s
 77198 60269 1084.65286   50  437 1299.22185  999.21948  23.1%  67.5 5740s
 77831 60582 1121.67511   57  174 1299.22185  999.21948  23.1%  67.6 5745s
 78089 60952 1074.11142   46  427 1299.22185  999.25706  23.1%  67.6 5753s
 78240 60955 1053.30633   44  538 1299.22185  999.25706  23.1%  67.5 5758s
 78440 60958 1012.01850   32  339 1299.22185  999.25876  23.1%  67.5 5764s
 78525 61195 1021.42973   39  468 1299.22185  999.25876  23.1%  67.5 5767s
 78913 61538 1131.39763   77  137 1299.22185  999.31602  23.1%  67.5 5772s
 79094 61555 1066.91999   46  370 1299.22185  999.31602  23.1%  67.5 5778s
 79217 61574 1008.68344   31  537 1299.22185  999.31602  23.1%  67.5 5789s
 79406 61935 1182.14116   60  222 1299.22185  999.31602  23.1%  67.5 5796s
 79946 62331 infeasible   79      1299.22185  999.34014  23.1%  67.4 5808s
 80422 62351 1185.66562   74  526 1299.22185  999.36502  23.1%  67.4 5813s
 80430 62484 1190.40118   75  529 1299.22185  999.36502  23.1%  67.4 5816s
 80442 62486 1067.45937   55  537 1299.22185  999.36502  23.1%  67.4 5824s
 80443 62486 1014.80132   29  523 1299.22185  999.36502  23.1%  67.4 5833s
 80611 62848 1256.61359   84  497 1299.22185  999.36818  23.1%  67.4 5892s
Warning: Completing partial solution with 1005 unfixed non-continuous variables out of 1089
H80857 62859                    1293.5438085  999.36818  22.7%  67.4 5905s
 81471 63254 1067.24232   53  131 1293.54381  999.36818  22.7%  67.4 5915s
 81875 63693 1084.82756   59  255 1293.54381  999.36818  22.7%  67.3 5939s
 82191 64006 1166.13660   60    - 1293.54381  999.43695  22.7%  67.2 5946s
 82565 64372 1148.12063   66  240 1293.54381  999.43695  22.7%  67.2 5952s
 82846 64380 1112.06791   77    - 1293.54381  999.45355  22.7%  67.2 5956s
 83072 64820 1122.63078   79  159 1293.54381  999.48837  22.7%  67.2 6011s
 83221 64833 infeasible   55      1293.54381  999.49133  22.7%  67.2 6015s
 83689 65161 1110.05767   63  530 1293.54381  999.49133  22.7%  67.2 6022s
 84089 65564 1158.29926   77  475 1293.54381  999.53800  22.7%  67.2 6027s
 84485 65579 1057.93422   35  364 1293.54381  999.55600  22.7%  67.2 6032s
 84624 65994 1101.40593   61  402 1293.54381  999.55600  22.7%  67.2 6036s
 85245 66496 infeasible   72      1293.54381  999.62007  22.7%  67.1 6046s
 85712 66515 1032.65751   39  397 1293.54381  999.63534  22.7%  67.1 6053s
 85850 66840 1048.10919   60  517 1293.54381  999.63662  22.7%  67.1 6055s
 86278 67268 1051.76681   50  537 1293.54381  999.64414  22.7%  67.1 6064s
 86443 67274 1104.57403   78  399 1293.54381  999.64414  22.7%  67.1 6066s
 86870 67774 1040.97702   40  209 1293.54381  999.69802  22.7%  67.1 6089s
 87508 68187 1010.32220   33  345 1293.54381  999.71191  22.7%  67.1 6129s
 87952 68196 1007.01538   27  298 1293.54381  999.71567  22.7%  67.1 6132s
 87962 68250 1007.85962   28  542 1293.54381  999.71567  22.7%  67.1 6135s
 88060 68621 1009.46525   29  534 1293.54381  999.71567  22.7%  67.1 6147s
 88133 68622 1193.42383   86  142 1293.54381  999.74274  22.7%  67.1 6655s
Warning: Completing partial solution with 1005 unfixed non-continuous variables out of 1089
H88225 68606                    1288.9816399  999.74328  22.4%  67.1 6658s
 88264 68613 1130.67792   76  165 1288.98164  999.74328  22.4%  67.1 6660s
 88573 69105 1040.35426   38  280 1288.98164  999.75746  22.4%  67.1 6666s
 89080 69142 1057.50948   51  423 1288.98164  999.78252  22.4%  67.0 6676s
 89248 69614 1188.90482   73    - 1288.98164  999.78452  22.4%  67.0 6681s
 89614 69628 1082.20077   64  450 1288.98164  999.78452  22.4%  67.0 6790s
 90549 70653 1044.81705   32  433 1288.98164  999.85537  22.4%  66.9 6798s
 91239 71097 1050.27206   50  406 1288.98164  999.90513  22.4%  66.8 7249s
 91504 71116 1052.26021   35  449 1288.98164  999.91038  22.4%  66.8 7254s
 91853 71650 1014.35630   28  498 1288.98164  999.91369  22.4%  66.8 7275s
 92555 72076 1020.68986   32  270 1288.98164  999.94394  22.4%  66.7 7280s
 93070 72530 1043.16007   35  370 1288.98164  999.94624  22.4%  66.7 7287s
 93679 72899 1037.33568   37  349 1288.98164  999.96386  22.4%  66.7 7295s
 94148 73346 1021.18736   41  336 1288.98164  999.96386  22.4%  66.7 7303s
 94666 73743 1073.54224   46  327 1288.98164  999.96386  22.4%  66.7 7309s
 95205 74211 1014.22595   34  543 1288.98164 1000.03355  22.4%  66.7 7315s
 95856 74610 1017.42606   28  297 1288.98164 1000.06214  22.4%  66.6 7342s
 96407 75070 1044.22900   42  332 1288.98164 1000.10211  22.4%  66.6 7348s
 97002 75448 1046.20852   52  356 1288.98164 1000.13941  22.4%  66.6 7354s
 97084 75450 1015.99663   36  408 1288.98164 1000.13941  22.4%  66.6 7360s
 97323 75470 1017.70507   37  378 1288.98164 1000.13941  22.4%  66.6 7368s
 97476 75880 1028.52554   34  441 1288.98164 1000.14728  22.4%  66.6 7374s
 98010 76316 1019.73672   36  421 1288.98164 1000.14728  22.4%  66.6 7381s
 98402 76331 1009.62312   25  449 1288.98164 1000.19163  22.4%  66.6 7386s
 98540 76727 1008.82193   33  476 1288.98164 1000.19163  22.4%  66.7 7390s
 98913 76749 1086.65727   53  195 1288.98164 1000.20193  22.4%  66.7 7397s
 99123 77213 infeasible   68      1288.98164 1000.22578  22.4%  66.7 7400s
 99671 77530 1154.79310   92  526 1288.98164 1000.24143  22.4%  66.7 7420s
 100187 77996 1016.11559   26  364 1288.98164 1000.24143  22.4%  66.6 7425s
 100270 77999 1248.93869  110   94 1288.98164 1000.24143  22.4%  66.6 7431s
 100784 78414 1035.92660   40  454 1288.98164 1000.26727  22.4%  66.6 7437s
 101360 78459 1009.98116   29  516 1288.98164 1000.30445  22.4%  66.5 7528s
 101413 78763 1015.49769   31  234 1288.98164 1000.30445  22.4%  66.5 7531s
 101523 78773 1061.20014   49  255 1288.98164 1000.30445  22.4%  66.5 7536s
 101834 79221 1005.68394   32  498 1288.98164 1000.30445  22.4%  66.6 7540s
 102359 79242 1041.48919   37  342 1288.98164 1000.35616  22.4%  66.5 7692s
 102433 79652 1060.84064   48  405 1288.98164 1000.35616  22.4%  66.5 7695s
 102987 80100 1028.25566   39  245 1288.98164 1000.39003  22.4%  66.5 7711s
 103486 80556 1165.56528  109  421 1288.98164 1000.39014  22.4%  66.5 7722s
H103515 80372                    1259.6707541 1000.39014  20.6%  66.5 7731s
 104123 80669 1010.76754   36  436 1259.67075 1000.41887  20.6%  66.5 7739s
 104427 80687 1037.64972   32  382 1259.67075 1000.42433  20.6%  66.5 7742s
 104546 81082 1056.43431   44  314 1259.67075 1000.42433  20.6%  66.4 7746s
 104739 81104 1107.67903   58   80 1259.67075 1000.42433  20.6%  66.4 7770s
 105035 81538 1070.41509   64  492 1259.67075 1000.42433  20.6%  66.4 7779s
 105342 81550 1207.12940   83    - 1259.67075 1000.42433  20.6%  66.4 7782s
 105646 81932 1086.18843   47  418 1259.67075 1000.47553  20.6%  66.4 7792s
 106167 82158 1103.73156   61  515 1259.67075 1000.48333  20.6%  66.4 7931s
 106255 82163 1025.50410   33  438 1259.67075 1000.48333  20.6%  66.4 7942s
 106448 82284 1010.92033   32  434 1259.67075 1000.48333  20.6%  66.4 7973s
 106599 82565 1019.53779   33  540 1259.67075 1000.48333  20.6%  66.4 7983s
 106948 82929 1152.07813   88  421 1259.67075 1000.51987  20.6%  66.4 7987s
 107498 83411 1064.86964   49  534 1259.67075 1000.55861  20.6%  66.4 8002s
 108077 83826 1190.23977  125  389 1259.67075 1000.55861  20.6%  66.4 8060s
 108466 83839 infeasible   69      1259.67075 1000.55861  20.6%  66.4 8070s
 108828 84269 1045.38054   42  474 1259.67075 1000.58918  20.6%  66.4 8077s
 109161 84707 1069.38110   46  446 1259.67075 1000.58918  20.6%  66.4 8092s
 109384 84715 1015.79219   26  267 1259.67075 1000.60753  20.6%  66.4 8097s
 109784 85183 1016.66920   28  471 1259.67075 1000.61921  20.6%  66.4 8117s
 110362 85568 1089.36883   75  184 1259.67075 1000.61921  20.6%  66.4 8121s
 110914 86043 1015.87346   33  462 1259.67075 1000.65821  20.6%  66.4 8138s
 111242 86069 1153.54345   93  153 1259.67075 1000.67282  20.6%  66.3 8142s
 111521 86442 1029.57750   32  378 1259.67075 1000.67282  20.6%  66.3 8173s
 111974 86463 infeasible  100      1259.67075 1000.68043  20.6%  66.4 8175s
 112547 87315 1058.77052   59  386 1259.67075 1000.68043  20.6%  66.4 8182s
 113089 87817 1053.29545   55  500 1259.67075 1000.68043  20.6%  66.4 8187s
 113551 87833 1183.25528   82  502 1259.67075 1000.68043  20.6%  66.3 8190s
 113839 88202 1143.02332   76  349 1259.67075 1000.73514  20.6%  66.3 8196s
 114192 88552 1030.08058   33  516 1259.67075 1000.76848  20.6%  66.3 8201s
 114386 88569 1116.43612   91   42 1259.67075 1000.76848  20.6%  66.3 8241s
 114661 89053 1094.20078   48  525 1259.67075 1000.76848  20.6%  66.3 8302s
 115281 89348 1010.54269   28  341 1259.67075 1000.80178  20.6%  66.3 8306s
 115677 89777 1022.70532   31  424 1259.67075 1000.80178  20.6%  66.3 8315s
 116225 90296 1172.11590   94  326 1259.67075 1000.82647  20.5%  66.3 9145s
 116879 90715 1006.93159   31  452 1259.67075 1000.85777  20.5%  66.3 9155s
 117425 90970 1051.55339   56  365 1259.67075 1000.86482  20.5%  66.2 9166s
 117719 91357 1039.32313   42  360 1259.67075 1000.87847  20.5%  66.3 9170s
 118238 91727 1093.90251   62  469 1259.67075 1000.89562  20.5%  66.3 9178s
 118311 91732 1105.01115   52  238 1259.67075 1000.89562  20.5%  66.3 9182s
 118801 92021 1051.41238   56  466 1259.67075 1000.89562  20.5%  66.3 9493s
 119179 92316 1059.49500   49  260 1259.67075 1000.89562  20.5%  66.3 9500s
 119561 92704 1052.33725   39  354 1259.67075 1000.92597  20.5%  66.2 9508s
 120038 93069 1168.85209   89  481 1259.67075 1000.92597  20.5%  66.3 9521s
 120502 93563 1060.10057   41  437 1259.67075 1000.94291  20.5%  66.3 9527s
 121123 93967 1201.04901   85  217 1259.67075 1000.99486  20.5%  66.2 9564s
 121277 93974 1151.06713   80  406 1259.67075 1000.99486  20.5%  66.2 9594s
 121481 93982 infeasible  115      1259.67075 1000.99508  20.5%  66.2 9595s
 121661 94415 1034.56780   45  532 1259.67075 1001.02206  20.5%  66.2 9600s
 121990 94424 1017.33101   32  486 1259.67075 1001.04056  20.5%  66.2 9605s
 122226 94726 1052.25056   51  379 1259.67075 1001.05640  20.5%  66.2 9620s
 122618 95099 1069.06717   71  439 1259.67075 1001.05640  20.5%  66.3 9628s
 122757 95103 1124.71508   48  114 1259.67075 1001.05640  20.5%  66.3 9630s
 123145 95510 1032.90211   42  442 1259.67075 1001.08634  20.5%  66.2 9638s
 123616 95530 1143.46016   71   55 1259.67075 1001.08798  20.5%  66.2 9646s
 123671 95767 1027.44238   32  237 1259.67075 1001.08798  20.5%  66.2 9651s
 124004 96204 1015.84338   34  337 1259.67075 1001.09785  20.5%  66.2 9659s
 124240 96217 1020.12099   32  406 1259.67075 1001.09785  20.5%  66.2 9665s
 124557 96222 1058.91050   51  555 1259.67075 1001.11051  20.5%  66.2 9671s
 124840 96635 1088.83411   54  112 1259.67075 1001.12168  20.5%  66.2 9681s
 124952 96648 1087.37323   60  206 1259.67075 1001.12477  20.5%  66.2 9685s
 125197 96666 1059.44433   49  286 1259.67075 1001.13859  20.5%  66.2 9693s
 125200 96666 1240.06910   72  258 1259.67075 1001.13859  20.5%  66.2 9703s
H125201 96638                    1257.9909224 1001.13859  20.4%  66.2 9705s
 125616 97404 1045.20193   34  493 1257.99092 1001.14428  20.4%  66.2 9713s
 125776 97414 1078.59225   55  443 1257.99092 1001.14877  20.4%  66.1 9720s
H126367 97758                    1257.4427561 1001.15080  20.4%  66.1 9725s
 126658 98130 1022.23689   34  539 1257.44276 1001.15080  20.4%  66.1 9731s
 127125 98609 1145.75586   56  405 1257.44276 1001.17428  20.4%  66.1 9754s
 127782 98964 1097.40335   67  402 1257.44276 1001.22342  20.4%  66.1 9861s
 128281 99287     cutoff  118      1257.44276 1001.23363  20.4%  66.1 9868s
 128710 99294 infeasible  102      1257.44276 1001.23363  20.4%  66.1 9894s
 128774 99656 1198.33125   76  144 1257.44276 1001.23363  20.4%  66.0 9897s
 128906 99662 1139.30791   60  422 1257.44276 1001.23363  20.4%  66.0 9901s
 129229 100008 1138.75450   75  177 1257.44276 1001.25770  20.4%  66.1 9911s
 129708 100396 1026.22635   37  412 1257.44276 1001.26589  20.4%  66.0 10065s
H129755 100107                    1245.1338473 1001.26589  19.6%  66.0 10071s
 130304 100497 1123.56982   99  145 1245.13385 1001.27948  19.6%  66.0 10140s
 130697 100912 1107.56379   52  262 1245.13385 1001.31260  19.6%  66.0 10146s
 130783 100920 1128.89260   75    - 1245.13385 1001.31260  19.6%  66.0 10156s
 131036 100925 1061.70341   58  410 1245.13385 1001.31260  19.6%  66.0 10160s
 131251 101376 1081.35191   62  386 1245.13385 1001.32535  19.6%  66.0 10168s
 131325 101382 1061.38298   30  475 1245.13385 1001.32535  19.6%  66.0 10234s
 131559 101385 1208.47596   90  459 1245.13385 1001.32535  19.6%  66.0 10235s
 131702 101385 1055.34596   52  321 1245.13385 1001.32535  19.6%  66.0 10331s
 131861 101780 1058.88625   59  375 1245.13385 1001.32706  19.6%  66.0 10336s
 132387 102227 1093.76094   73  240 1245.13385 1001.37400  19.6%  65.9 10342s
 132977 102622 1014.42099   29  551 1245.13385 1001.39038  19.6%  65.9 10353s
 133492 103006 1038.46663   41  423 1245.13385 1001.39038  19.6%  65.9 10361s
 133811 103022 1043.77095   44  419 1245.13385 1001.42605  19.6%  65.9 10367s
 133999 103172 1172.40932   67  321 1245.13385 1001.42964  19.6%  65.9 10382s
 134176 103541 infeasible   68      1245.13385 1001.42964  19.6%  65.9 10388s
 134740 103994 1024.93328   26  537 1245.13385 1001.43389  19.6%  65.9 10400s
 134822 104004 1161.81228  100  401 1245.13385 1001.43389  19.6%  65.9 10406s
 135283 104369 infeasible   90      1245.13385 1001.47856  19.6%  65.9 10411s
 136280 105252 1154.93328   95  209 1245.13385 1001.48854  19.6%  66.0 10427s
 136843 105637 1094.43029   63  422 1245.13385 1001.53001  19.6%  65.9 10435s
 137316 106101 1085.59792   54  419 1245.13385 1001.53150  19.6%  65.9 10442s
 137864 106551     cutoff  118      1245.13385 1001.53459  19.6%  65.9 10480s
 138413 106923 1089.27966   67  262 1245.13385 1001.54732  19.6%  65.9 10486s
 138925 107325 infeasible   42      1245.13385 1001.57259  19.6%  65.9 10492s
 139323 107349 1076.93449   49  409 1245.13385 1001.57713  19.6%  65.9 10511s
 139434 107681 1054.10756   53  496 1245.13385 1001.57713  19.6%  65.9 10515s
 139652 107700 1038.30688   50  281 1245.13385 1001.58460  19.6%  65.9 10524s
 139889 108142 1026.95571   44  527 1245.13385 1001.58460  19.6%  65.9 10529s
 140054 108151 infeasible  105      1245.13385 1001.58460  19.6%  65.9 10534s
 140345 108170 1203.65238   84  147 1245.13385 1001.60554  19.6%  65.9 10539s
 140472 108582 infeasible  106      1245.13385 1001.60554  19.6%  65.9 10567s
 141015 108828 1134.14561   73  477 1245.13385 1001.62903  19.6%  65.9 11118s
 141308 109213 1025.48532   29  395 1245.13385 1001.63511  19.6%  65.9 11121s
 141382 109218 1078.11730   55  497 1245.13385 1001.63511  19.6%  65.9 11249s
 141624 109218 1020.82268   32  359 1245.13385 1001.65370  19.6%  65.9 11250s
 141833 109642 1086.00058   51    - 1245.13385 1001.65370  19.6%  65.9 11255s
 142379 110050 1015.58896   40  485 1245.13385 1001.66500  19.6%  65.9 11261s
 142823 110069 1119.16807   65  427 1245.13385 1001.70404  19.6%  65.9 11281s
 142915 110410 1036.69375   41  424 1245.13385 1001.70404  19.6%  65.9 11286s
 143353 110783 1087.90405   78  471 1245.13385 1001.72631  19.5%  65.9 11295s
 143811 111120 1154.58673   96   44 1245.13385 1001.73043  19.5%  65.9 11310s
 144274 111423 1158.15232   85  248 1245.13385 1001.77682  19.5%  65.9 11334s
 144437 111435 infeasible   54      1245.13385 1001.78407  19.5%  65.9 11337s
 144678 111810 1034.07581   43  375 1245.13385 1001.78407  19.5%  65.9 11342s
 145219 112245 1021.94965   30  482 1245.13385 1001.79217  19.5%  65.9 11349s
 145766 112647 1101.09153   68  542 1245.13385 1001.79891  19.5%  65.9 11367s
 146081 112655 1227.94503  102    - 1245.13385 1001.84582  19.5%  65.9 11374s
 146337 112680 1028.94330   48  408 1245.13385 1001.84582  19.5%  65.9 11389s
 146344 112680 1006.22662   31  433 1245.13385 1001.84582  19.5%  65.9 11390s
 146347 112857 1215.55509   84   52 1245.13385 1001.84582  19.5%  65.9 11396s
 146588 113103 1028.33029   47  375 1245.13385 1001.84582  19.5%  65.9 11407s
 146899 113488 1045.41373   50  446 1245.13385 1001.86307  19.5%  65.9 11412s
 147479 113927 1059.88420   58  119 1245.13385 1001.86710  19.5%  65.9 11417s
 147560 113936 1026.98013   31  330 1245.13385 1001.86710  19.5%  65.9 11434s
 147655 113950 infeasible   95      1245.13385 1001.86710  19.5%  65.9 11440s
 148039 114335 1151.62230   90    - 1245.13385 1001.86710  19.5%  65.9 11457s
 148548 114361 1010.08095   37  458 1245.13385 1001.90270  19.5%  65.9 11468s
 148596 114706 1099.23377   52  218 1245.13385 1001.90270  19.5%  65.9 11472s
 149096 115126 1098.36493   54  250 1245.13385 1001.92193  19.5%  65.9 11479s
 149170 115126 1112.13265   54    - 1245.13385 1001.92755  19.5%  65.9 11480s
 149612 115558     cutoff  124      1245.13385 1001.94520  19.5%  65.9 11488s
 149738 115562 1048.50205   34   81 1245.13385 1001.94520  19.5%  65.9 11492s
 150155 115979 1097.74964   57  114 1245.13385 1001.95867  19.5%  65.9 11498s
 150685 116322 1080.11022   59  101 1245.13385 1001.96138  19.5%  65.9 11505s
 151172 116726 1014.87146   30  425 1245.13385 1001.97978  19.5%  65.9 11513s
 151620 116740 1057.66816   39  426 1245.13385 1001.97978  19.5%  66.0 11541s
 151665 117117 1002.87441   29  406 1245.13385 1001.99193  19.5%  66.0 11545s
 152147 117135 1012.11283   29  511 1245.13385 1002.00194  19.5%  66.0 11566s
 152159 117253 1014.04732   30  516 1245.13385 1002.00194  19.5%  66.0 11570s
 152809 118028 1018.96292   25  539 1245.13385 1002.02281  19.5%  66.0 11591s
 153374 118435 1126.90885   86  491 1245.13385 1002.02281  19.5%  66.0 11605s
 153883 118828 1033.30716   34  507 1245.13385 1002.02281  19.5%  66.0 11612s
 154272 118851 1038.75117   35  335 1245.13385 1002.02281  19.5%  66.0 11615s
 155022 119685 1046.41977   31  245 1245.13385 1002.10591  19.5%  66.0 11626s
 155531 120071 infeasible   51      1245.13385 1002.11706  19.5%  66.0 11640s
 156020 120362 1014.99293   29  349 1245.13385 1002.11728  19.5%  66.0 11653s
 156420 120848 1101.87400   66  155 1245.13385 1002.11910  19.5%  66.0 11657s
 156961 120862 1059.22739   40  346 1245.13385 1002.13622  19.5%  66.0 11674s
 157035 121199 1105.73591   47   82 1245.13385 1002.13622  19.5%  66.0 11679s
 157147 121207 1049.80916   54  459 1245.13385 1002.13622  19.5%  66.0 11682s
 157473 121592 1127.80555   69  236 1245.13385 1002.13622  19.5%  66.0 11687s
 157667 121597 1081.16757   76  324 1245.13385 1002.13622  19.5%  66.0 11690s
 157977 121994 1027.93788   32  502 1245.13385 1002.16364  19.5%  66.0 11699s
 158480 122374 1056.60575   47  268 1245.13385 1002.16364  19.5%  66.0 11705s
 158980 122785 1086.40384   45   79 1245.13385 1002.16712  19.5%  66.0 11729s
 159156 122800 1241.18124  127  237 1245.13385 1002.16777  19.5%  66.0 11731s
 159513 123125 1083.63867   59  492 1245.13385 1002.18163  19.5%  66.0 11739s
 159954 123467 1051.60513   45  484 1245.13385 1002.19145  19.5%  66.0 11763s
 160453 123851 1152.43168   86  528 1245.13385 1002.19145  19.5%  66.0 11774s
 160606 123855 1083.06377   36  137 1245.13385 1002.20864  19.5%  66.0 11775s
 160950 124150 1078.23878   45  350 1245.13385 1002.21210  19.5%  66.0 11806s
 161325 124659 1076.96534   50  283 1245.13385 1002.21210  19.5%  66.0 11810s
 161933 125105 1062.82472   45  416 1245.13385 1002.22653  19.5%  66.0 11835s
 162572 125129 1032.99399   39  348 1245.13385 1002.24553  19.5%  66.0 11951s
 162586 125167 1026.62785   39  372 1245.13385 1002.24553  19.5%  66.0 11956s
 162648 125428 1069.72458   55   85 1245.13385 1002.24553  19.5%  66.0 11962s
 163009 125785 1058.92455   47  480 1245.13385 1002.24619  19.5%  66.0 11966s
 163520 126188 1098.28207   63  455 1245.13385 1002.26332  19.5%  66.0 11970s
 163760 126206 1022.89806   40  435 1245.13385 1002.27478  19.5%  66.0 12027s
 164056 126552 1041.66369   41  464 1245.13385 1002.29269  19.5%  66.0 12031s
 164546 126968 1107.81095   72  286 1245.13385 1002.30946  19.5%  66.1 12035s
 164718 126974 1104.04563   62  137 1245.13385 1002.30946  19.5%  66.1 12049s
 165072 127384 1099.57233   52  527 1245.13385 1002.30946  19.5%  66.1 12054s
 165348 127389 infeasible   72      1245.13385 1002.33463  19.5%  66.1 12056s
 165634 127792 1045.88604   46  230 1245.13385 1002.33947  19.5%  66.1 12074s
 165815 127792 infeasible   50      1245.13385 1002.33947  19.5%  66.1 12075s
 166594 128237 infeasible   55      1245.13385 1002.36378  19.5%  66.1 12082s
 166706 128544 1077.75264   49  384 1245.13385 1002.36872  19.5%  66.1 12089s
 167131 128909 1068.55394   57  509 1245.13385 1002.37284  19.5%  66.1 12093s
 167230 128914 1160.61221   72   64 1245.13385 1002.37284  19.5%  66.1 12095s
 167592 129331 1170.15664   97  338 1245.13385 1002.37601  19.5%  66.1 12100s
 168153 129778 1013.20799   42  486 1245.13385 1002.37601  19.5%  66.1 12107s
 168668 130125 1063.43587   66  351 1245.13385 1002.39718  19.5%  66.1 12162s
 169170 130554 1145.47746   97  157 1245.13385 1002.41255  19.5%  66.1 12173s
 169595 130576 1168.30010   94  124 1245.13385 1002.43251  19.5%  66.1 12179s
 169657 130578 1032.82940   40  439 1245.13385 1002.43251  19.5%  66.1 12264s
 169737 130589 1101.35803   68  178 1245.13385 1002.43251  19.5%  66.1 12274s
 169745 130749 1101.35803   69  176 1245.13385 1002.43251  19.5%  66.1 12291s
 169958 130975 1101.67458   70  144 1245.13385 1002.43838  19.5%  66.1 12297s
 170030 130982 1016.41303   33  396 1245.13385 1002.43838  19.5%  66.1 12659s
 170177 130984 1145.66857   91  100 1245.13385 1002.43850  19.5%  66.1 12668s
 170323 131387 1048.00266   34  343 1245.13385 1002.44275  19.5%  66.1 12675s
 170611 131401 1020.53478   31  466 1245.13385 1002.45680  19.5%  66.1 12688s
 170876 131700 1041.45599   42  487 1245.13385 1002.45680  19.5%  66.1 12693s
 171155 131726 1019.80227   24  433 1245.13385 1002.45680  19.5%  66.1 12704s
 171453 132059 1006.87474   28  446 1245.13385 1002.45680  19.5%  66.1 12711s
 171511 132066 1175.77309   76   90 1245.13385 1002.45680  19.5%  66.1 12723s
 171587 132075 1025.96744   39  482 1245.13385 1002.45680  19.5%  66.1 12725s
 171920 132491 1121.96688   58  160 1245.13385 1002.48002  19.5%  66.1 12731s
 172462 132833 1126.40169   80   81 1245.13385 1002.49261  19.5%  66.1 12741s
 172874 132843 1046.66753   41  430 1245.13385 1002.50615  19.5%  66.1 12784s
 172929 133251 1134.38424   58  242 1245.13385 1002.50864  19.5%  66.1 12789s
 173060 133253 1066.62343   56  415 1245.13385 1002.50864  19.5%  66.1 12791s
 173448 133655 1099.81846   79  431 1245.13385 1002.52284  19.5%  66.1 12803s
 173869 133680 1081.25847   63  491 1245.13385 1002.52793  19.5%  66.1 13089s
 173986 134075 1010.08129   32  451 1245.13385 1002.52793  19.5%  66.1 13102s
 174483 134479 1025.96644   38  311 1245.13385 1002.52793  19.5%  66.2 13121s
 174996 134847 1089.11139   43  324 1245.13385 1002.54640  19.5%  66.2 13136s
 175531 135204 infeasible   53      1245.13385 1002.56819  19.5%  66.2 13151s
 175971 135551 1012.35442   34  469 1245.13385 1002.56844  19.5%  66.2 13157s
 176057 135555 1095.08678   59  281 1245.13385 1002.56844  19.5%  66.2 13161s
 176332 135569 1024.08205   35  416 1245.13385 1002.58438  19.5%  66.2 13169s
 176433 135835 1022.54671   31  505 1245.13385 1002.58491  19.5%  66.2 13174s
 176842 136363 1042.40173   44  274 1245.13385 1002.59520  19.5%  66.2 13182s
 177481 136717 1162.22604   76  201 1245.13385 1002.59520  19.5%  66.2 13189s
 177752 136720 1119.33797   78  217 1245.13385 1002.59520  19.5%  66.2 13193s
 177911 136992 1097.77035   68  346 1245.13385 1002.60819  19.5%  66.2 13202s
 178338 137333 1038.45561   33  498 1245.13385 1002.60819  19.5%  66.2 13214s
 178400 137334 1104.17628   72  358 1245.13385 1002.60819  19.5%  66.2 13215s
 178768 137614 1110.62950   59  353 1245.13385 1002.60819  19.5%  66.2 13222s
 179161 138001 1088.25471   46  537 1245.13385 1002.62696  19.5%  66.2 13227s
 179622 138352 1099.40753   59  417 1245.13385 1002.64673  19.5%  66.2 13235s
 180041 138362 1095.97700   83  195 1245.13385 1002.65516  19.5%  66.2 13241s
 180093 138755 1130.51595   72  115 1245.13385 1002.66308  19.5%  66.2 13247s
 180581 139166 1169.69851   90  397 1245.13385 1002.66843  19.5%  66.2 13265s
 181085 139504 1072.53876   57  452 1245.13385 1002.66843  19.5%  66.2 13281s
 181290 139511 1138.05083  109  345 1245.13385 1002.66843  19.5%  66.2 13286s
 181384 139515 1179.55744   93  345 1245.13385 1002.67825  19.5%  66.3 13302s
 181545 139864 1009.97694   32  523 1245.13385 1002.68617  19.5%  66.3 13307s
 182018 140184 1044.02642   43  291 1245.13385 1002.68617  19.5%  66.3 13391s
 182451 140505 1008.06362   39  456 1245.13385 1002.68617  19.5%  66.2 13397s
 182893 140815 1039.06752   34  290 1245.13385 1002.72094  19.5%  66.3 13510s
 183352 140825 1033.60792   32  326 1245.13385 1002.72094  19.5%  66.3 13519s
 183360 140944 1035.51904   33  364 1245.13385 1002.72094  19.5%  66.3 13544s
 183380 140944 1034.73919   40  419 1245.13385 1002.72094  19.5%  66.3 13545s
 183561 141229 1045.02742   46   53 1245.13385 1002.72094  19.5%  66.2 13553s
 183937 141242 1195.23052   90  284 1245.13385 1002.73975  19.5%  66.2 13555s
 184014 141604 1083.91416   48  496 1245.13385 1002.73975  19.5%  66.2 13560s
 184471 142034 infeasible  106      1245.13385 1002.73975  19.5%  66.2 13565s
 184649 142044 1041.75493   48  461 1245.13385 1002.73975  19.5%  66.2 13570s
 185088 142486 1217.11133   97   63 1245.13385 1002.75751  19.5%  66.2 13584s
 185630 142853 1200.06783   94  213 1245.13385 1002.75751  19.5%  66.2 13591s
 186121 143191 1124.44109   59  421 1245.13385 1002.77072  19.5%  66.2 13604s
 186549 143199 1057.76845   48  363 1245.13385 1002.79349  19.5%  66.2 13607s
 186607 143206 1050.18147   45  339 1245.13385 1002.79349  19.5%  66.2 13617s
 186618 143265 1057.12490   46  398 1245.13385 1002.79669  19.5%  66.2 13623s
 186685 143648 1057.15752   47  299 1245.13385 1002.79669  19.5%  66.2 13632s
 187188 144029 1025.82918   36  422 1245.13385 1002.79669  19.5%  66.2 13651s
 187673 144304 1096.92122   61  283 1245.13385 1002.79669  19.5%  66.2 13660s
 188114 144642 1038.38567   39  370 1245.13385 1002.82761  19.5%  66.2 13669s
 188286 144647 1021.54174   39  377 1245.13385 1002.82960  19.5%  66.2 13671s
 188603 144984 1009.04444   28  479 1245.13385 1002.83556  19.5%  66.2 13676s
 188888 145012 1080.64403   45  118 1245.13385 1002.83556  19.5%  66.3 13697s
 189043 145019 1017.76730   42  440 1245.13385 1002.83556  19.5%  66.3 13704s
 189104 145437 1080.50674   58  449 1245.13385 1002.83556  19.5%  66.3 13709s
 189243 145448 1196.98135   76  373 1245.13385 1002.83556  19.5%  66.3 13710s
 189621 145467 infeasible   43      1245.13385 1002.86232  19.5%  66.2 13716s
 189677 145841 1025.55627   40  286 1245.13385 1002.86232  19.5%  66.3 13720s
 189959 145857 infeasible   88      1245.13385 1002.86540  19.5%  66.2 13731s
 190220 146244 1057.64811   32  377 1245.13385 1002.86540  19.5%  66.2 13743s
 190707 146645 1069.23971   68  132 1245.13385 1002.88805  19.5%  66.3 13753s
 190771 146651 1012.08807   33  508 1245.13385 1002.90246  19.5%  66.3 13770s
 191172 146668 1051.28462   45  496 1245.13385 1002.91020  19.5%  66.2 13775s
 191293 147057 1064.73719   59  420 1245.13385 1002.91436  19.5%  66.2 13780s
 191609 147076 1166.05682   80   86 1245.13385 1002.91850  19.5%  66.3 13800s
 191785 147474 infeasible  107      1245.13385 1002.91850  19.5%  66.3 13805s
 192354 147498 1234.56860   87  111 1245.13385 1002.93839  19.5%  66.2 13813s
 192418 147899 infeasible   96      1245.13385 1002.93839  19.5%  66.2 13818s
 192551 147900 1128.67345   83  232 1245.13385 1002.94027  19.5%  66.2 13992s
 192870 148268 1175.03688   68  390 1245.13385 1002.94357  19.5%  66.2 13997s
 193426 148700 1032.73651   29  383 1245.13385 1002.96468  19.4%  66.2 14025s
 193655 148715 1011.96589   29  493 1245.13385 1002.96730  19.4%  66.2 14036s
 193994 149166 1054.25215   44  381 1245.13385 1002.97825  19.4%  66.2 14046s
 194535 149587 1018.22708   24  408 1245.13385 1002.97876  19.4%  66.2 14052s
 195086 150008 1231.88013   75  515 1245.13385 1002.98754  19.4%  66.2 14065s
 195475 150019 1004.21039   34  463 1245.13385 1002.99922  19.4%  66.2 14071s
 195600 150406 infeasible   65      1245.13385 1003.00254  19.4%  66.2 14076s
 196135 150800 1102.26740   61  507 1245.13385 1003.01699  19.4%  66.2 14082s
 196581 150825 1080.00987   56  519 1245.13385 1003.01748  19.4%  66.2 14148s
 196641 151211 1136.30255   64  112 1245.13385 1003.01748  19.4%  66.2 14153s
 197210 151619 1081.83507   65  238 1245.13385 1003.01963  19.4%  66.2 14708s
 197255 151622 1014.04852   38  506 1245.13385 1003.02897  19.4%  66.2 14710s
 197722 152028 infeasible  100      1245.13385 1003.03995  19.4%  66.2 14744s
 198236 152387 1022.38703   27  417 1245.13385 1003.04306  19.4%  66.2 14799s
 198671 152731 1098.47150   41  102 1245.13385 1003.05199  19.4%  66.3 14807s
 199067 152749 1008.40756   27  445 1245.13385 1003.05259  19.4%  66.3 14816s
 199170 153093 1026.68002   27  470 1245.13385 1003.05259  19.4%  66.3 14825s
 199736 153540 1022.73013   32  421 1245.13385 1003.07390  19.4%  66.3 14834s
 199788 153541 1036.80895   35  438 1245.13385 1003.07390  19.4%  66.3 14837s
 199995 153552 1014.85445   30  498 1245.13385 1003.07415  19.4%  66.3 14850s
 200271 153921 1074.41533   83  307 1245.13385 1003.07415  19.4%  66.3 14856s
 200324 153929 1115.01401   42  297 1245.13385 1003.07415  19.4%  66.3 14868s
 200589 153930 1081.56161   90  453 1245.13385 1003.09300  19.4%  66.3 14870s
 200941 154353 1151.90723   90  355 1245.13385 1003.09639  19.4%  66.3 14877s
 201280 154659 1072.25175   49  139 1245.13385 1003.10375  19.4%  66.3 14885s
 201695 154993 1056.63545   38  441 1245.13385 1003.11390  19.4%  66.3 14892s
 202126 155340 1126.31661   55  389 1245.13385 1003.11390  19.4%  66.3 14899s
 202223 155348 1071.02409   57   30 1245.13385 1003.12124  19.4%  66.3 14901s
 202637 155373 1047.29915   40  397 1245.13385 1003.13395  19.4%  66.3 14912s
 202646 155439 1052.32267   41  351 1245.13385 1003.13395  19.4%  66.3 14917s
 202744 155739 1058.67888   41  430 1245.13385 1003.13395  19.4%  66.3 14926s
 203141 156066 1047.46083   42  477 1245.13385 1003.13520  19.4%  66.3 14954s
 203603 156483 1046.21147   28  386 1245.13385 1003.13925  19.4%  66.4 14963s
 203679 156489     cutoff  106      1245.13385 1003.13940  19.4%  66.3 14967s
 204126 156881 1115.98348   57  359 1245.13385 1003.13940  19.4%  66.4 14974s
 204561 156899 1066.23606   45  443 1245.13385 1003.15630  19.4%  66.4 14981s
 204667 156916 1033.43137   36  546 1245.13385 1003.15841  19.4%  66.4 14993s
H204677 156899                    1244.7183536 1003.15841  19.4%  66.4 15064s
 204681 157234 1051.15427   43  492 1244.71835 1003.15841  19.4%  66.4 15069s
 204988 157251 1012.41643   31  505 1244.71835 1003.16974  19.4%  66.4 15075s
 205179 157681 1007.83902   32  503 1244.71835 1003.16974  19.4%  66.4 15080s
 205427 157683 1120.69140   76   85 1244.71835 1003.16974  19.4%  66.4 15086s
 205717 158004 1004.20157   31  523 1244.71835 1003.17177  19.4%  66.4 15092s
 206181 158434 1079.10404   52  151 1244.71835 1003.17177  19.4%  66.4 15098s
 206372 158443 1005.60533   27  285 1244.71835 1003.17177  19.4%  66.4 15100s
 206635 158454 infeasible   76      1244.71835 1003.17177  19.4%  66.4 15124s
 206676 158814 1107.63173   75  533 1244.71835 1003.17177  19.4%  66.4 15129s
 207164 159115 infeasible   91      1244.71835 1003.21398  19.4%  66.4 15136s
 207715 159604 1015.42522   26  359 1244.71835 1003.21996  19.4%  66.4 15163s
 208311 159959 1141.57739   53  107 1244.71835 1003.24883  19.4%  66.4 15173s
 208478 159960 1026.23822   41  520 1244.71835 1003.24883  19.4%  66.4 15175s
 208830 160335 infeasible   70      1244.71835 1003.25731  19.4%  66.4 15186s
 209275 160772 1177.06100   66  345 1244.71835 1003.25802  19.4%  66.4 15213s
 209786 161165 1080.33191   57   94 1244.71835 1003.25802  19.4%  66.4 15223s
 210356 161512 1022.63086   34  378 1244.71835 1003.28726  19.4%  66.4 15240s
 210911 161954 infeasible   88      1244.71835 1003.28726  19.4%  66.4 15250s
 211113 161961 1101.25171   69  442 1244.71835 1003.28726  19.4%  66.4 15255s
 211440 162380 1018.45055   32  453 1244.71835 1003.28726  19.4%  66.4 15269s
 211518 162385 1127.06588   74  476 1244.71835 1003.28726  19.4%  66.4 15270s
 211780 162392 1141.62889   75  164 1244.71835 1003.31855  19.4%  66.4 15279s
 211946 162700 1012.44142   28  408 1244.71835 1003.31855  19.4%  66.4 15285s
 212540 163133 1241.57795   91  308 1244.71835 1003.31855  19.4%  66.3 15292s
 213086 163525 1163.60631   95  128 1244.71835 1003.31855  19.4%  66.3 15315s
 213303 163536 1038.00067   38  470 1244.71835 1003.31855  19.4%  66.3 15326s
 213654 163937 1034.28324   45  418 1244.71835 1003.36465  19.4%  66.3 15486s
 214230 164414 1018.85099   35  271 1244.71835 1003.37525  19.4%  66.3 15495s
 214378 164428 1006.28229   33  414 1244.71835 1003.37824  19.4%  66.3 15508s
 214828 164825 1051.30726   33  520 1244.71835 1003.38951  19.4%  66.3 15519s
 214946 164825 1068.41470   32  342 1244.71835 1003.38951  19.4%  66.3 15534s
 215088 164830 1006.07463   30  518 1244.71835 1003.38964  19.4%  66.3 15535s
 215304 165192 1045.93178   50  472 1244.71835 1003.38964  19.4%  66.3 15542s
 215450 165196 1119.96781   55  216 1244.71835 1003.38964  19.4%  66.3 15548s
 215790 165554 1138.66647   81    - 1244.71835 1003.40651  19.4%  66.3 15559s
 215850 165559 1041.53933   43  513 1244.71835 1003.40651  19.4%  66.3 15567s
 216255 165902 1030.66769   33  536 1244.71835 1003.41208  19.4%  66.3 15619s
 216381 165903 1086.12049   54  513 1244.71835 1003.41208  19.4%  66.3 15631s
 216671 166292 1102.75541   57  237 1244.71835 1003.42848  19.4%  66.3 15636s
 216945 166307 1094.10163   67  434 1244.71835 1003.43036  19.4%  66.3 15787s
 217012 166313 1069.75246   58  553 1244.71835 1003.43036  19.4%  66.3 15960s
 217193 166661 infeasible   90      1244.71835 1003.43036  19.4%  66.3 15966s
 217634 166929 1008.31352   32  354 1244.71835 1003.43703  19.4%  66.3 16123s
 218071 167408 1055.71096   47  465 1244.71835 1003.43703  19.4%  66.3 16130s
 218363 167419 1071.29775   51  272 1244.71835 1003.43703  19.4%  66.3 16144s
 218643 167438 1152.59210   64  272 1244.71835 1003.45409  19.4%  66.3 16150s
 218718 167729 1075.21035   59  528 1244.71835 1003.45409  19.4%  66.3 16156s
 219106 168076 1109.40560   53  496 1244.71835 1003.45409  19.4%  66.3 16171s
 219580 168374 1103.41095   62  343 1244.71835 1003.45591  19.4%  66.3 16187s
 220025 168578 infeasible   44      1244.71835 1003.48199  19.4%  66.3 16217s
 220270 168953 1096.98216   58  403 1244.71835 1003.48199  19.4%  66.3 16222s
 220748 168957 1033.88839   44  524 1244.71835 1003.48879  19.4%  66.3 16256s
 220810 169264 infeasible   34      1244.71835 1003.48879  19.4%  66.3 16262s
 221219 169668 1088.73346   53  464 1244.71835 1003.50236  19.4%  66.3 16343s
 221736 169968 1093.89675   46  216 1244.71835 1003.50236  19.4%  66.3 16351s
 222133 170369 1147.19034   80  156 1244.71835 1003.51173  19.4%  66.4 16358s
 222206 170376 1032.60290   36  391 1244.71835 1003.51173  19.4%  66.3 16366s
 222681 170800 1117.00730   83   75 1244.71835 1003.53326  19.4%  66.3 16380s
 223208 171154 1180.52927   71  385 1244.71835 1003.53633  19.4%  66.3 16390s
 223402 171178 infeasible  101      1244.71835 1003.53710  19.4%  66.3 16395s
 223696 171529 1203.02423   89  151 1244.71835 1003.53932  19.4%  66.3 16400s
 224246 171875 1088.30438   40  131 1244.71835 1003.53932  19.4%  66.3 16424s
 224669 172203 infeasible   30      1244.71835 1003.56734  19.4%  66.3 16430s
 225111 172632 infeasible   32      1244.71835 1003.57535  19.4%  66.3 16440s
 225443 172637 1026.76059   29  324 1244.71835 1003.57898  19.4%  66.3 16517s
 225636 172997 1039.48034   44  523 1244.71835 1003.57898  19.4%  66.3 16525s
 226107 173012 1019.90885   32  466 1244.71835 1003.58607  19.4%  66.3 16537s
 226118 173153 1011.39623   34  467 1244.71835 1003.58915  19.4%  66.3 16549s
 226309 173317 1011.46073   35  304 1244.71835 1003.58915  19.4%  66.3 16720s
 226539 173732 1011.63030   36  276 1244.71835 1003.59377  19.4%  66.3 16743s
 227041 174096 1004.66742   27  512 1244.71835 1003.59452  19.4%  66.3 16767s
 227359 174102 1017.67502   37  540 1244.71835 1003.59452  19.4%  66.3 16772s
 227503 174551 1144.36397   70  549 1244.71835 1003.59452  19.4%  66.4 16777s
 228047 174931 1064.15162   40  333 1244.71835 1003.59452  19.4%  66.3 17875s
 228569 175365 1149.05361   66  334 1244.71835 1003.63049  19.4%  66.3 18107s
 229147 175378 1162.41151   62  324 1244.71835 1003.63983  19.4%  66.3 18125s
 229155 175598 1168.13880   63  209 1244.71835 1003.63983  19.4%  66.3 18131s
 229234 175600 1125.65082   67  175 1244.71835 1003.63983  19.4%  66.3 18142s
 229454 176049 1010.63988   31  471 1244.71835 1003.63983  19.4%  66.3 18153s
 229739 176057 1038.80074   44  257 1244.71835 1003.63983  19.4%  66.3 18155s
 229929 176067 1111.48742   55  341 1244.71835 1003.64138  19.4%  66.3 18168s
 230026 176419 1015.34743   30  426 1244.71835 1003.64138  19.4%  66.3 18174s
 230489 176810 1016.27565   32  486 1244.71835 1003.64138  19.4%  66.3 18180s
 231038 177172 1017.58088   26  474 1244.71835 1003.67150  19.4%  66.3 18186s
 231514 177609 1092.56798   69  235 1244.71835 1003.67150  19.4%  66.3 18203s
 231936 177626 1085.61439   53  251 1244.71835 1003.69490  19.4%  66.3 18206s
 232090 178012 1077.27961   58  211 1244.71835 1003.69597  19.4%  66.3 18214s
 232285 178014 1142.91206   73  289 1244.71835 1003.69597  19.4%  66.3 18216s
 232614 178471 1149.10247   50  109 1244.71835 1003.69771  19.4%  66.3 18480s
 233172 178887 1113.52155   68  267 1244.71835 1003.70434  19.4%  66.3 18569s
 233385 178897 1205.74031   85  324 1244.71835 1003.70434  19.4%  66.3 18572s
 233743 179296 1097.56328   61  487 1244.71835 1003.73242  19.4%  66.3 18584s
 234112 179297 1035.14112   37  428 1244.71835 1003.74254  19.4%  66.3 18588s
 234250 179631 1083.03237   69  363 1244.71835 1003.74254  19.4%  66.3 18594s
 234359 179640 1068.67334   53  437 1244.71835 1003.74254  19.4%  66.3 18597s
 234714 179963 1044.69946   44  138 1244.71835 1003.75392  19.4%  66.3 18606s
 234965 179967 1061.23618   37  471 1244.71835 1003.75503  19.4%  66.3 18610s
 235120 180254 1012.80533   31  530 1244.71835 1003.75503  19.4%  66.3 18615s
 235498 180654 1067.16797   47   22 1244.71835 1003.75503  19.4%  66.3 18633s
 235581 180661 1060.13295   54  531 1244.71835 1003.75503  19.4%  66.3 18639s
 236021 180952 infeasible   89      1244.71835 1003.75780  19.4%  66.3 18646s
 236561 181424 1016.51737   27  529 1244.71835 1003.77859  19.4%  66.3 18657s
 236707 181430 infeasible   43      1244.71835 1003.77859  19.4%  66.3 18665s
 237133 181854 1200.53311  103  380 1244.71835 1003.77859  19.4%  66.3 18679s
 237477 181869 1048.74926   49  334 1244.71835 1003.78998  19.4%  66.3 18720s
 237670 182280 1022.28534   32  517 1244.71835 1003.79938  19.4%  66.3 18727s
 238040 182297 1074.42415   47  357 1244.71835 1003.80842  19.4%  66.3 18753s
 238238 182315 1234.28171  113    - 1244.71835 1003.81053  19.4%  66.3 18759s
 238289 182727 1034.33033   43  537 1244.71835 1003.81053  19.4%  66.3 18774s
 238388 182728 1079.70287   61  547 1244.71835 1003.81145  19.4%  66.3 18775s
 238839 183120 1143.61673   84   91 1244.71835 1003.81145  19.4%  66.3 18797s
 239383 183500 1083.60037   50  481 1244.71835 1003.81564  19.4%  66.3 18806s
 239901 183840 1041.66400   35  220 1244.71835 1003.81564  19.4%  66.3 19041s
 240267 184192 1132.79655   85   38 1244.71835 1003.82620  19.4%  66.3 19047s
 240583 184197     cutoff   67      1244.71835 1003.83500  19.4%  66.3 19089s
 240775 184541 1092.49801   57  262 1244.71835 1003.83500  19.4%  66.3 19096s
 240903 184559 1022.28403   33  460 1244.71835 1003.83953  19.4%  66.3 19592s
 241284 184975 1022.91564   37  488 1244.71835 1003.84915  19.4%  66.3 19597s
 241789 185368 1154.57599   79  553 1244.71835 1003.84915  19.4%  66.3 19604s
 242008 185373 1092.53812   61  503 1244.71835 1003.85713  19.4%  66.3 19618s
 242291 185653 1082.36933   36  447 1244.71835 1003.86145  19.4%  66.3 19633s
 242694 186074 1071.54812   51  526 1244.71835 1003.86895  19.3%  66.3 19712s
 242861 186076 1030.08221   36  545 1244.71835 1003.87298  19.3%  66.3 19715s
 243212 186088 1025.12625   31  260 1244.71835 1003.87298  19.3%  66.3 19728s
 243220 186187 1028.43145   32  397 1244.71835 1003.87298  19.3%  66.3 20035s
 243284 186189 1014.31399   27  464 1244.71835 1003.87298  19.3%  66.3 20068s
 243333 186393 1030.27208   33  519 1244.71835 1003.87298  19.3%  66.3 20076s
 243335 186393 1153.25805   84  424 1244.71835 1003.87298  19.3%  66.3 20089s
 243470 186405 1018.52876   29  469 1244.71835 1003.88257  19.3%  66.4 20095s
 243623 186835 1036.70304   34  392 1244.71835 1003.88257  19.3%  66.3 20102s
 243690 186838 1039.61498   57  441 1244.71835 1003.88257  19.3%  66.3 20160s
 244214 187285 1029.03818   37  534 1244.71835 1003.89410  19.3%  66.3 20170s
 244728 187315 1108.37621   73  284 1244.71835 1003.89410  19.3%  66.3 20184s
 244797 187672 1125.91100   89  373 1244.71835 1003.89410  19.3%  66.3 20189s
 244928 187678 1139.79391   60  362 1244.71835 1003.89410  19.3%  66.3 20190s
 245005 187680 1014.51475   34  478 1244.71835 1003.89410  19.3%  66.3 20239s
 245268 188060 1135.98486   61  385 1244.71835 1003.90434  19.3%  66.3 20245s
 245769 188484 1024.64068   33  531 1244.71835 1003.91659  19.3%  66.3 20266s
 246111 188502 1122.87633   60   62 1244.71835 1003.92535  19.3%  66.3 20270s
 246312 188883 1064.60465   41  375 1244.71835 1003.93576  19.3%  66.3 20279s
 246551 188896 1108.37285   75  476 1244.71835 1003.94084  19.3%  66.3 20300s
 246829 188908 1134.63008   76  158 1244.71835 1003.94630  19.3%  66.3 20377s
 246903 189394 1035.78703   42  451 1244.71835 1003.94630  19.3%  66.3 20382s
 247485 189789 1082.48722   52  450 1244.71835 1003.94669  19.3%  66.3 20390s
 247991 190187 infeasible   79      1244.71835 1003.95512  19.3%  66.3 20405s
 248514 190532 1017.59308   29  519 1244.71835 1003.96664  19.3%  66.3 20412s
 248984 190856 1091.03864   53  475 1244.71835 1003.96664  19.3%  66.3 20420s
 249349 190868 1021.82968   33  330 1244.71835 1003.97976  19.3%  66.3 20427s
 249410 191264 1041.17555   36  349 1244.71835 1003.97976  19.3%  66.3 20436s
 249930 191642 1066.02765   48  367 1244.71835 1003.99020  19.3%  66.3 20551s
 250001 191650 1116.11161   63  194 1244.71835 1003.99052  19.3%  66.3 20555s
 250419 192022 1022.34019   36  407 1244.71835 1003.99526  19.3%  66.3 20639s
 250482 192022 1015.17631   47  488 1244.71835 1003.99526  19.3%  66.3 20640s
 250885 192368 1058.03757   71  432 1244.71835 1003.99798  19.3%  66.3 20647s
 251355 192739 1047.18938   44  518 1244.71835 1004.00883  19.3%  66.4 20653s
 251796 193127 1091.53264   70  443 1244.71835 1004.01130  19.3%  66.4 20675s
 252340 193471 1015.52187   38  520 1244.71835 1004.01643  19.3%  66.4 20684s
 252775 193871 1149.37276   82  464 1244.71835 1004.02083  19.3%  66.4 20692s
 253035 193872 1021.34978   28  458 1244.71835 1004.03369  19.3%  66.4 20723s
 253293 194272 infeasible   56      1244.71835 1004.03403  19.3%  66.4 20730s
 253612 194292 1045.38227   38  273 1244.71835 1004.03411  19.3%  66.3 20737s
 253946 194624 infeasible   82      1244.71835 1004.04525  19.3%  66.3 20744s
 254234 194632 1237.17438   79   45 1244.71835 1004.04819  19.3%  66.3 20756s
 254417 194959 1037.05086   40  373 1244.71835 1004.05060  19.3%  66.3 20763s
 254797 194983 1090.55631   59  316 1244.71835 1004.05599  19.3%  66.3 20770s
 254913 195203 1021.36936   42  354 1244.71835 1004.05599  19.3%  66.4 20776s
 255337 195596 1077.61225   59  412 1244.71835 1004.06738  19.3%  66.4 20784s
 255829 195628 1032.37110   29  471 1244.71835 1004.06738  19.3%  66.4 20792s
 255892 195649 1100.59333   86  481 1244.71835 1004.06738  19.3%  66.4 20806s
 255915 195992 1109.79362   87  343 1244.71835 1004.06738  19.3%  66.4 20934s
 256083 195994 1083.02639   74  503 1244.71835 1004.06738  19.3%  66.4 20937s
 256177 195998 1121.53971   81  134 1244.71835 1004.06738  19.3%  66.4 20940s
 256382 196371 1075.85651   61  219 1244.71835 1004.06738  19.3%  66.4 20949s
 256466 196385 infeasible   71      1244.71835 1004.08623  19.3%  66.4 20952s
 256912 196882 1027.21025   40  442 1244.71835 1004.09741  19.3%  66.4 20966s
 257305 196902 1062.69236   52  157 1244.71835 1004.10862  19.3%  66.4 20978s
 257561 197226 1079.39218   43  335 1244.71835 1004.10962  19.3%  66.3 20986s
 257959 197538 1064.01794   51  436 1244.71835 1004.11650  19.3%  66.4 20994s
 258382 197553 1114.66447   81  296 1244.71835 1004.11650  19.3%  66.4 21007s
 258391 197630 1115.55367   82  257 1244.71835 1004.12135  19.3%  66.4 21015s
 258508 197865 1021.69197   29  527 1244.71835 1004.12135  19.3%  66.4 21024s
 258817 198298 1126.22974   70  261 1244.71835 1004.12728  19.3%  66.4 21030s
 259087 198301 1054.09757   39  405 1244.71835 1004.13582  19.3%  66.4 21044s
 259305 198303 1072.04241   58  448 1244.71835 1004.13946  19.3%  66.4 21045s
 259389 198647 1189.34013   66  313 1244.71835 1004.13946  19.3%  66.4 21445s
 259719 198653 1122.61507   51  231 1244.71835 1004.14006  19.3%  66.4 21532s
 259895 199048 1030.12393   33  424 1244.71835 1004.14006  19.3%  66.4 21544s
 260054 199054 1015.25328   32  368 1244.71835 1004.14006  19.3%  66.4 21545s
 260217 199062 infeasible   78      1244.71835 1004.14006  19.3%  66.4 21555s
 260416 199487 1011.55771   35  501 1244.71835 1004.14006  19.3%  66.4 21564s
 260958 199893 1125.07929   79  441 1244.71835 1004.15251  19.3%  66.4 21571s
 261479 200256 1099.50052   76  263 1244.71835 1004.16415  19.3%  66.4 21587s
 261980 200662 1126.32068   74  172 1244.71835 1004.16415  19.3%  66.4 21598s
 262537 200961 1045.14920   44  306 1244.71835 1004.17984  19.3%  66.4 21608s
 262966 201286 1023.28251   31  471 1244.71835 1004.18959  19.3%  66.4 21627s
 263356 201305 infeasible   39      1244.71835 1004.18959  19.3%  66.4 21632s
 263404 201672 1134.31411   54  129 1244.71835 1004.19086  19.3%  66.4 21638s
 263905 202094 1064.45136   48  529 1244.71835 1004.20435  19.3%  66.4 21652s
 264028 202095 1076.86318   58  522 1244.71835 1004.20435  19.3%  66.4 21659s
 264369 202544 1051.75452   45  216 1244.71835 1004.20435  19.3%  66.5 21671s
 264665 202551 1169.98209   94  282 1244.71835 1004.20435  19.3%  66.5 21678s
 264982 202934 1011.44608   33  509 1244.71835 1004.20435  19.3%  66.4 21685s
 265400 203366 1091.26457   69  534 1244.71835 1004.20435  19.3%  66.5 21692s
 266055 203695 1158.40170   67    - 1244.71835 1004.23437  19.3%  66.4 21718s
 266584 204107 1107.35997   60  567 1244.71835 1004.23954  19.3%  66.4 21744s
 266826 204115 1010.96739   31  375 1244.71835 1004.23977  19.3%  66.4 21752s
 267065 204468 1074.32898   41  220 1244.71835 1004.24204  19.3%  66.4 21763s
 267356 204481 1205.41514   97   84 1244.71835 1004.24204  19.3%  66.5 21769s
 267526 204808 1063.74119   41  541 1244.71835 1004.24204  19.3%  66.5 21778s
 267990 205106 1098.80435   50  509 1244.71835 1004.25943  19.3%  66.5 21788s
 268384 205436 1010.03038   36  483 1244.71835 1004.26642  19.3%  66.5 21806s
 268447 205448 1171.43644   81  464 1244.71835 1004.26642  19.3%  66.5 21881s
 268693 205457 1037.52438   41  512 1244.71835 1004.26642  19.3%  66.5 21887s
 268860 205858 1006.09074   26  327 1244.71835 1004.27880  19.3%  66.5 21894s
 269423 206278 1030.06707   41  482 1244.71835 1004.28038  19.3%  66.5 21912s
 269738 206285 1203.80990   99  121 1244.71835 1004.29403  19.3%  66.5 21916s
 269920 206694 1058.52389   52  493 1244.71835 1004.29955  19.3%  66.5 21922s
 270474 207055 1067.42704   57  393 1244.71835 1004.30218  19.3%  66.5 21937s
 270856 207070 1055.50363   59  312 1244.71835 1004.31167  19.3%  66.5 21941s
 271010 207395 1023.84887   40  431 1244.71835 1004.31602  19.3%  66.5 21955s
 271452 207539 1072.91666   53  423 1244.71835 1004.31726  19.3%  66.5 21972s
 271607 207541 1229.34883   68  190 1244.71835 1004.31726  19.3%  66.5 22009s
 271645 207919 1093.82157   55  151 1244.71835 1004.31726  19.3%  66.5 22019s
 272121 208266 1076.95020   59  471 1244.71835 1004.32565  19.3%  66.5 22027s
 272355 208269 1118.19643  105  420 1244.71835 1004.32565  19.3%  66.5 22030s
 272587 208561 1209.41324  111   83 1244.71835 1004.32565  19.3%  66.5 22037s
 273042 208586 1090.95133   76  445 1244.71835 1004.34837  19.3%  66.5 22079s
 273050 208689 1095.69722   77  426 1244.71835 1004.34837  19.3%  66.5 22090s
 273184 208980 1101.95208   78  444 1244.71835 1004.35200  19.3%  66.5 22112s
 273466 208992 1149.46706   84  106 1244.71835 1004.35200  19.3%  66.5 22115s
 273587 209402 1074.55763   60  485 1244.71835 1004.35200  19.3%  66.5 22124s
 274124 209812 1030.25054   37  342 1244.71835 1004.36861  19.3%  66.5 22136s
 274626 210160 1021.43204   35  390 1244.71835 1004.37805  19.3%  66.5 22144s
 275068 210517 1062.06685   43  166 1244.71835 1004.37990  19.3%  66.5 22152s
 275487 210531 1032.62799   36  333 1244.71835 1004.38609  19.3%  66.5 22157s
 275550 210837 1061.66957   41  450 1244.71835 1004.38609  19.3%  66.5 22164s
 275691 210846 1040.01938   35  444 1244.71835 1004.38609  19.3%  66.5 22166s
 276007 211275 1185.43593   63   13 1244.71835 1004.39441  19.3%  66.6 22173s
 276093 211276 1042.72315   37  404 1244.71835 1004.39441  19.3%  66.6 22175s
 276542 211613 1074.34709   57  420 1244.71835 1004.39556  19.3%  66.6 22184s
 276712 211619 1184.12336   90  235 1244.71835 1004.39556  19.3%  66.6 22199s
 277034 211954 1021.35259   30  486 1244.71835 1004.41019  19.3%  66.6 22209s
 277138 211958 1071.75622   54  375 1244.71835 1004.41184  19.3%  66.6 22214s
 277389 211961 1131.43631   68  452 1244.71835 1004.41775  19.3%  66.6 22215s
 277540 212269 1051.06557   44  445 1244.71835 1004.41775  19.3%  66.6 22222s
 277973 212294 1081.60239   55  207 1244.71835 1004.42494  19.3%  66.6 22378s
 278048 212618 1030.34769   33  336 1244.71835 1004.42494  19.3%  66.6 22429s
 278298 212639 1053.95750   51  323 1244.71835 1004.43305  19.3%  66.6 22437s
 278588 212977 infeasible   59      1244.71835 1004.43430  19.3%  66.6 22448s
 279119 213317 1044.34082   33  391 1244.71835 1004.44588  19.3%  66.6 22457s
 279546 213605 1018.43125   31  506 1244.71835 1004.44634  19.3%  66.6 22464s
 279969 214017 1073.01867   42  426 1244.71835 1004.45024  19.3%  66.6 22477s
 280502 214032 1161.38032   73  179 1244.71835 1004.47211  19.3%  66.6 22484s
 280574 214439 1027.42112   38  500 1244.71835 1004.47211  19.3%  66.6 22490s
 281151 214763 1030.44707   25  382 1244.71835 1004.48034  19.3%  66.6 22502s
 281534 214768 1092.26043   57  351 1244.71835 1004.48367  19.3%  66.6 22510s
 281589 215115 1068.55248   42  257 1244.71835 1004.48367  19.3%  66.6 22517s
 282027 215122 1090.72932   72   18 1244.71835 1004.48367  19.3%  66.6 23518s
 282029 215123 1022.86300   31  495 1244.71835 1004.48367  19.3%  66.6 23531s
 282030 215124 1108.73045   52  576 1244.71835 1004.48367  19.3%  66.6 23544s
 282031 215125 1054.21998   42  586 1244.71835 1004.48367  19.3%  66.6 23546s
 282032 215125 1025.46393   37  601 1244.71835 1004.48367  19.3%  66.6 23552s
 282034 215127 1053.26031   41  600 1244.71835 1004.48367  19.3%  66.6 23561s
 282036 215128 1018.63350   39  574 1244.71835 1004.48367  19.3%  66.6 23569s
 282037 215129 1015.89161   35  592 1244.71835 1004.48367  19.3%  66.6 23572s
 282038 215129 1035.69403   34  605 1244.71835 1004.48367  19.3%  66.6 23578s
 282039 215130 1160.65600   71  613 1244.71835 1004.48367  19.3%  66.6 23580s
 282040 215131 1042.08758   39  606 1244.71835 1004.48367  19.3%  66.6 23586s
 282042 215132 1008.65180   33  605 1244.71835 1004.48367  19.3%  66.6 23594s
 282043 215133 1108.58585   67  613 1244.71835 1004.48367  19.3%  66.6 23596s
 282044 215133 1137.66953   86  610 1244.71835 1004.48367  19.3%  66.6 23600s
 282046 215135 1065.89383   64  608 1244.71835 1004.48367  19.3%  66.6 23608s
 282047 215135 1067.09224   79  607 1244.71835 1004.48367  19.3%  66.6 23610s
 282048 215136 1105.41061   90  597 1244.71835 1004.48367  19.3%  66.6 23616s
 282049 215137 1037.80363   47  593 1244.71835 1004.48367  19.3%  66.6 23620s
 282053 215144 1004.48367   27  606 1244.71835 1004.48367  19.3%  66.6 23625s
 282073 215168 1004.48367   30  595 1244.71835 1004.48367  19.3%  66.6 23631s
 282099 215185 1004.48367   32  595 1244.71835 1004.48367  19.3%  66.6 23636s
 282125 215196 1004.48367   34  598 1244.71835 1004.48367  19.3%  66.6 23655s
H282131 204436                    1240.4475353 1004.48367  19.0%  66.6 23661s
 282133 204444 1004.48367   34  472 1240.44754 1004.48367  19.0%  66.6 23669s
H282141 194230                    1238.9751482 1004.48367  18.9%  66.7 23678s
 282149 194239 1004.48367   35  451 1238.97515 1004.48367  18.9%  66.7 23681s
 282161 194243 1004.48367   36  576 1238.97515 1004.48367  18.9%  66.7 23690s
 282169 194249 1020.29743   36  511 1238.97515 1004.48367  18.9%  66.7 23699s
 282177 194254 1004.48367   37  563 1238.97515 1004.48367  18.9%  66.7 23704s
 282185 194262 1004.48367   37  594 1238.97515 1004.48367  18.9%  66.7 23715s
 282200 194271 1004.48367   38  563 1238.97515 1004.48367  18.9%  66.7 23723s
 282216 194286 1004.48367   38  460 1238.97515 1004.48367  18.9%  66.7 23727s
 282236 194294 1008.91901   39  492 1238.97515 1004.48367  18.9%  66.7 23732s
 282251 194313 1005.77099   40  383 1238.97515 1004.48367  18.9%  66.7 23770s
 282275 194318 1006.89372   42  532 1238.97515 1004.48367  18.9%  66.7 23775s
 282288 194335 1006.12665   42  509 1238.97515 1004.48367  18.9%  66.7 23791s
 282336 194369 1007.75595   45  504 1238.97515 1004.48367  18.9%  66.7 23797s
 282350 194364 1018.86176   44  453 1238.97515 1004.48367  18.9%  66.7 23927s
 282360 194375 1056.85676   46  537 1238.97515 1004.48367  18.9%  66.7 23933s
 282370 194372 1057.68975   51   95 1238.97515 1004.48367  18.9%  66.7 24003s
 282374 194392 1010.16520   47  446 1238.97515 1004.48367  18.9%  66.7 24040s
 282422 194417 1018.25426   48  494 1238.97515 1004.48367  18.9%  66.7 24047s
 282451 194437 1019.64299   49  430 1238.97515 1004.48367  18.9%  66.7 24050s
 282507 194457 1020.42629   51  528 1238.97515 1004.48367  18.9%  66.7 24061s
 282547 194469 1024.94202   53  425 1238.97515 1004.48367  18.9%  66.7 24074s
 282585 194481 1054.09186   54  365 1238.97515 1004.48367  18.9%  66.7 24079s
 282621 194500 1029.04610   56  373 1238.97515 1004.48367  18.9%  66.7 24083s
 282647 194526 1031.55687   57  465 1238.97515 1004.48367  18.9%  66.7 24087s
 282682 194546 1045.81946   59  292 1238.97515 1004.48367  18.9%  66.7 24092s
 282718 194553 1059.03188   60  448 1238.97515 1004.48367  18.9%  66.8 24100s
 282737 194576 1084.69821   61  454 1238.97515 1004.48367  18.9%  66.8 24639s
 282787 194587 1105.34659   65  486 1238.97515 1004.48367  18.9%  66.8 24647s
 282821 194602 1009.29499   30  579 1238.97515 1004.48367  18.9%  66.8 24651s
 282854 194625 1011.98965   33  429 1238.97515 1004.48367  18.9%  66.8 24657s
 282899 194650 1015.55581   35  426 1238.97515 1004.48367  18.9%  66.8 24663s
 282950 194679 1014.36868   35  544 1238.97515 1004.48367  18.9%  66.8 24668s
 282990 194708 1023.24941   41  341 1238.97515 1004.48367  18.9%  66.8 24674s
 283032 194739 1033.80815   46  276 1238.97515 1004.48367  18.9%  66.8 24680s
 283079 194764 1039.59776   46  275 1238.97515 1004.48367  18.9%  66.8 24686s
 283125 194789 1046.13828   47  449 1238.97515 1004.48367  18.9%  66.8 24692s
 283150 194783 1071.55190   66   23 1238.97515 1004.48367  18.9%  66.8 24714s
 283177 194795 1043.16629   50  318 1238.97515 1004.48367  18.9%  66.8 24724s
 283205 194845 1044.82736   51  528 1238.97515 1004.48367  18.9%  66.8 24743s
 283280 194870 1049.44255   54  493 1238.97515 1004.48367  18.9%  66.8 24750s
 283352 194896 1050.47513   55  219 1238.97515 1004.48367  18.9%  66.8 24761s
 283409 194884 1053.91421   59  226 1238.97515 1004.48367  18.9%  66.8 24774s
 283418 194897 1054.08621   60  224 1238.97515 1004.48367  18.9%  66.8 24785s
 283434 194926 1055.86953   61  188 1238.97515 1004.48367  18.9%  66.8 24798s
 283475 194964 1058.01694   63  173 1238.97515 1004.48367  18.9%  66.8 24814s
 283536 194968 1072.40901   69  237 1238.97515 1004.48367  18.9%  66.9 24845s
 283573 195011 1073.64368   71  286 1238.97515 1004.48367  18.9%  66.9 24860s
 283634 195050 1079.98010   75  265 1238.97515 1004.48367  18.9%  66.9 24870s
 283705 195086 1097.55867   78  546 1238.97515 1004.48367  18.9%  66.9 24880s
 283790 195147 1092.63554   82  422 1238.97515 1004.48367  18.9%  66.9 24891s
 283889 195191 1104.14037   88  358 1238.97515 1004.48367  18.9%  66.9 24902s
 283974 195225 1138.39162   93   68 1238.97515 1004.48367  18.9%  66.9 24913s
 284064 195199 1027.53366   52  501 1238.97515 1004.48367  18.9%  66.9 24916s
 284086 195280 1004.48367   35  557 1238.97515 1004.48367  18.9%  66.9 24928s
 284169 195253 1101.92961   63  436 1238.97515 1004.48367  18.9%  66.9 24930s
 284195 195323 1021.64021   37  560 1238.97515 1004.48367  18.9%  66.9 24942s
 284316 195394 1061.68233   46  516 1238.97515 1004.48367  18.9%  67.0 24958s
 284449 195469 1021.17475   43  386 1238.97515 1004.48367  18.9%  67.0 24972s
 284617 195483 1051.26004   53  460 1238.97515 1004.48367  18.9%  67.0 24993s
 284777 195567 1005.61462   30  559 1238.97515 1004.48367  18.9%  67.0 25028s
 284927 195656 1026.50151   46  536 1238.97515 1004.48367  18.9%  67.0 25043s
 285043 195620 1023.09011   44  282 1238.97515 1004.48367  18.9%  67.0 25047s
 285097 195732 1162.14545   66  232 1238.97515 1004.48367  18.9%  67.0 25062s
 285129 195725 1108.31835   70  522 1238.97515 1004.48367  18.9%  67.0 25066s
 285278 195844 1021.54167   42  466 1238.97515 1004.48367  18.9%  67.0 25530s
 285505 195776 1093.74719   71  424 1238.97515 1004.48367  18.9%  67.0 25568s
 285513 195889 1099.79960   72  370 1238.97515 1004.48367  18.9%  67.0 25591s
 285601 195865 1006.18569   40  420 1238.97515 1004.48367  18.9%  67.0 25595s
 285695 196041 1027.68766   45  352 1238.97515 1004.48367  18.9%  67.0 25688s
 285947 195970 1010.53856   39  462 1238.97515 1004.48367  18.9%  67.0 25720s
 285966 196176 1013.17138   38  452 1238.97515 1004.48367  18.9%  67.0 25740s
 286281 196371 1109.18986   70  407 1238.97515 1004.48367  18.9%  67.0 25766s
 286330 196357 1143.29585   83  303 1238.97515 1004.48367  18.9%  67.0 26165s
 286685 196686 1058.62565   59  547 1238.97515 1004.48367  18.9%  67.0 26203s
 287196 196530 1109.28952   68  259 1238.97515 1004.48367  18.9%  67.0 26208s
 287259 197037 1072.75934   68  411 1238.97515 1004.48367  18.9%  67.0 26258s
 287554 196960 1031.27172   60  353 1238.97515 1004.48367  18.9%  67.0 26262s
 288039 197446 1021.36118   42  548 1238.97515 1004.48367  18.9%  67.0 26287s
 288943 197882 1066.79699   68  416 1238.97515 1004.48367  18.9%  67.0 26326s
 289315 197769 1123.67102   77  483 1238.97515 1004.48367  18.9%  67.1 26335s
 289774 197651 1147.28410   81  308 1238.97515 1004.48367  18.9%  67.1 26344s
 289892 198453 1111.47480   82  452 1238.97515 1004.48367  18.9%  67.1 26396s
 290323 198329 1064.03175   76   59 1238.97515 1004.48367  18.9%  67.1 26451s
 290872 198198 1071.73926   62  231 1238.97515 1004.48367  18.9%  67.1 26496s
 291067 198161 1031.02565   49  464 1238.97515 1004.48367  18.9%  67.1 26515s
 291192 198970 1060.21676   57  297 1238.97515 1004.48367  18.9%  67.1 26543s
 291438 198891 1036.77245   50  141 1238.97515 1004.48367  18.9%  67.1 26573s
 292268 199692 1087.35636   73  317 1238.97515 1004.48367  18.9%  67.1 26624s
 292455 199639 1216.04320  103  236 1238.97515 1004.48367  18.9%  67.1 26635s
 293668 199605 1046.92983   53  295 1238.97515 1004.48367  18.9%  67.2 26771s
 294101 199525 1018.57226   38  540 1238.97515 1004.48367  18.9%  67.2 26831s
 294137 200815 1020.02355   39  529 1238.97515 1004.48367  18.9%  67.2 26886s
 294543 200713 1021.39231   40  409 1238.97515 1004.48367  18.9%  67.2 26900s
 295473 200460 1010.25893   40  517 1238.97515 1004.48367  18.9%  67.2 26983s
 295885 201678 1018.96538   45  283 1238.97515 1004.48367  18.9%  67.3 27030s
 296768 201412 1048.98852   58  354 1238.97515 1004.48367  18.9%  67.3 27035s
 297537 201213 1147.85664   84  385 1238.97515 1004.55678  18.9%  67.3 27045s
 297788 202907 1017.58159   42  436 1238.97515 1004.55678  18.9%  67.3 27136s
 298110 202824 1073.45310   67  378 1238.97515 1004.56952  18.9%  67.3 27163s
 300155 203623 1054.28451   59  488 1238.97515 1005.02653  18.9%  67.4 27742s
H301125 203313                    1230.9755306 1005.11135  18.3%  67.5 27780s
 302059 204930 1095.99876   62  330 1230.97553 1005.13745  18.3%  67.6 27854s
 302794 204732 1015.75378   38  547 1230.97553 1005.13745  18.3%  67.6 27868s
 304840 205829 1089.15439   69  442 1230.97553 1005.49360  18.3%  67.6 28276s
 305106 205756 1023.80249   41  480 1230.97553 1005.49360  18.3%  67.7 28293s
H305681 195863                    1228.7453975 1005.54324  18.2%  67.7 28305s
 305982 195771 1046.17221   52  454 1228.74540 1005.54324  18.2%  67.7 28312s
H306075 195505                    1207.2433824 1005.54324  16.7%  67.7 28316s
 307147 196993 1037.86155   46  551 1207.24338 1005.72508  16.7%  67.7 28387s
 307419 196908 1051.92675   53  307 1207.24338 1005.72508  16.7%  67.7 28391s
 307697 196838 1069.16690   77  195 1207.24338 1005.72508  16.7%  67.8 28420s
 308033 196753 1020.19207   43  536 1207.24338 1005.72508  16.7%  67.7 28679s
 309274 196382     cutoff  103      1207.24338 1006.02594  16.7%  67.7 28731s
 309571 197803 1029.95692   44  433 1207.24338 1006.02594  16.7%  67.7 28768s
 310618 197504 1124.78064   80   84 1207.24338 1006.02641  16.7%  67.8 28800s

Cutting planes:
  Gomory: 3
  MIR: 2
  Flow cover: 1
  Inf proof: 1
  Zero half: 22
  Lazy constraints: 2431

Explored 311589 nodes (21142619 simplex iterations) in 28801.62 seconds (7827.44 work units)
Thread count was 8 (of 18 available processors)

Solution count 10: 1207.24 1228.75 1230.98 ... 1259.67

Solve interrupted
Best objective 1.207243382362e+03, best bound 1.006149447009e+03, gap 16.6573%

User-callback calls 868875, time in user-callback 24047.87 sec
### START EXACT APPROACH ###
ProblemVariant: 4
### START PREPROCESSING ###
## Start infeasible path procedure ## 
Deleted arcs: 12
Infeasible tail paths: 4
Infeasible 2-node combinations: 6
## Start extended infeasible path procedure ##
Deleted arcs: 12
Infeasible tail paths: 4
Infeasible 2-node combinations: 6
## Start start solution procedure ##
Start solution with 7 Vehicles and total costs 1304.47 in 34.5397 s.
### END PREPROCESSING ###
Route 0 0-1-13-11-12-2-0 : weight util 0.375000 | volume util 0.787756 | infeasible with packing heuristic | feasible with CP model
Route 1 0-3-5-6-9-4-0 : weight util 0.290000 | volume util 0.780733 | feasible with packing heuristic | feasible with CP model
Route 2 0-7-8-10-32-0 : weight util 0.593750 | volume util 0.745222 | infeasible with packing heuristic | feasible with CP model
Route 3 0-14-23-24-16-28-0 : weight util 0.593750 | volume util 0.790933 | infeasible with packing heuristic | feasible with CP model
Route 4 0-15-17-25-26-27-29-0 : weight util 0.937500 | volume util 0.683467 | infeasible with packing heuristic | feasible with CP model
Route 5 0-30-31-22-20-21-19-18-0 : weight util 0.881250 | volume util 0.744111 | infeasible with packing heuristic | feasible with CP model
