
Gurobi 12.0.1 (win64, C++) logging started Tue Apr 22 09:15:38 2025

Set parameter Username
Set parameter LicenseID to value 2618661
Academic license - for non-commercial use only - expires 2026-02-05
Set parameter Threads to value 8
Set parameter LazyConstraints to value 1
Set parameter PreCrush to value 1
Set parameter Seed to value 10
Set parameter Cuts to value -1
Set parameter TimeLimit to value 28800
Set parameter NumericFocus to value 0
Set parameter SolutionLimit to value 10000
Gurobi Optimizer version 12.0.1 build v12.0.1rc0 (win64 - Windows Server 2022.0 (20348.2))

CPU model: AMD EPYC 7513 32-Core Processor, instruction set [SSE2|AVX|AVX2]
Thread count: 18 physical cores, 18 logical processors, using up to 8 threads

Non-default parameters:
SolutionLimit  10000
TimeLimit  28800
PreCrush  1
Seed  10
Threads  8
LazyConstraints  1

Optimize a model with 497 rows, 961 columns and 2790 nonzeros
Model fingerprint: 0x03420910
Variable types: 0 continuous, 961 integer (961 binary)
Coefficient statistics:
  Matrix range     [1e+00, 1e+00]
  Objective range  [6e+00, 7e+01]
  Bounds range     [1e+00, 1e+00]
  RHS range        [1e+00, 9e+00]

Warning: Completing partial solution with 891 unfixed non-continuous variables out of 961
User MIP start produced solution with objective 794.64 (0.00s)
Loaded user MIP start with objective 794.64

Presolve removed 1 rows and 31 columns
Presolve time: 0.01s
Presolved: 496 rows, 930 columns, 2700 nonzeros
Variable types: 0 continuous, 930 integer (930 binary)

Root relaxation: objective 4.363833e+02, 126 iterations, 0.00 seconds (0.00 work units)

    Nodes    |    Current Node    |     Objective Bounds      |     Work
 Expl Unexpl |  Obj  Depth IntInf | Incumbent    BestBd   Gap | It/Node Time

     0     0  436.38334    0    -  794.63984  436.38334  45.1%     -    0s
     0     0  473.62196    0    -  794.63984  473.62196  40.4%     -    0s
     0     0  484.19292    0    -  794.63984  484.19292  39.1%     -    0s
     0     0  494.10964    0    -  794.63984  494.10964  37.8%     -    0s
     0     0  501.42444    0    -  794.63984  501.42444  36.9%     -    0s
     0     0  504.44148    0   51  794.63984  504.44148  36.5%     -    0s
     0     0  505.25387    0   42  794.63984  505.25387  36.4%     -    0s
     0     0  522.92722    0   23  794.63984  522.92722  34.2%     -    0s
     0     2  522.92722    0   23  794.63984  522.92722  34.2%     -    0s
    47    56  577.36099    7  113  794.63984  554.82323  30.2%   221    5s
    85    99  582.81469    9  114  794.63984  554.82323  30.2%   197   11s
   120   142  584.17728   13  109  794.63984  554.82323  30.2%   181   16s
   159   175  586.74570   16  106  794.63984  554.82323  30.2%   165   22s
   186   196  587.02536   22  112  794.63984  554.82323  30.2%   147   25s
  1069  1126  628.83510   79   79  794.63984  554.82323  30.2%  46.1   30s
Warning: Completing partial solution with 891 unfixed non-continuous variables out of 961
H 1593  1555                     734.7034269  554.82323  24.5%  38.0   32s
  2129  2089  726.39047  244   52  734.70343  557.03866  24.2%  37.6   35s
  2240  2155  710.66557  240   23  734.70343  557.03866  24.2%  38.8   47s
  2242  2156  597.21357  134 1021  734.70343  576.67449  21.5%  38.8   50s
  2248  2160  616.08196  121 1043  734.70343  580.92757  20.9%  38.7   55s
  2252  2163  613.30246  105 1037  734.70343  581.87518  20.8%  38.6   60s
  3070  2707  606.59696   57 1001  734.70343  581.87518  20.8%  59.0   65s
  3865  3108  587.13456   18  992  734.70343  582.14654  20.8%  64.4   71s
Warning: Completing partial solution with 891 unfixed non-continuous variables out of 961
H 4762  3573                     733.6085729  582.21547  20.6%  70.1   74s
  4912  3698  585.82591   24 1023  733.60857  582.21547  20.6%  70.2   75s
H 5101  3651                     722.8195827  582.80068  19.4%  70.1   75s
Warning: Completing partial solution with 891 unfixed non-continuous variables out of 961
H 5196  3319                     643.0523566  582.80068  9.37%  69.8   76s
  6046  3526  635.90959   55  865  643.05236  583.21828  9.30%  70.3   80s
H 6340  3374                     634.0867769  583.28189  8.01%  70.4   83s
Warning: Completing partial solution with 891 unfixed non-continuous variables out of 961
H 6442  2821                     619.9171728  583.35566  5.90%  70.4   83s
  6757  2918  588.94438   26  984  619.91717  583.51440  5.87%  70.8   85s
  7940  3421  589.89259   26 1013  619.91717  583.75733  5.83%  71.7   91s
  9191  4248  597.51926   31  990  619.91717  584.39583  5.73%  73.5   95s
 10767  5319  600.41497   30  995  619.91717  584.75660  5.67%  75.6  100s
 12746  6396  610.98178   40  895  619.91717  585.47167  5.56%  76.6  105s
H13943  6632                     615.6050744  585.67371  4.86%  78.7  108s
 14175  6915  593.18500   25  978  615.60507  585.72463  4.85%  78.9  110s
 15246  7502  600.27915   33  993  615.60507  585.89464  4.83%  79.4  115s
 16970  8447  596.44138   29  963  615.60507  586.34020  4.75%  81.1  120s
 18949  9690  599.61499   32  992  615.60507  586.69963  4.70%  82.3  127s
 20220 10270  614.39788   41  856  615.60507  586.92710  4.66%  82.9  131s
 21572 11028  595.14847   28  976  615.60507  587.08257  4.63%  84.0  136s
 23132 11793  609.55597   34  945  615.60507  587.32226  4.59%  84.7  141s
 24665 12407  594.31817   28 1008  615.60507  587.55545  4.56%  85.1  147s
 26107 13090  605.12996   33  972  615.60507  587.76838  4.52%  85.6  152s
 26710 13320  597.27883   28  976  615.60507  587.83779  4.51%  85.6  155s
 27186 13578  608.37396   32  936  615.60507  587.88089  4.50%  85.7  162s
 28109 13936     cutoff   34       615.60507  587.95784  4.49%  86.0  165s
 29009 14662  595.13679   26 1026  615.60507  588.09095  4.47%  86.4  170s
 30552 15308  593.68042   33 1009  615.60507  588.32212  4.43%  86.7  176s
 31943 16046  601.22380   34  906  615.60507  588.47414  4.41%  87.4  182s
 32679 16444  600.90680   28  997  615.60507  588.53595  4.40%  87.5  185s
 34007 17012  595.70373   26 1030  615.60507  588.69671  4.37%  87.7  191s
 34671 17326  612.39917   26  639  615.60507  588.79622  4.35%  88.0  195s
 35969 18003  609.57548   32  964  615.60507  588.91520  4.34%  88.9  201s
 37281 18749  607.11240   21  933  615.60507  589.07556  4.31%  88.8  207s
 38041 19022     cutoff   41       615.60507  589.14891  4.30%  88.9  211s
 39304 19631  605.69354   30  851  615.60507  589.25326  4.28%  89.1  217s
 39927 19882  611.60107   33  866  615.60507  589.32722  4.27%  89.2  221s
 41215 20483  614.48263   38  972  615.60507  589.44452  4.25%  89.5  227s
 41697 20494  609.09245   32  460  615.60507  589.51146  4.24%  89.8  231s
 41707 20621  613.66447   34  863  615.60507  589.51146  4.24%  89.8  235s
 42702 21222  600.81818   31 1016  615.60507  589.62402  4.22%  90.1  241s
 43360 21537  601.54744   38  977  615.60507  589.69297  4.21%  90.2  245s
 44490 22066  597.92901   30 1009  615.60507  589.78686  4.19%  90.8  252s
*45103 18465              35     610.2341338  589.80904  3.35%  90.9  252s
 45207 18540     cutoff   32       610.23413  589.85245  3.34%  91.0  256s
 45674 18718  602.16928   29  796  610.23413  589.91197  3.33%  91.1  260s
 46738 19055  600.12730   34 1021  610.23413  590.02640  3.31%  91.3  267s
 47448 19292  608.01261   25  905  610.23413  590.07547  3.30%  91.5  271s
 48221 19536  609.27682   38  925  610.23413  590.12112  3.30%  91.8  275s
 49260 19914  600.67186   33 1011  610.23413  590.24838  3.28%  92.3  282s
 49835 20116  595.72171   26  984  610.23413  590.28941  3.27%  92.4  285s
 50990 20425  603.74867   31  969  610.23413  590.37113  3.25%  92.9  293s
 51491 20644  601.75804   29  910  610.23413  590.42690  3.25%  93.1  296s
*52017 20388              34     610.0033247  590.43832  3.21%  93.2  297s
 52160 20574     cutoff   42       610.00332  590.47200  3.20%  93.2  300s
 53335 21008  598.85859   26  994  610.00332  590.61473  3.18%  93.6  308s
 53962 21169     cutoff   35       610.00332  590.66818  3.17%  93.8  312s
 54590 21304     cutoff   32       610.00332  590.72693  3.16%  93.8  315s
 55671 21694  605.89645   30 1008  610.00332  590.80054  3.15%  94.2  323s
 56178 21846  607.63805   32  452  610.00332  590.82597  3.14%  94.4  327s
 56698 21997     cutoff   32       610.00332  590.88994  3.13%  94.5  331s
 57795 22369  599.09530   33 1009  610.00332  590.98947  3.12%  94.8  338s
 58360 22486  605.71955   31  968  610.00332  591.04425  3.11%  95.0  342s
 58859 22660  593.07333   27  946  610.00332  591.10173  3.10%  95.2  346s
 59440 22790  606.70971   27  990  610.00332  591.17684  3.09%  95.4  350s
 60633 23092  604.67720   28  763  610.00332  591.26429  3.07%  95.7  358s
 61265 23093     cutoff   38       610.00332  591.30677  3.06%  95.8  363s
 61278 23109  605.48056   37 1007  610.00332  591.30677  3.06%  95.8  367s
 61344 23166  607.39353   38  993  610.00332  591.30677  3.06%  95.9  371s
 61633 23249     cutoff   34       610.00332  591.32833  3.06%  96.0  375s
 62609 23520  602.84658   28  887  610.00332  591.40842  3.05%  96.2  383s
 63109 23630  603.47371   21 1006  610.00332  591.45924  3.04%  96.3  388s
 63635 23746     cutoff   33       610.00332  591.49954  3.03%  96.4  392s
 64106 23908  603.99168   39  990  610.00332  591.53599  3.03%  96.6  396s
 64651 24054  599.51957   32  766  610.00332  591.59704  3.02%  96.7  400s
 65706 24295  606.10837   30  949  610.00332  591.67892  3.00%  97.0  408s
 66202 24460  596.41828   27  999  610.00332  591.72653  3.00%  97.2  413s
 66816 24549     cutoff   36       610.00332  591.76110  2.99%  97.3  417s
 67303 24711     cutoff   29       610.00332  591.80285  2.98%  97.5  421s
 67804 24831  609.80323   41  821  610.00332  591.83985  2.98%  97.6  426s
 68429 25006  603.28181   38  963  610.00332  591.86898  2.97%  97.8  430s
 69563 25315  608.44536   36  958  610.00332  591.96859  2.96%  98.1  439s
 70167 25460     cutoff   39       610.00332  592.01290  2.95%  98.3  443s
 70647 25617  606.37204   34  899  610.00332  592.04542  2.94%  98.4  448s
 71281 25727  607.45584   38  928  610.00332  592.08866  2.94%  98.5  453s
 71772 25884  609.22243   41  989  610.00332  592.13790  2.93%  98.6  457s
 72376 26007     cutoff   34       610.00332  592.17882  2.92%  98.8  462s
 72862 26183  603.44353   37 1009  610.00332  592.20270  2.92%  98.9  466s
 73533 26345  607.93215   34  890  610.00332  592.25855  2.91%  98.9  470s
 74004 26509  607.66355   33  956  610.00332  592.27947  2.91%  99.2  475s
 74621 26644     cutoff   37       610.00332  592.31690  2.90%  99.3  480s
 75240 26745  598.75128   37 1019  610.00332  592.34243  2.90%  99.4  485s
 76204 26963  598.25182   34 1000  610.00332  592.41582  2.88%   100  494s
 76786 27081  607.69312   37 1000  610.00332  592.45409  2.88%   100  498s
 77311 27257  606.75938   34  789  610.00332  592.50608  2.87%   100  503s
 77913 27376  599.12620   25 1026  610.00332  592.54741  2.86%   100  508s
 78440 27487  608.09413   32  901  610.00332  592.58212  2.86%   100  512s
 78952 27635  606.58796   36  982  610.00332  592.61993  2.85%   100  517s
 79580 27777  602.52951   30  995  610.00332  592.67390  2.84%   100  522s
 80102 27915     cutoff   31       610.00332  592.70600  2.84%   100  527s
 80608 28044  597.76189   30 1018  610.00332  592.74222  2.83%   100  532s
 81112 28158     cutoff   31       610.00332  592.77662  2.82%   100  538s
 81639 28251     cutoff   30       610.00332  592.81288  2.82%   100  543s
 82220 28378  593.83456   27  994  610.00332  592.85074  2.81%   101  548s
 82694 28498  608.18226   33 1019  610.00332  592.89752  2.80%   101  553s
 83206 28644     cutoff   28       610.00332  592.93824  2.80%   101  558s
 83791 28764  601.10571   27  991  610.00332  592.96824  2.79%   101  563s
 84293 28829  605.45414   33 1016  610.00332  593.00307  2.79%   101  568s
 84859 28955  609.49920   27  765  610.00332  593.02881  2.78%   101  572s
 85337 29029  605.82550   35  965  610.00332  593.07404  2.78%   101  577s
 85835 29139  608.60893   34  981  610.00332  593.11096  2.77%   101  582s
 86351 29263  602.46603   32 1005  610.00332  593.13126  2.77%   101  587s
 86897 29367  598.78592   30 1012  610.00332  593.17878  2.76%   101  593s
 87375 29479  605.71603   32 1017  610.00332  593.20899  2.75%   102  598s
 87879 29571  607.03417   34  981  610.00332  593.24686  2.75%   102  603s
 88509 29668  600.56033   29 1019  610.00332  593.26941  2.74%   102  608s
 89035 29771  603.50799   31  971  610.00332  593.31080  2.74%   102  613s
 89541 29901  596.86808   36 1034  610.00332  593.34990  2.73%   102  619s
 90049 30004  603.10161   28  991  610.00332  593.37686  2.73%   102  624s
 90554 30108  602.03796   33 1032  610.00332  593.40367  2.72%   102  629s
 91051 30117  598.66417   25  976  610.00332  593.42574  2.72%   102  636s
 91084 30153  599.92829   26  907  610.00332  593.42574  2.72%   102  641s
 91286 30224  606.55561   32  976  610.00332  593.42703  2.72%   102  646s
 91689 30294  600.91068   30 1019  610.00332  593.46620  2.71%   102  651s
 92109 30398  604.12154   38  976  610.00332  593.49333  2.71%   102  657s
 92591 30493  601.91561   32  999  610.00332  593.53913  2.70%   102  662s
 93056 30591  604.28305   30  988  610.00332  593.56926  2.69%   103  668s
 93576 30705  601.51692   26 1011  610.00332  593.59112  2.69%   103  673s
 94091 30826  609.67293   38  951  610.00332  593.63908  2.68%   103  678s
 94585 30929  606.12903   32  995  610.00332  593.67811  2.68%   103  683s
 95099 31030     cutoff   32       610.00332  593.70979  2.67%   103  689s
 95631 31144  605.41029   38  960  610.00332  593.72973  2.67%   103  694s
 96140 31226  600.95496   36 1022  610.00332  593.76498  2.66%   103  700s
 96671 31340  600.06009   26 1003  610.00332  593.78775  2.66%   103  705s
 97107 31453  604.95117   28  912  610.00332  593.82512  2.65%   103  711s
 97607 31553  600.03313   30  982  610.00332  593.85624  2.65%   103  716s
 98141 31631     cutoff   31       610.00332  593.89230  2.64%   103  721s
 98623 31714  597.25037   31 1009  610.00332  593.91677  2.64%   103  727s
 99080 31834  598.09645   29  986  610.00332  593.93554  2.63%   104  732s
 99592 31915  606.46633   25 1006  610.00332  593.96743  2.63%   104  738s
 100085 31982     cutoff   34       610.00332  593.98683  2.63%   104  743s
 100613 32076  607.68269   31  964  610.00332  594.02156  2.62%   104  749s
 101200 32143  609.05171   32  884  610.00332  594.05647  2.61%   104  755s
 101674 32197  599.52313   29 1023  610.00332  594.08545  2.61%   104  760s
 102106 32244     cutoff   41       610.00332  594.10400  2.61%   104  766s
 102588 32338  605.11493   30  964  610.00332  594.13742  2.60%   104  771s
 103102 32380  606.21632   32  975  610.00332  594.17241  2.60%   104  777s
 103630 32457  603.70090   35 1002  610.00332  594.18972  2.59%   104  783s
 104112 32544  598.16940   32  996  610.00332  594.21784  2.59%   105  788s
 104597 32631  607.88556   37  943  610.00332  594.24097  2.58%   105  794s
 105068 32751  606.35381   35 1002  610.00332  594.28971  2.58%   105  799s
 105550 32839     cutoff   35       610.00332  594.31202  2.57%   105  805s
 106035 32908  600.40064   30  982  610.00332  594.33518  2.57%   105  810s
 106500 33029  597.12880   29 1000  610.00332  594.35590  2.57%   105  816s
 106996 33126  604.30550   28 1025  610.00332  594.36427  2.56%   105  822s
 107488 33208  605.65238   36  975  610.00332  594.41373  2.56%   105  828s
 108015 33292     cutoff   33       610.00332  594.43512  2.55%   105  833s
 108489 33347  608.05578   37  833  610.00332  594.47113  2.55%   105  840s
 108969 33394  602.11887   33 1010  610.00332  594.50663  2.54%   105  845s
 109503 33480  598.15107   29  992  610.00332  594.52704  2.54%   105  851s
 109951 33578     cutoff   37       610.00332  594.55471  2.53%   106  857s
 110464 33653  603.44960   34  981  610.00332  594.59104  2.53%   106  863s
 110984 33731  605.04495   29  965  610.00332  594.61296  2.52%   106  869s
 111473 33802  597.95740   38 1012  610.00332  594.63585  2.52%   106  875s
 111997 33906  604.66432   30  997  610.00332  594.64583  2.52%   106  881s
 112438 33995  603.31361   35 1014  610.00332  594.67511  2.51%   106  887s
 112956 34083  609.85119   37  968  610.00332  594.70598  2.51%   106  893s
 113440 34130  597.79983   29  981  610.00332  594.73117  2.50%   106  900s
 113950 34238     cutoff   33       610.00332  594.74988  2.50%   106  906s
 114416 34285 infeasible   33       610.00332  594.77437  2.50%   106  912s
 114936 34366  599.17504   31  976  610.00332  594.79537  2.49%   106  918s
 115411 34417  607.75215   35 1009  610.00332  594.82026  2.49%   106  924s
 115889 34488  599.01720   34 1005  610.00332  594.84407  2.49%   106  930s
 116389 34540     cutoff   39       610.00332  594.86055  2.48%   106  937s
 116860 34631  600.63636   26 1019  610.00332  594.90605  2.47%   107  943s
 117306 34725     cutoff   44       610.00332  594.92247  2.47%   107  949s
 117798 34788  608.93727   30  920  610.00332  594.94516  2.47%   107  955s
 118280 34866  604.46701   30 1011  610.00332  594.96322  2.47%   107  962s
 118789 34929  598.89011   31  997  610.00332  594.98987  2.46%   107  968s
 119276 34998  596.79882   27 1018  610.00332  595.02256  2.46%   107  974s
 119720 35100     cutoff   30       610.00332  595.05639  2.45%   107  980s
 120204 35169  599.89659   35  464  610.00332  595.07951  2.45%   107  986s
 120682 35273     cutoff   36       610.00332  595.10026  2.44%   107  993s
 121177 35342  604.85980   36 1013  610.00332  595.13116  2.44%   107  999s
 121655 35404  609.14162   32  962  610.00332  595.15864  2.43%   107 1005s
 122168 35482  608.53922   26  973  610.00332  595.19002  2.43%   107 1012s
 122687 35485     cutoff   35       610.00332  595.20711  2.43%   107 1020s
 122700 35488     cutoff   36       610.00332  595.21181  2.42%   107 1026s
 122715 35567  603.27732   34  972  610.00332  595.21874  2.42%   107 1033s
 122955 35597  601.45523   32  991  610.00332  595.21874  2.42%   107 1039s
 123313 35626  607.86103   35  887  610.00332  595.22308  2.42%   107 1045s
 123730 35704  604.35578   32  930  610.00332  595.24173  2.42%   108 1052s
 124222 35750     cutoff   46       610.00332  595.26653  2.42%   108 1059s
 124708 35807  606.15344   32  921  610.00332  595.30314  2.41%   108 1066s
 125190 35874     cutoff   31       610.00332  595.31932  2.41%   108 1072s
 125652 35946  603.57067   25  999  610.00332  595.34235  2.40%   108 1079s
 126155 36036     cutoff   31       610.00332  595.37176  2.40%   108 1085s
 126675 36087  609.33368   39  988  610.00332  595.39616  2.39%   108 1092s
 127188 36174     cutoff   30       610.00332  595.42606  2.39%   108 1099s
 127683 36234  609.61273   30  862  610.00332  595.45556  2.38%   108 1105s
 128177 36307  602.03336   31  990  610.00332  595.47074  2.38%   108 1112s
 128654 36356  605.74844   38  991  610.00332  595.49571  2.38%   108 1120s
 129113 36400  605.31323   34 1009  610.00332  595.52446  2.37%   108 1126s
 129632 36470  605.17676   35  884  610.00332  595.54089  2.37%   108 1133s
 130110 36534  607.90555   33  983  610.00332  595.55605  2.37%   108 1140s
 130575 36626  598.07616   30 1023  610.00332  595.58006  2.36%   108 1147s
 131078 36722     cutoff   32       610.00332  595.59936  2.36%   108 1154s
 131578 36765  609.29199   31  976  610.00332  595.61837  2.36%   108 1160s
 132022 36835  607.71493   29  819  610.00332  595.65518  2.35%   108 1167s
 132536 36906  604.77007   28  974  610.00332  595.67337  2.35%   109 1174s
 133075 36972  600.94197   34  985  610.00332  595.68814  2.35%   109 1181s
 133587 37049     cutoff   33       610.00332  595.71588  2.34%   109 1188s
 134099 37106 infeasible   24       610.00332  595.73214  2.34%   109 1196s
 134525 37146  609.64260   33  970  610.00332  595.74784  2.34%   109 1203s
 135033 37222     cutoff   33       610.00332  595.77192  2.33%   109 1210s
 135510 37286  608.17375   34  986  610.00332  595.80447  2.33%   109 1217s
 136002 37333  605.14316   33 1006  610.00332  595.82816  2.32%   109 1224s
 136364 37333  608.73430   29  991  610.00332  595.83278  2.32%   109 1225s
 136514 37381  607.54124   29  957  610.00332  595.84830  2.32%   109 1231s
 136981 37448  603.35615   29 1020  610.00332  595.86971  2.32%   109 1239s
 137510 37514     cutoff   46       610.00332  595.88236  2.31%   109 1246s
 137993 37601     cutoff   32       610.00332  595.90656  2.31%   109 1253s
 138456 37705     cutoff   36       610.00332  595.93179  2.31%   109 1260s
 138941 37762     cutoff   38       610.00332  595.94865  2.30%   109 1268s
 139445 37821  601.47527   31  986  610.00332  595.97091  2.30%   109 1275s
 139911 37853     cutoff   34       610.00332  595.99527  2.30%   109 1283s
 140376 37907  603.56121   28  966  610.00332  596.00429  2.29%   109 1290s
 140808 37980  601.43576   32 1009  610.00332  596.02626  2.29%   109 1297s
 141265 38017  605.19879   27  779  610.00332  596.05316  2.29%   109 1304s
 141775 38071  604.40078   33  990  610.00332  596.07990  2.28%   110 1312s
 142316 38124     cutoff   34       610.00332  596.09232  2.28%   110 1319s
 142850 38183     cutoff   33       610.00332  596.12189  2.28%   110 1326s
 143339 38261     cutoff   27       610.00332  596.13849  2.27%   110 1334s
 143853 38294  604.60879   37  996  610.00332  596.15671  2.27%   110 1341s
 144368 38362  608.44662   31 1005  610.00332  596.17473  2.27%   110 1349s
 144872 38438  598.22234   31 1010  610.00332  596.18972  2.26%   110 1359s
 145358 38466  606.43726   32 1006  610.00332  596.21491  2.26%   110 1367s
 145634 38523  605.50935   33 1004  610.00332  596.23096  2.26%   110 1375s
 146091 38612  607.50938   38  912  610.00332  596.25306  2.25%   110 1382s
 146576 38661  599.11034   27  980  610.00332  596.27657  2.25%   110 1389s
 147042 38697  608.94971   31  935  610.00332  596.28511  2.25%   110 1397s
 147498 38750  608.09085   34  826  610.00332  596.30161  2.25%   110 1405s
 147989 38806  600.66002   24  957  610.00332  596.32662  2.24%   110 1413s
 148509 38877  608.65584   32  871  610.00332  596.34538  2.24%   110 1420s
 148949 38933  605.52765   32  955  610.00332  596.36632  2.24%   110 1428s
 149426 38997  601.59711   34  830  610.00332  596.38626  2.23%   110 1435s
 149912 39043  606.53541   28 1012  610.00332  596.40486  2.23%   110 1443s
 150440 39092     cutoff   36       610.00332  596.42884  2.23%   110 1451s
 150954 39136  605.29793   40  972  610.00332  596.45124  2.22%   110 1459s
 151445 39199  607.80525   31  945  610.00332  596.47258  2.22%   110 1467s
 151961 39233  607.23132   36  992  610.00332  596.49691  2.21%   110 1475s
 152471 39282  603.94873   31 1021  610.00332  596.51961  2.21%   110 1483s
 152945 39333     cutoff   36       610.00332  596.53632  2.21%   110 1491s
 153450 39385  603.32300   28  913  610.00332  596.56048  2.20%   111 1499s
 153940 39458  608.11295   33  990  610.00332  596.57733  2.20%   111 1506s
 154434 39504     cutoff   32       610.00332  596.59085  2.20%   111 1515s
 154840 39574  603.87878   34  968  610.00332  596.61254  2.20%   111 1523s
 155310 39613  608.32232   34 1001  610.00332  596.63373  2.19%   111 1531s
 155766 39672  602.12690   42  991  610.00332  596.65860  2.19%   111 1539s
 156255 39705     cutoff   31       610.00332  596.67518  2.18%   111 1547s
 156719 39791  604.47093   30  977  610.00332  596.69311  2.18%   111 1554s
 157224 39871     cutoff   41       610.00332  596.71890  2.18%   111 1562s
 157742 39906     cutoff   37       610.00332  596.73412  2.18%   111 1570s
 158191 39970  603.20533   30  998  610.00332  596.75158  2.17%   111 1579s
 158676 40024  608.31802   31  908  610.00332  596.77205  2.17%   111 1587s
 159179 40070     cutoff   35       610.00332  596.79302  2.17%   111 1595s
 159674 40132  606.23769   32  935  610.00332  596.80963  2.16%   111 1602s
 160209 40196  608.42129   37  989  610.00332  596.83070  2.16%   111 1611s
 160664 40244  606.21509   34 1009  610.00332  596.84548  2.16%   111 1621s
 161075 40284  605.75050   41  874  610.00332  596.86417  2.15%   111 1629s
 161597 40351  609.19742   36  884  610.00332  596.87683  2.15%   111 1637s
 162085 40409  599.29142   26 1027  610.00332  596.90166  2.15%   111 1646s
 162553 40475  607.17004   38 1007  610.00332  596.91959  2.14%   111 1653s
 163074 40559  603.42165   25  994  610.00332  596.93896  2.14%   111 1662s
 163576 40593  609.19250   39  952  610.00332  596.94868  2.14%   111 1670s
 164074 40647  602.48590   30  918  610.00332  596.96761  2.14%   111 1678s
 164551 40697  604.70099   30  983  610.00332  596.99224  2.13%   111 1687s
 165076 40784  603.66886   26 1024  610.00332  597.00861  2.13%   111 1695s
 165575 40849  605.18846   31 1005  610.00332  597.03212  2.13%   111 1704s
 166076 40868  606.85634   34  918  610.00332  597.06048  2.12%   111 1713s
 166505 40916  609.22407   30  948  610.00332  597.07154  2.12%   112 1721s
 166981 40979     cutoff   35       610.00332  597.09777  2.12%   112 1730s
 167476 41060  604.47253   32  990  610.00332  597.11365  2.11%   112 1738s
 167970 41118  608.23140   39  978  610.00332  597.14018  2.11%   112 1747s
 168458 41211  599.46381   25  979  610.00332  597.15357  2.11%   112 1755s
 168957 41238  606.47271   32  995  610.00332  597.16684  2.10%   112 1764s
 169496 41278  604.02382   33 1013  610.00332  597.18869  2.10%   112 1772s
 169993 41306  601.68692   25  926  610.00332  597.20441  2.10%   112 1780s
 170516 41344  606.42026   39  985  610.00332  597.21525  2.10%   112 1789s
 171034 41369  602.02819   32 1012  610.00332  597.24152  2.09%   112 1799s
 171412 41378  607.30189   25  980  610.00332  597.26227  2.09%   112 1811s
 171491 41411     cutoff   26       610.00332  597.26641  2.09%   112 1820s
 171882 41464  602.34003   27 1010  610.00332  597.28019  2.09%   112 1828s
 172388 41506  607.60354   36  945  610.00332  597.29869  2.08%   112 1837s
 172885 41571  604.19521   34 1030  610.00332  597.32150  2.08%   112 1845s
 173404 41621     cutoff   37       610.00332  597.33923  2.08%   112 1854s
 173877 41668     cutoff   35       610.00332  597.35487  2.07%   112 1863s
 174362 41693  607.22610   30 1004  610.00332  597.38360  2.07%   112 1872s
 174842 41717     cutoff   44       610.00332  597.39954  2.07%   112 1881s
 175331 41774  604.41350   32  988  610.00332  597.43167  2.06%   112 1890s
 175847 41792  605.66388   39  963  610.00332  597.45684  2.06%   112 1899s
 176304 41838  602.69998   35  934  610.00332  597.47199  2.05%   112 1908s
 176769 41891     cutoff   35       610.00332  597.48905  2.05%   112 1916s
 177255 41935     cutoff   29       610.00332  597.50792  2.05%   112 1925s
 177760 41968  608.29090   31  910  610.00332  597.51855  2.05%   112 1934s
 178270 41999  608.47082   36 1005  610.00332  597.53817  2.04%   112 1943s
 178768 42034  607.31072   34  976  610.00332  597.55226  2.04%   112 1952s
 179218 42092     cutoff   33       610.00332  597.56550  2.04%   112 1961s
 179713 42138  608.50850   33  988  610.00332  597.58608  2.04%   112 1969s
 179761 42138     cutoff   29       610.00332  597.58608  2.04%   112 1970s
 180191 42178  609.19972   37  653  610.00332  597.59577  2.03%   112 1979s
 180740 42199  603.33459   31 1010  610.00332  597.62181  2.03%   112 1988s
 181242 42228  602.97612   33  968  610.00332  597.63789  2.03%   112 1997s
 181755 42241  609.63200   34 1001  610.00332  597.65930  2.02%   112 2006s
 182271 42287  601.97302   34  969  610.00332  597.68481  2.02%   113 2015s
 182764 42333  608.16264   34 1013  610.00332  597.70135  2.02%   113 2024s
 183263 42376  607.91933   36  948  610.00332  597.72327  2.01%   113 2033s
 183730 42375  609.35175   30  987  610.00332  597.74113  2.01%   113 2047s
 183745 42394     cutoff   31       610.00332  597.74113  2.01%   113 2056s
 184135 42448  607.83728   34 1015  610.00332  597.75815  2.01%   113 2065s
 184664 42488  609.38021   37  942  610.00332  597.77015  2.01%   113 2075s
 185129 42529     cutoff   36       610.00332  597.79040  2.00%   113 2084s
 185591 42580     cutoff   32       610.00332  597.80748  2.00%   113 2093s
 186108 42612  607.48711   34  978  610.00332  597.82336  2.00%   113 2102s
 186570 42638  607.18118   32 1016  610.00332  597.83445  1.99%   113 2111s
 187083 42664     cutoff   36       610.00332  597.84710  1.99%   113 2120s
 187599 42676  606.98982   36  952  610.00332  597.86321  1.99%   113 2130s
 188068 42704  600.19183   32  987  610.00332  597.87806  1.99%   113 2140s
 188587 42757     cutoff   32       610.00332  597.89442  1.99%   113 2149s
 189100 42762     cutoff   34       610.00332  597.91643  1.98%   113 2159s
 189586 42809     cutoff   29       610.00332  597.93646  1.98%   113 2168s
 190097 42838  607.97708   43  939  610.00332  597.95555  1.98%   113 2178s
 190598 42877  603.79940   35  968  610.00332  597.97148  1.97%   113 2187s
 191107 42885  608.36060   26  985  610.00332  597.98927  1.97%   113 2197s
 191575 42915     cutoff   33       610.00332  598.00737  1.97%   113 2206s
 192064 42968  609.31648   36  896  610.00332  598.02678  1.96%   113 2216s
 192596 42991  607.10331   28  972  610.00332  598.04810  1.96%   113 2225s
 193109 43003  604.60389   32  997  610.00332  598.06893  1.96%   113 2236s
 193510 43058  608.79713   34  961  610.00332  598.07860  1.95%   113 2246s
 194039 43100  604.70449   31 1022  610.00332  598.10593  1.95%   113 2255s
 194552 43129  607.09532   34  978  610.00332  598.12485  1.95%   113 2264s
 195063 43158     cutoff   26       610.00332  598.14204  1.94%   113 2274s
 195594 43211  608.30881   34  987  610.00332  598.15819  1.94%   113 2283s
 196075 43226     cutoff   32       610.00332  598.17685  1.94%   113 2293s
 196574 43235  600.63562   32 1028  610.00332  598.19292  1.94%   113 2302s
 197044 43257  602.03007   32 1022  610.00332  598.20700  1.93%   113 2312s
 197547 43277     cutoff   33       610.00332  598.22234  1.93%   113 2321s
 198047 43327  604.50936   34 1016  610.00332  598.24689  1.93%   113 2331s
 198563 43335  601.79125   34 1011  610.00332  598.25955  1.93%   113 2341s
 199005 43375  606.38519   27 1006  610.00332  598.28206  1.92%   113 2351s
 199515 43405  607.14653   29  987  610.00332  598.29732  1.92%   113 2360s
 200019 43401     cutoff   43       610.00332  598.31686  1.92%   114 2370s
 200502 43433  602.72063   35  997  610.00332  598.33618  1.91%   114 2380s
 200994 43468  606.78883   27 1019  610.00332  598.35246  1.91%   114 2390s
 201530 43478     cutoff   36       610.00332  598.36375  1.91%   114 2400s
 202048 43486  608.43137   35  978  610.00332  598.38449  1.90%   114 2410s
 202556 43528  605.33366   39  996  610.00332  598.39854  1.90%   114 2419s
 203093 43548  608.25085   32  984  610.00332  598.41402  1.90%   114 2429s
 203605 43582  602.62671   32 1003  610.00332  598.42913  1.90%   114 2440s
 204116 43584  606.23781   29  924  610.00332  598.45231  1.89%   114 2452s
 204552 43581     cutoff   30       610.00332  598.46903  1.89%   114 2462s
 205052 43618  605.18977   29  888  610.00332  598.48105  1.89%   114 2472s
 205560 43616     cutoff   30       610.00332  598.49675  1.89%   114 2482s
 206034 43655  605.66650   25  956  610.00332  598.51057  1.88%   114 2492s
 206533 43716     cutoff   32       610.00332  598.53316  1.88%   114 2502s
 207027 43747  601.77262   35 1020  610.00332  598.54729  1.88%   114 2512s
 207514 43784  603.48628   38 1017  610.00332  598.56023  1.88%   114 2523s
 208004 43785     cutoff   35       610.00332  598.57333  1.87%   114 2533s
 208544 43801  604.44468   26  987  610.00332  598.58861  1.87%   114 2543s
 209028 43839  607.93949   37  948  610.00332  598.60684  1.87%   114 2553s
 209557 43860  606.25054   29  873  610.00332  598.62276  1.87%   114 2565s
 209991 43900  609.44128   30  902  610.00332  598.63928  1.86%   114 2575s
 210528 43928  609.16254   32  962  610.00332  598.66136  1.86%   114 2586s
 211059 43920     cutoff   34       610.00332  598.67850  1.86%   114 2596s
 211570 43937     cutoff   42       610.00332  598.70011  1.85%   114 2607s
 212097 43979     cutoff   28       610.00332  598.72016  1.85%   114 2617s
 212581 44001  605.79945   32  990  610.00332  598.73333  1.85%   114 2627s
 213084 44004  601.72123   36 1004  610.00332  598.74887  1.84%   114 2640s
 213282 44006  599.91503   28  988  610.00332  598.75936  1.84%   114 2651s
 213318 44019  603.51277   29  956  610.00332  598.75990  1.84%   114 2661s
 213559 44039  606.52735   30  940  610.00332  598.76405  1.84%   114 2671s
 213967 44079  606.62323   33 1027  610.00332  598.78020  1.84%   114 2681s
 214445 44080     cutoff   48       610.00332  598.79784  1.84%   114 2692s
 214987 44111  609.10763   36  981  610.00332  598.81011  1.83%   114 2702s
 215501 44141     cutoff   33       610.00332  598.82197  1.83%   114 2713s
 216030 44133  609.36218   46 1005  610.00332  598.83975  1.83%   114 2724s
 216562 44170  606.21076   33 1026  610.00332  598.85464  1.83%   114 2734s
 216880 44170     cutoff   38       610.00332  598.85707  1.83%   114 2735s
 217065 44203     cutoff   32       610.00332  598.87087  1.82%   114 2745s
 217539 44206  608.38849   36  940  610.00332  598.87945  1.82%   114 2755s
 217998 44221  606.62345   38 1029  610.00332  598.89302  1.82%   114 2766s
 218473 44271  605.89322   35  928  610.00332  598.91518  1.82%   114 2776s
 219009 44242  609.15272   35  968  610.00332  598.92689  1.82%   114 2787s
 219498 44263  607.86981   39  822  610.00332  598.94453  1.81%   114 2805s
 220323 44264  604.95245   33  978  610.00332  598.97736  1.81%   114 2816s
 220808 44271  606.66822   34  989  610.00332  598.99481  1.80%   115 2827s
 221293 44288  608.86427   34 1002  610.00332  599.01026  1.80%   115 2838s
 221794 44295  602.44161   34  991  610.00332  599.02870  1.80%   115 2848s
 222299 44317  603.06351   27  998  610.00332  599.04978  1.80%   115 2859s
 222626 44317  602.82920   27  992  610.00332  599.05046  1.80%   115 2860s
 222823 44346     cutoff   30       610.00332  599.06076  1.79%   115 2870s
 223332 44364  609.67020   29  976  610.00332  599.07533  1.79%   115 2881s
 223872 44379     cutoff   31       610.00332  599.09024  1.79%   115 2892s
 224355 44386  607.10956   31 1000  610.00332  599.10542  1.79%   115 2903s
 224835 44385  607.90784   32  797  610.00332  599.12000  1.78%   115 2914s
 225392 44404  608.00274   30  728  610.00332  599.13802  1.78%   115 2925s
 225900 44409  603.75735   38  925  610.00332  599.15205  1.78%   115 2936s
 226374 44423     cutoff   33       610.00332  599.16744  1.78%   115 2947s
 226882 44424     cutoff   31       610.00332  599.18901  1.77%   115 2958s
 227362 44426  605.91945   35 1016  610.00332  599.20311  1.77%   115 2969s
 227491 44426     cutoff   31       610.00332  599.20454  1.77%   115 2970s
 227880 44444  606.30287   34  988  610.00332  599.21718  1.77%   115 2981s
 228367 44471  607.97087   33  874  610.00332  599.22647  1.77%   115 2992s
 228865 44494 infeasible   27       610.00332  599.24883  1.76%   115 3003s
 229380 44496     cutoff   27       610.00332  599.26284  1.76%   115 3014s
 229571 44496     cutoff   30       610.00332  599.26384  1.76%   115 3015s
 229874 44536  603.33161   33  984  610.00332  599.27410  1.76%   115 3026s
 230339 44539  609.29117   38  966  610.00332  599.28732  1.76%   115 3037s
 230845 44515  607.35829   36  977  610.00332  599.30519  1.75%   115 3048s
 231308 44518     cutoff   32       610.00332  599.32128  1.75%   115 3067s
 232207 44513     cutoff   38       610.00332  599.34578  1.75%   115 3078s
 232699 44531  603.44558   38 1022  610.00332  599.36411  1.74%   115 3096s
 233523 44545     cutoff   30       610.00332  599.38648  1.74%   115 3108s
 234049 44567     cutoff   34       610.00332  599.40300  1.74%   115 3120s
 234533 44594     cutoff   38       610.00332  599.41636  1.74%   115 3131s
 235022 44603  603.86113   35 1016  610.00332  599.43489  1.73%   115 3142s
 235538 44635  604.00104   31 1017  610.00332  599.45156  1.73%   115 3153s
 236038 44659  608.71128   33  732  610.00332  599.46565  1.73%   115 3164s
 236548 44672  609.65973   36  964  610.00332  599.47741  1.73%   115 3176s
 237077 44678  605.27789   33  993  610.00332  599.49116  1.72%   115 3187s
 237596 44700     cutoff   32       610.00332  599.50709  1.72%   115 3198s
 238107 44725  607.33493   30  881  610.00332  599.52477  1.72%   115 3209s
 238605 44723     cutoff   41       610.00332  599.53936  1.72%   115 3221s
 239104 44712  609.68721   30  927  610.00332  599.54983  1.71%   115 3232s
 239608 44733     cutoff   29       610.00332  599.57338  1.71%   115 3250s
 240397 44760  605.55697   30  943  610.00332  599.60075  1.71%   115 3262s
 240918 44787  608.09213   27  970  610.00332  599.61258  1.70%   115 3273s
 241464 44775  603.22709   35  961  610.00332  599.62665  1.70%   115 3285s
 241925 44769  605.82779   32 1008  610.00332  599.64300  1.70%   115 3297s
 242468 44822     cutoff   31       610.00332  599.66203  1.70%   115 3314s
 243002 44822  606.06132   29  998  610.00332  599.66203  1.70%   115 3315s
 243212 44821     cutoff   35       610.00332  599.68153  1.69%   115 3326s
 243747 44794     cutoff   36       610.00332  599.69727  1.69%   115 3338s
 244262 44810     cutoff   30       610.00332  599.71230  1.69%   115 3357s
 245077 44807     cutoff   33       610.00332  599.74195  1.68%   115 3375s
 245875 44802     cutoff   42       610.00332  599.77432  1.68%   115 3394s
 246090 44802  604.92496   42 1023  610.00332  599.77647  1.68%   115 3395s
 246725 44816  602.91524   29 1002  610.00332  599.79587  1.67%   115 3407s
 247243 44821  608.88837   38  977  610.00332  599.81063  1.67%   115 3419s
 247739 44797     cutoff   37       610.00332  599.82410  1.67%   115 3431s
 248214 44777  609.58956   31  865  610.00332  599.84200  1.67%   115 3450s
 249075 44794  608.32296   39  965  610.00332  599.86120  1.66%   115 3470s
 249886 44777  607.23369   34  986  610.00332  599.88826  1.66%   115 3490s
 250746 44756     cutoff   29       610.00332  599.91118  1.65%   115 3512s
 251523 44747  609.63584   36  907  610.00332  599.93566  1.65%   116 3531s
 252327 44767  602.34197   38  970  610.00332  599.96730  1.65%   116 3551s
 253202 44749  608.75560   38  952  610.00332  599.98656  1.64%   116 3563s
 253696 44768     cutoff   32       610.00332  600.00497  1.64%   116 3583s
 254538 44749  607.13501   35 1032  610.00332  600.03223  1.63%   116 3595s
 255080 44752     cutoff   33       610.00332  600.05137  1.63%   116 3613s
 255861 44753  608.20891   34  965  610.00332  600.06937  1.63%   116 3627s
 256265 44723  609.74936   37  970  610.00332  600.08219  1.63%   116 3651s
 257254 44731  605.69374   29 1018  610.00332  600.11588  1.62%   116 3672s
 258194 44702     cutoff   38       610.00332  600.14198  1.62%   116 3694s
 258935 44682     cutoff   33       610.00332  600.16391  1.61%   116 3714s
 259801 44669     cutoff   29       610.00332  600.19073  1.61%   116 3734s
 260643 44665  605.78754   36 1000  610.00332  600.21525  1.60%   116 3753s
 261474 44682     cutoff   28       610.00332  600.23521  1.60%   116 3778s
 262231 44658     cutoff   36       610.00332  600.25027  1.60%   116 3792s
 262737 44641  609.32901   41  975  610.00332  600.26636  1.60%   116 3812s
 263609 44646  603.79937   37  995  610.00332  600.29652  1.59%   116 3831s
 264387 44646     cutoff   30       610.00332  600.31931  1.59%   116 3851s
 265191 44634  609.04259   39  980  610.00332  600.33424  1.59%   116 3871s
 266013 44607  608.41782   28  983  610.00332  600.35817  1.58%   116 3892s
 266807 44595     cutoff   36       610.00332  600.38246  1.58%   116 3920s
 267118 44594  602.03982   28 1011  610.00332  600.39865  1.57%   116 3943s
 267955 44602     cutoff   35       610.00332  600.41675  1.57%   116 3965s
 268843 44591  606.22663   36 1007  610.00332  600.43685  1.57%   116 3978s
 269369 44582     cutoff   28       610.00332  600.45347  1.57%   116 3998s
 270121 44552  604.06584   38  894  610.00332  600.47458  1.56%   116 4018s
 270951 44496     cutoff   34       610.00332  600.49676  1.56%   116 4038s
 271733 44440     cutoff   28       610.00332  600.51658  1.56%   116 4059s
 272544 44384  609.53023   24  800  610.00332  600.54358  1.55%   116 4081s
 273360 44319     cutoff   30       610.00332  600.56871  1.55%   116 4104s
 274126 44283     cutoff   30       610.00332  600.59595  1.54%   116 4125s
 274945 44234     cutoff   33       610.00332  600.62264  1.54%   116 4147s
 275728 44218  608.51453   33  958  610.00332  600.64786  1.53%   116 4168s
 276554 44185  607.70247   38 1013  610.00332  600.67788  1.53%   116 4190s
 277391 44134 infeasible   36       610.00332  600.70424  1.52%   116 4212s
 278179 44112  608.13787   35  964  610.00332  600.72484  1.52%   116 4233s
 279003 44083     cutoff   30       610.00332  600.74895  1.52%   116 4257s
 279778 44038     cutoff   33       610.00332  600.77109  1.51%   116 4278s
 280611 44012  606.80397   32  983  610.00332  600.79364  1.51%   116 4301s
 281425 43963  605.70558   32  950  610.00332  600.82290  1.50%   116 4323s
 282232 43904  608.06579   35  978  610.00332  600.84658  1.50%   116 4345s
 283063 43836     cutoff   41       610.00332  600.86934  1.50%   116 4367s
 283865 43838  603.63467   34 1023  610.00332  600.89284  1.49%   116 4390s
 284715 43782  609.19430   33  987  610.00332  600.91415  1.49%   116 4413s
 285493 43737  602.96506   33 1001  610.00332  600.94222  1.49%   116 4435s
 286293 43679  609.01766   32 1003  610.00332  600.97151  1.48%   116 4457s
 287100 43647  607.37757   38  981  610.00332  600.99500  1.48%   116 4479s
 287490 43647     cutoff   35       610.00332  600.99656  1.48%   116 4480s
 287906 43605  608.53111   31 1005  610.00332  601.02265  1.47%   116 4501s
 288705 43553  608.84213   31  968  610.00332  601.04211  1.47%   116 4523s
 289503 43545  604.91206   34 1019  610.00332  601.06977  1.46%   116 4553s
 289648 43535     cutoff   32       610.00332  601.07817  1.46%   116 4576s
 289760 43491  605.18608   36  992  610.00332  601.07817  1.46%   116 4599s
 290381 43441  607.21680   34 1020  610.00332  601.08211  1.46%   116 4622s
 291184 43356  604.83139   34  677  610.00332  601.11433  1.46%   116 4645s
 292024 43310  606.93770   35 1022  610.00332  601.14699  1.45%   116 4669s
 292858 43262     cutoff   30       610.00332  601.16890  1.45%   117 4692s
 293710 43213     cutoff   41       610.00332  601.19406  1.44%   117 4716s
 294587 43171     cutoff   26       610.00332  601.21838  1.44%   117 4740s
 295448 43139  607.96113   33  967  610.00332  601.23562  1.44%   117 4763s
 296316 43073     cutoff   33       610.00332  601.25623  1.43%   117 4786s
 297202 43023  609.38610   35  967  610.00332  601.27811  1.43%   117 4810s
 298037 42989     cutoff   38       610.00332  601.29687  1.43%   117 4833s
 298827 42928     cutoff   37       610.00332  601.31926  1.42%   117 4857s
 299654 42881  601.68287   34  997  610.00332  601.34247  1.42%   117 4880s
 300523 42798  607.61542   29  979  610.00332  601.36288  1.42%   117 4904s
 301365 42743  604.12701   28  959  610.00332  601.39201  1.41%   117 4926s
 302198 42685  609.20113   29  957  610.00332  601.40941  1.41%   117 4949s
 302841 42685     cutoff   27       610.00332  601.40941  1.41%   117 4950s
 303035 42684     cutoff   25       610.00332  601.43317  1.40%   117 4989s
 303052 42671  606.73937   25  998  610.00332  601.43317  1.40%   117 5012s
 303269 42633  609.34502   26  911  610.00332  601.43317  1.40%   117 5036s
 303925 42582  605.03697   29  813  610.00332  601.44395  1.40%   117 5061s
 304804 42510  609.49660   35  933  610.00332  601.47831  1.40%   117 5085s
 305667 42438     cutoff   42       610.00332  601.50565  1.39%   117 5110s
 306541 42370     cutoff   35       610.00332  601.53628  1.39%   117 5134s
 307107 42370  608.62094   33 1030  610.00332  601.53899  1.39%   117 5135s
 307420 42321  607.06254   31  969  610.00332  601.55685  1.38%   117 5158s
 308261 42261  607.71957   32  968  610.00332  601.58562  1.38%   117 5182s
 309126 42193  607.23644   31  846  610.00332  601.60947  1.38%   117 5207s
 310007 42143  608.08110   34 1001  610.00332  601.63554  1.37%   117 5231s
 310851 42089     cutoff   33       610.00332  601.65748  1.37%   117 5254s
 311359 42089     cutoff   38       610.00332  601.66163  1.37%   117 5255s
 311671 42017     cutoff   34       610.00332  601.67426  1.37%   117 5278s
 312470 41934     cutoff   32       610.00332  601.68906  1.36%   117 5302s
 313316 41831  609.58016   36  980  610.00332  601.71782  1.36%   117 5326s
 314154 41774  605.76235   37  985  610.00332  601.74669  1.35%   117 5350s
 315005 41688     cutoff   31       610.00332  601.76869  1.35%   117 5374s
 315810 41572  607.69849   35  990  610.00332  601.79167  1.35%   117 5398s
 316666 41492  607.04706   34 1008  610.00332  601.81603  1.34%   117 5422s
 317482 41406  608.01461   36  872  610.00332  601.84079  1.34%   117 5448s
 318288 41304     cutoff   41       610.00332  601.86690  1.33%   117 5472s
 319100 41241  608.66339   28  970  610.00332  601.89101  1.33%   117 5497s
 319918 41161  609.66740   34 1003  610.00332  601.91270  1.33%   117 5521s
 320741 41067  607.49149   31 1021  610.00332  601.94034  1.32%   117 5545s
 321550 40968  603.15036   30  979  610.00332  601.96500  1.32%   117 5569s
 322270 40968     cutoff   34       610.00332  601.99121  1.31%   117 5570s
 322369 40898     cutoff   34       610.00332  601.99121  1.31%   117 5593s
 323205 40817     cutoff   33       610.00332  602.01442  1.31%   117 5619s
 323929 40739     cutoff   33       610.00332  602.03731  1.31%   117 5644s
 324763 40654     cutoff   32       610.00332  602.05667  1.30%   117 5668s
 325648 40596  607.53199   40 1003  610.00332  602.07968  1.30%   117 5693s
 326496 40499  606.16151   41  953  610.00332  602.10041  1.30%   117 5717s
 327355 40406  607.89420   37  962  610.00332  602.12746  1.29%   117 5742s
 328150 40290  606.11685   37  998  610.00332  602.15113  1.29%   117 5767s
 328964 40209  606.87195   37  917  610.00332  602.17474  1.28%   117 5792s
 329799 40123  606.19572   43  973  610.00332  602.19377  1.28%   117 5816s
 330613 40004     cutoff   37       610.00332  602.22521  1.28%   117 5841s
 331445 39933     cutoff   36       610.00332  602.25340  1.27%   117 5865s
 332289 39826     cutoff   32       610.00332  602.27545  1.27%   117 5891s
 333003 39709     cutoff   39       610.00332  602.30178  1.26%   117 5916s
 333836 39623  609.41720   34  964  610.00332  602.32490  1.26%   117 5941s
 334683 39516     cutoff   38       610.00332  602.35050  1.25%   117 5965s
 335483 39394  604.81152   32  934  610.00332  602.37078  1.25%   117 5990s
 336309 39283     cutoff   32       610.00332  602.39953  1.25%   117 6015s
 337128 39188     cutoff   34       610.00332  602.42371  1.24%   117 6040s
 337932 39063  609.73432   34 1022  610.00332  602.44831  1.24%   117 6065s
 338712 38952     cutoff   28       610.00332  602.47186  1.23%   117 6089s
 339517 38796     cutoff   43       610.00332  602.49003  1.23%   117 6115s
 340375 38677     cutoff   30       610.00332  602.52302  1.23%   117 6140s
 341182 38565  602.94086   38 1000  610.00332  602.54654  1.22%   117 6165s
 342032 38502     cutoff   34       610.00332  602.57416  1.22%   117 6198s
 342417 38381  606.33359   28 1010  610.00332  602.58396  1.22%   117 6223s
 343297 38264     cutoff   29       610.00332  602.60656  1.21%   117 6250s
 344093 38117  609.26063   38 1001  610.00332  602.63646  1.21%   117 6275s
 344919 37963     cutoff   34       610.00332  602.66650  1.20%   117 6301s
 345732 37842     cutoff   39       610.00332  602.68935  1.20%   117 6327s
 346572 37699  609.05620   31  935  610.00332  602.70953  1.20%   117 6353s
 347369 37580     cutoff   32       610.00332  602.73605  1.19%   117 6379s
 347971 37580  608.50164   29  954  610.00332  602.73980  1.19%   117 6380s
 348183 37432  606.65802   34  850  610.00332  602.76338  1.19%   117 6405s
 349039 37303  605.84068   29  998  610.00332  602.79145  1.18%   117 6432s
 349841 37187  607.63606   37 1013  610.00332  602.81569  1.18%   117 6458s
 350685 37035     cutoff   39       610.00332  602.83925  1.17%   117 6484s
 351493 36894  606.30232   29  981  610.00332  602.86651  1.17%   117 6510s
 352344 36798  608.88473   32  933  610.00332  602.88940  1.17%   117 6536s
 353178 36651  609.26156   35  679  610.00332  602.91837  1.16%   117 6562s
 353976 36512     cutoff   34       610.00332  602.93942  1.16%   117 6588s
 354802 36374     cutoff   31       610.00332  602.97095  1.15%   117 6614s
 355604 36233  609.28192   38  975  610.00332  602.99775  1.15%   117 6640s
 356439 36100     cutoff   28       610.00332  603.02750  1.14%   117 6667s
 357257 35966  606.98406   31 1016  610.00332  603.05029  1.14%   117 6696s
 358026 35847     cutoff   33       610.00332  603.07669  1.14%   117 6723s
 358835 35714     cutoff   30       610.00332  603.09814  1.13%   117 6750s
 359682 35538     cutoff   34       610.00332  603.13008  1.13%   117 6777s
 360523 35388     cutoff   38       610.00332  603.15361  1.12%   117 6803s
 361370 35251     cutoff   38       610.00332  603.18030  1.12%   117 6830s
 362168 35074  606.58747   26 1017  610.00332  603.20275  1.11%   117 6856s
 362953 34916  607.37579   32  964  610.00332  603.22470  1.11%   117 6888s
 363666 34762  607.67569   32 1031  610.00332  603.24171  1.11%   117 6915s
 364507 34584  607.67071   35  863  610.00332  603.27218  1.10%   117 6942s
 365354 34411     cutoff   30       610.00332  603.30612  1.10%   117 6970s
 366165 34235     cutoff   33       610.00332  603.33161  1.09%   117 6997s
 367018 34066     cutoff   33       610.00332  603.36507  1.09%   117 7024s
 367840 33919  604.80367   26  994  610.00332  603.38739  1.08%   117 7051s
 368711 33756     cutoff   30       610.00332  603.41417  1.08%   117 7081s
 369446 33562     cutoff   39       610.00332  603.43991  1.08%   117 7109s
 370281 33382     cutoff   35       610.00332  603.46740  1.07%   117 7136s
 371140 33235     cutoff   39       610.00332  603.49887  1.07%   117 7164s
 371249 33235  608.68048   28  926  610.00332  603.49901  1.07%   117 7165s
 371989 33055     cutoff   29       610.00332  603.52231  1.06%   117 7192s
 372811 32864  607.06208   29  990  610.00332  603.54816  1.06%   117 7219s
 373024 32864     cutoff   30       610.00332  603.54921  1.06%   117 7220s
 373625 32696  608.24500   35  950  610.00332  603.57324  1.05%   117 7247s
 374455 32534     cutoff   32       610.00332  603.60406  1.05%   117 7277s
 375202 32358  606.75859   46  969  610.00332  603.62640  1.05%   117 7305s
 376041 32164 infeasible   36       610.00332  603.65196  1.04%   117 7332s
 376849 31976     cutoff   26       610.00332  603.68860  1.04%   118 7359s
 377497 31976     cutoff   32       610.00332  603.69214  1.03%   117 7360s
 377707 31803  607.04796   30  985  610.00332  603.71947  1.03%   117 7387s
 378507 31609     cutoff   38       610.00332  603.74233  1.03%   117 7415s
 379340 31462  609.22271   34  991  610.00332  603.77848  1.02%   117 7443s
 380171 31260     cutoff   33       610.00332  603.79864  1.02%   117 7473s
 380942 31050  609.15549   37  988  610.00332  603.83362  1.01%   117 7501s
 381761 30861     cutoff   32       610.00332  603.85326  1.01%   118 7530s
 382645 30672     cutoff   39       610.00332  603.88566  1.00%   117 7559s
 383474 30469  606.47209   31  940  610.00332  603.90732  1.00%   117 7587s
 384285 30257     cutoff   39       610.00332  603.94017  0.99%   117 7614s
 385131 30082     cutoff   37       610.00332  603.96743  0.99%   117 7642s
 385972 29926     cutoff   34       610.00332  603.99909  0.98%   117 7673s
 386734 29722     cutoff   34       610.00332  604.02121  0.98%   117 7702s
 387552 29506  608.02817   31  991  610.00332  604.05129  0.98%   117 7730s
 388342 29290     cutoff   38       610.00332  604.07753  0.97%   117 7759s
 389126 29062     cutoff   37       610.00332  604.10818  0.97%   117 7789s
 389990 28828  605.82790   29  931  610.00332  604.14509  0.96%   117 7817s
 390837 28615     cutoff   31       610.00332  604.16684  0.96%   117 7845s
 391663 28414  609.79080   32  893  610.00332  604.20630  0.95%   117 7874s
 392238 28414     cutoff   28       610.00332  604.20874  0.95%   117 7875s
 392426 28226     cutoff   36       610.00332  604.23402  0.95%   117 7904s
 393210 27978     cutoff   32       610.00332  604.25758  0.94%   117 7932s
 394041 27727     cutoff   36       610.00332  604.28539  0.94%   117 7960s
 394901 27486  604.85603   31 1020  610.00332  604.32159  0.93%   117 7988s
 395710 27249     cutoff   36       610.00332  604.35207  0.93%   117 8016s
 396557 26979  608.98797   36  793  610.00332  604.38310  0.92%   117 8045s
 397404 26838  608.13248   33  999  610.00332  604.42392  0.91%   117 8078s
 397871 26590  606.22721   38  933  610.00332  604.44650  0.91%   117 8106s
 398769 26336 infeasible   40       610.00332  604.47826  0.91%   117 8137s
 399644 26064  608.41319   41  932  610.00332  604.51193  0.90%   117 8166s
 400523 25809  606.55725   32 1017  610.00332  604.54385  0.89%   117 8195s
 401342 25532  604.61718   36  979  610.00332  604.57404  0.89%   117 8224s
 402199 25256  607.38405   33  999  610.00332  604.61500  0.88%   117 8253s
 403055 24999  606.21730   32  970  610.00332  604.65298  0.88%   117 8284s
 403895 24738     cutoff   26       610.00332  604.67927  0.87%   117 8313s
 404727 24476     cutoff   40       610.00332  604.71779  0.87%   117 8343s
 405560 24196     cutoff   28       610.00332  604.75101  0.86%   117 8371s
 406420 23908     cutoff   35       610.00332  604.78794  0.85%   117 8400s
 407262 23609     cutoff   32       610.00332  604.83696  0.85%   117 8429s
 407961 23609  608.45186   29  975  610.00332  604.84000  0.85%   117 8430s
 408177 23301  608.58460   31  991  610.00332  604.87548  0.84%   117 8458s
 409055 23070  608.67183   40 1010  610.00332  604.91472  0.83%   117 8489s
 409605 23070  607.94089   33  933  610.00332  604.91584  0.83%   117 8490s
 409805 22772     cutoff   32       610.00332  604.94175  0.83%   117 8519s
 410685 22463     cutoff   40       610.00332  604.98490  0.82%   117 8548s
 411568 22122     cutoff   39       610.00332  605.02552  0.82%   117 8577s
 412400 21785     cutoff   34       610.00332  605.07361  0.81%   117 8605s
 413226 21468     cutoff   42       610.00332  605.12358  0.80%   117 8634s
 414098 21134     cutoff   33       610.00332  605.15914  0.79%   117 8664s
 414978 20826  608.00071   35  996  610.00332  605.20312  0.79%   117 8696s
 415693 20456     cutoff   31       610.00332  605.22456  0.78%   117 8726s
 416551 20117     cutoff   31       610.00332  605.29313  0.77%   117 8754s
 416900 20117     cutoff   34       610.00332  605.29517  0.77%   117 8755s
 417482 19771  609.16276   47  965  610.00332  605.34253  0.76%   117 8784s
 418365 19417     cutoff   41       610.00332  605.38902  0.76%   117 8812s
 419196 19072     cutoff   29       610.00332  605.43770  0.75%   117 8842s
 420034 18685     cutoff   29       610.00332  605.47971  0.74%   117 8870s
 420923 18353     cutoff   38       610.00332  605.52822  0.73%   117 8902s
 421724 17959     cutoff   36       610.00332  605.57802  0.73%   117 8931s
 422632 17547  609.31855   39  995  610.00332  605.62899  0.72%   117 8960s
 423471 17145     cutoff   30       610.00332  605.67832  0.71%   117 8988s
 424355 16727     cutoff   35       610.00332  605.73279  0.70%   117 9017s
 425259 16297     cutoff   38       610.00332  605.78785  0.69%   117 9045s
 426154 15859  609.50280   31  984  610.00332  605.85195  0.68%   117 9072s
 427060 15477  608.63683   30  963  610.00332  605.91087  0.67%   117 9102s
 427837 15047     cutoff   36       610.00332  605.95605  0.66%   117 9129s
 428715 14604     cutoff   35       610.00332  606.01298  0.65%   117 9156s
 429609 14178     cutoff   35       610.00332  606.08597  0.64%   117 9185s
 430507 13724     cutoff   33       610.00332  606.14077  0.63%   117 9213s
 431423 13274     cutoff   30       610.00332  606.20929  0.62%   117 9240s
 432315 12799     cutoff   38       610.00332  606.27493  0.61%   117 9267s
 433243 12339     cutoff   34       610.00332  606.35322  0.60%   117 9293s
 434048 11808     cutoff   32       610.00332  606.40527  0.59%   117 9316s
 434969 11253     cutoff   35       610.00332  606.50200  0.57%   117 9339s
 435562 11253 infeasible   31       610.00332  606.50455  0.57%   117 9340s
 435916 10675     cutoff   39       610.00332  606.58770  0.56%   117 9362s
 436858 10153     cutoff   33       610.00332  606.68347  0.54%   116 9385s
 437695  9487     cutoff   36       610.00332  606.76982  0.53%   116 9409s
 438712  8826     cutoff   33       610.00332  606.90219  0.51%   116 9431s
 439722  8218     cutoff   39       610.00332  607.03394  0.49%   116 9454s
 440201  8218     cutoff   33       610.00332  607.04010  0.49%   116 9455s
 440676  7506     cutoff   36       610.00332  607.15716  0.47%   116 9476s
 441712  6795     cutoff   39       610.00332  607.30026  0.44%   116 9498s
 442751  5953  608.58886   31  972  610.00332  607.46751  0.42%   116 9519s
 443870  5025     cutoff   33       610.00332  607.67102  0.38%   116 9539s
 445026  4004     cutoff   33       610.00332  607.90233  0.34%   116 9559s
 445348  4004     cutoff   40       610.00332  607.90300  0.34%   116 9560s
 446274  3758     cutoff   37       610.00332  608.19125  0.30%   116 9583s
 446568  3343  609.60177   38  989  610.00332  608.24602  0.29%   115 9601s
 447050  2174     cutoff   32       610.00332  608.28284  0.28%   115 9619s
 448352   725     cutoff   32       610.00332  608.72240  0.21%   115 9634s
 449868     0     cutoff   30       610.00332  609.56436  0.07%   115 9640s

Cutting planes:
  Gomory: 5
  Clique: 4
  MIR: 11
  Flow cover: 9
  GUB cover: 1
  Zero half: 11
  Relax-and-lift: 1
  Lazy constraints: 17677

Explored 450596 nodes (51695734 simplex iterations) in 9640.58 seconds (15849.39 work units)
Thread count was 8 (of 18 available processors)

Solution count 10: 610.003 610.234 615.605 ... 794.64

Optimal solution found (tolerance 1.00e-04)
Best objective 6.100033247402e+02, best bound 6.100033247402e+02, gap 0.0000%

User-callback calls 1293668, time in user-callback 251.72 sec
### START EXACT APPROACH ###
ProblemVariant: 6
### START PREPROCESSING ###
## Start infeasible path procedure ## 
Deleted arcs: 0
Infeasible tail paths: 0
Infeasible 2-node combinations: 0
Deleted arcs: 0
Infeasible tail paths: 0
Infeasible 2-node combinations: 0
## Start start solution procedure ##
Start solution with 9 Vehicles and total costs 794.64 in 0.0039834 s.
### END PREPROCESSING ###
Route 0 0-3-18-25-9-0 : weight util 0.985294 | volume util 0.480800 | 
Route 1 0-4-26-17-0 : weight util 1.000000 | volume util 0.395067 | 
Route 2 0-7-13-29-21-0 : weight util 1.000000 | volume util 0.615133 | 
Route 3 0-8-19-14-0 : weight util 0.911765 | volume util 0.405933 | 
Route 4 0-11-10-0 : weight util 0.926471 | volume util 0.183111 | 
Route 5 0-16-23-24-12-0 : weight util 1.000000 | volume util 0.672444 | 
Route 6 0-27-15-20-5-0 : weight util 1.000000 | volume util 0.479467 | 
Route 7 0-28-22-1-0 : weight util 0.867647 | volume util 0.345289 | 
Route 8 0-30-2-6-0 : weight util 0.985294 | volume util 0.390467 | 
