
Gurobi 12.0.1 (win64, C++) logging started Sat Apr 19 08:58:56 2025

Set parameter Username
Academic license - for non-commercial use only - expires 2026-01-06
Set parameter Threads to value 8
Set parameter LazyConstraints to value 1
Set parameter PreCrush to value 1
Set parameter Seed to value 10
Set parameter Cuts to value -1
Set parameter TimeLimit to value 28800
Set parameter NumericFocus to value 0
Set parameter SolutionLimit to value 10000
Gurobi Optimizer version 12.0.1 build v12.0.1rc0 (win64 - Windows Server 2022.0 (20348.2))

CPU model: AMD EPYC 7513 32-Core Processor, instruction set [SSE2|AVX|AVX2]
Thread count: 18 physical cores, 18 logical processors, using up to 8 threads

Non-default parameters:
SolutionLimit  10000
TimeLimit  28800
PreCrush  1
Seed  10
Threads  8
LazyConstraints  1

Optimize a model with 1036 rows, 2025 columns and 5940 nonzeros
Model fingerprint: 0x47c9cb5b
Variable types: 0 continuous, 2025 integer (2025 binary)
Coefficient statistics:
  Matrix range     [1e+00, 1e+00]
  Objective range  [1e-02, 2e+02]
  Bounds range     [1e+00, 1e+00]
  RHS range        [1e+00, 1e+01]

Warning: Completing partial solution with 1914 unfixed non-continuous variables out of 2025
User MIP start produced solution with objective 1069.55 (0.00s)
Loaded user MIP start with objective 1069.55

Presolve removed 7 rows and 59 columns
Presolve time: 0.01s
Presolved: 1029 rows, 1966 columns, 5810 nonzeros
Variable types: 0 continuous, 1966 integer (1966 binary)

Root relaxation: objective 5.281219e+02, 145 iterations, 0.00 seconds (0.00 work units)

    Nodes    |    Current Node    |     Objective Bounds      |     Work
 Expl Unexpl |  Obj  Depth IntInf | Incumbent    BestBd   Gap | It/Node Time

     0     0  528.12189    0   42 1069.55435  528.12189  50.6%     -    0s
     0     0  616.26826    0    - 1069.55435  616.26826  42.4%     -    0s
     0     0  643.58755    0   10 1069.55435  643.58755  39.8%     -    0s
     0     0  677.29536    0   80 1069.55435  677.29536  36.7%     -    0s
     0     0  708.14952    0   55 1069.55435  708.14952  33.8%     -    0s
     0     0  778.88918    0    - 1069.55435  778.88918  27.2%     -    1s
     0     0  783.72687    0   56 1069.55435  783.72687  26.7%     -    1s
     0     0  788.62858    0   18 1069.55435  788.62858  26.3%     -    2s
     0     0  791.40036    0   71 1069.55435  791.40036  26.0%     -    2s
     0     2  791.40036    0   65 1069.55435  791.40036  26.0%     -    2s
    42    32  868.01130    5   95 1069.55435  836.02671  21.8%   189    5s
   143   116  907.64814    8   57 1069.55435  836.16167  21.8%   257   10s
   192   162  935.59706   22   98 1069.55435  836.16167  21.8%   214   15s
   304   260 1037.42436   29    - 1069.55435  836.20973  21.8%   159   20s
   362   321  979.96180   30    - 1069.55435  836.20973  21.8%   162   25s
   402   387  961.33330   16   37 1069.55435  836.20973  21.8%   161   32s
   528   495  963.15708   17   31 1069.55435  836.20973  21.8%   134   43s
   600   562  965.41908   29   60 1069.55435  852.17694  20.3%   125   47s
   674   627  970.65294   32   19 1069.55435  852.17694  20.3%   115   54s
   701   628 1011.71691   28   75 1069.55435  852.17694  20.3%   113   60s
   814   733  978.40308   33    - 1069.55435  852.17694  20.3%   104   77s
   923   857  980.36721   34   80 1069.55435  855.61738  20.0%   100   80s
  1197  1035  988.88865    7  137 1069.55435  855.61738  20.0%  88.8   90s
  1199  1075  986.95848   59   21 1069.55435  855.61738  20.0%  89.2  105s
  1417  1315     cutoff   72      1069.55435  855.61738  20.0%  82.8  110s
  1543  1423  969.41230    6  115 1069.55435  855.61738  20.0%  79.8  123s
  1590  1424 1049.03993   33    - 1069.55435  855.90777  20.0%  78.0  125s
  1759  1528  971.59874   17   71 1069.55435  855.90777  20.0%  78.0  185s
  1764  1531  959.48871    6  884 1069.55435  959.48871  10.3%  77.8  191s
  1769  1535  960.64191   17  948 1069.55435  960.64191  10.2%  77.6  195s
  1776  1544  962.79363   15  959 1069.55435  960.65405  10.2%  80.9  200s
  2035  1709  979.23061   31    - 1069.55435  961.33725  10.1%  87.5  205s
  2154  1782  989.23320   38    - 1069.55435  961.38386  10.1%  90.4  210s
  2219  1821  991.28057   42    - 1069.55435  961.38386  10.1%  90.4  216s
  2343  1882 1000.80814   48  399 1069.55435  961.38386  10.1%  90.2  232s
  2486  1949 1014.75822   56  170 1069.55435  961.38386  10.1%  92.1  235s
  2525  1983 1016.39631   60  318 1069.55435  961.38386  10.1%  92.5  243s
  2579  2005 1020.17204   66    - 1069.55435  961.38386  10.1%  92.6  252s
  2667  2038 1004.90921   38  256 1069.55435  961.38386  10.1%  93.7  255s
  2770  2087  975.46016   26  315 1069.55435  962.52787  10.0%  95.1  261s
  2934  2132  982.59371   27  779 1069.55435  962.56952  10.0%  97.4  267s
  3037  2230  994.62149   38  901 1069.55435  962.56952  10.0%  98.8  270s
  3356  2367 1020.19585   54  746 1069.55435  962.56952  10.0%  98.1  277s
  3474  2432 infeasible   62      1069.55435  962.56952  10.0%  98.5  281s
  3761  2457  976.78648   25  731 1069.55435  963.59668  9.91%   101  285s
  3862  2506  982.03082   32  840 1069.55435  963.59668  9.91%   102  291s
  3938  2614  993.17381   30  711 1069.55435  963.59668  9.91%   104  295s
  4216  2698  975.56395   23  894 1069.55435  964.16143  9.85%   104  304s
  4276  2748 1000.35004   40  150 1069.55435  964.16143  9.85%   104  305s
  4381  2822 1008.38207   43  677 1069.55435  964.27653  9.84%   104  311s
  4532  2873  996.38491   39  826 1069.55435  964.27653  9.84%   106  333s
  4698  2908  994.71219   44  577 1069.55435  964.34640  9.84%   106  340s
  4856  3045 1035.72823   59  819 1069.55435  964.34640  9.84%   106  345s
  4961  3104 1042.71229   58  773 1069.55435  964.34640  9.84%   107 1779s
  5034  3080 1056.75920   69  152 1069.55435  964.34640  9.84%   106 1780s
  5106  3151 1051.26933   62  713 1069.55435  964.34640  9.84%   107 1785s
  5325  3185 1004.60909   36  470 1069.55435  964.50996  9.82%   108 1792s
  5446  3209  974.73341   23  896 1069.55435  964.50996  9.82%   107 1795s
  5689  3369  998.10376   41  500 1069.55435  964.94472  9.78%   111 1931s
  5967  3475  983.15372   22  599 1069.55435  965.04664  9.77%   112 1935s
  6667  3944  993.99396   39  865 1069.55435  965.11426  9.76%   115 1971s
  6912  4102  993.78840   28  780 1069.55435  965.45081  9.73%   116 1985s
  7293  4432 1023.47860   46  219 1069.55435  965.56973  9.72%   115 2010s
  7564  4591 1015.14018   40  435 1069.55435  965.71971  9.71%   115 2016s
  7719  4672 1022.17048   35  197 1069.55435  965.71971  9.71%   114 2029s
  7815  4764     cutoff   37      1069.55435  965.71971  9.71%   114 2031s
  8380  5268  990.99944   34  960 1069.55435  966.33851  9.65%   116 2035s
  8534  5293 1050.23479   63  386 1069.55435  966.80383  9.61%   115 2053s
  8712  5492 1000.40927   33  864 1069.55435  966.80383  9.61%   116 4710s
  8803  5507  981.76113   31  774 1069.55435  966.80383  9.61%   116 4849s
  8897  5687  989.77558   35  975 1069.55435  966.80383  9.61%   116 5694s
  9181  5881 1018.26807   51  116 1069.55435  967.05103  9.58%   117 5700s
  9200  5884  991.24727   30  899 1069.55435  967.05103  9.58%   117 5776s
  9686  6308 1029.37729   48  861 1069.55435  967.05103  9.58%   118 5780s
 10163  6784 1029.99822   59  537 1069.55435  967.05103  9.58%   120 5785s
 10491  7003  993.93356   41  973 1069.55435  967.24803  9.57%   120 5904s
 10593  7011 1001.14643   37  806 1069.55435  967.24803  9.57%   121 5920s
 11031  7416 1016.72876   54  389 1069.55435  968.23602  9.47%   122 5937s
 11713  7966  988.09396   28  940 1069.55435  968.72444  9.43%   123 5947s
 12057  8240 1048.17559   50  419 1069.55435  968.86604  9.41%   123 6365s
 12224  8256 1014.56297   48  595 1069.55435  968.86604  9.41%   123 6374s
 12418  8636 1018.33443   32  559 1069.55435  968.86604  9.41%   123 6376s
 13000  8980  990.80397   39  931 1069.55435  969.80947  9.33%   122 7102s
 13421  9305 1013.38408   47  889 1069.55435  969.95762  9.31%   122 7159s
 13729  9322 1001.64434   27  878 1069.55435  970.50603  9.26%   123 7161s
 14184  9905 1040.05639   45  306 1069.55435  970.51500  9.26%   123 7167s
 14525 10276 1041.10494   46  521 1069.55435  970.56497  9.26%   124 7171s
 14734 10286  987.28409   24  865 1069.55435  971.06917  9.21%   123 7177s
 15051 10674  991.65777   29  721 1069.55435  971.12611  9.20%   123 7182s
 15494 10980 1027.47659   45  771 1069.55435  971.17850  9.20%   124 7187s
 15598 11000 infeasible   55      1069.55435  971.17850  9.20%   124 7191s
 15908 11382 1007.45914   32  905 1069.55435  971.63800  9.15%   124 7270s
 16411 11732  997.89666   24  922 1069.55435  971.72332  9.15%   125 7276s
 16608 11754 1025.53466   39  344 1069.55435  971.72332  9.15%   125 7280s
 16652 11761 1055.19697   69  365 1069.55435  971.72332  9.15%   125 7294s
 16882 12259 1041.53182   53   72 1069.55435  971.72332  9.15%   125 7308s
 17150 12282 1003.44209   27  854 1069.55435  971.72332  9.15%   125 7355s
 17562 12657 1025.04068   31  681 1069.55435  972.28126  9.09%   124 7360s
 18029 13079 1028.27491   47  389 1069.55435  972.58043  9.07%   125 7442s
 18167 13108 1049.98502   33  459 1069.55435  972.62218  9.06%   125 7465s
 18765 13670 1065.84470   42  330 1069.55435  972.69944  9.06%   125 9070s
 19465 14131  992.53286   28  871 1069.55435  972.90751  9.04%   124 9110s
 19666 14155 1030.22971   44  826 1069.55435  972.90751  9.04%   124 9132s
 20070 14479 1021.59197   42  534 1069.55435  972.90751  9.04%   125 9145s
 20604 14872 1010.87950   42  819 1069.55435  973.63304  8.97%   125 9171s
 20828 14906  993.41077   28  847 1069.55435  973.66212  8.97%   125 9261s
 21127 15277 1038.31742   36  845 1069.55435  973.72199  8.96%   126 9941s
 21650 15483 1014.69504   44  454 1069.55435  973.87103  8.95%   127 9955s
 21759 15490  993.38447   32  616 1069.55435  973.93575  8.94%   126 9960s
 22577 16352 1035.77737   50  735 1069.55435  974.21300  8.91%   127 9978s
 23005 16385 1035.67273   35  824 1069.55435  974.30729  8.91%   127 9980s
 23171 16860 1017.84813   38  820 1069.55435  974.34190  8.90%   127 9993s
Warning: Completing partial solution with 1914 unfixed non-continuous variables out of 2025
H23577 16875                    1069.0948255  974.34190  8.86%   127 10070s
 23844 17132 1014.03586   34  778 1069.09483  974.60827  8.84%   128 10078s
 24215 17533 1029.74451   48  905 1069.09483  974.62140  8.84%   127 10093s
 24773 17594 1051.27518   75  400 1069.09483  974.86143  8.81%   128 12016s
 24871 18058 1045.51380   50    - 1069.09483  974.86143  8.81%   127 12020s
 25102 18095 1050.37157   38  440 1069.09483  974.86143  8.81%   127 12025s
 25700 18573  988.40200   28  942 1069.09483  975.10503  8.79%   127 12090s
 26408 19119 1012.17035   23  593 1069.09483  975.27244  8.78%   126 12177s
 26758 19130 1022.04062   29  818 1069.09483  975.29136  8.77%   126 12181s
 27189 19559  998.46933   30  869 1069.09483  975.51398  8.75%   126 12185s
 27742 20001 1057.35272   49  426 1069.09483  975.54295  8.75%   126 12458s
 28446 20433  999.69625   25  942 1069.09483  976.22582  8.69%   125 12471s
 28667 20462 1002.90155   30  968 1069.09483  976.26395  8.68%   125 12493s
 29101 20505 1053.87247   38  760 1069.09483  976.31596  8.68%   125 12612s
 29109 20682 1057.41984   39  423 1069.09483  976.31596  8.68%   125 12866s
 29212 20691 infeasible   27      1069.09483  976.31596  8.68%   125 12871s
 29512 21181 1058.02486   40  392 1069.09483  976.31596  8.68%   124 12885s
 29782 21191 infeasible   65      1069.09483  976.31664  8.68%   124 12906s
 30192 21714 1033.32779   49  737 1069.09483  976.95659  8.62%   124 12915s
 30912 21773 1046.91489   44  614 1069.09483  977.29662  8.59%   123 14632s
 30972 22091 1007.78595   32  947 1069.09483  977.35856  8.58%   124 14637s
 31481 22174 1050.84740   54    - 1069.09483  977.52262  8.57%   124 14656s
 31555 22484 1047.17202   55  527 1069.09483  977.52262  8.57%   124 14668s
 31712 22496 infeasible   49      1069.09483  977.52262  8.57%   124 14676s
 32071 22852 1036.89696   30  812 1069.09483  977.65426  8.55%   124 14685s
 32676 23295 infeasible   32      1069.09483  978.48508  8.48%   124 14693s
 32928 23306 1011.24026   41  912 1069.09483  978.48508  8.48%   124 14695s
 33357 23586 1042.63762   47  391 1069.09483  978.73820  8.45%   124 14703s
 33739 23911 1042.16864   31  790 1069.09483  978.75643  8.45%   124 14712s
 33940 23931 1042.01740   54  807 1069.09483  978.75643  8.45%   124 15903s
 34174 23952 1064.69656   55  418 1069.09483  979.08672  8.42%   124 15905s
 34234 24348 1059.14063   50  667 1069.09483  979.08672  8.42%   124 15910s
 34325 24350 1031.81252   41  790 1069.09483  979.08672  8.42%   124 15936s
 34401 24356  989.45949   31  818 1069.09483  979.08672  8.42%   124 16200s
 34830 24687     cutoff   60      1069.09483  979.34363  8.40%   125 16207s
 35296 25008 1020.16387   26  834 1069.09483  979.57062  8.37%   125 16213s
 35754 25030 1053.10107   35  639 1069.09483  979.71220  8.36%   125 16246s
 35844 25422 1067.00387   63  602 1069.09483  979.74056  8.36%   125 16263s
 36524 25836 1022.80929   55  927 1069.09483  980.08062  8.33%   125 16269s
 36789 25846 1028.29675   53  825 1069.09483  980.08062  8.33%   125 16276s
 37090 26125 1023.46739   30  666 1069.09483  980.08062  8.33%   125 16280s
 37545 26427 1009.13707   33  673 1069.09483  980.36987  8.30%   126 16287s
 37998 26871 1025.92952   26  697 1069.09483  980.53795  8.28%   126 16292s
 38661 27272 1043.20445   41  265 1069.09483  980.79862  8.26%   126 16298s
 39278 27566 1033.54947   35  455 1069.09483  981.16860  8.22%   126 16308s
 39424 27575 1044.57123   48  819 1069.09483  981.16914  8.22%   126 16310s
 39711 27849 1012.62236   44  824 1069.09483  981.24227  8.22%   126 16318s
 39837 27856 1012.10993   39  832 1069.09483  981.24227  8.22%   127 16320s
 40053 27868 1048.14434   28  642 1069.09483  981.24227  8.22%   127 16391s
 40144 28226 1001.60648   34  821 1069.09483  981.24227  8.22%   127 16396s
 40630 28265 1044.56211   49  883 1069.09483  981.37926  8.20%   127 16401s
 40757 28607  989.32511   29  880 1069.09483  981.37926  8.20%   127 16409s
 40868 28615 1014.13893   29  853 1069.09483  981.37926  8.20%   127 16420s
 41308 28948 1023.45589   47  828 1069.09483  981.47971  8.20%   127 16428s
 41808 29271 1038.45843   34  278 1069.09483  981.63720  8.18%   127 16440s
 42275 29714  994.17849   23  946 1069.09483  981.76309  8.17%   128 16446s
 42756 29749     cutoff   53      1069.09483  981.81881  8.16%   128 16452s
 42930 30051 1001.00083   34  897 1069.09483  981.82924  8.16%   127 16678s
 43116 30055 1000.96534   35  821 1069.09483  981.82924  8.16%   128 16723s
 43436 30409 1004.30412   32  975 1069.09483  981.95259  8.15%   128 16728s
 43987 30802 1043.92416   47  668 1069.09483  982.10216  8.14%   128 16741s
 44072 30814 1030.32088   45  632 1069.09483  982.10216  8.14%   128 16749s
 44359 30830 1039.95169   25  938 1069.09483  982.15302  8.13%   128 16751s
 44519 31122 1030.86018   35  812 1069.09483  982.25756  8.12%   128 16826s
 45031 31514  988.30867   26  854 1069.09483  982.35999  8.11%   128 16834s
 45597 31852     cutoff   52      1069.09483  982.37409  8.11%   128 16841s
 45858 31861 1066.73197   55   77 1069.09483  982.53187  8.10%   128 16872s
 46119 32224 1014.34681   37  894 1069.09483  982.60784  8.09%   128 16881s
 46650 32594  993.04975   34  973 1069.09483  982.71400  8.08%   129 16890s
 47192 32920 1022.19888   48  887 1069.09483  982.85036  8.07%   129 16899s
 47555 32939  997.99043   36  959 1069.09483  982.91675  8.06%   129 16902s
 47651 33208 1028.17105   40  943 1069.09483  982.91675  8.06%   129 16907s
 48074 33472 1014.46070   34  494 1069.09483  983.00680  8.05%   129 16913s
 48454 33806 1044.34058   57  143 1069.09483  983.03566  8.05%   130 16920s
 48997 34211 1026.15304   46  735 1069.09483  983.24136  8.03%   130 16964s
 49515 34511 1037.03084   37  652 1069.09483  983.35462  8.02%   130 16970s

Cutting planes:
  Gomory: 10
  Flow cover: 1
  Inf proof: 1
  Zero half: 11
  Lazy constraints: 5953

Explored 49989 nodes (6511798 simplex iterations) in 28801.18 seconds (755.51 work units)
Thread count was 8 (of 18 available processors)

Solution count 2: 1069.09 1069.55 

Solve interrupted
Best objective 1.069094825478e+03, best bound 9.834402757763e+02, gap 8.0119%

User-callback calls 118353, time in user-callback 28407.75 sec
### START EXACT APPROACH ###
ProblemVariant: 5
### START PREPROCESSING ###
## Start infeasible path procedure ## 
Deleted arcs: 14
Infeasible tail paths: 0
Infeasible 2-node combinations: 7
## Start extended infeasible path procedure ##
Deleted arcs: 14
Infeasible tail paths: 0
Infeasible 2-node combinations: 7
## Start start solution procedure ##
Start solution with 8 Vehicles and total costs 1069.55 in 14.9495 s.
### END PREPROCESSING ###
Route 0 0-1-2-14-38-42-0 : weight util 0.339801 | volume util 0.795156 | infeasible with packing heuristic | feasible with CP model
Route 1 0-8-19-22-23-26-25-0 : weight util 0.900995 | volume util 0.746511 | infeasible with packing heuristic | feasible with CP model
Route 2 0-10-18-15-24-0 : weight util 0.491542 | volume util 0.687356 | infeasible with packing heuristic | feasible with CP model
Route 3 0-16-13-12-11-17-0 : weight util 0.369154 | volume util 0.802222 | infeasible with packing heuristic | feasible with CP model
Route 4 0-21-20-0 : weight util 0.099005 | volume util 0.331733 | feasible with packing heuristic | feasible with CP model
Route 5 0-34-31-32-33-35-3-4-9-0 : weight util 0.863682 | volume util 0.840511 | infeasible with packing heuristic | feasible with CP model
Route 6 0-43-30-41-40-39-36-37-0 : weight util 0.290050 | volume util 0.854244 | infeasible with packing heuristic | feasible with CP model
Route 7 0-44-28-29-27-6-5-7-0 : weight util 0.237811 | volume util 0.867467 | infeasible with packing heuristic | feasible with CP model
