
Gurobi 12.0.1 (win64, C++) logging started Sat Apr 19 00:55:22 2025

Set parameter Username
Academic license - for non-commercial use only - expires 2026-01-06
Set parameter Threads to value 8
Set parameter LazyConstraints to value 1
Set parameter PreCrush to value 1
Set parameter Seed to value 10
Set parameter Cuts to value -1
Set parameter TimeLimit to value 28800
Set parameter NumericFocus to value 0
Set parameter SolutionLimit to value 10000
Gurobi Optimizer version 12.0.1 build v12.0.1rc0 (win64 - Windows Server 2022.0 (20348.2))

CPU model: AMD EPYC 7513 32-Core Processor, instruction set [SSE2|AVX|AVX2]
Thread count: 18 physical cores, 18 logical processors, using up to 8 threads

Non-default parameters:
SolutionLimit  10000
TimeLimit  28800
PreCrush  1
Seed  10
Threads  8
LazyConstraints  1

Optimize a model with 667 rows, 1296 columns and 3780 nonzeros
Model fingerprint: 0x3154329f
Variable types: 0 continuous, 1296 integer (1296 binary)
Coefficient statistics:
  Matrix range     [1e+00, 1e+00]
  Objective range  [5e+00, 7e+01]
  Bounds range     [1e+00, 1e+00]
  RHS range        [1e+00, 1e+01]

Warning: Completing partial solution with 1210 unfixed non-continuous variables out of 1296
User MIP start produced solution with objective 863.405 (0.01s)
Loaded user MIP start with objective 863.405

Presolve removed 3 rows and 40 columns
Presolve time: 0.01s
Presolved: 664 rows, 1256 columns, 3663 nonzeros
Variable types: 0 continuous, 1256 integer (1256 binary)

Root relaxation: objective 5.249058e+02, 171 iterations, 0.00 seconds (0.00 work units)

    Nodes    |    Current Node    |     Objective Bounds      |     Work
 Expl Unexpl |  Obj  Depth IntInf | Incumbent    BestBd   Gap | It/Node Time

     0     0  524.90584    0   10  863.40514  524.90584  39.2%     -    0s
     0     0  542.04072    0   32  863.40514  542.04072  37.2%     -    0s
     0     0  598.62971    0   29  863.40514  598.62971  30.7%     -    0s
     0     0  618.44877    0   22  863.40514  618.44877  28.4%     -    0s
     0     0  631.52710    0   63  863.40514  631.52710  26.9%     -    0s
     0     0  633.99364    0   73  863.40514  633.99364  26.6%     -    0s
     0     0  634.03954    0   71  863.40514  634.03954  26.6%     -    0s
     0     2  634.03954    0   71  863.40514  634.03954  26.6%     -    0s
    39    48  674.88287    6  131  863.40514  656.53928  24.0%   290    5s
    79    88  684.90633    9  111  863.40514  656.53928  24.0%   325   10s
   119   126  683.29973   12  131  863.40514  656.53928  24.0%   308   15s
   157   173  685.35618   15  123  863.40514  656.53928  24.0%   276   20s
Warning: Completing partial solution with 1210 unfixed non-continuous variables out of 1296
H  208   232                     725.5160936  656.53928  9.51%   239   25s
  1510  1572  700.23677  168  117  725.51609  656.78124  9.47%  54.3   30s
H 2310  1418                     703.3533600  656.78124  6.62%  45.9   34s
  2352  1401  691.17956    5  119  703.35336  656.78124  6.62%  47.8   35s
  2393  1402  694.88390    9   71  703.35336  656.78124  6.62%  48.9   58s
  2395  1403  696.82212  148 1273  703.35336  674.90421  4.04%  48.8   62s
  2397  1405  693.58425   87 1301  703.35336  676.56117  3.81%  48.8   65s
  2400  1407  691.12917   36 1306  703.35336  678.67091  3.51%  48.7   70s
  2404  1409  699.10885   22 1305  703.35336  678.85140  3.48%  48.7   75s
  2408  1412  697.58056   11 1306  703.35336  679.06809  3.45%  48.6   81s
  2413  1418  679.08960   16 1307  703.35336  679.08960  3.45%  51.2   85s
  3007  1593  695.10992   46 1240  703.35336  680.50866  3.25%  77.8   90s
  3182  1651  696.51479   56 1246  703.35336  681.76884  3.07%  81.6   96s
  4139  1982  692.04531   33 1263  703.35336  683.81018  2.78%  94.1  100s
* 4484  1786              45     700.2067944  684.17110  2.29%  99.4  101s
H 5043  1660                     698.6054332  685.16303  1.92%   103  103s
  5306  1683  695.98907   46 1099  698.60543  685.36476  1.90%   105  105s
  6088  1703  689.87034   23 1278  698.60543  686.52098  1.73%   108  110s
  7254  2037  694.73103   43 1195  698.60543  688.06490  1.51%   111  115s
  8052  2245  697.05890   36 1221  698.60543  688.64270  1.43%   113  120s
  8514  2361  692.55262   28 1244  698.60543  688.85172  1.40%   114  125s
  9338  2566  693.40951   35 1283  698.60543  689.21920  1.34%   116  130s
 10072  2668     cutoff   34       698.60543  689.58137  1.29%   117  135s
 11411  2882  695.22031   41 1263  698.60543  690.24118  1.20%   118  141s
 12696  2981     cutoff   30       698.60543  690.84786  1.11%   120  146s
 13484  2972     cutoff   31       698.60543  691.20837  1.06%   121  150s
 14665  2945     cutoff   28       698.60543  691.80212  0.97%   123  157s
 15394  2865  697.75368   31 1260  698.60543  692.05590  0.94%   125  161s
 16191  2720     cutoff   27       698.60543  692.46014  0.88%   126  167s
 16653  2679     cutoff   37       698.60543  692.70005  0.85%   126  170s
 17592  2488     cutoff   44       698.60543  693.21331  0.77%   128  176s
 18200  2472  696.35522   40 1248  698.60543  693.43089  0.74%   128  180s
 18581  2151  697.07294   32 1261  698.60543  693.63891  0.71%   129  187s
 19178  1946     cutoff   36       698.60543  694.04557  0.65%   129  190s
 20393  1370  697.50423   31 1276  698.60543  694.77400  0.55%   130  198s
 21130   957     cutoff   38       698.60543  695.25646  0.48%   129  202s
 21860   464  696.65867   38 1173  698.60543  695.90806  0.39%   129  205s

Cutting planes:
  Gomory: 1
  Clique: 4
  MIR: 6
  Flow cover: 9
  GUB cover: 2
  Zero half: 22
  Relax-and-lift: 1
  Lazy constraints: 1196

Explored 23051 nodes (2914629 simplex iterations) in 207.21 seconds (361.75 work units)
Thread count was 8 (of 18 available processors)

Solution count 5: 698.605 700.207 703.353 ... 863.405

Optimal solution found (tolerance 1.00e-04)
Best objective 6.986054332259e+02, best bound 6.986054332259e+02, gap 0.0000%

User-callback calls 69516, time in user-callback 21.62 sec
### START EXACT APPROACH ###
ProblemVariant: 5
### START PREPROCESSING ###
## Start infeasible path procedure ## 
Deleted arcs: 4
Infeasible tail paths: 0
Infeasible 2-node combinations: 2
## Start extended infeasible path procedure ##
Deleted arcs: 4
Infeasible tail paths: 0
Infeasible 2-node combinations: 2
## Start start solution procedure ##
Start solution with 11 Vehicles and total costs 863.405 in 1.00272 s.
### END PREPROCESSING ###
Route 0 0-4-34-26-0 : weight util 1.000000 | volume util 0.340467 | feasible with packing heuristic | feasible with CP model
Route 1 0-10-31-12-0 : weight util 1.000000 | volume util 0.276978 | feasible with packing heuristic | feasible with CP model
Route 2 0-14-19-8-0 : weight util 0.925373 | volume util 0.292356 | feasible with packing heuristic | feasible with CP model
Route 3 0-20-15-13-27-0 : weight util 0.880597 | volume util 0.450578 | feasible with packing heuristic | feasible with CP model
Route 4 0-25-18-24-3-0 : weight util 0.970149 | volume util 0.337222 | feasible with packing heuristic | feasible with CP model
Route 5 0-28-22-1-23-0 : weight util 0.970149 | volume util 0.386000 | feasible with packing heuristic | feasible with CP model
Route 6 0-29-5-21-0 : weight util 0.925373 | volume util 0.320689 | feasible with packing heuristic | feasible with CP model
Route 7 0-30-2-6-0 : weight util 1.000000 | volume util 0.256889 | feasible with packing heuristic | feasible with CP model
Route 8 0-32-9-0 : weight util 0.850746 | volume util 0.199044 | feasible with packing heuristic | feasible with CP model
Route 9 0-33-16-17-0 : weight util 0.985075 | volume util 0.392844 | feasible with packing heuristic | feasible with CP model
Route 10 0-35-11-7-0 : weight util 0.925373 | volume util 0.474867 | feasible with packing heuristic | feasible with CP model
