
Gurobi 12.0.1 (win64, C++) logging started Fri Apr 18 16:55:00 2025

Set parameter Username
Academic license - for non-commercial use only - expires 2026-01-06
Set parameter Threads to value 8
Set parameter LazyConstraints to value 1
Set parameter PreCrush to value 1
Set parameter Seed to value 10
Set parameter Cuts to value -1
Set parameter TimeLimit to value 28800
Set parameter NumericFocus to value 0
Set parameter SolutionLimit to value 10000
Gurobi Optimizer version 12.0.1 build v12.0.1rc0 (win64 - Windows Server 2022.0 (20348.2))

CPU model: AMD EPYC 7513 32-Core Processor, instruction set [SSE2|AVX|AVX2]
Thread count: 18 physical cores, 18 logical processors, using up to 8 threads

Non-default parameters:
SolutionLimit  10000
TimeLimit  28800
PreCrush  1
Seed  10
Threads  8
LazyConstraints  1

Optimize a model with 562 rows, 1089 columns and 3168 nonzeros
Model fingerprint: 0x692fe5d1
Variable types: 0 continuous, 1089 integer (1089 binary)
Coefficient statistics:
  Matrix range     [1e+00, 1e+00]
  Objective range  [1e+00, 1e+02]
  Bounds range     [1e+00, 1e+00]
  RHS range        [1e+00, 9e+00]

Warning: Completing partial solution with 1016 unfixed non-continuous variables out of 1089
User MIP start produced solution with objective 1140.9 (0.00s)
Loaded user MIP start with objective 1140.9

Presolve removed 1 rows and 35 columns
Presolve time: 0.01s
Presolved: 561 rows, 1054 columns, 3098 nonzeros
Variable types: 0 continuous, 1054 integer (1054 binary)

Root relaxation: objective 7.477113e+02, 129 iterations, 0.00 seconds (0.00 work units)

    Nodes    |    Current Node    |     Objective Bounds      |     Work
 Expl Unexpl |  Obj  Depth IntInf | Incumbent    BestBd   Gap | It/Node Time

     0     0  747.71134    0   30 1140.90442  747.71134  34.5%     -    0s
     0     0  761.08614    0   30 1140.90442  761.08614  33.3%     -    0s
     0     0  868.26164    0   54 1140.90442  868.26164  23.9%     -    0s
     0     0  890.58889    0   18 1140.90442  890.58889  21.9%     -    0s
     0     0  916.98515    0   50 1140.90442  916.98515  19.6%     -    0s
     0     0  928.74732    0   21 1140.90442  928.74732  18.6%     -    2s
     0     2  928.74732    0   21 1140.90442  928.74732  18.6%     -    2s
    39    32  972.46500    5   82 1140.90442  964.78771  15.4%  85.2    5s
   147   147  984.66132   16   78 1140.90442  964.78771  15.4%  65.6   10s
   389   395  979.14958    9   84 1140.90442  964.85297  15.4%  38.5   17s
   517   527 1006.79840   30   52 1140.90442  964.85297  15.4%  33.7   21s
Warning: Completing partial solution with 1016 unfixed non-continuous variables out of 1089
H  546   527                    1140.6090463  964.85297  15.4%  32.9   25s
   683   705 1041.62281   43   37 1140.60905  964.85297  15.4%  29.7   48s
   789   814 1085.20633   49   18 1140.60905  964.85297  15.4%  28.1   50s
   859   859 1105.74625   54   15 1140.60905  964.85297  15.4%  26.9   61s
   904   866 1095.59566   91   26 1140.60905  964.85297  15.4%  26.2   67s
  1035   980  983.83755    6   71 1140.60905  964.92020  15.4%  25.6   82s
  1105  1080  992.87105   17   72 1140.60905  964.92020  15.4%  25.7   85s
  1176  1137 1004.33127   27   40 1140.60905  964.92020  15.4%  25.6  214s
  1216  1138  980.06359    5   57 1140.60905  964.92020  15.4%  25.3  215s
  1465  1342  998.32316   15   30 1140.60905  964.92020  15.4%  25.3  238s
  1678  1575  978.57577    7   86 1140.60905  965.88940  15.3%  24.8  243s
  1758  1581 1028.28068   20   21 1140.60905  965.88940  15.3%  24.8  267s
  1764  1585 1001.48184   25  421 1140.60905  981.10219  14.0%  24.7  270s
  1768  1588 1060.59448   87  438 1140.60905  981.34547  14.0%  24.6  283s
  1975  1742  987.76032   27  360 1140.60905  981.34890  14.0%  31.7  285s
Warning: Completing partial solution with 1016 unfixed non-continuous variables out of 1089
H 2009  1762                    1135.5895516  981.34890  13.6%  32.6  285s
  2121  1821  981.36892   16  448 1135.58955  981.34890  13.6%  34.3  290s
  2173  1857 1000.94449   37  281 1135.58955  981.34890  13.6%  35.1  323s
  2256  1908 1013.32246   42  292 1135.58955  981.34890  13.6%  35.7  326s
  2332  1922  984.66216   17  368 1135.58955  981.37564  13.6%  36.1  330s
  2435  2005 1051.91738   53  230 1135.58955  981.37564  13.6%  37.0  407s
  2518  2033 1053.86627   54    - 1135.58955  981.37564  13.6%  37.5  411s
  2589  2038  982.26120   20  338 1135.58955  981.37564  13.6%  38.1  433s
  2601  2064  989.03335   23  430 1135.58955  981.37564  13.6%  38.4  467s
  2723  2101  986.84015   24  333 1135.58955  981.37564  13.6%  38.8  471s
  2800  2182  990.48303   26  410 1135.58955  981.37564  13.6%  39.2  475s
  3102  2365  981.86195   16  385 1135.58955  981.37564  13.6%  40.8  504s
  3230  2454  992.53896   30  337 1135.58955  981.37564  13.6%  40.9  505s
  3372  2522 1091.50081   50  124 1135.58955  981.40078  13.6%  40.8 1059s
  3470  2502 1043.93039   79  248 1135.58955  981.40078  13.6%  40.5 1085s
  3530  2592  982.77966   17  411 1135.58955  981.40078  13.6%  40.4 1113s
  3591  2582 1061.64415   67  114 1135.58955  981.40078  13.6%  40.3 1121s
  3852  2633 1039.01337   44  369 1135.58955  981.64546  13.6%  40.6 1132s
  3905  2654 1044.58207   41   16 1135.58955  981.64546  13.6%  40.7 1151s
  3998  2776 1032.50688   46    - 1135.58955  981.72698  13.5%  41.0 1156s
  4094  2752  993.12879   27  391 1135.58955  981.72698  13.5%  40.9 1997s
  4346  2907 1113.55930   53  134 1135.58955  981.81271  13.5%  41.7 2013s
  4564  3043  991.87832   23  376 1135.58955  981.90165  13.5%  42.4 2020s
  4748  3083 1071.56769   36   25 1135.58955  981.96260  13.5%  42.7 2029s
  4978  3265 1001.07911   20  243 1135.58955  981.96260  13.5%  43.4 2040s
  5431  3489 1128.27826   71  163 1135.58955  982.04162  13.5%  44.5 2045s
  5683  3488 1002.90645   33  168 1135.58955  982.11705  13.5%  44.4 2050s
  5872  3606  991.78446   25  287 1135.58955  982.19608  13.5%  44.4 2061s
  6170  3711  999.37555   23  342 1135.58955  982.19608  13.5%  44.4 2067s
  6437  3891 1038.37906   41  241 1135.58955  982.37453  13.5%  44.8 2071s
  6530  4001 1023.31226   51  262 1135.58955  982.37453  13.5%  44.9 2082s
  6737  4205 1081.71491   68  105 1135.58955  982.37453  13.5%  45.3 2087s
  6970  4313 1001.58802   34  374 1135.58955  982.40229  13.5%  45.6 2092s
  7084  4492 1015.54457   42  235 1135.58955  982.52262  13.5%  45.7 2095s
  7208  4510 1075.98313   77  204 1135.58955  982.52262  13.5%  45.6 2106s
  7679  4946 1015.66085   39  273 1135.58955  982.64910  13.5%  45.6 2141s
  8206  5436 1024.60633   49  320 1135.58955  982.64910  13.5%  45.3 2147s
  8456  5464 1003.09745   28  307 1135.58955  982.64910  13.5%  45.2 2153s
  8496  5487 1013.19201   35  312 1135.58955  982.64910  13.5%  45.2 2155s
  8557  5709 1016.14450   37  316 1135.58955  982.81086  13.5%  45.3 2163s
  8829  5966 1023.34058   47  234 1135.58955  982.81086  13.5%  45.0 2167s
  9188  6200  984.92899   22  291 1135.58955  982.98995  13.4%  44.8 2601s
  9276  6207 1096.38092   75  103 1135.58955  982.98995  13.4%  44.9 2625s
  9462  6520 1025.12073   42  269 1135.58955  982.98995  13.4%  45.4 2631s
  9828  6728 1051.51678   56  127 1135.58955  983.08843  13.4%  45.3 2999s
  9861  6733  991.58681   21  311 1135.58955  983.16805  13.4%  45.3 3000s
 10110  6998 1009.78457   33  272 1135.58955  983.28176  13.4%  45.7 3019s
 10488  7115 1057.10209   53  187 1135.58955  983.28176  13.4%  45.9 3022s
 10611  7389 1012.33799   28  225 1135.58955  983.28176  13.4%  46.2 3033s
 10999  7717  986.93213   24  445 1135.58955  983.54196  13.4%  46.2 3041s
 11382  7892 1034.68514   67  166 1135.58955  983.58066  13.4%  46.3 3081s
 11539  7916 1004.22670   36  404 1135.58955  983.65543  13.4%  46.3 3095s
 11839  8231 1010.87015   36  315 1135.58955  983.65543  13.4%  46.4 3102s
 12391  8747 1003.43730   19  377 1135.58955  983.82575  13.4%  46.9 3106s
 12749  9044  990.27678   20  385 1135.58955  983.93575  13.4%  46.9 3213s
 12878  9060  990.72731   20  401 1135.58955  983.93575  13.4%  47.0 3216s
Warning: Completing partial solution with 1016 unfixed non-continuous variables out of 1089
H13025  9001                    1123.1418814  983.93575  12.4%  47.2 3233s
 13143  9341 1019.19696   43  141 1123.14188  983.93575  12.4%  47.2 3317s
 13594  9786  990.53287   22  338 1123.14188  984.01966  12.4%  47.0 3334s
 13781  9802  988.91624   21  279 1123.14188  984.07403  12.4%  47.0 3340s
 14566 10624 1019.20749   33  326 1123.14188  984.31594  12.4%  46.9 3390s
 14933 10654  999.12308   27  384 1123.14188  984.44017  12.3%  46.8 3434s
 15183 11000 1033.66456   46   65 1123.14188  984.45371  12.3%  46.8 3438s
 15643 11265 1044.27736   46  154 1123.14188  984.57378  12.3%  46.7 3443s
 15713 11285 1077.75629   49  300 1123.14188  984.57378  12.3%  46.8 3445s
 16058 11651 1028.23698   27  265 1123.14188  984.69353  12.3%  47.2 3454s
 16553 12025 1060.95708   52  295 1123.14188  984.72285  12.3%  47.2 3462s
 17038 12411 1030.92159   43  248 1123.14188  984.87928  12.3%  47.5 3475s
 17651 12946 1005.06796   36  403 1123.14188  984.89015  12.3%  47.5 3629s
 17976 12998 1042.66905   36  133 1123.14188  984.89015  12.3%  47.5 3843s
 18287 13482 1061.80903   44  330 1123.14188  984.96664  12.3%  47.5 3854s
 18944 13558 1065.08059   57  264 1123.14188  985.17686  12.3%  47.4 3870s
 19239 14222 1070.26388   60  312 1123.14188  985.22953  12.3%  47.5 3883s
 19945 14522 1046.89553   33  284 1123.14188  985.44399  12.3%  47.5 3942s
 20224 15098 1002.21228   28  415 1123.14188  985.47960  12.3%  47.5 3957s
 20705 15140  997.25059   26  314 1123.14188  985.53352  12.3%  47.4 3964s
 20749 15144 1029.14243   38  185 1123.14188  985.53352  12.3%  47.4 3965s
Warning: Completing partial solution with 1016 unfixed non-continuous variables out of 1089
H21017 15193                    1122.9658085  985.64992  12.2%  47.3 3969s
 21061 15431 infeasible   60      1122.96581  985.64992  12.2%  47.3 3970s
 21355 15469 1037.92650   63    - 1122.96581  985.64992  12.2%  47.4 3983s
 21441 15888 1043.23818   29    - 1122.96581  985.64992  12.2%  47.4 3988s
 21528 15905 1036.61857   27  210 1122.96581  985.64992  12.2%  47.5 3992s
 21804 15940 1007.39493   29  319 1122.96581  985.64992  12.2%  47.5 4003s
 22060 16354 1053.19252   33  197 1122.96581  985.67080  12.2%  47.5 4009s
 22688 16910 1071.49691   62    - 1122.96581  986.03200  12.2%  47.8 4034s
 22839 16927 1075.47546   46  196 1122.96581  986.15357  12.2%  47.8 4035s
H22961 16930                    1122.7469707  986.15357  12.2%  47.8 4039s
 23030 16942 1002.88264   30  366 1122.74697  986.15357  12.2%  47.8 4040s
 23416 17393 1034.63088   48  186 1122.74697  986.38074  12.1%  47.7 4048s
 23508 17406  999.92557   27  227 1122.74697  986.38074  12.1%  47.7 4055s
 23973 17828 1092.10244   52   93 1122.74697  986.49919  12.1%  48.2 4067s
 24290 17885 1024.90651   32  235 1122.74697  986.49919  12.1%  48.3 4116s
 24610 18437 1006.93761   32  207 1122.74697  986.69298  12.1%  48.4 4120s
 24823 18463 1011.74391   28  232 1122.74697  986.69298  12.1%  48.4 4186s
 25178 18489 1006.70638   26  383 1122.74697  986.77590  12.1%  48.3 4193s
 25317 18899  995.25799   25  389 1122.74697  986.79390  12.1%  48.4 4195s
 25611 18934 1037.12433   47  209 1122.74697  986.93209  12.1%  48.4 4200s
 25894 19373 1010.73592   39  165 1122.74697  986.98168  12.1%  48.7 4205s
 26064 19407 1045.72258   54  274 1122.74697  986.99716  12.1%  48.7 5446s
 26581 19742  997.09469   25  369 1122.74697  987.07270  12.1%  48.8 5475s
 26954 19994 1086.66363   67  131 1122.74697  987.07270  12.1%  48.9 5481s
 27357 20492  997.48666   26  240 1122.74697  987.07270  12.1%  49.0 5486s
 27433 20497 1067.12922   48  175 1122.74697  987.07270  12.1%  49.0 5490s
 27917 21002  999.51928   28  357 1122.74697  987.31383  12.1%  49.2 5501s
 28244 21045 1039.19523   54  152 1122.74697  987.31539  12.1%  49.3 5512s
 28589 21568 1025.53143   33  288 1122.74697  987.38409  12.1%  49.4 5523s
 28924 21614 1016.64813   30  394 1122.74697  987.39700  12.1%  49.4 5542s
 29250 22099 1058.27573   69  401 1122.74697  987.42998  12.1%  49.4 5548s
 29759 22162 1033.93629   29  187 1122.74697  987.51233  12.0%  49.5 5566s
 29937 22581 1107.46671   39  175 1122.74697  987.51233  12.0%  49.6 5570s
 30184 22609 1006.55693   35  422 1122.74697  987.51233  12.0%  49.6 5584s
 30547 23018 1016.39945   31  244 1122.74697  987.55174  12.0%  49.7 5589s
 30784 23046  996.92286   25  228 1122.74697  987.59682  12.0%  49.7 5596s
 31074 23483 1080.37866   50   74 1122.74697  987.71276  12.0%  50.0 5656s
 31818 24056 1021.37657   37  343 1122.74697  987.77180  12.0%  50.0 5667s
 32105 24086 1065.94050   44  145 1122.74697  987.77180  12.0%  50.0 5681s
 32644 24190 1062.96488   75  269 1122.74697  987.92275  12.0%  49.8 5705s
 32696 24723 1017.84633   37  329 1122.74697  987.92275  12.0%  49.8 5713s
 32945 24737  999.53059   25  190 1122.74697  987.92275  12.0%  49.9 5715s
 33393 25064 1029.11846   47  270 1122.74697  988.08693  12.0%  49.9 5724s
 33577 25076 1025.75758   34   61 1122.74697  988.13784  12.0%  49.9 5726s
 33781 25120 1042.13998   39   56 1122.74697  988.15691  12.0%  49.9 5733s
 33863 25666 1016.77471   39  362 1122.74697  988.15691  12.0%  49.9 5738s
 34030 25673 1026.03401   40  376 1122.74697  988.15691  12.0%  49.9 5741s
 34607 26144  993.08210   27  195 1122.74697  988.21648  12.0%  49.9 5764s
 35131 26212  997.20113   23  289 1122.74697  988.27187  12.0%  50.1 5776s
 35202 26603 1001.84121   23  408 1122.74697  988.27187  12.0%  50.1 5784s
 35328 26613 1119.41032   77  138 1122.74697  988.28010  12.0%  50.2 5785s
 35794 27152 1001.34751   27  161 1122.74697  988.36284  12.0%  50.3 5882s
 35952 27175 1054.95622   39  166 1122.74697  988.36284  12.0%  50.4 6021s
 36551 27249 1049.33685   37   36 1122.74697  988.36284  12.0%  50.4 6049s
 36560 27314 1054.31303   39  118 1122.74697  988.36284  12.0%  50.4 6053s
 36634 27759 1069.69093   41  213 1122.74697  988.36284  12.0%  50.5 6057s
 36709 27772 1000.02152   24  329 1122.74697  988.42502  12.0%  50.5 6060s
 36768 27776 1065.28549   41   38 1122.74697  988.42502  12.0%  50.5 8941s
 36944 27785 infeasible   53      1122.74697  988.46570  12.0%  50.5 8954s
 37334 28313 1108.69411   56    - 1122.74697  988.46589  12.0%  50.5 8981s
 37517 28331 1003.49251   32  388 1122.74697  988.46589  12.0%  50.4 8986s
 38102 28921 1003.65727   29  355 1122.74697  988.61039  11.9%  50.4 9003s
 38550 28973 1062.73952   50  345 1122.74697  988.65921  11.9%  50.4 9031s
 38868 29526 1030.86792   46  356 1122.74697  988.70298  11.9%  50.3 9038s
 39056 29546 1049.76876   57  133 1122.74697  988.70298  11.9%  50.3 9044s
 39603 30036 1047.90745   39  247 1122.74697  988.86941  11.9%  50.3 9058s
 40024 30085 infeasible   62      1122.74697  988.89014  11.9%  50.3 9065s
 40282 30372  995.01179   26  350 1122.74697  988.95883  11.9%  50.3 9092s
 40302 30375 1004.96363   28  378 1122.74697  988.95883  11.9%  50.3 9095s
 40533 30390 1049.22620   40  209 1122.74697  988.95883  11.9%  50.3 9100s
 41283 31382 1018.44211   34  304 1122.74697  989.07596  11.9%  50.4 9124s
 41960 31816 1057.94183   32  315 1122.74697  989.12404  11.9%  50.5 9214s
 42278 31853     cutoff   91      1122.74697  989.12475  11.9%  50.5 9220s
 42479 31873 1111.52527   65    - 1122.74697  989.24217  11.9%  50.6 9256s
 43164 32804 1014.99004   31  407 1122.74697  989.26296  11.9%  50.6 9279s
 43249 32816  996.32919   25  368 1122.74697  989.31994  11.9%  50.5 9296s
 43732 32878 1020.85224   21  312 1122.74697  989.39453  11.9%  50.5 9308s
 43860 33325 1029.41386   34  403 1122.74697  989.40612  11.9%  50.6 9313s
 44015 33337 1103.37547   78   68 1122.74697  989.41939  11.9%  50.6 9317s
 44498 33886 1081.73319   66  322 1122.74697  989.48054  11.9%  50.5 9378s
 45209 34329 1054.18159   40  301 1122.74697  989.48054  11.9%  50.4 9393s
 45392 34359 1020.39145   27  294 1122.74697  989.48054  11.9%  50.5 9477s
 45736 34789 1111.45040   32    - 1122.74697  989.66322  11.9%  50.6 9484s
 46411 35413 1009.02333   28  416 1122.74697  989.80392  11.8%  50.6 9521s
 46878 35472 1059.64460   34  216 1122.74697  989.80392  11.8%  50.4 9532s
 47058 35506 1001.52319   32  323 1122.74697  989.80392  11.8%  50.4 9545s
 47882 36297  998.71337   30  298 1122.74697  989.99669  11.8%  50.3 9584s
 48401 36776 1032.76342   48  162 1122.74697  989.99669  11.8%  50.5 9600s
 49142 37293 1063.00095   56  158 1122.74697  989.99669  11.8%  50.4 9615s
 49236 37311 1119.12964   65   86 1122.74697  990.10763  11.8%  50.3 9633s
 49747 37812  997.76309   26  378 1122.74697  990.18437  11.8%  50.4 9662s
 49911 37827 1060.47324   47  344 1122.74697  990.18437  11.8%  50.4 9667s
 50359 38272 1085.89240   67   52 1122.74697  990.24861  11.8%  50.4 9683s
 50637 38295 1007.03111   34  355 1122.74697  990.24861  11.8%  50.4 9693s
 50976 38831 1041.67174   45  176 1122.74697  990.28652  11.8%  50.4 9701s
 51574 38881 1047.75308   46  282 1122.74697  990.28652  11.8%  50.4 9735s
 51695 39210 1035.84674   50  292 1122.74697  990.28652  11.8%  50.4 9743s
 52072 39276 1037.89671   32  145 1122.74697  990.33308  11.8%  50.4 9745s
 52201 39654 1025.31807   50   90 1122.74697  990.33308  11.8%  50.4 9754s
 52367 39680  994.47203   26  421 1122.74697  990.33308  11.8%  50.5 9758s
 52428 39699 1054.35979   50  279 1122.74697  990.33308  11.8%  50.5 9785s
 52967 40259 1100.64601   58  122 1122.74697  990.33308  11.8%  50.4 9840s
 53693 40724 1022.99875   35  289 1122.74697  990.46837  11.8%  50.3 9876s
 53840 40739 1057.69301   38  284 1122.74697  990.47018  11.8%  50.3 9889s
 54126 40777 1038.13577   34  372 1122.74697  990.53481  11.8%  50.3 9918s
 54295 41190 1002.01885   24  372 1122.74697  990.56734  11.8%  50.3 9921s
 54837 41554  997.69270   30  361 1122.74697  990.62729  11.8%  50.4 9934s
 54907 41563 1043.68628   37  308 1122.74697  990.63414  11.8%  50.4 9936s
 55366 41966 1010.77537   24  409 1122.74697  990.68161  11.8%  50.5 9985s
 55556 41986 1086.50782   38  163 1122.74697  990.68161  11.8%  50.5 9990s
 55941 42451 1053.08891   53   48 1122.74697  990.68161  11.8%  50.5 10000s
 56492 42860 1003.72843   31  384 1122.74697  990.68161  11.8%  50.6 10010s
 56956 42912 1122.20268   60   78 1122.74697  990.79200  11.8%  50.6 10483s
 57120 43297 1025.75339   28  362 1122.74697  990.80406  11.8%  50.6 10496s
 57252 43310  993.89058   27  377 1122.74697  990.81107  11.8%  50.6 10564s
 57648 43702 1056.93050   35  159 1122.74697  990.86843  11.7%  50.7 10568s
 58245 44165 1021.07819   38  370 1122.74697  990.91362  11.7%  50.7 10588s
 58783 44576 1043.65003   31  235 1122.74697  990.99196  11.7%  50.7 10635s
 59338 45010  997.79114   25  335 1122.74697  991.03802  11.7%  50.8 10688s
 59870 45405 1051.35955   30  340 1122.74697  991.05549  11.7%  50.8 10727s
 60421 45848 1052.01725   51  375 1122.74697  991.10457  11.7%  50.9 10750s
 60992 46273 1049.74926   54  377 1122.74697  991.12821  11.7%  50.9 10758s
 61619 46714 1014.40773   34  367 1122.74697  991.18368  11.7%  50.8 10774s
 62222 47107 1082.26474   54   92 1122.74697  991.21322  11.7%  50.8 10782s
 62366 47127 1002.94031   30  387 1122.74697  991.21322  11.7%  50.8 10790s
 62781 47548 1036.08606   38  269 1122.74697  991.26172  11.7%  50.8 10796s
 63266 47580  997.68807   21  353 1122.74697  991.30355  11.7%  50.8 10804s
 63316 47980  996.84459   26  434 1122.74697  991.30355  11.7%  50.8 10808s
 63404 48006 1007.46121   33  343 1122.74697  991.30355  11.7%  50.8 10814s
 63667 48045 1063.12486   36  143 1122.74697  991.30355  11.7%  50.7 10819s
 63959 48467     cutoff   64      1122.74697  991.30355  11.7%  50.7 10828s
 64110 48490 1024.47455   37  177 1122.74697  991.30355  11.7%  50.8 10860s
 64597 48951 1015.37437   34  410 1122.74697  991.40718  11.7%  50.7 10891s
 64924 48999 1065.63452   54  204 1122.74697  991.41912  11.7%  50.7 10909s
 64996 49004 1075.16583   51  179 1122.74697  991.43409  11.7%  50.7 10912s
 65220 49396 1025.12672   44  341 1122.74697  991.43791  11.7%  50.7 10961s
 65777 49744 1001.15552   29  349 1122.74697  991.47464  11.7%  50.7 10974s
 65935 49775 1067.08828   50  373 1122.74697  991.47464  11.7%  50.7 10987s
 66252 50206  995.02819   32  315 1122.74697  991.51777  11.7%  50.7 10991s
 66296 50211 1043.47473   41  304 1122.74697  991.51777  11.7%  50.7 10999s
 66818 50710 1025.10118   40  295 1122.74697  991.59331  11.7%  50.7 11044s
 67475 51146 1055.37006   40  140 1122.74697  991.64308  11.7%  50.7 11069s
 67999 51654 1062.52744   52  166 1122.74697  991.67867  11.7%  50.7 11086s
 68622 52085 infeasible   50      1122.74697  991.72710  11.7%  50.7 11098s
 69183 52555 1012.80298   28  225 1122.74697  991.76384  11.7%  50.7 11114s
 69422 52569 1077.39346   79  170 1122.74697  991.76384  11.7%  50.6 11119s
 69821 52954 1064.68661   54   52 1122.74697  991.78797  11.7%  50.6 11146s
 69942 52965 1008.66213   34  426 1122.74697  991.78797  11.7%  50.6 11152s
 70188 52995 1008.18399   32  381 1122.74697  991.78824  11.7%  50.6 11164s
 70313 53297 1098.57171   43  172 1122.74697  991.81328  11.7%  50.6 11168s
 70780 53615  997.14499   30  151 1122.74697  991.81633  11.7%  50.7 11388s
 70867 53627 1043.32592   43  307 1122.74697  991.81633  11.7%  50.8 11406s
 71239 54055 1002.05959   23  388 1122.74697  991.84569  11.7%  50.8 11424s
 71782 54427 1043.84471   49  172 1122.74697  991.88607  11.7%  50.8 11440s
 72108 54440 1036.90244   53    - 1122.74697  991.88911  11.7%  50.8 11451s
 72232 54860 1035.85970   47  325 1122.74697  991.92817  11.7%  50.8 11458s
 72525 54889 1039.50158   53  188 1122.74697  991.94483  11.7%  50.8 11475s
 72818 55297 1010.93926   31  338 1122.74697  991.95429  11.6%  50.7 11487s
 72936 55303 1010.54878   19  339 1122.74697  991.95778  11.6%  50.7 11598s
 73367 55625 1028.55744   40  350 1122.74697  991.98663  11.6%  50.7 11618s
 73674 55646 1028.91110   40  242 1122.74697  992.01084  11.6%  50.8 11628s
 73769 55941 1025.42427   38  307 1122.74697  992.01316  11.6%  50.8 11652s
 74248 56413 1075.04479   49  245 1122.74697  992.03176  11.6%  50.8 11662s
 74757 56799 1019.67004   43  198 1122.74697  992.04330  11.6%  50.9 11678s
 75313 57237  998.88152   27  357 1122.74697  992.06033  11.6%  50.8 11743s
 75772 57291 1017.99958   35  387 1122.74697  992.09717  11.6%  50.9 11754s
 75834 57391 1006.95634   26  318 1122.74697  992.09717  11.6%  50.9 11758s
 75994 57653 1012.93166   26  344 1122.74697  992.09996  11.6%  50.9 11768s
 76030 57655 1068.40904   57   96 1122.74697  992.09996  11.6%  50.9 11770s
 76253 57673 1027.32557   36  132 1122.74697  992.09996  11.6%  50.9 11781s
 76331 58009 1056.96551   41  360 1122.74697  992.09996  11.6%  50.9 11785s
 76774 58316 1002.84772   37  393 1122.74697  992.15795  11.6%  51.0 11815s
 77223 58705 1050.24936   51  169 1122.74697  992.17782  11.6%  51.1 11820s
 77295 58719 1022.53425   29  147 1122.74697  992.17782  11.6%  51.1 12119s
 77427 58736 1051.37510   69  135 1122.74697  992.17782  11.6%  51.1 12127s
 77629 58776 1038.72538   43  324 1122.74697  992.20514  11.6%  51.1 12134s
 77797 58804 1078.14865   52  163 1122.74697  992.22578  11.6%  51.0 12152s
 77806 58826 1079.12745   53  164 1122.74697  992.22578  11.6%  51.0 12155s
 77981 59197 1065.80146   55  315 1122.74697  992.26599  11.6%  51.0 12172s
 78323 59574 1076.07978   65  235 1122.74697  992.27093  11.6%  51.0 12178s
 78391 59578 1023.98488   39  189 1122.74697  992.27093  11.6%  51.0 12190s
 78907 60008 1005.20736   24  274 1122.74697  992.33067  11.6%  51.0 12212s
 79442 60266 1016.78466   29  367 1122.74697  992.36031  11.6%  51.0 12411s
 79586 60273 infeasible   58      1122.74697  992.36102  11.6%  51.1 12433s
 79795 60548 1082.89362   59  185 1122.74697  992.36102  11.6%  51.1 12438s
 79870 60559 1022.84286   36  275 1122.74697  992.36102  11.6%  51.1 12440s
 80222 60936 1000.51618   31  299 1122.74697  992.38548  11.6%  51.2 12459s
 80807 61441  997.86856   29  345 1122.74697  992.44136  11.6%  51.2 12500s
 80931 61450 1011.01243   27  321 1122.74697  992.44874  11.6%  51.2 12515s
 81397 61804 1042.73004   48  340 1122.74697  992.47703  11.6%  51.2 12531s
 81877 62153 1038.52723   37  262 1122.74697  992.49920  11.6%  51.2 12548s
 82252 62216 1019.58809   29  114 1122.74697  992.49920  11.6%  51.3 12557s
 82431 62569 1046.42948   44  188 1122.74697  992.49920  11.6%  51.2 12585s
 82916 63033 1034.94051   38  359 1122.74697  992.56567  11.6%  51.2 12598s
 83084 63058 1024.84337   31  246 1122.74697  992.56966  11.6%  51.2 12600s
 83204 63067 1016.51648   37  367 1122.74697  992.57894  11.6%  51.2 12613s
 83545 63535 1101.63117   48  144 1122.74697  992.59319  11.6%  51.2 12633s
 84142 63965 1043.63418   38  395 1122.74697  992.64455  11.6%  51.2 12658s
 84716 64331 1001.37913   24  402 1122.74697  992.69155  11.6%  51.1 12690s
 85139 64683 infeasible   68      1122.74697  992.69639  11.6%  51.2 12711s
 85567 65070 1042.31229   43  260 1122.74697  992.73881  11.6%  51.2 12733s
 86104 65451     cutoff   74      1122.74697  992.78761  11.6%  51.2 12778s
 86564 65506 1020.50036   38  141 1122.74697  992.80184  11.6%  51.2 12810s
 87110 66180  995.94509   27  435 1122.74697  992.83743  11.6%  51.3 12868s
 87183 66193 1070.57577   67  191 1122.74697  992.83743  11.6%  51.2 12885s
 87554 66529 1016.65685   30  382 1122.74697  992.85848  11.6%  51.3 12956s
 88021 66968 1063.74144   45  154 1122.74697  992.88189  11.6%  51.3 12981s
 88081 66970 1097.30906   60  186 1122.74697  992.88189  11.6%  51.4 12997s
 88599 67381 1001.70392   27  341 1122.74697  992.92538  11.6%  51.3 13002s
 88761 67387 1025.48506   56  123 1122.74697  992.92538  11.6%  51.4 13018s
 89084 67836 1111.14745   86    - 1122.74697  992.92711  11.6%  51.4 13041s
 89703 68227 1033.55577   32  408 1122.74697  992.97497  11.6%  51.3 13102s
 90160 68533 1022.43584   25  279 1122.74697  992.99392  11.6%  51.3 13111s
 90315 68538 1026.42803   46   98 1122.74697  992.99392  11.6%  51.4 13131s
 90610 68815 1034.57937   34  301 1122.74697  993.01549  11.6%  51.4 13136s
 91014 69224 1053.33171   55  219 1122.74697  993.02380  11.6%  51.5 13159s
 91127 69241 1003.52665   28  180 1122.74697  993.02380  11.6%  51.4 13190s
 91534 69602 1091.06886   56  103 1122.74697  993.02380  11.6%  51.5 13212s
 92048 69996 1047.50639   32  248 1122.74697  993.09082  11.5%  51.5 13218s
 92193 70018 1016.72827   35  348 1122.74697  993.09082  11.5%  51.5 13240s
 92542 70340 1121.46045   71    - 1122.74697  993.09735  11.5%  51.5 13249s
 92984 70624 1077.20663   26  330 1122.74697  993.11787  11.5%  51.6 13279s
 93382 70979 1039.98681   43  348 1122.74697  993.13671  11.5%  51.6 13302s
 93630 71012 infeasible   66      1122.74697  993.16832  11.5%  51.6 13306s
 93850 71362 1077.72668   51  133 1122.74697  993.17307  11.5%  51.6 13334s
 94047 71381 1023.32007   32  316 1122.74697  993.17307  11.5%  51.6 13341s
 94324 71746 1087.75756   42  116 1122.74697  993.19167  11.5%  51.7 13363s
 94868 72190 1019.13226   35  374 1122.74697  993.22991  11.5%  51.7 13386s
 95137 72210 1027.63992   37  129 1122.74697  993.22991  11.5%  51.7 13405s
 95443 72640 infeasible   55      1122.74697  993.25295  11.5%  51.7 13429s
 95502 72645 1005.42669   34  414 1122.74697  993.25295  11.5%  51.7 13431s
 95982 73017 1030.67950   33  165 1122.74697  993.28296  11.5%  51.6 13466s
 96451 73304 1021.14239   34  312 1122.74697  993.30880  11.5%  51.7 13500s
 96864 73737 1082.19163   68  252 1122.74697  993.31658  11.5%  51.7 13537s
 97411 74132 1002.03425   31  374 1122.74697  993.34474  11.5%  51.7 13567s
 97861 74191 1030.31257   38  248 1122.74697  993.34581  11.5%  51.8 13579s
 97898 74410 1047.50158   47    - 1122.74697  993.34581  11.5%  51.8 13586s
 98137 74432 1013.03978   33  340 1122.74697  993.34581  11.5%  51.8 13604s
 98197 74788 1104.37784   57   58 1122.74697  993.34581  11.5%  51.8 13609s
 98774 75134 1001.25610   31  395 1122.74697  993.38433  11.5%  51.8 13639s
 98823 75140 1115.48380   78   85 1122.74697  993.38433  11.5%  51.8 13641s
 99259 75499 1018.88099   40  240 1122.74697  993.41426  11.5%  51.8 13710s
 99555 75522 1053.78204   59  185 1122.74697  993.44517  11.5%  51.8 13737s
 99734 75818  996.88448   27  372 1122.74697  993.45955  11.5%  51.8 13742s
 100203 75886 1004.40179   26  340 1122.74697  993.47922  11.5%  51.8 14172s
 100230 76197 1001.96767   36  291 1122.74697  993.47922  11.5%  51.8 14176s
 100643 76474 1065.69310   56    - 1122.74697  993.48543  11.5%  51.9 14186s
 100893 76505 1080.24682   37  265 1122.74697  993.48543  11.5%  52.0 14214s
 101050 76798 1035.69032   39  229 1122.74697  993.48925  11.5%  52.0 14247s
 101588 77139  999.86462   29  293 1122.74697  993.50760  11.5%  52.0 14275s
 101824 77161 1107.88122   67   66 1122.74697  993.50760  11.5%  52.0 14560s
 102062 77474  998.64290   23  319 1122.74697  993.52644  11.5%  52.0 14586s
 102239 77500 1074.74187   55    - 1122.74697  993.52644  11.5%  52.0 14614s
 102517 77815 1041.46453   39  312 1122.74697  993.52644  11.5%  52.1 14620s
 102572 77824  999.54844   28  423 1122.74697  993.53664  11.5%  52.1 14914s
 102702 77828 1057.73523   41  197 1122.74697  993.54634  11.5%  52.1 14933s
 102977 78200 1069.16527   57  182 1122.74697  993.55412  11.5%  52.1 14976s
 103281 78241  999.02946   26  368 1122.74697  993.55682  11.5%  52.0 14999s
 103554 78570 1079.16619   65   22 1122.74697  993.57409  11.5%  52.0 15024s
 104069 78929 1081.68617   56    - 1122.74697  993.59320  11.5%  52.0 15077s
 104503 79244 1013.59340   27  191 1122.74697  993.61476  11.5%  52.1 15116s
 104887 79280 1034.68946   35  336 1122.74697  993.61609  11.5%  52.1 15131s
 104895 79288 1040.21321   36  410 1122.74697  993.61609  11.5%  52.1 15140s
 104903 79500 1033.99389   35  382 1122.74697  993.61609  11.5%  52.1 15169s
 105262 79811 1017.25859   24  378 1122.74697  993.62064  11.5%  52.2 15179s
 105345 79821 1112.02883   50    - 1122.74697  993.62064  11.5%  52.2 15208s
 105496 79848 1075.30486   54   78 1122.74697  993.62064  11.5%  52.1 15299s
 105721 80204 1096.76592   48   80 1122.74697  993.65891  11.5%  52.2 15325s
 106063 80220 1081.96727   43  318 1122.74697  993.65980  11.5%  52.2 15349s
 106217 80558 1043.03521   52  350 1122.74697  993.65980  11.5%  52.2 15354s
 106300 80573 1013.13349   42  192 1122.74697  993.65980  11.5%  52.2 20551s
 106722 80952  999.00146   28  294 1122.74697  993.70374  11.5%  52.2 20576s
 107209 81331 1007.89532   30  391 1122.74697  993.70374  11.5%  52.2 20585s
 107451 81355  997.33449   28  127 1122.74697  993.72154  11.5%  52.2 20610s
 107723 81670 1049.59229   43   62 1122.74697  993.72626  11.5%  52.2 20620s
 107834 81677 1055.38032   51  154 1122.74697  993.72626  11.5%  52.2 20629s
 108129 82021 infeasible   58      1122.74697  993.73854  11.5%  52.3 20658s
 108392 82044 1051.66212   35  288 1122.74697  993.75285  11.5%  52.3 20684s
 108674 82440 1099.79093   91    - 1122.74697  993.75711  11.5%  52.3 20695s
 109181 82782 1024.43347   24  212 1122.74697  993.78473  11.5%  52.3 20701s
 109576 83205 1070.99664   39  251 1122.74697  993.78569  11.5%  52.3 20739s
 109936 83247 1110.57526   65  237 1122.74697  993.79478  11.5%  52.3 20743s
 110165 83613 1047.69563   50  291 1122.74697  993.80318  11.5%  52.3 20749s
 110393 83633 1004.26412   31  421 1122.74697  993.80591  11.5%  52.3 20833s
 110673 83950 1031.98307   46  111 1122.74697  993.83940  11.5%  52.3 20882s
 111076 84324 1069.27443   51  236 1122.74697  993.83940  11.5%  52.3 20911s
 111589 84658  997.97758   22  395 1122.74697  993.87134  11.5%  52.4 20978s
 112038 85023 1066.53175   55  266 1122.74697  993.87134  11.5%  52.4 21023s
 112572 85407 1011.05451   35  166 1122.74697  993.91844  11.5%  52.4 21060s
 112723 85412 1066.98080   72  337 1122.74697  993.92948  11.5%  52.4 21084s
 113064 85844 1000.57723   27  415 1122.74697  993.94468  11.5%  52.4 21093s
 113372 85867 1011.41831   40  417 1122.74697  993.94468  11.5%  52.4 21133s
 113641 86243 1003.32132   31  314 1122.74697  993.97185  11.5%  52.4 21140s
 114129 86602 1104.98431   64  140 1122.74697  993.97185  11.5%  52.4 21152s
 114652 86931 1000.78451   25  375 1122.74697  994.00607  11.5%  52.4 21265s
 114994 86972 infeasible   52      1122.74697  994.00986  11.5%  52.4 21270s
 115063 86979 1095.50072   54   57 1122.74697  994.00986  11.5%  52.4 21276s
 115132 87265 1100.57520   78  284 1122.74697  994.00986  11.5%  52.4 21285s
 115294 87281 infeasible   69      1122.74697  994.03580  11.5%  52.4 21313s
 115541 87630 1000.59196   32  380 1122.74697  994.04225  11.5%  52.4 21344s
 115628 87637 1017.93931   31  365 1122.74697  994.04225  11.5%  52.4 21346s
 115987 87995 1011.02374   29  414 1122.74697  994.05085  11.5%  52.4 21353s
 116096 88007 1056.75024   54  321 1122.74697  994.06168  11.5%  52.4 21378s
 116495 88372 1010.46150   34  401 1122.74697  994.06789  11.5%  52.4 21492s
 116927 88704 1037.70066   27  318 1122.74697  994.06789  11.5%  52.5 21542s
 117383 89134     cutoff   61      1122.74697  994.08445  11.5%  52.5 21554s
 117923 89528 1054.65344   48  135 1122.74697  994.10320  11.5%  52.5 21617s
 118393 89853 1033.05799   32  259 1122.74697  994.11681  11.5%  52.5 21650s
 118858 90270 infeasible   51      1122.74697  994.11681  11.5%  52.6 21660s
 118926 90271 1005.31278   25  320 1122.74697  994.12083  11.5%  52.6 21684s
 119065 90283 1048.73327   40  400 1122.74697  994.12083  11.5%  52.6 21686s
 119397 90670 1022.50438   35  359 1122.74697  994.14102  11.5%  52.6 21726s
 119699 90706 1073.95612   70   77 1122.74697  994.14102  11.5%  52.5 21760s
 119946 91024     cutoff   81      1122.74697  994.14102  11.5%  52.5 21768s
 120387 91358 1032.96359   45  274 1122.74697  994.16169  11.5%  52.6 21802s
 120524 91373 infeasible   41      1122.74697  994.17949  11.5%  52.6 22381s
 120861 91799 1082.15125   48  328 1122.74697  994.19192  11.5%  52.6 22428s
 121424 92111 1032.53331   35  377 1122.74697  994.19201  11.5%  52.6 22435s
 121831 92424 1024.99474   37  287 1122.74697  994.22197  11.4%  52.6 22477s
 122249 92778 1006.50202   32  427 1122.74697  994.23272  11.4%  52.7 22522s
 122728 93017 infeasible  102      1122.74697  994.24585  11.4%  52.7 22557s
 122953 93054 1002.11398   31  375 1122.74697  994.25312  11.4%  52.7 22560s
 123066 93065  999.19795   33  381 1122.74697  994.25518  11.4%  52.7 22580s
 123097 93395 infeasible   55      1122.74697  994.26881  11.4%  52.8 22585s
 123394 93431 1045.91983   44   45 1122.74697  994.26881  11.4%  52.7 22616s
 123653 93748 1008.04847   27  364 1122.74697  994.26881  11.4%  52.7 22623s
 123849 93754 1090.11201   53    - 1122.74697  994.28480  11.4%  52.7 22636s
 124108 94031 1017.91150   37  374 1122.74697  994.30496  11.4%  52.7 22679s
 124236 94049 1008.06544   28  423 1122.74697  994.31418  11.4%  52.8 22713s
 124506 94365 1048.70850   43  234 1122.74697  994.31968  11.4%  52.8 22741s
 124733 94391 1005.91203   28  402 1122.74697  994.31968  11.4%  52.8 22781s
 124940 94746 1062.27271   55   67 1122.74697  994.34029  11.4%  52.8 22844s
 125009 94752 1039.14182   46  129 1122.74697  994.34064  11.4%  52.8 22847s
 125471 95064 1088.34627   57    - 1122.74697  994.35853  11.4%  52.8 22869s
 125720 95120 1053.35426   47  317 1122.74697  994.35853  11.4%  52.8 22903s
 126030 95510 1042.11084   48  332 1122.74697  994.36408  11.4%  52.8 22915s
 126466 95537 1072.61698   43   96 1122.74697  994.39426  11.4%  52.8 22946s
 126540 95866 1016.59503   40  414 1122.74697  994.39426  11.4%  52.8 22952s
 126783 95889 1029.55554   45  370 1122.74697  994.39426  11.4%  52.8 22955s
 127037 96274 1001.60358   29  430 1122.74697  994.41941  11.4%  52.8 22986s
 127150 96291 1037.88723   41  361 1122.74697  994.41941  11.4%  52.8 22990s
 127570 96420 1016.48017   30  196 1122.74697  994.44059  11.4%  52.8 23037s
 127720 96599 1002.04253   27  333 1122.74697  994.44241  11.4%  52.8 23044s
 127997 96929  999.38342   30  315 1122.74697  994.44241  11.4%  52.8 23080s
 128464 97278 1075.95873   53  247 1122.74697  994.48015  11.4%  52.9 23118s
 128882 97557 1018.69001   30  337 1122.74697  994.49206  11.4%  52.9 23158s
 129297 98000 1081.88332   51  261 1122.74697  994.49206  11.4%  53.0 23168s
 129813 98381 1091.07538   65  262 1122.74697  994.51288  11.4%  53.0 23210s
 130029 98407 1109.37060   88  303 1122.74697  994.51376  11.4%  53.0 23251s
 130243 98433 1051.28703   50  149 1122.74697  994.52332  11.4%  53.0 23290s
 130327 98742 1027.92899   30  293 1122.74697  994.52332  11.4%  53.0 23297s
 130779 99135 1019.59251   30  252 1122.74697  994.52539  11.4%  53.0 23307s
 131313 99554 1059.17507   30  318 1122.74697  994.55821  11.4%  53.0 23380s
 131376 99561 1097.17461   74  134 1122.74697  994.56108  11.4%  53.0 23404s
 131453 99574 1030.96030   39  381 1122.74697  994.56108  11.4%  53.0 23506s
 131901 99895 1011.39180   25  224 1122.74697  994.57801  11.4%  53.0 23555s
 132304 100231 1056.40634   35  226 1122.74697  994.59356  11.4%  53.0 23562s
 132756 100586 1063.56423   38  276 1122.74697  994.61158  11.4%  53.0 23597s
 133162 100645 1040.49314   32  184 1122.74697  994.61426  11.4%  53.0 23668s
 133237 100889 1112.86324   55    - 1122.74697  994.61426  11.4%  53.0 23673s
 133600 100925 1029.09139   34  373 1122.74697  994.63120  11.4%  53.1 23717s
 133608 100933 1023.66220   34  416 1122.74697  994.63120  11.4%  53.1 23726s
 133616 101187 1022.48501   34  233 1122.74697  994.63120  11.4%  53.1 23734s
 133909 101501 1051.50449   46   95 1122.74697  994.63120  11.4%  53.1 23766s
 134385 101908 1090.57227   58  148 1122.74697  994.64025  11.4%  53.2 23781s
 134460 101916 1073.61950   50  196 1122.74697  994.64025  11.4%  53.2 23814s
 134629 101949 1054.54118   37  321 1122.74697  994.64025  11.4%  53.2 23857s
 134932 102290 1011.65356   35  194 1122.74697  994.65085  11.4%  53.2 23868s
 135429 102683 1011.22513   33  382 1122.74697  994.66267  11.4%  53.2 23910s
 135924 103142 1026.05989   29  366 1122.74697  994.67336  11.4%  53.2 23919s
 136094 103152 1027.13358   51  373 1122.74697  994.67336  11.4%  53.2 23920s
 136482 103524 1101.80264   59  135 1122.74697  994.69772  11.4%  53.2 23968s
 137002 103876 1086.15838   57  316 1122.74697  994.70655  11.4%  53.1 25204s
 137160 103898 1056.97623   46  301 1122.74697  994.70655  11.4%  53.1 25208s
 137540 104234 1085.50990   43   91 1122.74697  994.72066  11.4%  53.1 25245s
 137988 104561 1002.24482   28  230 1122.74697  994.72662  11.4%  53.2 25306s
 138408 104912 1022.59926   37  193 1122.74697  994.72662  11.4%  53.2 25314s
 138952 105218  997.97046   23  356 1122.74697  994.74603  11.4%  53.2 25403s
 139357 105505 1000.63688   27  349 1122.74697  994.75226  11.4%  53.2 25464s
 139775 105578 infeasible   45      1122.74697  994.75458  11.4%  53.3 25521s
 139784 105586 1023.16142   46  310 1122.74697  994.75458  11.4%  53.3 25530s
 139792 105869 1025.18544   47  341 1122.74697  994.75458  11.4%  53.3 25571s
 140182 106298 1026.61637   47  214 1122.74697  994.75458  11.4%  53.2 25624s
 140249 106314 1029.91525   42  161 1122.74697  994.75458  11.4%  53.2 25625s
 140778 106715 1044.16632   42   82 1122.74697  994.78434  11.4%  53.2 25642s
 141263 107038 1054.72324   41  320 1122.74697  994.80112  11.4%  53.2 25678s
 141604 107074 1016.15006   29  264 1122.74697  994.80323  11.4%  53.2 25680s
 141685 107452 1024.13100   36  185 1122.74697  994.80323  11.4%  53.3 25686s
 141971 107475     cutoff   54      1122.74697  994.80944  11.4%  53.3 25724s
 142227 107838  999.07596   27  239 1122.74697  994.81752  11.4%  53.3 25732s
 142417 107849 1027.35373   31  300 1122.74697  994.82081  11.4%  53.3 25777s
 142725 108213 1098.35188   51  191 1122.74697  994.83078  11.4%  53.3 25785s
 142886 108223 1069.40470   52  281 1122.74697  994.83078  11.4%  53.3 25795s
 143260 108617 1078.53455   42  201 1122.74697  994.83078  11.4%  53.3 25927s
 143728 109042 1077.52352   53  291 1122.74697  994.83932  11.4%  53.3 25934s
 143868 109048 1078.09787   50  156 1122.74697  994.83932  11.4%  53.3 25935s
 144259 109378 1076.67289   69  178 1122.74697  994.86982  11.4%  53.3 25980s
 144613 109414 1028.54545   32  378 1122.74697  994.88040  11.4%  53.3 26017s
 144716 109747 1041.55193   43  327 1122.74697  994.88409  11.4%  53.3 26025s
 145274 110062 1003.38693   30  299 1122.74697  994.89754  11.4%  53.3 26070s
 145709 110437 1122.67928   64    - 1122.74697  994.90077  11.4%  53.3 26146s
 146050 110478     cutoff   36      1122.74697  994.91377  11.4%  53.3 26182s
 146222 110855     cutoff   85      1122.74697  994.91377  11.4%  53.3 26191s
 146417 110871 1055.82900   50  142 1122.74697  994.91464  11.4%  53.3 26206s
 146785 111274 1021.03182   31  355 1122.74697  994.94047  11.4%  53.3 26248s
 146966 111296  996.58107   26  357 1122.74697  994.94047  11.4%  53.3 26299s
 147230 111319 1016.33072   45  311 1122.74697  994.94839  11.4%  53.3 26348s
 147296 111658 1077.98938   42  173 1122.74697  994.94839  11.4%  53.3 26354s
 147751 112044 1027.59004   49  189 1122.74697  994.96975  11.4%  53.3 26361s
 148017 112062 1024.47531   39  331 1122.74697  994.97215  11.4%  53.3 26564s
 148312 112345 1088.05219   45  327 1122.74697  994.97900  11.4%  53.3 26610s
 148849 112762 1029.01002   31  343 1122.74697  994.99581  11.4%  53.3 26633s
 149295 112813 1001.34307   32  356 1122.74697  995.00836  11.4%  53.3 26684s
 149381 113216 1042.39014   33  287 1122.74697  995.00836  11.4%  53.3 26690s
 149739 113261 1029.81596   38  340 1122.74697  995.00836  11.4%  53.3 26727s
 149945 113647 1094.23752   78  208 1122.74697  995.00836  11.4%  53.3 26733s
 150163 113658 1120.31725   77  137 1122.74697  995.02213  11.4%  53.3 26787s
 150450 113923 1003.81946   31  294 1122.74697  995.03870  11.4%  53.3 26800s
 150808 114216 1003.31456   35  397 1122.74697  995.03927  11.4%  53.3 26815s
 151265 114646 1029.10097   31  149 1122.74697  995.06174  11.4%  53.3 26888s
 151825 115109  999.91727   26  274 1122.74697  995.07329  11.4%  53.3 26946s
 152376 115479 1112.68013   87  167 1122.74697  995.07329  11.4%  53.3 26956s
 152443 115482 1080.34213   51  155 1122.74697  995.07329  11.4%  53.3 26999s
 152563 115496 infeasible   59      1122.74697  995.08602  11.4%  53.3 27002s
 152919 115803 1014.94568   41  252 1122.74697  995.10821  11.4%  53.3 27061s
 153322 116224 1024.63725   29  359 1122.74697  995.10974  11.4%  53.3 27072s
 153853 116629 1053.67311   44  218 1122.74697  995.14169  11.4%  53.3 27129s
 153899 116635 1046.60996   47  120 1122.74697  995.14169  11.4%  53.3 27130s
 154391 116996 1067.52895   51  331 1122.74697  995.15723  11.4%  53.3 27180s
 154870 117384 1001.15767   21  333 1122.74697  995.16923  11.4%  53.3 27188s
 155311 117403 1051.25565   31  330 1122.74697  995.16923  11.4%  53.3 27238s
 155366 117729 1001.78499   27  372 1122.74697  995.17980  11.4%  53.3 27246s
 155754 117760 1004.85280   27  294 1122.74697  995.19327  11.4%  53.3 27254s
 155791 118026 1052.48172   51  177 1122.74697  995.19327  11.4%  53.3 27260s
 156023 118043 1053.40290   36  232 1122.74697  995.19327  11.4%  53.4 27300s
 156244 118277 1024.78035   29  321 1122.74697  995.20124  11.4%  53.4 27324s
 156373 118289 1007.61516   30  390 1122.74697  995.20124  11.4%  53.4 27325s
 156565 118390 1006.49695   27  213 1122.74697  995.20124  11.4%  53.4 27334s
 156618 118393 1041.80106   40  156 1122.74697  995.20124  11.4%  53.4 27335s
 156712 118618 infeasible   72      1122.74697  995.21879  11.4%  53.4 27344s
 156786 118629 1042.24127   40  149 1122.74697  995.21879  11.4%  53.4 27400s
 157090 119031 1026.47979   30  285 1122.74697  995.21879  11.4%  53.4 27480s
 157580 119311 1006.60096   31  324 1122.74697  995.23971  11.4%  53.4 27494s
 157704 119328 1020.71076   41  294 1122.74697  995.23971  11.4%  53.4 27552s
 157768 119330 1039.31454   37  399 1122.74697  995.23971  11.4%  53.4 27570s
 157984 119749 1037.19949   52   78 1122.74697  995.24155  11.4%  53.4 27632s
 158174 119772     cutoff   45      1122.74697  995.24155  11.4%  53.4 27641s
 158452 119806 1023.12691   31  372 1122.74697  995.25397  11.4%  53.4 27694s
 158570 120214 1101.94209   68   80 1122.74697  995.25680  11.4%  53.4 27701s
 158921 120245 1056.57937   61  142 1122.74697  995.25881  11.4%  53.4 27708s
 159079 120252 1015.05350   31  375 1122.74697  995.25881  11.4%  53.4 27747s
 159155 120525 1111.54885   66   37 1122.74697  995.25881  11.4%  53.4 27756s
 159546 120901 1038.24653   39  270 1122.74697  995.26663  11.4%  53.5 27764s
 159709 120924 1067.69494   44  314 1122.74697  995.28181  11.4%  53.4 27765s
 160103 121323 1023.56035   43  249 1122.74697  995.28191  11.4%  53.4 27876s
 160512 121355 1077.83639   62  125 1122.74697  995.29000  11.4%  53.4 27932s
 160607 121642 1098.13434   63  134 1122.74697  995.30162  11.4%  53.4 27940s
 161078 122059 1069.95234   40  359 1122.74697  995.30162  11.4%  53.5 28027s
 161407 122082 1109.85726   63  187 1122.74697  995.30162  11.4%  53.4 28034s
 161599 122383 1072.99338   43  210 1122.74697  995.33812  11.3%  53.4 28087s
 162008 122652 1016.54669   35  228 1122.74697  995.34999  11.3%  53.5 28094s
 162062 122655 1045.88469   44  177 1122.74697  995.34999  11.3%  53.5 28104s
 162397 122729 1122.55883   62    - 1122.74697  995.35563  11.3%  53.5 28123s
 162425 122791 1014.47190   31  380 1122.74697  995.35563  11.3%  53.5 28133s
 162505 122795 1010.72062   31  421 1122.74697  995.35761  11.3%  53.5 28174s
 162506 122947 1056.78550   45    - 1122.74697  995.35761  11.3%  53.5 28184s
 162699 122968 1022.46753   32  406 1122.74697  995.35761  11.3%  53.6 28206s
 162740 123271 1022.06058   42  410 1122.74697  995.35761  11.3%  53.6 28213s
 163103 123288 infeasible   44      1122.74697  995.38145  11.3%  53.6 28259s
 163164 123546 1083.49427   60    - 1122.74697  995.38145  11.3%  53.6 28266s
 163244 123552 1076.18909   47  101 1122.74697  995.39183  11.3%  53.6 28272s
 163544 123884 1060.19118   46  384 1122.74697  995.40145  11.3%  53.6 28280s
 163988 123933 1015.62464   29  369 1122.74697  995.40297  11.3%  53.6 28349s
 164032 124262 infeasible   74      1122.74697  995.40297  11.3%  53.6 28356s
 164508 124589  998.37985   29  238 1122.74697  995.41759  11.3%  53.6 28428s
 164887 124913 1036.33604   38   77 1122.74697  995.41759  11.3%  53.7 28510s
 165320 124979 1015.40333   28  254 1122.74697  995.43728  11.3%  53.7 28516s
 165388 125271 1038.32589   48  313 1122.74697  995.43728  11.3%  53.7 28531s
 165816 125687 1004.75744   35  286 1122.74697  995.45632  11.3%  53.7 28553s
 166183 125705 1017.32057   34  443 1122.74697  995.45632  11.3%  53.7 28608s
 166344 126013 1027.68335   36  399 1122.74697  995.45632  11.3%  53.7 28617s
 166778 126395 1003.11773   23  266 1122.74697  995.48475  11.3%  53.7 28624s
 166912 126410 1072.97127   41  171 1122.74697  995.48475  11.3%  53.7 28627s

Cutting planes:
  Gomory: 23
  Flow cover: 1
  Zero half: 6
  Lazy constraints: 20184

Explored 167296 nodes (8988722 simplex iterations) in 28800.39 seconds (2195.08 work units)
Thread count was 8 (of 18 available processors)

Solution count 6: 1122.75 1122.97 1123.14 ... 1140.9

Time limit reached
Best objective 1.122746970709e+03, best bound 9.954847510272e+02, gap 11.3349%

User-callback calls 390693, time in user-callback 27231.04 sec
### START EXACT APPROACH ###
ProblemVariant: 5
### START PREPROCESSING ###
## Start infeasible path procedure ## 
Deleted arcs: 2
Infeasible tail paths: 0
Infeasible 2-node combinations: 1
## Start extended infeasible path procedure ##
Deleted arcs: 2
Infeasible tail paths: 0
Infeasible 2-node combinations: 1
## Start start solution procedure ##
Start solution with 6 Vehicles and total costs 1140.9 in 13.2121 s.
### END PREPROCESSING ###
Route 0 0-1-14-15-25-17-13-0 : weight util 0.618750 | volume util 0.832311 | infeasible with packing heuristic | feasible with CP model
Route 1 0-3-6-7-8-9-10-32-11-0 : weight util 0.916250 | volume util 0.853156 | infeasible with packing heuristic | feasible with CP model
Route 2 0-4-5-2-0 : weight util 0.205000 | volume util 0.575778 | feasible with packing heuristic | feasible with CP model
Route 3 0-12-21-20-23-24-22-19-18-0 : weight util 0.556250 | volume util 0.830978 | infeasible with packing heuristic | feasible with CP model
Route 4 0-26-27-16-28-29-0 : weight util 0.850000 | volume util 0.817867 | infeasible with packing heuristic | feasible with CP model
Route 5 0-30-31-0 : weight util 0.525000 | volume util 0.438600 | feasible with packing heuristic | feasible with CP model
