
Gurobi 12.0.1 (win64, C++) logging started Sun Apr 27 01:24:03 2025

Set parameter Username
Academic license - for non-commercial use only - expires 2026-01-06
Set parameter Threads to value 8
Set parameter LazyConstraints to value 1
Set parameter PreCrush to value 1
Set parameter Seed to value 21
Set parameter Cuts to value -1
Set parameter TimeLimit to value 28800
Set parameter NumericFocus to value 0
Set parameter SolutionLimit to value 10000
Gurobi Optimizer version 12.0.1 build v12.0.1rc0 (win64 - Windows Server 2022.0 (20348.2))

CPU model: AMD EPYC 7513 32-Core Processor, instruction set [SSE2|AVX|AVX2]
Thread count: 18 physical cores, 18 logical processors, using up to 8 threads

Non-default parameters:
SolutionLimit  10000
TimeLimit  28800
PreCrush  1
Seed  21
Threads  8
LazyConstraints  1

Optimize a model with 1038 rows, 2025 columns and 5944 nonzeros
Model fingerprint: 0xae8699e5
Variable types: 0 continuous, 2025 integer (2025 binary)
Coefficient statistics:
  Matrix range     [1e+00, 1e+00]
  Objective range  [1e-02, 2e+02]
  Bounds range     [1e+00, 1e+00]
  RHS range        [1e+00, 1e+01]

Warning: Completing partial solution with 1913 unfixed non-continuous variables out of 2025
User MIP start produced solution with objective 1119.61 (0.00s)
Loaded user MIP start with objective 1119.61

Presolve removed 8 rows and 59 columns
Presolve time: 0.01s
Presolved: 1030 rows, 1966 columns, 5814 nonzeros
Variable types: 0 continuous, 1966 integer (1966 binary)

Root relaxation: objective 5.281219e+02, 145 iterations, 0.00 seconds (0.00 work units)

    Nodes    |    Current Node    |     Objective Bounds      |     Work
 Expl Unexpl |  Obj  Depth IntInf | Incumbent    BestBd   Gap | It/Node Time

     0     0  528.12189    0   42 1119.60844  528.12189  52.8%     -    0s
     0     0  613.61212    0    - 1119.60844  613.61212  45.2%     -   29s
     0     0  638.24996    0    6 1119.60844  638.24996  43.0%     -   29s
     0     0  677.53327    0    6 1119.60844  677.53327  39.5%     -   29s
     0     0  717.51639    0   38 1119.60844  717.51639  35.9%     -   29s
     0     0  717.51639    0   38 1119.60844  717.51639  35.9%     -   30s
     0     0  794.36029    0    - 1119.60844  794.36029  29.1%     -   33s
     0     0  795.51616    0    - 1119.60844  795.51616  28.9%     -   33s
     0     0  812.31662    0   33 1119.60844  812.31662  27.4%     -   33s
     0     0  817.36513    0    - 1119.60844  817.36513  27.0%     -   34s
     0     0  817.39376    0    - 1119.60844  817.39376  27.0%     -   34s
     0     0  822.10612    0   56 1119.60844  822.10612  26.6%     -   34s
     0     2  822.10612    0   34 1119.60844  822.10612  26.6%     -   34s
    12    10  845.16090    3  103 1119.60844  839.51096  25.0%   137   35s
    81    87  917.03096    8  106 1119.60844  855.81053  23.6%   335   41s
   114   107  941.22149    8   93 1119.60844  855.81053  23.6%   276   45s
   168   173  928.60173   15  106 1119.60844  855.81053  23.6%   210   51s
   258   282  933.72073   25  144 1119.60844  855.81053  23.6%   178   58s
   293   284  949.39376   34   92 1119.60844  855.81053  23.6%   161   60s
   499   504  958.33977   22   90 1119.60844  855.81053  23.6%   133   67s
   571   547 1015.22870   68   49 1119.60844  855.81053  23.6%   123   73s
   619   631  964.83127   37   83 1119.60844  855.81053  23.6%   115   75s
   688   688  962.31303   36   69 1119.60844  855.81053  23.6%   106   80s
   790   795  979.28849   73   39 1119.60844  855.81053  23.6%  98.8   88s
   870   857  988.46195   78   96 1119.60844  860.54032  23.1%  94.9   90s
   975   986  965.11135   47   92 1119.60844  860.54032  23.1%  88.4   95s
  1114  1075  976.84543   32   90 1119.60844  860.54032  23.1%  80.5  105s
  1284  1276  984.22330   99   70 1119.60844  860.54032  23.1%  73.6  116s
  1646  1519 1010.50741   69   56 1119.60844  860.54032  23.1%  62.8  230s
  1653  1524  961.35475   69  721 1119.60844  949.32984  15.2%  62.5  235s
  1660  1528  954.04795   19  710 1119.60844  953.36423  14.8%  62.3  240s
  1667  1536  953.39543   12  711 1119.60844  953.39543  14.8%  65.7  245s
  1875  1694  977.73333   28  645 1119.60844  953.86733  14.8%  78.5  250s
  1942  1720  987.03843   32  438 1119.60844  953.86733  14.8%  81.1  255s
  1976  1730  976.42804   31  584 1119.60844  953.86733  14.8%  81.5  260s
  1996  1745  988.26648   35  623 1119.60844  953.86733  14.8%  81.2  265s
  2118  1820  989.54452   41  595 1119.60844  953.86906  14.8%  81.5  270s
  2164  1836 1016.72208   42  484 1119.60844  954.25713  14.8%  81.3  275s
  2288  1913 1000.17898   48  280 1119.60844  954.25713  14.8%  80.9  280s
  2370  1932  991.51468   49   33 1119.60844  954.25713  14.8%  79.9  285s
  2435  1974 1020.69057   67    - 1119.60844  954.25713  14.8%  80.6  293s
  2475  2002 infeasible   58      1119.60844  954.28843  14.8%  80.6  295s
  2575  2061  961.63877   20  442 1119.60844  954.28843  14.8%  80.5  300s
  2696  2105  964.54428   24  479 1119.60844  954.28843  14.8%  80.4  306s
  2789  2176  971.14347   25  656 1119.60844  954.28843  14.8%  80.5  313s
  2863  2165 1103.15560   77  335 1119.60844  954.32519  14.8%  79.9  320s
  3025  2254 infeasible   87      1119.60844  954.32519  14.8%  80.9  326s
  3056  2289  979.05068   35  444 1119.60844  954.32519  14.8%  81.0  330s
  3216  2412  986.28629   41  346 1119.60844  954.60182  14.7%  82.8  342s
  3319  2460 1000.89657   47  122 1119.60844  954.60182  14.7%  82.3  352s
  3424  2527  999.73563   60  209 1119.60844  954.60182  14.7%  82.1  355s
  3524  2583 1038.89429   63  130 1119.60844  954.60182  14.7%  81.5  360s
  3561  2576  983.32501   38  300 1119.60844  954.60182  14.7%  81.4  367s
  3662  2617  993.86637   48   39 1119.60844  954.60182  14.7%  81.2  370s
  3725  2662  998.03406   31   56 1119.60844  954.60182  14.7%  81.2  376s
  3833  2688  963.79557   17  311 1119.60844  954.60182  14.7%  81.1  384s
  4012  2755 infeasible   63      1119.60844  955.02786  14.7%  82.9  385s
  4525  3086 1005.67455   41  408 1119.60844  955.47922  14.7%  85.0  392s
  4738  3114  985.41983   34  530 1119.60844  955.88967  14.6%  85.2  397s
  4900  3280  965.10667   21  578 1119.60844  955.88967  14.6%  85.7  401s
  5301  3345  984.77991   37  172 1119.60844  956.63317  14.6%  86.4  406s
  5459  3516  967.59286   21  286 1119.60844  956.63317  14.6%  86.9  410s
  5620  3574  975.76883   22  336 1119.60844  956.63317  14.6%  87.0  415s
  5777  3538 1017.27173   34  469 1119.60844  956.63317  14.6%  87.0  427s
  5806  3653 1075.86019   60  371 1119.60844  956.63317  14.6%  87.4  430s
  5968  3733 1037.07816   46    - 1119.60844  956.63317  14.6%  87.3  454s
  6043  3721  974.76572   29  385 1119.60844  956.63317  14.6%  87.2  458s
  6136  3698 infeasible   31      1119.60844  956.63317  14.6%  87.0  461s
  6532  4089  990.27805   30  585 1119.60844  959.76165  14.3%  87.5  492s
  6893  4261 1040.44421   48  248 1119.60844  960.05395  14.3%  87.8  502s
  7195  4569  981.62678   32  637 1119.60844  960.90741  14.2%  87.0  505s
  7411  4780 1005.08451   35  617 1119.60844  960.90741  14.2%  87.2  574s
  7671  4910 1028.27315   60   30 1119.60844  960.90741  14.2%  87.1  580s
  7773  4921  980.26267   27  537 1119.60844  961.35791  14.1%  86.7  588s
  8165  5368 1014.52615   27  592 1119.60844  961.60722  14.1%  85.9  595s
Warning: Completing partial solution with 1913 unfixed non-continuous variables out of 2025
H 8300  5389                    1118.8504243  961.65202  14.0%  85.6  599s
  8320  5396 infeasible   65      1118.85042  961.65202  14.0%  85.6  600s
  8798  5892  984.68667   23  594 1118.85042  961.65202  14.0%  84.7  613s
  9103  5921 infeasible   85      1118.85042  962.49037  14.0%  83.9  615s
  9271  6156 1086.55206   45  606 1118.85042  962.49037  14.0%  83.6  804s
  9475  6347  975.05475   25  687 1118.85042  962.49037  14.0%  83.3  951s
H 9578  6349                    1118.3146282  962.49037  13.9%  83.2  954s
  9688  6363 infeasible   64      1118.31463  962.49037  13.9%  83.2 1054s
  9753  6503 1020.26288   35  679 1118.31463  962.49037  13.9%  83.2 1074s
  9961  6634  982.49566   25  634 1118.31463  963.02902  13.9%  83.0 1085s
 10095  6723 1100.61276   35  589 1118.31463  963.02902  13.9%  83.0 1375s
 10245  6906 1009.21852   35  575 1118.31463  963.18358  13.9%  83.1 1382s
 10463  6924 1015.98538   54    - 1118.31463  963.18358  13.9%  82.9 1389s
 10490  7041 1052.45397   60  174 1118.31463  963.18358  13.9%  82.8 1391s
 10667  7215     cutoff   74      1118.31463  963.40433  13.9%  82.6 1434s
 10897  7464 1003.50433   25  573 1118.31463  963.41273  13.9%  82.9 1446s
 10978  7470 1000.06920   23  100 1118.31463  963.41273  13.9%  82.9 1452s
 11302  7721 1049.00532   37  122 1118.31463  963.41273  13.9%  83.0 1457s
 11587  8046 1070.18619   61  113 1118.31463  963.53180  13.8%  82.9 1474s
 11623  8048 1012.35114   34  371 1118.31463  963.53180  13.8%  83.0 1476s
 12240  8307 1018.33127   61  469 1118.31463  963.76825  13.8%  82.4 1942s
 12701  8790 1037.97105   40  704 1118.31463  964.06853  13.8%  82.6 1986s
 12996  9080 1073.54366   59  365 1118.31463  964.06853  13.8%  82.7 1990s
 13673  9609 1040.21822   47  627 1118.31463  964.24758  13.8%  82.9 1995s
 14466 10199 infeasible   52      1118.31463  964.38339  13.8%  83.0 2001s
 14887 10385  969.35877   26  550 1118.31463  964.62555  13.7%  83.2 2006s
 15550 10952 1047.51172   62  305 1118.31463  964.70500  13.7%  83.9 2058s
 15886 10977 infeasible   66      1118.31463  964.86930  13.7%  84.0 2062s
 16051 11360 1051.44769   56   77 1118.31463  964.91553  13.7%  84.0 2066s
 16530 11710 1023.10009   44  617 1118.31463  965.01871  13.7%  83.6 2075s
 16634 11714  995.95742   31  662 1118.31463  965.01871  13.7%  83.8 2080s
 17056 11969 1039.55365   65  633 1118.31463  965.01871  13.7%  83.4 2093s
 17110 11971 1034.18356   41  465 1118.31463  965.01871  13.7%  83.4 2095s
 17386 12290 1006.26066   32  184 1118.31463  965.21950  13.7%  83.9 2100s
 17844 12635  976.81814   28  713 1118.31463  965.25862  13.7%  83.9 2130s
 17983 12648 infeasible  110      1118.31463  965.25862  13.7%  84.1 2150s
 18139 12656 1008.89325   33  506 1118.31463  965.25862  13.7%  84.3 2156s
 18276 12957 1070.45913   69  416 1118.31463  965.25862  13.7%  84.1 9061s
 18369 12969 1005.72502   35  452 1118.31463  965.25862  13.7%  84.3 9171s
 18664 13263 1071.33121   40  469 1118.31463  965.44146  13.7%  84.7 9179s
 19073 13678  985.27463   23  652 1118.31463  965.44146  13.7%  85.2 9188s
 19257 13691 1117.69075   53  440 1118.31463  965.44184  13.7%  85.3 9190s
 19662 14011 1066.46880   71  429 1118.31463  965.57350  13.7%  85.3 9244s
 20070 14031 infeasible   43      1118.31463  965.66104  13.7%  85.4 9245s
 20148 14037 1033.75445   28  477 1118.31463  965.66104  13.7%  85.4 9261s
 20149 14037 1049.81643   37  653 1118.31463  965.66104  13.7%  85.4 9266s
 20161 14037 1000.58201   34  627 1118.31463  965.66104  13.7%  85.5 9278s
 20163 14045 1038.71286   29  514 1118.31463  965.66104  13.7%  85.5 9297s
 20169 14045 1009.71695   35  640 1118.31463  965.66104  13.7%  85.5 9307s
 20170 14045  983.84933   30  637 1118.31463  965.66104  13.7%  85.5 9327s
 20246 14227  974.13922   32  464 1118.31463  965.66104  13.7%  85.5 9331s
 20329 14234  968.53993   20  688 1118.31463  965.66104  13.7%  85.5 9340s
 20396 14608     cutoff   62      1118.31463  965.80018  13.6%  85.8 9345s
 20990 15044 1077.48173   49  584 1118.31463  966.05915  13.6%  86.1 9579s
 21033 15050  988.31395   24  723 1118.31463  966.05915  13.6%  86.3 9581s
 21267 15063  996.95121   46  631 1118.31463  966.05915  13.6%  86.3 9585s
 22286 16004  986.76162   28  454 1118.31463  966.33270  13.6%  86.2 9610s
 22984 16068 1055.37975   46  156 1118.31463  966.54453  13.6%  86.3 9632s
 22992 16068  980.46445   20  716 1118.31463  966.54453  13.6%  86.3 9685s
 23225 16324  982.77039   21  530 1118.31463  966.56410  13.6%  86.4 9838s
 23346 16795 1049.20464   46  498 1118.31463  966.56410  13.6%  86.4 9842s
 23816 16827  999.67522   28  512 1118.31463  966.56410  13.6%  86.2 9851s
 24088 17267 1058.29825   49  230 1118.31463  966.56410  13.6%  86.2 10446s
 24277 17288 1003.25828   36  514 1118.31463  966.56410  13.6%  86.1 10453s
 24750 17748 infeasible   42      1118.31463  966.60801  13.6%  86.1 10467s
 25457 18187  991.92870   33  610 1118.31463  966.98840  13.5%  86.0 10485s
 25945 18202 1067.94866   47  596 1118.31463  967.18939  13.5%  86.4 10490s
 26519 18856 1011.13295   37  593 1118.31463  967.33155  13.5%  86.9 10500s
 27109 19274 infeasible   34      1118.31463  967.40633  13.5%  87.3 10511s
 27706 19705 1066.28329   52  560 1118.31463  967.45863  13.5%  87.7 10525s
 28426 20077 1017.26841   33  326 1118.31463  967.60090  13.5%  87.7 10580s
 28977 20417 infeasible   60      1118.31463  967.67095  13.5%  88.1 10590s
 29072 20419 1044.07927   41  553 1118.31463  967.67095  13.5%  88.2 10668s
Warning: Completing partial solution with 1913 unfixed non-continuous variables out of 2025
H29187 19151                    1091.5057587  967.67095  11.3%  88.3 10683s
 29510 19462 1033.40953   47  432 1091.50576  967.82928  11.3%  88.3 10690s
 30027 19803 1030.08507   39  485 1091.50576  968.00021  11.3%  88.7 10695s
 30522 20068  992.92996   39  623 1091.50576  968.06863  11.3%  89.3 10701s
 30979 20418 1034.46682   55  494 1091.50576  968.17765  11.3%  89.9 10706s
 31570 20907  988.69630   29  512 1091.50576  968.38429  11.3%  90.1 10752s
 31660 20913 infeasible   67      1091.50576  968.38429  11.3%  90.1 10757s
 32292 21185  996.23385   25  561 1091.50576  968.47353  11.3%  89.8 10763s
 32669 21566 1024.06089   44  630 1091.50576  968.51077  11.3%  90.3 10768s
 32951 21568 1034.78083   32  587 1091.50576  968.51264  11.3%  90.4 10783s
 33272 21807  982.02663   34  346 1091.50576  968.63728  11.3%  90.5 10805s
 33678 22088  969.89775   31  439 1091.50576  968.76349  11.2%  91.1 10819s
 33803 22092 infeasible   48      1091.50576  968.76349  11.2%  91.2 10820s
 34652 22792 1066.86355   57  645 1091.50576  969.01393  11.2%  91.9 11259s
 35198 23119 infeasible   42      1091.50576  969.08365  11.2%  92.1 11265s
 35722 23468 1059.64527   55  363 1091.50576  969.10793  11.2%  92.4 11272s
 36270 23820  993.51518   39  613 1091.50576  969.17952  11.2%  92.8 11653s
 36437 23829 1071.54790   46  539 1091.50576  969.17952  11.2%  92.8 11660s
 36808 24087 1067.31269   52  390 1091.50576  969.30600  11.2%  92.9 11679s
 37199 24415  985.15315   30  343 1091.50576  969.36606  11.2%  93.5 11689s
 37717 24813 1057.42081   39  551 1091.50576  969.44557  11.2%  93.8 11700s
 37968 24825     cutoff   40      1091.50576  969.47268  11.2%  93.9 11705s
 38360 25166 1036.59891   38  331 1091.50576  969.49855  11.2%  93.9 11716s
 38817 25219 1066.00452   92   91 1091.50576  969.57957  11.2%  93.9 11721s
 38995 25585  989.97830   31  680 1091.50576  969.59047  11.2%  93.9 11729s
 39412 25594  993.77558   30  444 1091.50576  969.59735  11.2%  94.2 11730s
 40129 26283 1056.19152   36  568 1091.50576  969.71879  11.2%  94.2 11744s
 40620 26591  972.69487   35  529 1091.50576  969.78907  11.2%  94.3 11755s
 41162 26858 1007.29026   40  459 1091.50576  969.82872  11.1%  94.5 11764s
 41641 27188 1013.81480   37  323 1091.50576  969.88467  11.1%  94.8 11919s
 42162 27528 1069.45848   64  546 1091.50576  969.88467  11.1%  95.2 11937s
 42545 27550 1000.25692   45  503 1091.50576  969.88467  11.1%  95.3 11945s
 42649 27981 1044.94879   50  635 1091.50576  970.05395  11.1%  95.4 11951s
 43051 28000 1069.53621   71  245 1091.50576  970.07138  11.1%  95.2 11955s
 43372 28204  977.36752   26  511 1091.50576  970.09768  11.1%  95.1 11962s
 43694 28513 1029.26740   38  468 1091.50576  970.09768  11.1%  95.5 11967s
 44144 28812 1035.95634   40  393 1091.50576  970.09768  11.1%  95.6 11972s
 44366 28818 infeasible   46      1091.50576  970.19350  11.1%  95.6 11978s
 44686 29134  983.10008   27  413 1091.50576  970.30562  11.1%  95.8 12023s
 45203 29502  977.45220   28  699 1091.50576  970.34840  11.1%  96.0 12031s
 45461 29525 1032.77977   41  620 1091.50576  970.35500  11.1%  96.1 12050s
 45721 29810  982.71700   29  516 1091.50576  970.37848  11.1%  96.2 12055s
 46203 30129 1025.56413   45  619 1091.50576  970.38728  11.1%  96.5 12063s
 46342 30140  985.14729   35  511 1091.50576  970.38728  11.1%  96.5 12180s
 46555 30161 1001.17710   36  474 1091.50576  970.45433  11.1%  96.5 12188s
 46773 30488 1084.53963   43  269 1091.50576  970.48504  11.1%  96.5 12194s
 47369 30880 1031.44242   38  444 1091.50576  970.53038  11.1%  96.4 12268s
 47903 31213 1030.64601   44  478 1091.50576  970.57574  11.1%  96.5 12280s
 48386 31494  998.33008   31  704 1091.50576  970.61341  11.1%  96.8 12286s
 48856 31687 infeasible   46      1091.50576  970.68355  11.1%  97.0 12298s
 49190 31912 1088.36644   51  404 1091.50576  970.73014  11.1%  97.3 12305s
 49580 32169 1007.84776   29  700 1091.50576  970.76397  11.1%  97.5 12317s
 49993 32429 1061.53355   37  673 1091.50576  970.80631  11.1%  97.6 12330s
 50400 32642  988.41011   38  362 1091.50576  970.86144  11.1%  97.8 12344s
 50834 32785 1050.02330   54  335 1091.50576  970.92710  11.0%  98.3 12352s
 51161 32985  997.21756   23  553 1091.50576  970.94872  11.0%  98.5 12417s
 51516 33234 infeasible   44      1091.50576  970.98163  11.0%  98.7 12424s
 51906 33456 1064.30417   52  323 1091.50576  971.01931  11.0%  98.9 12429s
 52112 33470 1036.97126   58  259 1091.50576  971.01931  11.0%  99.0 12435s
 52323 33668  999.88477   37  645 1091.50576  971.06998  11.0%  99.1 12443s
 52386 33672 infeasible   40      1091.50576  971.06998  11.0%  99.1 12472s
 52612 33981 infeasible   33      1091.50576  971.09191  11.0%  99.5 12525s
 53095 34307  987.46438   32  502 1091.50576  971.12965  11.0%  99.4 12535s
 53555 34584 infeasible   41      1091.50576  971.14970  11.0%   100 12546s
 54032 34883  988.95096   27  580 1091.50576  971.21256  11.0%   100 12558s
 54512 35098 1058.46726   52  351 1091.50576  971.24797  11.0%   100 12564s
 54677 35114 1032.14859   33  614 1091.50576  971.24997  11.0%   100 12567s
 54993 35211  999.87458   29  531 1091.50576  971.29052  11.0%   100 12574s
 55118 35449 1077.75099   46  440 1091.50576  971.31923  11.0%   100 12591s
 55543 35746 1049.60922   46  589 1091.50576  971.33906  11.0%   100 12601s
 56040 36056  996.75446   42  460 1091.50576  971.40369  11.0%   101 12607s
 56500 36329 1029.27287   39  486 1091.50576  971.40838  11.0%   101 12615s
 56927 36644 1010.52102   27  712 1091.50576  971.45292  11.0%   101 12628s
 57122 36676  974.18222   35  543 1091.50576  971.45707  11.0%   101 12630s
 57538 37003 1001.73449   34  545 1091.50576  971.48802  11.0%   101 12640s
 58064 37278  980.98514   23  389 1091.50576  971.55496  11.0%   101 12646s
 58513 37574 1071.33285   76  131 1091.50576  971.55496  11.0%   101 12653s
 58677 37579 1034.83843   31  524 1091.50576  971.58545  11.0%   101 12655s
 58950 37939  985.48732   23  463 1091.50576  971.63046  11.0%   102 12663s
 59206 37940 1022.69691   37  669 1091.50576  971.63465  11.0%   102 12666s
 59510 38210 1066.42264   46  635 1091.50576  971.66296  11.0%   102 12691s
 59921 38218 1003.57980   29  617 1091.50576  971.71315  11.0%   102 12765s
 60043 38539  985.40690   36  685 1091.50576  971.73307  11.0%   102 12770s
 60475 38878 1045.71968   40  648 1091.50576  971.73621  11.0%   102 12794s
 60679 38887 1028.97805   46  432 1091.50576  971.73621  11.0%   102 12796s
 60988 39174 1006.92630   53  645 1091.50576  971.80180  11.0%   102 12808s
 61087 39189 1086.07579   46  356 1091.50576  971.80685  11.0%   102 12810s
 61355 39201 1032.38222   39  529 1091.50576  971.81988  11.0%   102 13041s
 61448 39434 1066.34922   67  484 1091.50576  971.81988  11.0%   102 13047s
 61796 39656 1008.22561   39  531 1091.50576  971.87297  11.0%   103 13054s
 62148 39957 1035.63745   32  671 1091.50576  971.87410  11.0%   103 13062s
 62638 40003 1017.17573   35  629 1091.50576  971.92093  11.0%   103 13072s
 62674 40234 1018.03496   36  633 1091.50576  971.92093  11.0%   103 13193s
 63099 40552 1016.78372   21  689 1091.50576  971.96719  11.0%   103 13201s
 63636 40829 1050.32692   38  349 1091.50576  972.02812  10.9%   104 13210s
 64071 41101 1035.44015   29  523 1091.50576  972.06073  10.9%   104 13217s
 64572 41329 1046.16124   32  429 1091.50576  972.06822  10.9%   104 13223s
 65024 41661 1019.09542   38  730 1091.50576  972.10768  10.9%   104 13239s
 65256 41663 1006.69479   33  496 1091.50576  972.10768  10.9%   104 13240s
 65522 41888 1024.88550   46  625 1091.50576  972.13480  10.9%   104 13246s
 65856 42093 infeasible   32      1091.50576  972.13480  10.9%   105 13255s
 66246 42311 1065.50418   41  569 1091.50576  972.23213  10.9%   105 13262s
 66607 42592 1018.09539   34  487 1091.50576  972.24858  10.9%   105 13277s
 66953 42602  998.47848   31  393 1091.50576  972.26592  10.9%   105 13280s
 67081 42847 1053.05180   43  700 1091.50576  972.28656  10.9%   105 13290s
 67460 42850 1010.25376   25  560 1091.50576  972.28656  10.9%   105 13300s
 67540 43164  981.35385   27  678 1091.50576  972.35877  10.9%   105 13308s
 67839 43187 1088.34158   46  185 1091.50576  972.35877  10.9%   105 13317s
 68142 43369  996.85643   35  703 1091.50576  972.41571  10.9%   105 13353s
 68516 43650  977.83663   32  446 1091.50576  972.45450  10.9%   106 13360s
 68979 43953 1071.58856   47  649 1091.50576  972.50464  10.9%   106 13385s
 69423 44246 infeasible   34      1091.50576  972.57638  10.9%   106 13609s
 69542 44246 1069.68803   64    - 1091.50576  972.57944  10.9%   106 13610s
 69929 44282 1055.58506   60    - 1091.50576  972.60287  10.9%   106 13637s
 70024 44479 1040.06157   44  664 1091.50576  972.60287  10.9%   106 13644s
 70374 44765 1000.14107   45  706 1091.50576  972.64147  10.9%   106 13651s
 70836 45096  986.97856   23  485 1091.50576  972.68129  10.9%   106 13658s
 71028 45098 1025.21306   29  680 1091.50576  972.68691  10.9%   106 13660s
 71345 45381 1006.22472   25  370 1091.50576  972.73128  10.9%   106 13668s
 71955 45460 infeasible   25      1091.50576  972.76857  10.9%   106 13682s
 72039 45460 1020.98422   38  639 1091.50576  972.77131  10.9%   106 13751s
 72040 45713  991.44183   27  630 1091.50576  972.77131  10.9%   106 13758s
 72491 46001 1065.79475   59  195 1091.50576  972.81529  10.9%   106 13767s
 72647 46013 1018.10426   45  461 1091.50576  972.81529  10.9%   106 13772s
 73017 46196  988.73978   25  660 1091.50576  972.85365  10.9%   106 13841s
 73370 46385 1055.91281   37  493 1091.50576  972.88479  10.9%   107 13848s
 73631 46390 infeasible   39      1091.50576  972.88479  10.9%   107 13851s
 73754 46626 1081.94629   54  508 1091.50576  972.91342  10.9%   107 13858s
 74201 46861  988.77639   28  724 1091.50576  972.97833  10.9%   107 13878s
 74675 47119  995.22514   37  576 1091.50576  973.01055  10.9%   107 13888s
 74911 47129 1033.73451   38  622 1091.50576  973.01055  10.9%   107 13892s
 75178 47467 1008.44954   38  635 1091.50576  973.01055  10.9%   108 13901s
 75238 47474 1039.75701   35  700 1091.50576  973.01055  10.9%   108 13923s
 75739 47755  992.28171   32  409 1091.50576  973.08196  10.8%   108 13934s
 75822 47759 1047.07304   32  449 1091.50576  973.08196  10.8%   108 14017s
 76175 48078 1037.03494   40  678 1091.50576  973.09837  10.8%   108 14026s
 76364 48110  985.44703   47  667 1091.50576  973.09837  10.8%   108 14036s
 76754 48292     cutoff   63      1091.50576  973.10484  10.8%   108 14046s
 77148 48488 1002.24408   32  434 1091.50576  973.15479  10.8%   108 14054s
 77589 48617 1085.44351   40  518 1091.50576  973.17111  10.8%   108 14067s
 77950 48728 1065.73660   38  645 1091.50576  973.21681  10.8%   108 14076s
 78251 48930 infeasible   36      1091.50576  973.23046  10.8%   109 14084s
 78672 49148 1037.45943   69  270 1091.50576  973.28457  10.8%   109 14092s
 79077 49413 1088.57176   57  358 1091.50576  973.28692  10.8%   109 14101s
 79553 49651 infeasible   37      1091.50576  973.34634  10.8%   109 14117s
 79936 49965 infeasible   64      1091.50576  973.35272  10.8%   109 14125s
 80483 50263 1007.46644   33  573 1091.50576  973.38861  10.8%   109 14135s
 81006 50453 infeasible   74      1091.50576  973.42979  10.8%   109 14144s
 81358 50716  997.71786   40  627 1091.50576  973.43225  10.8%   110 14152s
 81808 50967 1074.30114   37  570 1091.50576  973.46347  10.8%   110 14163s
 82265 51258 1057.37713   46  529 1091.50576  973.49824  10.8%   110 14171s
 82764 51527 1026.52864   40  497 1091.50576  973.56628  10.8%   110 14181s
 83212 51827     cutoff   39      1091.50576  973.58131  10.8%   110 14189s
 83311 51827 1019.66100   37  611 1091.50576  973.58131  10.8%   110 14190s
 83678 52044 1001.35182   34  722 1091.50576  973.63488  10.8%   111 14198s
 84068 52239     cutoff   59      1091.50576  973.64784  10.8%   111 14208s
 84409 52498 infeasible   37      1091.50576  973.67170  10.8%   111 14221s
 84746 52511     cutoff   49      1091.50576  973.67170  10.8%   111 14227s
 84878 52806  984.50691   22  298 1091.50576  973.71094  10.8%   111 14236s
 85428 53094 1077.81000   48  611 1091.50576  973.77207  10.8%   111 14249s
 85868 53461 1030.66971   51  357 1091.50576  973.80056  10.8%   111 14264s
 86451 53721 1008.33011   32  514 1091.50576  973.89677  10.8%   111 14274s
 86938 53900     cutoff   47      1091.50576  973.91306  10.8%   111 14285s
 86994 53903  981.52756   32  302 1091.50576  973.91321  10.8%   111 14311s
 87303 54246 1001.92006   34  467 1091.50576  973.95635  10.8%   112 14321s
 87819 54580 1014.17217   46  350 1091.50576  973.99871  10.8%   112 14330s
 88394 54859 1023.99937   34  526 1091.50576  974.04257  10.8%   112 14343s
 88596 54863  991.96734   33  621 1091.50576  974.04383  10.8%   112 14348s
 88876 55072 1086.60116   33  365 1091.50576  974.08115  10.8%   112 14357s
 89320 55344  988.84075   35  568 1091.50576  974.11953  10.8%   112 14366s
 89817 55657     cutoff   63      1091.50576  974.15347  10.8%   112 14374s
 90259 55674  986.19136   32  412 1091.50576  974.16851  10.8%   112 14377s
 90283 55865 1081.00162   78  305 1091.50576  974.16851  10.8%   112 14385s
 90413 55881 1077.60647   62   48 1091.50576  974.18222  10.7%   113 14397s
 90692 56089 1044.19244   40  471 1091.50576  974.23202  10.7%   113 14409s
 91057 56409 1008.11347   35  499 1091.50576  974.23202  10.7%   113 14417s
 91138 56414 1050.88714   31  645 1091.50576  974.23202  10.7%   113 14421s
 91538 56436 1063.54912   38  524 1091.50576  974.26393  10.7%   113 14436s
 91572 56610 1067.09334   39  530 1091.50576  974.26393  10.7%   113 14449s
 91697 56613 1029.99187   41  495 1091.50576  974.28209  10.7%   113 14455s
 91877 56897 1020.43168   34  602 1091.50576  974.28209  10.7%   113 14481s
 92287 57176  996.68059   37  728 1091.50576  974.33740  10.7%   113 14502s
 92415 57179 infeasible   53      1091.50576  974.33740  10.7%   113 14552s
 92745 57451     cutoff   43      1091.50576  974.37308  10.7%   113 14693s
 93090 57471 1040.51022   41  466 1091.50576  974.38072  10.7%   113 14821s
 93291 57787 1069.77226   37  348 1091.50576  974.40125  10.7%   113 14830s
 93871 58062 1044.55885   43  659 1091.50576  974.46788  10.7%   113 14843s
 94398 58279 infeasible   43      1091.50576  974.48965  10.7%   113 14871s
 94826 58289 1073.37539   86  251 1091.50576  974.52432  10.7%   114 14887s
 94844 58289  997.29561   46  708 1091.50576  974.52432  10.7%   114 14894s
 94846 58389 1007.24743   43  659 1091.50576  974.52432  10.7%   114 14905s
 95043 58673  993.07428   29  691 1091.50576  974.53006  10.7%   114 14938s
 95369 58693 1003.07653   48  695 1091.50576  974.56555  10.7%   114 14940s
 95493 59053 1074.81536   60    - 1091.50576  974.56700  10.7%   114 14950s
 96091 59293  996.37421   27  517 1091.50576  974.61033  10.7%   114 14973s
 96488 59555 1064.55473   45  279 1091.50576  974.62533  10.7%   114 14982s
 96966 59778 1044.31033   46  555 1091.50576  974.68118  10.7%   114 14994s
 97431 60012 1043.27858   42  603 1091.50576  974.72154  10.7%   114 15021s
 97839 60203 1059.77848   41  537 1091.50576  974.75399  10.7%   115 15032s
 98230 60395 1025.83102   38  673 1091.50576  974.78921  10.7%   115 15043s
 98568 60667 1007.45315   38  623 1091.50576  974.79221  10.7%   115 15063s
 99016 60906 1075.07431   46  631 1091.50576  974.84974  10.7%   115 15074s
 99286 60913  997.32402   31  609 1091.50576  974.87297  10.7%   115 15079s
 99487 61180 1048.67783   43  677 1091.50576  974.89151  10.7%   115 15089s
 99731 61188 1043.08527   50  571 1091.50576  974.90263  10.7%   115 15090s
 99931 61421  996.37965   30  603 1091.50576  974.93253  10.7%   115 15100s
 100367 61762 1033.04977   42  678 1091.50576  974.93866  10.7%   116 15114s
 100517 61769 1011.72051   37  653 1091.50576  974.93866  10.7%   116 15273s
 100607 61776  995.43751   47  728 1091.50576  974.93866  10.7%   116 15278s
 100897 62055 1016.17028   38  652 1091.50576  974.99724  10.7%   116 15288s
 100968 62061 1007.22200   27  363 1091.50576  974.99724  10.7%   116 15290s
 101392 62418 infeasible   43      1091.50576  975.05414  10.7%   116 15312s
 101948 62741 1005.57848   33  688 1091.50576  975.07773  10.7%   116 15325s
 102473 63068 1061.52414   53  607 1091.50576  975.11890  10.7%   116 15339s
 102790 63076 1069.13196   53  640 1091.50576  975.12628  10.7%   116 15361s
 103062 63314     cutoff   58      1091.50576  975.14201  10.7%   116 15372s
 103476 63617 1013.96368   37  487 1091.50576  975.17888  10.7%   116 15446s
 104020 63851  988.68030   24  683 1091.50576  975.20537  10.7%   116 15458s
 104219 63856 1038.98104   38  658 1091.50576  975.21442  10.7%   116 15460s
 104372 63862 1042.05513   42  625 1091.50576  975.21442  10.7%   116 15504s
 104405 63904 1089.44586   56  263 1091.50576  975.21442  10.7%   116 15520s
 104508 64128  992.70247   30  680 1091.50576  975.23300  10.7%   116 15617s
 104945 64396 1024.83332   41  634 1091.50576  975.24718  10.7%   116 15671s
 105368 64595     cutoff   56      1091.50576  975.26713  10.6%   117 15682s
 105923 64815  990.34312   27  663 1091.50576  975.29906  10.6%   117 15709s
 106200 64819 1019.67821   32  287 1091.50576  975.30783  10.6%   117 15711s
 106259 65067 1017.47082   31  493 1091.50576  975.30783  10.6%   117 15722s
 106711 65382 1053.93803   37  584 1091.50576  975.32421  10.6%   117 15735s
 107272 65665 1016.48552   50  680 1091.50576  975.35387  10.6%   117 15745s
 107808 65917 1031.59399   35  574 1091.50576  975.41103  10.6%   117 15759s
 108121 65920 1017.58119   40  622 1091.50576  975.41126  10.6%   117 15760s
 108209 66095 infeasible   42      1091.50576  975.43824  10.6%   117 15935s
 108606 66301 1067.89115   32  720 1091.50576  975.44325  10.6%   117 15946s
 109058 66471 1013.74052   35  486 1091.50576  975.44853  10.6%   118 15959s
Warning: Completing partial solution with 1913 unfixed non-continuous variables out of 2025
H109300 65873                    1089.5236648  975.44964  10.5%   118 15961s
 109462 66018 1087.77534   35  648 1089.52366  975.46269  10.5%   118 15972s
 109842 66254 1027.29245   41  709 1089.52366  975.49669  10.5%   118 15984s
 110339 66511  989.01622   29  658 1089.52366  975.50166  10.5%   118 15995s
 110812 66740     cutoff   93      1089.52366  975.55443  10.5%   118 16010s
 111267 67004 1010.27882   27  341 1089.52366  975.63283  10.5%   118 16022s
 111573 67012 1037.03304   35  679 1089.52366  975.65612  10.5%   118 16043s
 111813 67269 1050.77427   36  535 1089.52366  975.66989  10.4%   118 16056s
 112180 67280 infeasible   54      1089.52366  975.67038  10.4%   118 16062s
 112380 67535 1015.68455   53  731 1089.52366  975.70521  10.4%   118 16073s
 112643 67555 1021.92403   53  709 1089.52366  975.70730  10.4%   118 16076s
 112909 67888 1070.64298   30  586 1089.52366  975.72611  10.4%   118 16090s
 113460 68199 1043.91725   42  659 1089.52366  975.75309  10.4%   118 16130s
 114003 68439 1034.04481   31  587 1089.52366  975.77907  10.4%   118 16142s
 114497 68596  989.82565   25  656 1089.52366  975.81188  10.4%   118 16157s
 114771 68817     cutoff   35      1089.52366  975.83703  10.4%   119 16168s
 115146 69183 1032.33100   30  527 1089.52366  975.89329  10.4%   119 16181s
 115725 69413 1035.60331   38  463 1089.52366  975.91421  10.4%   119 16196s
 116154 69643 1065.84739   49  384 1089.52366  975.93642  10.4%   119 16208s
 116530 69932 infeasible   40      1089.52366  975.95722  10.4%   119 16218s
 116822 69946 1061.82719   34  584 1089.52366  975.98299  10.4%   119 16221s
 116990 70246 infeasible   51      1089.52366  975.98698  10.4%   120 16235s
 117563 70459 1029.55373   52  702 1089.52366  975.98698  10.4%   120 16287s
 117655 70459 1010.74345   24  589 1089.52366  976.01268  10.4%   120 16302s
 117945 70736 1010.86213   34  672 1089.52366  976.01268  10.4%   120 16316s
 118029 70742 1081.89822   47  640 1089.52366  976.01268  10.4%   120 16327s
 118353 70752 1061.41174   50  576 1089.52366  976.08345  10.4%   120 16342s
 118407 71003 1084.12002   50  238 1089.52366  976.08345  10.4%   120 16353s
 118470 71012  989.40391   27  392 1089.52366  976.08345  10.4%   120 16356s
 118563 71018 1028.48148   40  294 1089.52366  976.09666  10.4%   120 16360s
 118840 71356 1086.85938   57  514 1089.52366  976.10966  10.4%   120 16373s
 119435 71613 1087.61641   40  328 1089.52366  976.14163  10.4%   120 16390s
 119886 71974 infeasible   39      1089.52366  976.16431  10.4%   120 16403s
 120447 72195 1074.97113   36  631 1089.52366  976.20092  10.4%   120 16419s
 120880 72391 1082.32693   45  520 1089.52366  976.22778  10.4%   120 16431s
 121241 72647  999.05900   29  609 1089.52366  976.24332  10.4%   120 16443s
 121453 72650 1088.92662   50  391 1089.52366  976.24332  10.4%   120 16445s
 121705 72846 1070.13385   57  427 1089.52366  976.27206  10.4%   120 16458s
 122157 73173 1029.78819   41  501 1089.52366  976.29911  10.4%   120 16476s
 122622 73180  985.96386   23  572 1089.52366  976.32920  10.4%   120 16485s
 122693 73509 1045.43128   58  542 1089.52366  976.32920  10.4%   120 16497s
 123247 73745 1053.92830   45  330 1089.52366  976.36026  10.4%   120 16510s
 123649 73901 1018.88761   38  668 1089.52366  976.38316  10.4%   121 16524s
 124039 74124 1018.49827   33  331 1089.52366  976.38996  10.4%   121 16536s
 124219 74129 1041.13348   29  519 1089.52366  976.38996  10.4%   121 16552s
 124475 74340 1083.78223   39   46 1089.52366  976.42511  10.4%   121 16565s
 124875 74353 1013.15974   48  515 1089.52366  976.44517  10.4%   121 16573s
 124973 74651 1013.20267   27  410 1089.52366  976.47739  10.4%   121 16589s
 125411 74939 infeasible   44      1089.52366  976.49500  10.4%   121 16610s
 125945 75159 1063.73842   63  263 1089.52366  976.55115  10.4%   121 16625s
 126427 75320 1050.70238   44  499 1089.52366  976.60033  10.4%   121 16639s
 126667 75329 infeasible   22      1089.52366  976.60033  10.4%   121 16642s
 126834 75470 1075.32056   46  634 1089.52366  976.60033  10.4%   121 16654s
 127164 75735 1086.77178   41  350 1089.52366  976.64699  10.4%   122 16666s
 127631 76002     cutoff   39      1089.52366  976.69158  10.4%   122 16701s
 128057 76331 1023.59221   51  693 1089.52366  976.73160  10.4%   122 16714s
 128505 76360 1013.64312   37  724 1089.52366  976.73160  10.4%   122 16717s
 128651 76663  994.08883   24  600 1089.52366  976.74779  10.4%   122 16732s
 129279 76919 1079.13137   67  282 1089.52366  976.76742  10.3%   122 16746s
 129773 77123 1074.35146   33  586 1089.52366  976.78682  10.3%   122 16761s
 130184 77336  987.68141   31  343 1089.52366  976.83628  10.3%   122 16776s
 130601 77550 1001.94090   34  593 1089.52366  976.87936  10.3%   122 16792s
 131006 77804 infeasible   43      1089.52366  976.90056  10.3%   122 16817s
 131462 78009 infeasible   39      1089.52366  976.93570  10.3%   122 17532s
 131866 78251 1005.20382   24  665 1089.52366  976.97854  10.3%   122 17547s
 132279 78491 1011.78502   30  404 1089.52366  976.98225  10.3%   122 17563s
 132695 78504 1078.01361   53  545 1089.52366  977.02670  10.3%   122 17565s
 132731 78725 1054.57284   43  640 1089.52366  977.02670  10.3%   123 17578s
 133190 78968 1034.43091   26  627 1089.52366  977.06300  10.3%   123 17592s
 133656 78997 1009.09594   39  558 1089.52366  977.11296  10.3%   123 17617s
 133657 78997 1047.58967   45  411 1089.52366  977.11296  10.3%   123 17627s
 133714 79271 1009.96207   40  575 1089.52366  977.11296  10.3%   123 17652s
 134205 79564 1011.11265   34  522 1089.52366  977.15486  10.3%   123 17666s
 134759 79817  993.73939   42  704 1089.52366  977.18290  10.3%   123 17687s
 134868 79818 1005.32304   30  691 1089.52366  977.18290  10.3%   123 17691s
 135201 80053 1022.13501   32  652 1089.52366  977.22042  10.3%   123 17706s
 135564 80064 1038.38925   34  678 1089.52366  977.22216  10.3%   123 17710s
 135770 80350 1032.00634   47  583 1089.52366  977.24245  10.3%   123 17730s
 135884 80354 infeasible   34      1089.52366  977.24245  10.3%   123 17742s
 136421 80549 1009.84845   29  642 1089.52366  977.28952  10.3%   123 17756s
 136574 80556 1073.21697   40  300 1089.52366  977.30711  10.3%   123 17764s
 136835 80662 1033.47425   42  649 1089.52366  977.32764  10.3%   123 17777s
 137128 80867     cutoff   42      1089.52366  977.37182  10.3%   123 17792s
 137492 81104 1035.07774   33  550 1089.52366  977.38926  10.3%   123 17816s
 137961 81137 1056.41997   34  263 1089.52366  977.38930  10.3%   123 17820s
 137993 81376 1043.41006   56  411 1089.52366  977.38930  10.3%   123 17835s
 138603 81597 1011.63291   25  581 1089.52366  977.46454  10.3%   123 17871s
 138954 81811 infeasible   42      1089.52366  977.46454  10.3%   124 17886s
 139409 82104 1014.17732   29  551 1089.52366  977.54725  10.3%   124 17904s
 139478 82106 1079.56185   38  495 1089.52366  977.54725  10.3%   124 17906s
 139972 82404 1083.51968   38  607 1089.52366  977.56351  10.3%   124 17935s
 140355 82448 1019.13628   41  565 1089.52366  977.56370  10.3%   124 17945s
 140586 82727 1036.29097   50  666 1089.52366  977.60760  10.3%   124 17959s
 140752 82737  996.23628   31  694 1089.52366  977.61162  10.3%   124 17964s
 141090 82986 1015.08837   35  531 1089.52366  977.62571  10.3%   124 17979s
 141158 82991     cutoff   48      1089.52366  977.62727  10.3%   124 17981s
 141558 83056 1070.35230   55  391 1089.52366  977.63196  10.3%   124 18270s
 141698 83236 infeasible   31      1089.52366  977.65493  10.3%   124 18302s
 142078 83503 1020.13660   47  619 1089.52366  977.68777  10.3%   124 18317s
 142544 83738 1083.61295   35  673 1089.52366  977.73207  10.3%   124 18332s
 142919 83967 1023.96340   36  654 1089.52366  977.76804  10.3%   124 18347s
 143366 84286 1022.68821   33  606 1089.52366  977.78360  10.3%   124 18373s
 143897 84656 1064.57928   34  691 1089.52366  977.82112  10.3%   124 18414s
 144158 84659 1018.03622   34  613 1089.52366  977.83742  10.3%   124 18418s
 144463 84858 1082.03962   66  332 1089.52366  977.86555  10.2%   124 18464s
 144914 84974 1060.71335   53  602 1089.52366  977.91055  10.2%   124 18488s
 145247 84977  996.79722   32  687 1089.52366  977.92262  10.2%   124 18568s
 145354 85147 1023.54158   31  558 1089.52366  977.93561  10.2%   124 18582s
 145785 85375     cutoff   41      1089.52366  977.98565  10.2%   124 18598s
 146242 85617 1066.60992   31  542 1089.52366  977.98565  10.2%   125 18618s
 146723 85833 1017.38597   42  682 1089.52366  978.10429  10.2%   125 18636s
 147170 86094 1031.43851   29  573 1089.52366  978.12444  10.2%   125 18651s
 147689 86336 1033.45171   32  626 1089.52366  978.17707  10.2%   125 18671s
 148110 86548 1019.04311   49  434 1089.52366  978.18753  10.2%   125 18722s
 148487 86751 infeasible   40      1089.52366  978.21459  10.2%   125 18738s
 148919 86979 1087.44524   49  157 1089.52366  978.26454  10.2%   125 18754s
 149015 86979 1007.30440   29  570 1089.52366  978.26760  10.2%   125 18755s
 149376 87286 1014.00546   39  601 1089.52366  978.31100  10.2%   125 18770s
 149887 87545 1082.10333   34  430 1089.52366  978.33116  10.2%   125 18802s
 150345 87826 1021.72773   35  690 1089.52366  978.36507  10.2%   125 18818s
 150825 88064 1007.26793   29  322 1089.52366  978.40669  10.2%   125 18834s
 151282 88358 1020.86880   27  491 1089.52366  978.45797  10.2%   125 18856s
 151368 88361 1012.88942   28  664 1089.52366  978.45956  10.2%   125 18896s
 151764 88623 1070.21452   62  359 1089.52366  978.48202  10.2%   125 18910s
 152181 88855 1051.57147   36    - 1089.52366  978.49177  10.2%   125 18930s
 152647 89074 1011.28295   31  556 1089.52366  978.52179  10.2%   125 18947s
 153043 89320 1020.91724   27  506 1089.52366  978.56028  10.2%   126 18965s
 153410 89336 1025.64948   42  613 1089.52366  978.56028  10.2%   126 18972s
 153492 89352 1012.83324   29  348 1089.52366  978.56028  10.2%   126 18985s
 153533 89590 1076.47559   56  455 1089.52366  978.56028  10.2%   126 19000s
 153805 89599 1068.85229   35  541 1089.52366  978.61893  10.2%   126 19007s
 153942 89840 1043.32971   42  650 1089.52366  978.61893  10.2%   126 19022s
 154018 89847 infeasible   30      1089.52366  978.66000  10.2%   126 19192s
 154367 90075 1007.23214   37  660 1089.52366  978.72488  10.2%   126 19208s
 154852 90319 1003.15206   30  660 1089.52366  978.77456  10.2%   126 19256s
 155213 90549 infeasible   29      1089.52366  978.81314  10.2%   126 19270s
 155708 90859 1019.30950   32  725 1089.52366  978.86254  10.2%   126 19287s
 156269 91120 1023.19723   25  424 1089.52366  978.91120  10.2%   126 19306s
 156688 91380 1010.18567   34  597 1089.52366  978.94669  10.1%   126 19329s
 156765 91385 1033.20982   36  677 1089.52366  978.94669  10.1%   126 19331s
 156923 91393 1083.36359   70  209 1089.52366  978.94669  10.1%   126 19353s
 156974 91398 1080.15782   48  698 1089.52366  978.94669  10.1%   126 19363s
 157164 91636 1040.94564   61  547 1089.52366  978.98705  10.1%   126 19378s
 157403 91646 1041.61050   33  378 1089.52366  978.98705  10.1%   126 19381s
 157645 91876 1036.86329   40  574 1089.52366  979.02158  10.1%   126 19397s
 158065 92079 1037.13533   32  472 1089.52366  979.06642  10.1%   126 19411s
 158472 92325 1086.44017   44  397 1089.52366  979.10204  10.1%   126 19428s
 158608 92332 infeasible   30      1089.52366  979.12264  10.1%   126 19432s
 158893 92337 1017.47014   37  615 1089.52366  979.15843  10.1%   126 19466s
 158941 92650     cutoff   29      1089.52366  979.16635  10.1%   126 19481s
 159452 92919 1074.27057   43  338 1089.52366  979.18989  10.1%   127 19499s
 159912 93207 1052.06290   49  638 1089.52366  979.23280  10.1%   127 19523s
 160255 93215 1031.10256   45  381 1089.52366  979.23311  10.1%   127 19526s
 160379 93231 1087.77814   29  291 1089.52366  979.26521  10.1%   127 19552s
 160402 93459     cutoff   30      1089.52366  979.28214  10.1%   127 19570s
 160815 93728 1078.14111   47  581 1089.52366  979.28214  10.1%   127 19589s
 161265 93754 1006.29906   39  613 1089.52366  979.29077  10.1%   127 19590s
 161399 93980 1026.32094   32  604 1089.52366  979.31787  10.1%   127 19606s
 161823 94247 infeasible   26      1089.52366  979.36642  10.1%   127 19622s
 162345 94484 infeasible   52      1089.52366  979.39248  10.1%   127 19647s
 162761 94703 1002.07164   35  582 1089.52366  979.42907  10.1%   127 19665s
 163192 95009 1061.72211   47  473 1089.52366  979.47910  10.1%   127 19680s
 163683 95322 1068.96181   59  378 1089.52366  979.47910  10.1%   127 19698s
 164163 95461 1078.49664   44  637 1089.52366  979.47910  10.1%   127 19714s
 164532 95755 1024.88423   36  723 1089.52366  979.55264  10.1%   127 19730s
 165040 95939 1071.60337   70  144 1089.52366  979.58114  10.1%   127 19750s
Warning: Completing partial solution with 1914 unfixed non-continuous variables out of 2025
H165264 95572                    1088.9653117  979.58114  10.0%   127 19750s
 165417 95786 1063.55121   30  493 1088.96531  979.60687  10.0%   127 19767s
 165909 96108 1075.21620   45  692 1088.96531  979.62138  10.0%   127 19788s
 166071 96113 1008.63415   39  537 1088.96531  979.62138  10.0%   127 19790s
 166513 96368 1008.14736   39  554 1088.96531  979.69967  10.0%   127 19810s
 167024 96670 1059.84120   66   12 1088.96531  979.70207  10.0%   127 19830s
 167595 96720 1036.78406   38  589 1088.96531  979.80093  10.0%   127 20476s
 167641 96909 1037.45103   39  523 1088.96531  979.80093  10.0%   127 20494s
 167838 96913 1086.36061   45  458 1088.96531  979.82098  10.0%   127 20495s
 168132 97031     cutoff   41      1088.96531  979.86246  10.0%   127 20512s
 168504 97281 1038.30899   32  575 1088.96531  979.89549  10.0%   127 20531s
 168906 97471 1057.46059   35  713 1088.96531  979.89725  10.0%   128 20550s
 169299 97673 1082.43981   38  629 1088.96531  979.93120  10.0%   128 20568s
 169416 97676 1043.77520   30  600 1088.96531  979.93120  10.0%   128 20570s
 169671 97928     cutoff   41      1088.96531  979.95482  10.0%   128 20586s
 170152 98176 1011.53866   35  628 1088.96531  979.98879  10.0%   128 20604s
 170302 98178     cutoff   58      1088.96531  979.98879  10.0%   128 20609s
 170622 98515 1003.16399   26  544 1088.96531  980.01888  10.0%   128 20649s
 171131 98760 1012.80829   27  697 1088.96531  980.05158  10.0%   128 20666s
 171563 99033 1030.58969   33  670 1088.96531  980.06909  10.0%   128 20690s
 172039 99290 1007.48045   44  538 1088.96531  980.12307  10.0%   128 20709s
 172201 99294     cutoff   41      1088.96531  980.14320  10.0%   128 20710s
 172482 99558 infeasible   94      1088.96531  980.15651  10.0%   128 20729s
 172879 99840 1063.26577   32  360 1088.96531  980.18093  10.0%   128 20747s
 173117 99851 1044.15005   31  510 1088.96531  980.20127  10.0%   128 20751s
 173437 100135 infeasible   90      1088.96531  980.23465  10.0%   128 20773s
 173947 100351 1051.50079   36  550 1088.96531  980.28172  10.0%   128 20791s
 174356 100605 infeasible   31      1088.96531  980.31884  10.0%   128 20812s
 174585 100621 1007.33965   34  606 1088.96531  980.31946  10.0%   128 20895s
 174824 100805 1058.99024   41  527 1088.96531  980.32949  10.0%   128 20911s
 175223 100943 1080.09086   43  610 1088.96531  980.35048  10.0%   128 20928s
 175554 101134 1041.19203   35  590 1088.96531  980.38853  10.0%   129 20945s
 175945 101396 1045.30903   42  636 1088.96531  980.41064  10.0%   129 20962s
 176343 101678 1065.30570   34  294 1088.96531  980.44774  10.0%   129 20981s
 176850 101929 1025.20581   27  413 1088.96531  980.50317  10.0%   129 21017s
 177272 102089 1030.84922   39  542 1088.96531  980.51179  10.0%   129 21034s
 177711 102315 1058.42938   31  662 1088.96531  980.54831  10.0%   129 21051s
 178105 102350 1038.80169   30  711 1088.96531  980.57658  10.0%   129 21133s
 178110 102350 1014.27113   24  402 1088.96531  980.57658  10.0%   129 21135s
 178124 102350 1063.05997   38  592 1088.96531  980.57658  10.0%   129 21155s
 178127 102475 1034.47494   30  656 1088.96531  980.57658  10.0%   129 21174s
 178346 102477 1088.79871   41  377 1088.96531  980.58750  10.0%   129 21255s
 178395 102674 1054.72703   40  635 1088.96531  980.58750  10.0%   129 21272s
 178780 102901 1025.32217   38  624 1088.96531  980.65505  9.95%   129 21290s
 179246 103083 1044.07962   36  478 1088.96531  980.67913  9.94%   129 21307s
 179671 103304 1011.48491   30  350 1088.96531  980.72379  9.94%   129 21325s
 180100 103533 1000.77427   25  659 1088.96531  980.77303  9.94%   129 21346s
 180462 103842 1029.98161   33  510 1088.96531  980.82442  9.93%   130 21366s
 180839 103862 1087.48364   56  309 1088.96531  980.84152  9.93%   130 21370s
 180923 104108 1009.49627   40  550 1088.96531  980.84662  9.93%   130 21387s
 181364 104328 1002.20670   35  689 1088.96531  980.87831  9.93%   130 21408s
 181787 104672 infeasible   66      1088.96531  980.87831  9.93%   130 21426s
 182372 104987 1043.93189   37  581 1088.96531  980.97954  9.92%   130 21598s
 182864 105145 1003.89201   32  654 1088.96531  980.98576  9.92%   130 21616s
 183209 105295 1036.95007   29  482 1088.96531  981.02059  9.91%   130 21634s
 183585 105505 1062.16208   31  411 1088.96531  981.02059  9.91%   130 21651s
 183969 105792 1031.19142   33  699 1088.96531  981.06130  9.91%   130 21671s
 184498 106045 1071.29217   35  557 1088.96531  981.10231  9.91%   130 21706s
 184912 106050 1066.71853   39  627 1088.96531  981.16401  9.90%   130 21718s
 184962 106232 1088.31352   44  636 1088.96531  981.18962  9.90%   130 21736s
 185383 106422     cutoff   55      1088.96531  981.19936  9.90%   130 21754s
 185785 106607 1036.59736   31  438 1088.96531  981.25766  9.89%   130 21773s
 186230 106894  994.37044   34  366 1088.96531  981.28677  9.89%   130 21791s
 186786 107057 1031.74585   39  658 1088.96531  981.33509  9.88%   130 21815s
 187169 107233 1052.96664   44  666 1088.96531  981.37312  9.88%   131 21832s
 187588 107529 1058.42329   58  328 1088.96531  981.40894  9.88%   131 21850s
 188109 107755 1032.47024   31  649 1088.96531  981.40894  9.88%   131 21870s
 188561 107946 infeasible   42      1088.96531  981.49730  9.87%   131 21888s
 188958 108159 1029.60933   39  542 1088.96531  981.52077  9.87%   131 21905s
 189049 108166 infeasible   27      1088.96531  981.52077  9.87%   131 21932s
 189162 108170 1045.39963   44  429 1088.96531  981.52077  9.87%   131 21938s
 189428 108425 1021.65714   40  542 1088.96531  981.52908  9.87%   131 21957s
 189875 108608 1030.46851   35  668 1088.96531  981.58909  9.86%   131 21976s
 190222 108831 1013.98979   24  710 1088.96531  981.58909  9.86%   131 21995s
 190676 109092 1030.91470   26  430 1088.96531  981.63086  9.86%   131 22014s
 191179 109341 1030.40228   37  677 1088.96531  981.67345  9.85%   131 22034s
 191633 109628 1040.30438   47  151 1088.96531  981.72484  9.85%   131 22055s
 192145 109892 1046.24630   36  583 1088.96531  981.73296  9.85%   131 22076s
 192648 110156 1044.13450   37  628 1088.96531  981.78897  9.84%   131 22117s
 192857 110165 1073.28930   30  643 1088.96531  981.78897  9.84%   131 22123s
H193075 107354                    1085.7412446  981.78897  9.57%   131 22125s
 193103 107345 1077.53093   48  609 1085.74124  981.78897  9.57%   131 22156s
 193107 107345 1073.51755   58  573 1085.74124  981.78897  9.57%   131 22164s
 193111 107537 1079.20694   49  383 1085.74124  981.78897  9.57%   131 22183s
 193112 107537 1056.91783   44  301 1085.74124  981.78897  9.57%   131 22213s
 193453 107716     cutoff   50      1085.74124  981.85938  9.57%   131 22234s
 193855 107940 1018.27388   32  641 1085.74124  981.87744  9.57%   131 22253s
 194315 108183 1016.51381   29  637 1085.74124  981.98483  9.56%   131 22273s
 194797 108427  999.56912   35  560 1085.74124  982.01313  9.55%   132 22296s
 195235 108638 1085.17630   55  362 1085.74124  982.02155  9.55%   132 22316s
 195733 108835     cutoff   47      1085.74124  982.09551  9.55%   132 22337s
 196186 109093 1071.20915   43  275 1085.74124  982.12918  9.54%   132 22356s
 196350 109104 1083.94761   61  222 1085.74124  982.12918  9.54%   132 22370s
 196774 109275 1017.87050   42  628 1085.74124  982.20922  9.54%   132 22390s
 197144 109475     cutoff   39      1085.74124  982.27724  9.53%   132 22410s
 197551 109729 1053.23256   31  517 1085.74124  982.27724  9.53%   132 22430s
 198065 109980 1068.15527   48  572 1085.74124  982.31221  9.53%   132 22451s
 198288 109989 1026.63119   44  683 1085.74124  982.32094  9.53%   132 22460s
 198566 110286 1010.43720   43  693 1085.74124  982.35046  9.52%   132 22480s
 199128 110546     cutoff   44      1085.74124  982.38541  9.52%   132 22503s
 199729 110766 1080.12359   44  708 1085.74124  982.41215  9.52%   132 22524s
 200166 111028 infeasible   52      1085.74124  982.46412  9.51%   132 22544s
 200515 111030 1052.91615   43  307 1085.74124  982.47423  9.51%   132 22547s
 200643 111287 1071.38654   34  596 1085.74124  982.47728  9.51%   132 22566s
 201187 111488 1027.06781   35  450 1085.74124  982.50017  9.51%   132 22589s
 201275 111491 1064.52412   37  703 1085.74124  982.50017  9.51%   132 22720s
 201621 111724 1084.36764   58   41 1085.74124  982.53204  9.51%   132 22741s
 202097 111878 1015.10146   28  584 1085.74124  982.55131  9.50%   132 22764s
 202166 111886 1030.73816   26  465 1085.74124  982.55131  9.50%   132 22765s
 202466 112218     cutoff   59      1085.74124  982.55131  9.50%   132 22786s
 202740 112223 1019.33332   38  635 1085.74124  982.55131  9.50%   132 22791s
 203004 112421 1056.41693   71  213 1085.74124  982.62070  9.50%   132 22813s
 203468 112658 1033.16477   44  638 1085.74124  982.64446  9.50%   132 22832s
 203886 112870 1062.85939   36  571 1085.74124  982.67263  9.49%   132 22851s
 204301 113147 1022.78027   32  333 1085.74124  982.69172  9.49%   132 22955s
 204797 113365 1048.08597   44  634 1085.74124  982.72488  9.49%   132 22995s
 205289 113559 1025.32658   37  557 1085.74124  982.72488  9.49%   132 23139s
 205706 113711 1082.42396   38  516 1085.74124  982.83277  9.48%   133 23167s
 206085 113850 1073.96254   57    - 1085.74124  982.87860  9.47%   133 23198s
 206410 114122 1067.10649   54   21 1085.74124  982.89628  9.47%   133 23219s
 206966 114339 1042.16298   33  402 1085.74124  982.92539  9.47%   133 23250s
 207381 114544 1070.70421   60  402 1085.74124  982.95720  9.47%   133 23272s
 207768 114766 infeasible   30      1085.74124  982.95985  9.47%   133 23292s
 208167 114940 1060.21457   40  646 1085.74124  982.95985  9.47%   133 23311s
 208567 115134 infeasible   32      1085.74124  983.04164  9.46%   133 23330s
 209015 115327  997.16106   31  617 1085.74124  983.06749  9.46%   133 23353s
 209518 115603     cutoff   37      1085.74124  983.09843  9.45%   133 23375s
 210041 115827 1075.69517   50  541 1085.74124  983.15436  9.45%   133 23397s
 210539 116047 1015.68807   40  715 1085.74124  983.20882  9.44%   133 23418s
 210955 116296 1020.43031   27  494 1085.74124  983.23212  9.44%   133 23439s
 211473 116566 1061.97941   37  674 1085.74124  983.28023  9.44%   133 23481s
 211556 116566 1067.46436   70    - 1085.74124  983.28023  9.44%   133 23498s
 211948 116821     cutoff   45      1085.74124  983.30441  9.43%   133 23520s
 212472 117108 1029.38727   42  656 1085.74124  983.35972  9.43%   133 23540s
 212934 117364 1045.05624   38  498 1085.74124  983.37716  9.43%   133 23565s
 213343 117581 1052.02482   35  619 1085.74124  983.44584  9.42%   134 23585s
 213753 117832 1080.87948   27  489 1085.74124  983.44811  9.42%   134 23607s
 214268 118035     cutoff   59      1085.74124  983.51267  9.42%   134 23628s
 214701 118273 1015.37678   22  600 1085.74124  983.55233  9.41%   134 23649s
 215147 118484 1061.72932   41  394 1085.74124  983.58821  9.41%   134 23671s
 215611 118736 1032.72592   31  620 1085.74124  983.66294  9.40%   134 23692s
 216165 119065 1056.29976   47  416 1085.74124  983.72161  9.40%   134 23716s
 216741 119307 1032.49129   35  560 1085.74124  983.76439  9.39%   134 23742s
 217156 119625 1036.98694   42  660 1085.74124  983.79191  9.39%   134 23764s
 217756 119931 1014.04944   39  643 1085.74124  983.82348  9.39%   134 23804s
 218297 120166 1024.48334   37  714 1085.74124  983.89850  9.38%   134 23831s
 218787 120427 1071.07438   31  369 1085.74124  983.97174  9.37%   134 23866s
 219256 120582 1062.35060   57  553 1085.74124  983.98267  9.37%   134 23887s
 219607 120845 infeasible   46      1085.74124  984.03763  9.37%   134 23908s
 220140 121149 1016.67949   36  697 1085.74124  984.09165  9.36%   134 23931s
 220809 121350 1074.34418   45  394 1085.74124  984.11019  9.36%   134 23956s
 221250 121577 1055.11102   48  533 1085.74124  984.16984  9.36%   134 23996s
 221688 121756 1067.38954   35  306 1085.74124  984.19488  9.35%   134 24042s
 222102 122004     cutoff   50      1085.74124  984.22791  9.35%   134 24063s
 222399 122023 1062.27628   48  629 1085.74124  984.22791  9.35%   134 24102s
 222622 122256 1078.90799   43  321 1085.74124  984.26527  9.35%   134 24124s
 222743 122256 1018.53741   31  718 1085.74124  984.26527  9.35%   134 24125s
 223059 122459 1037.53113   35  481 1085.74124  984.29585  9.34%   134 24147s
 223483 122691 1015.14994   23  489 1085.74124  984.33205  9.34%   134 24168s
 223929 122902 1019.39996   39  487 1085.74124  984.35324  9.34%   134 24193s
 224236 123092 1067.87903   53  345 1085.74124  984.37043  9.34%   135 24227s
 224586 123322 1047.23984   32  668 1085.74124  984.37043  9.34%   135 24248s
 225061 123594 1033.58730   40  368 1085.74124  984.39428  9.33%   135 24271s
 225592 123861 1043.16376   39  645 1085.74124  984.44873  9.33%   135 24294s
 226036 124093 1039.09236   37  573 1085.74124  984.46730  9.33%   135 24314s
 226194 124094 1071.75126   52  532 1085.74124  984.46730  9.33%   135 24316s
 226524 124337 infeasible   48      1085.74124  984.49255  9.33%   135 24337s
 226997 124536 1046.13880   36  606 1085.74124  984.53197  9.32%   135 24360s
 227393 124746 1015.46151   27  574 1085.74124  984.55263  9.32%   135 24387s
 227420 124748 1043.41551   35  669 1085.74124  984.55263  9.32%   135 24420s
 227738 125066     cutoff   52      1085.74124  984.56430  9.32%   135 24445s
 228054 125082 1003.83496   23  673 1085.74124  984.58903  9.32%   135 24450s
 228300 125278 1024.71677   32  423 1085.74124  984.61962  9.31%   135 24473s
 228726 125568 1040.17223   41  426 1085.74124  984.65629  9.31%   135 24494s
 229244 125850 1002.45018   28  546 1085.74124  984.67905  9.31%   135 24527s
 229715 126104 1023.50055   37  474 1085.74124  984.71514  9.30%   135 24550s
 229853 126105 infeasible   49      1085.74124  984.71514  9.30%   135 24568s
 230112 126297 1030.21078   39  613 1085.74124  984.74358  9.30%   135 24591s
 230561 126612 infeasible   53      1085.74124  984.78139  9.30%   135 24615s
 231077 126876 infeasible   37      1085.74124  984.82909  9.29%   135 24636s
 231519 127101 1068.49390   27  261 1085.74124  984.86073  9.29%   135 24658s
 231997 127379 1074.64793   34  478 1085.74124  984.91725  9.29%   135 24682s
 232520 127648 1053.89183   53  148 1085.74124  984.92360  9.29%   135 24708s
 233031 127910 1034.57237   33  623 1085.74124  984.98751  9.28%   135 24734s
 233568 127921 infeasible   44      1085.74124  985.02234  9.28%   135 24789s
 233577 128035     cutoff   43      1085.74124  985.02234  9.28%   135 24815s
 233849 128251 1058.00857   46  555 1085.74124  985.02234  9.28%   135 24873s
 234295 128477 1036.96424   20  562 1085.74124  985.05065  9.27%   135 24896s
 234741 128654 1045.98582   29  563 1085.74124  985.06528  9.27%   135 24931s
 235109 128852 1011.55297   31  687 1085.74124  985.11294  9.27%   136 24953s
 235581 129106 1040.02877   36  489 1085.74124  985.14519  9.27%   136 24975s
 236000 129381 1085.49000   50  573 1085.74124  985.15297  9.26%   136 24999s
 236444 129490 1036.69986   30  558 1085.74124  985.18264  9.26%   136 25033s
 236562 129491 1041.43466   27  269 1085.74124  985.20402  9.26%   136 25035s
 236732 129683 1051.98943   32  597 1085.74124  985.20402  9.26%   136 25057s
 237173 129956 1058.65024   39  489 1085.74124  985.24193  9.26%   136 25083s
 237626 130213 1078.74031   47   90 1085.74124  985.27523  9.25%   136 25107s
 238156 130388 1027.73359   31  522 1085.74124  985.34101  9.25%   136 25132s
 238292 130396 1019.70579   30  507 1085.74124  985.34486  9.25%   136 25144s
 238601 130553 1009.36617   28  643 1085.74124  985.37538  9.24%   136 25177s
 238815 130560 1068.77382   37  613 1085.74124  985.37538  9.24%   136 25181s
 238888 130825 1044.63564   31  627 1085.74124  985.37538  9.24%   136 25208s
 239088 130834 1036.92494   42  698 1085.74124  985.37872  9.24%   136 25239s
 239381 131100 1015.58797   30  559 1085.74124  985.41563  9.24%   136 25266s
 239957 131325 1018.46481   27  637 1085.74124  985.46109  9.24%   136 25290s
 240425 131623 1062.58250   40  502 1085.74124  985.49669  9.23%   136 25314s
 240607 131624 1016.47464   25  580 1085.74124  985.50297  9.23%   136 25316s
 241061 131812     cutoff   55      1085.74124  985.52063  9.23%   136 25338s
 241532 132034 1025.00875   39  712 1085.74124  985.57058  9.23%   136 25361s
 241943 132301 1069.82428   52  438 1085.74124  985.60286  9.22%   136 25393s
 242487 132614     cutoff   50      1085.74124  985.65114  9.22%   136 25416s
 243030 132807 1011.42375   24  721 1085.74124  985.66344  9.22%   136 25440s
 243423 133124 1082.86871   34  548 1085.74124  985.67576  9.22%   136 25466s
 243958 133405 1004.99728   27  626 1085.74124  985.74399  9.21%   136 25555s
 244393 133604 1077.60841   73   97 1085.74124  985.76971  9.21%   136 25577s
 244834 133773 1044.07525   28  455 1085.74124  985.79851  9.21%   137 25601s
 245223 134052 1008.27639   29  721 1085.74124  985.81044  9.20%   137 25627s
 245845 134216 infeasible   95      1085.74124  985.86532  9.20%   137 25839s
 246277 134547 1058.62081   34  554 1085.74124  985.91252  9.19%   137 25862s
 246540 134549 1078.37770   30  652 1085.74124  985.91624  9.19%   137 25870s
 246919 134828     cutoff   43      1085.74124  985.97562  9.19%   137 25893s
 247101 134828 1062.04742   69    - 1085.74124  985.99586  9.19%   137 25898s
 247354 135042 1029.92109   52  629 1085.74124  985.99586  9.19%   137 25924s
 247831 135374 1005.01772   34  706 1085.74124  986.04881  9.18%   137 25948s
 248409 135631     cutoff   48      1085.74124  986.07420  9.18%   137 25975s
 248900 135854 1030.68078   46  508 1085.74124  986.12210  9.18%   137 26045s
 249312 136013 1059.12497   44  562 1085.74124  986.17473  9.17%   137 26093s
 249649 136229  990.80170   30  716 1085.74124  986.18323  9.17%   137 26116s
 250110 136495 1009.63360   39  630 1085.74124  986.20995  9.17%   137 26139s
 250538 136721 1054.97524   54  415 1085.74124  986.20995  9.17%   137 26164s
 250773 136728 1053.56163   62  242 1085.74124  986.20995  9.17%   137 26166s
 251028 137029 infeasible   46      1085.74124  986.20995  9.17%   137 26194s
 251153 137030 1038.80246   46  697 1085.74124  986.25467  9.16%   137 26199s
 251558 137240 1072.84904   31  519 1085.74124  986.28981  9.16%   137 26223s
 252028 137445 1071.98843   41  622 1085.74124  986.34995  9.15%   137 26248s
 252528 137664 1083.35412   65  419 1085.74124  986.35928  9.15%   137 26271s
 253031 137836 1004.71128   28  689 1085.74124  986.35928  9.15%   137 26298s
 253426 138001 1013.74127   37  735 1085.74124  986.43941  9.15%   137 26323s
 253830 138146 1039.93314   49  614 1085.74124  986.53793  9.14%   137 26347s
 254230 138394 1028.99816   37  396 1085.74124  986.57954  9.13%   137 26372s
 254670 138649 infeasible   41      1085.74124  986.61699  9.13%   137 26396s
 255123 138839 1018.20939   41  533 1085.74124  986.63456  9.13%   137 26420s
 255533 139123 1033.49923   39  668 1085.74124  986.70834  9.12%   138 26448s
 256038 139334 1074.33494   31  586 1085.74124  986.74627  9.12%   138 26474s
 256495 139619 1025.31577   45  334 1085.74124  986.78680  9.11%   138 26501s
 257006 139811 1050.17925   26  643 1085.74124  986.83151  9.11%   138 26524s
 257109 139813 1074.05603   44  386 1085.74124  986.83151  9.11%   138 26526s
 257425 140070 1054.99530   37  595 1085.74124  986.86935  9.11%   138 26549s
 257886 140277 1021.45029   39  671 1085.74124  986.89611  9.10%   138 26572s
 258314 140454 1080.69342   57  613 1085.74124  986.89611  9.10%   138 26597s
 258711 140469 1017.03362   35  679 1085.74124  986.94103  9.10%   138 26634s
 258768 140531 1019.32120   36  561 1085.74124  986.94103  9.10%   138 26661s
 258920 140752 1017.99795   36  663 1085.74124  986.94103  9.10%   138 26694s
 259312 140931 1006.22076   27  517 1085.74124  986.99966  9.09%   138 26721s
 259670 141142 1011.89519   30  704 1085.74124  987.05320  9.09%   138 26746s
 260114 141334 1003.34035   22  664 1085.74124  987.08608  9.09%   138 26771s
 260538 141532 1014.73102   40  635 1085.74124  987.12932  9.08%   138 26794s
 260598 141532 1055.71511   30  704 1085.74124  987.12932  9.08%   138 26795s
 260907 141768 1034.69121   34  711 1085.74124  987.15135  9.08%   138 26820s
 261385 142027 1069.86712   44  686 1085.74124  987.18345  9.08%   138 26847s
 261875 142330 1023.91674   32  426 1085.74124  987.24590  9.07%   138 26878s
 262339 142669 1023.05537   40  647 1085.74124  987.25812  9.07%   138 26907s
 262844 142937 1012.83607   33  530 1085.74124  987.28996  9.07%   138 26932s
 263362 143076 1013.08035   37  723 1085.74124  987.34129  9.06%   138 26965s
 263640 143223 1080.99237   46  637 1085.74124  987.34807  9.06%   138 26997s
 264008 143431 1076.86730   45  211 1085.74124  987.38582  9.06%   138 27024s
 264507 143661 infeasible   32      1085.74124  987.38582  9.06%   139 27050s
 265027 143880 1054.19501   30  599 1085.74124  987.46373  9.05%   139 27076s
 265528 144039 1023.83154   25  587 1085.74124  987.50068  9.05%   139 27101s
 265933 144263 1037.78873   35  344 1085.74124  987.54431  9.04%   139 27126s
 266404 144553 1057.81541   39  498 1085.74124  987.56219  9.04%   139 27151s
 266923 144815 1021.39209   51  447 1085.74124  987.60405  9.04%   139 27176s
 267433 145102 1051.23288   49  508 1085.74124  987.62961  9.04%   139 27204s
 267529 145107 1061.25915   44  586 1085.74124  987.63501  9.04%   139 27207s
 267950 145392 1031.68429   41  547 1085.74124  987.66725  9.03%   139 27233s
 268451 145620 1041.83987   32  470 1085.74124  987.70731  9.03%   139 27258s
 268868 145854 infeasible   49      1085.74124  987.71370  9.03%   139 27284s
 269354 146069 1027.75262   32  450 1085.74124  987.74430  9.03%   139 27314s
 269820 146298 1072.82102   40  536 1085.74124  987.77969  9.02%   139 27339s
 270254 146562 1059.06628   35  586 1085.74124  987.82548  9.02%   139 27365s
 270728 146821 1041.06392   39  702 1085.74124  987.85211  9.02%   139 27392s
 271203 147102 1037.90717   27  543 1085.74124  987.87391  9.01%   139 27417s
 271677 147419 infeasible   41      1085.74124  987.90132  9.01%   139 27443s
 271877 147425 1084.61895   62  449 1085.74124  987.90132  9.01%   139 27445s
 272240 147731 1046.72780   44  648 1085.74124  987.93058  9.01%   139 27711s
 272803 147970 1070.79058   30  328 1085.74124  987.97185  9.00%   139 27737s
 273232 148203 1062.09379   37  599 1085.74124  987.99210  9.00%   139 27764s
 273433 148211 1018.03755   39  595 1085.74124  987.99210  9.00%   139 27765s
 273752 148419 1083.46786   48  498 1085.74124  988.02004  9.00%   139 27791s
 274239 148550 infeasible   49      1085.74124  988.06999  9.00%   139 27817s
 274619 148792 1019.09997   40  318 1085.74124  988.09033  8.99%   139 27843s
 275188 148964 1065.49977   58  507 1085.74124  988.14095  8.99%   139 27869s
 275620 149152 1030.33558   41  561 1085.74124  988.15363  8.99%   139 27895s
 276012 149343 1021.44401   30  648 1085.74124  988.18824  8.98%   140 27948s
 276419 149680 1068.88143   58  602 1085.74124  988.21306  8.98%   140 27974s
 276945 149900 1050.75352   48  704 1085.74124  988.21865  8.98%   140 28000s
 277412 150149 1045.11389   37  384 1085.74124  988.27512  8.98%   140 28027s
 277913 150157 infeasible   36      1085.74124  988.28888  8.98%   140 28069s
 277925 150233 1017.15712   31  599 1085.74124  988.30117  8.97%   140 28104s
 278132 150435 1066.44437   39  648 1085.74124  988.30117  8.97%   140 28161s
 278582 150734 1057.05195   47  313 1085.74124  988.38074  8.97%   140 28187s
 279076 150936     cutoff   48      1085.74124  988.39871  8.97%   140 28212s
 279491 151171 1020.66329   59  586 1085.74124  988.43761  8.96%   140 28241s
 280022 151397 1022.28100   35  600 1085.74124  988.46547  8.96%   140 28268s
 280487 151540 infeasible   51      1085.74124  988.51319  8.95%   140 28294s
 280906 151725 1011.21011   34  661 1085.74124  988.53582  8.95%   140 28320s
 281304 151927 1041.13383   29  630 1085.74124  988.53582  8.95%   140 28347s
 281748 152165 1054.97163   32  366 1085.74124  988.57447  8.95%   140 28372s
 282223 152399 1037.73992   42  406 1085.74124  988.59450  8.95%   140 28398s
 282602 152413     cutoff   52      1085.74124  988.60556  8.95%   140 28402s
 282698 152675 1011.70277   32  462 1085.74124  988.61494  8.95%   140 28429s
 283246 152964 1084.40698   55  301 1085.74124  988.68454  8.94%   140 28455s
 283350 152965 1013.36885   46  612 1085.74124  988.69094  8.94%   140 28466s
 283746 153181 1082.30282   45  623 1085.74124  988.71939  8.94%   140 28526s
 284227 153445 1085.73642   40  296 1085.74124  988.75441  8.93%   140 28551s
 284777 153707 infeasible   40      1085.74124  988.79114  8.93%   140 28575s
 285381 153944 1039.46723   43  507 1085.74124  988.83627  8.93%   140 28604s
 285862 154133 1016.69876   30  700 1085.74124  988.87020  8.92%   140 28630s
 286210 154371 1075.26134   39  482 1085.74124  988.88084  8.92%   140 28656s
 286726 154664 1023.01656   32  641 1085.74124  988.93063  8.92%   140 28683s

Cutting planes:
  Gomory: 13
  Flow cover: 2
  Zero half: 28
  RLT: 1
  Lazy constraints: 18140

Explored 287144 nodes (40330919 simplex iterations) in 28800.50 seconds (16748.01 work units)
Thread count was 8 (of 18 available processors)

Solution count 7: 1085.74 1088.97 1089.52 ... 1119.61

Solve interrupted
Best objective 1.085741244602e+03, best bound 9.889580723376e+02, gap 8.9140%

User-callback calls 956286, time in user-callback 19630.57 sec
### START EXACT APPROACH ###
ProblemVariant: 4
### START PREPROCESSING ###
## Start infeasible path procedure ## 
Deleted arcs: 14
Infeasible tail paths: 2
Infeasible 2-node combinations: 7
## Start extended infeasible path procedure ##
Deleted arcs: 14
Infeasible tail paths: 2
Infeasible 2-node combinations: 7
## Start start solution procedure ##
Start solution with 9 Vehicles and total costs 1119.61 in 32.5988 s.
### END PREPROCESSING ###
Route 0 0-4-3-35-33-32-31-34-37-0 : weight util 0.808458 | volume util 0.844067 | infeasible with packing heuristic | feasible with CP model
Route 1 0-12-14-2-1-0 : weight util 0.308955 | volume util 0.748578 | infeasible with packing heuristic | feasible with CP model
Route 2 0-15-18-10-0 : weight util 0.146269 | volume util 0.587622 | feasible with packing heuristic | feasible with CP model
Route 3 0-17-11-13-16-24-0 : weight util 0.702985 | volume util 0.675156 | feasible with packing heuristic | feasible with CP model
Route 4 0-20-8-44-43-42-0 : weight util 0.349751 | volume util 0.714378 | feasible with packing heuristic | feasible with CP model
Route 5 0-25-26-23-22-19-21-9-0 : weight util 0.807960 | volume util 0.757533 | infeasible with packing heuristic | feasible with CP model
Route 6 0-28-29-27-6-5-7-0 : weight util 0.216915 | volume util 0.843822 | infeasible with packing heuristic | feasible with CP model
Route 7 0-38-36-39-40-41-30-0 : weight util 0.250746 | volume util 0.754044 | infeasible with packing heuristic | feasible with CP model
