
Gurobi 12.0.1 (win64, C++) logging started Thu Apr 24 10:49:07 2025

Set parameter Username
Set parameter LicenseID to value 2618655
Academic license - for non-commercial use only - expires 2026-02-05
Set parameter Threads to value 8
Set parameter LazyConstraints to value 1
Set parameter PreCrush to value 1
Set parameter Seed to value 0
Set parameter Cuts to value -1
Set parameter TimeLimit to value 28800
Set parameter NumericFocus to value 0
Set parameter SolutionLimit to value 10000
Gurobi Optimizer version 12.0.1 build v12.0.1rc0 (win64 - Windows Server 2022.0 (20348.2))

CPU model: AMD EPYC 7513 32-Core Processor, instruction set [SSE2|AVX|AVX2]
Thread count: 18 physical cores, 18 logical processors, using up to 8 threads

Non-default parameters:
SolutionLimit  10000
TimeLimit  28800
PreCrush  1
Threads  8
LazyConstraints  1

Optimize a model with 880 rows, 1681 columns and 4956 nonzeros
Model fingerprint: 0x1671d4e7
Variable types: 0 continuous, 1681 integer (1681 binary)
Coefficient statistics:
  Matrix range     [1e+00, 1e+00]
  Objective range  [4e+00, 7e+01]
  Bounds range     [1e+00, 1e+00]
  RHS range        [1e+00, 1e+01]
Presolve removed 39 rows and 85 columns
Presolve time: 0.01s
Presolved: 841 rows, 1596 columns, 4691 nonzeros
Variable types: 0 continuous, 1596 integer (1596 binary)

Root relaxation: objective 6.350581e+02, 166 iterations, 0.00 seconds (0.00 work units)

    Nodes    |    Current Node    |     Objective Bounds      |     Work
 Expl Unexpl |  Obj  Depth IntInf | Incumbent    BestBd   Gap | It/Node Time

     0     0  635.05813    0    -          -  635.05813      -     -    0s
     0     0  656.63003    0    8          -  656.63003      -     -    0s
     0     0  686.38493    0   40          -  686.38493      -     -    0s
     0     0  712.98153    0    6          -  712.98153      -     -    0s
     0     0  737.08000    0   45          -  737.08000      -     -    0s
     0     0  737.48624    0   58          -  737.48624      -     -    0s
     0     0  737.48624    0   37          -  737.48624      -     -    0s
     0     2  737.48624    0   36          -  737.48624      -     -    0s
    39    48  806.96309    6  137          -  778.41829      -   275    5s
    74    80  822.41448    8  133          -  778.41829      -   415   10s
   112   124  826.60009   13  147          -  778.41829      -   409   15s
   141   163  825.20718   15  149          -  778.41829      -   382   20s
   179   187  824.67823   15  140          -  778.41829      -   341   25s
   408   444  832.28342   42  138          -  778.41829      -   211   30s
  2075  2228  882.14633  332   82          -  778.41829      -  75.6   35s
  3310  3291  820.45530    7  156          -  778.41829      -  60.9   40s
  3376  3322  810.79141    7   37          -  778.41829      -  64.1   67s
  3378  3323  853.05452  107 1041          -  817.35673      -  64.1   72s
  3379  3324  940.87160  268 1066          -  819.05959      -  64.1   75s
  3383  3327  827.82169   24 1083          -  820.68928      -  64.0   80s
  3386  3329  836.73037   34 1068          -  822.15819      -  63.9   86s
  3389  3331  845.41149  152 1080          -  822.42149      -  63.9   91s
  3459  3395  827.24263   20 1060          -  822.58126      -  68.4   95s
  3840  3662  837.57968   44 1020          -  822.58126      -  88.6  100s
  4282  3965  844.69920   72  984          -  822.58126      -   100  109s
  4369  4072  844.72880   75  969          -  822.58126      -   100  110s
  5630  4855  925.89078  177  622          -  823.10075      -   103  115s
  6516  5356  877.64530   69  970          -  823.10075      -   110  120s
  7361  5691  831.29969   29 1048          -  823.10075      -   112  125s
  8145  6173  910.61669   70  646          -  823.11424      -   117  130s
  8893  6561  836.42647   35 1048          -  823.11424      -   120  135s
  9818  7045  873.66806   79 1029          -  823.11424      -   125  141s
 10209  7193 infeasible   94               -  823.79850      -   128  152s
 10514  7468  833.27667   33 1050          -  823.79850      -   130  155s
 11212  7779  880.34261   72  820          -  824.01513      -   133  160s
 12005  8271  845.96570   42 1054          -  824.01513      -   136  166s
 12688  8621  831.02691   24 1039          -  824.01513      -   139  170s
 13914  9351  830.57930   27 1046          -  824.34088      -   141  177s
 14507 10005  853.24916   49 1028          -  824.49421      -   145  182s
 14928 10195  888.60149   85  568          -  824.49421      -   146  185s
 15666 11102  843.70404   42 1043          -  824.49421      -   147  191s
 16576 11600  875.38742   69  923          -  824.49421      -   148  195s
 16927 11835  829.72954   26 1061          -  824.49421      -   148  203s
 17210 12344  845.95547   36 1047          -  824.49421      -   148  207s
 17731 12841  836.22348   26 1023          -  824.49421      -   149  211s
 18379 13362  859.86487   46 1006          -  824.49421      -   150  215s
 19721 14437  839.85266   34 1060          -  824.97567      -   151  223s
 20267 14998  880.93490   61  911          -  824.97567      -   152  228s
 20992 15538  839.70270   32 1018          -  824.97567      -   153  232s
 21538 16306  860.70219   49  943          -  824.97567      -   155  237s
 22545 16921  827.62011   28 1059          -  825.16828      -   154  241s
 23231 17487  861.36568   55 1005          -  825.23313      -   154  246s
 23917 18092  832.60745   28 1050          -  825.23313      -   155  251s
 24668 18301  866.04877   49 1009          -  825.23313      -   156  257s
 24888 18906  881.86510   57 1003          -  825.23313      -   157  261s
 25668 19500  840.95796   32 1041          -  825.23313      -   157  267s
 26405 20109  840.78431   34 1055          -  825.23313      -   157  272s
 27076 20699  888.85966   73  976          -  825.23313      -   158  277s
 27813 21281 infeasible   66               -  825.37987      -   158  282s
 28427 21829  873.31077   54  808          -  825.46378      -   159  288s
 29106 22404  853.04370   40 1020          -  825.46378      -   159  293s
 29830 22962  884.59639   83  977          -  825.46378      -   160  298s
 30470 23481  842.17753   25 1032          -  825.46378      -   160  303s
 31079 23705  879.78536   55  893          -  825.51993      -   161  312s
 31325 24268  899.61709   66  503          -  825.51993      -   161  318s
 32047 24825  853.51556   38 1027          -  825.51993      -   162  323s
 32685 25331  881.14573   57 1024          -  825.51993      -   162  329s
 33288 25901 1010.62258   83  858          -  825.51993      -   163  335s
 33933 26293  875.06476   53  952          -  825.60519      -   164  340s
 34396 26735  847.98921   34 1049          -  825.60519      -   165  346s
 34926 27238  833.58020   26 1063          -  825.60519      -   165  352s
 35566 27811  874.52176   39 1012          -  825.64332      -   165  358s
 36183 28346  924.72496   62  832          -  825.64332      -   166  364s
 36879 28973  859.88522   44  886          -  825.64332      -   166  370s
 37630 29479  851.46680   37 1027          -  825.64332      -   166  376s
 38208 30035  899.52955   57  979          -  825.64332      -   166  382s
 38925 30209  859.29046   37 1007          -  825.64332      -   167  389s
 39103 30757  876.68454   49  991          -  825.90256      -   167  395s
 39815 31266  859.06367   38  727          -  825.90256      -   167  402s
 40405 31685 infeasible   76               -  826.04947      -   168  408s
 40959 31845  833.79923   28 1058          -  826.04947      -   167  415s
 41118 32325  843.39357   30 1043          -  826.07653      -   168  421s
 41740 32804  900.67228   66  518          -  826.07873      -   168  427s
 42292 33369  896.17557   49  854          -  826.11762      -   169  434s
 43014 33928  842.13424   41 1068          -  826.11762      -   169  441s
 43695 34171 infeasible   63               -  826.15241      -   169  452s
 44052 34657  829.14084   23 1072          -  826.15241      -   169  459s
 44588 35156  857.00449   42 1046          -  826.15241      -   170  466s
 45279 35656 infeasible   70               -  826.15241      -   170  473s
 45824 36173  844.81315   34 1020          -  826.15241      -   170  480s
 46403 36672  893.52725   60  556          -  826.15241      -   171  487s
 47040 36987  845.43839   40 1022          -  826.29607      -   171  494s
 47424 37425  863.41403   49  871          -  826.30964      -   172  500s
 47937 37905  840.71169   29 1062          -  826.30964      -   172  507s
 48540 38421  855.94078   44 1019          -  826.30964      -   172  515s
 49063 38936  892.33035   72  964          -  826.30964      -   173  522s
 49727 39444  932.71268  110  694          -  826.30964      -   173  528s
 50329 39532  849.33689   41 1039          -  826.30964      -   173  541s
 50464 40044  859.46919   48  983          -  826.30964      -   173  548s
 51076 40519  845.84023   34 1022          -  826.43388      -   174  555s
 51654 40975  957.28344   75  302          -  826.43388      -   174  562s
 52173 41473  848.57444   40 1017          -  826.50337      -   174  569s
 52500 41482  860.44804   42  979          -  826.50337      -   175  570s
 52759 41905  833.35523   31 1038          -  826.50337      -   175  577s
 53294 42457  886.04858   48  981          -  826.50337      -   175  584s
 54026 42883  829.89405   25 1065          -  826.50337      -   175  592s
 54492 43483  851.99835   39 1035          -  826.50337      -   175  599s
 55157 43496  911.17612   89  127          -  826.50337      -   175  600s
 55232 43835  831.92869   29 1059          -  826.50337      -   175  607s
 55634 44381  843.14673   35 1058          -  826.50337      -   176  614s
 56291 44622  870.40705   54 1006          -  826.50337      -   176  625s
 56578 44956  895.90085   68  840          -  826.50337      -   176  633s
 57138 45372  852.85294   31 1018          -  826.50337      -   176  640s
 57608 45824  890.05150   59  925          -  826.50337      -   176  648s
 58152 46273  847.37281   32 1011          -  826.50337      -   176  655s
 58732 46633 infeasible   60               -  826.50337      -   177  663s
 59203 47198  858.52223   46  979          -  826.77037      -   177  670s
 59876 47661  836.78290   27 1057          -  826.77037      -   177  678s
 60485 48148  882.26689   56  893          -  826.77037      -   177  686s
 61002 48574  832.74315   27 1052          -  826.77037      -   178  694s
 61520 49046  869.06258   44  907          -  826.77037      -   178  702s
 62093 49424  869.83639   29 1012          -  826.77037      -   178  710s
 62538 49849  862.33261   51  971          -  826.83515      -   178  718s
 63062 50068  832.53006   28 1044          -  826.84318      -   179  727s
 63305 50438  844.01775   35 1043          -  826.84318      -   179  737s
 63820 50933  862.58227   48 1020          -  826.85193      -   179  745s
 64346 51387  838.65797   34 1063          -  826.85193      -   180  754s
 64928 51747  861.00338   52 1032          -  826.86454      -   180  763s
 65315 52151  837.55668   26 1059          -  826.90464      -   180  771s
 65832 52485  861.19896   41 1014          -  826.90464      -   180  781s
 66170 52889 infeasible   77               -  826.93980      -   181  790s
 66726 53253  891.01131   52  884          -  826.97280      -   181  798s
 67152 53781  841.54520   35 1058          -  826.97280      -   181  807s
 67846 54164 infeasible   52               -  827.02430      -   181  816s
 68280 54692  852.25202   48  989          -  827.02430      -   182  825s
 68911 55191  841.41819   29 1064          -  827.02430      -   182  834s
 69512 55402  832.55750   22 1080          -  827.02430      -   182  853s
 69731 55788  845.99205   29 1048          -  827.02430      -   182  862s
 70232 56224  878.00183   43  831          -  827.09311      -   182  871s
 70722 56659  847.53596   30 1029          -  827.09724      -   182  880s
 71227 57002  884.38924   62  938          -  827.09724      -   183  889s
 71662 57445  836.79419   28 1056          -  827.17808      -   183  899s
 72166 57897  890.17234   61  748          -  827.17808      -   184  908s
 72756 58388  863.37112   44 1023          -  827.17808      -   184  917s
 73413 58890  836.81822   27 1037          -  827.23952      -   184  926s
 73989 59346  878.49058   50  941          -  827.27091      -   184  935s
 74522 59826  839.72421   35 1044          -  827.27091      -   184  945s
 75078 60283  838.15052   27 1062          -  827.30112      -   184  954s
 75637 60439  860.11657   49 1037          -  827.30112      -   184  971s
 75831 60945  875.24241   61  985          -  827.30112      -   185  980s
 76437 61275  841.62815   27 1035          -  827.30112      -   185  990s
 76792 61786  863.86091   51  988          -  827.32322      -   185  999s
 77431 62291  913.43102   76  848          -  827.35647      -   185 1008s
 78038 62815  849.94212   47 1042          -  827.35647      -   185 1018s
 78694 63331 infeasible   73               -  827.37196      -   185 1027s
 79291 63617  852.80969   35 1032          -  827.38880      -   185 1037s
 79703 64046  839.18212   28 1045          -  827.41195      -   185 1047s
 80223 64429  871.77326   48  877          -  827.41195      -   185 1057s
 80665 64724  856.39201   34 1005          -  827.41195      -   186 1069s
 81002 65139  889.45625   51  508          -  827.41195      -   186 1079s
 81499 65655  845.01837   31 1032          -  827.41195      -   186 1089s
 82083 66088  868.04832   60  983          -  827.41195      -   186 1098s
 82578 66499  915.50224   89  933          -  827.42211      -   186 1109s
 83125 66950  875.95502   40 1023          -  827.51893      -   186 1119s
 83632 67478  938.57986   72  400          -  827.54980      -   187 1129s
 84342 67834  870.31369   44  949          -  827.54980      -   187 1139s
 84731 68008  835.06966   27 1068          -  827.54980      -   187 1151s
 84961 68341  844.40573   30 1049          -  827.54980      -   187 1161s
 85407 68823  853.72788   49 1039          -  827.59595      -   187 1172s
 85963 69280  902.27381   90  994          -  827.59595      -   187 1182s
 86529 69664  848.90379   40 1022          -  827.60699      -   188 1193s
 86945 70062  838.59145   30 1059          -  827.60699      -   188 1203s
 87389 70602  864.60089   50  993          -  827.63380      -   188 1214s
 88115 71078  846.47096   25 1063          -  827.66338      -   188 1225s
 88636 71546  892.80851   76  775          -  827.66338      -   188 1235s
 89315 71992  885.87225   32 1007          -  827.67495      -   188 1246s
 89842 72144  876.54222   63  871          -  827.67495      -   188 1260s
 90067 72551 infeasible   73               -  827.67495      -   188 1271s
 90549 72896  858.95978   45 1032          -  827.67495      -   188 1282s
 91092 73364  888.38761   75  979          -  827.67495      -   188 1293s
 91574 73709  927.88289   96  617          -  827.67495      -   189 1304s
 91971 74048  840.52512   25 1051          -  827.68887      -   189 1315s
 92378 74426  879.27654   47  914          -  827.77066      -   189 1326s
 92906 74785  858.02111   38 1019          -  827.77066      -   190 1337s
 93302 75047  908.58917   77  934          -  827.77778      -   190 1348s
 93657 75177  837.56913   26 1035          -  827.77778      -   190 1366s
 93802 75562  843.91175   28 1045          -  827.81703      -   190 1377s
 94237 75914  876.97404   57 1014          -  827.81703      -   191 1391s
 94688 76351  854.67038   35 1009          -  827.84988      -   191 1402s
 95227 76707  839.55310   32 1068          -  827.85308      -   191 1414s
 95628 77081  856.30041   48 1017          -  827.85308      -   191 1425s
 96062 77467  874.45236   60  997          -  827.90333      -   192 1436s
 96588 77907  918.93168   88 1001          -  827.90333      -   192 1448s
 97151 78295  844.92935   37 1039          -  827.90759      -   192 1460s
 97593 78627  865.23667   57 1000          -  827.90759      -   192 1471s
 98007 79071  830.37028   26 1059          -  827.95226      -   192 1483s
 98515 79417  851.31221   31 1052          -  827.95226      -   193 1496s
 98999 79793  857.29456   44 1036          -  827.95226      -   193 1508s
 99421 80053  872.73704   56 1024          -  827.95226      -   193 1520s
 99806 80560  887.46265   58  899          -  827.98401      -   193 1532s
 100362 80907 infeasible   88               -  827.98401      -   193 1545s
 100827 81413  869.75308   48  776          -  828.00803      -   193 1557s
 101397 81825  839.45902   24 1021          -  828.00803      -   193 1570s
 101915 82337  837.81119   31 1045          -  828.02088      -   193 1582s
 102533 82590  883.23570   54  861          -  828.02088      -   193 1595s
 102834 83015  835.85660   29 1074          -  828.06587      -   193 1607s
 103342 83486  859.47058   44 1029          -  828.06924      -   194 1620s
 103937 83933  836.41530   28 1069          -  828.06924      -   194 1632s
 104446 84323  866.98177   49 1010          -  828.07603      -   194 1644s
 104954 84727  865.73389   32 1034          -  828.08660      -   194 1656s
 105417 85067  832.88657   23 1053          -  828.08660      -   194 1669s
 105816 85285  847.79359   28 1061          -  828.08660      -   194 1684s
 106091 85729  893.15757   37 1005          -  828.11529      -   194 1697s
 106649 86030  874.67848   55 1020          -  828.11529      -   194 1710s
 107030 86455  904.87790   73  754          -  828.11529      -   195 1722s
 107511 86826  841.79270   27 1036          -  828.11529      -   195 1735s
 108045 87318  865.69289   48  984          -  828.14484      -   195 1748s
 108751 87736  838.76140   24 1060          -  828.14484      -   195 1761s
 109217 88122  879.79278   54  951          -  828.14484      -   195 1774s
 109636 88501  851.37410   39  988          -  828.16677      -   195 1786s
 110105 88845  900.20684   68  404          -  828.21428      -   195 1800s
 110517 89229  850.97836   38 1070          -  828.21428      -   195 1812s
 110933 89652  873.68105   57 1030          -  828.21428      -   196 1827s
 111667 90017  834.66517   22 1061          -  828.24409      -   195 1841s
 112070 90464  858.65920   36  994          -  828.24409      -   196 1855s
 112623 90700  840.04004   33 1064          -  828.24409      -   196 1868s
 112929 91094  867.05744   60 1034          -  828.26809      -   196 1881s
 113429 91462  834.18536   28 1063          -  828.29423      -   196 1897s
 113953 91824  853.77812   35 1030          -  828.29423      -   196 1910s
 114328 92336  855.93457   45 1048          -  828.29423      -   196 1923s
 115044 92707 infeasible   63               -  828.29776      -   196 1936s
 115461 93103  850.54463   32 1046          -  828.29776      -   196 1950s
 115974 93375  873.49458   50 1005          -  828.32768      -   196 1971s
 116288 93767  878.61581   50 1008          -  828.32768      -   196 1984s
 116740 94092  946.01116   89  853          -  828.32768      -   196 1998s
 117150 94481  843.72812   28 1061          -  828.32768      -   197 2012s
 117637 94964  855.34072   33 1024          -  828.32768      -   197 2027s
 118337 95400  843.61445   30 1037          -  828.37750      -   196 2041s
 118810 95881  867.37105   44 1021          -  828.37750      -   197 2055s
 119424 96161  862.19619   35  973          -  828.40905      -   197 2071s
 119767 96481  844.09037   29 1050          -  828.40905      -   197 2085s
 120168 96858  869.32718   49  888          -  828.46450      -   197 2099s
 120605 97269  904.69312   70  351          -  828.46450      -   197 2114s
 121167 97498 infeasible   92               -  828.47470      -   197 2131s
 121406 97901  831.73251   29 1059          -  828.47470      -   197 2145s
 121922 98333  861.96292   42 1008          -  828.47470      -   198 2160s
 122486 98786  836.05347   32 1067          -  828.47470      -   198 2175s
 122956 99191  858.57951   42 1030          -  828.47470      -   198 2189s
 123440 99522  912.68906   71  665          -  828.47470      -   198 2203s
 123847 99920  857.21581   41 1050          -  828.47470      -   198 2218s
 124342 100397  845.73797   21 1064          -  828.51693      -   198 2232s
 124941 100851  877.11831   58  977          -  828.51693      -   198 2247s
 125462 101221  839.86815   30 1049          -  828.51693      -   198 2261s
 125897 101344  877.97439   63  985          -  828.51693      -   198 2281s
 126022 101668  895.42572   87  897          -  828.51693      -   199 2295s
 126466 101997  845.42722   30 1054          -  828.59930      -   199 2310s
 126935 102436  884.11743   43  947          -  828.59930      -   199 2324s
 127461 102833  871.95217   43  967          -  828.59930      -   199 2339s
 127945 103238  862.25929   36  994          -  828.59930      -   199 2354s
 128447 103652  842.70194   32 1057          -  828.59930      -   199 2369s
 128868 103895  873.20688   45 1011          -  828.59930      -   199 2383s
 129225 104321  834.55523   27 1071          -  828.64770      -   199 2397s
 129717 104777  862.08872   41  991          -  828.64770      -   200 2412s
 130262 105215  916.46658   71  882          -  828.64770      -   200 2428s
 130857 105534  851.89922   41 1039          -  828.64770      -   200 2444s
 131235 105967  883.07204   60  967          -  828.67363      -   200 2459s
 131783 106375  954.95865   94  768          -  828.67363      -   200 2475s
 132300 106713  860.51742   45 1022          -  828.68264      -   200 2493s
 132743 106967 infeasible   85               -  828.68264      -   200 2508s
 133079 107384  841.57184   35 1066          -  828.68264      -   200 2524s
 133267 107399  897.83138   54  974          -  828.68264      -   200 2525s
 133608 107863  866.43871   56 1011          -  828.68264      -   200 2541s
 134122 108061 infeasible  100               -  828.76671      -   200 2557s
 134382 108371  852.64793   38 1049          -  828.76671      -   200 2571s
 134711 108823  880.94386   57 1011          -  828.77146      -   201 2587s
 135287 109186  974.93970   96  317          -  828.77255      -   201 2602s
 135703 109635  849.91421   40 1033          -  828.77255      -   201 2618s
 136266 109919  929.72808   79  293          -  828.80046      -   201 2636s
 136632 110312  838.47604   28 1052          -  828.82190      -   201 2652s
 137101 110711  881.53114   50  740          -  828.82190      -   201 2668s
 137606 111070  845.08398   34 1041          -  828.82190      -   201 2684s
 137895 111080  872.25235   57  960          -  828.82190      -   201 2685s
 138053 111425  910.18269   75  181          -  828.82344      -   201 2700s
 138521 111836  856.11666   42  983          -  828.82429      -   201 2717s
 139022 112011  900.38598   73  701          -  828.84141      -   201 2736s
 139292 112355  835.03527   26 1036          -  828.86600      -   201 2753s
 139656 112750  850.86184   40 1020          -  828.87393      -   202 2769s
 140182 113156  835.20643   29 1065          -  828.89088      -   202 2787s
 140712 113550  866.06639   45 1055          -  828.89088      -   202 2803s
 141166 113977  900.04123   70  498          -  828.90230      -   202 2820s
 141679 114330  838.77385   28 1050          -  828.90230      -   202 2836s
 142108 114731  863.34833   47  996          -  828.91806      -   202 2853s
 142557 114938 infeasible   88               -  828.93786      -   202 2872s
 142821 115307  839.22631   34 1055          -  828.93786      -   202 2889s
 143252 115759  866.48813   53  985          -  828.93786      -   202 2906s
 143753 116119  882.44082   77 1003          -  828.93786      -   203 2923s
 144230 116547  850.32786   29 1018          -  828.93786      -   203 2939s
 144687 116938  895.61762   55  742          -  828.93786      -   203 2956s
 145205 117357  842.84504   34 1067          -  829.01160      -   203 2977s
 145701 117677  863.13180   51 1034          -  829.01160      -   203 2994s
 146102 118059  913.44460   71 1018          -  829.01825      -   203 3010s
 146540 118453  843.05857   32 1069          -  829.01825      -   203 3027s
 147038 118724  870.06499   45 1045          -  829.01825      -   203 3047s
 147350 119151  886.79810   63 1020          -  829.01825      -   203 3065s
 147918 119579  850.74355   30 1051          -  829.04860      -   203 3083s
 148423 119945  836.94377   33 1071          -  829.04860      -   203 3100s
 148851 120411  859.12112   41 1024          -  829.04860      -   203 3118s
 149415 120798  902.16966   71  439          -  829.07126      -   203 3136s
 149910 121157  875.55167   39  980          -  829.07126      -   204 3152s
 150281 121592  900.40879   64  951          -  829.10438      -   204 3170s
 150902 121791  841.67036   25 1035          -  829.11147      -   204 3189s
 151116 122228  855.26919   35 1030          -  829.11425      -   204 3206s
 151641 122577 infeasible   75               -  829.11425      -   204 3222s
 152092 122983  863.61723   40  933          -  829.11425      -   204 3240s
 152607 123380  872.64876   36 1029          -  829.11425      -   204 3259s
 153169 123693 infeasible   34               -  829.11425      -   204 3277s
 153495 124016  852.92581   42 1038          -  829.11425      -   204 3295s
 153849 124341  865.46564   51 1030          -  829.11425      -   204 3318s
 154288 124698 infeasible   68               -  829.15737      -   204 3337s
 154767 125066  866.34755   44 1018          -  829.16998      -   204 3355s
 155166 125398  899.85037   70  990          -  829.18045      -   205 3374s
 155609 125709  943.76886   91  724          -  829.18087      -   205 3391s
 155955 125845  845.51337   29 1054          -  829.18087      -   205 3413s
 156128 126214  854.86363   39 1020          -  829.18087      -   205 3431s
 156610 126555  917.15169   63  334          -  829.18521      -   205 3450s
 157017 126979  842.35719   34 1069          -  829.18521      -   205 3470s
 157602 127405  874.94169   49  997          -  829.18521      -   205 3489s
 158172 127783  848.24337   28 1048          -  829.18521      -   205 3507s
 158619 128149  903.72879   55  818          -  829.18521      -   205 3525s
 159045 128523  855.35925   47 1035          -  829.23666      -   205 3546s
 159550 128934  832.23257   30 1068          -  829.23666      -   205 3564s
 160052 128955  832.86247   24 1065          -  829.23666      -   205 3565s
 160075 129320  862.68536   43 1008          -  829.23666      -   206 3584s
 160446 129336  939.92386   97  777          -  829.30349      -   206 3585s
 160530 129596 infeasible   65               -  829.30349      -   206 3605s
 160866 129930  842.36873   27 1055          -  829.30349      -   206 3624s
 161234 130267  864.16061   49 1022          -  829.30349      -   206 3642s
 161622 130619  881.46664   68 1000          -  829.30349      -   206 3662s
 162066 131023  938.00925  100  539          -  829.30349      -   206 3681s
 162569 131342  868.44190   37  900          -  829.33379      -   206 3699s
 163027 131761  849.11893   29 1051          -  829.35458      -   206 3719s
 163524 132129  884.29332   58  890          -  829.37335      -   206 3738s
 163989 132288  844.85117   34 1037          -  829.37335      -   206 3762s
 164172 132696 infeasible   60               -  829.37335      -   207 3780s
 164635 133081  843.40178   28 1040          -  829.37335      -   207 3800s
 165109 133403  923.25182   64  398          -  829.37335      -   207 3819s
 165518 133789  849.57301   38 1063          -  829.41621      -   207 3839s
 165977 134218  867.34644   58 1045          -  829.41621      -   207 3858s
 166430 134568  886.27784   76 1017          -  829.41621      -   207 3878s
 166893 134906  841.23030   36 1059          -  829.42115      -   207 3898s
 167291 135249  873.63446   49  887          -  829.42115      -   207 3917s
 167720 135651  843.08868   54 1059          -  829.42115      -   207 3937s
 168171 136002  900.92632   93  641          -  829.42115      -   207 3957s
 168610 136235  870.87315   37  993          -  829.42115      -   208 3980s
 168887 136591  885.91196   50  919          -  829.42115      -   208 4000s
 169414 137037  847.77990   30 1045          -  829.48307      -   208 4019s
 169895 137397  918.12761   67  515          -  829.48307      -   208 4039s
 170346 137819  860.51619   35 1020          -  829.48307      -   208 4060s
 170893 138191  845.02101   31 1055          -  829.51552      -   208 4080s
 171323 138661  874.79060   55 1033          -  829.51552      -   208 4101s
 171907 139075  854.60334   38 1014          -  829.52752      -   208 4119s
 172351 139428  889.90471   51  956          -  829.54284      -   208 4139s
 172830 139836  837.87301   34 1054          -  829.54957      -   208 4159s
 173290 140081  879.70114   50 1013          -  829.54957      -   208 4181s
 173644 140434  905.49297   70  943          -  829.54957      -   208 4201s
 174056 140844  842.14639   26 1023          -  829.54957      -   208 4222s
 174606 141171  885.65988   53  587          -  829.54957      -   208 4242s
 174994 141652  848.52588   26 1037          -  829.54957      -   208 4263s
 175559 141995  872.99515   48  984          -  829.54957      -   208 4283s
 175939 142371  835.70406   26 1063          -  829.54957      -   209 4304s
 176465 142779  884.58908   50  596          -  829.60363      -   209 4325s
 176976 143150  856.79774   40 1028          -  829.60363      -   209 4345s
 177396 143321  840.52498   29 1072          -  829.63345      -   209 4371s
 177593 143699  859.21987   34 1024          -  829.63345      -   209 4392s
 178044 144030  911.01693   64  795          -  829.63345      -   209 4414s
 178478 144440  848.99915   38 1042          -  829.63345      -   209 4434s
 178882 144802 infeasible   66               -  829.64359      -   209 4456s
 179354 145172  859.89647   50 1014          -  829.65559      -   209 4481s
 179810 145496  834.10084   23 1071          -  829.65559      -   209 4502s
 180187 145916  867.21042   40  972          -  829.67435      -   209 4523s
 180720 146172  924.94966   71  523          -  829.67435      -   209 4543s
 181030 146598  851.02122   36 1074          -  829.69306      -   209 4564s
 181508 146801  866.87004   50 1039          -  829.69306      -   210 4589s
 181777 147197  879.22965   59 1011          -  829.69306      -   210 4610s
 182228 147608  947.48088   83  752          -  829.69306      -   210 4631s
 182745 147967 infeasible   34               -  829.69306      -   210 4654s
 183213 148434 infeasible   78               -  829.70984      -   210 4676s
 183733 148930  870.40843   45  898          -  829.70984      -   210 4697s
 184398 149271  837.71824   30 1067          -  829.71386      -   210 4720s
 184779 149675  864.16707   47 1036          -  829.71386      -   210 4742s
 185323 149782  843.26129   35 1066          -  829.71386      -   210 4768s
 185427 150229  847.90802   41 1075          -  829.71386      -   210 4789s
 185988 150568  869.98664   51 1038          -  829.73067      -   210 4814s
 186382 150903  910.00924   67 1023          -  829.73480      -   210 4834s
 186785 151249  847.54709   33 1058          -  829.73480      -   210 4856s
 187237 151570  900.93951   54  754          -  829.73480      -   210 4877s
 187617 151989  855.13794   35 1041          -  829.76149      -   210 4900s
 188094 152249  911.73955   63  732          -  829.76149      -   210 4920s
 188388 152538  838.61572   33 1080          -  829.76149      -   210 4940s
 188769 152741  863.56920   39 1039          -  829.76498      -   210 4964s
 188950 152744  906.30343   78  883          -  829.76733      -   211 4965s
 189058 153112  887.26197   53  850          -  829.76733      -   211 4987s
 189521 153436  841.38894   31 1067          -  829.76733      -   211 5009s
 190019 153886  879.66381   55  898          -  829.78724      -   211 5035s
 190616 154215  843.22322   31 1028          -  829.79842      -   211 5065s
 191013 154513  846.35160   31 1056          -  829.79842      -   211 5087s
 191304 154864  883.89287   45 1005          -  829.79842      -   211 5111s
 191788 155179  855.22289   36 1029          -  829.79901      -   211 5132s
 192150 155523  864.07466   28 1040          -  829.79901      -   211 5155s
 192619 155861  862.89161   38 1005          -  829.79901      -   211 5178s
 193022 156203  838.66780   31 1075          -  829.83048      -   211 5201s
 193406 156548  862.16662   44 1029          -  829.83048      -   211 5229s
 193667 156559  927.32257   76  819          -  829.83048      -   211 5230s
 193904 156897  866.58931   52  971          -  829.85518      -   211 5252s
 194292 157281  837.89891   32 1062          -  829.85518      -   211 5276s
 194748 157617  863.19187   49 1018          -  829.85518      -   211 5299s
 195147 157976  896.87198   74  999          -  829.87155      -   212 5321s
 195662 158335  848.07516   31 1052          -  829.87155      -   211 5342s
 196041 158700  861.07844   48 1043          -  829.87155      -   211 5366s
 196449 159124  897.16194   59  973          -  829.88338      -   212 5389s
 196975 159321  925.18445   74  876          -  829.88338      -   212 5417s
 197220 159680  924.91041   76  871          -  829.90377      -   212 5441s
 197651 160059  834.43100   29 1086          -  829.90377      -   212 5467s
 198110 160440  859.14970   41 1043          -  829.90377      -   212 5491s
 198530 160870  916.06050   66  947          -  829.90377      -   212 5515s
 199071 161161  846.31210   30 1064          -  829.90377      -   212 5538s
 199413 161579  864.53544   53 1050          -  829.90377      -   212 5562s
 199919 161965  901.81942   83  906          -  829.90377      -   212 5590s
 200399 162414  841.84977   29 1057          -  829.90377      -   212 5613s
 200922 162721  932.73963   66    -          -  829.90377      -   212 5637s
 201314 163106  873.20142   44 1005          -  829.96233      -   212 5660s
 201762 163275  844.45088   29 1076          -  829.96233      -   212 5688s
 201949 163652  858.34265   37 1038          -  829.98324      -   213 5712s
 202390 163992  926.93938   60  358          -  829.98324      -   213 5736s
 202751 164314  851.58763   43 1024          -  829.98324      -   213 5759s
 203181 164505 infeasible   67               -  829.98324      -   213 5781s
 203400 164897  858.93546   41 1064          -  829.98324      -   213 5805s
 203896 165187  892.95927   53 1009          -  830.02813      -   213 5830s
 204258 165568 infeasible   71               -  830.03024      -   213 5854s
 204690 165880  852.59226   44 1022          -  830.03780      -   213 5881s
 205088 166189  871.71197   57  996          -  830.03780      -   213 5905s
 205455 166635  960.65005   81  738          -  830.03992      -   213 5931s
 205999 166940  837.77961   32 1049          -  830.04067      -   213 5957s
 206392 167262  867.28214   52  958          -  830.04408      -   213 5980s
 206746 167636  892.05783   75  933          -  830.04408      -   214 6004s
 207196 167868 infeasible   96               -  830.06883      -   214 6033s
 207505 168258  844.90277   30 1065          -  830.06883      -   214 6058s
 207975 168559  855.91620   43 1032          -  830.06883      -   214 6082s
 208347 168954  843.32731   29 1066          -  830.06883      -   214 6107s
 208833 169318  870.45032   45 1011          -  830.06883      -   214 6132s
 209237 169608  903.75527   68  997          -  830.10933      -   214 6156s
 209617 169937  835.50216   28 1063          -  830.10933      -   214 6181s
 210002 170237  855.10195   39 1030          -  830.10933      -   214 6209s
 210312 170601  876.79268   57  931          -  830.12683      -   214 6233s
 210722 171076  840.14544   30 1056          -  830.12683      -   215 6264s
 211357 171367  867.24018   44 1000          -  830.12683      -   214 6290s
 211763 171762  918.20097   79  728          -  830.15157      -   215 6316s
 212216 172101  853.29879   33 1045          -  830.15157      -   215 6341s
 212629 172427  886.44996   61  886          -  830.15157      -   215 6368s
 213018 172802  843.01306   27 1064          -  830.15157      -   215 6392s
 213397 173091  850.28174   32 1036          -  830.15489      -   215 6418s
 213832 173422  890.94777   58  662          -  830.15489      -   215 6443s
 214224 173753  856.72601   33  979          -  830.18027      -   215 6471s
 214620 174016  888.00454   49  971          -  830.18795      -   215 6496s
 214954 174272  866.26218   38  987          -  830.18795      -   215 6521s
 215264 174740  858.41433   36  984          -  830.18795      -   215 6547s
 215801 175043 infeasible   66               -  830.21647      -   215 6574s
 216250 175268  845.95610   32 1065          -  830.22122      -   215 6602s
 216511 175556  856.41964   34 1056          -  830.22602      -   216 6628s
 216825 175927  871.57717   49  976          -  830.23674      -   216 6654s
 217338 176252  837.54159   28 1068          -  830.24600      -   216 6681s
 217724 176609  863.54600   47 1030          -  830.24600      -   216 6708s
 218163 176917  885.98463   70 1012          -  830.24600      -   216 6733s
 218508 177216  840.42952   29 1068          -  830.24600      -   216 6760s
 218887 177408  866.89705   49 1018          -  830.24600      -   216 6791s
 219118 177727  892.19107   63  825          -  830.24600      -   216 6816s
 219538 178074  859.47573   33 1045          -  830.24600      -   216 6844s
 219950 178417 infeasible   58               -  830.24600      -   216 6871s
 220381 178811  854.40336   34  946          -  830.24600      -   216 6898s
 220884 179164  854.32260   35 1054          -  830.31075      -   217 6925s
 221288 179476  890.40677   60  941          -  830.31075      -   217 6951s
 221650 179978  850.10972   34 1047          -  830.32254      -   217 6978s
 222285 180238  912.83515   56  799          -  830.32511      -   217 7006s
 222624 180506  840.82909   25 1072          -  830.32511      -   217 7034s
 222912 180809  861.95870   38 1047          -  830.32511      -   217 7061s
 223329 181136  909.30776   70  967          -  830.32511      -   217 7088s
 223669 181488  858.66848   31 1030          -  830.32511      -   217 7118s
 224155 181812  886.36045   55  977          -  830.34086      -   217 7145s
 224516 182008  847.52984   31 1064          -  830.34086      -   217 7179s
 224747 182320  867.25544   40  934          -  830.34086      -   217 7205s
 225140 182635  917.51176   82  475          -  830.35335      -   218 7235s
 225511 183009  839.49846   26 1079          -  830.35489      -   218 7262s
 225955 183309  859.45988   42 1001          -  830.35489      -   218 7289s
 226136 183311  936.55369   74  557          -  830.37405      -   218 7290s
 226386 183644  888.54617   58  844          -  830.38277      -   218 7317s
 226811 184005  839.24128   28 1072          -  830.38562      -   218 7345s
 227244 184321  862.75249   44 1045          -  830.38562      -   218 7372s
 227619 184565  903.63065   59  992          -  830.39728      -   218 7400s
 227966 184863  849.31181   34 1065          -  830.40269      -   218 7427s
 228274 185199  888.42549   66    -          -  830.41633      -   218 7455s
 228751 185613  854.66219   43 1003          -  830.42957      -   218 7483s
 229206 185948  892.13356   52  934          -  830.42957      -   218 7517s
 229625 186089  945.33193   58  894          -  830.42957      -   219 7549s
 229771 186478  959.44283   69  880          -  830.42957      -   219 7581s
 230263 186790 infeasible   94               -  830.44863      -   219 7610s
 230725 187167  858.49078   37 1029          -  830.46380      -   219 7637s
 231132 187497  903.79891   70  582          -  830.46380      -   219 7665s
 231541 187883  846.54932   43 1057          -  830.46380      -   219 7692s
 232004 188114  874.47625   61 1019          -  830.46380      -   219 7719s
 232339 188462  911.41814   91  968          -  830.47347      -   219 7748s
 232745 188733  858.81503   52  982          -  830.47347      -   219 7776s
 233066 189033  876.15808   63  985          -  830.49189      -   219 7805s
 233453 189393  915.66203   79  867          -  830.49909      -   219 7834s
 233844 189627 infeasible  103               -  830.49909      -   219 7864s
 234192 189904  849.47277   32 1036          -  830.49909      -   220 7890s
 234498 190242  865.23560   44 1047          -  830.49909      -   220 7921s
 234980 190552  943.19559   59  447          -  830.51580      -   220 7960s
 235380 190756  846.19248   49 1055          -  830.51932      -   220 7990s
 235575 191144  868.41771   62  988          -  830.51932      -   220 8021s
 236115 191489  905.67512  101  996          -  830.55105      -   220 8049s
 236298 191489  864.32156   45 1005          -  830.55105      -   220 8050s
 236542 191804  834.47943   29 1068          -  830.55105      -   220 8078s
 236930 192118  849.29062   44 1054          -  830.55476      -   220 8108s
 237362 192435 infeasible   60               -  830.55476      -   220 8145s
 237805 192675  869.32338   44 1013          -  830.56125      -   220 8175s
 238059 193041  896.86142   63  798          -  830.56125      -   220 8204s
 238175 193041  857.69065   43 1043          -  830.56125      -   220 8205s
 238577 193383  849.17850   35 1070          -  830.59495      -   220 8238s
 238929 193762  869.72510   48 1008          -  830.59495      -   221 8273s
 239408 194071  949.83914   91  378          -  830.59912      -   221 8303s
 239851 194289  855.27600   38 1007          -  830.60387      -   221 8336s
 240058 194642  883.52770   54  897          -  830.61456      -   221 8367s
 240527 194833  878.76362   43 1025          -  830.61456      -   221 8396s
 240768 195197  947.71612   70  446          -  830.61456      -   221 8426s
 241159 195514  851.52729   36 1066          -  830.61456      -   221 8458s
 241655 195843  904.78061   54 1010          -  830.64359      -   221 8489s
 242042 196251  839.00241   35 1031          -  830.64359      -   221 8519s
 242152 196258  849.25955   38 1059          -  830.64359      -   221 8520s
 242620 196651  866.67560   53  945          -  830.64359      -   221 8551s
 243042 197074  842.06312   28 1058          -  830.64359      -   221 8585s
 243532 197206  866.88659   42 1002          -  830.64359      -   221 8619s
 243730 197608  893.57228   53  851          -  830.64359      -   221 8651s
 244207 197975  846.74535   34 1049          -  830.64359      -   221 8682s
 244657 198280  883.97447   61  926          -  830.64359      -   222 8712s
 245048 198611  849.10036   35 1009          -  830.67480      -   222 8742s
 245472 198950  879.43760   54  919          -  830.67480      -   222 8775s
 245903 199194  845.90859   29 1010          -  830.67480      -   222 8808s
 246228 199502  870.47949   46 1001          -  830.67480      -   222 8839s
 246561 199863  945.42960   79  650          -  830.67480      -   222 8869s
 247043 200216  851.45593   40 1023          -  830.73573      -   222 8900s
 247481 200633  877.34225   49  990          -  830.73650      -   222 8931s
 248018 200987 infeasible   92               -  830.73805      -   222 8963s
 248443 201212  854.87211   39 1026          -  830.75585      -   222 8999s
 248708 201631  871.47868   47  962          -  830.75585      -   222 9030s
 249179 201878  853.67784   29 1051          -  830.75585      -   222 9061s
 249497 202186  865.10081   34 1051          -  830.75585      -   222 9092s
 249868 202486 infeasible   65               -  830.75585      -   223 9122s
 250262 202797  861.07441   36 1051          -  830.78033      -   223 9153s
 250665 203099  885.45845   51  975          -  830.78033      -   223 9185s
 251023 203454  860.64056   39 1027          -  830.78272      -   223 9217s
 251433 203919  896.84768   57  708          -  830.78990      -   223 9250s
 252021 204166  866.87516   37 1012          -  830.78990      -   223 9288s
 252359 204462  909.08654   53  698          -  830.78990      -   223 9329s
 252704 204856  847.72247   43 1046          -  830.81762      -   223 9360s
 253160 205209  861.15258   52 1045          -  830.82331      -   223 9393s
 253590 205538  876.20988   59 1027          -  830.82331      -   223 9431s
 254008 205816 infeasible   87               -  830.82331      -   223 9462s
 254455 206157  865.92671   51  994          -  830.83609      -   223 9493s
 254847 206560  840.88593   28 1051          -  830.83609      -   223 9524s
 255384 206848  863.98697   36  996          -  830.83609      -   223 9555s
 255689 207031  920.39232   59  799          -  830.85646      -   224 9592s
 255924 207388  855.50317   30 1066          -  830.85646      -   224 9623s
 256371 207761  905.48736   53  869          -  830.85646      -   224 9656s
 256803 208114  839.37077   34 1065          -  830.85646      -   224 9689s
 257314 208456  860.18289   52 1041          -  830.86859      -   224 9722s
 257703 208811  873.78948   64  969          -  830.86859      -   224 9753s
 258155 209108  908.49318   83  878          -  830.88494      -   224 9784s
 258526 209500  986.71444  110    8          -  830.88494      -   224 9816s
 259033 209925  899.86835   40  816          -  830.88494      -   224 9849s
 259526 210062  848.18906   31 1044          -  830.88494      -   224 9885s
 259683 210418  864.54778   41  907          -  830.88494      -   224 9918s
 260130 210809  843.53788   31 1047          -  830.88494      -   224 9953s
 260632 211105  889.67627   53  621          -  830.88494      -   224 9985s
 260934 211495  861.76564   38 1016          -  830.88494      -   225 10018s
 261419 211878  882.50193   68  966          -  830.88494      -   225 10051s
 261902 212187  842.81578   33 1044          -  830.88494      -   225 10085s
 262289 212518  869.10537   54 1028          -  830.88494      -   225 10118s
 262728 212725  846.30081   37 1064          -  830.93613      -   225 10151s
 262974 213069  871.00062   46 1045          -  830.93613      -   225 10184s
 263392 213408 infeasible   80               -  830.93613      -   225 10217s
 263817 213813  866.69204   45 1021          -  830.95173      -   225 10251s
 264359 214162  839.10847   34 1039          -  830.95173      -   225 10284s
 264732 214362  882.74408   63 1003          -  830.95173      -   225 10320s
 264963 214678  916.58535   75  989          -  830.98559      -   225 10355s
 265368 214961  862.72537   50 1053          -  830.98559      -   225 10388s
 265747 215279 infeasible   64               -  830.98559      -   225 10420s
 266164 215566  837.88693   32 1039          -  831.00009      -   225 10451s
 266464 215901  862.05400   52 1003          -  831.00009      -   226 10485s
 266911 216237  924.48407   75  489          -  831.00417      -   226 10518s
 267332 216596  845.68011   39 1064          -  831.00417      -   226 10552s
 267799 216964  879.34108   58  959          -  831.02529      -   226 10586s
 268284 217166  851.17930   30 1051          -  831.02529      -   226 10623s
 268487 217482  870.14037   39 1044          -  831.02529      -   226 10658s
 268925 217821  907.81627   49  889          -  831.03809      -   226 10693s
 269340 218112  849.77241   41 1070          -  831.03809      -   226 10727s
 269699 218449  876.07498   60 1017          -  831.03809      -   226 10761s
 270140 218774  848.05257   34 1029          -  831.03809      -   226 10798s
 270515 219139  873.70361   46  964          -  831.05851      -   226 10834s
 270913 219429  841.08994   34 1056          -  831.06635      -   226 10868s
 271294 219630  855.00975   49 1061          -  831.06635      -   227 10903s
 271521 219883  865.11780   58 1045          -  831.06635      -   227 10936s
 271842 220310  890.38378   76  971          -  831.06635      -   227 10972s
 272386 220659  861.03367   40  978          -  831.06635      -   227 11010s
 272751 220964  910.76956   75  765          -  831.08220      -   227 11045s
 273130 221311  867.23899   44 1029          -  831.08220      -   227 11081s
 273612 221625  907.63905   63  924          -  831.08220      -   227 11116s
 273956 221818  838.90646   27 1032          -  831.08220      -   227 11152s
 274194 222093  864.44630   37  828          -  831.11227      -   227 11188s
 274628 222367  840.12942   23 1071          -  831.12871      -   227 11224s
 274943 222752  868.48733   46 1032          -  831.12871      -   227 11258s
 275399 223043 infeasible   76               -  831.13211      -   228 11295s
 275815 223325  855.76740   50 1054          -  831.13338      -   228 11330s
 276108 223637  879.44551   63 1013          -  831.13338      -   228 11365s
 276516 223974  899.53761   73  986          -  831.13338      -   228 11402s
 276946 224282  942.06132   88  945          -  831.13338      -   228 11435s
 277281 224540  839.05981   29 1060          -  831.13338      -   228 11471s
 277607 224873  847.94242   36 1068          -  831.17328      -   228 11506s
 278011 225186  865.88194   55 1035          -  831.17328      -   228 11542s
 278375 225557  896.87867   73  948          -  831.17328      -   228 11582s
 278834 225879  854.00617   39 1047          -  831.17388      -   228 11615s
 279226 226217  906.67757   61  264          -  831.18919      -   228 11652s
 279611 226413  847.06913   35 1068          -  831.19658      -   228 11690s
 279865 226726  856.86860   41 1036          -  831.19804      -   229 11726s
 280238 227101  900.37492   58  521          -  831.19804      -   229 11762s
 280661 227417  842.41771   33 1058          -  831.19804      -   229 11799s
 281066 227709  882.37828   56  769          -  831.22261      -   229 11834s
 281390 228002  858.79062   52 1027          -  831.22261      -   229 11877s
 281855 228328  924.89869   85  275          -  831.22845      -   229 11912s
 282213 228543  858.44094   35 1018          -  831.22845      -   229 11952s
 282499 228891  892.67140   52  937          -  831.22845      -   229 11987s
 282950 229301  851.65512   41 1059          -  831.22845      -   229 12025s
 283482 229616  844.57565   32 1059          -  831.24647      -   229 12060s
 283813 229984  858.23747   47 1040          -  831.25353      -   229 12097s
 284304 230279  959.65698   90  202          -  831.25353      -   229 12131s
 284665 230614  853.49207   46 1051          -  831.25353      -   229 12178s
 285059 230899 infeasible   72               -  831.25353      -   229 12214s
 285418 231264  870.80069   46 1005          -  831.27065      -   230 12251s
 285871 231664  953.47643   89  177          -  831.27065      -   230 12288s
 286368 231896  852.46259   34 1045          -  831.27627      -   230 12332s
 286626 232256  853.70196   39 1033          -  831.27627      -   230 12370s
 287077 232554  911.54703   71  984          -  831.27627      -   230 12407s
 287431 232875  852.08330   35 1048          -  831.29289      -   230 12444s
 287786 233157  869.91459   48 1045          -  831.29289      -   230 12480s
 288166 233566  899.45731   62  994          -  831.29289      -   230 12519s
 288651 233808  918.08913   91  955          -  831.29289      -   230 12559s
 288965 234125  847.56259   30 1056          -  831.29289      -   230 12599s
 289344 234470  859.09897   40 1047          -  831.29289      -   230 12636s
 289776 234773  928.56855   83  679          -  831.29289      -   230 12674s
 290177 235112  850.55487   37 1016          -  831.33110      -   230 12708s
 290607 235412  876.41798   52  993          -  831.33110      -   230 12744s
 290691 235416  887.85425   46  808          -  831.33110      -   230 12745s
 290967 235667  853.91331   30 1040          -  831.33110      -   230 12782s
 291275 236017  875.66714   54 1029          -  831.33110      -   231 12818s
 291703 236301  905.03163   76 1004          -  831.34410      -   231 12855s
 292071 236619  947.08599   90 1009          -  831.35159      -   231 12891s
 292480 236855  849.51411   37 1068          -  831.35758      -   231 12926s
 292784 237043  865.03595   46 1031          -  831.36217      -   231 12970s
 293004 237400  898.19212   60  769          -  831.36217      -   231 13007s
 293421 237751  846.01919   28 1070          -  831.36217      -   231 13049s
 293902 238089  875.32817   43  829          -  831.37409      -   231 13088s
 294318 238422  839.93435   33 1070          -  831.37409      -   231 13128s
 294732 238764  864.90645   44 1058          -  831.37409      -   231 13167s
 295147 239105 infeasible   75               -  831.37409      -   231 13206s
 295585 239477  859.05334   43  992          -  831.37409      -   231 13243s
 296034 239655  911.12418   65  950          -  831.37409      -   231 13288s
 296310 239964  848.84428   32 1066          -  831.37409      -   231 13324s
 296589 239968  893.01805   71 1019          -  831.39393      -   231 13325s
 296677 240242  895.08016   55  590          -  831.39393      -   231 13362s
 297054 240577  853.98196   39 1040          -  831.39393      -   232 13401s
 297456 240837  882.51134   51  955          -  831.39393      -   232 13440s
 297803 241248  839.86645   29 1069          -  831.39393      -   232 13482s
 298263 241590  868.45305   48 1011          -  831.39393      -   232 13519s
 298707 241921  936.97972   76  199          -  831.39393      -   232 13557s
 299137 242225  855.54101   37 1041          -  831.39393      -   232 13594s
 299499 242558  873.33281   51  984          -  831.39393      -   232 13632s
 299884 242768 infeasible   64               -  831.47024      -   232 13677s
 300157 243051  843.99060   28 1065          -  831.47024      -   232 13716s
 300490 243381  862.78951   40 1044          -  831.47024      -   232 13757s
 300943 243700  893.79228   67  955          -  831.47024      -   232 13798s
 301369 244117  835.81477   35 1039          -  831.48692      -   232 13837s
 301912 244519  871.16390   53 1027          -  831.48692      -   232 13876s
 302381 244892  858.28407   33 1039          -  831.48692      -   232 13925s
 302837 245165  878.73250   44  950          -  831.48692      -   233 13970s
 303242 245429  847.29808   32 1040          -  831.48692      -   233 14008s
 303532 245713  857.11898   42 1019          -  831.48692      -   233 14042s
 303848 246048  880.23500   54  763          -  831.48692      -   233 14079s
 304320 246433  949.55756   92  509          -  831.51952      -   233 14119s
 304735 246767  849.81035   37 1031          -  831.51952      -   233 14160s
 305158 247107  865.95168   55 1029          -  831.52148      -   233 14199s
 305595 247456  845.60239   35 1058          -  831.52148      -   233 14239s
 306019 247833  876.13729   58 1031          -  831.53263      -   233 14282s
 306533 248099  841.52178   30 1070          -  831.53263      -   233 14321s
 306868 248248  852.65283   39 1056          -  831.53263      -   233 14371s
 307068 248630  858.34970   41 1053          -  831.53263      -   233 14416s
 307535 248960  885.63296   50 1007          -  831.53263      -   233 14458s
 308006 249286  846.13030   34 1074          -  831.53263      -   233 14497s
 308426 249672  892.43829   58  877          -  831.55822      -   233 14538s
 308908 250018  848.22566   36 1052          -  831.55822      -   233 14577s
 309315 250342  878.07179   54  943          -  831.58004      -   233 14619s
 309761 250712  865.80836   40 1051          -  831.58004      -   233 14662s
 310231 250982  845.91193   34 1048          -  831.58829      -   233 14700s
 310507 251260  876.85477   56  987          -  831.59261      -   233 14744s
 310897 251549  837.70611   30 1065          -  831.59261      -   234 14783s
 311233 251847  894.86095   68  948          -  831.59261      -   234 14824s
 311636 252214  851.41722   35 1068          -  831.60507      -   234 14865s
 312052 252461  872.31455   47 1007          -  831.60507      -   234 14906s
 312402 252783  874.15194   56 1001          -  831.61667      -   234 14947s
 312767 253185  903.25324   82  986          -  831.61667      -   234 14987s
 313256 253540  842.88131   31 1061          -  831.61843      -   234 15029s
 313603 253555  903.16386   47  740          -  831.61843      -   234 15030s
 313770 253798  887.24555   53  874          -  831.62207      -   234 15071s
 314040 254140  930.37937   74  555          -  831.62967      -   234 15112s
 314487 254457  849.46063   34 1052          -  831.63963      -   234 15161s
 314828 254811  870.99794   45 1010          -  831.63963      -   234 15201s
 315238 255090  838.81475   32 1050          -  831.63963      -   234 15246s
 315666 255413  885.83288   45  654          -  831.63963      -   234 15290s
 316004 255718  853.60698   29 1060          -  831.63963      -   234 15335s
 316432 256026  869.08871   39 1014          -  831.63963      -   234 15378s
 316757 256389  897.91870   60  695          -  831.65446      -   235 15420s
 317248 256706  849.56073   35 1044          -  831.65979      -   235 15459s
 317563 257039  910.58188   57  920          -  831.66089      -   235 15522s
 318022 257252  837.37282   33 1067          -  831.66089      -   235 15572s
 318262 257588  852.64979   37 1010          -  831.66089      -   235 15612s
 318659 257835  843.43119   26 1063          -  831.66089      -   235 15657s
 318954 258143  865.70337   46 1052          -  831.66089      -   235 15699s
 319336 258459  911.23784   76  990          -  831.68062      -   235 15745s
 319766 258757  838.70209   33 1051          -  831.68062      -   235 15787s
 320209 258984  914.10306   59  520          -  831.68062      -   235 15833s
 320443 259313  845.73713   26 1056          -  831.68062      -   235 15873s
 320890 259669  865.87935   45 1034          -  831.71100      -   235 15915s
 321254 260004  893.46421   54  987          -  831.71183      -   235 15958s
 321735 260344  857.34820   39 1035          -  831.72800      -   236 16003s
 322115 260726  916.66456   63  204          -  831.72800      -   236 16045s
 322624 261044  873.28263   42 1025          -  831.72800      -   236 16086s
 323018 261363  907.73053   59 1000          -  831.73295      -   236 16128s
 323441 261770  859.24692   31 1028          -  831.73295      -   236 16169s
 323849 262079  862.47932   38 1050          -  831.73295      -   236 16214s
 323922 262079  918.42374   69  709          -  831.73295      -   236 16215s
 324298 262402  888.40402   60 1009          -  831.73295      -   236 16257s
 324700 262812  839.57486   31 1067          -  831.73295      -   236 16300s
 325160 263127  855.56797   39 1017          -  831.73295      -   236 16340s
 325544 263298  930.87089   74  289          -  831.73295      -   236 16389s
 325782 263603  846.90670   41 1052          -  831.77012      -   236 16431s
 326159 263942  867.84494   53  999          -  831.77012      -   236 16479s
 326584 264223  990.89776   94  253          -  831.78683      -   236 16521s
 326918 264542  857.52386   42  389          -  831.78683      -   236 16565s
 327279 264815  884.52304   61  504          -  831.80041      -   236 16609s
 327674 265129  846.88746   31 1043          -  831.80951      -   237 16650s
 327992 265572  870.48099   45 1018          -  831.80951      -   237 16693s
 328547 265793  923.39068   77  916          -  831.80951      -   237 16742s
 328800 266118  965.69358   90  115          -  831.82204      -   237 16783s
 329221 266474  852.11431   38 1064          -  831.82204      -   237 16825s
 329654 266815 infeasible   53               -  831.83571      -   237 16867s
 330029 267141 infeasible   80               -  831.83828      -   237 16909s
 330452 267536  857.06766   35 1019          -  831.84115      -   237 16952s
 330921 267825  842.78408   31 1024          -  831.84423      -   237 16997s
 331300 268158  869.87039   48  940          -  831.84746      -   237 17040s
 331689 268305  850.05034   33 1050          -  831.84746      -   237 17091s
 331855 268564  865.08408   36 1046          -  831.85325      -   237 17134s
 332223 268888  892.03026   49 1006          -  831.86246      -   237 17178s
 332558 269276  929.93828   77  978          -  831.86246      -   237 17222s
 333055 269609  856.37194   55 1049          -  831.86246      -   238 17266s
 333535 269901  921.30888   93  860          -  831.86620      -   238 17309s
 333913 270131  850.58157   38 1069          -  831.86620      -   238 17356s
 334292 270432  874.35412   50 1020          -  831.87209      -   238 17396s
 334592 270756  913.71701   99  457          -  831.87209      -   238 17439s
 335088 270982  861.26338   44 1008          -  831.88833      -   238 17489s
 335341 271352  916.19992   68    -          -  831.88833      -   238 17532s
 335856 271629  850.93911   32 1036          -  831.89903      -   238 17579s
 336210 271921  842.23911   26 1062          -  831.89903      -   238 17620s
 336570 272204  881.71286   44  849          -  831.89903      -   238 17662s
 336956 272446  853.51008   36 1042          -  831.89903      -   238 17708s
 337233 272828  914.80712   67  655          -  831.92254      -   238 17755s
 337693 273164  855.20299   37 1038          -  831.92977      -   238 17806s
 338091 273428 infeasible   59               -  831.92977      -   238 17862s
 338447 273763  863.40253   42  981          -  831.93345      -   238 17906s
 338813 274072  915.45432   76  470          -  831.93345      -   239 17950s
 339216 274351  844.09265   38 1068          -  831.94113      -   239 17993s
 339543 274751  862.59728   49 1055          -  831.94113      -   239 18038s
 340043 274953  887.61733   68  994          -  831.94411      -   239 18090s
 340266 275229 infeasible   84               -  831.94930      -   239 18146s
 340693 275456  840.37216   33 1066          -  831.95018      -   239 18188s
 340972 275801  872.60968   50 1010          -  831.95018      -   239 18235s
 341381 276065  844.23886   33 1065          -  831.95018      -   239 18281s
 341783 276410  895.40890   46  123          -  831.96843      -   239 18326s
 342179 276746  859.78943   39 1037          -  831.96843      -   239 18372s
 342594 277027  845.98661   33 1056          -  831.96843      -   239 18415s
 342908 277411  876.80674   47  897          -  831.96843      -   239 18459s
 343354 277712  839.79865   33 1072          -  831.96843      -   239 18506s
 343870 277923  874.87692   49 1060          -  831.96843      -   239 18555s
 344165 278355  916.56016   67  299          -  831.98728      -   239 18601s
 344673 278793  868.18056   53 1034          -  831.99983      -   239 18649s
 345185 279248  914.50095   84  984          -  831.99983      -   239 18696s
 345796 279530  864.40962   38 1062          -  832.00081      -   239 18740s
 346090 279956  874.51906   43 1044          -  832.00081      -   239 18786s
 346545 280293  894.90165   59  762          -  832.00081      -   240 18846s
 347080 280553  841.82928   29 1063          -  832.00081      -   239 18898s
 347492 280869  869.40808   39 1019          -  832.01284      -   239 18944s
 347863 281219 infeasible   81               -  832.01620      -   240 18990s
 348337 281524  868.98828   41  812          -  832.02781      -   240 19039s
 348703 281826 infeasible   78               -  832.03360      -   240 19085s
 349029 282136  857.67122   35 1027          -  832.03360      -   240 19132s
 349428 282482  844.57747   27 1069          -  832.03360      -   240 19177s
 349922 282727  852.82326   30 1040          -  832.03360      -   240 19232s
 350161 283116  868.30529   45 1025          -  832.03566      -   240 19279s
 350662 283417  912.71951   69  484          -  832.05726      -   240 19325s
 351011 283794  847.18972   32 1041          -  832.05730      -   240 19372s
 351593 284128  888.85367   50  929          -  832.05730      -   240 19418s
 351921 284550  853.03324   38 1027          -  832.06154      -   240 19468s
 352507 284819  859.33304   31 1048          -  832.06154      -   240 19515s
 352825 285103  890.71432   59 1004          -  832.06935      -   240 19565s
 353229 285445  871.78850   31  956          -  832.06935      -   240 19613s
 353626 285794  845.42910   29 1048          -  832.08439      -   240 19661s
 354133 286131  870.55358   54  977          -  832.08439      -   240 19709s
 354560 286390  837.38401   32 1071          -  832.08592      -   240 19766s
 354824 286745  861.06099   47 1057          -  832.08592      -   240 19813s
 355295 287069 infeasible   83               -  832.09231      -   240 19870s
 355718 287408  850.82527   36 1034          -  832.09336      -   240 19923s
 356159 287736  899.49358   68  874          -  832.09336      -   241 19969s
 356558 288092  836.22692   29 1058          -  832.09336      -   241 20017s
 356980 288476  876.42058   47  940          -  832.09336      -   241 20066s
 357449 288736  948.85914   78  821          -  832.09814      -   241 20119s
 357752 289090  964.71793   90  750          -  832.10373      -   241 20167s
 358177 289397  853.75251   35 1037          -  832.10373      -   241 20221s
 358623 289669  889.79253   47  943          -  832.10373      -   241 20267s
 358946 289986  849.13846   25 1029          -  832.10373      -   241 20315s
 359337 290315  878.14053   46  960          -  832.10373      -   241 20362s
 359688 290542  844.35751   31 1044          -  832.10373      -   241 20422s
 360033 290863  845.60406   33 1048          -  832.10373      -   241 20469s
 360408 291245  890.78435   58  903          -  832.10373      -   241 20516s
 360893 291562  873.32017   32 1015          -  832.10373      -   241 20564s
 361240 291797  926.95783   72  728          -  832.14831      -   241 20610s
 361527 292071  858.86511   35 1034          -  832.14831      -   241 20661s
 361973 292411  917.50181   62  447          -  832.15000      -   242 20707s
 362313 292647  852.88096   42 1049          -  832.15000      -   242 20761s
 362615 292995  871.50473   55 1037          -  832.15962      -   242 20811s
 363132 293285  916.06196   70  971          -  832.15962      -   242 20857s
 363479 293611 infeasible   85               -  832.16981      -   242 20904s
 363870 293877  849.91080   35 1046          -  832.16981      -   242 20956s
 364216 294058  863.63055   56 1047          -  832.17359      -   242 21011s
 364429 294400  881.29561   70  982          -  832.17869      -   242 21060s
 364811 294684  907.79911   84  975          -  832.17947      -   242 21108s
 365193 295061  856.34481   39 1032          -  832.17951      -   242 21156s
 365655 295400  842.58136   39 1055          -  832.18168      -   242 21205s
 366064 295679  870.58977   50 1039          -  832.18168      -   242 21254s
 366396 296009  885.88502   56 1008          -  832.18168      -   242 21303s
 366773 296229  964.57175   85  159          -  832.18168      -   243 21364s
 367083 296539  845.11898   35 1066          -  832.18645      -   243 21412s
 367488 296942  881.85372   60  900          -  832.20702      -   243 21460s
 367958 297286  853.87493   39 1013          -  832.20702      -   243 21508s
 368491 297616  908.38733   51  850          -  832.20702      -   243 21556s
 368835 297933  873.30929   44  970          -  832.20702      -   243 21605s
 369297 298256 infeasible   71               -  832.23155      -   243 21659s
 369696 298624  863.98648   47 1027          -  832.23155      -   243 21707s
 370143 298826  841.90903   31 1061          -  832.23155      -   243 21760s
 370402 299132  866.62870   41 1008          -  832.23155      -   243 21809s
 370755 299459  946.91593   73  367          -  832.23155      -   243 21857s
 371194 299751  863.32110   41 1041          -  832.23155      -   243 21911s
 371605 300069  897.03262   49  992          -  832.23960      -   243 21965s
 371989 300461  839.72490   34 1064          -  832.23960      -   243 22016s
 372448 300717  838.36903   24 1084          -  832.24343      -   243 22064s
 372544 300717  856.11450   34  993          -  832.24343      -   243 22065s
 372805 300973  856.63842   34 1055          -  832.24343      -   243 22117s
 373074 301342  866.01729   48 1069          -  832.24343      -   243 22167s
 373527 301583  914.27981   68  739          -  832.24343      -   244 22220s
 373906 301968  838.08023   42 1059          -  832.24343      -   244 22271s
 374374 302132  894.46405   64  977          -  832.27753      -   244 22339s
 374607 302135 infeasible   62               -  832.28352      -   244 22340s
 374617 302454  897.61413   69  965          -  832.28352      -   244 22389s
 375007 302803  875.94043   50  948          -  832.28352      -   244 22440s
 375497 303103  998.47523  103  384          -  832.29094      -   244 22490s
 375862 303395  863.66075   40 1050          -  832.29094      -   244 22541s
 376258 303722  892.34759   59 1004          -  832.30935      -   244 22596s
 376648 304074  852.29669   31 1047          -  832.30935      -   244 22645s
 377095 304389  895.48222   46  839          -  832.30935      -   244 22697s
 377544 304735  847.69688   37 1047          -  832.32489      -   244 22748s
 377949 305007  905.85235   72  504          -  832.32489      -   244 22816s
 378302 305319  840.03791   23 1064          -  832.33066      -   244 22866s
 378632 305738  865.93892   38  976          -  832.33310      -   244 22916s
 379188 306127  928.12931   74   78          -  832.34126      -   244 22969s
 379640 306404  869.37205   51 1024          -  832.34126      -   244 23018s
 379993 306743  863.90713   34 1043          -  832.34126      -   244 23070s
 380417 307053  915.32264   61  772          -  832.36048      -   244 23130s
 380800 307466  857.57039   36 1029          -  832.36048      -   244 23182s
 381308 307752  894.79977   62  551          -  832.36437      -   244 23234s
 381706 308054  852.83498   27 1002          -  832.36437      -   245 23288s
 382026 308444  872.78740   33  907          -  832.36437      -   245 23339s
 382591 308760  843.93700   33 1048          -  832.36437      -   245 23396s
 383011 309097  862.17592   43 1010          -  832.37735      -   245 23451s
 383417 309298 infeasible   79               -  832.38939      -   245 23511s
 383630 309627  861.49886   48 1051          -  832.38939      -   245 23564s
 384125 309913  938.34792   74  363          -  832.39412      -   245 23619s
 384469 310264  870.35673   48 1050          -  832.39412      -   245 23673s
 384914 310567  931.26692   62  465          -  832.40722      -   245 23723s
 385279 310983  867.87931   51  999          -  832.40722      -   245 23776s
 385765 311355  939.68304   98  526          -  832.40722      -   245 23829s
 386259 311662  844.26445   32 1049          -  832.42345      -   245 23879s
 386613 311920  909.68341   55   44          -  832.42345      -   245 23935s
 386932 312206  850.14301   34 1045          -  832.42345      -   245 23985s
 387303 312547  889.71768   60  798          -  832.43068      -   245 24037s
 387742 312848  855.66501   35 1040          -  832.43068      -   245 24089s
 388125 313150  842.47414   33 1051          -  832.43409      -   245 24142s
 388464 313354  866.78259   39 1062          -  832.43409      -   246 24210s
 388720 313742  864.86905   38 1055          -  832.43409      -   246 24268s
 389395 314086  877.96303   51 1040          -  832.43409      -   245 24323s
 389801 314519  885.79985   59 1035          -  832.44222      -   246 24377s
 390301 314915  920.88181   88  924          -  832.44222      -   246 24430s
 390835 315247  858.42452   39 1027          -  832.44987      -   246 24487s
 391318 315623  841.24865   24 1060          -  832.45608      -   246 24541s
 391737 316011  844.58656   31 1048          -  832.45608      -   246 24592s
 392160 316294  865.74418   44  948          -  832.45608      -   246 24655s
 392498 316539  915.58175   80  322          -  832.46771      -   246 24709s
 392839 316838  856.13988   33  988          -  832.46912      -   246 24762s
 393247 317149  841.04557   38 1066          -  832.46931      -   246 24812s
 393657 317519  860.77236   54 1036          -  832.46931      -   246 24863s
 394088 317798  905.88168   74  670          -  832.46931      -   246 24919s
 394461 318249  855.79733   38 1046          -  832.46931      -   246 24971s
 394973 318409  882.98325   61  971          -  832.47428      -   246 25042s
 395188 318698  915.66033   82  907          -  832.48535      -   246 25096s
 395551 319032  852.59709   31 1045          -  832.48535      -   246 25149s
 395999 319355  891.29515   58  718          -  832.48943      -   246 25200s
 396373 319650  848.06499   34 1057          -  832.48943      -   246 25250s
 396760 319969  901.64422   49  141          -  832.48943      -   246 25305s
 397196 320476  848.25494   32 1053          -  832.48943      -   246 25361s
 397737 320749  914.30483   62  536          -  832.48943      -   246 25418s
 398228 321192  865.92516   42  991          -  832.48943      -   246 25475s
 398719 321391  841.24636   39 1059          -  832.48943      -   246 25539s
 399030 321768  866.05443   51  919          -  832.48943      -   246 25593s
 399491 322131 infeasible   90               -  832.48943      -   247 25646s
 399909 322417  879.26334   40 1014          -  832.48943      -   247 25712s
 400336 322681  837.70310   25 1076          -  832.51755      -   247 25762s
 400631 323120  874.72512   36  941          -  832.51755      -   247 25818s
 401264 323360  839.51878   33 1069          -  832.53382      -   247 25876s
 401548 323647  876.78335   43 1020          -  832.53382      -   247 25929s
 401857 323954  844.04761   30 1050          -  832.53382      -   247 25983s
 402221 324238  887.98695   53  985          -  832.53736      -   247 26037s
 402611 324460  841.14742   26 1058          -  832.54940      -   247 26093s
 402863 324739  856.75200   34  944          -  832.54951      -   247 26146s
 403242 325036  900.64725   63  728          -  832.55679      -   247 26204s
 403670 325370  852.31562   30 1053          -  832.56269      -   247 26265s
 404067 325688  922.23862   70   73          -  832.56269      -   247 26317s
 404492 326134  870.67483   52  972          -  832.56275      -   247 26378s
 405005 326281 infeasible   76               -  832.56920      -   247 26447s
 405261 326643  846.77419   33 1065          -  832.56920      -   247 26503s
 405653 326950  884.78250   58  806          -  832.56920      -   247 26557s
 406102 327375  859.40546   32 1026          -  832.57786      -   247 26611s
 406549 327653  885.42629   60  988          -  832.57786      -   248 26666s
 406917 328033  838.71250   35 1062          -  832.57786      -   248 26724s
*407280 265175              54     916.5806114  832.57786  9.16%   248 26726s
 407394 265375  870.17946   59 1026  916.58061  832.57786  9.16%   248 26804s
H407502 241674                     905.7004236  832.57786  8.07%   248 26804s
H407747 161701                     879.1988958  832.57786  5.30%   248 26805s
 407790 161781  874.99033   48 1039  879.19890  832.57786  5.30%   248 26862s
 408173 162024  848.52668   31 1064  879.19890  832.60455  5.30%   248 26920s
 408572 162247  874.60350   52  962  879.19890  832.61840  5.30%   248 26976s
 408945 162464  879.05172   59  780  879.19890  832.62678  5.30%   248 27036s
 409238 162721  840.45025   32 1085  879.19890  832.63463  5.30%   248 27097s
 409627 162726  837.48175   29 1063  879.19890  832.63835  5.30%   248 27188s
 409638 162734  840.32360   30 1048  879.19890  832.63835  5.30%   248 27253s
 409646 162840  843.76099   31 1046  879.19890  832.63835  5.30%   248 27320s
 409802 162848  872.70239   50 1044  879.19890  832.64364  5.30%   248 27387s
H409810 154282                     876.8971493  832.64364  5.05%   248 27451s
 409822 154322  874.35457   52 1044  876.89715  832.64364  5.05%   248 27532s
 409880 154327     cutoff   57       876.89715  832.64364  5.05%   248 27597s
 409891 154339  839.09189   34 1061  876.89715  832.64364  5.05%   248 27666s
 409903 154350  851.63742   37 1036  876.89715  832.64364  5.05%   248 27737s
 409914 154398  846.71190   37 1043  876.89715  832.64364  5.05%   248 27813s
H409944 145648                     874.5757916  832.64364  4.79%   248 27814s
 409970 145893  846.71190   38 1044  874.57579  832.64364  4.79%   248 27872s
 410360 146111  840.17920   32 1070  874.57579  832.67577  4.79%   248 27931s
 410712 146322  868.31979   52  997  874.57579  832.68803  4.79%   248 27994s
 411070 146558  858.44715   34 1036  874.57579  832.70542  4.79%   248 28056s
 411408 146775  867.09583   55 1011  874.57579  832.72225  4.79%   248 28126s
 411774 146930  850.25966   33 1030  874.57579  832.73118  4.78%   248 28199s
 412064 147112  846.14024   25 1069  874.57579  832.75229  4.78%   248 28270s
 412309 147250  863.15409   38  892  874.57579  832.75229  4.78%   248 28343s
 412499 147465  849.92639   39 1057  874.57579  832.75229  4.78%   249 28402s
 412840 147623     cutoff   50       874.57579  832.75229  4.78%   249 28495s
 413077 147752  859.50507   37 1031  874.57579  832.77261  4.78%   249 28563s
 413296 147959  844.15464   31 1067  874.57579  832.77261  4.78%   249 28623s
 413627 148178  869.13469   37 1035  874.57579  832.78327  4.78%   249 28687s
 413952 148369  853.55443   36 1056  874.57579  832.79064  4.78%   249 28766s
 414244 148423  837.01829   28 1056  874.57579  832.79247  4.78%   249 28800s

Cutting planes:
  Gomory: 3
  Clique: 10
  MIR: 7
  Flow cover: 16
  GUB cover: 1
  Zero half: 21
  RLT: 2
  Lazy constraints: 38853

Explored 414338 nodes (103113884 simplex iterations) in 28800.93 seconds (56899.71 work units)
Thread count was 8 (of 18 available processors)

Solution count 5: 874.576 876.897 879.199 ... 916.581

Time limit reached
Best objective 8.745757916294e+02, best bound 8.327924679476e+02, gap 4.7776%

User-callback calls 2194361, time in user-callback 174.53 sec
### START EXACT APPROACH ###
ProblemVariant: 1
### START PREPROCESSING ###
## Start infeasible path procedure ## 
Deleted arcs: 42
Infeasible tail paths: 20
Infeasible 2-node combinations: 21
## Start extended infeasible path procedure ##
Deleted arcs: 44
Infeasible tail paths: 18
Infeasible 2-node combinations: 21
## Start start solution procedure ##
### END PREPROCESSING ###
Route 0 0-1-22-28-0 : weight util 0.983333 | volume util 0.348244 | feasible with packing heuristic | feasible with CP model
Route 1 0-2-33-0 : weight util 0.883333 | volume util 0.345111 | feasible with packing heuristic | feasible with CP model
Route 2 0-3-40-12-0 : weight util 1.000000 | volume util 0.324178 | feasible with packing heuristic | feasible with CP model
Route 3 0-5-37-20-0 : weight util 0.950000 | volume util 0.447222 | feasible with packing heuristic | feasible with CP model
Route 4 0-6-16-17-0 : weight util 0.966667 | volume util 0.555578 | infeasible with packing heuristic | feasible with CP model
Route 5 0-9-32-0 : weight util 0.950000 | volume util 0.433689 | feasible with packing heuristic | feasible with CP model
Route 6 0-10-38-0 : weight util 0.833333 | volume util 0.181467 | feasible with packing heuristic | feasible with CP model
Route 7 0-11-7-0 : weight util 0.866667 | volume util 0.086400 | feasible with packing heuristic | feasible with CP model
Route 8 0-19-14-35-0 : weight util 0.933333 | volume util 0.291667 | feasible with packing heuristic | feasible with CP model
Route 9 0-21-36-15-13-0 : weight util 1.000000 | volume util 0.449133 | feasible with packing heuristic | feasible with CP model
Route 10 0-25-18-24-23-0 : weight util 1.000000 | volume util 0.480333 | feasible with packing heuristic | feasible with CP model
Route 11 0-26-31-39-0 : weight util 0.983333 | volume util 0.193156 | feasible with packing heuristic | feasible with CP model
Route 12 0-27-29-4-0 : weight util 1.000000 | volume util 0.397756 | feasible with packing heuristic | feasible with CP model
Route 13 0-30-34-8-0 : weight util 0.950000 | volume util 0.233356 | feasible with packing heuristic | feasible with CP model
