
Gurobi 12.0.1 (win64, C++) logging started Thu Mar 20 17:48:08 2025

Set parameter Username
Set parameter LicenseID to value 2618661
Academic license - for non-commercial use only - expires 2026-02-05
Set parameter Threads to value 8
Set parameter LazyConstraints to value 1
Set parameter PreCrush to value 1
Set parameter Seed to value 0
Set parameter Cuts to value -1
Set parameter TimeLimit to value 28800
Set parameter NumericFocus to value 0
Set parameter SolutionLimit to value 10000
Gurobi Optimizer version 12.0.1 build v12.0.1rc0 (win64 - Windows Server 2022.0 (20348.2))

CPU model: AMD EPYC 7513 32-Core Processor, instruction set [SSE2|AVX|AVX2]
Thread count: 18 physical cores, 18 logical processors, using up to 8 threads

Non-default parameters:
SolutionLimit  10000
TimeLimit  28800
PreCrush  1
Threads  8
LazyConstraints  1

Optimize a model with 263 rows, 484 columns and 1404 nonzeros
Model fingerprint: 0xd61e50b3
Variable types: 0 continuous, 484 integer (484 binary)
Coefficient statistics:
  Matrix range     [1e+00, 1e+00]
  Objective range  [3e+00, 8e+01]
  Bounds range     [1e+00, 1e+00]
  RHS range        [1e+00, 6e+00]
Presolve removed 9 rows and 25 columns
Presolve time: 0.01s
Presolved: 254 rows, 459 columns, 1350 nonzeros
Variable types: 0 continuous, 459 integer (459 binary)

Root relaxation: objective 3.141366e+02, 68 iterations, 0.00 seconds (0.00 work units)

    Nodes    |    Current Node    |     Objective Bounds      |     Work
 Expl Unexpl |  Obj  Depth IntInf | Incumbent    BestBd   Gap | It/Node Time

     0     0  314.13662    0    8          -  314.13662      -     -    0s
     0     0  319.15945    0    -          -  319.15945      -     -    0s
     0     0  323.22855    0   19          -  323.22855      -     -    0s
     0     0  324.58433    0    -          -  324.58433      -     -    0s
     0     0  329.47358    0    -          -  329.47358      -     -    0s
     0     0  331.23912    0    -          -  331.23912      -     -    0s
     0     0  331.64767    0    -          -  331.64767      -     -    0s
     0     0  343.01145    0   18          -  343.01145      -     -    0s
     0     0  352.52141    0    -          -  352.52141      -     -    0s
     0     0  354.65201    0    -          -  354.65201      -     -    0s
     0     0  356.15622    0    -          -  356.15622      -     -    0s
     0     0  359.87636    0    -          -  359.87636      -     -    1s
     0     0  362.87077    0   18          -  362.87077      -     -    1s
     0     0  363.40734    0    -          -  363.40734      -     -    1s
     0     0  363.74677    0   23          -  363.74677      -     -    1s
     0     0  366.17163    0   32          -  366.17163      -     -    1s
     0     0  366.27326    0   35          -  366.27326      -     -    1s
     0     0  366.27326    0   38          -  366.27326      -     -    1s
     0     0  366.27326    0   38          -  366.27326      -     -    1s
     0     2  367.58532    0   23          -  367.58532      -     -    1s
   323   339  399.46380   32   37          -  369.79746      -  10.5    6s
   601   572  380.65862   13   48          -  370.07864      -   9.8   10s
  1003   971  394.04105   23   51          -  374.24691      -   8.9   15s
  1858  1557  425.08356   52   38          -  375.17646      -   8.8   22s
  1864  1561  425.58230   89   28          -  379.43110      -   8.7   25s
  2121  1760  409.36147   28   25          -  379.96965      -  10.0   30s
  2502  1973  416.02241   53    6          -  380.17844      -  10.3   35s
  3312  2390  511.84048   92    -          -  380.42441      -   9.9   40s
  3772  2679  445.87111   63   31          -  382.01014      -  10.0   45s
  4367  2933  420.65008   29   33          -  382.01014      -  10.2   50s
  4873  3160  414.76143   39    -          -  383.01444      -  10.3   56s
  5526  3503  396.03285   19   37          -  383.81150      -  10.4   60s
  5839  3658  428.97468   39   28          -  383.81150      -  10.4   65s
  6151  3799  411.81744   33   39          -  383.81150      -  10.4   70s
  6551  4003  420.19686   31   12          -  384.37052      -  10.6   75s
  7055  4425  413.24520   32   20          -  384.45337      -  10.7   80s
  7406  4699  513.27765   58   10          -  384.45337      -  10.7   85s
  7966  5171  482.70665   56    -          -  384.45337      -  10.8   91s
  8641  5729  441.38406   56   25          -  385.47426      -  10.8   96s
  9266  6372  402.57843   39   25          -  385.81723      -  10.9  101s
  9586  6598  459.67409   72   22          -  385.81723      -  10.8  105s
 10140  6990  451.41383   38   25          -  385.81723      -  10.8  112s
 10571  7320  401.83820   32   51          -  386.61299      -  10.9  115s
 10954  7692  438.55491   52   28          -  386.61299      -  11.0  120s
 11835  8357 infeasible   73               -  386.98138      -  11.0  129s
 12025  8646  399.19761   30   18          -  387.13085      -  11.0  131s
*12392  7512              63     456.2593424  387.27298  15.1%  11.0  134s
 12734  7651     cutoff   79       456.25934  387.27298  15.1%  11.0  135s
 13343  7956 infeasible   50       456.25934  387.77806  15.0%  10.9  140s
H13386  6151                     432.2827247  387.77806  10.3%  11.0  142s
 13742  6528  393.85600   24   52  432.28272  388.49769  10.1%  11.0  145s
 14897  7291  410.51426   31   41  432.28272  389.16151  10.0%  11.1  152s
 16189  8369  417.42251   42   18  432.28272  389.89677  9.81%  11.2  158s
 16714  8859  420.30192   39   40  432.28272  390.05282  9.77%  11.2  161s
 17981  9512  429.08538   52   33  432.28272  390.62253  9.64%  11.1  168s
 18509  9842  398.61521   26   47  432.28272  390.82990  9.59%  11.1  171s
 19578 10634  394.72561   24   47  432.28272  391.09865  9.53%  11.2  177s
 20738 11364  415.80659   28   21  432.28272  391.57601  9.42%  11.2  181s
 22170 12122  428.59869   30   42  432.28272  391.82673  9.36%  11.2  187s
 22821 12521  425.91272   29   32  432.28272  392.11366  9.29%  11.2  190s
 24328 13432  401.60616   21   46  432.28272  392.64308  9.17%  11.3  196s
 25799 14340     cutoff   44       432.28272  392.94752  9.10%  11.3  203s
 26480 14386  410.50770   25   30  432.28272  393.01951  9.08%  11.3  206s
 27987 15448  425.72987   24   24  432.28272  393.40866  8.99%  11.4  212s
 29286 16121  418.68736   32   26  432.28272  393.56592  8.96%  11.4  217s
 30755 17001  401.22339   30   30  432.28272  393.83991  8.89%  11.4  221s
 32032 17731  419.02057   47   20  432.28272  394.12000  8.83%  11.4  225s
 33291 18369  409.35675   32   37  432.28272  394.36626  8.77%  11.4  230s
 34352 18974  431.19355   29   23  432.28272  394.51995  8.74%  11.5  235s
 36159 20014  427.38573   37   43  432.28272  394.85860  8.66%  11.6  243s
 36710 20027  396.40933   27   47  432.28272  394.86442  8.66%  11.6  246s
 38134 21151  416.96217   23   12  432.28272  395.17801  8.58%  11.6  251s
 39382 21675  423.32230   35   48  432.28272  395.34839  8.54%  11.7  255s
 41720 22972  420.69905   30   21  432.28272  395.60572  8.48%  11.7  262s
 42916 23607  413.73165   32   38  432.28272  395.75387  8.45%  11.8  267s
 44092 24141  408.29664   31   20  432.28272  395.89195  8.42%  11.8  272s
 45226 24825 infeasible   38       432.28272  396.05373  8.38%  11.8  276s
 46345 25268     cutoff   36       432.28272  396.17161  8.35%  11.9  281s
 47569 25840  417.94291   32   38  432.28272  396.34807  8.31%  11.9  285s
 49374 26722     cutoff   46       432.28272  396.54049  8.27%  12.0  290s
 50601 27452  418.10853   42   41  432.28272  396.66227  8.24%  12.0  297s
 51865 28043  413.54282   33   49  432.28272  396.79276  8.21%  12.1  300s
 53655 28906  417.33425   27   48  432.28272  396.99977  8.16%  12.1  305s
 55365 29798  425.16227   34   31  432.28272  397.16262  8.12%  12.2  312s
 56658 30095  424.88746   32   29  432.28272  397.30906  8.09%  12.2  316s
H56677 29846                     431.2625506  397.34087  7.87%  12.2  317s
 57598 30221  413.94188   28   41  431.26255  397.43272  7.84%  12.2  321s
 58051 30355  407.03130   30   46  431.26255  397.43332  7.84%  12.2  326s
 59329 31341  413.03865   24   37  431.26255  397.65289  7.79%  12.2  330s
 61402 32407  416.26344   35   32  431.26255  397.86013  7.75%  12.2  338s
 62077 32683  405.85605   35   39  431.26255  397.93036  7.73%  12.2  340s
 64091 33612  403.41228   28   41  431.26255  398.15268  7.68%  12.3  345s
 65382 34235  424.19093   24   39  431.26255  398.29268  7.64%  12.3  351s
 66702 34890     cutoff   40       431.26255  398.40339  7.62%  12.3  356s
 68052 35503  404.27423   23   53  431.26255  398.53398  7.59%  12.4  360s
 69901 36314  427.49969   43   33  431.26255  398.68951  7.55%  12.4  365s
 71289 36912  401.05381   27   50  431.26255  398.80293  7.53%  12.4  370s
 72827 37569  423.69906   43   31  431.26255  398.89021  7.51%  12.4  375s
 75153 38630  400.74266   29   45  431.26255  399.10816  7.46%  12.4  382s
 76530 39296  427.75373   33   26  431.26255  399.20798  7.43%  12.5  385s
 78418 40071  418.13326   29   43  431.26255  399.35221  7.40%  12.5  392s
 79770 40684     cutoff   40       431.26255  399.46312  7.37%  12.5  395s
 81142 41340  406.27103   26   45  431.26255  399.55998  7.35%  12.5  401s
 83148 42209  405.08008   30   45  431.26255  399.68599  7.32%  12.5  408s
 83836 42542  419.62419   34   33  431.26255  399.71875  7.31%  12.5  411s
 85829 43277  408.06603   28   49  431.26255  399.85437  7.28%  12.5  417s
 87657 44121  422.59726   38   34  431.26255  399.98379  7.25%  12.5  420s
 89525 45017  418.05809   27   30  431.26255  400.12597  7.22%  12.6  427s
 90281 45256  418.57540   59   29  431.26255  400.16800  7.21%  12.5  430s
 92087 46020  414.75435   35   38  431.26255  400.29611  7.18%  12.6  437s
 92624 46253  404.70651   26   47  431.26255  400.34031  7.17%  12.6  440s
 93752 46763  405.36089   25   36  431.26255  400.39469  7.16%  12.6  445s
 95766 47597  410.50222   36   25  431.26255  400.53769  7.12%  12.6  450s
 97111 48106     cutoff   33       431.26255  400.63534  7.10%  12.6  455s
 98845 48813     cutoff   32       431.26255  400.74759  7.08%  12.6  460s
 101398 49848  428.52788   37   22  431.26255  400.91062  7.04%  12.7  466s
 102553 50432  408.35009   27   45  431.26255  400.99555  7.02%  12.7  470s
 103249 50731  410.56609   35   43  431.26255  401.05451  7.00%  12.7  475s
 104737 51370  403.06851   28   45  431.26255  401.14449  6.98%  12.7  480s
 105871 51836  410.46856   35   32  431.26255  401.20483  6.97%  12.7  485s
H107718 49445                     428.5259856  401.31823  6.35%  12.7  491s
H107732 47939                     427.5637664  401.31904  6.14%  12.7  491s
 109389 48753 infeasible   36       427.56377  401.42720  6.11%  12.7  497s
 109957 48900  409.84408   38   43  427.56377  401.46499  6.10%  12.7  500s
 112342 49602  409.09958   26   46  427.56377  401.62345  6.07%  12.8  506s
 114101 50274  419.32081   31   38  427.56377  401.73309  6.04%  12.8  510s
 116554 51068  425.08139   35   26  427.56377  401.88815  6.01%  12.8  516s
 118472 51777     cutoff   38       427.56377  401.99995  5.98%  12.8  520s
 120797 52420  417.65748   26   47  427.56377  402.16680  5.94%  12.9  526s
 122054 52850  425.07977   34   28  427.56377  402.21891  5.93%  12.9  532s
 122659 53032     cutoff   34       427.56377  402.27251  5.92%  12.9  535s
 123832 53524  425.37359   29   38  427.56377  402.33772  5.90%  12.9  541s
 125698 54102     cutoff   37       427.56377  402.45033  5.87%  12.9  546s
 128102 54816  414.99179   38   39  427.56377  402.61982  5.83%  12.9  550s
 130597 55590  427.03456   34   33  427.56377  402.76532  5.80%  12.9  556s
 131349 55715     cutoff   39       427.56377  402.79365  5.79%  13.0  560s
 133492 56464  416.63347   28   27  427.56377  402.91504  5.76%  13.0  566s
 134560 56808  426.42861   33   45  427.56377  402.96445  5.75%  13.0  570s
 136386 57362  406.86002   30   40  427.56377  403.05482  5.73%  13.0  575s
 138725 58127  419.71748   41   31  427.56377  403.18702  5.70%  13.0  580s
 140501 58710  411.12980   29   31  427.56377  403.28017  5.68%  13.1  586s
 142370 59294     cutoff   32       427.56377  403.36951  5.66%  13.1  590s
 144887 60012     cutoff   31       427.56377  403.50777  5.63%  13.1  595s
 146730 60689  423.34993   32   31  427.56377  403.58494  5.61%  13.1  600s
 149296 61423  425.89881   29   27  427.56377  403.72870  5.57%  13.1  605s
 151664 62176  427.39729   35   25  427.56377  403.84422  5.55%  13.1  610s
 153644 62748  418.44406   28   37  427.56377  403.91249  5.53%  13.1  616s
 155353 63272  420.01001   37   30  427.56377  404.01006  5.51%  13.2  620s
 157823 63964  413.75351   40   33  427.56377  404.12189  5.48%  13.2  626s
 159617 64435     cutoff   42       427.56377  404.20139  5.46%  13.2  630s
 160841 64702  416.42111   26   41  427.56377  404.26816  5.45%  13.2  636s
 162619 65206  422.78382   28   44  427.56377  404.35824  5.43%  13.2  640s
 165726 66022  410.36114   33   40  427.56377  404.48632  5.40%  13.2  645s
 167506 66518  421.63524   33   39  427.56377  404.55967  5.38%  13.2  650s
 169535 67051     cutoff   35       427.56377  404.65341  5.36%  13.2  655s
 171396 67479     cutoff   39       427.56377  404.73072  5.34%  13.3  661s
 173569 67921  416.17698   29   36  427.56377  404.81613  5.32%  13.3  665s
 176767 68765  424.22590   39   26  427.56377  404.93264  5.29%  13.3  671s
 178625 69249  425.14580   35   26  427.56377  405.03540  5.27%  13.3  675s
 181185 69894  415.19489   30   40  427.56377  405.15016  5.24%  13.3  680s
 183054 70350     cutoff   35       427.56377  405.22902  5.22%  13.3  686s
 185089 70702     cutoff   28       427.56377  405.30577  5.21%  13.3  690s
 187781 71430  414.30532   29   37  427.56377  405.44989  5.17%  13.3  695s
 190317 72020  414.10513   29   39  427.56377  405.53427  5.15%  13.3  700s
 192008 72457  416.35100   41   27  427.56377  405.61014  5.13%  13.3  706s
 193820 72882  416.53456   25   30  427.56377  405.69749  5.11%  13.3  710s
 196541 73426     cutoff   34       427.56377  405.79940  5.09%  13.3  716s
 199171 74030  421.16353   38   39  427.56377  405.91404  5.06%  13.3  721s
 200405 74398  413.79774   32   50  427.56377  405.96382  5.05%  13.3  725s
 203189 74981  408.74546   29   45  427.56377  406.08563  5.02%  13.3  731s
 205699 75533     cutoff   33       427.56377  406.17829  5.00%  13.3  735s
 208184 76030     cutoff   32       427.56377  406.27839  4.98%  13.3  740s
 210241 76411  421.99204   32   28  427.56377  406.36381  4.96%  13.3  745s
 213390 76997     cutoff   38       427.56377  406.46542  4.93%  13.2  750s
 215527 77452  420.77612   34   43  427.56377  406.55073  4.91%  13.2  755s
 218106 78013  415.02161   28   30  427.56377  406.63549  4.89%  13.2  760s
 220713 78517  416.16253   29   34  427.56377  406.73741  4.87%  13.2  765s
 223914 79164     cutoff   47       427.56377  406.85266  4.84%  13.2  770s
 227113 79858  425.34647   35   27  427.56377  406.97429  4.82%  13.2  775s
 230148 80247     cutoff   37       427.56377  407.07281  4.79%  13.2  780s
 232911 80842  420.37217   35   41  427.56377  407.17269  4.77%  13.2  786s
 234377 81121     cutoff   35       427.56377  407.23730  4.75%  13.2  790s
 235635 81333  421.35789   33   38  427.56377  407.27518  4.75%  13.2  795s
 238553 81748  411.07018   30   29  427.56377  407.37439  4.72%  13.2  802s
 241146 82244  426.47051   26   18  427.56377  407.46342  4.70%  13.2  805s
 244456 82953  427.26773   31   36  427.56377  407.55730  4.68%  13.2  810s
 246980 83363  425.03653   32   34  427.56377  407.63652  4.66%  13.2  815s
 249721 83714  411.98172   42   30  427.56377  407.71830  4.64%  13.2  821s
 252471 84123  412.29869   29   33  427.56377  407.80316  4.62%  13.2  826s
 254735 84414     cutoff   36       427.56377  407.89115  4.60%  13.2  830s
 256783 84913  419.58483   23   39  427.56377  407.94160  4.59%  13.2  835s
 258809 85227     cutoff   34       427.56377  407.99775  4.58%  13.2  840s
 260117 85480  418.22999   25   42  427.56377  408.03508  4.57%  13.2  845s
 264098 86148  418.26580   36   35  427.56377  408.16145  4.54%  13.2  850s
 266776 86575  424.98149   29   27  427.56377  408.24478  4.52%  13.2  855s
 270042 87133  417.38323   34   40  427.56377  408.34695  4.49%  13.2  860s
 273344 87684  424.42102   38   28  427.56377  408.45000  4.47%  13.2  865s
 275772 87999  416.26544   32   40  427.56377  408.52089  4.45%  13.2  870s
 277948 88301  426.33076   37    -  427.56377  408.60228  4.43%  13.2  875s
 279692 88691  425.24184   32   29  427.56377  408.64768  4.42%  13.2  880s
 282404 89126     cutoff   41       427.56377  408.72624  4.41%  13.2  885s
 285049 89547     cutoff   37       427.56377  408.80807  4.39%  13.2  890s
 289000 90108  421.26000   33   37  427.56377  408.92314  4.36%  13.2  896s
 291617 90585     cutoff   35       427.56377  409.00926  4.34%  13.2  900s
 294303 91056  413.54946   35   41  427.56377  409.07384  4.32%  13.2  905s
 297601 91633  426.04168   39   28  427.56377  409.15967  4.30%  13.2  910s
 300203 91993  417.63337   32   21  427.56377  409.22387  4.29%  13.2  915s
 303570 92419  420.68431   33   16  427.56377  409.32703  4.27%  13.2  920s
 306105 92762 infeasible   37       427.56377  409.40366  4.25%  13.2  925s
 309126 93198  424.55089   33   24  427.56377  409.48836  4.23%  13.2  930s
 310925 93471     cutoff   30       427.56377  409.53359  4.22%  13.2  935s
 313284 93818 infeasible   25       427.56377  409.60637  4.20%  13.2  940s
 316221 94143  415.72528   32   36  427.56377  409.68407  4.18%  13.2  945s
 316988 94237  413.57035   30   40  427.56377  409.70783  4.18%  13.2  950s
 319260 94438  418.43232   33   24  427.56377  409.77028  4.16%  13.2  955s
 321913 94819     cutoff   34       427.56377  409.83142  4.15%  13.2  960s
 325329 95296  424.04037   26   29  427.56377  409.92034  4.13%  13.2  965s
 327718 95555  414.96207   33   34  427.56377  409.98233  4.11%  13.3  971s
 329558 95736  424.75600   34    8  427.56377  410.03667  4.10%  13.3  975s
 332025 96062     cutoff   39       427.56377  410.09958  4.08%  13.3  980s
 334915 96419     cutoff   43       427.56377  410.17724  4.07%  13.3  985s
 336479 96601 infeasible   34       427.56377  410.21451  4.06%  13.3  990s
 339421 96988     cutoff   39       427.56377  410.29635  4.04%  13.3  996s
 341165 97184     cutoff   35       427.56377  410.34054  4.03%  13.3 1001s
 343085 97380  424.16640   25   36  427.56377  410.39251  4.02%  13.3 1005s
 345500 97636  420.70694   30   34  427.56377  410.44808  4.00%  13.3 1010s
 348492 97946  423.93438   28   24  427.56377  410.52870  3.98%  13.3 1015s
 350891 98185  416.62928   26   32  427.56377  410.58513  3.97%  13.4 1020s
 353247 98447  415.71759   31   22  427.56377  410.64448  3.96%  13.4 1025s
 355639 98832  418.18080   30   28  427.56377  410.70152  3.94%  13.4 1030s
 359268 99122  427.19006   25   42  427.56377  410.79170  3.92%  13.4 1035s
 362308 99365  414.06501   39   46  427.56377  410.87104  3.90%  13.4 1042s
 362891 99368  421.06021   37   38  427.56377  410.88328  3.90%  13.4 1205s
 362903 99376  415.21692   36   65  427.56377  410.88328  3.90%  13.4 1210s
 362988 99443  410.88328   34   48  427.56377  410.88328  3.90%  13.4 1215s
 363271 99500  410.88328   48   40  427.56377  410.88328  3.90%  13.4 1220s
 363650 99581  410.88328   33   55  427.56377  410.88328  3.90%  13.4 1225s
 364045 99675  410.88328   35   56  427.56377  410.88328  3.90%  13.4 1230s
 365149 100010  419.50264   76   25  427.56377  410.88328  3.90%  13.4 1235s
 366207 100271  426.06771   45   30  427.56377  410.88328  3.90%  13.4 1240s
 367596 100617  410.88328   47   50  427.56377  410.88328  3.90%  13.4 1245s
 369333 100882  420.97514   52   30  427.56377  410.88328  3.90%  13.5 1251s
 370616 101129  418.94330   43   38  427.56377  410.88328  3.90%  13.5 1256s
 372118 101349  424.60038   54   38  427.56377  410.88328  3.90%  13.5 1262s
 373602 101522  426.29120   50   12  427.56377  410.88328  3.90%  13.5 1267s
 375274 101584  426.99943   43   36  427.56377  410.88328  3.90%  13.5 1272s
 376790 102074     cutoff   50       427.56377  410.88328  3.90%  13.5 1277s
 378872 101865  410.90877   44   45  427.56377  410.88328  3.90%  13.5 1280s
 382202 102506  414.81640   36   28  427.56377  410.88328  3.90%  13.5 1287s
 383249 102779  422.38822   56   34  427.56377  410.88328  3.90%  13.5 1290s
 385957 102991  412.31377   46   44  427.56377  410.88328  3.90%  13.5 1297s
 387339 103356     cutoff   42       427.56377  410.88328  3.90%  13.5 1302s
 388992 103317  424.37018   44   49  427.56377  410.88328  3.90%  13.5 1305s
 391312 103619     cutoff   48       427.56377  410.88328  3.90%  13.5 1311s
 394254 103796  421.40494   47   24  427.56377  410.88328  3.90%  13.5 1316s
 396959 103765 infeasible   41       427.56377  410.88328  3.90%  13.5 1321s
 399300 104026  411.12541   39   43  427.56377  410.88328  3.90%  13.6 1326s
 401746 104032  415.97231   41   39  427.56377  410.88328  3.90%  13.6 1332s
 403499 103761  412.57326   39   53  427.56377  410.88328  3.90%  13.6 1335s
 406024 103936  426.44407   44   28  427.56377  410.88328  3.90%  13.6 1340s
 407635 104232  427.32109   49    8  427.56377  410.88328  3.90%  13.6 1346s
 409804 104270  425.99232   40   29  427.56377  410.88328  3.90%  13.6 1350s
 412006 104269  420.98914   50   24  427.56377  410.88328  3.90%  13.6 1355s
 414211 104388 infeasible   51       427.56377  410.88328  3.90%  13.6 1360s
 417772 104403  414.37521   39   21  427.56377  410.88328  3.90%  13.6 1367s
 418991 104266  418.77646   39   46  427.56377  410.88328  3.90%  13.6 1370s
 420993 104496  410.98658   42   10  427.56377  410.88328  3.90%  13.6 1376s
 422945 104316     cutoff   47       427.56377  410.88328  3.90%  13.6 1380s
 425180 104325     cutoff   42       427.56377  410.88328  3.90%  13.6 1385s
 428261 104282  423.07611   44   34  427.56377  410.88328  3.90%  13.6 1392s
 430230 104325     cutoff   45       427.56377  410.88328  3.90%  13.6 1396s
 432479 104292  410.88328   43   36  427.56377  410.88328  3.90%  13.6 1400s
 434962 104163  422.75283   48   25  427.56377  410.88328  3.90%  13.6 1407s
 435909 104123     cutoff   45       427.56377  410.88328  3.90%  13.6 1410s
 437873 104182  419.39661   49   23  427.56377  410.88328  3.90%  13.6 1415s
 440039 104115  426.89464   44   28  427.56377  410.88328  3.90%  13.6 1420s
 442910 103917  415.77157   40   47  427.56377  410.88328  3.90%  13.7 1427s
 443809 103934  425.71814   54   18  427.56377  410.88328  3.90%  13.7 1430s
 447091 103687     cutoff   46       427.56377  410.88328  3.90%  13.7 1435s
 448747 103641  423.28815   54   25  427.56377  410.88328  3.90%  13.7 1441s
 450473 103588  417.22867   49   26  427.56377  410.88328  3.90%  13.7 1446s
 451710 103472  412.18304   53   22  427.56377  410.88328  3.90%  13.7 1450s
 453707 103302  410.88328   39   45  427.56377  410.88328  3.90%  13.7 1455s
 456709 103206  415.82869   47   36  427.56377  410.88328  3.90%  13.7 1461s
 458438 103252  410.88328   50   32  427.56377  410.88328  3.90%  13.7 1465s
 460885 103017  423.98162   47   35  427.56377  410.88328  3.90%  13.7 1470s
 463514 102817  422.35117   40   24  427.56377  410.88328  3.90%  13.7 1476s
 464839 102769  419.57646   37   35  427.56377  410.88328  3.90%  13.7 1480s
 467647 102506  416.94570   47   16  427.56377  410.88328  3.90%  13.7 1485s
 469616 102378  421.70946   42   24  427.56377  410.88328  3.90%  13.7 1490s
 471755 102196  425.39265   44   26  427.56377  410.88328  3.90%  13.7 1498s
 472780 102072  426.95580   50   18  427.56377  410.88328  3.90%  13.7 1500s
 475300 101972  417.94808   43   44  427.56377  410.88328  3.90%  13.7 1506s
 477194 101698     cutoff   44       427.56377  410.88328  3.90%  13.7 1510s
 478735 101704  424.06130   48   24  427.56377  410.88328  3.90%  13.7 1515s
 480536 101403  423.45265   50   30  427.56377  410.88328  3.90%  13.7 1520s
 482868 101349     cutoff   46       427.56377  410.88328  3.90%  13.7 1525s
 484819 101162     cutoff   45       427.56377  410.88328  3.90%  13.7 1531s
 486815 101030  417.55714   51   42  427.56377  410.88328  3.90%  13.7 1535s
 489681 100775  416.76905   51   20  427.56377  410.88328  3.90%  13.7 1540s
 492394 100554  423.64035   50   38  427.56377  410.88328  3.90%  13.7 1546s
 494371 100318  415.04116   49   24  427.56377  410.88328  3.90%  13.7 1550s
 497345 99988  414.67175   38   40  427.56377  410.88328  3.90%  13.7 1556s
 498785 99993  413.79451   41   35  427.56377  410.88328  3.90%  13.7 1562s
 501032 99823  410.88328   36   38  427.56377  410.88328  3.90%  13.7 1566s
 502960 99518  423.33481   49   42  427.56377  410.88328  3.90%  13.7 1570s
 505371 99136  424.86980   54   34  427.56377  410.88328  3.90%  13.7 1575s
 507537 99104  419.27221   42   39  427.56377  410.88328  3.90%  13.7 1580s
 509497 98916  421.19674   44   35  427.56377  410.88328  3.90%  13.7 1585s
 512260 98644  419.59020   48   53  427.56377  410.88328  3.90%  13.7 1591s
 514091 98482  417.70945   37   28  427.56377  410.88328  3.90%  13.7 1596s
 515971 98306  418.26519   40   18  427.56377  410.88328  3.90%  13.7 1601s
 516894 98271  423.54765   44   21  427.56377  410.88328  3.90%  13.7 1605s
 519430 98085  420.51223   39   45  427.56377  410.88328  3.90%  13.7 1611s
 520488 97963     cutoff   55       427.56377  410.88328  3.90%  13.7 1615s
 522937 97774  425.83695   47   18  427.56377  410.88328  3.90%  13.7 1621s
 525049 97513  423.71331   45   43  427.56377  410.88328  3.90%  13.7 1626s
 526872 97329  422.33058   39   18  427.56377  410.88328  3.90%  13.7 1631s
 529680 96902  412.01191   48   37  427.56377  410.98778  3.88%  13.7 1636s
 530920 96847     cutoff   51       427.56377  411.03822  3.87%  13.7 1641s
 532679 96622  422.39749   50   30  427.56377  411.10292  3.85%  13.7 1645s
 534514 96391  423.21562   40   37  427.56377  411.16125  3.84%  13.7 1650s
 537422 96149     cutoff   55       427.56377  411.27464  3.81%  13.7 1656s
 538315 96008     cutoff   45       427.56377  411.30319  3.80%  13.7 1660s
 540178 95776  423.72939   51   19  427.56377  411.36936  3.79%  13.7 1665s
 542624 95554     cutoff   50       427.56377  411.44643  3.77%  13.7 1671s
 544320 95278  421.01193   50    -  427.56377  411.49161  3.76%  13.7 1676s
 545849 95097     cutoff   48       427.56377  411.54919  3.75%  13.7 1681s
 547731 94832     cutoff   50       427.56377  411.61479  3.73%  13.7 1686s
 549844 94385     cutoff   48       427.56377  411.69795  3.71%  13.7 1690s
 552353 94144  424.31209   42   31  427.56377  411.78354  3.69%  13.7 1696s
 554264 93776     cutoff   48       427.56377  411.86101  3.67%  13.7 1700s
 556095 93478     cutoff   57       427.56377  411.92050  3.66%  13.7 1705s
 558546 93117     cutoff   43       427.56377  412.00015  3.64%  13.7 1710s
 561157 92630     cutoff   46       427.56377  412.09866  3.62%  13.7 1716s
 562127 92653  423.93263   50   37  427.56377  412.12838  3.61%  13.7 1722s
 563154 92514     cutoff   55       427.56377  412.16587  3.60%  13.7 1725s
 565653 92003  413.58202   48   17  427.56377  412.23860  3.58%  13.7 1731s
 567155 91846  416.94890   53   29  427.56377  412.30627  3.57%  13.7 1735s
 569938 91291 infeasible   47       427.56377  412.38749  3.55%  13.7 1740s
 572409 91019  419.63634   47   25  427.56377  412.46964  3.53%  13.7 1747s
 574416 90597  421.09439   47   33  427.56377  412.53680  3.51%  13.7 1751s
 576029 90289  420.45161   49   39  427.56377  412.59896  3.50%  13.7 1755s
 577178 90177     cutoff   50       427.56377  412.62924  3.49%  13.7 1760s
 579459 89873  420.85876   46   14  427.56377  412.69518  3.48%  13.7 1766s
 581413 89450 infeasible   48       427.56377  412.74666  3.47%  13.7 1771s
 582644 89295     cutoff   50       427.56377  412.77874  3.46%  13.7 1775s
 585232 88855     cutoff   52       427.56377  412.87336  3.44%  13.7 1782s
 586205 88701  422.68488   48   44  427.56377  412.90187  3.43%  13.7 1785s
 588743 88249     cutoff   56       427.56377  412.98015  3.41%  13.7 1791s
 590220 87955  418.93828   46   14  427.56377  413.01539  3.40%  13.7 1796s
 591950 87647     cutoff   47       427.56377  413.07287  3.39%  13.7 1801s
 593403 87447  422.32454   43   32  427.56377  413.11357  3.38%  13.7 1805s
 596206 86848     cutoff   52       427.56377  413.21390  3.36%  13.6 1811s
 597803 86632  420.24101   44   21  427.56377  413.26495  3.34%  13.6 1815s
 599841 86203  421.06047   46   16  427.56377  413.32269  3.33%  13.6 1820s
 601239 85970  425.32720   44   36  427.56377  413.36699  3.32%  13.6 1825s
 603033 85682 infeasible   51       427.56377  413.41603  3.31%  13.6 1830s
 605521 85261     cutoff   47       427.56377  413.47742  3.29%  13.6 1836s
 607463 84922  422.20810   54   37  427.56377  413.53670  3.28%  13.6 1841s
 609210 84511 infeasible   43       427.56377  413.58028  3.27%  13.6 1846s
 610122 84486  415.84504   49   47  427.56377  413.60487  3.26%  13.6 1850s
 612663 83958  421.23906   49   37  427.56377  413.66908  3.25%  13.6 1856s
 614665 83544  423.81773   45   28  427.56377  413.71923  3.24%  13.6 1860s
 617190 83095  423.65427   44   40  427.56377  413.78536  3.22%  13.6 1866s
 618770 82814  419.61628   39   24  427.56377  413.83402  3.21%  13.6 1870s
 620568 82500     cutoff   47       427.56377  413.88325  3.20%  13.6 1875s
 623246 81996  418.23436   46   41  427.56377  413.95112  3.18%  13.6 1881s
 625108 81538  421.52906   46   22  427.56377  413.99554  3.17%  13.6 1885s
 626668 81316     cutoff   48       427.56377  414.04089  3.16%  13.6 1890s
 629069 80807  420.21068   43   26  427.56377  414.09342  3.15%  13.6 1896s
 630915 80427  415.17728   40   30  427.56377  414.13717  3.14%  13.6 1901s
 632536 80092  418.65266   49   32  427.56377  414.17030  3.13%  13.6 1905s
 634088 79728  424.70399   50   25  427.56377  414.21765  3.12%  13.6 1910s
 635644 79452  414.36089   46   28  427.56377  414.25859  3.11%  13.6 1915s
 638169 78794     cutoff   46       427.56377  414.31612  3.10%  13.6 1920s
 639147 78646  424.35085   63   26  427.56377  414.31812  3.10%  13.6 1925s
 641296 78252     cutoff   48       427.56377  414.38957  3.08%  13.6 1931s
 643271 77762  418.69414   51   29  427.56377  414.43457  3.07%  13.6 1937s
 644218 77504     cutoff   46       427.56377  414.46325  3.06%  13.6 1940s
 645435 77334     cutoff   54       427.56377  414.49833  3.06%  13.6 1947s
 647078 76964     cutoff   45       427.56377  414.53848  3.05%  13.6 1951s
 648893 76603  425.89050   41   35  427.56377  414.57620  3.04%  13.6 1956s
 650759 76166  424.14336   50   28  427.56377  414.62440  3.03%  13.6 1960s
 652305 75884 infeasible   50       427.56377  414.66402  3.02%  13.6 1966s
 653880 75567  424.70450   55    -  427.56377  414.70045  3.01%  13.6 1971s
 654922 75343     cutoff   50       427.56377  414.71555  3.00%  13.6 1975s
 656546 75002  422.55339   42   33  427.56377  414.75571  3.00%  13.6 1980s
 658815 74417  419.26331   52   20  427.56377  414.78950  2.99%  13.6 1985s
 660766 73997  423.07558   48   24  427.56377  414.85054  2.97%  13.6 1991s
 662235 74008  418.52222   42   22  427.56377  414.88973  2.96%  13.6 1997s
 663140 74062  423.79549   44   41  427.56377  414.90762  2.96%  13.6 2000s
 664676 74238     cutoff   44       427.56377  414.94285  2.95%  13.6 2005s
 666253 74438     cutoff   58       427.56377  414.98113  2.94%  13.6 2010s
 668104 74628  423.32263   56   29  427.56377  415.03141  2.93%  13.6 2015s
 669301 74744  423.63813   46   20  427.56377  415.05361  2.93%  13.6 2020s
 670451 74792  416.96315   42   28  427.56377  415.07353  2.92%  13.6 2025s
 672607 75071  419.16388   48   25  427.56377  415.12126  2.91%  13.6 2031s
 674179 75166  420.85830   40   39  427.56377  415.15367  2.90%  13.6 2036s
 675682 75275     cutoff   56       427.56377  415.18643  2.89%  13.6 2041s
 677265 75441     cutoff   52       427.56377  415.22700  2.89%  13.6 2046s
 678105 75532  427.08356   50   23  427.56377  415.23943  2.88%  13.6 2050s
 680653 75698     cutoff   52       427.56377  415.30321  2.87%  13.6 2056s
 682193 75848  421.33030   43   32  427.56377  415.33954  2.86%  13.6 2061s
 682837 75951     cutoff   53       427.56377  415.35192  2.86%  13.6 2065s
 684722 76049     cutoff   57       427.56377  415.39904  2.85%  13.6 2070s
 686300 76148  418.93091   44   30  427.56377  415.43398  2.84%  13.6 2075s
 687741 76226  425.30486   45   26  427.56377  415.46335  2.83%  13.6 2080s
 689338 76366     cutoff   49       427.56377  415.49973  2.82%  13.6 2085s
 691627 76528  426.06759   57   37  427.56377  415.54423  2.81%  13.6 2092s
 692570 76581  417.05996   44   23  427.56377  415.56294  2.81%  13.6 2095s
 694295 76690  419.44897   47    6  427.56377  415.59457  2.80%  13.6 2100s
 696013 76862  420.61095   53   28  427.56377  415.63810  2.79%  13.6 2106s
 697150 76879     cutoff   44       427.56377  415.66648  2.78%  13.6 2111s
 698354 77007     cutoff   45       427.56377  415.69476  2.78%  13.6 2115s
 700002 77115  423.29715   41   20  427.56377  415.72949  2.77%  13.6 2120s
 700935 77227     cutoff   47       427.56377  415.74597  2.76%  13.6 2125s
 702811 77373  423.28163   42   20  427.56377  415.78376  2.76%  13.6 2131s
 704398 77471  418.39280   43   26  427.56377  415.81057  2.75%  13.6 2136s
 706295 77573     cutoff   47       427.56377  415.85049  2.74%  13.6 2142s
 706949 77683     cutoff   53       427.56377  415.86673  2.74%  13.6 2145s
 708909 77866  423.47176   46   36  427.56377  415.89680  2.73%  13.6 2151s
 710402 78006     cutoff   51       427.56377  415.92980  2.72%  13.6 2156s
 712383 78173  421.41885   43   34  427.56377  415.96053  2.71%  13.6 2161s
 714114 78299     cutoff   51       427.56377  415.99023  2.71%  13.6 2167s
 715885 78435  416.71571   44   39  427.56377  416.02462  2.70%  13.6 2173s
 716890 78481     cutoff   49       427.56377  416.04295  2.69%  13.6 2175s
 718380 78583  423.93410   45   35  427.56377  416.07504  2.69%  13.6 2180s
 720209 78638     cutoff   42       427.56377  416.11003  2.68%  13.6 2185s
 721322 78722  420.77233   51   32  427.56377  416.12391  2.68%  13.6 2190s
 723313 78914  421.43642   46   20  427.56377  416.16740  2.67%  13.6 2197s
 725051 79013     cutoff   55       427.56377  416.19262  2.66%  13.6 2202s
 726607 79055     cutoff   38       427.56377  416.22264  2.65%  13.6 2206s
 728130 79169  416.94536   56   33  427.56377  416.25294  2.65%  13.6 2211s
 729131 79220     cutoff   48       427.56377  416.26360  2.64%  13.6 2215s
 730668 79268     cutoff   42       427.56377  416.29638  2.64%  13.6 2220s
 732611 79422     cutoff   49       427.56377  416.33019  2.63%  13.6 2225s
 734155 79474  417.22157   48   22  427.56377  416.36466  2.62%  13.5 2231s
 734794 79526  416.57174   44   20  427.56377  416.37233  2.62%  13.5 2235s
 736464 79574  424.73608   55   26  427.56377  416.40596  2.61%  13.5 2241s
 737983 79610  422.23697   59   34  427.56377  416.43623  2.60%  13.5 2246s
 739664 79716     cutoff   51       427.56377  416.46602  2.60%  13.5 2251s
 741239 79805  422.42239   46   45  427.56377  416.49713  2.59%  13.5 2256s
 742947 79843     cutoff   53       427.56377  416.52798  2.58%  13.5 2261s
 744696 79895  427.20163   42   22  427.56377  416.56149  2.57%  13.5 2265s
 746155 79996  423.80119   57   12  427.56377  416.58607  2.57%  13.5 2272s
 747081 80078  426.75023   46   39  427.56377  416.60356  2.56%  13.5 2275s
 748590 80145  425.01545   48   24  427.56377  416.62577  2.56%  13.5 2280s
 750164 80236  422.94412   57   28  427.56377  416.65451  2.55%  13.5 2286s
 752109 80285  422.10526   43   24  427.56377  416.69431  2.54%  13.5 2291s
 753672 80340     cutoff   54       427.56377  416.72373  2.54%  13.5 2296s
 754308 80434  416.84905   50   21  427.56377  416.73365  2.53%  13.5 2300s
 756058 80492  421.65066   44   41  427.56377  416.76319  2.53%  13.5 2306s
 757662 80586  425.27978   47   24  427.56377  416.79309  2.52%  13.5 2311s
 759114 80610  422.57355   42   32  427.56377  416.82018  2.51%  13.5 2315s
 760581 80660     cutoff   47       427.56377  416.85150  2.51%  13.5 2320s
 762971 80722  425.26689   48   18  427.56377  416.89182  2.50%  13.5 2327s
 764527 80806  423.97083   45   18  427.56377  416.91576  2.49%  13.5 2334s
 765449 80817  417.65370   47   27  427.56377  416.93185  2.49%  13.5 2336s
 766968 80857  418.39015   42   26  427.56377  416.96339  2.48%  13.5 2342s
 767753 80867  426.49452   39   35  427.56377  416.97442  2.48%  13.5 2346s
 769219 80925  419.82231   45   43  427.56377  417.00056  2.47%  13.5 2352s
 770190 80919     cutoff   47       427.56377  417.02037  2.47%  13.5 2355s
 771748 80986  425.00214   56   24  427.56377  417.05673  2.46%  13.5 2361s
 773620 80987  420.15124   52   46  427.56377  417.09046  2.45%  13.5 2366s
 775166 80980  425.39120   52   22  427.56377  417.12417  2.44%  13.5 2371s
 776775 81022     cutoff   47       427.56377  417.15044  2.44%  13.5 2377s
 777433 81073  424.71721   52   39  427.56377  417.16280  2.43%  13.5 2380s
 779320 81085  425.72707   52   21  427.56377  417.19581  2.42%  13.5 2385s
 781037 81008  422.72627   44   18  427.56377  417.22896  2.42%  13.5 2391s
 781757 81048  426.08950   46   27  427.56377  417.24429  2.41%  13.5 2395s
 783649 81066  424.94305   45   19  427.56377  417.27800  2.41%  13.5 2402s
 784591 81081  424.21169   43   46  427.56377  417.29656  2.40%  13.5 2405s
 786034 81116     cutoff   45       427.56377  417.32007  2.40%  13.5 2412s
 787382 81133     cutoff   51       427.56377  417.34253  2.39%  13.5 2415s
 788840 81113 infeasible   41       427.56377  417.36665  2.38%  13.5 2420s
 790464 81131 infeasible   47       427.56377  417.39997  2.38%  13.5 2427s
 791596 81112     cutoff   53       427.56377  417.41949  2.37%  13.5 2430s
 793367 81098     cutoff   45       427.56377  417.45580  2.36%  13.5 2436s
 794894 81126  427.16023   50   39  427.56377  417.48323  2.36%  13.5 2441s
 796857 81147  420.38382   43   34  427.56377  417.51279  2.35%  13.5 2446s
 798375 81192     cutoff   52       427.56377  417.53335  2.35%  13.5 2452s
 799895 81229  418.84869   41   40  427.56377  417.55802  2.34%  13.5 2457s
 800844 81239     cutoff   51       427.56377  417.57119  2.34%  13.5 2460s
 802391 81205  417.73891   46   38  427.56377  417.59841  2.33%  13.5 2467s
 803492 81173  421.05001   47   35  427.56377  417.60314  2.33%  13.5 2470s
 805505 81159     cutoff   50       427.56377  417.65228  2.32%  13.5 2477s
 805636 80870  424.03788   47   26  427.56377  417.65230  2.32%  13.5 2492s
 809421 80899  423.92030   48   24  427.56377  417.70099  2.31%  13.5 2498s
 810281 80876     cutoff   50       427.56377  417.71045  2.30%  13.5 2502s
 811354 80864  422.76675   50   45  427.56377  417.72693  2.30%  13.5 2506s
 812605 80863  420.19836   56   31  427.56377  417.74686  2.30%  13.5 2510s
 814430 80890  423.70194   39   35  427.56377  417.77619  2.29%  13.5 2517s
 815789 80859  426.62207   53   37  427.56377  417.79716  2.28%  13.5 2520s
 817441 80754  420.82588   54   16  427.56377  417.82345  2.28%  13.5 2528s
 818553 80689     cutoff   54       427.56377  417.85078  2.27%  13.5 2532s
 819274 80650  426.86763   50   36  427.56377  417.86863  2.27%  13.5 2536s
 820392 80635  425.42306   44   36  427.56377  417.89203  2.26%  13.5 2540s
 821131 80566     cutoff   43       427.56377  417.90410  2.26%  13.5 2546s
 822227 80548  418.83709   40   36  427.56377  417.92729  2.25%  13.5 2550s
 823782 80486     cutoff   42       427.56377  417.95677  2.25%  13.5 2556s
 824668 80439  423.32820   46   23  427.56377  417.97024  2.24%  13.5 2560s
 826403 80362     cutoff   50       427.56377  418.00420  2.24%  13.5 2566s
 828072 80240     cutoff   52       427.56377  418.03374  2.23%  13.5 2572s
 829100 80162     cutoff   49       427.56377  418.05653  2.22%  13.5 2576s
 830163 80058  424.70330   46   35  427.56377  418.07693  2.22%  13.5 2582s
 831057 79971     cutoff   46       427.56377  418.10021  2.21%  13.5 2585s
 832867 79840     cutoff   40       427.56377  418.13452  2.21%  13.5 2592s
 833501 79765     cutoff   53       427.56377  418.14664  2.20%  13.5 2596s
 834139 79714  421.34941   51   36  427.56377  418.15478  2.20%  13.5 2600s
 835981 79537  423.38829   49   23  427.56377  418.19049  2.19%  13.5 2605s
 837830 79428     cutoff   49       427.56377  418.22802  2.18%  13.5 2611s
 838565 79351     cutoff   57       427.56377  418.24444  2.18%  13.5 2615s
 840367 79320  423.95812   49   23  427.56377  418.27961  2.17%  13.5 2620s
 841204 79181     cutoff   46       427.56377  418.28891  2.17%  13.5 2626s
 842328 79119  423.27327   44   52  427.56377  418.30975  2.16%  13.5 2630s
 844243 79010     cutoff   47       427.56377  418.34070  2.16%  13.5 2637s
 844923 78935     cutoff   50       427.56377  418.35273  2.15%  13.5 2641s
 846714 78768  422.66102   57   29  427.56377  418.38578  2.15%  13.5 2647s
 847390 78686     cutoff   39       427.56377  418.40212  2.14%  13.5 2651s
 848981 78541     cutoff   48       427.56377  418.43560  2.13%  13.5 2657s
 850540 78414     cutoff   56       427.56377  418.46559  2.13%  13.5 2663s
 851631 78354  420.54064   46   37  427.56377  418.48441  2.12%  13.5 2667s
 852379 78254  426.83149   54   26  427.56377  418.49437  2.12%  13.5 2671s
 853804 78143  425.13000   49   29  427.56377  418.51505  2.12%  13.5 2677s
 854534 78054     cutoff   48       427.56377  418.53884  2.11%  13.5 2680s
 855303 77993  419.94328   56   41  427.56377  418.55381  2.11%  13.5 2685s
 857272 77832  425.59270   48   53  427.56377  418.58872  2.10%  13.5 2691s
 858245 77731     cutoff   52       427.56377  418.60410  2.10%  13.5 2695s
 859147 77628     cutoff   46       427.56377  418.61898  2.09%  13.5 2701s
 861039 77467     cutoff   48       427.56377  418.65540  2.08%  13.5 2707s
 861834 77379  427.25824   51   29  427.56377  418.66846  2.08%  13.5 2712s
 863031 77339     cutoff   52       427.56377  418.68803  2.08%  13.5 2717s
 863475 77269  420.36511   51   45  427.56377  418.69368  2.07%  13.5 2720s
 865045 77120  423.58027   43   26  427.56377  418.72729  2.07%  13.5 2726s
 865806 77040  425.97218   46   45  427.56377  418.74192  2.06%  13.5 2730s
 867649 76842  424.69534   56   22  427.56377  418.76848  2.06%  13.5 2738s
 868754 76731     cutoff   42       427.56377  418.79177  2.05%  13.5 2741s
 870175 76658     cutoff   51       427.56377  418.80603  2.05%  13.5 2745s
 870374 76537  424.95506   52   20  427.56377  418.82106  2.04%  13.5 2750s
 872198 76364  424.91133   42   40  427.56377  418.85541  2.04%  13.5 2757s
 873053 76256  423.40566   43   37  427.56377  418.86930  2.03%  13.5 2760s
 873879 76106     cutoff   42       427.56377  418.89016  2.03%  13.5 2765s
 875738 75892     cutoff   53       427.56377  418.92840  2.02%  13.5 2771s
 876509 75794     cutoff   44       427.56377  418.94188  2.02%  13.5 2776s
 877495 75634  422.82596   45   36  427.56377  418.96362  2.01%  13.5 2780s
 879323 75452  424.50562   51   22  427.56377  418.99910  2.00%  13.5 2788s
 880127 75316  420.01970   51   24  427.56377  419.01679  2.00%  13.5 2793s
 881232 75242     cutoff   46       427.56377  419.03455  1.99%  13.5 2796s
 882026 75127  419.67817   43   20  427.56377  419.05192  1.99%  13.5 2800s
 883754 74939  424.46396   51   30  427.56377  419.08322  1.98%  13.5 2808s
 884734 74814  424.03063   50   28  427.56377  419.10140  1.98%  13.5 2811s
 885544 74691     cutoff   47       427.56377  419.11806  1.98%  13.5 2815s
 887332 74437  426.64015   48   14  427.56377  419.15060  1.97%  13.5 2824s
 887561 74439     cutoff   45       427.56377  419.15060  1.97%  13.5 2825s
 889120 74227  426.12951   48   28  427.56377  419.18956  1.96%  13.5 2832s
 889839 74101  424.00140   50   36  427.56377  419.20197  1.96%  13.5 2836s
 890831 73997  423.23929   54   46  427.56377  419.22046  1.95%  13.5 2840s
 892586 73781  422.01832   53   29  427.56377  419.24959  1.94%  13.5 2846s
 893289 73627  425.51165   56   31  427.56377  419.26494  1.94%  13.5 2851s
 894418 73496     cutoff   43       427.56377  419.28186  1.94%  13.5 2855s
 895990 73237  425.60394   51   35  427.56377  419.31111  1.93%  13.5 2862s
 897126 73182  426.43077   55   20  427.56377  419.33065  1.93%  13.5 2866s
 898071 72969     cutoff   51       427.56377  419.34490  1.92%  13.5 2873s
 898955 72770     cutoff   44       427.56377  419.36368  1.92%  13.5 2877s
 900012 72630  427.20315   47   40  427.56377  419.38514  1.91%  13.5 2881s
 900780 72537     cutoff   56       427.56377  419.40235  1.91%  13.5 2885s
 901719 72360     cutoff   48       427.56377  419.41621  1.91%  13.5 2890s
 903734 72050  424.15147   44   39  427.56377  419.45612  1.90%  13.5 2898s
 904608 71933     cutoff   50       427.56377  419.47561  1.89%  13.5 2902s
 905512 71802 infeasible   49       427.56377  419.48749  1.89%  13.5 2905s
 907423 71501     cutoff   50       427.56377  419.52414  1.88%  13.5 2913s
 908100 71362  421.59740   49   27  427.56377  419.53992  1.88%  13.5 2917s
 908912 71242     cutoff   51       427.56377  419.55430  1.87%  13.5 2923s
 910014 71157     cutoff   46       427.56377  419.57037  1.87%  13.5 2926s
 911265 70898  421.99146   46   18  427.56377  419.59312  1.86%  13.5 2933s
 912099 70743  424.52125   44   24  427.56377  419.60970  1.86%  13.5 2937s
 913305 70600  421.53215   50   29  427.56377  419.62922  1.86%  13.5 2941s
 914024 70481  425.69565   60   37  427.56377  419.64477  1.85%  13.5 2945s
 915834 70151     cutoff   47       427.56377  419.67721  1.84%  13.5 2953s
 916701 70009     cutoff   48       427.56377  419.69872  1.84%  13.5 2956s
 917492 69859     cutoff   52       427.56377  419.71220  1.84%  13.5 2961s
 918615 69750  425.00456   60   38  427.56377  419.73850  1.83%  13.5 2965s
 920465 69412     cutoff   55       427.56377  419.76718  1.82%  13.5 2974s
 921238 69263     cutoff   52       427.56377  419.78693  1.82%  13.5 2977s
 922072 69112  426.11362   53   20  427.56377  419.80486  1.81%  13.5 2982s
 923072 68947     cutoff   54       427.56377  419.82167  1.81%  13.5 2986s
 924785 68674     cutoff   48       427.56377  419.85263  1.80%  13.5 2993s
 925623 68463  424.60954   53   37  427.56377  419.86905  1.80%  13.5 2997s
 926736 68326  426.52623   51   25  427.56377  419.88930  1.79%  13.5 3001s
 927483 68194     cutoff   52       427.56377  419.90693  1.79%  13.5 3005s
 928202 67997  425.27448   53   37  427.56377  419.92160  1.79%  13.5 3010s
 930061 67688  427.30202   51   25  427.56377  419.96020  1.78%  13.5 3017s
 931034 67516  424.89188   42   42  427.56377  419.97902  1.77%  13.5 3021s
 931890 67309     cutoff   55       427.56377  419.99793  1.77%  13.5 3025s
 933690 67016     cutoff   46       427.56377  420.04083  1.76%  13.5 3031s
 934519 66871  424.10644   44   28  427.56377  420.05620  1.76%  13.5 3036s
 935767 66709     cutoff   55       427.56377  420.07366  1.75%  13.5 3040s
 937149 66337  422.43999   44   26  427.56377  420.10802  1.74%  13.5 3048s
 937934 66158     cutoff   39       427.56377  420.12484  1.74%  13.5 3051s
 938742 65984  421.60493   46   39  427.56377  420.14560  1.73%  13.5 3056s
 939967 65759  423.61942   52   16  427.56377  420.16729  1.73%  13.5 3062s
 940780 65581     cutoff   53       427.56377  420.18808  1.73%  13.5 3066s
 941768 65378 infeasible   48       427.56377  420.20915  1.72%  13.5 3070s
 943377 65013  423.67442   43   29  427.56377  420.23475  1.71%  13.5 3078s
 944473 64821     cutoff   46       427.56377  420.27014  1.71%  13.5 3082s
 945233 64652     cutoff   46       427.56377  420.28843  1.70%  13.5 3086s
 946092 64466  422.47293   35   34  427.56377  420.30921  1.70%  13.5 3090s
 947944 64069     cutoff   50       427.56377  420.34716  1.69%  13.5 3099s
 948875 63909 infeasible   54       427.56377  420.36669  1.68%  13.5 3103s
 949779 63699     cutoff   54       427.56377  420.38578  1.68%  13.5 3107s
 950914 63549  427.52155   52   35  427.56377  420.39479  1.68%  13.5 3111s
 951688 63288     cutoff   45       427.56377  420.42381  1.67%  13.5 3115s
 953637 62945     cutoff   59       427.56377  420.46527  1.66%  13.5 3123s
 954548 62783  420.81058   48   18  427.56377  420.48670  1.66%  13.5 3128s
 955383 62586  423.77814   51   22  427.56377  420.50051  1.65%  13.5 3132s
 956374 62417  421.20900   59    9  427.56377  420.51854  1.65%  13.5 3137s
 957197 62192  424.63198   49   26  427.56377  420.53662  1.64%  13.5 3142s
 958369 62020  424.79210   44   29  427.56377  420.55987  1.64%  13.5 3146s
 959945 61653     cutoff   46       427.56377  420.59403  1.63%  13.5 3153s
 960678 61433     cutoff   50       427.56377  420.60773  1.63%  13.5 3157s
 961792 61215     cutoff   44       427.56377  420.62699  1.62%  13.5 3161s
 962553 61039     cutoff   43       427.56377  420.64840  1.62%  13.5 3165s
 963407 60791  424.28607   45   40  427.56377  420.67047  1.61%  13.5 3170s
 964523 60669  421.86267   43   42  427.56377  420.69361  1.61%  13.5 3175s
 965832 60254  426.77981   50   27  427.56377  420.72339  1.60%  13.5 3183s
 966652 60048 infeasible   52       427.56377  420.73923  1.60%  13.6 3186s
 967455 59827  427.15719   44   23  427.56377  420.75938  1.59%  13.6 3191s
 968467 59627     cutoff   60       427.56377  420.78033  1.59%  13.6 3195s
 970361 59176     cutoff   47       427.56377  420.81872  1.58%  13.6 3202s
 971139 58955     cutoff   49       427.56377  420.83756  1.57%  13.6 3206s
 971931 58749  425.06661   46   32  427.56377  420.85785  1.57%  13.6 3210s
 973694 58327     cutoff   47       427.56377  420.89556  1.56%  13.6 3218s
 974515 58117     cutoff   44       427.56377  420.91031  1.56%  13.6 3222s
 975410 57844  423.04753   58   23  427.56377  420.93234  1.55%  13.6 3226s
 976599 57639     cutoff   40       427.56377  420.95757  1.55%  13.6 3230s
 978177 57204  422.37312   52   40  427.56377  420.99485  1.54%  13.6 3238s
 979014 57109     cutoff   45       427.56377  421.01599  1.53%  13.6 3241s
 979444 56885     cutoff   41       427.56377  421.02329  1.53%  13.6 3245s
 981141 56475  421.07931   51   31  427.56377  421.06550  1.52%  13.6 3253s
 982186 56227  427.18582   51   19  427.56377  421.08278  1.52%  13.6 3257s
 983051 55972  422.23923   47   10  427.56377  421.10154  1.51%  13.6 3263s
 984165 55786     cutoff   50       427.56377  421.12454  1.51%  13.6 3267s
 984951 55530     cutoff   47       427.56377  421.14216  1.50%  13.6 3271s
 985827 55390  427.03073   54   23  427.56377  421.16096  1.50%  13.6 3275s
 987166 54882  423.71219   45   45  427.56377  421.19357  1.49%  13.6 3283s
 988041 54614  426.39598   47   35  427.56377  421.21758  1.48%  13.6 3289s
 989200 54412     cutoff   44       427.56377  421.24590  1.48%  13.6 3293s
 990036 54413  424.22823   44   29  427.56377  421.26191  1.47%  13.6 3296s
 990483 54109     cutoff   45       427.56377  421.26387  1.47%  13.6 3302s
 991275 53881     cutoff   43       427.56377  421.29089  1.47%  13.6 3307s
 992100 53620 infeasible   54       427.56377  421.30823  1.46%  13.6 3311s
 992983 53386  425.32375   41   28  427.56377  421.33215  1.46%  13.6 3316s
 993848 53128     cutoff   53       427.56377  421.35051  1.45%  13.6 3321s
 994664 52823     cutoff   50       427.56377  421.37215  1.45%  13.6 3325s
 995637 52512     cutoff   40       427.56377  421.39264  1.44%  13.6 3331s
 996895 52243  423.50063   54    6  427.56377  421.40459  1.44%  13.6 3336s
 997727 51999     cutoff   56       427.56377  421.44408  1.43%  13.6 3340s
 999387 51519     cutoff   45       427.56377  421.48208  1.42%  13.6 3349s
 1000290 51228  422.54353   57   42  427.56377  421.50914  1.42%  13.6 3355s
 1002255 50774  423.37812   47   22  427.56377  421.55083  1.41%  13.6 3363s
 1003131 50503  422.25292   44   31  427.56377  421.57139  1.40%  13.6 3368s
 1004192 50236     cutoff   45       427.56377  421.58426  1.40%  13.6 3372s
 1005068 49930     cutoff   58       427.56377  421.61811  1.39%  13.6 3378s
 1006211 49692  424.98350   49   46  427.56377  421.64876  1.38%  13.6 3381s
 1006980 49417  425.03338   39   20  427.56377  421.66473  1.38%  13.6 3385s
 1007822 49152  426.70500   49   30  427.56377  421.69024  1.37%  13.6 3390s
 1008745 48884     cutoff   48       427.56377  421.70325  1.37%  13.6 3395s
 1010276 48467     cutoff   55       427.56377  421.74369  1.36%  13.6 3403s
 1011066 48203  423.22694   47   25  427.56377  421.76461  1.36%  13.6 3407s
 1011880 47964     cutoff   53       427.56377  421.78866  1.35%  13.6 3412s
 1012752 47658     cutoff   54       427.56377  421.80440  1.35%  13.6 3416s
 1013742 47392  426.71054   54   33  427.56377  421.83063  1.34%  13.6 3421s
 1014583 47148     cutoff   45       427.56377  421.85492  1.34%  13.6 3426s
 1015436 46849  425.44095   53   30  427.56377  421.87722  1.33%  13.6 3430s
 1016379 46492     cutoff   46       427.56377  421.89990  1.32%  13.6 3436s
 1017580 46212     cutoff   48       427.56377  421.93052  1.32%  13.6 3440s
 1019261 45618     cutoff   55       427.56377  421.97952  1.31%  13.6 3448s
 1020064 45366  427.32216   45   28  427.56377  421.99704  1.30%  13.6 3452s
 1020952 45050  424.91595   53   33  427.56377  422.02252  1.30%  13.6 3457s
 1021999 44814     cutoff   50       427.56377  422.05430  1.29%  13.6 3461s
 1022884 44503     cutoff   50       427.56377  422.07601  1.28%  13.6 3466s
 1023869 44220     cutoff   49       427.56377  422.10333  1.28%  13.6 3470s
 1025752 43642     cutoff   48       427.56377  422.14932  1.27%  13.6 3479s
 1026605 43379  425.42584   45   24  427.56377  422.17046  1.26%  13.6 3483s
 1027413 43050  426.54785   50   14  427.56377  422.19326  1.26%  13.6 3488s
 1028448 42725     cutoff   42       427.56377  422.22098  1.25%  13.6 3492s
 1029370 42431     cutoff   49       427.56377  422.24889  1.24%  13.6 3496s
 1030156 42154  425.33066   47   24  427.56377  422.27409  1.24%  13.6 3500s
 1031056 41798 infeasible   48       427.56377  422.28304  1.24%  13.6 3505s
 1032869 41509     cutoff   43       427.56377  422.33414  1.22%  13.6 3510s
 1033715 40923  423.28582   47   21  427.56377  422.37051  1.21%  13.6 3518s
 1034612 40622     cutoff   50       427.56377  422.39166  1.21%  13.6 3522s
 1035444 40360  426.99801   47   37  427.56377  422.41835  1.20%  13.6 3526s
 1036256 39984  423.84313   43   19  427.56377  422.44361  1.20%  13.6 3530s
 1038200 39395  426.04166   48   17  427.56377  422.49918  1.18%  13.5 3538s
 1039085 39069     cutoff   54       427.56377  422.52193  1.18%  13.5 3543s
 1040056 38748     cutoff   57       427.56377  422.55257  1.17%  13.5 3547s
 1040956 38722     cutoff   49       427.56377  422.57716  1.17%  13.5 3550s
 1041619 38203     cutoff   45       427.56377  422.59521  1.16%  13.5 3558s
 1042478 37868     cutoff   47       427.56377  422.62281  1.16%  13.5 3562s
 1043301 37539  423.28093   49    8  427.56377  422.65001  1.15%  13.5 3567s
 1044164 37201  424.91909   47   29  427.56377  422.67591  1.14%  13.5 3571s
 1045914 36456     cutoff   47       427.56377  422.72704  1.13%  13.5 3578s
 1046758 36115     cutoff   53       427.56377  422.76388  1.12%  13.5 3583s
 1047685 35746     cutoff   47       427.56377  422.78449  1.12%  13.5 3587s
 1048610 35397  424.03905   47   25  427.56377  422.79166  1.12%  13.5 3592s
 1049424 35053  425.30200   46   39  427.56377  422.84889  1.10%  13.5 3596s
 1050296 34687     cutoff   48       427.56377  422.88043  1.10%  13.5 3600s
 1051258 34347     cutoff   44       427.56377  422.91440  1.09%  13.5 3605s
 1052291 34003     cutoff   52       427.56377  422.94283  1.08%  13.5 3610s
 1053161 33632     cutoff   49       427.56377  422.97476  1.07%  13.5 3615s
 1055049 32838     cutoff   53       427.56377  423.03932  1.06%  13.5 3623s
 1056056 32445     cutoff   39       427.56377  423.06861  1.05%  13.5 3627s
 1056950 32091  423.66679   45   18  427.56377  423.09858  1.04%  13.5 3631s
 1057777 31758     cutoff   52       427.56377  423.13093  1.04%  13.5 3635s
 1058989 31236     cutoff   44       427.56377  423.17432  1.03%  13.5 3642s
 1059806 30809  426.49210   49   18  427.56377  423.20542  1.02%  13.5 3646s
 1061538 29989     cutoff   47       427.56377  423.27342  1.00%  13.5 3653s
 1062413 29575     cutoff   43       427.56377  423.31564  0.99%  13.5 3657s
 1063252 29120     cutoff   43       427.56377  423.34817  0.99%  13.5 3661s
 1064212 28681     cutoff   48       427.56377  423.38785  0.98%  13.5 3665s
 1065892 27884     cutoff   47       427.56377  423.45610  0.96%  13.5 3673s
 1066792 27437     cutoff   50       427.56377  423.48471  0.95%  13.5 3678s
 1067725 27014  426.54173   40   42  427.56377  423.52459  0.94%  13.5 3682s
 1068611 26548 infeasible   50       427.56377  423.56529  0.94%  13.5 3686s
 1069537 26138     cutoff   54       427.56377  423.60078  0.93%  13.5 3690s
 1071198 25289     cutoff   53       427.56377  423.67139  0.91%  13.5 3699s
 1072132 24854     cutoff   48       427.56377  423.71472  0.90%  13.5 3703s
 1072997 24407     cutoff   49       427.56377  423.75420  0.89%  13.5 3706s
 1073881 23955     cutoff   42       427.56377  423.79098  0.88%  13.5 3710s
 1075583 23009     cutoff   47       427.56377  423.88000  0.86%  13.5 3719s
 1076563 22536     cutoff   44       427.56377  423.92223  0.85%  13.5 3723s
 1077394 22075     cutoff   44       427.56377  423.95591  0.84%  13.5 3727s
 1078247 21598     cutoff   40       427.56377  424.00332  0.83%  13.5 3732s
 1079170 21176     cutoff   49       427.56377  424.01068  0.83%  13.5 3736s
 1080010 20718  424.33438   49   20  427.56377  424.08800  0.81%  13.5 3740s
 1081870 19750  425.94261   45   24  427.56377  424.18372  0.79%  13.5 3748s
 1082690 19251  426.35343   47   11  427.56377  424.22572  0.78%  13.5 3752s
 1083568 18731     cutoff   53       427.56377  424.27043  0.77%  13.5 3756s
 1084477 18246     cutoff   50       427.56377  424.32166  0.76%  13.5 3760s
 1086308 17214     cutoff   52       427.56377  424.42385  0.73%  13.5 3768s
 1087163 16685     cutoff   46       427.56377  424.44693  0.73%  13.5 3772s
 1088099 16141  424.54473   48   16  427.56377  424.49800  0.72%  13.5 3776s
 1089021 15640     cutoff   49       427.56377  424.59261  0.69%  13.5 3780s
 1090809 14580     cutoff   54       427.56377  424.66925  0.68%  13.5 3789s
 1091705 14005  426.83690   50   30  427.56377  424.76367  0.65%  13.5 3792s
 1092571 13434  425.13469   48   34  427.56377  424.80965  0.64%  13.5 3796s
 1093495 12849     cutoff   53       427.56377  424.89514  0.62%  13.5 3800s
 1095277 11667     cutoff   46       427.56377  425.02885  0.59%  13.5 3808s
 1096185 11055     cutoff   50       427.56377  425.10822  0.57%  13.5 3812s
 1097094 10425  426.29788   51   24  427.56377  425.18139  0.56%  13.5 3815s
 1098885  9184  425.65530   50   16  427.56377  425.35725  0.52%  13.5 3824s
 1099790  8574     cutoff   57       427.56377  425.43835  0.50%  13.5 3827s
 1100673  7924  426.78272   47   24  427.56377  425.52226  0.48%  13.5 3830s
 1102475  6596     cutoff   43       427.56377  425.72258  0.43%  13.5 3837s
 1103366  5908     cutoff   57       427.56377  425.82086  0.41%  13.5 3840s
 1105233  4473     cutoff   47       427.56377  426.08288  0.35%  13.5 3847s
 1106153  3674     cutoff   46       427.56377  426.08978  0.34%  13.5 3850s
 1108028  2046     cutoff   51       427.56377  426.58025  0.23%  13.5 3855s
 1109900   196     cutoff   51       427.56377  427.09842  0.11%  13.4 3860s

Cutting planes:
  Gomory: 6
  Flow cover: 1
  Inf proof: 2
  Zero half: 5
  Lazy constraints: 1758

Explored 1111088 nodes (14934988 simplex iterations) in 3861.66 seconds (1701.61 work units)
Thread count was 8 (of 18 available processors)

Solution count 5: 427.564 428.526 431.263 ... 456.259

Optimal solution found (tolerance 1.00e-04)
Best objective 4.275637664265e+02, best bound 4.275637664265e+02, gap 0.0000%

User-callback calls 2260820, time in user-callback 936.43 sec
### START EXACT APPROACH ###
ProblemVariant: 1
### START PREPROCESSING ###
## Start infeasible path procedure ## 
Deleted arcs: 3
Infeasible tail paths: 9
Infeasible 2-node combinations: 1
## Start extended infeasible path procedure ##
Deleted arcs: 3
Infeasible tail paths: 9
Infeasible 2-node combinations: 1
## Start start solution procedure ##
### END PREPROCESSING ###
Route 0 0-6-1-2-7-5-9-0 : weight util 0.933333 | volume util 0.675956 | infeasible with packing heuristic | feasible with CP model
Route 1 0-10-8-3-4-0 : weight util 0.483333 | volume util 0.617800 | infeasible with packing heuristic | feasible with CP model
Route 2 0-12-15-18-20-17-0 : weight util 0.983333 | volume util 0.726644 | infeasible with packing heuristic | feasible with CP model
Route 3 0-13-11-0 : weight util 0.416667 | volume util 0.277289 | infeasible with packing heuristic | feasible with CP model
Route 4 0-16-19-21-14-0 : weight util 0.933333 | volume util 0.637111 | infeasible with packing heuristic | feasible with CP model
