
Gurobi 12.0.1 (win64, C++) logging started Wed Apr  9 06:24:52 2025

Set parameter Username
Set parameter LicenseID to value 2618655
Academic license - for non-commercial use only - expires 2026-02-05
Set parameter Threads to value 8
Set parameter LazyConstraints to value 1
Set parameter PreCrush to value 1
Set parameter Seed to value 0
Set parameter Cuts to value -1
Set parameter TimeLimit to value 28800
Set parameter NumericFocus to value 0
Set parameter SolutionLimit to value 10000
Gurobi Optimizer version 12.0.1 build v12.0.1rc0 (win64 - Windows Server 2022.0 (20348.2))

CPU model: AMD EPYC 7513 32-Core Processor, instruction set [SSE2|AVX|AVX2]
Thread count: 18 physical cores, 18 logical processors, using up to 8 threads

Non-default parameters:
SolutionLimit  10000
TimeLimit  28800
PreCrush  1
Threads  8
LazyConstraints  1

Optimize a model with 880 rows, 1681 columns and 4956 nonzeros
Model fingerprint: 0xd6d644d3
Variable types: 0 continuous, 1681 integer (1681 binary)
Coefficient statistics:
  Matrix range     [1e+00, 1e+00]
  Objective range  [4e+00, 7e+01]
  Bounds range     [1e+00, 1e+00]
  RHS range        [1e+00, 1e+01]

Warning: Completing partial solution with 1542 unfixed non-continuous variables out of 1681
User MIP start produced solution with objective 942.63 (0.02s)
Loaded user MIP start with objective 942.63

Presolve removed 39 rows and 85 columns
Presolve time: 0.01s
Presolved: 841 rows, 1596 columns, 4691 nonzeros
Variable types: 0 continuous, 1596 integer (1596 binary)

Root relaxation: objective 6.350581e+02, 166 iterations, 0.00 seconds (0.00 work units)

    Nodes    |    Current Node    |     Objective Bounds      |     Work
 Expl Unexpl |  Obj  Depth IntInf | Incumbent    BestBd   Gap | It/Node Time

     0     0  635.05813    0    -  942.63002  635.05813  32.6%     -    0s
     0     0  656.63003    0    8  942.63002  656.63003  30.3%     -    0s
Warning: Completing partial solution with 1542 unfixed non-continuous variables out of 1681
H    0     0                     926.2218226  699.09035  24.5%     -    0s
     0     0  699.09035    0   46  926.22182  699.09035  24.5%     -    0s
     0     0  718.72794    0   10  926.22182  718.72794  22.4%     -    0s
     0     0  728.63522    0   29  926.22182  728.63522  21.3%     -    0s
     0     0  732.94672    0   54  926.22182  732.94672  20.9%     -    0s
     0     0  741.66357    0   67  926.22182  741.66357  19.9%     -    0s
     0     0  753.75637    0   62  926.22182  753.75637  18.6%     -    0s
     0     0  762.98163    0   92  926.22182  762.98163  17.6%     -    0s
     0     0  768.76693    0   84  926.22182  768.76693  17.0%     -    0s
     0     2  779.93044    0   99  926.22182  779.93044  15.8%     -    1s
    31    38  821.17937    6  139  926.22182  793.75830  14.3%   377    5s
    58    62  827.54118    7  145  926.22182  793.75830  14.3%   465   10s
    85    86  831.52951    8  154  926.22182  793.75830  14.3%   516   15s
   121   142  834.68730   12  151  926.22182  793.75830  14.3%   465   22s
   143   159  835.61203   13  156  926.22182  793.75830  14.3%   412   26s
   169   175  827.31726   21  138  926.22182  793.75830  14.3%   367   30s
   197   210  836.97501   18  163  926.22182  793.75830  14.3%   338   35s
   502   571  840.46891   53  154  926.22182  793.75830  14.3%   189   40s
  1058  1065  849.15803  104  141  926.22182  793.75830  14.3%   125   45s
H 1067  1073                     913.1637390  793.75830  13.1%   124   46s
  1639  1743  861.78863  170  137  913.16374  793.75830  13.1%   101   50s
H 2195  2188                     908.0624387  793.75830  12.6%  91.7   54s
Warning: Completing partial solution with 1542 unfixed non-continuous variables out of 1681
H 2196  2188                     903.6979027  793.75830  12.2%  91.7   54s
  2201  2330  888.42129  203   93  903.69790  793.75830  12.2%  91.8   56s
  2688  2700  834.01431    9  148  903.69790  795.33975  12.0%  89.7   60s
  2822  2759  839.11540   41   84  903.69790  795.33975  12.0%  92.7  109s
  2824  2760  884.82374  415 1413  903.69790  815.49059  9.76%  92.6  114s
  2825  2761  875.92654  354 1427  903.69790  818.27039  9.45%  92.6  117s
  2827  2762  826.87665   19 1424  903.69790  820.00690  9.26%  92.5  120s
  2830  2764  877.03430  282 1433  903.69790  820.76821  9.18%  92.4  125s
  2833  2766  841.19326   75 1444  903.69790  820.97272  9.15%  92.3  130s
  2836  2768  851.17172  127 1443  903.69790  821.39201  9.11%  92.2  135s
  2839  2770  838.32481   27 1429  903.69790  822.31502  9.01%  92.1  140s
  2843  2773  833.47759    6 1439  903.69790  822.69973  8.96%  92.0  146s
  2848  2781  822.69973   15 1439  903.69790  822.69973  8.96%  95.1  150s
  3017  2906  831.22153   26 1408  903.69790  823.06880  8.92%   107  155s
  3302  3100  834.32470   44 1410  903.69790  823.06880  8.92%   126  160s
  3514  3241  843.86758   56 1373  903.69790  823.06880  8.92%   137  166s
  3847  3473  855.77645   72 1198  903.69790  823.06880  8.92%   150  170s
  4637  3872  865.99292  110 1000  903.69790  823.06880  8.92%   157  175s
Warning: Completing partial solution with 1542 unfixed non-continuous variables out of 1681
H 4830  3691                     871.6309502  823.78057  5.49%   158  177s
  5130  3814  843.59074   39 1378  871.63095  823.78057  5.49%   162  180s
  5773  4064  850.45012   29 1303  871.63095  824.88593  5.36%   164  185s
  6019  4125 infeasible   53       871.63095  827.11155  5.11%   164  190s
  6111  4196  855.33383   39 1121  871.63095  827.11155  5.11%   165  195s
  6344  4266  853.53258   41 1298  871.63095  829.60838  4.82%   167  200s
  6590  4386     cutoff   66       871.63095  830.35316  4.74%   168  206s
  7012  4575  855.36986   27 1341  871.63095  830.42355  4.73%   168  210s
  7747  4902  841.57653   36 1382  871.63095  830.42355  4.73%   167  216s
  8281  5067     cutoff   33       871.63095  831.30236  4.63%   167  220s
  8946  5297  839.21297   42 1361  871.63095  831.79935  4.57%   169  226s
  9296  5432 infeasible   85       871.63095  831.84758  4.56%   168  230s
  9559  5533  845.38703   34 1342  871.63095  831.97226  4.55%   168  236s
  9902  5733  859.53556   34 1300  871.63095  831.97226  4.55%   169  241s
 10484  5934  846.87171   26 1354  871.63095  832.21101  4.52%   169  247s
 11160  6156  844.52497   29 1214  871.63095  832.42910  4.50%   169  252s
 11467  6467  862.96738   33 1243  871.63095  832.58281  4.48%   170  255s
 12141  6977  851.80417   32 1294  871.63095  832.75448  4.46%   170  262s
 12623  7307  849.96335   30 1328  871.63095  832.94848  4.44%   170  266s
 13030  7573  849.32450   32 1396  871.63095  833.11481  4.42%   170  270s
 13879  8085  841.65727   35 1406  871.63095  833.25484  4.40%   170  278s
 14240  8451  850.35567   34 1254  871.63095  833.29871  4.40%   171  282s
 14769  8823  853.07451   52 1375  871.63095  833.32041  4.40%   171  287s
 15381  9178  843.76887   32 1410  871.63095  833.61412  4.36%   172  292s
 16000  9387  860.95578   52 1302  871.63095  833.68834  4.35%   173  298s
 16355  9821  841.80838   31 1417  871.63095  833.80121  4.34%   173  303s
 16978 10186  867.76860   36 1190  871.63095  833.97140  4.32%   174  309s
 17577 10522  841.06809   27 1396  871.63095  834.15953  4.30%   175  315s
 18037 10530  853.94050   51 1383  871.63095  834.24111  4.29%   177  323s
 18046 10562  856.81885   51 1390  871.63095  834.24111  4.29%   177  330s
 18124 10751  854.38154   52 1387  871.63095  834.24465  4.29%   177  338s
 18398 11228  866.61596   67 1352  871.63095  834.28183  4.28%   178  345s
 19118 11753  855.94079   38 1363  871.63095  834.41349  4.27%   179  354s
 19889 12294  852.31168   32 1114  871.63095  834.62542  4.25%   179  363s
 20701 12625  838.75918   33 1363  871.63095  834.75740  4.23%   180  371s
 21160 13176  862.86781   44  955  871.63095  834.80607  4.22%   181  380s
 21977 13687  869.87035   31 1340  871.63095  834.91270  4.21%   182  389s
 22713 14119  850.02464   32 1392  871.63095  835.06872  4.19%   183  399s
 23500 14650  853.53836   31 1376  871.63095  835.17032  4.18%   184  409s
 24296 14949  851.67522   35 1383  871.63095  835.30210  4.17%   185  419s
 24797 15487  858.97325   46 1312  871.63095  835.36705  4.16%   186  429s
 25662 16127  854.57899   33 1371  871.63095  835.55310  4.14%   186  439s
 26644 16438  864.16813   29 1279  871.63095  835.71753  4.12%   186  449s
 27181 16999  863.15198   36 1317  871.63095  835.84536  4.11%   186  459s
 28037 17544  870.89908   45  898  871.63095  835.93665  4.10%   186  468s
 28855 17926  862.21744   47 1334  871.63095  836.01860  4.09%   186  478s
 29587 18367  847.75421   41 1295  871.63095  836.10795  4.08%   187  487s
 30399 18758     cutoff   40       871.63095  836.23798  4.06%   187  495s
 31037 19210  865.38672   34 1327  871.63095  836.34532  4.05%   187  505s
 31843 19266  846.59969   26 1366  871.63095  836.43764  4.04%   187  516s
 31956 19539  852.39776   27 1365  871.63095  836.47110  4.03%   187  526s
 32461 19855  865.25809   33 1379  871.63095  836.49078  4.03%   188  536s
 33030 20342  851.00898   31 1340  871.63095  836.55768  4.02%   188  547s
 33869 20693  851.21323   35 1172  871.63095  836.71872  4.01%   188  558s
 34429 21117  865.65706   45 1116  871.63095  836.77918  4.00%   188  569s
 35173 21536  851.88262   31 1348  871.63095  836.86082  3.99%   188  580s
 35808 21858  859.07489   46 1349  871.63095  836.95869  3.98%   189  590s
 36386 22270  841.58778   26 1373  871.63095  837.02359  3.97%   190  600s
 37041 22669  857.07975   31 1243  871.63095  837.05371  3.97%   190  611s
 37753 22989  854.27086   31 1353  871.63095  837.09406  3.96%   191  621s
 38289 23328     cutoff   36       871.63095  837.21503  3.95%   191  632s
 39126 23764  862.82250   33 1238  871.63095  837.31868  3.94%   191  644s
 39873 24098  860.52702   40 1289  871.63095  837.41666  3.93%   191  655s
 40467 24569  845.54772   23 1409  871.63095  837.41735  3.93%   191  665s
 41237 24903  848.17371   33 1227  871.63095  837.51785  3.91%   191  676s
 41802 25264  839.77884   25 1423  871.63095  837.58664  3.91%   191  687s
 42476 25646  847.47714   30 1398  871.63095  837.66046  3.90%   191  698s
 43196 26076 infeasible   40       871.63095  837.69755  3.89%   191  711s
 44045 26477  845.57133   32 1349  871.63095  837.79300  3.88%   191  725s
 44785 26919  844.28175   23 1391  871.63095  837.87096  3.87%   191  737s
 45469 27221  858.54216   32 1313  871.63095  837.91501  3.87%   191  749s
 46093 27676  861.73179   44 1298  871.63095  837.97705  3.86%   191  761s
 46862 28020  855.58237   29 1286  871.63095  838.05259  3.85%   191  774s
 47448 28245  838.93894   26 1395  871.63095  838.09067  3.85%   192  787s
 47850 28641  842.03067   27 1337  871.63095  838.12547  3.84%   192  799s
 48524 29067  851.54114   27 1379  871.63095  838.20686  3.83%   192  810s
 49178 29412  842.55225   29 1369  871.63095  838.26125  3.83%   192  821s
 49723 29774  865.60013   63 1376  871.63095  838.29468  3.82%   193  833s
 50382 30032  867.47482   51 1275  871.63095  838.33974  3.82%   193  844s
 50876 30441     cutoff   47       871.63095  838.37689  3.82%   193  856s
 51576 30819  859.39918   37 1151  871.63095  838.40341  3.81%   193  868s
 52229 31200  852.69865   38 1362  871.63095  838.47642  3.80%   193  881s
 52921 31519  853.36063   33 1392  871.63095  838.52121  3.80%   193  893s
 53446 31836  845.94364   35 1410  871.63095  838.56353  3.79%   193  906s
 54204 32206  869.15603   37 1249  871.63095  838.62558  3.79%   193  918s
 54846 32522  844.26767   37 1344  871.63095  838.69644  3.78%   193  930s
 55620 32903  851.64652   39 1377  871.63095  838.74612  3.77%   193  941s
 56209 33252  852.08915   36 1270  871.63095  838.78786  3.77%   193  953s
 56819 33589     cutoff   24       871.63095  838.82649  3.76%   193  964s
 57345 34015  858.57637   42 1108  871.63095  838.86153  3.76%   194  976s
 58062 34406  844.83306   36 1372  871.63095  838.89934  3.76%   194  988s
 58715 34712  869.33781   45 1144  871.63095  838.92761  3.75%   194 1002s
 59270 35048  854.64449   49 1366  871.63095  838.96184  3.75%   194 1013s
 59824 35427  856.81039   36 1246  871.63095  839.03641  3.74%   194 1026s
 60505 35780  849.26860   28 1279  871.63095  839.08395  3.73%   194 1038s
 61120 36097  845.47543   36 1351  871.63095  839.12549  3.73%   194 1050s
 61648 36449  871.31682   43 1250  871.63095  839.15266  3.73%   194 1064s
 62294 36724  845.83724   29 1374  871.63095  839.19122  3.72%   194 1076s
 62848 36753  860.06322   32 1299  871.63095  839.24019  3.72%   195 1091s
 62899 36855  857.35862   32 1305  871.63095  839.24019  3.72%   195 1106s
 63100 37103  860.93847   31 1371  871.63095  839.24526  3.72%   195 1119s
 63540 37428  869.49912   43 1258  871.63095  839.24526  3.72%   195 1131s
 64162 37694  857.47317   32 1208  871.63095  839.31477  3.71%   195 1142s
 64649 38088  863.87268   42 1261  871.63095  839.33810  3.70%   195 1155s
 65291 38402  854.71168   44 1381  871.63095  839.35895  3.70%   195 1167s
 65864 38736  852.98350   30 1238  871.63095  839.38974  3.70%   195 1180s
 66449 39109  861.84096   50 1323  871.63095  839.45218  3.69%   196 1194s
 67191 39425  853.66130   33 1355  871.63095  839.48934  3.69%   195 1209s
 67721 39642  861.42745   35 1293  871.63095  839.51342  3.68%   196 1223s
 68120 39937  869.79836   53 1136  871.63095  839.53455  3.68%   196 1237s
 68686 40141  857.98028   33 1332  871.63095  839.53455  3.68%   196 1253s
 69053 40499  866.19471   47 1319  871.63095  839.56171  3.68%   197 1268s
 69761 40871     cutoff   39       871.63095  839.64836  3.67%   197 1282s
 70442 41140     cutoff   27       871.63095  839.68742  3.66%   197 1296s
 70885 41438  867.45923   32 1149  871.63095  839.71896  3.66%   197 1311s
 71513 41717  859.86309   43 1326  871.63095  839.75959  3.66%   197 1325s
 72051 42037  850.72667   36 1242  871.63095  839.80029  3.65%   198 1340s
 72668 42361  845.70606   31 1413  871.63095  839.82007  3.65%   198 1355s
 73280 42680  865.90847   38 1311  871.63095  839.88068  3.64%   198 1368s
 73814 42989  862.98143   44 1175  871.63095  839.91442  3.64%   198 1382s
 74399 43288  870.32601   47 1189  871.63095  839.94167  3.64%   198 1396s
 74888 43570     cutoff   42       871.63095  839.96166  3.63%   198 1412s
 75429 43850  864.85536   43 1194  871.63095  839.99086  3.63%   199 1426s
 75943 44209  852.26251   30 1139  871.63095  840.02844  3.63%   199 1440s
 76566 44521     cutoff   47       871.63095  840.06408  3.62%   199 1455s
 77182 44769     cutoff   30       871.63095  840.10469  3.62%   199 1468s
 77623 45161  849.91393   33 1374  871.63095  840.13814  3.61%   199 1483s
 78267 45578  857.80449   30 1349  871.63095  840.15942  3.61%   199 1498s
 78933 45831  846.33111   25 1306  871.63095  840.20892  3.60%   199 1511s
 79390 46129  852.11940   43 1384  871.63095  840.24139  3.60%   200 1525s
 79998 46465  850.88163   28 1393  871.63095  840.26985  3.60%   200 1538s
 80613 46818 infeasible   39       871.63095  840.32778  3.59%   200 1553s
 81275 46988  847.46215   41 1262  871.63095  840.36827  3.59%   200 1568s
 81809 47248  849.80556   45 1332  871.63095  840.37452  3.59%   200 1582s
 82280 47637  842.95603   26 1390  871.63095  840.39428  3.58%   200 1597s
 82940 47906  860.79727   29 1263  871.63095  840.43019  3.58%   200 1613s
 83514 48194  852.17780   29 1415  871.63095  840.43732  3.58%   200 1627s
 84093 48495  862.72357   40 1355  871.63095  840.50034  3.57%   201 1643s
 84691 48701  858.38218   44 1207  871.63095  840.54224  3.57%   201 1658s
 85149 49040  847.37065   44 1326  871.63095  840.57046  3.56%   201 1673s
 85736 49278  854.30486   41 1352  871.63095  840.59138  3.56%   201 1687s
 86161 49608  855.73646   30 1252  871.63095  840.60806  3.56%   201 1702s
 86767 49889  851.59543   28 1293  871.63095  840.65261  3.55%   201 1718s
 87375 50209  845.07524   35 1381  871.63095  840.68715  3.55%   201 1733s
 87917 50415     cutoff   47       871.63095  840.71076  3.55%   202 1748s
 88335 50745  842.33774   38 1273  871.63095  840.73756  3.54%   202 1763s
 88936 51025  849.12896   31 1365  871.63095  840.76308  3.54%   202 1778s
 89498 51355  863.27321   34 1325  871.63095  840.78243  3.54%   202 1793s
 90081 51567  857.53369   35 1400  871.63095  840.81234  3.54%   202 1808s
 90483 51828     cutoff   51       871.63095  840.83346  3.53%   202 1824s
 91009 52168     cutoff   42       871.63095  840.87073  3.53%   203 1841s
 91665 52478  849.19167   32 1400  871.63095  840.91370  3.52%   203 1859s
 92189 52478  871.55777   37 1248  871.63095  840.94133  3.52%   203 1860s
 92248 52720  866.66409   56 1279  871.63095  840.94133  3.52%   203 1879s
 92700 53008  855.83741   39 1397  871.63095  840.98076  3.52%   203 1902s
 93265 53309  849.63193   30 1386  871.63095  841.01384  3.51%   203 1924s
 93793 53641  862.56741   46 1333  871.63095  841.02312  3.51%   203 1941s
 94411 53896  859.63083   43 1100  871.63095  841.05558  3.51%   203 1959s
 94879 54255  867.27722   46 1156  871.63095  841.08579  3.50%   203 1975s
 95461 54544  845.84800   31 1393  871.63095  841.10676  3.50%   203 1992s
 96004 54793  863.99577   45 1252  871.63095  841.12799  3.50%   204 2009s
 96563 55064  856.87921   38 1377  871.63095  841.16461  3.50%   204 2028s
 97131 55373  871.58672   50 1205  871.63095  841.18157  3.49%   204 2044s
 97668 55688  855.51182   36 1309  871.63095  841.21419  3.49%   204 2065s
 98220 55944  861.96114   54 1256  871.63095  841.23339  3.49%   204 2087s
 98659 56173  868.57757   54 1253  871.63095  841.25347  3.49%   204 2107s
 99104 56524  844.79277   34 1399  871.63095  841.27953  3.48%   205 2127s
 99686 56734  860.47274   54 1212  871.63095  841.29085  3.48%   205 2145s
 100096 56913     cutoff   33       871.63095  841.31191  3.48%   205 2162s
Warning: Completing partial solution with 1542 unfixed non-continuous variables out of 1681
H100325 50191                     866.3977009  841.31191  2.90%   205 2162s
 100582 50176  863.15419   40 1178  866.39770  841.32775  2.89%   205 2188s
 100676 50359  857.09825   29 1348  866.39770  841.34131  2.89%   205 2206s
 100983 50542  849.64859   61 1289  866.39770  841.34565  2.89%   205 2226s
 101440 50712     cutoff   57       866.39770  841.36166  2.89%   205 2244s
 101917 50949  864.38818   51 1131  866.39770  841.41813  2.88%   206 2262s
 102544 51145  853.05242   24 1386  866.39770  841.43336  2.88%   206 2279s
 102993 51382     cutoff   44       866.39770  841.48695  2.88%   206 2295s
 103459 51502  855.37868   39 1170  866.39770  841.50589  2.87%   206 2317s
 103718 51704  846.96073   48 1326  866.39770  841.51038  2.87%   206 2335s
 104149 51957  865.35022   34 1364  866.39770  841.53449  2.87%   206 2354s
 104664 52143     cutoff   46       866.39770  841.55653  2.87%   206 2372s
 105130 52400  852.84886   28 1329  866.39770  841.58318  2.86%   207 2390s
 105684 52587  848.15544   28 1421  866.39770  841.60879  2.86%   207 2408s
 106124 52723     cutoff   37       866.39770  841.63171  2.86%   207 2425s
 106594 52905  854.90805   32 1296  866.39770  841.65781  2.86%   207 2445s
 107194 53050  846.42797   28 1405  866.39770  841.66473  2.85%   207 2463s
 107604 53301  866.05963   40 1277  866.39770  841.68188  2.85%   207 2482s
 108170 53468  851.34265   28 1276  866.39770  841.70817  2.85%   207 2499s
 108283 53468  858.00852   39 1352  866.39770  841.70817  2.85%   207 2500s
 108629 53653     cutoff   26       866.39770  841.72743  2.85%   207 2519s
 109116 53818     cutoff   53       866.39770  841.74980  2.84%   208 2539s
 109543 54091     cutoff   45       866.39770  841.78664  2.84%   208 2557s
 110090 54232  860.17498   44 1258  866.39770  841.81394  2.84%   208 2574s
 110486 54508  865.59060   44 1356  866.39770  841.82464  2.84%   208 2591s
 111073 54722  850.74150   34 1291  866.39770  841.85375  2.83%   208 2611s
 111576 54908  846.49766   34 1331  866.39770  841.88138  2.83%   209 2632s
 111968 55126  853.23771   31 1356  866.39770  841.89769  2.83%   209 2652s
 112428 55362  864.16615   57  818  866.39770  841.91486  2.83%   209 2674s
 112989 55565  859.48876   38 1174  866.39770  841.94882  2.82%   209 2693s
 113614 55697  850.85347   38 1328  866.39770  841.95984  2.82%   209 2713s
 114077 55819  857.58210   32 1305  866.39770  841.98942  2.82%   209 2732s
 114526 55989     cutoff   39       866.39770  842.00106  2.82%   209 2752s
 115037 56131  865.35042   44 1311  866.39770  842.02921  2.81%   209 2773s
 115468 56251  860.82966   37 1371  866.39770  842.05297  2.81%   210 2792s
 115985 56514  855.16783   33 1361  866.39770  842.06989  2.81%   210 2812s
 116558 56695     cutoff   37       866.39770  842.08561  2.81%   210 2831s
 117010 56943  857.33526   41 1235  866.39770  842.10035  2.80%   210 2852s
 117543 57129     cutoff   46       866.39770  842.10804  2.80%   210 2873s
 118048 57322  852.85178   38 1295  866.39770  842.12930  2.80%   210 2892s
 118488 57546     cutoff   37       866.39770  842.15604  2.80%   210 2912s
 119018 57798  862.30033   33 1206  866.39770  842.17990  2.80%   210 2933s
 119570 58038  856.45121   33 1360  866.39770  842.21260  2.79%   211 2954s
 120124 58209     cutoff   46       866.39770  842.23026  2.79%   211 2975s
 120589 58445  864.14968   34 1252  866.39770  842.24554  2.79%   211 2997s
 121110 58624  850.92473   36 1366  866.39770  842.27094  2.78%   211 3021s
 121511 58841  850.25189   31 1399  866.39770  842.28756  2.78%   211 3043s
 122019 59057  865.97278   43 1271  866.39770  842.31454  2.78%   211 3062s
 122475 59234  858.67013   37 1303  866.39770  842.32804  2.78%   212 3083s
 123024 59456  862.27542   37 1283  866.39770  842.35315  2.78%   212 3105s
 123528 59649 infeasible   32       866.39770  842.38035  2.77%   212 3126s
 124007 59795  865.77087   49 1209  866.39770  842.38202  2.77%   212 3147s
 124541 59983  859.73461   43 1324  866.39770  842.41595  2.77%   212 3167s
 124951 60143  859.84361   30 1240  866.39770  842.41595  2.77%   212 3187s
 125338 60333  851.81157   36 1135  866.39770  842.44625  2.76%   213 3208s
 125725 60502     cutoff   36       866.39770  842.47003  2.76%   213 3230s
 126162 60675  859.53934   36 1398  866.39770  842.48985  2.76%   213 3250s
 126568 60864     cutoff   53       866.39770  842.51296  2.76%   213 3269s
 126965 61004  855.15057   34 1231  866.39770  842.51718  2.76%   214 3289s
 127391 61172     cutoff   46       866.39770  842.55294  2.75%   214 3308s
 127863 61447  861.74776   42 1395  866.39770  842.57878  2.75%   214 3327s
 128399 61628  853.14174   33 1395  866.39770  842.60470  2.75%   214 3348s
 128923 61784  851.99524   37 1354  866.39770  842.62142  2.74%   214 3368s
 129432 61951  865.24833   50 1379  866.39770  842.63919  2.74%   214 3391s
 129872 62084     cutoff   39       866.39770  842.66248  2.74%   214 3412s
 130402 62250  865.22610   33 1256  866.39770  842.66980  2.74%   215 3433s
 130887 62467  854.06228   31 1386  866.39770  842.69848  2.74%   215 3456s
 131366 62647     cutoff   53       866.39770  842.72294  2.73%   215 3477s
 131810 62891  862.61618   40 1251  866.39770  842.74117  2.73%   215 3499s
 132293 63090  858.10519   33 1404  866.39770  842.76135  2.73%   215 3524s
 132690 63285  857.29284   28 1374  866.39770  842.78294  2.73%   215 3549s
 133137 63491  858.98923   37 1384  866.39770  842.80252  2.72%   215 3571s
 133598 63745  862.36256   37 1307  866.39770  842.81968  2.72%   215 3594s
 134100 63932  853.43416   40 1427  866.39770  842.84392  2.72%   216 3614s
 134538 64152 infeasible   49       866.39770  842.86831  2.72%   216 3637s
 135059 64294     cutoff   48       866.39770  842.89374  2.71%   216 3664s
 135391 64439  844.42192   29 1393  866.39770  842.91107  2.71%   216 3686s
 135794 64587  861.59803   31 1258  866.39770  842.92231  2.71%   216 3708s
 136274 64730     cutoff   41       866.39770  842.92231  2.71%   216 3732s
 136695 64945  849.65945   31 1304  866.39770  842.95450  2.71%   216 3752s
 137119 65143  863.61659   41 1355  866.39770  842.96052  2.71%   216 3775s
 137642 65146  856.82353   43 1374  866.39770  842.99065  2.70%   217 3809s
 137655 65148  858.97106   44 1375  866.39770  842.99065  2.70%   217 3831s
 137669 65339  860.57308   45 1372  866.39770  842.99065  2.70%   217 3849s
 137968 65339  855.27202   30 1344  866.39770  842.99189  2.70%   217 3850s
 138074 65550  863.79572   45 1360  866.39770  843.00442  2.70%   217 3869s
 138547 65796  853.73659   48 1309  866.39770  843.02570  2.70%   217 3894s
 139078 65961  857.09643   29 1377  866.39770  843.04394  2.70%   217 3917s
 139571 66092  857.56209   36 1333  866.39770  843.05702  2.69%   217 3941s
 140095 66268  853.22909   31 1212  866.39770  843.08894  2.69%   217 3963s
 140470 66415  857.25459   40 1377  866.39770  843.09694  2.69%   217 3991s
 140849 66420  857.80883   36 1392  866.39770  843.12124  2.69%   217 4027s
 140860 66427  861.05000   37 1382  866.39770  843.12124  2.69%   217 4050s
 140869 66463  861.98370   38 1384  866.39770  843.12124  2.69%   217 4074s
 140935 66500  863.98379   39 1363  866.39770  843.12124  2.69%   217 4097s
 141025 66620  864.49379   40 1367  866.39770  843.12124  2.69%   218 4120s
 141317 66779  865.20829   41 1337  866.39770  843.12643  2.69%   218 4141s
 141790 66932  856.19483   34 1377  866.39770  843.14932  2.68%   218 4162s
 142172 67086  857.06622   35 1380  866.39770  843.16604  2.68%   218 4182s
 142590 67254  856.13811   36 1230  866.39770  843.19119  2.68%   218 4207s
 143069 67417  850.66624   38 1330  866.39770  843.22269  2.67%   218 4229s
 143602 67624  850.26873   36 1354  866.39770  843.23563  2.67%   218 4250s
 144066 67687  864.86571   38 1356  866.39770  843.25537  2.67%   218 4281s
 144227 67869  857.20621   41 1343  866.39770  843.25537  2.67%   218 4305s
 144687 68045  862.31326   43 1169  866.39770  843.27543  2.67%   218 4327s
 145090 68254  854.71048   47 1214  866.39770  843.29166  2.67%   219 4351s
 145593 68463  847.04117   39 1372  866.39770  843.31804  2.66%   219 4373s
 146090 68691  859.42602   52 1370  866.39770  843.32481  2.66%   219 4396s
 146709 68904  854.42288   39 1280  866.39770  843.34764  2.66%   219 4422s
 147208 69147  854.61807   39 1389  866.39770  843.36681  2.66%   219 4447s
 147761 69363     cutoff   36       866.39770  843.38389  2.66%   219 4471s
 148223 69523     cutoff   45       866.39770  843.39913  2.65%   219 4493s
 148696 69720  852.80690   35 1381  866.39770  843.42904  2.65%   219 4518s
 149133 69890  858.45447   35 1315  866.39770  843.43997  2.65%   219 4545s
 149735 70057  850.69076   33 1382  866.39770  843.46394  2.65%   220 4569s
 150163 70269  854.19751   44 1406  866.39770  843.47958  2.65%   220 4592s
 150691 70437  865.57100   38 1183  866.39770  843.50505  2.64%   220 4616s
 151164 70598  862.35240   29 1350  866.39770  843.51403  2.64%   220 4640s
 151651 70784  848.62360   29 1335  866.39770  843.53509  2.64%   220 4663s
 152103 70959  855.31645   35 1335  866.39770  843.55669  2.64%   220 4686s
 152570 71066  863.60179   35 1322  866.39770  843.56403  2.64%   220 4712s
 153060 71241  855.44305   30 1339  866.39770  843.58512  2.63%   220 4737s
 153582 71443  864.89270   35 1303  866.39770  843.59669  2.63%   221 4763s
 154132 71602  861.77548   35 1128  866.39770  843.62570  2.63%   221 4786s
 154570 71740  865.29865   34 1348  866.39770  843.64106  2.63%   221 4813s
 154946 71934     cutoff   54       866.39770  843.65979  2.62%   221 4836s
 155433 72115  851.74907   34 1354  866.39770  843.68289  2.62%   221 4861s
 155960 72270  848.79687   28 1392  866.39770  843.70619  2.62%   221 4884s
 156444 72449  859.83594   43 1397  866.39770  843.72059  2.62%   221 4906s
 156906 72715  859.04728   36 1319  866.39770  843.74312  2.61%   221 4930s
 157481 72874  860.54047   55 1198  866.39770  843.76146  2.61%   221 4955s
 157899 73027  864.83685   40 1198  866.39770  843.78314  2.61%   222 4978s
 158358 73186     cutoff   37       866.39770  843.79675  2.61%   222 5000s
 158807 73311  863.57772   42 1223  866.39770  843.81460  2.61%   222 5024s
 159217 73476  858.01325   37 1299  866.39770  843.81977  2.61%   222 5050s
 159678 73665     cutoff   43       866.39770  843.83416  2.60%   222 5073s
 160145 73787  857.31577   62 1344  866.39770  843.83593  2.60%   222 5103s
 160506 73965  865.90676   34 1320  866.39770  843.86140  2.60%   222 5129s
 160851 73965  855.32873   32 1244  866.39770  843.86210  2.60%   222 5130s
 160966 74110  860.77387   62 1275  866.39770  843.86715  2.60%   222 5156s
 161385 74318     cutoff   39       866.39770  843.89579  2.60%   223 5182s
 161883 74570  853.86518   40 1375  866.39770  843.90312  2.60%   223 5207s
 162454 74711  862.39642   34 1383  866.39770  843.91776  2.59%   223 5231s
 162886 74825  846.11122   29 1411  866.39770  843.93532  2.59%   223 5256s
 163375 75051  862.07535   39 1377  866.39770  843.94976  2.59%   223 5279s
 163845 75284  864.09654   59  816  866.39770  843.96666  2.59%   223 5302s
 164371 75513  851.38484   33 1278  866.39770  843.99090  2.59%   223 5326s
 164911 75717     cutoff   34       866.39770  844.01231  2.58%   223 5349s
 165372 75960  859.04024   32 1178  866.39770  844.03079  2.58%   223 5374s
 165955 76112  853.42628   32 1340  866.39770  844.05770  2.58%   223 5402s
 166379 76279  850.15008   29 1219  866.39770  844.06148  2.58%   223 5427s
 166838 76448  864.79916   45 1334  866.39770  844.08202  2.58%   224 5450s
 167314 76667  860.88800   34 1380  866.39770  844.09138  2.57%   224 5474s
 167840 76877  857.70072   47 1404  866.39770  844.11584  2.57%   224 5498s
 168290 77076 infeasible   48       866.39770  844.12798  2.57%   224 5525s
 168822 77265  864.85731   68 1216  866.39770  844.15346  2.57%   224 5552s
 169369 77394  854.74695   29 1217  866.39770  844.18024  2.56%   224 5579s
 169768 77550  852.57857   24 1414  866.39770  844.19886  2.56%   224 5604s
 170198 77747  850.88613   30 1373  866.39770  844.21599  2.56%   225 5628s
 170646 77946  854.22258   50 1299  866.39770  844.23414  2.56%   225 5652s
 171128 78123     cutoff   38       866.39770  844.25575  2.56%   225 5677s
 171712 78265  852.42281   40 1370  866.39770  844.26662  2.55%   225 5703s
 172099 78464  861.23269   47 1295  866.39770  844.28039  2.55%   225 5728s
 172648 78686  854.56349   40 1369  866.39770  844.30467  2.55%   225 5753s
 173100 78840  852.67475   37 1290  866.39770  844.32097  2.55%   225 5778s
 173547 78959  857.70602   44 1171  866.39770  844.33489  2.55%   225 5806s
 174026 79055  861.55495   29 1248  866.39770  844.35651  2.54%   225 5832s
 174502 79205  852.32989   33 1246  866.39770  844.36679  2.54%   226 5858s
 175003 79345     cutoff   40       866.39770  844.38046  2.54%   226 5884s
 175481 79500  856.92467   33 1344  866.39770  844.39241  2.54%   226 5910s
 175939 79684  853.16771   30 1383  866.39770  844.40335  2.54%   226 5936s
 176400 79929  859.70705   44 1207  866.39770  844.42148  2.54%   226 5961s
 176889 80150  853.01585   35 1311  866.39770  844.43834  2.53%   226 5988s
 177417 80263  854.83432   37 1383  866.39770  844.45598  2.53%   226 6019s
 177828 80486  856.96541   27 1323  866.39770  844.46528  2.53%   226 6046s
 178380 80623  852.16236   31 1279  866.39770  844.47866  2.53%   226 6070s
 178816 80788     cutoff   38       866.39770  844.50848  2.53%   226 6096s
 179261 80963     cutoff   31       866.39770  844.51924  2.53%   227 6122s
 179681 81102  860.48407   37 1386  866.39770  844.53096  2.52%   227 6148s
 180185 81266  853.24002   29 1375  866.39770  844.55669  2.52%   227 6174s
 180686 81457  859.92942   29 1380  866.39770  844.57009  2.52%   227 6198s
 181139 81460  849.29659   28 1228  866.39770  844.59607  2.52%   227 6238s
 181152 81508  849.29659   29 1228  866.39770  844.59660  2.52%   227 6268s
 181287 81567  865.71916   41 1331  866.39770  844.59908  2.52%   227 6296s
 181611 81747  863.33153   42  979  866.39770  844.60876  2.51%   227 6321s
 182047 81973  853.26041   39 1297  866.39770  844.62763  2.51%   227 6347s
 182562 82091  864.22761   56 1326  866.39770  844.64234  2.51%   227 6373s
 182993 82248  859.80599   38 1286  866.39770  844.66072  2.51%   227 6398s
 183465 82441  850.86331   33 1133  866.39770  844.66926  2.51%   228 6424s
 183939 82583  847.25200   37 1383  866.39770  844.69695  2.50%   228 6451s
 184375 82718  861.06181   31 1379  866.39770  844.70909  2.50%   228 6477s
 184836 82873  849.15487   30 1380  866.39770  844.72882  2.50%   228 6502s
 185320 83053     cutoff   38       866.39770  844.73633  2.50%   228 6530s
 185783 83186     cutoff   36       866.39770  844.75287  2.50%   228 6557s
 186242 83365  858.20728   48 1328  866.39770  844.76621  2.50%   228 6585s
 186752 83578  859.20253   37 1300  866.39770  844.78050  2.50%   228 6611s
 187231 83752  855.60733   36 1354  866.39770  844.79146  2.49%   228 6638s
 187750 83980  865.39582   39  874  866.39770  844.81733  2.49%   228 6666s
 188275 84130  860.79558   37 1326  866.39770  844.82978  2.49%   229 6692s
 188749 84289  860.74271   36 1337  866.39770  844.85084  2.49%   229 6718s
 189228 84432  852.23222   26 1327  866.39770  844.87041  2.48%   229 6744s
 189609 84612     cutoff   35       866.39770  844.88185  2.48%   229 6770s
 190053 84835  859.67719   34 1222  866.39770  844.89901  2.48%   229 6798s
 190638 84963  851.04041   32 1384  866.39770  844.91404  2.48%   229 6825s
 191110 85121  864.91478   34 1342  866.39770  844.92623  2.48%   229 6850s
 191590 85287  848.89519   34 1248  866.39770  844.94024  2.48%   229 6877s
 192068 85462  855.45364   37 1207  866.39770  844.95471  2.47%   229 6903s
 192569 85619  865.68433   34 1233  866.39770  844.96622  2.47%   229 6929s
 193050 85795  852.42095   32 1383  866.39770  844.98364  2.47%   229 6959s
 193483 85979 infeasible   35       866.39770  845.00401  2.47%   230 6989s
 193945 86114  863.09881   37 1356  866.39770  845.01710  2.47%   230 7016s
 194415 86281  855.14609   33 1329  866.39770  845.03196  2.47%   230 7046s
 194822 86452  864.60261   43 1286  866.39770  845.04346  2.46%   230 7074s
 195234 86568  859.38444   47 1402  866.39770  845.04966  2.46%   230 7103s
 195651 86678  852.44498   32 1186  866.39770  845.06747  2.46%   230 7129s
 196124 86821     cutoff   42       866.39770  845.06747  2.46%   230 7156s
 196635 87016  850.22796   35 1405  866.39770  845.07999  2.46%   230 7182s
 197089 87215     cutoff   38       866.39770  845.09602  2.46%   231 7209s
 197535 87375  862.43692   66 1207  866.39770  845.10543  2.46%   231 7236s
 197990 87573  861.82136   36 1308  866.39770  845.11926  2.46%   231 7262s
 198461 87723     cutoff   42       866.39770  845.13006  2.45%   231 7290s
 198926 87823 infeasible   47       866.39770  845.14637  2.45%   231 7319s
 199350 87996  848.62967   34 1365  866.39770  845.15639  2.45%   231 7346s
 199772 88161  859.51048   36 1383  866.39770  845.16638  2.45%   231 7373s
 200227 88355  853.27192   32 1367  866.39770  845.18393  2.45%   231 7402s
 200757 88583  861.22408   38 1339  866.39770  845.19515  2.45%   231 7429s
 201280 88764  852.40138   52 1250  866.39770  845.21129  2.45%   231 7458s
 201792 88862  866.20676   46  847  866.39770  845.22798  2.44%   232 7485s
 202208 89052  852.26669   42 1321  866.39770  845.24053  2.44%   232 7511s
 202699 89206  853.24149   40 1378  866.39770  845.25550  2.44%   232 7540s
 203169 89355  862.85787   37 1284  866.39770  845.26286  2.44%   232 7569s
 203641 89524  858.82885   39 1332  866.39770  845.29293  2.44%   232 7597s
 204110 89708  852.49856   38 1300  866.39770  845.30833  2.43%   232 7624s
 204550 89922     cutoff   33       866.39770  845.32423  2.43%   232 7655s
 205136 90062  851.89045   47 1268  866.39770  845.34804  2.43%   232 7683s
 205602 90236  858.34330   36 1390  866.39770  845.36552  2.43%   232 7712s
 206020 90332  852.81031   38 1393  866.39770  845.37465  2.43%   233 7740s
 206479 90461  863.23951   40 1292  866.39770  845.38336  2.43%   233 7768s
 206932 90589  855.70817   35 1179  866.39770  845.39662  2.42%   233 7796s
 207453 90728  858.20173   39 1346  866.39770  845.40791  2.42%   233 7824s
 207909 90919  854.53483   43 1236  866.39770  845.42247  2.42%   233 7851s
 208414 91146  853.32356   25 1367  866.39770  845.43863  2.42%   233 7880s
 208978 91286  854.23056   45 1338  866.39770  845.44758  2.42%   233 7908s
 209382 91434  851.43252   35 1425  866.39770  845.45870  2.42%   233 7937s
 209826 91616  860.46484   33 1387  866.39770  845.47253  2.42%   233 7963s
 210300 91858  864.90354   34 1196  866.39770  845.49266  2.41%   233 7992s
 210867 92017  864.73749   40 1265  866.39770  845.50118  2.41%   233 8022s
 211317 92155  858.54569   31 1353  866.39770  845.50558  2.41%   234 8052s
 211799 92340  851.42012   40 1332  866.39770  845.52809  2.41%   234 8079s
 212086 92340  865.24449   40 1339  866.39770  845.53477  2.41%   234 8080s
 212271 92530  853.52808   27 1419  866.39770  845.54329  2.41%   234 8109s
 212790 92679  863.59552   30 1406  866.39770  845.55549  2.41%   234 8139s
 213188 92853  864.68429   39 1409  866.39770  845.57323  2.40%   234 8184s
 213654 92982  856.37405   33 1305  866.39770  845.58731  2.40%   234 8233s
 214128 93201  855.89515   34 1335  866.39770  845.59751  2.40%   234 8264s
 214626 93440  863.31821   42 1265  866.39770  845.60492  2.40%   234 8296s
 215163 93533     cutoff   39       866.39770  845.60817  2.40%   234 8327s
 215701 93677  864.27590   37 1186  866.39770  845.62824  2.40%   234 8358s
 216177 93824  864.75314   35 1260  866.39770  845.64630  2.40%   234 8388s
 216631 94008  858.39465   30 1360  866.39770  845.66088  2.39%   234 8418s
 217075 94214  851.05070   35 1411  866.39770  845.68216  2.39%   235 8450s
 217581 94416  850.66034   30 1281  866.39770  845.69568  2.39%   235 8479s
 218088 94611  860.57427   44 1382  866.39770  845.71249  2.39%   235 8508s
 218595 94706  853.34430   41 1360  866.39770  845.71995  2.39%   235 8538s
 219002 94815  862.53265   38 1407  866.39770  845.73065  2.39%   235 8571s
 219350 94996  856.12771   40 1202  866.39770  845.73825  2.38%   235 8601s
 219793 95131  865.05400   26 1351  866.39770  845.74416  2.38%   235 8632s
 220260 95249  854.52020   32 1328  866.39770  845.75465  2.38%   235 8661s
 220667 95392  854.12675   38 1408  866.39770  845.76673  2.38%   235 8694s
 221114 95571     cutoff   40       866.39770  845.78205  2.38%   235 8724s
 221463 95571  862.36797   48 1254  866.39770  845.78471  2.38%   235 8725s
 221663 95711     cutoff   50       866.39770  845.79153  2.38%   235 8756s
 222143 95821  856.42781   32 1335  866.39770  845.80465  2.38%   236 8790s
 222593 95959  860.32872   43 1246  866.39770  845.81549  2.38%   236 8821s
 223037 96054  850.64343   24 1406  866.39770  845.83632  2.37%   236 8853s
 223509 96247  862.89486   47 1247  866.39770  845.84695  2.37%   236 8883s
 223927 96394     cutoff   41       866.39770  845.85531  2.37%   236 8911s
 224354 96544  859.62778   44 1394  866.39770  845.87119  2.37%   236 8948s
 224746 96692  858.20019   43 1317  866.39770  845.87946  2.37%   236 8977s
 225173 96853  855.86943   35 1381  866.39770  845.88867  2.37%   236 9006s
 225639 96964     cutoff   40       866.39770  845.90778  2.36%   236 9037s
 226086 97134  850.28769   34 1431  866.39770  845.92096  2.36%   237 9067s
 226533 97269  864.39608   35 1192  866.39770  845.92658  2.36%   237 9097s
 227024 97408  854.05749   39 1432  866.39770  845.94015  2.36%   237 9128s
 227422 97564  864.00823   41 1327  866.39770  845.94871  2.36%   237 9158s
 227884 97712  853.53953   33 1380  866.39770  845.96044  2.36%   237 9188s
 228315 97862     cutoff   45       866.39770  845.97340  2.36%   237 9218s
 228824 97996  865.94384   48 1226  866.39770  845.98573  2.36%   237 9248s
 229300 98111  857.69406   31 1338  866.39770  846.00541  2.35%   237 9279s
 229801 98207  851.99042   35 1384  866.39770  846.01501  2.35%   237 9316s
 230145 98342  862.14914   40 1341  866.39770  846.02335  2.35%   237 9348s
 230607 98480     cutoff   33       866.39770  846.04351  2.35%   237 9380s
 231065 98612     cutoff   31       866.39770  846.06230  2.35%   237 9411s
 231506 98778     cutoff   32       866.39770  846.07113  2.35%   237 9444s
 231990 98927     cutoff   41       866.39770  846.07914  2.35%   238 9475s
 232461 99061     cutoff   41       866.39770  846.09138  2.34%   238 9508s
 232895 99183 infeasible   41       866.39770  846.11109  2.34%   238 9540s
 233447 99285  855.80768   27 1362  866.39770  846.12108  2.34%   238 9578s
 233807 99469     cutoff   56       866.39770  846.12427  2.34%   238 9607s
 234330 99628  855.05767   31 1227  866.39770  846.13878  2.34%   238 9637s
 234806 99782  858.76323   38 1354  866.39770  846.15067  2.34%   238 9670s
 235301 99908  861.02736   44 1333  866.39770  846.16651  2.34%   238 9707s
 235680 100086  863.29771   50 1391  866.39770  846.17409  2.33%   238 9739s
 236185 100291  864.77136   42 1167  866.39770  846.18211  2.33%   238 9770s
 236647 100483  864.19155   56 1125  866.39770  846.19077  2.33%   238 9801s
 237120 100647  864.32812   36 1252  866.39770  846.20415  2.33%   238 9833s
 237630 100825  852.49230   34 1294  866.39770  846.21528  2.33%   238 9865s
 238128 101009  860.47546   30 1250  866.39770  846.22562  2.33%   238 9898s
 238568 101132     cutoff   39       866.39770  846.23040  2.33%   238 9931s
 239020 101285  861.01978   32 1280  866.39770  846.25029  2.33%   238 9963s
 239488 101434  857.76243   30 1372  866.39770  846.26234  2.32%   238 9997s
 239895 101563     cutoff   35       866.39770  846.27059  2.32%   239 10029s
 240392 101724  852.96795   43 1263  866.39770  846.27442  2.32%   239 10062s
 240948 101822  860.46007   37 1369  866.39770  846.29458  2.32%   239 10100s
 241318 101970  856.42486   47 1410  866.39770  846.30364  2.32%   239 10133s
 241761 102122  862.75631   67 1178  866.39770  846.32023  2.32%   239 10168s
 242238 102306  864.12384   35 1356  866.39770  846.33689  2.32%   239 10200s
 242669 102456  854.46563   34 1427  866.39770  846.35117  2.31%   239 10233s
 243101 102634  863.13405   39 1392  866.39770  846.35679  2.31%   239 10266s
 243567 102780  865.34802   37 1151  866.39770  846.36386  2.31%   239 10302s
 243999 102942  861.20646   39 1344  866.39770  846.37439  2.31%   239 10335s
 244488 103101  859.19264   48 1302  866.39770  846.38808  2.31%   239 10367s
 244954 103295  866.22094   51 1123  866.39770  846.39976  2.31%   239 10400s
 245415 103444  861.12264   55 1338  866.39770  846.40799  2.31%   239 10434s
 245511 103444  859.84147   31 1428  866.39770  846.40799  2.31%   240 10435s
 245830 103646  858.74959   33 1331  866.39770  846.41809  2.31%   240 10469s
 246338 103790  853.15612   36 1401  866.39770  846.43048  2.30%   240 10503s
 246735 103954     cutoff   36       866.39770  846.43402  2.30%   240 10538s
 247213 103961  861.48427   42 1188  866.39770  846.45144  2.30%   240 10583s
 247226 104080  864.36200   43 1189  866.39770  846.45144  2.30%   240 10617s
 247589 104277     cutoff   37       866.39770  846.46116  2.30%   240 10649s
 248079 104496 infeasible   33       866.39770  846.47276  2.30%   240 10682s
 248611 104643  853.07554   27 1403  866.39770  846.48851  2.30%   240 10716s
 249061 104815  854.02988   27 1375  866.39770  846.50268  2.30%   240 10749s
 249525 104980  860.17980   27 1385  866.39770  846.51399  2.29%   240 10784s
 249978 105135  865.27097   36 1083  866.39770  846.52908  2.29%   240 10817s
 250480 105291  860.89280   47 1371  866.39770  846.54435  2.29%   240 10849s
 250543 105291  861.57520   38 1195  866.39770  846.54435  2.29%   240 10850s
 250972 105431     cutoff   48       866.39770  846.55453  2.29%   240 10882s
 251398 105583  866.28348   44 1218  866.39770  846.56665  2.29%   240 10916s
 251858 105719  866.10945   63  589  866.39770  846.58095  2.29%   240 10955s
 252227 105840  864.37274   49  945  866.39770  846.58674  2.29%   240 10988s
 252642 105982  862.83930   37 1250  866.39770  846.59744  2.29%   241 11020s
 253080 106127  854.61553   36 1380  866.39770  846.60375  2.28%   241 11052s
 253512 106263     cutoff   69       866.39770  846.61947  2.28%   241 11086s
 254000 106430  863.35086   40 1177  866.39770  846.62959  2.28%   241 11118s
 254448 106571  853.98258   44 1361  866.39770  846.64461  2.28%   241 11150s
 254939 106745     cutoff   36       866.39770  846.64778  2.28%   241 11181s
 255414 106904  860.46692   46 1310  866.39770  846.66399  2.28%   241 11213s
 255854 107062  860.25995   42 1274  866.39770  846.67315  2.28%   241 11245s
 256274 107182  852.89339   34 1336  866.39770  846.68549  2.28%   241 11277s
 256715 107332     cutoff   44       866.39770  846.69700  2.27%   241 11310s
 257172 107468  854.71478   41 1398  866.39770  846.71133  2.27%   242 11342s
 257614 107591  851.49111   28 1324  866.39770  846.72083  2.27%   242 11378s
 258055 107744  860.53229   38 1359  866.39770  846.73036  2.27%   242 11410s
 258527 107871  856.31000   34 1319  866.39770  846.74247  2.27%   242 11442s
 258987 108034  863.42332   38 1171  866.39770  846.75556  2.27%   242 11474s
 259423 108190     cutoff   45       866.39770  846.76903  2.27%   242 11507s
 259885 108297  864.60007   43 1144  866.39770  846.78134  2.26%   242 11540s
 260296 108427  862.28522   52 1362  866.39770  846.79612  2.26%   242 11572s
 260715 108573     cutoff   62       866.39770  846.80752  2.26%   242 11604s
 260999 108573  860.19431   26 1391  866.39770  846.80953  2.26%   242 11605s
 261134 108662  850.24105   38 1432  866.39770  846.81648  2.26%   242 11641s
 261522 108806  859.97648   41 1405  866.39770  846.82443  2.26%   242 11674s
 261943 108988  863.59259   45 1315  866.39770  846.83724  2.26%   243 11707s
 262437 109126     cutoff   33       866.39770  846.85119  2.26%   243 11740s
 262884 109312  856.46090   30 1364  866.39770  846.85656  2.26%   243 11774s
 263371 109399  865.57825   36 1168  866.39770  846.87051  2.25%   243 11811s
 263778 109610  862.38022   32 1360  866.39770  846.88210  2.25%   243 11844s
 264196 109610  850.58870   39 1412  866.39770  846.89850  2.25%   243 11845s
 264259 109746  864.33537   42 1374  866.39770  846.89850  2.25%   243 11878s
 264678 109932  859.54840   38 1329  866.39770  846.91396  2.25%   243 11911s
 265185 110054  863.85862   44 1260  866.39770  846.92099  2.25%   243 11945s
 265663 110220  854.56547   38 1369  866.39770  846.93455  2.25%   243 11978s
 266100 110354  858.54621   37 1326  866.39770  846.94555  2.25%   243 12011s
 266542 110493  859.41227   43 1439  866.39770  846.95610  2.24%   243 12044s
 266749 110493  848.51147   33 1429  866.39770  846.95765  2.24%   243 12045s
 266961 110494  858.68246   38 1274  866.39770  846.96856  2.24%   243 12088s
 266974 110508  858.68359   39 1276  866.39770  846.97125  2.24%   243 12125s
 267054 110540  858.82735   40 1293  866.39770  846.97147  2.24%   243 12161s
 267181 110598  861.08743   41 1314  866.39770  846.97217  2.24%   243 12196s
 267400 110697  865.47756   29 1316  866.39770  846.97460  2.24%   243 12232s
 267732 110825  859.43594   36 1367  866.39770  846.97995  2.24%   244 12267s
 268123 110977  855.38152   31 1378  866.39770  846.99152  2.24%   244 12301s
 268564 111093  862.11067   45 1381  866.39770  847.00252  2.24%   244 12336s
 269047 111237  857.09730   41 1273  866.39770  847.02299  2.24%   244 12370s
 269473 111374  860.19014   42 1365  866.39770  847.02747  2.24%   244 12404s
 269637 111374  855.12011   34 1104  866.39770  847.03156  2.24%   244 12405s
 269917 111517  862.21695   38 1386  866.39770  847.04228  2.23%   244 12439s
 270407 111653  857.98230   53 1175  866.39770  847.05328  2.23%   244 12473s
 270863 111749     cutoff   37       866.39770  847.06363  2.23%   244 12507s
 271316 111901  854.74698   43 1320  866.39770  847.07477  2.23%   244 12542s
 271748 112044  849.95438   31 1420  866.39770  847.07982  2.23%   244 12576s
 272182 112177  854.66208   40 1382  866.39770  847.09346  2.23%   244 12611s
 272615 112326  861.37866   37 1386  866.39770  847.10053  2.23%   245 12646s
 273075 112472  853.28582   26 1400  866.39770  847.10964  2.23%   245 12682s
 273557 112626  861.15461   34 1376  866.39770  847.12714  2.22%   245 12717s
 274039 112733  862.39480   42 1386  866.39770  847.13363  2.22%   245 12752s
 274524 112845  860.33894   42 1019  866.39770  847.14559  2.22%   245 12787s
 274955 112955  854.27209   31 1334  866.39770  847.15598  2.22%   245 12822s
 275387 113109  862.13089   33 1356  866.39770  847.17021  2.22%   245 12859s
 275811 113244     cutoff   39       866.39770  847.17721  2.22%   245 12894s
 276215 113385  863.09610   47 1265  866.39770  847.18746  2.22%   245 12930s
 276697 113468  858.53416   51 1303  866.39770  847.20349  2.22%   245 12965s
 277150 113602  864.85253   29 1348  866.39770  847.21282  2.21%   245 13001s
 277614 113778  862.05606   42 1387  866.39770  847.21379  2.21%   246 13036s
 278111 113922  859.64776   34 1345  866.39770  847.23066  2.21%   246 13072s
 278614 114063     cutoff   49       866.39770  847.24029  2.21%   246 13108s
 279083 114155  865.34157   35 1364  866.39770  847.25117  2.21%   246 13144s
 279523 114327  853.74822   32 1333  866.39770  847.25991  2.21%   246 13180s
 280014 114482  859.86405   35 1355  866.39770  847.26699  2.21%   246 13217s
 280473 114648  860.69869   35 1397  866.39770  847.28074  2.21%   246 13252s
 280897 114791  851.81398   40 1419  866.39770  847.28287  2.21%   246 13287s
 281344 114903     cutoff   48       866.39770  847.29523  2.20%   246 13323s
 281792 114988  857.42076   37 1416  866.39770  847.30571  2.20%   246 13357s
 282216 115142     cutoff   42       866.39770  847.31395  2.20%   246 13394s
 282709 115310  861.61163   43 1395  866.39770  847.32558  2.20%   246 13429s
 283038 115310  855.18388   32 1345  866.39770  847.33526  2.20%   246 13430s
 283159 115425  861.87223   35 1387  866.39770  847.33668  2.20%   247 13465s
 283624 115589  862.76835   34 1351  866.39770  847.34897  2.20%   247 13503s
 284139 115785  862.87698   25 1174  866.39770  847.36506  2.20%   247 13539s
 284586 115892  861.20999   45 1219  866.39770  847.37690  2.20%   247 13575s
 285031 116054     cutoff   41       866.39770  847.38954  2.19%   247 13610s
 285502 116201  866.12162   44 1395  866.39770  847.40328  2.19%   247 13645s
 285965 116364     cutoff   44       866.39770  847.41239  2.19%   247 13680s
 286457 116534  863.71967   26 1374  866.39770  847.42007  2.19%   247 13716s
 286932 116647  855.85892   42 1376  866.39770  847.42866  2.19%   247 13753s
 287408 116743  861.39070   46 1287  866.39770  847.44184  2.19%   247 13790s
 287883 116889     cutoff   46       866.39770  847.45358  2.19%   247 13826s
 288319 117001     cutoff   48       866.39770  847.46517  2.19%   247 13862s
 288846 117136  855.53936   34 1392  866.39770  847.47614  2.18%   247 13898s
 289317 117270  862.70450   31 1367  866.39770  847.48516  2.18%   247 13934s
 289750 117415  861.99147   37 1349  866.39770  847.49234  2.18%   247 13971s
 290271 117532  853.39027   33 1373  866.39770  847.50057  2.18%   247 14007s
 290743 117705  848.47221   35 1432  866.39770  847.50955  2.18%   247 14044s
 291234 117840     cutoff   37       866.39770  847.51526  2.18%   248 14080s
 291670 117974  866.16982   41 1319  866.39770  847.52584  2.18%   248 14116s
 292117 118168  853.09856   38 1246  866.39770  847.54432  2.18%   248 14153s
 292586 118279  857.36719   38 1344  866.39770  847.54984  2.18%   248 14190s
 293063 118387  855.25374   30 1327  866.39770  847.56028  2.17%   248 14227s
 293511 118514     cutoff   31       866.39770  847.57143  2.17%   248 14264s
 293945 118657     cutoff   34       866.39770  847.58717  2.17%   248 14300s
 294427 118772  865.99818   42 1271  866.39770  847.59472  2.17%   248 14337s
 294892 118896  863.39777   34 1296  866.39770  847.60676  2.17%   248 14374s
 295320 119033     cutoff   48       866.39770  847.61534  2.17%   248 14413s
 295782 119176  860.12703   26 1216  866.39770  847.62288  2.17%   248 14451s
 296249 119303  853.13871   38 1415  866.39770  847.63278  2.17%   248 14487s
 296768 119434  854.88188   32 1384  866.39770  847.64414  2.16%   248 14525s
 297234 119552  855.05157   57 1244  866.39770  847.65810  2.16%   248 14562s
 297696 119663  859.95849   67 1307  866.39770  847.66871  2.16%   249 14599s
 297851 119663     cutoff   44       866.39770  847.67094  2.16%   249 14600s
 298121 119806  858.92100   47 1407  866.39770  847.67407  2.16%   249 14637s
 298602 119929  863.31128   53  717  866.39770  847.68675  2.16%   249 14673s
 299060 120024  864.36986   39 1364  866.39770  847.69429  2.16%   249 14711s
 299515 120160  854.75080   27 1305  866.39770  847.70310  2.16%   249 14749s
 300042 120298  857.00399   32 1357  866.39770  847.71479  2.16%   249 14786s
 300443 120469     cutoff   42       866.39770  847.72036  2.16%   249 14823s
 300897 120551  856.81411   33 1332  866.39770  847.73698  2.15%   249 14862s
 301397 120678     cutoff   38       866.39770  847.74417  2.15%   249 14900s
 301864 120761  853.89646   43 1294  866.39770  847.75531  2.15%   249 14938s
 302418 120929  865.33606   60 1197  866.39770  847.76493  2.15%   249 14975s
 302914 120994  862.50451   38 1238  866.39770  847.77201  2.15%   249 15016s
 303330 121136  861.20411   33 1303  866.39770  847.78264  2.15%   249 15054s
 303791 121262  860.17200   52 1238  866.39770  847.79196  2.15%   249 15092s
 304237 121399  855.58159   56 1255  866.39770  847.80162  2.15%   250 15130s
 304721 121540  858.35196   38 1322  866.39770  847.81754  2.14%   250 15168s
 305222 121670  850.38667   41 1366  866.39770  847.82587  2.14%   250 15206s
 305635 121825  860.52262   43 1319  866.39770  847.83913  2.14%   250 15245s
 306054 121936  865.28595   40 1164  866.39770  847.84075  2.14%   250 15282s
 306462 122090  864.62241   43 1322  866.39770  847.85302  2.14%   250 15320s
 306951 122216  854.23772   34 1396  866.39770  847.85961  2.14%   250 15364s
 307349 122340  862.51577   42 1376  866.39770  847.86559  2.14%   250 15402s
 307795 122476  853.61688   40 1354  866.39770  847.87800  2.14%   250 15440s
 308200 122607  859.06686   35 1399  866.39770  847.88179  2.14%   250 15479s
 308648 122768     cutoff   42       866.39770  847.89126  2.14%   250 15516s
 309123 122895  861.16728   36 1087  866.39770  847.90193  2.13%   250 15556s
 309603 123012  857.28192   35 1220  866.39770  847.91308  2.13%   250 15594s
 309775 123012  865.85374   46 1135  866.39770  847.91308  2.13%   250 15595s
 310061 123155  863.91351   35 1361  866.39770  847.91932  2.13%   251 15633s
 310542 123247  859.00618   42 1383  866.39770  847.93077  2.13%   251 15672s
 310982 123382  860.89547   34 1382  866.39770  847.93926  2.13%   251 15710s
 311463 123511  856.48808   35 1375  866.39770  847.94584  2.13%   251 15748s
 311922 123644  851.14961   35 1393  866.39770  847.95427  2.13%   251 15787s
 312385 123798  866.31655   47 1371  866.39770  847.95941  2.13%   251 15825s
 312836 123952  853.46291   28 1409  866.39770  847.97150  2.13%   251 15864s
 313326 124070  861.97781   42 1361  866.39770  847.97976  2.13%   251 15903s
 313796 124158  862.73740   37 1396  866.39770  847.99144  2.12%   251 15943s
 314219 124295     cutoff   30       866.39770  847.99708  2.12%   251 15982s
 314691 124426     cutoff   41       866.39770  848.00934  2.12%   251 16021s
 315196 124538  862.24424   35 1298  866.39770  848.01796  2.12%   251 16060s
 315654 124659  854.75211   30 1322  866.39770  848.02632  2.12%   251 16098s
 316103 124814     cutoff   52       866.39770  848.03417  2.12%   251 16136s
 316600 124961  855.71878   29 1405  866.39770  848.04424  2.12%   251 16176s
 317069 125105  857.54561   31 1185  866.39770  848.05153  2.12%   251 16215s
 317560 125235  854.90569   36 1398  866.39770  848.06201  2.12%   252 16254s
 318061 125414  858.83050   39 1322  866.39770  848.07427  2.11%   252 16295s
 318527 125596  852.29345   41 1408  866.39770  848.08265  2.11%   252 16333s
 319005 125736     cutoff   52       866.39770  848.08885  2.11%   252 16373s
 319521 125896  865.99856   40 1410  866.39770  848.09687  2.11%   252 16412s
 319967 126001  862.82397   41 1222  866.39770  848.10304  2.11%   252 16452s
 320411 126131  858.27285   42 1415  866.39770  848.11074  2.11%   252 16490s
 320879 126240     cutoff   39       866.39770  848.12275  2.11%   252 16532s
 321292 126366  849.04149   42 1401  866.39770  848.13579  2.11%   252 16571s
 321696 126493  855.89670   31 1405  866.39770  848.14229  2.11%   252 16611s
 322178 126669     cutoff   39       866.39770  848.15231  2.11%   252 16650s
 322653 126783  859.26386   32 1275  866.39770  848.16170  2.10%   252 16691s
 323158 126907  849.51893   29 1361  866.39770  848.17319  2.10%   252 16731s
 323620 127043  857.32448   38 1327  866.39770  848.18630  2.10%   252 16773s
 324060 127209  862.65626   33 1310  866.39770  848.19811  2.10%   252 16813s
 324547 127309  854.40934   34 1392  866.39770  848.20417  2.10%   252 16854s
 324817 127309  861.39671   35 1283  866.39770  848.20646  2.10%   252 16855s
 325019 127407     cutoff   37       866.39770  848.20963  2.10%   252 16895s
 325461 127531     cutoff   30       866.39770  848.22343  2.10%   252 16937s
 325975 127688  856.42790   37 1294  866.39770  848.23178  2.10%   253 16977s
 326397 127744  862.00772   37 1286  866.39770  848.24104  2.10%   253 17018s
 326830 127867 infeasible   41       866.39770  848.24192  2.10%   253 17058s
 327359 127994  864.33214   39 1362  866.39770  848.25328  2.09%   253 17099s
 327786 128130     cutoff   47       866.39770  848.25956  2.09%   253 17140s
 328281 128258  860.70665   44 1389  866.39770  848.26717  2.09%   253 17181s
 328692 128407  860.90375   38 1380  866.39770  848.27436  2.09%   253 17222s
 329175 128526     cutoff   43       866.39770  848.28805  2.09%   253 17263s
 329539 128650  854.92455   26 1348  866.39770  848.29395  2.09%   253 17304s
 329819 128650     cutoff   55       866.39770  848.29467  2.09%   253 17305s
 330010 128779     cutoff   45       866.39770  848.30244  2.09%   253 17350s
 330397 128884 infeasible   36       866.39770  848.30936  2.09%   253 17391s
 330905 128990  865.91975   70  969  866.39770  848.32062  2.09%   253 17433s
 331394 129130  860.40123   46 1191  866.39770  848.32910  2.09%   253 17474s
 331808 129275  862.20055   39 1301  866.39770  848.33948  2.08%   253 17515s
 332256 129418  857.19058   38 1413  866.39770  848.34743  2.08%   253 17556s
 332708 129531  862.27813   31 1333  866.39770  848.36166  2.08%   254 17598s
 333230 129563  863.22974   44 1299  866.39770  848.36436  2.08%   254 17650s
 333396 129674     cutoff   45       866.39770  848.36436  2.08%   254 17691s
 333828 129771  856.98807   37 1392  866.39770  848.37703  2.08%   254 17733s
 334298 129865  855.14882   30 1386  866.39770  848.38580  2.08%   254 17774s
 334799 129997     cutoff   40       866.39770  848.39313  2.08%   254 17816s
 335266 130124  862.37265   39 1414  866.39770  848.40160  2.08%   254 17858s
 335732 130212  853.98352   45 1430  866.39770  848.40811  2.08%   254 17908s
 336115 130375     cutoff   56       866.39770  848.40811  2.08%   254 17949s
 336554 130471  862.71928   51 1384  866.39770  848.42491  2.07%   254 17993s
 336990 130546  850.00687   33 1398  866.39770  848.43497  2.07%   254 18035s
 337385 130651  865.52880   31 1316  866.39770  848.44012  2.07%   254 18076s
 337818 130794  864.89200   44 1409  866.39770  848.44999  2.07%   254 18118s
 338259 130918  860.92366   45 1255  866.39770  848.46122  2.07%   254 18160s
 338756 131024  865.61453   55 1165  866.39770  848.46912  2.07%   254 18202s
 339242 131119     cutoff   44       866.39770  848.48017  2.07%   254 18243s
 339700 131232     cutoff   29       866.39770  848.48865  2.07%   255 18286s
 340139 131319  865.29910   48 1238  866.39770  848.49570  2.07%   255 18328s
 340597 131413  862.64326   49 1253  866.39770  848.51039  2.06%   255 18372s
 340989 131503  864.22612   35 1228  866.39770  848.52035  2.06%   255 18414s
 341482 131597     cutoff   40       866.39770  848.52709  2.06%   255 18463s
 341867 131674  864.88366   47 1329  866.39770  848.53634  2.06%   255 18507s
 342339 131809  855.93340   38 1414  866.39770  848.54339  2.06%   255 18548s
 342787 131919  856.97840   43 1298  866.39770  848.55255  2.06%   255 18590s
 343216 132037  863.68802   33 1308  866.39770  848.55813  2.06%   255 18632s
 343672 132173  861.74511   35 1286  866.39770  848.56486  2.06%   255 18673s
 344116 132321  853.91494   39 1416  866.39770  848.57229  2.06%   255 18718s
 344596 132437  851.73486   44 1414  866.39770  848.57871  2.06%   255 18761s
 345048 132504  856.38791   35 1342  866.39770  848.58676  2.06%   255 18805s
 345516 132640  858.76533   43 1346  866.39770  848.59414  2.05%   255 18848s
 346028 132709 infeasible   70       866.39770  848.60887  2.05%   255 18893s
 346465 132843  850.78865   28 1413  866.39770  848.62106  2.05%   256 18936s
 346891 132927  861.84742   34 1329  866.39770  848.62976  2.05%   256 18986s
 347344 133069  866.32433   57  797  866.39770  848.63365  2.05%   256 19029s
 347848 133186  865.27802   31 1341  866.39770  848.64685  2.05%   256 19071s
 348315 133332  861.26842   33 1379  866.39770  848.65062  2.05%   256 19114s
 348778 133445  855.63262   37 1304  866.39770  848.66322  2.05%   256 19157s
 349298 133518     cutoff   39       866.39770  848.67185  2.05%   256 19201s
 349750 133635  854.87649   37 1343  866.39770  848.67880  2.05%   256 19244s
 350058 133635  856.26681   39 1316  866.39770  848.68190  2.04%   256 19245s
 350218 133779  859.54842   37 1384  866.39770  848.68554  2.04%   256 19287s
 350694 133902  856.96142   39 1151  866.39770  848.69268  2.04%   256 19330s
 351142 134056  862.73659   38 1353  866.39770  848.70044  2.04%   256 19374s
 351568 134209  863.04290   39 1206  866.39770  848.70219  2.04%   256 19417s
 352063 134306  858.53511   35 1412  866.39770  848.71053  2.04%   256 19460s
 352505 134386  855.47382   37 1360  866.39770  848.71813  2.04%   256 19508s
 352837 134494     cutoff   70       866.39770  848.72520  2.04%   256 19552s
 353268 134597     cutoff   37       866.39770  848.72551  2.04%   256 19596s
 353694 134729     cutoff   48       866.39770  848.74380  2.04%   257 19640s
 354155 134881  855.42317   43 1357  866.39770  848.75129  2.04%   257 19684s
 354626 135008     cutoff   40       866.39770  848.75802  2.04%   257 19727s
 355122 135077     cutoff   51       866.39770  848.76783  2.03%   257 19771s
 355634 135190  860.57583   44 1409  866.39770  848.77306  2.03%   257 19817s
 356066 135324  855.34267   29 1282  866.39770  848.77737  2.03%   257 19861s
 356508 135431  859.82403   45 1340  866.39770  848.78460  2.03%   257 19905s
 356968 135516  855.81814   34 1410  866.39770  848.78879  2.03%   257 19950s
 357355 135626  863.18639   44 1402  866.39770  848.79675  2.03%   257 19995s
 357813 135756  858.53265   39 1356  866.39770  848.80907  2.03%   257 20039s
 358285 135869  866.04477   45 1360  866.39770  848.81779  2.03%   257 20088s
 358686 135979  853.58756   46 1401  866.39770  848.82394  2.03%   257 20134s
 359153 136108  854.31393   33 1270  866.39770  848.83536  2.03%   257 20179s
 359600 136219  857.38242   29 1370  866.39770  848.84175  2.03%   257 20223s
 360105 136316  863.54286   39 1387  866.39770  848.84784  2.03%   257 20270s
 360565 136395     cutoff   36       866.39770  848.85482  2.02%   257 20323s
 360887 136519  862.49431   36 1298  866.39770  848.85622  2.02%   257 20369s
 361328 136606     cutoff   31       866.39770  848.86471  2.02%   258 20414s
 361768 136726  858.24797   43 1402  866.39770  848.87330  2.02%   258 20459s
 362218 136866  852.05459   34 1356  866.39770  848.87745  2.02%   258 20505s
 362711 137006  859.81010   41 1266  866.39770  848.88503  2.02%   258 20550s
 363223 137109  853.46506   33 1344  866.39770  848.89023  2.02%   258 20595s
 363658 137214  856.27153   36 1315  866.39770  848.89918  2.02%   258 20643s
 364107 137342  854.50006   29 1342  866.39770  848.91152  2.02%   258 20689s
 364518 137470  860.96715   33 1309  866.39770  848.91152  2.02%   258 20733s
 364932 137625  859.92795   42 1233  866.39770  848.92175  2.02%   258 20777s
 365436 137722  857.53437   45 1411  866.39770  848.92957  2.02%   258 20826s
 365805 137765  855.24690   36 1305  866.39770  848.93689  2.02%   258 20875s
 366193 137905  862.73332   39  943  866.39770  848.94304  2.01%   258 20920s
 366636 138041     cutoff   43       866.39770  848.95445  2.01%   258 20964s
 367102 138179  856.92095   40 1393  866.39770  848.95713  2.01%   258 21011s
 367568 138288  856.90073   37 1346  866.39770  848.96825  2.01%   258 21056s
 368018 138374  859.51496   33 1377  866.39770  848.97411  2.01%   259 21100s
 368426 138478  859.91588   42 1200  866.39770  848.97805  2.01%   259 21145s
 368864 138595  859.90574   33 1353  866.39770  848.98619  2.01%   259 21192s
 369327 138698  862.92699   31 1299  866.39770  848.99878  2.01%   259 21243s
 369728 138811  854.14866   43 1411  866.39770  849.00435  2.01%   259 21291s
 370127 138945  863.02544   38 1224  866.39770  849.01173  2.01%   259 21338s
 370682 139065  858.04081   37 1388  866.39770  849.01838  2.01%   259 21384s
 371118 139157  864.66794   45 1273  866.39770  849.02621  2.01%   259 21430s
 371543 139240  864.14844   30 1345  866.39770  849.03475  2.00%   259 21476s
 372000 139380  864.61270   30 1395  866.39770  849.04346  2.00%   259 21522s
 372477 139491  857.36108   39 1355  866.39770  849.05198  2.00%   259 21569s
 372930 139591  862.65281   29 1276  866.39770  849.05616  2.00%   259 21615s
 373380 139652  859.39790   36 1248  866.39770  849.06697  2.00%   259 21664s
 373834 139743  860.72660   45 1404  866.39770  849.07987  2.00%   259 21714s
 374262 139831  863.94589   60 1225  866.39770  849.08637  2.00%   259 21760s
 374698 139962  857.70176   37 1386  866.39770  849.09758  2.00%   259 21810s
 375122 140074 infeasible   44       866.39770  849.10638  2.00%   260 21862s
 375529 140215  858.46146   50 1415  866.39770  849.11651  1.99%   260 21909s
 375963 140219     cutoff   35       866.39770  849.12383  1.99%   260 21976s
 375975 140219  854.03222   34 1308  866.39770  849.12383  1.99%   260 22024s
 375991 140244  854.56682   35 1305  866.39770  849.12383  1.99%   260 22076s
 376056 140326  860.80296   36 1296  866.39770  849.12383  1.99%   260 22126s
 376307 140440  860.90491   37 1292  866.39770  849.12730  1.99%   260 22174s
 376687 140558  856.24597   45 1414  866.39770  849.13429  1.99%   260 22220s
 377117 140684  860.06278   26 1181  866.39770  849.14052  1.99%   260 22268s
 377598 140806  865.03960   51 1127  866.39770  849.14777  1.99%   260 22315s
 378079 140908  855.21920   42 1417  866.39770  849.15418  1.99%   260 22362s
 378489 141023  858.45444   34 1188  866.39770  849.15953  1.99%   260 22409s
 378925 141153 infeasible   45       866.39770  849.16910  1.99%   260 22456s
 379395 141290     cutoff   31       866.39770  849.18130  1.99%   260 22503s
 379807 141385  859.39547   51 1428  866.39770  849.18510  1.99%   260 22550s
 380266 141485     cutoff   31       866.39770  849.19098  1.99%   260 22599s
 380701 141567  864.44566   40 1403  866.39770  849.19822  1.99%   260 22645s
 381133 141676     cutoff   44       866.39770  849.20585  1.98%   260 22694s
 381614 141773  864.96452   31 1233  866.39770  849.21716  1.98%   260 22742s
 382129 141865  859.31163   39 1413  866.39770  849.22130  1.98%   260 22789s
 382572 141974  862.93336   35 1377  866.39770  849.22956  1.98%   261 22838s
 383003 142066     cutoff   42       866.39770  849.23877  1.98%   261 22885s
 383437 142205  863.22341   33 1325  866.39770  849.24607  1.98%   261 22932s
 383899 142301     cutoff   39       866.39770  849.25240  1.98%   261 22980s
 384310 142402  862.40046   33 1286  866.39770  849.26275  1.98%   261 23027s
 384754 142517  857.79145   33 1254  866.39770  849.26788  1.98%   261 23076s
 385253 142622  861.21230   46 1347  866.39770  849.27475  1.98%   261 23125s
 385733 142703  865.59208   35 1385  866.39770  849.28626  1.98%   261 23176s
 386149 142800  853.97848   41 1397  866.39770  849.29097  1.97%   261 23223s
 386576 142954  858.44133   31 1356  866.39770  849.30109  1.97%   261 23272s
 387019 143089     cutoff   45       866.39770  849.30559  1.97%   261 23319s
 387461 143185     cutoff   42       866.39770  849.31127  1.97%   261 23367s
 387901 143291  862.29726   38 1077  866.39770  849.32246  1.97%   261 23416s
 388386 143404  863.08141   39 1335  866.39770  849.32935  1.97%   261 23467s
 388859 143513  857.24347   43 1405  866.39770  849.33918  1.97%   261 23516s
 389278 143654  858.40986   37 1371  866.39770  849.34620  1.97%   262 23565s
 389746 143734  866.00054   39 1174  866.39770  849.35440  1.97%   262 23614s
 390206 143846  861.48190   41 1322  866.39770  849.36357  1.97%   262 23662s
 390652 143934     cutoff   40       866.39770  849.37068  1.97%   262 23712s
 391080 144012  864.70546   38 1147  866.39770  849.37760  1.96%   262 23760s
 391542 144021  863.10269   47 1263  866.39770  849.38420  1.96%   262 23821s
 391720 144138  864.59784   38 1333  866.39770  849.38623  1.96%   262 23870s
 392181 144146  854.86417   35 1392  866.39770  849.39627  1.96%   262 23931s
 392189 144148  856.42491   36 1386  866.39770  849.39627  1.96%   262 23982s
 392203 144155  858.21213   37 1385  866.39770  849.39627  1.96%   262 24033s
 392258 144204  864.90551   33 1397  866.39770  849.39634  1.96%   262 24081s
 392480 144308  858.92996   32 1303  866.39770  849.40090  1.96%   262 24131s
 392946 144431     cutoff   48       866.39770  849.40792  1.96%   262 24179s
 393099 144431     cutoff   35       866.39770  849.40792  1.96%   262 24180s
 393397 144525  862.82457   40 1276  866.39770  849.41505  1.96%   262 24229s
 393831 144637  860.25342   48 1363  866.39770  849.42141  1.96%   262 24279s
 394301 144759  862.95052   39 1302  866.39770  849.42607  1.96%   262 24329s
 394743 144887  863.13107   42 1271  866.39770  849.43691  1.96%   262 24379s
 395185 145020  858.46813   39 1364  866.39770  849.44441  1.96%   262 24428s
 395651 145148  862.84229   37 1348  866.39770  849.44866  1.96%   263 24479s
 396105 145256     cutoff   39       866.39770  849.46083  1.95%   263 24529s
 396541 145356  862.53118   34 1242  866.39770  849.46944  1.95%   263 24579s
 397041 145475  866.05375   34 1356  866.39770  849.47698  1.95%   263 24628s
 397511 145551     cutoff   37       866.39770  849.48248  1.95%   263 24679s
 397957 145689  858.00830   45 1241  866.39770  849.48848  1.95%   263 24728s
 398428 145786  862.42565   50 1358  866.39770  849.49349  1.95%   263 24778s
 398865 145867  852.98707   36 1426  866.39770  849.50161  1.95%   263 24828s
 399336 145980  859.26714   44 1099  866.39770  849.51400  1.95%   263 24878s
 399798 146040     cutoff   44       866.39770  849.51993  1.95%   263 24931s
 400261 146155  865.31628   42 1199  866.39770  849.52596  1.95%   263 24981s
 400714 146224  862.90887   33 1376  866.39770  849.53649  1.95%   263 25032s
 401227 146295  865.38988   34 1152  866.39770  849.53846  1.95%   263 25084s
 401668 146385     cutoff   47       866.39770  849.54889  1.94%   263 25135s
 402122 146463     cutoff   40       866.39770  849.55666  1.94%   263 25185s
 402574 146565  854.54252   32 1387  866.39770  849.56314  1.94%   263 25234s
 402716 146565  860.00893   38 1410  866.39770  849.56314  1.94%   264 25235s
 402994 146636  857.93927   31 1380  866.39770  849.57181  1.94%   264 25285s
 403473 146762     cutoff   37       866.39770  849.58246  1.94%   264 25335s
 403917 146857  866.10231   35 1216  866.39770  849.58789  1.94%   264 25386s
 404358 146947     cutoff   45       866.39770  849.59363  1.94%   264 25438s
 404826 147081  857.87111   32 1365  866.39770  849.59999  1.94%   264 25489s
 405319 147194  862.19211   35 1394  866.39770  849.60598  1.94%   264 25541s
 405806 147322  856.83455   30 1188  866.39770  849.61851  1.94%   264 25591s
 406261 147407  857.73410   31 1398  866.39770  849.62381  1.94%   264 25642s
 406755 147519  865.24917   35 1385  866.39770  849.62834  1.94%   264 25693s
 407237 147559  861.59452   41 1329  866.39770  849.63905  1.93%   264 25743s
 407661 147703  856.65904   42 1430  866.39770  849.64342  1.93%   264 25793s
 408137 147767  857.18845   37 1349  866.39770  849.65157  1.93%   264 25844s
 408525 147887  859.48682   29 1381  866.39770  849.65619  1.93%   264 25896s
 408981 148012     cutoff   49       866.39770  849.66371  1.93%   264 25947s
 409427 148112     cutoff   44       866.39770  849.67111  1.93%   264 25998s
 409894 148239  864.90384   45 1275  866.39770  849.67886  1.93%   264 26049s
 410359 148326     cutoff   55       866.39770  849.68224  1.93%   264 26101s
 410801 148412  857.08599   28 1239  866.39770  849.69122  1.93%   265 26153s
 411256 148538  859.10933   42 1399  866.39770  849.70020  1.93%   265 26204s
 411706 148645  857.58634   60 1005  866.39770  849.70783  1.93%   265 26256s
 412142 148743  856.68542   35 1343  866.39770  849.71108  1.93%   265 26306s
 412556 148853     cutoff   38       866.39770  849.71969  1.92%   265 26359s
 413006 148945  865.61316   37 1257  866.39770  849.72570  1.92%   265 26412s
 413442 149029  865.94235   39 1384  866.39770  849.73658  1.92%   265 26464s
 413890 149107     cutoff   52       866.39770  849.73982  1.92%   265 26516s
 414335 149225  854.34927   47 1433  866.39770  849.74960  1.92%   265 26567s
 414813 149309  859.23814   46 1433  866.39770  849.75914  1.92%   265 26619s
 415282 149372     cutoff   38       866.39770  849.76432  1.92%   265 26672s
 415748 149462  865.19862   32 1337  866.39770  849.77074  1.92%   265 26725s
 416180 149595     cutoff   35       866.39770  849.77946  1.92%   265 26779s
 416675 149678     cutoff   35       866.39770  849.78619  1.92%   265 26831s
 417136 149781  863.06573   32 1345  866.39770  849.79445  1.92%   265 26883s
 417601 149882  863.65701   32 1260  866.39770  849.80286  1.92%   265 26933s
 418061 150005     cutoff   51       866.39770  849.80643  1.91%   265 26986s
 418585 150119  857.98630   36 1405  866.39770  849.81992  1.91%   266 27037s
 419074 150241  859.19571   34 1196  866.39770  849.82684  1.91%   266 27089s
 419582 150321  862.89685   36 1206  866.39770  849.83345  1.91%   266 27142s
 420027 150458  862.66564   39 1320  866.39770  849.83865  1.91%   266 27196s
 420430 150543     cutoff   39       866.39770  849.84380  1.91%   266 27249s
 420857 150643     cutoff   29       866.39770  849.84967  1.91%   266 27301s
 421303 150707     cutoff   38       866.39770  849.85866  1.91%   266 27354s
 421718 150797  860.43414   30 1364  866.39770  849.86353  1.91%   266 27408s
 422154 150914  864.13630   34 1318  866.39770  849.86908  1.91%   266 27459s
 422592 151005     cutoff   41       866.39770  849.87528  1.91%   266 27514s
 422989 151056  862.02038   47 1361  866.39770  849.87824  1.91%   266 27569s
 423468 151182     cutoff   29       866.39770  849.88740  1.91%   266 27621s
 423917 151277  865.68988   37 1379  866.39770  849.89114  1.91%   266 27675s
 424412 151367  858.37329   32 1316  866.39770  849.89561  1.90%   266 27728s
 424826 151466  852.21929   36 1417  866.39770  849.90622  1.90%   266 27785s
 425279 151559  865.18867   37 1343  866.39770  849.91054  1.90%   266 27837s
 425726 151673  865.40239   34 1307  866.39770  849.91524  1.90%   267 27890s
 426217 151820  854.40216   30 1246  866.39770  849.92787  1.90%   267 27945s
 426720 151927     cutoff   40       866.39770  849.93734  1.90%   267 28000s
 427195 152029     cutoff   39       866.39770  849.94634  1.90%   267 28054s
 427682 152095  858.14554   43 1344  866.39770  849.95523  1.90%   267 28115s
 428119 152180  862.81808   38 1363  866.39770  849.96135  1.90%   267 28170s
 428610 152305  860.91355   35 1317  866.39770  849.96984  1.90%   267 28223s
 429065 152415  866.32938   38 1267  866.39770  849.97412  1.90%   267 28277s
 429439 152498  862.55245   36 1306  866.39770  849.97808  1.90%   267 28331s
 429891 152580  861.91887   44 1425  866.39770  849.97947  1.89%   267 28384s
 430340 152636  864.21793   45 1364  866.39770  849.98901  1.89%   267 28438s
 430732 152756  851.48046   33 1405  866.39770  849.99458  1.89%   267 28490s
 431162 152812  857.18470   38 1356  866.39770  850.00706  1.89%   267 28544s
 431628 152915  864.04794   35 1376  866.39770  850.01091  1.89%   267 28598s
 432102 153019  855.97007   35 1394  866.39770  850.02270  1.89%   267 28649s
 432519 153139     cutoff   35       866.39770  850.02823  1.89%   267 28702s
 432984 153229  855.45798   44 1365  866.39770  850.03241  1.89%   267 28756s
 433466 153336  859.18866   30 1394  866.39770  850.03568  1.89%   267 28800s

Cutting planes:
  Cover: 1
  Clique: 6
  MIR: 2
  Flow cover: 16
  GUB cover: 1
  Zero half: 20
  Relax-and-lift: 2
  Lazy constraints: 26450

Explored 433819 nodes (116049400 simplex iterations) in 28800.97 seconds (56047.09 work units)
Thread count was 8 (of 18 available processors)

Solution count 7: 866.398 871.631 903.698 ... 942.63

Time limit reached
Best objective 8.663977009136e+02, best bound 8.500427101520e+02, gap 1.8877%

User-callback calls 1158340, time in user-callback 151.94 sec
### START EXACT APPROACH ###
ProblemVariant: 1
### START PREPROCESSING ###
## Start infeasible path procedure ## 
Deleted arcs: 42
Infeasible tail paths: 20
Infeasible 2-node combinations: 21
## Start extended infeasible path procedure ##
Deleted arcs: 44
Infeasible tail paths: 18
Infeasible 2-node combinations: 21
## Start start solution procedure ##
Start solution with 14 Vehicles and total costs 942.63 in 0.586177 s.
### END PREPROCESSING ###
Route 0 0-1-22-28-0 : weight util 0.983333 | volume util 0.348244 | feasible with packing heuristic | feasible with CP model
Route 1 0-2-4-0 : weight util 0.933333 | volume util 0.441644 | feasible with packing heuristic | feasible with CP model
Route 2 0-3-16-33-0 : weight util 0.950000 | volume util 0.402844 | feasible with packing heuristic | feasible with CP model
Route 3 0-5-37-20-0 : weight util 0.950000 | volume util 0.447222 | feasible with packing heuristic | feasible with CP model
Route 4 0-6-21-36-0 : weight util 0.983333 | volume util 0.448222 | feasible with packing heuristic | feasible with CP model
Route 5 0-7-35-8-34-0 : weight util 1.000000 | volume util 0.343178 | feasible with packing heuristic | feasible with CP model
Route 6 0-9-32-0 : weight util 0.950000 | volume util 0.433689 | feasible with packing heuristic | feasible with CP model
Route 7 0-11-26-0 : weight util 0.916667 | volume util 0.089844 | feasible with packing heuristic | feasible with CP model
Route 8 0-13-19-14-0 : weight util 0.966667 | volume util 0.241222 | feasible with packing heuristic | feasible with CP model
Route 9 0-17-40-0 : weight util 0.883333 | volume util 0.267578 | feasible with packing heuristic | feasible with CP model
Route 10 0-25-18-24-23-0 : weight util 1.000000 | volume util 0.480333 | feasible with packing heuristic | feasible with CP model
Route 11 0-27-15-29-30-0 : weight util 1.000000 | volume util 0.347956 | feasible with packing heuristic | feasible with CP model
Route 12 0-31-39-12-0 : weight util 0.950000 | volume util 0.293844 | feasible with packing heuristic | feasible with CP model
Route 13 0-38-10-0 : weight util 0.833333 | volume util 0.181467 | feasible with packing heuristic | feasible with CP model
