
Gurobi 12.0.1 (win64, C++) logging started Thu Apr 17 22:36:47 2025

Set parameter Username
Academic license - for non-commercial use only - expires 2026-01-06
Set parameter Threads to value 8
Set parameter LazyConstraints to value 1
Set parameter PreCrush to value 1
Set parameter Seed to value 10
Set parameter Cuts to value -1
Set parameter TimeLimit to value 28800
Set parameter NumericFocus to value 0
Set parameter SolutionLimit to value 10000
Gurobi Optimizer version 12.0.1 build v12.0.1rc0 (win64 - Windows Server 2022.0 (20348.2))

CPU model: AMD EPYC 7513 32-Core Processor, instruction set [SSE2|AVX|AVX2]
Thread count: 18 physical cores, 18 logical processors, using up to 8 threads

Non-default parameters:
SolutionLimit  10000
TimeLimit  28800
PreCrush  1
Seed  10
Threads  8
LazyConstraints  1

Optimize a model with 466 rows, 900 columns and 2610 nonzeros
Model fingerprint: 0xb7dcd197
Variable types: 0 continuous, 900 integer (900 binary)
Coefficient statistics:
  Matrix range     [1e+00, 1e+00]
  Objective range  [1e+00, 1e+02]
  Bounds range     [1e+00, 1e+00]
  RHS range        [1e+00, 8e+00]

Warning: Completing partial solution with 827 unfixed non-continuous variables out of 900
User MIP start produced solution with objective 756.554 (0.00s)
Loaded user MIP start with objective 756.554

Presolve removed 4 rows and 38 columns
Presolve time: 0.01s
Presolved: 462 rows, 862 columns, 2528 nonzeros
Variable types: 0 continuous, 862 integer (862 binary)

Root relaxation: objective 4.059125e+02, 88 iterations, 0.00 seconds (0.00 work units)

    Nodes    |    Current Node    |     Objective Bounds      |     Work
 Expl Unexpl |  Obj  Depth IntInf | Incumbent    BestBd   Gap | It/Node Time

     0     0  405.91253    0   16  756.55431  405.91253  46.3%     -    0s
     0     0  492.82891    0    -  756.55431  492.82891  34.9%     -    0s
     0     0  521.19135    0    -  756.55431  521.19135  31.1%     -    0s
     0     0  558.59956    0    -  756.55431  558.59956  26.2%     -    0s
     0     0  561.09036    0    -  756.55431  561.09036  25.8%     -    0s
     0     0  569.36109    0   14  756.55431  569.36109  24.7%     -    0s
     0     0  569.36109    0   14  756.55431  569.36109  24.7%     -    7s
     0     0  584.65560    0   16  756.55431  584.65560  22.7%     -    7s
     0     0  594.92277    0   45  756.55431  594.92277  21.4%     -    7s
     0     0  594.92277    0   40  756.55431  594.92277  21.4%     -    7s
     0     2  594.92277    0   40  756.55431  594.92277  21.4%     -    7s
   215   193  626.61695   15    -  756.55431  600.83907  20.6%  13.6   10s
   302   267  643.26049   16   39  756.55431  601.43405  20.5%  13.9   17s
Warning: Completing partial solution with 827 unfixed non-continuous variables out of 900
H  329   298                     707.2472603  601.43405  15.0%  14.4   22s
   423   384  648.73328   24   42  707.24726  602.78356  14.8%  14.7   30s
   485   431  658.13409   27    -  707.24726  606.85008  14.2%  14.6   36s
Warning: Completing partial solution with 827 unfixed non-continuous variables out of 900
H  486   432                     675.2157531  606.85008  10.1%  14.6   36s
   688   614  633.24001   23   44  675.21575  607.29524  10.1%  14.3   40s
   960   828  645.31053   52   38  675.21575  607.32783  10.1%  12.5   47s
  1025   857  647.24523   58   27  675.21575  607.32783  10.1%  12.5   52s
Warning: Completing partial solution with 827 unfixed non-continuous variables out of 900
H 1081   908                     673.4652651  607.32783  9.82%  12.2   53s
  1208  1027  625.85640    9   26  673.46527  607.32783  9.82%  12.0   60s
  1296  1114  630.35457   27   14  673.46527  607.32783  9.82%  11.7   72s
  1463  1235  656.69147   46   33  673.46527  607.32783  9.82%  11.4   76s
  1553  1334  664.06290   59   20  673.46527  607.32783  9.82%  11.3   91s
Warning: Completing partial solution with 827 unfixed non-continuous variables out of 900
H 1642  1335                     672.6776609  607.32783  9.71%  11.0   91s
  1910  1494  621.98024    8   40  672.67766  610.93905  9.18%  10.7   97s
H 1917  1423                     672.5288850  612.58524  8.91%  10.7   99s
  1926  1429  624.67235   10   65  672.52889  613.14698  8.83%  10.7  100s
  2010  1493  615.48253   22   53  672.52889  613.20084  8.82%  11.6  105s
  2093  1546  621.44820   28   33  672.52889  613.20084  8.82%  11.8  111s
  2122  1588  623.61644   31   46  672.52889  613.20084  8.82%  11.8  125s
  2230  1634  632.55572   37   26  672.52889  613.20084  8.82%  12.1  134s
  2292  1697  630.88586   42   31  672.52889  613.20084  8.82%  12.2  135s
  2412  1753  639.30531   48   29  672.52889  613.20084  8.82%  12.2  140s
  2536  1776  641.50204   54   34  672.52889  613.20084  8.82%  12.3  145s
  2606  1830  641.82994   57   27  672.52889  613.21957  8.82%  12.4  153s
  2819  1950  655.75280   67   24  672.52889  613.49710  8.78%  12.4  160s
  2899  1985  645.63658   69   41  672.52889  613.49710  8.78%  12.3  169s
H 2942  1733                     650.6532456  613.50582  5.71%  12.2  169s
  3190  1859  635.99526   55   17  650.65325  613.50582  5.71%  12.0  172s
H 3255  1809                     647.8445833  613.50582  5.30%  12.0  172s
  3397  1881  639.73324   80   32  647.84458  613.61445  5.28%  11.8  180s
  3477  1925  640.06936   86   28  647.84458  614.73447  5.11%  11.7  193s
  3747  2071  630.30649   36   10  647.84458  614.73447  5.11%  11.9  197s
  3977  2123  644.58175   60   12  647.84458  614.87190  5.09%  11.9  202s
  4200  2266  631.40171   39   48  647.84458  614.87190  5.09%  11.8  210s
  4808  2462  629.75991   25   14  647.84458  615.89272  4.93%  11.5  215s
  6179  3243  633.66583   57   17  647.84458  616.48051  4.84%  11.2  223s
  7236  3895     cutoff   33       647.84458  617.42329  4.70%  11.1  227s
  7586  4207     cutoff   38       647.84458  617.42329  4.70%  11.1  231s
  9007  5314  639.60573   67   22  647.84458  617.82598  4.63%  11.1  235s
 10233  6178  642.53268   63   24  647.84458  618.44628  4.54%  10.8  240s
 12377  7522  627.51453   31   27  647.84458  619.20141  4.42%  10.8  247s
 14662  9165  635.50306   34   67  647.84458  619.88615  4.32%  10.7  256s
 15244  9667  628.16989   28   48  647.84458  619.95202  4.31%  10.7  260s
 16001 10032  634.20840   29   28  647.84458  620.05639  4.29%  10.6  269s
 16521 10086  641.97864   61   20  647.84458  620.09560  4.28%  10.7  271s
 21272 13753  643.16268   60   29  647.84458  621.15193  4.12%  10.4  276s
 23151 14906  633.53714   36   54  647.84458  621.43783  4.08%  10.3  281s
 25688 16478  627.63139   29   17  647.84458  622.05699  3.98%  10.4  286s
 30851 19335  639.70903   29   53  647.84458  622.77763  3.87%  10.4  292s
 33427 20795  631.73270   38   23  647.84458  623.18753  3.81%  10.4  296s
 36370 22238     cutoff   41       647.84458  623.70898  3.73%  10.5  332s
 37984 23098  626.74860   30   48  647.84458  623.91953  3.69%  10.5  336s
 38739 23531     cutoff   46       647.84458  623.96653  3.69%  10.5  340s
 41163 24662  633.31680   24   58  647.84458  624.28792  3.64%  10.5  345s
 41600 24727  632.92363   37  648  647.84458  624.36173  3.62%  10.5  350s
 42466 25075  640.76241   50  181  647.84458  624.36173  3.62%  11.1  355s
 47018 26271  647.70531   45  263  647.84458  624.36173  3.62%  13.1  374s
 47587 26398  635.77667   41  493  647.84458  624.36173  3.62%  13.3  375s
 49939 26747  644.52770   48  249  647.84458  624.36173  3.62%  14.2  380s
 52283 26916     cutoff   51       647.84458  624.36173  3.62%  15.0  385s
 61033 27865  645.75246   50  126  647.84458  624.78592  3.56%  17.2  390s
 71823 28248     cutoff   59       647.84458  627.08911  3.20%  19.1  395s
 78075 28284  641.34537   46  677  647.84458  628.19685  3.03%  19.9  400s
 85239 28359  646.29670   44  246  647.84458  629.42911  2.84%  20.7  406s
 87582 28902     cutoff   85       647.84458  629.70178  2.80%  21.0  412s
 91834 28767     cutoff   54       647.84458  630.30338  2.71%  21.3  415s
 94606 28884  635.98399   43  122  647.84458  630.59125  2.66%  21.6  420s
 102745 29037  633.92288   47  226  647.84458  631.40556  2.54%  22.1  425s
*104699 27497              74     647.6062902  631.50635  2.49%  22.2  427s
 108599 27050 infeasible   47       647.60629  631.93175  2.42%  22.3  431s
 110928 26675  638.75363   47  473  647.60629  632.17333  2.38%  22.4  435s
H110976 26307                     647.6062898  632.17603  2.38%  22.4  436s
 113072 26848     cutoff   44       647.60629  632.33618  2.36%  22.4  440s
 118423 28178  638.85509   55  238  647.60629  632.82439  2.28%  22.4  445s
 124483 29383     cutoff   50       647.60629  633.38427  2.20%  22.5  450s
 125950 29799  642.11500   43  124  647.60629  633.47187  2.18%  22.5  455s
 129414 30460 infeasible   47       647.60629  633.73102  2.14%  22.6  461s
 132876 31202     cutoff   54       647.60629  633.96565  2.11%  22.6  465s
 139535 32526  646.46368   57  509  647.60629  634.45480  2.03%  22.7  470s
 143622 33142  640.62143   46  461  647.60629  634.73406  1.99%  22.7  483s
 145938 33510     cutoff   52       647.60629  634.89433  1.96%  22.7  485s
 151765 34431  643.49480   49  244  647.60629  635.19756  1.92%  22.8  490s
 158081 35412  644.22451   58  228  647.60629  635.58321  1.86%  22.8  495s
 163143 36289     cutoff   59       647.60629  635.81798  1.82%  22.8  501s
 166648 36930  645.20603   51  196  647.60629  635.97454  1.80%  22.7  508s
 168931 37361  636.51947   41  119  647.60629  636.04439  1.79%  22.8  510s
 176058 38444     cutoff   47       647.60629  636.36294  1.74%  22.8  517s
 179853 38875  642.60855   44  640  647.60629  636.54159  1.71%  22.8  520s
 185345 39622  643.96652   48  527  647.60629  636.76881  1.67%  22.8  528s
 188439 39796     cutoff   58       647.60629  636.90167  1.65%  22.8  530s
 196679 40679  638.47069   53  171  647.60629  637.24436  1.60%  22.9  535s
 199894 41022  644.56410   51  544  647.60629  637.35122  1.58%  22.8  541s
 205987 41640 infeasible   48       647.60629  637.56211  1.55%  22.9  545s
 206818 41707  643.35843   49  192  647.60629  637.59119  1.55%  22.9  558s
 208343 41848  640.99726   52  177  647.60629  637.64892  1.54%  22.9  565s
 213216 42260  645.11640   51  201  647.60629  637.81373  1.51%  22.9  570s
 220613 42898     cutoff   58       647.60629  638.07436  1.47%  22.9  576s
 225084 43256  640.76474   47  666  647.60629  638.23305  1.45%  22.9  580s
 227692 43402 infeasible   48       647.60629  638.31089  1.44%  22.9  585s
 233837 43622  643.38900   49  226  647.60629  638.54289  1.40%  22.9  590s
 237010 43801     cutoff   49       647.60629  638.63873  1.38%  22.9  595s
 244417 44163  643.15718   45  486  647.60629  638.88176  1.35%  23.0  600s
 248971 44390  642.22062   53  515  647.60629  638.99400  1.33%  23.0  605s
 253262 44542  643.44013   42  207  647.60629  639.13533  1.31%  23.0  610s
 257163 44686  647.17858   63  219  647.60629  639.23531  1.29%  23.0  615s
 262515 44935     cutoff   45       647.60629  639.37584  1.27%  23.0  620s
 270644 44968 infeasible   56       647.60629  639.59489  1.24%  23.0  625s
 277001 44890  646.46696   51  364  647.60629  639.78077  1.21%  23.1  630s
 283641 44816     cutoff   61       647.60629  639.96021  1.18%  23.1  635s
 289400 44692 infeasible   65       647.60629  640.10889  1.16%  23.1  640s
 295711 44481  642.61814   57  243  647.60629  640.29532  1.13%  23.1  645s
 300907 44152  645.65627   44  435  647.60629  640.44388  1.11%  23.2  650s
 306816 43911  645.02850   60  191  647.60629  640.60999  1.08%  23.2  655s
 312942 43586     cutoff   56       647.60629  640.77683  1.05%  23.2  660s
 318649 42991  642.53077   43  466  647.60629  640.94998  1.03%  23.3  665s
 324887 42577  646.86056   68  199  647.60629  641.11451  1.00%  23.3  670s
 330882 42065  642.74601   59  205  647.60629  641.27131  0.98%  23.3  675s
 336051 41465  641.78562   53  184  647.60629  641.41393  0.96%  23.3  680s
 337967 41409     cutoff   52       647.60629  641.45483  0.95%  23.3  690s
 344006 40804  643.13366   49  619  647.60629  641.61113  0.93%  23.3  695s
 349502 40093  642.92175   54  243  647.60629  641.74729  0.90%  23.4  700s
 354649 39362 infeasible   59       647.60629  641.89288  0.88%  23.4  705s
 360708 38608     cutoff   58       647.60629  642.05295  0.86%  23.4  710s
 366791 37527  647.49823   54  149  647.60629  642.24065  0.83%  23.4  715s
 370635 37031  644.76792   59  228  647.60629  642.34158  0.81%  23.4  720s
 377043 36098     cutoff   49       647.60629  642.50639  0.79%  23.4  725s
 382372 35204     cutoff   54       647.60629  642.65049  0.77%  23.5  730s
 388032 33948  643.70794   56   91  647.60629  642.81494  0.74%  23.5  735s
 393398 32766     cutoff   58       647.60629  642.98239  0.71%  23.5  740s
 398723 31550     cutoff   54       647.60629  643.14154  0.69%  23.5  745s
 404007 30291  645.89039   56  202  647.60629  643.30036  0.66%  23.5  750s
 410099 28609  647.55018   51   39  647.60629  643.49965  0.63%  23.5  755s
 415220 27256 infeasible   57       647.60629  643.65736  0.61%  23.6  760s
 420428 25520     cutoff   52       647.60629  643.83863  0.58%  23.6  765s
 424913 24043  646.65512   58  226  647.60629  644.01221  0.55%  23.6  770s
 430350 22094 infeasible   57       647.60629  644.22846  0.52%  23.6  775s
 435764 20049     cutoff   53       647.60629  644.45606  0.49%  23.6  780s
 441216 17868     cutoff   56       647.60629  644.68975  0.45%  23.6  785s
 447408 15410     cutoff   60       647.60629  644.98839  0.40%  23.6  790s
 452875 13105 infeasible   45       647.60629  645.31552  0.35%  23.6  795s
 457346 10388 infeasible   52       647.60629  645.62963  0.31%  23.5  800s
 463038  7097  647.25004   51  131  647.60629  646.08913  0.23%  23.5  805s
 468686  3366  647.42927   52  190  647.60629  646.64402  0.15%  23.4  810s

Cutting planes:
  Gomory: 12
  Flow cover: 4
  Zero half: 12
  RLT: 2
  Lazy constraints: 2501

Explored 473538 nodes (11044525 simplex iterations) in 813.81 seconds (455.23 work units)
Thread count was 8 (of 18 available processors)

Solution count 10: 647.606 647.606 647.845 ... 756.554

Optimal solution found (tolerance 1.00e-04)
Best objective 6.476062897956e+02, best bound 6.476062897956e+02, gap 0.0000%

User-callback calls 953687, time in user-callback 469.89 sec
### START EXACT APPROACH ###
ProblemVariant: 5
### START PREPROCESSING ###
## Start infeasible path procedure ## 
Deleted arcs: 8
Infeasible tail paths: 0
Infeasible 2-node combinations: 4
## Start extended infeasible path procedure ##
Deleted arcs: 8
Infeasible tail paths: 0
Infeasible 2-node combinations: 4
## Start start solution procedure ##
Start solution with 6 Vehicles and total costs 756.554 in 5.33188 s.
### END PREPROCESSING ###
Route 0 0-2-5-1-6-3-0 : weight util 0.861111 | volume util 0.829378 | infeasible with packing heuristic | feasible with CP model
Route 1 0-4-24-25-29-27-28-26-0 : weight util 0.655556 | volume util 0.857533 | infeasible with packing heuristic | feasible with CP model
Route 2 0-18-19-20-22-0 : weight util 0.211111 | volume util 0.695156 | infeasible with packing heuristic | feasible with CP model
Route 3 0-21-14-9-12-11-10-0 : weight util 0.694444 | volume util 0.820933 | infeasible with packing heuristic | feasible with CP model
Route 4 0-23-8-17-7-13-16-15-0 : weight util 0.411111 | volume util 0.816756 | infeasible with packing heuristic | feasible with CP model
