
Gurobi 12.0.1 (win64, C++) logging started Tue Apr 22 09:31:02 2025

Set parameter Username
Set parameter LicenseID to value 2618655
Academic license - for non-commercial use only - expires 2026-02-05
Set parameter Threads to value 8
Set parameter LazyConstraints to value 1
Set parameter PreCrush to value 1
Set parameter Seed to value 0
Set parameter Cuts to value -1
Set parameter TimeLimit to value 28800
Set parameter NumericFocus to value 0
Set parameter SolutionLimit to value 10000
Gurobi Optimizer version 12.0.1 build v12.0.1rc0 (win64 - Windows Server 2022.0 (20348.2))

CPU model: AMD EPYC 7513 32-Core Processor, instruction set [SSE2|AVX|AVX2]
Thread count: 18 physical cores, 18 logical processors, using up to 8 threads

Non-default parameters:
SolutionLimit  10000
TimeLimit  28800
PreCrush  1
Threads  8
LazyConstraints  1

Optimize a model with 263 rows, 484 columns and 1404 nonzeros
Model fingerprint: 0xd61e50b3
Variable types: 0 continuous, 484 integer (484 binary)
Coefficient statistics:
  Matrix range     [1e+00, 1e+00]
  Objective range  [3e+00, 8e+01]
  Bounds range     [1e+00, 1e+00]
  RHS range        [1e+00, 6e+00]
Presolve removed 9 rows and 25 columns
Presolve time: 0.00s
Presolved: 254 rows, 459 columns, 1350 nonzeros
Variable types: 0 continuous, 459 integer (459 binary)

Root relaxation: objective 3.141366e+02, 68 iterations, 0.00 seconds (0.00 work units)

    Nodes    |    Current Node    |     Objective Bounds      |     Work
 Expl Unexpl |  Obj  Depth IntInf | Incumbent    BestBd   Gap | It/Node Time

     0     0  314.13662    0    8          -  314.13662      -     -    1s
     0     0  319.15945    0    -          -  319.15945      -     -    1s
     0     0  348.44016    0   22          -  348.44016      -     -    1s
     0     0  352.08590    0    -          -  352.08590      -     -    2s
     0     0  361.82348    0    -          -  361.82348      -     -    2s
     0     0  362.94600    0    -          -  362.94600      -     -    2s
     0     0  366.68738    0    -          -  366.68738      -     -    2s
     0     0  368.29748    0   38          -  368.29748      -     -    2s
     0     0  368.29748    0   22          -  368.29748      -     -    2s
     0     2  368.29748    0   18          -  368.29748      -     -    2s
    19    23  377.66056    3   54          -  376.73666      -  25.2    8s
    81    84  379.93260    8   18          -  377.80698      -  22.7   11s
   183   180  382.76557   17   31          -  377.80698      -  21.4   15s
H  212   196                     516.1999706  377.80698  26.8%  20.7   17s
   338   335  386.47171   37   48  516.19997  377.80698  26.8%  17.9   20s
   443   420  388.30326   46   45  516.19997  377.80698  26.8%  15.8   26s
   681   631  401.00774   57    8  516.19997  379.95093  26.4%  14.0   32s
   768   718  420.35592   59   36  516.19997  380.20546  26.3%  14.3   36s
   906   845  434.48686   64   31  516.19997  380.20546  26.3%  14.0   43s
   982   885  455.65425   67   28  516.19997  380.20546  26.3%  13.5   47s
  1095   989  492.58055   77   21  516.19997  380.47248  26.3%  13.3   51s
  1226  1076  493.17856   82    6  516.19997  380.47248  26.3%  12.9   57s
H 1268  1028                     486.8028354  380.47248  21.8%  12.8   59s
  1318  1064     cutoff   84       486.80284  380.47248  21.8%  12.9   63s
  1389  1113  402.12635   28   33  486.80284  380.47248  21.8%  12.9   68s
  1454  1163  445.41285   34   24  486.80284  380.47248  21.8%  12.9   75s
  1614  1294  391.59641   25   18  486.80284  381.23509  21.7%  12.8   80s
  1796  1389  392.07574   14  383  486.80284  381.23509  21.7%  12.5   85s
H 1796  1319                     453.1784132  381.23509  15.9%  12.5   85s
  1895  1397  387.92151   19  357  453.17841  382.36652  15.6%  14.5   91s
  1956  1448  394.35663   22    -  453.17841  382.36652  15.6%  14.8   98s
  2006  1460  399.08140   25  331  453.17841  382.36652  15.6%  15.0  102s
  2059  1453  425.65647   30   92  453.17841  382.36652  15.6%  15.1  105s
  2143  1495  412.20392   30  249  453.17841  382.46499  15.6%  15.6  112s
  2185  1510  421.83374   31  230  453.17841  382.46499  15.6%  15.9  115s
  2274  1569  429.66371   36    -  453.17841  382.46499  15.6%  16.5  120s
  2403  1610  383.27234   19  402  453.17841  382.46499  15.6%  16.8  125s
  2455  1634  384.47504   21  315  453.17841  382.46499  15.6%  17.2  130s
  2674  1724  397.90858   32  346  453.17841  383.60807  15.4%  17.6  137s
  2856  1815  436.92546   44    -  453.17841  383.67871  15.3%  18.0  141s
  3093  1879  444.51414   32  194  453.17841  383.85983  15.3%  18.0  146s
  3249  1952  430.57555   35  311  453.17841  384.22676  15.2%  18.0  152s
  3342  1976  397.69162   17  305  453.17841  385.24179  15.0%  18.0  155s
  3438  2012  416.97959   27    -  453.17841  385.24179  15.0%  18.0  166s
  3548  2032 infeasible   34       453.17841  385.24179  15.0%  17.9  171s
  3643  2083  398.55835   27  278  453.17841  385.24179  15.0%  18.0  179s
  3736  2137  423.90993   40  342  453.17841  385.94968  14.8%  18.0  182s
  3867  2174  392.47635   23  233  453.17841  385.94968  14.8%  18.0  187s
  3956  2224  431.72619   30  306  453.17841  386.67541  14.7%  18.1  190s
  4070  2226  392.60343   20  340  453.17841  386.67541  14.7%  18.1  195s
  4261  2318  424.45263   39  238  453.17841  386.85880  14.6%  18.1  204s
  4381  2379 infeasible   47       453.17841  386.85880  14.6%  18.1  210s
  4724  2472  396.28131   20  151  453.17841  387.88466  14.4%  18.0  217s
  4847  2500  414.69141   28  121  453.17841  387.88466  14.4%  18.3  223s
  4980  2520  442.46118   39   15  453.17841  388.41434  14.3%  18.4  230s
  5126  2518  408.98762   27  269  453.17841  388.55082  14.3%  18.4  245s
  5608  2631  401.38070   23  244  453.17841  389.01457  14.2%  18.3  251s
  5865  2873  404.65703   21  302  453.17841  389.01457  14.2%  18.2  255s
  6384  3174  417.23304   28  245  453.17841  389.74962  14.0%  18.1  267s
  6588  3324  417.68895   32  287  453.17841  389.76386  14.0%  18.3  273s
  6812  3488  408.84846   27  291  453.17841  389.78117  14.0%  18.4  284s
  7060  3627  430.40293   34  338  453.17841  390.10907  13.9%  18.4  286s
  7324  3806  438.13987   46  250  453.17841  390.31440  13.9%  18.4  291s
  7865  4138  408.01657   32  385  453.17841  390.68603  13.8%  18.3  299s
  8144  4282  444.80933   34  112  453.17841  391.02284  13.7%  18.3  303s
  8419  4469  404.27681   22  174  453.17841  391.24674  13.7%  18.3  316s
  8749  4697  424.60030   30  289  453.17841  391.42043  13.6%  18.2  322s
  9005  4870  449.27992   34  132  453.17841  391.42099  13.6%  18.4  328s
  9324  5014  403.25396   26  178  453.17841  391.77754  13.5%  18.4  334s
  9481  5024  419.56266   36  198  453.17841  391.94409  13.5%  18.4  340s
  9715  5187  408.12475   25  347  453.17841  392.03702  13.5%  18.5  347s
  9919  5358  427.02160   29  252  453.17841  392.10699  13.5%  18.4  351s
 10545  5697  399.32330   28  329  453.17841  392.53988  13.4%  18.6  365s
 10907  5870  409.49816   26  304  453.17841  392.75355  13.3%  18.7  370s
 11205  5942  414.73042   30  350  453.17841  392.89650  13.3%  18.7  376s
 11285  6139  415.07265   31  305  453.17841  392.89650  13.3%  18.7  380s
 11613  6249  445.74082   44  216  453.17841  393.03702  13.3%  18.7  385s
 11909  6457  439.84678   28  275  453.17841  393.11303  13.3%  18.8  394s
 12239  6690  445.00084   29  204  453.17841  393.40853  13.2%  19.0  400s
 12665  6906  399.51498   26  245  453.17841  393.54667  13.2%  19.0  418s
 12966  7005  444.39587   34  158  453.17841  393.72825  13.1%  19.2  423s
 13052  7015  449.82103   38  136  453.17841  393.72825  13.1%  19.2  429s
 13124  7169 infeasible   31       453.17841  393.72825  13.1%  19.2  431s
 13537  7382  441.99526   29  317  453.17841  393.74814  13.1%  19.3  438s
 13953  7629  410.23854   25  245  453.17841  393.95444  13.1%  19.4  440s
 14359  7912  406.76946   23  242  453.17841  394.13948  13.0%  19.4  446s
 14867  7952  408.52137   33  222  453.17841  394.20767  13.0%  19.5  460s
 15825  8779  431.52870   31  312  453.17841  394.64574  12.9%  19.6  478s
 16376  9104  397.28395   20  341  453.17841  394.84104  12.9%  19.7  486s
 16943  9404  418.81907   23  145  453.17841  394.89031  12.9%  19.6  499s
 17625  9736  398.34594   26  344  453.17841  395.23264  12.8%  19.6  517s
 17898  9749  436.75209   42  340  453.17841  395.26071  12.8%  19.6  522s
 18183 10098  420.68880   29  269  453.17841  395.38255  12.8%  19.6  528s
 18744 10432  433.38764   33  252  453.17841  395.42367  12.7%  19.8  540s
 19299 10451  413.00534   22  239  453.17841  395.61221  12.7%  19.8  549s
 19376 10796  441.97097   35  302  453.17841  395.61221  12.7%  19.8  551s
 20032 11119  421.84898   32  298  453.17841  395.87071  12.6%  19.8  562s
 20653 11486  404.99614   29  188  453.17841  396.06491  12.6%  19.9  570s
 21335 11863  432.71319   28  348  453.17841  396.33015  12.5%  19.8  577s
 22055 12272  405.63518   25  284  453.17841  396.45382  12.5%  19.9  595s
 22781 12648  397.20946   31  345  453.17841  396.64033  12.5%  20.0  602s
 23474 13062  413.42462   32  167  453.17841  396.80408  12.4%  20.0  609s
 23950 13075  420.90900   25  165  453.17841  396.82873  12.4%  20.0  616s
 24249 13416  411.15290   31  152  453.17841  397.00510  12.4%  20.0  623s
*24600 11987              35     444.6051857  397.00519  10.7%  20.0  638s
 24875 11972  432.67002   33  342  444.60519  397.15767  10.7%  20.0  642s
 24935 12027  403.37138   30  366  444.60519  397.20676  10.7%  20.0  645s
 25805 12721  436.76028   30  301  444.60519  397.50840  10.6%  20.1  655s
 26505 13044  422.82565   27  313  444.60519  397.62754  10.6%  20.1  670s
 27228 13319  434.17062   30  333  444.60519  397.82973  10.5%  20.2  680s
 27582 13323  433.20017   34  301  444.60519  397.82973  10.5%  20.2  685s
H28531 13356                     443.4923180  398.08538  10.2%  20.3  692s
 28595 13668     cutoff   35       443.49232  398.08676  10.2%  20.3  695s
 29279 13950  413.90675   25  330  443.49232  398.25768  10.2%  20.4  706s
 30559 14431  414.07508   27  354  443.49232  398.51832  10.1%  20.4  718s
 31030 14711  405.62943   25  303  443.49232  398.67064  10.1%  20.4  722s
 31700 14925 infeasible   51       443.49232  398.86096  10.1%  20.5  731s
 32260 15120  441.76598   47  310  443.49232  398.97672  10.0%  20.5  740s
 33945 15973  436.08439   28  141  443.49232  399.35488  10.0%  20.8  746s
 34454 15993  430.97798   29  265  443.49232  399.44525  9.93%  20.8  751s
*34544 11933              32     431.2625506  399.52387  7.36%  20.8  752s
 35841 12353     cutoff   40       431.26255  399.74341  7.31%  21.0  756s
*36278 11496              35     428.5259856  399.88519  6.68%  21.0  759s
 36915 11607  415.71671   23  144  428.52599  400.01957  6.65%  21.0  760s
 38624 11982  427.76695   27  305  428.52599  400.46634  6.55%  21.2  766s
 39876 12237  426.85924   28  169  428.52599  400.74499  6.48%  21.3  770s
 41655 12701  426.26089   38  223  428.52599  401.23923  6.37%  21.4  775s
 42766 12910 infeasible   28       428.52599  401.50259  6.31%  21.5  780s
 43868 13141  412.58381   30  136  428.52599  401.80277  6.24%  21.6  789s
 44482 13306  417.88624   25  326  428.52599  401.98118  6.19%  21.6  791s
 45164 13440 infeasible   26       428.52599  402.14504  6.16%  21.6  796s
 47500 13912     cutoff   30       428.52599  402.58687  6.05%  21.8  800s
 49465 14344  425.05335   30  154  428.52599  402.86578  5.99%  21.8  805s
 50551 14522     cutoff   32       428.52599  403.04402  5.95%  21.9  810s
 53894 15215  416.21221   24  124  428.52599  403.71438  5.79%  22.1  816s
 56689 15722  424.89132   28  323  428.52599  404.16133  5.69%  22.2  820s
 59031 16100  421.97066   31  260  428.52599  404.47508  5.61%  22.3  826s
 60261 16274  413.14865   29  262  428.52599  404.65743  5.57%  22.3  831s
H62064 15979                     427.5637664  404.95288  5.29%  22.4  834s
 62391 16138  411.35363   30  335  427.56377  405.01428  5.27%  22.4  835s
 63683 16328     cutoff   28       427.56377  405.19177  5.23%  22.5  840s
 66222 16610     cutoff   25       427.56377  405.57071  5.14%  22.6  845s
 66656 16680 infeasible   36       427.56377  405.63556  5.13%  22.6  854s
 67194 16754  411.62906   27  300  427.56377  405.73494  5.11%  22.6  855s
 70274 17083  418.08482   28  256  427.56377  406.13584  5.01%  22.7  860s
 71567 17213  420.32255   32  251  427.56377  406.34114  4.96%  22.7  866s
 73298 17362     cutoff   28       427.56377  406.54482  4.92%  22.8  870s
 75656 17646  411.52040   30  332  427.56377  406.83873  4.85%  22.8  876s
 77765 17937  415.33575   21  182  427.56377  407.14013  4.78%  22.8  880s
 80563 18184  425.96411   33  181  427.56377  407.50953  4.69%  22.9  885s
 84123 18519  425.21014   30  148  427.56377  407.96268  4.58%  22.9  890s
 86537 18712  413.60266   29  207  427.56377  408.28483  4.51%  23.0  895s
 87707 18833  415.71457   28  172  427.56377  408.42688  4.48%  23.0  903s
 88254 18896     cutoff   36       427.56377  408.47385  4.46%  23.0  905s
 90757 19047  419.25229   25  343  427.56377  408.75191  4.40%  23.0  910s
 93688 19276     cutoff   32       427.56377  409.08295  4.32%  23.1  915s
 96518 19374  417.32159   29  268  427.56377  409.37651  4.25%  23.1  921s
 98193 19429 infeasible   36       427.56377  409.58135  4.21%  23.1  925s
 100732 19601  418.56052   29  350  427.56377  409.83011  4.15%  23.1  930s
 103772 19707  411.93744   32  184  427.56377  410.10594  4.08%  23.1  935s
 104981 19782  423.82290   34  271  427.56377  410.22675  4.05%  23.1  940s
 108255 19847  426.20820   30  217  427.56377  410.55227  3.98%  23.1  946s
 111257 19976  416.20222   25  166  427.56377  410.89054  3.90%  23.2  950s
 114404 20032  420.63065   31  259  427.56377  411.17686  3.83%  23.2  955s
 116643 20126  423.60302   30  325  427.56377  411.36370  3.79%  23.2  961s
 117815 20168     cutoff   26       427.56377  411.49320  3.76%  23.2  965s
 120501 20159  424.49318   37  191  427.56377  411.73294  3.70%  23.2  970s
 121881 20116     cutoff   30       427.56377  411.84212  3.68%  23.2  976s
 124477 20048  418.53089   33  326  427.56377  412.11562  3.61%  23.2  981s
 126981 19999  420.40082   27  312  427.56377  412.38545  3.55%  23.3  985s
 129132 19978  421.60733   32  322  427.56377  412.54099  3.51%  23.3  991s
 131274 19928  420.03463   40  276  427.56377  412.75458  3.46%  23.3  995s
 134599 19771  424.17849   31  183  427.56377  413.07452  3.39%  23.3 1000s
 137794 19682  425.79716   32  323  427.56377  413.36351  3.32%  23.3 1006s
 140433 19527  422.93623   31  385  427.56377  413.63084  3.26%  23.3 1010s
 142898 19350 infeasible   29       427.56377  413.85002  3.21%  23.3 1015s
 145459 19190  426.47796   35  280  427.56377  414.10445  3.15%  23.3 1020s
 148567 18931     cutoff   31       427.56377  414.38931  3.08%  23.3 1025s
 151967 18586  421.34569   31  319  427.56377  414.73504  3.00%  23.3 1031s
 154467 18335  425.69257   32  375  427.56377  414.98400  2.94%  23.3 1035s
 157127 18065  423.81274   38  368  427.56377  415.23217  2.88%  23.3 1040s
 160617 17635 infeasible   37       427.56377  415.56399  2.81%  23.3 1045s
 164005 17358     cutoff   33       427.56377  415.89065  2.73%  23.3 1051s
 165253 17108  425.40245   33  328  427.56377  415.97620  2.71%  23.3 1055s
 168341 16691  423.07528   31  290  427.56377  416.31171  2.63%  23.2 1060s
 170450 16410     cutoff   34       427.56377  416.51868  2.58%  23.2 1065s
 172839 16022  425.01869   43  131  427.56377  416.72886  2.53%  23.2 1070s
 176034 15460  425.43302   32  170  427.56377  417.09749  2.45%  23.2 1075s
 178344 14976 infeasible   30       427.56377  417.34674  2.39%  23.2 1080s
 180762 14476  423.64424   34  291  427.56377  417.64347  2.32%  23.2 1085s
 183243 13954  419.71835   30  328  427.56377  417.88650  2.26%  23.1 1090s
 185826 13349 infeasible   33       427.56377  418.16541  2.20%  23.1 1095s
 189100 12738     cutoff   37       427.56377  418.60492  2.10%  23.1 1101s
 190684 12105     cutoff   33       427.56377  418.79067  2.05%  23.1 1105s
 193316 11360     cutoff   38       427.56377  419.06620  1.99%  23.0 1110s
 195888 10580     cutoff   31       427.56377  419.43782  1.90%  23.0 1115s
 197811  9993  425.54819   35  271  427.56377  419.70049  1.84%  23.0 1120s
 200363  9048     cutoff   35       427.56377  420.15667  1.73%  23.0 1125s
 203004  7969  422.53352   28  172  427.56377  420.64450  1.62%  23.0 1130s
 206462  6758     cutoff   27       427.56377  421.28885  1.47%  22.9 1135s
 209316  4878     cutoff   25       427.56377  422.22626  1.25%  22.9 1141s
 212148  3105  426.29901   28  272  427.56377  423.26403  1.01%  22.8 1146s
 215173   792 infeasible   30       427.56377  425.19887  0.55%  22.7 1150s

Cutting planes:
  Gomory: 7
  Flow cover: 1
  Zero half: 3
  RLT: 1
  Lazy constraints: 5151

Explored 216986 nodes (4900703 simplex iterations) in 1152.00 seconds (507.85 work units)
Thread count was 8 (of 18 available processors)

Solution count 8: 427.564 428.526 431.263 ... 516.2

Optimal solution found (tolerance 1.00e-04)
Best objective 4.275637664265e+02, best bound 4.275637664265e+02, gap 0.0000%

User-callback calls 459040, time in user-callback 843.24 sec
### START EXACT APPROACH ###
ProblemVariant: 1
### START PREPROCESSING ###
## Start infeasible path procedure ## 
Deleted arcs: 3
Infeasible tail paths: 9
Infeasible 2-node combinations: 1
## Start extended infeasible path procedure ##
Deleted arcs: 3
Infeasible tail paths: 9
Infeasible 2-node combinations: 1
## Start start solution procedure ##
### END PREPROCESSING ###
Route 0 0-6-1-2-7-5-9-0 : weight util 0.933333 | volume util 0.675956 | infeasible with packing heuristic | feasible with CP model
Route 1 0-10-8-3-4-0 : weight util 0.483333 | volume util 0.617800 | infeasible with packing heuristic | feasible with CP model
Route 2 0-12-15-18-20-17-0 : weight util 0.983333 | volume util 0.726644 | infeasible with packing heuristic | feasible with CP model
Route 3 0-13-11-0 : weight util 0.416667 | volume util 0.277289 | feasible with packing heuristic | feasible with CP model
Route 4 0-16-19-21-14-0 : weight util 0.933333 | volume util 0.637111 | infeasible with packing heuristic | feasible with CP model
