
Gurobi 12.0.1 (win64, C++) logging started Fri Apr 18 08:21:55 2025

Set parameter Username
Set parameter LicenseID to value 2618661
Academic license - for non-commercial use only - expires 2026-02-05
Set parameter Threads to value 8
Set parameter LazyConstraints to value 1
Set parameter PreCrush to value 1
Set parameter Seed to value 10
Set parameter Cuts to value -1
Set parameter TimeLimit to value 28800
Set parameter NumericFocus to value 0
Set parameter SolutionLimit to value 10000
Gurobi Optimizer version 12.0.1 build v12.0.1rc0 (win64 - Windows Server 2022.0 (20348.2))

CPU model: AMD EPYC 7513 32-Core Processor, instruction set [SSE2|AVX|AVX2]
Thread count: 18 physical cores, 18 logical processors, using up to 8 threads

Non-default parameters:
SolutionLimit  10000
TimeLimit  28800
PreCrush  1
Seed  10
Threads  8
LazyConstraints  1

Optimize a model with 498 rows, 961 columns and 2792 nonzeros
Model fingerprint: 0xddc67def
Variable types: 0 continuous, 961 integer (961 binary)
Coefficient statistics:
  Matrix range     [1e+00, 1e+00]
  Objective range  [6e+00, 7e+01]
  Bounds range     [1e+00, 1e+00]
  RHS range        [1e+00, 9e+00]

Warning: Completing partial solution with 887 unfixed non-continuous variables out of 961
User MIP start produced solution with objective 879.275 (0.00s)
Loaded user MIP start with objective 879.275

Presolve removed 4 rows and 35 columns
Presolve time: 0.02s
Presolved: 494 rows, 926 columns, 2689 nonzeros
Variable types: 0 continuous, 926 integer (926 binary)

Root relaxation: objective 4.363833e+02, 126 iterations, 0.00 seconds (0.00 work units)

    Nodes    |    Current Node    |     Objective Bounds      |     Work
 Expl Unexpl |  Obj  Depth IntInf | Incumbent    BestBd   Gap | It/Node Time

     0     0  436.38334    0    -  879.27450  436.38334  50.4%     -    0s
     0     0  473.62196    0    -  879.27450  473.62196  46.1%     -    0s
     0     0  484.19292    0    -  879.27450  484.19292  44.9%     -    0s
     0     0  494.10964    0    -  879.27450  494.10964  43.8%     -    0s
     0     0  501.42444    0    -  879.27450  501.42444  43.0%     -    0s
     0     0  504.44148    0   36  879.27450  504.44148  42.6%     -    0s
     0     0  505.25387    0   46  879.27450  505.25387  42.5%     -    0s
     0     0  522.92722    0   31  879.27450  522.92722  40.5%     -    0s
     0     0  527.84071    0   40  879.27450  527.84071  40.0%     -    0s
     0     0  532.64024    0   57  879.27450  532.64024  39.4%     -    0s
     0     0  547.04237    0   62  879.27450  547.04237  37.8%     -    1s
H    0     0                     789.6163247  547.09528  30.7%     -    1s
     0     2  554.58704    0   73  789.61632  554.58704  29.8%     -    3s
    15    24  577.09808    4   99  789.61632  573.90435  27.3%   215    5s
    53    64  581.84760    7  113  789.61632  573.90435  27.3%   217   10s
    84   100  584.24445   13  108  789.61632  573.90435  27.3%   196   15s
   111   126  584.91319   14  109  789.61632  573.90435  27.3%   188   20s
   150   153  599.53431   16  103  789.61632  573.90435  27.3%   171   25s
   188   209  586.36131   23  107  789.61632  573.90435  27.3%   155   30s
Warning: Completing partial solution with 887 unfixed non-continuous variables out of 961
H  461   473                     736.6152486  573.90435  22.1%  92.1   35s
  1858  2004  613.21709  215   41  736.61525  573.90435  22.1%  43.3   41s
  2536  2465  672.52746  227   62  736.61525  573.90435  22.1%  41.3   54s
Warning: Completing partial solution with 887 unfixed non-continuous variables out of 961
  2538  2466  608.86166   64  816  736.61525  576.77528  21.7%  41.3   56s
H 2538  2466                     723.6963899  580.01732  19.9%  41.3   57s
  2541  2468  649.56462  247  835  723.69639  581.63051  19.6%  41.3   60s
  2548  2473  598.59819  126  847  723.69639  582.19551  19.6%  41.1   65s
  2674  2568  586.99106   24  824  723.69639  584.29409  19.3%  47.5   70s
Warning: Completing partial solution with 887 unfixed non-continuous variables out of 961
H 2992  2781                     690.5127559  584.29409  15.4%  57.4   74s
  3003  2777  623.75783   45  709  690.51276  584.29409  15.4%  57.8   75s
Warning: Completing partial solution with 887 unfixed non-continuous variables out of 961
H 3252  2833                     617.8419055  584.29409  5.43%  61.4   76s
  4089  3126  608.37619   35  786  617.84191  586.44488  5.08%  67.4   80s
H 4507  3052                     615.8697382  586.65149  4.74%  68.8   82s
  5360  3375  601.25498   17  787  615.86974  586.65149  4.74%  70.2   85s
  7148  3969  608.16101   34  749  615.86974  588.78576  4.40%  71.9   90s
  8417  4226     cutoff   27       615.86974  589.32285  4.31%  73.4   95s
  9860  4747  598.46306   24  794  615.86974  590.03033  4.20%  74.1  100s
 11755  5790     cutoff   38       615.86974  590.67758  4.09%  76.2  105s
 14048  7002  605.66948   38  767  615.86974  591.14446  4.01%  76.0  111s
 15888  8176  599.90563   31  684  615.86974  591.77981  3.91%  76.6  116s
 17694  8693  601.69135   28  726  615.86974  592.21521  3.84%  77.6  121s
 18617  9472  612.02788   40  697  615.86974  592.41333  3.81%  77.8  126s
 20084 10080  598.97161   35  726  615.86974  592.62349  3.77%  78.4  130s
 22037 11031  600.81525   32  743  615.86974  592.97948  3.72%  78.7  136s
 23753 11844  609.79653   30  732  615.86974  593.28112  3.67%  78.6  141s
 25142 12349  611.65794   37  745  615.86974  593.44087  3.64%  78.7  145s
*25465  9685              42     610.0033247  593.44087  2.72%  78.9  145s
 26003  9853     cutoff   25       610.00332  593.64986  2.68%  79.2  150s
 27393 10330  600.52270   28  816  610.00332  593.97513  2.63%  79.8  155s
 28675 10722  601.76990   35  666  610.00332  594.27847  2.58%  80.6  160s
 30598 11271  606.01938   35  288  610.00332  594.74274  2.50%  81.3  167s
 31897 11684  597.82301   21  810  610.00332  595.00754  2.46%  81.6  172s
 32432 11701  605.12853   33  803  610.00332  595.08377  2.45%  81.8  175s
H32439 11701                     610.0033222  595.08377  2.45%  81.8  175s
 32993 11999     cutoff   34       610.00332  595.18936  2.43%  82.2  180s
 34288 12346  609.10571   31  783  610.00332  595.42318  2.39%  82.6  185s
 35625 12697  606.09438   37  718  610.00332  595.63476  2.36%  83.0  190s
 36901 12938     cutoff   35       610.00332  595.79770  2.33%  83.5  195s
 38200 13312  608.27086   25  794  610.00332  595.99055  2.30%  83.8  201s
 39438 13653  601.46604   33  729  610.00332  596.16012  2.27%  84.0  206s
 40903 13912     cutoff   37       610.00332  596.40621  2.23%  84.3  211s
 42082 14095     cutoff   36       610.00332  596.59367  2.20%  84.7  217s
 43322 14426     cutoff   30       610.00332  596.75033  2.17%  84.9  222s
 43855 14559  608.53912   41  564  610.00332  596.80560  2.16%  85.0  225s
 45251 14809  608.02249   31  732  610.00332  596.95017  2.14%  85.2  230s
 46315 14983  603.83076   30  624  610.00332  597.06585  2.12%  85.6  236s
 47521 15148     cutoff   34       610.00332  597.21264  2.10%  85.9  242s
 48507 15315  608.46398   38  518  610.00332  597.31619  2.08%  86.4  247s
 49087 15373     cutoff   29       610.00332  597.41489  2.06%  86.5  250s
 50133 15595  604.69046   36  771  610.00332  597.52906  2.04%  86.9  256s
 51303 15835     cutoff   36       610.00332  597.66762  2.02%  87.1  262s
 51998 15908  607.83967   32  819  610.00332  597.74422  2.01%  87.2  265s
 53117 16106  609.06337   39  769  610.00332  597.87258  1.99%  87.4  271s
 54339 16358  604.51774   29  720  610.00332  597.97915  1.97%  87.6  277s
 54902 16454  602.08266   23  775  610.00332  598.06058  1.96%  87.7  280s
 56153 16592  600.78202   34  750  610.00332  598.19172  1.94%  87.8  285s
 57269 16694  604.58844   32  471  610.00332  598.32429  1.91%  88.0  292s
 57916 16770  602.29348   45  805  610.00332  598.40175  1.90%  88.1  295s
 59008 16899 infeasible   32       610.00332  598.49636  1.89%  88.2  301s
 60076 17040  606.95705   41  784  610.00332  598.62511  1.87%  88.5  307s
 60630 17141     cutoff   38       610.00332  598.67378  1.86%  88.5  310s
 61779 17237  603.67062   37  765  610.00332  598.79025  1.84%  88.7  317s
 62318 17306     cutoff   35       610.00332  598.84477  1.83%  88.9  320s
 63402 17410  609.24863   57  753  610.00332  598.96570  1.81%  89.0  327s
 63918 17486  605.02943   31  783  610.00332  599.01185  1.80%  89.1  330s
 64953 17531  608.88266   36  693  610.00332  599.13436  1.78%  89.4  337s
 65467 17566  607.06222   36  743  610.00332  599.21116  1.77%  89.5  340s
 66384 17650  607.51394   36  519  610.00332  599.31405  1.75%  89.7  347s
 66918 17708     cutoff   31       610.00332  599.36514  1.74%  89.8  350s
 67971 17788     cutoff   33       610.00332  599.45837  1.73%  90.0  357s
 68467 17820  603.22404   31  753  610.00332  599.50911  1.72%  90.1  360s
 69524 17909  608.35992   33  771  610.00332  599.62265  1.70%  90.3  367s
 70074 17915 infeasible   33       610.00332  599.66438  1.69%  90.4  371s
 71286 17993  608.66615   33  594  610.00332  599.78309  1.68%  90.5  378s
 71754 18027  604.09220   28  547  610.00332  599.80064  1.67%  90.6  381s
 72256 18024  608.13513   30  729  610.00332  599.87949  1.66%  90.7  385s
 73214 18074     cutoff   33       610.00332  599.99394  1.64%  91.0  392s
 73749 18107 infeasible   34       610.00332  600.04308  1.63%  91.0  396s
 74762 18166     cutoff   29       610.00332  600.13899  1.62%  91.2  403s
 75249 18213  605.51047   30  686  610.00332  600.19069  1.61%  91.3  406s
 75722 18240  607.04618   31  765  610.00332  600.22903  1.60%  91.4  410s
 76238 18245  608.18658   32  707  610.00332  600.25671  1.60%  91.5  415s
 76562 18255  603.82129   22  798  610.00332  600.29182  1.59%  91.6  422s
 77103 18270     cutoff   33       610.00332  600.34812  1.58%  91.6  425s
 78106 18302  605.99734   33  675  610.00332  600.45135  1.57%  91.8  433s
 78597 18345  606.04955   36  757  610.00332  600.49652  1.56%  92.0  437s
 79115 18381     cutoff   44       610.00332  600.54487  1.55%  92.0  440s
 80161 18408  609.45328   38  724  610.00332  600.64218  1.53%  92.1  448s
 80701 18378  606.61758   39  801  610.00332  600.68297  1.53%  92.1  451s
 81204 18353  606.11499   35  725  610.00332  600.73945  1.52%  92.2  457s
 82073 18391     cutoff   36       610.00332  600.81772  1.51%  92.3  463s
 82848 18354  607.42301   42  769  610.00332  600.88489  1.49%  92.4  467s
 83368 18363     cutoff   34       610.00332  600.94279  1.49%  92.5  474s
 84114 18352     cutoff   35       610.00332  600.97928  1.48%  92.6  480s
 84894 18365  605.55193   41  797  610.00332  601.04387  1.47%  92.8  487s
 85716 18349  609.90129   43  773  610.00332  601.12621  1.46%  92.9  491s
 86240 18373     cutoff   34       610.00332  601.17573  1.45%  93.0  498s
 87039 18395  602.09821   30  794  610.00332  601.24196  1.44%  93.0  502s
 87551 18386     cutoff   38       610.00332  601.28727  1.43%  93.1  506s
 88066 18373  608.77581   41  532  610.00332  601.33100  1.42%  93.1  510s
 88597 18356  603.12249   24  771  610.00332  601.39020  1.41%  93.2  516s
 89399 18305     cutoff   40       610.00332  601.44360  1.40%  93.3  522s
 90183 18232     cutoff   24       610.00332  601.50844  1.39%  93.4  528s
 90997 18225  606.16511   23  800  610.00332  601.59713  1.38%  93.5  535s
 91812 18149     cutoff   42       610.00332  601.65828  1.37%  93.6  541s
 92512 18113     cutoff   37       610.00332  601.73027  1.36%  93.7  548s
 93382 18098  609.35927   32  741  610.00332  601.81822  1.34%  93.7  554s
 93690 18098  605.09172   35  811  610.00332  601.82654  1.34%  93.7  555s
 94204 18064  608.20931   36  649  610.00332  601.87132  1.33%  93.7  561s
 95021 18038     cutoff   36       610.00332  601.95943  1.32%  93.8  568s
 95803 18041  608.19515   37  806  610.00332  602.02712  1.31%  93.9  574s
 96602 18030     cutoff   40       610.00332  602.07498  1.30%  93.9  583s
 96741 17984     cutoff   30       610.00332  602.08373  1.30%  93.9  590s
 97291 17934     cutoff   40       610.00332  602.09478  1.30%  94.0  596s
 98115 17909  605.45039   37  764  610.00332  602.19684  1.28%  94.0  604s
 98924 17832  606.64205   25  803  610.00332  602.26493  1.27%  94.1  611s
 99754 17765     cutoff   34       610.00332  602.33169  1.26%  94.2  618s
 100547 17712     cutoff   26       610.00332  602.38327  1.25%  94.3  625s
 101376 17707  608.84006   34  752  610.00332  602.46749  1.24%  94.3  634s
 101427 17652  609.75551   35  741  610.00332  602.47229  1.23%  94.3  641s
 101971 17508  608.93886   30  585  610.00332  602.52441  1.23%  94.4  649s
 102805 17461  604.38172   27  807  610.00332  602.60376  1.21%  94.5  656s
 103678 17335  606.15924   34  716  610.00332  602.68289  1.20%  94.5  664s
 104257 17335  609.02570   42  805  610.00332  602.68730  1.20%  94.6  665s
 104437 17213  607.18064   32  715  610.00332  602.74631  1.19%  94.6  672s
 105289 17131  608.47812   34  768  610.00332  602.80104  1.18%  94.7  680s
 106098 17034  609.66389   35  777  610.00332  602.86557  1.17%  94.7  687s
 106941 16925     cutoff   34       610.00332  602.94156  1.16%  94.8  695s
 107741 16811     cutoff   34       610.00332  603.02178  1.14%  94.9  703s
 108553 16653  609.83514   32  658  610.00332  603.09821  1.13%  94.9  711s
 109412 16532     cutoff   39       610.00332  603.14831  1.12%  94.9  719s
 109744 16532     cutoff   33       610.00332  603.14968  1.12%  95.0  720s
 110121 16388  608.16801   40  525  610.00332  603.21021  1.11%  95.0  727s
 110913 16237     cutoff   29       610.00332  603.30479  1.10%  95.1  735s
 111770 16089  609.74353   37  691  610.00332  603.37189  1.09%  95.1  743s
 112617 15898  608.09664   41  395  610.00332  603.46160  1.07%  95.1  751s
 113395 15718  604.26329   34  755  610.00332  603.54787  1.06%  95.2  759s
 114225 15542     cutoff   35       610.00332  603.61345  1.05%  95.2  766s
 114988 15408     cutoff   38       610.00332  603.69756  1.03%  95.3  775s
 115818 15231     cutoff   41       610.00332  603.77504  1.02%  95.3  783s
 116643 15043  608.84577   28  813  610.00332  603.86642  1.01%  95.3  791s
 117402 14812  607.36386   37  292  610.00332  603.92405  1.00%  95.4  798s
 118225 14634  604.42928   35  624  610.00332  604.02714  0.98%  95.5  806s
 119077 14478     cutoff   38       610.00332  604.07830  0.97%  95.5  815s
 119836 14289  608.30234   37  824  610.00332  604.15501  0.96%  95.5  823s
 120601 14070     cutoff   26       610.00332  604.20705  0.95%  95.6  832s
 121316 13815  606.18843   43  501  610.00332  604.29771  0.94%  95.6  840s
 122132 13622  606.40967   43  827  610.00332  604.40211  0.92%  95.7  849s
 122922 13403     cutoff   40       610.00332  604.46423  0.91%  95.7  857s
 123739 13129  607.56029   36  764  610.00332  604.54400  0.89%  95.7  866s
 124594 12892  608.11978   38  486  610.00332  604.64748  0.88%  95.8  874s
 125487 12630     cutoff   40       610.00332  604.73145  0.86%  95.7  883s
 126360 12619     cutoff   39       610.00332  604.80922  0.85%  95.7  894s
 126386 12444     cutoff   42       610.00332  604.81103  0.85%  95.7  902s
 126937 12116     cutoff   37       610.00332  604.86248  0.84%  95.6  910s
 127771 11789  607.46913   40  802  610.00332  604.95604  0.83%  95.7  918s
 128592 11498     cutoff   27       610.00332  605.06009  0.81%  95.7  927s
 129506 11193  607.74278   32  804  610.00332  605.16072  0.79%  95.6  936s
 130371 10816  606.16135   28  684  610.00332  605.26434  0.78%  95.6  944s
 131137 10816     cutoff   32       610.00332  605.32420  0.77%  95.6  945s
 131249 10364  608.44846   35  680  610.00332  605.37639  0.76%  95.6  953s
 132114  9963     cutoff   36       610.00332  605.49202  0.74%  95.6  961s
 132981  9491     cutoff   42       610.00332  605.59209  0.72%  95.5  969s
 133860  9098  608.75406   43  623  610.00332  605.73826  0.70%  95.5  978s
 134712  8625     cutoff   30       610.00332  605.86142  0.68%  95.5  986s
 135592  8195     cutoff   35       610.00332  605.98985  0.66%  95.4  994s
 136148  8195     cutoff   34       610.00332  605.98985  0.66%  95.4  995s
 136481  7781     cutoff   36       610.00332  606.10896  0.64%  95.4 1003s
 137367  7263     cutoff   41       610.00332  606.23058  0.62%  95.3 1012s
 138257  6687  609.20074   37  487  610.00332  606.37719  0.59%  95.2 1020s
 139226  6053     cutoff   42       610.00332  606.57119  0.56%  95.1 1029s
 140246  5380     cutoff   38       610.00332  606.75205  0.53%  95.0 1037s
 141247  4596     cutoff   27       610.00332  606.97075  0.50%  94.8 1045s
 142282  3789 infeasible   34       610.00332  607.21409  0.46%  94.6 1053s
 143387  2830     cutoff   35       610.00332  607.55321  0.40%  94.4 1061s
 144563  1714     cutoff   41       610.00332  607.91676  0.34%  94.1 1068s
 145894   466     cutoff   47       610.00332  608.52215  0.24%  93.6 1074s
 147193     0     cutoff   30       610.00332  609.56424  0.07%  93.0 1076s

Cutting planes:
  Gomory: 3
  Clique: 4
  MIR: 7
  Flow cover: 11
  GUB cover: 5
  Zero half: 13
  RLT: 2
  Lazy constraints: 8093

Explored 147662 nodes (13695254 simplex iterations) in 1076.36 seconds (2136.46 work units)
Thread count was 8 (of 18 available processors)

Solution count 9: 610.003 610.003 615.87 ... 879.275

Optimal solution found (tolerance 1.00e-04)
Best objective 6.100033221805e+02, best bound 6.100033221805e+02, gap 0.0000%

User-callback calls 368365, time in user-callback 73.68 sec
### START EXACT APPROACH ###
ProblemVariant: 2
### START PREPROCESSING ###
## Start infeasible path procedure ## 
Deleted arcs: 4
Infeasible tail paths: 1
Infeasible 2-node combinations: 2
## Start extended infeasible path procedure ##
Deleted arcs: 4
Infeasible tail paths: 1
Infeasible 2-node combinations: 2
## Start start solution procedure ##
Start solution with 9 Vehicles and total costs 879.275 in 5.71727 s.
### END PREPROCESSING ###
Route 0 0-1-22-28-0 : weight util 0.867647 | volume util 0.345289 | feasible with packing heuristic | feasible with CP model
Route 1 0-3-18-25-9-0 : weight util 0.985294 | volume util 0.480800 | feasible with packing heuristic | feasible with CP model
Route 2 0-6-2-30-0 : weight util 0.985294 | volume util 0.390467 | feasible with packing heuristic | feasible with CP model
Route 3 0-10-11-0 : weight util 0.926471 | volume util 0.183111 | feasible with packing heuristic | feasible with CP model
Route 4 0-12-24-23-16-0 : weight util 1.000000 | volume util 0.672444 | infeasible with packing heuristic | feasible with CP model
Route 5 0-14-19-8-0 : weight util 0.911765 | volume util 0.405933 | feasible with packing heuristic | feasible with CP model
Route 6 0-17-26-4-0 : weight util 1.000000 | volume util 0.395067 | feasible with packing heuristic | feasible with CP model
Route 7 0-21-29-13-7-0 : weight util 1.000000 | volume util 0.615133 | feasible with packing heuristic | feasible with CP model
Route 8 0-27-15-20-5-0 : weight util 1.000000 | volume util 0.479467 | feasible with packing heuristic | feasible with CP model
