
Gurobi 12.0.1 (win64, C++) logging started Sat Apr 19 14:47:29 2025

Set parameter TokenServer to value "141.76.38.119"
Set parameter Threads to value 8
Set parameter LazyConstraints to value 1
Set parameter PreCrush to value 1
Set parameter Seed to value 0
Set parameter Cuts to value -1
Set parameter TimeLimit to value 28800
Set parameter NumericFocus to value 0
Set parameter SolutionLimit to value 10000
Gurobi Optimizer version 12.0.1 build v12.0.1rc0 (win64 - Windows Server 2022.0 (20348.2))

CPU model: AMD EPYC 7513 32-Core Processor, instruction set [SSE2|AVX|AVX2]
Thread count: 16 physical cores, 16 logical processors, using up to 8 threads

Non-default parameters:
SolutionLimit  10000
TimeLimit  28800
PreCrush  1
Threads  8
LazyConstraints  1

Optimize a model with 667 rows, 1296 columns and 3780 nonzeros
Model fingerprint: 0xd8664cbd
Variable types: 0 continuous, 1296 integer (1296 binary)
Coefficient statistics:
  Matrix range     [1e+00, 1e+00]
  Objective range  [5e+00, 7e+01]
  Bounds range     [1e+00, 1e+00]
  RHS range        [1e+00, 1e+01]

Warning: Completing partial solution with 1210 unfixed non-continuous variables out of 1296
User MIP start produced solution with objective 866.732 (0.00s)
Loaded user MIP start with objective 866.732

Presolve removed 3 rows and 40 columns
Presolve time: 0.02s
Presolved: 664 rows, 1256 columns, 3663 nonzeros
Variable types: 0 continuous, 1256 integer (1256 binary)

Root relaxation: objective 5.249058e+02, 171 iterations, 0.00 seconds (0.00 work units)

    Nodes    |    Current Node    |     Objective Bounds      |     Work
 Expl Unexpl |  Obj  Depth IntInf | Incumbent    BestBd   Gap | It/Node Time

     0     0  524.90584    0   10  866.73164  524.90584  39.4%     -    0s
     0     0  536.94636    0   28  866.73164  536.94636  38.0%     -    0s
     0     0  598.62971    0   55  866.73164  598.62971  30.9%     -    0s
     0     0  616.13021    0   47  866.73164  616.13021  28.9%     -    0s
     0     0  625.59063    0   47  866.73164  625.59063  27.8%     -    0s
H    0     0                     866.3472602  625.59063  27.8%     -    0s
     0     0  635.22057    0   40  866.34726  635.22057  26.7%     -    0s
     0     0  639.91261    0   57  866.34726  639.91261  26.1%     -    0s
     0     0  645.82672    0   80  866.34726  645.82672  25.5%     -    0s
     0     0  647.81607    0   85  866.34726  647.81607  25.2%     -    0s
     0     0  650.82323    0   80  866.34726  650.82323  24.9%     -    0s
     0     2  650.82323    0   80  866.34726  650.82323  24.9%     -    1s
    31    40  674.10278    6  118  866.34726  666.02176  23.1%   302    5s
Warning: Completing partial solution with 1210 unfixed non-continuous variables out of 1296
H   56    73                     801.4144396  666.02176  16.9%   300    9s
    64    73  677.18857    8  127  801.41444  666.02176  16.9%   280   10s
   101   115  677.36664    9  135  801.41444  666.02176  16.9%   226   15s
   151   178  680.49983   11  134  801.41444  666.02176  16.9%   193   21s
   185   201  681.34677   13  135  801.41444  666.02176  16.9%   170   25s
   886   938  687.56999  104  104  801.41444  666.02176  16.9%  60.6   30s
Warning: Completing partial solution with 1210 unfixed non-continuous variables out of 1296
H 1430  1548                     743.5605280  666.02176  10.4%  48.3   32s
Warning: Completing partial solution with 1210 unfixed non-continuous variables out of 1296
H 1924  1900                     725.9435250  666.02176  8.25%  40.9   33s
  2415  2328  724.15319  332   26  725.94352  666.02176  8.25%  37.5   35s
  2510  2376  715.19615  272   80  725.94352  666.02176  8.25%  39.4   52s
  2512  2377  686.97391   38 1014  725.94352  675.45377  6.96%  39.4   56s
  2516  2380  704.78894  259 1031  725.94352  678.99376  6.47%  39.3   60s
  2522  2384  687.80214   45 1047  725.94352  679.53524  6.39%  39.2   65s
  2526  2387  702.72558  215 1047  725.94352  679.82420  6.35%  39.2   70s
  2531  2390  689.16521   71 1046  725.94352  680.11971  6.31%  39.1   76s
  2535  2393  706.00194  182 1038  725.94352  680.25013  6.29%  39.0   80s
  2885  2647  684.36823   31 1011  725.94352  681.42942  6.13%  66.3   86s
  3649  3120  705.99125   72  893  725.94352  681.45341  6.13%  87.0   90s
Warning: Completing partial solution with 1210 unfixed non-continuous variables out of 1296
H 3661  3095                     722.1190861  681.45341  5.63%  87.1   90s
* 4361  2597              47     700.2067944  682.51923  2.53%  95.3   92s
  4705  2626  689.01266   28 1016  700.20679  682.67495  2.50%   101   95s
H 4767  2404                     698.6054332  682.76299  2.27%   102   98s
  5136  2419 infeasible   27       698.60543  683.30219  2.19%   104  100s
  6197  2401     cutoff   36       698.60543  685.24158  1.91%   113  105s
  7534  2228  690.56549   22 1006  698.60543  686.59255  1.72%   120  110s
  8673  2090  692.31611   42  969  698.60543  687.44595  1.60%   123  115s
  9890  2149  696.48892   28 1020  698.60543  688.68794  1.42%   128  120s
 11036  2325  694.26099   29  999  698.60543  689.42778  1.31%   130  125s
 11991  2404  694.39594   22  997  698.60543  690.01744  1.23%   131  130s
 12512  2456     cutoff   28       698.60543  690.48803  1.16%   132  135s
 13610  2442     cutoff   18       698.60543  691.23328  1.06%   133  141s
 14532  2451 infeasible   34       698.60543  691.70606  0.99%   133  145s
 15474  2390     cutoff   26       698.60543  692.22734  0.91%   134  150s
 16542  2265  697.58465   28  999  698.60543  692.68938  0.85%   134  155s
 17615  2099  696.54900   35 1002  698.60543  693.21340  0.77%   135  160s
 18215  2060     cutoff   35       698.60543  693.56934  0.72%   135  167s
 18514  1950     cutoff   30       698.60543  693.64272  0.71%   135  170s
 19801  1564  697.95037   26 1010  698.60543  694.34650  0.61%   135  176s
 20511  1256  697.47547   35 1012  698.60543  694.76763  0.55%   135  180s
 21987   392     cutoff   33       698.60543  696.11989  0.36%   135  186s

Cutting planes:
  Gomory: 3
  Cover: 1
  MIR: 9
  Flow cover: 9
  GUB cover: 1
  Zero half: 15
  Relax-and-lift: 3
  Lazy constraints: 1240

Explored 23027 nodes (3038361 simplex iterations) in 187.06 seconds (288.54 work units)
Thread count was 8 (of 16 available processors)

Solution count 8: 698.605 700.207 722.119 ... 866.732

Optimal solution found (tolerance 1.00e-04)
Best objective 6.986054332259e+02, best bound 6.986054332259e+02, gap 0.0000%

User-callback calls 49959, time in user-callback 25.10 sec
### START EXACT APPROACH ###
ProblemVariant: 3
### START PREPROCESSING ###
## Start infeasible path procedure ## 
Deleted arcs: 4
Infeasible tail paths: 0
Infeasible 2-node combinations: 2
## Start extended infeasible path procedure ##
Deleted arcs: 4
Infeasible tail paths: 0
Infeasible 2-node combinations: 2
## Start start solution procedure ##
Start solution with 11 Vehicles and total costs 866.732 in 1.34404 s.
### END PREPROCESSING ###
Route 0 0-3-24-18-25-0 : weight util 0.970149 | volume util 0.337222 | feasible with packing heuristic | feasible with CP model
Route 1 0-4-34-26-0 : weight util 1.000000 | volume util 0.340467 | feasible with packing heuristic | feasible with CP model
Route 2 0-7-11-35-0 : weight util 0.925373 | volume util 0.474867 | feasible with packing heuristic | feasible with CP model
Route 3 0-8-19-14-0 : weight util 0.925373 | volume util 0.292356 | feasible with packing heuristic | feasible with CP model
Route 4 0-9-32-0 : weight util 0.850746 | volume util 0.199044 | feasible with packing heuristic | feasible with CP model
Route 5 0-12-31-10-0 : weight util 1.000000 | volume util 0.276978 | feasible with packing heuristic | feasible with CP model
Route 6 0-21-5-29-0 : weight util 0.925373 | volume util 0.320689 | feasible with packing heuristic | feasible with CP model
Route 7 0-23-1-22-28-0 : weight util 0.970149 | volume util 0.386000 | feasible with packing heuristic | feasible with CP model
Route 8 0-27-13-15-20-0 : weight util 0.880597 | volume util 0.450578 | feasible with packing heuristic | feasible with CP model
Route 9 0-30-2-6-0 : weight util 1.000000 | volume util 0.256889 | feasible with packing heuristic | feasible with CP model
Route 10 0-33-16-17-0 : weight util 0.985075 | volume util 0.392844 | feasible with packing heuristic | feasible with CP model
