
Gurobi 12.0.1 (win64, C++) logging started Thu Apr 17 14:21:41 2025

Set parameter Username
Set parameter LicenseID to value 2618661
Academic license - for non-commercial use only - expires 2026-02-05
Set parameter Threads to value 8
Set parameter LazyConstraints to value 1
Set parameter PreCrush to value 1
Set parameter Seed to value 10
Set parameter Cuts to value -1
Set parameter TimeLimit to value 28800
Set parameter NumericFocus to value 0
Set parameter SolutionLimit to value 10000
Gurobi Optimizer version 12.0.1 build v12.0.1rc0 (win64 - Windows Server 2022.0 (20348.2))

CPU model: AMD EPYC 7513 32-Core Processor, instruction set [SSE2|AVX|AVX2]
Thread count: 18 physical cores, 18 logical processors, using up to 8 threads

Non-default parameters:
SolutionLimit  10000
TimeLimit  28800
PreCrush  1
Seed  10
Threads  8
LazyConstraints  1

Optimize a model with 281 rows, 529 columns and 1526 nonzeros
Model fingerprint: 0xdb85c208
Variable types: 0 continuous, 529 integer (529 binary)
Coefficient statistics:
  Matrix range     [1e+00, 1e+00]
  Objective range  [4e+00, 1e+02]
  Bounds range     [1e+00, 1e+00]
  RHS range        [1e+00, 6e+00]

User MIP start produced solution with objective 773.091 (0.02s)
Loaded user MIP start with objective 773.091

Presolve removed 12 rows and 39 columns
Presolve time: 0.00s
Presolved: 269 rows, 490 columns, 1430 nonzeros
Variable types: 0 continuous, 490 integer (490 binary)

Root relaxation: objective 5.577212e+02, 82 iterations, 0.00 seconds (0.00 work units)

    Nodes    |    Current Node    |     Objective Bounds      |     Work
 Expl Unexpl |  Obj  Depth IntInf | Incumbent    BestBd   Gap | It/Node Time

     0     0  557.72123    0    -  773.09050  557.72123  27.9%     -    0s
     0     0  565.67595    0    -  773.09050  565.67595  26.8%     -    0s
     0     0  566.12691    0    -  773.09050  566.12691  26.8%     -    0s
     0     0  574.35112    0    -  773.09050  574.35112  25.7%     -    0s
     0     0  592.64137    0    -  773.09050  592.64137  23.3%     -    0s
     0     0  601.80815    0    -  773.09050  601.80815  22.2%     -    0s
     0     0  602.07329    0    -  773.09050  602.07329  22.1%     -    0s
     0     0  606.76881    0    -  773.09050  606.76881  21.5%     -    1s
     0     0  614.51165    0    -  773.09050  614.51165  20.5%     -    1s
     0     0  624.01773    0    -  773.09050  624.01773  19.3%     -    1s
     0     0  629.33643    0   26  773.09050  629.33643  18.6%     -    1s
     0     0  629.59262    0    -  773.09050  629.59262  18.6%     -    1s
     0     0  633.66393    0   49  773.09050  633.66393  18.0%     -    2s
     0     0  635.55349    0   41  773.09050  635.55349  17.8%     -    2s
     0     0  654.06433    0    -  773.09050  654.06433  15.4%     -    2s
     0     0  654.89700    0   29  773.09050  654.89700  15.3%     -    2s
     0     0  654.89700    0   42  773.09050  654.89700  15.3%     -    2s
     0     0  654.89700    0   26  773.09050  654.89700  15.3%     -    2s
     0     0  654.89700    0   26  773.09050  654.89700  15.3%     -    6s
     0     2  673.78750    0   34  773.09050  673.78750  12.8%     -    6s
   270   310  739.28815   27    -  773.09050  680.87951  11.9%  19.9   14s
   324   368  732.68929   33   50  773.09050  680.87951  11.9%  19.1   19s
   394   428  742.01367   33   38  773.09050  680.87951  11.9%  17.7   26s
   611   599     cutoff   49       773.09050  680.87951  11.9%  15.4   34s
   671   638     cutoff   51       773.09050  680.87951  11.9%  15.5   35s
H  781   630                     756.6661934  680.87951  10.0%  16.4   37s
   883   717     cutoff   24       756.66619  684.33884  9.56%  16.2   41s
  1284  1042  722.25530   15   66  756.66619  684.33884  9.56%  14.7   45s
H 1479  1095                     750.3772955  687.37746  8.40%  14.4   46s
  1821  1297  708.88657   17   26  750.37730  688.20267  8.29%  13.7   53s
  1906  1365  703.42176   21   57  750.37730  693.63401  7.56%  14.9   56s
  2173  1505  746.83389   31   42  750.37730  693.63401  7.56%  16.7   65s
  2305  1586  747.94090   39    -  750.37730  695.00080  7.38%  17.1   70s
  2571  1673  712.42511   24   53  750.37730  696.45450  7.19%  17.2   75s
  2890  1747  733.34967   42   37  750.37730  696.92935  7.12%  17.0   80s
  3389  1946  731.93261   29   51  750.37730  698.07799  6.97%  16.3   85s
  3461  1929  734.74636   32   57  750.37730  698.07799  6.97%  16.2   93s
  3615  2045  707.36513   19   55  750.37730  698.56510  6.90%  16.1  101s
  3847  2163  737.21704   35   45  750.37730  698.56510  6.90%  16.0  105s
  4626  2443  727.06994   35   41  750.37730  701.33187  6.54%  15.4  116s
  5007  2447  732.48593   28   38  750.37730  702.74454  6.35%  15.2  122s
  5071  2570  734.42519   31   39  750.37730  702.74454  6.35%  15.1  126s
  5626  2865  750.03335   42   30  750.37730  702.75396  6.35%  14.7  133s
  6038  3104  713.44168   23   10  750.37730  703.24898  6.28%  14.7  136s
  7083  3866  712.97598   32   48  750.37730  704.62434  6.10%  14.6  140s
  8736  4769  735.21149   38   34  750.37730  706.05123  5.91%  14.4  146s
  9033  4951  741.25083   30   33  750.37730  706.26238  5.88%  14.5  151s
  9692  5261  742.83785   38   35  750.37730  706.55450  5.84%  14.6  157s
 10034  5502  709.39047   23   43  750.37730  706.55450  5.84%  14.5  160s
 11246  5894  738.90208   43   28  750.37730  707.33700  5.74%  14.6  169s
 11288  5990     cutoff   41       750.37730  707.35002  5.73%  14.6  170s
 11730  6316  744.15602   37   32  750.37730  707.40292  5.73%  14.6  177s
 12550  6783  715.69312   31   25  750.37730  707.78955  5.68%  14.5  186s
 15042  8294  717.15915   29   17  750.37730  708.80787  5.54%  14.9  194s
 15687  8495  741.96660   45   28  750.37730  708.97749  5.52%  14.9  198s
 16009  8834  712.52701   33   52  750.37730  709.06020  5.51%  14.9  201s
 17298  9648  724.99860   29   46  750.37730  709.47813  5.45%  15.1  208s
 18665 10424  717.19934   21   39  750.37730  709.95677  5.39%  15.1  210s
 20095 11242     cutoff   39       750.37730  710.51857  5.31%  15.3  215s
 22331 12362  731.65410   38   53  750.37730  711.32602  5.20%  15.3  220s
 25333 13786     cutoff   48       750.37730  712.36907  5.07%  15.5  226s
 27289 14699  746.25588   38   20  750.37730  712.88373  5.00%  15.6  231s
 28619 15250  741.76955   32   37  750.37730  713.31508  4.94%  15.6  235s
 30922 16030  745.41126   31   24  750.37730  713.90764  4.86%  15.7  240s
 31920 16672  733.75209   40   36  750.37730  714.17105  4.83%  15.7  247s
 33352 17303  744.49333   37   21  750.37730  714.44577  4.79%  15.7  251s
 35163 18125     cutoff   43       750.37730  714.94414  4.72%  15.7  259s
 35306 18129     cutoff   33       750.37730  714.96977  4.72%  15.7  265s
 37039 19025  732.86229   30   35  750.37730  715.43754  4.66%  15.7  274s
 37676 19258     cutoff   56       750.37730  715.55965  4.64%  15.7  275s
 38879 19788     cutoff   52       750.37730  715.79027  4.61%  15.8  281s
 40140 20321     cutoff   39       750.37730  715.99618  4.58%  15.8  286s
 41807 20873  744.25080   32   26  750.37730  716.30440  4.54%  15.8  290s
 44312 21912  739.71319   39   39  750.37730  716.63830  4.50%  15.9  301s
 45232 22197  720.89938   37   52  750.37730  716.79600  4.48%  15.9  306s
 47256 23051  741.04756   33   52  750.37730  717.11033  4.43%  15.9  311s
 48998 23738  734.77421   33   37  750.37730  717.49147  4.38%  15.9  315s
 50164 24152  747.77335   53   50  750.37730  717.68524  4.36%  16.0  320s
 50807 24352     cutoff   52       750.37730  717.77736  4.34%  16.0  325s
 51325 24569  730.30425   40   16  750.37730  717.87211  4.33%  16.0  332s
 53841 25392     cutoff   47       750.37730  718.26504  4.28%  16.0  346s
 55962 25977 infeasible   39       750.37730  718.55732  4.24%  16.1  351s
 58277 26655  729.52427   33   17  750.37730  719.02783  4.18%  16.2  356s
 61142 27555     cutoff   40       750.37730  719.49701  4.12%  16.3  360s
 64227 28598  745.88219   35   41  750.37730  719.90722  4.06%  16.4  365s
 68515 29776  737.32394   38   41  750.37730  720.43213  3.99%  16.5  373s
 70229 30318     cutoff   44       750.37730  720.66289  3.96%  16.5  375s
 71323 30662  734.34086   40   34  750.37730  720.81495  3.94%  16.5  380s
 73006 31135  727.65085   29   48  750.37730  721.01755  3.91%  16.6  385s
 75819 31832  741.28248   32   40  750.37730  721.33639  3.87%  16.7  390s
 78963 32795  741.66104   41   37  750.37730  721.70951  3.82%  16.7  395s
 80747 33270     cutoff   41       750.37730  721.89021  3.80%  16.8  400s
 83693 34097  733.58623   27   33  750.37730  722.20797  3.75%  16.8  405s
 84319 34345     cutoff   49       750.37730  722.23443  3.75%  16.8  412s
 85673 34712     cutoff   36       750.37730  722.40583  3.73%  16.8  422s
 88004 35287  749.94375   34   38  750.37730  722.62303  3.70%  16.9  426s
 92385 36432  739.64707   46   61  750.37730  723.07757  3.64%  16.9  430s
 94657 36999  740.48642   31   45  750.37730  723.30058  3.61%  17.0  437s
 96459 37357  734.30065   30   38  750.37730  723.44361  3.59%  17.0  440s
 100051 38241  733.86876   35   35  750.37730  723.84516  3.54%  17.1  447s
 102668 38910  748.76852   39   27  750.37730  724.07043  3.51%  17.1  451s
 105671 39589  741.36972   39   23  750.37730  724.29399  3.48%  17.1  460s
 107733 40162  748.10925   36   40  750.37730  724.53121  3.44%  17.2  470s
 110230 40752  738.55640   29   57  750.37730  724.75477  3.41%  17.2  475s
 112833 41406  747.42807   46   30  750.37730  724.96723  3.39%  17.2  481s
 114807 41793  729.88104   31   46  750.37730  725.12809  3.36%  17.2  489s
 116005 42131     cutoff   34       750.37730  725.22962  3.35%  17.2  490s
 119174 42690  746.66179   32   43  750.37730  725.51617  3.31%  17.3  499s
 119778 42801  746.64164   38   27  750.37730  725.56783  3.31%  17.3  500s
 123278 43540  747.25909   48   12  750.37730  725.83090  3.27%  17.3  505s
 126930 44370  740.68639   46   49  750.37730  726.14349  3.23%  17.3  510s
 129501 44902  741.65998   35   30  750.37730  726.37585  3.20%  17.3  519s
 130141 45008  740.28004   42   51  750.37730  726.41157  3.19%  17.4  520s
 132539 45522     cutoff   44       750.37730  726.60123  3.17%  17.4  525s
 137609 46250  733.53228   39   43  750.37730  727.04790  3.11%  17.4  535s
 140616 46798     cutoff   35       750.37730  727.30958  3.07%  17.5  543s
 142450 47052     cutoff   43       750.37730  727.43796  3.06%  17.5  545s
 145586 47505  740.00363   37   43  750.37730  727.66362  3.03%  17.5  554s
 146962 47779  733.69327   37   41  750.37730  727.75012  3.02%  17.5  555s
 151380 48456 infeasible   34       750.37730  728.05180  2.98%  17.6  560s
 155031 48962  749.33470   45   49  750.37730  728.30373  2.94%  17.6  565s
 158814 49428  739.09623   35   54  750.37730  728.55997  2.91%  17.7  574s
 160084 49578     cutoff   32       750.37730  728.64803  2.90%  17.7  575s
 164554 50256     cutoff   36       750.37730  728.90121  2.86%  17.7  580s
 166929 50588  740.99297   28   45  750.37730  729.07220  2.84%  17.7  588s
 167597 50638  740.14036   27   32  750.37730  729.10151  2.84%  17.7  590s
 171600 50996     cutoff   39       750.37730  729.37573  2.80%  17.7  599s
 171881 51064  737.40150   37   40  750.37730  729.40330  2.80%  17.7  600s
 173748 51260     cutoff   35       750.37730  729.52529  2.78%  17.8  605s
 176208 51521  746.78188   33   55  750.37730  729.67718  2.76%  17.8  613s
 177477 51661  747.39986   38   52  750.37730  729.77457  2.75%  17.8  615s
 181190 51992  745.60839   36   39  750.37730  730.00931  2.71%  17.8  620s
 185287 52422     cutoff   44       750.37730  730.26970  2.68%  17.9  625s
 188931 52791  745.49534   27   33  750.37730  730.50350  2.65%  17.9  630s
 193463 53139     cutoff   43       750.37730  730.77823  2.61%  17.9  635s
 198323 53541  734.77065   33   53  750.37730  731.08577  2.57%  18.0  640s
 203748 53970     cutoff   46       750.37730  731.40170  2.53%  18.0  645s
 208456 54296  745.98498   49   29  750.37730  731.67626  2.49%  18.1  650s
 213168 54619  746.82035   40   42  750.37730  731.92174  2.46%  18.1  655s
 218574 55148  746.75972   36   18  750.37730  732.21302  2.42%  18.1  660s
 223441 55371  748.65410   35   33  750.37730  732.49521  2.38%  18.1  665s
 226227 55460     cutoff   44       750.37730  732.63396  2.36%  18.2  673s
 228099 55438  742.61678   34   60  750.37730  732.74071  2.35%  18.2  675s
 232173 55597  745.39908   35   27  750.37730  732.99256  2.32%  18.2  680s
 236214 55803  744.97586   43   43  750.37730  733.20044  2.29%  18.2  685s
 240833 55805  748.39881   43   18  750.37730  733.44889  2.26%  18.3  692s
 243236 55848  741.13976   50   28  750.37730  733.59868  2.24%  18.3  695s
 247778 55852  746.72147   41   36  750.37730  733.83230  2.20%  18.3  700s
 250126 55851  750.16987   37   39  750.37730  733.94949  2.19%  18.3  709s
 251657 55890  737.02478   26   51  750.37730  734.01943  2.18%  18.3  710s
 256619 56002     cutoff   38       750.37730  734.27312  2.15%  18.3  715s
 261000 55934     cutoff   43       750.37730  734.49757  2.12%  18.3  720s
 264306 55896  740.20708   36   39  750.37730  734.68328  2.09%  18.3  725s
 268756 55676     cutoff   30       750.37730  734.94019  2.06%  18.4  730s
 272860 55497  750.20516   36   58  750.37730  735.16915  2.03%  18.4  735s
 273807 55460  735.55632   29   40  750.37730  735.23298  2.02%  18.4  741s
 278030 55332     cutoff   35       750.37730  735.45656  1.99%  18.4  745s
 282171 55149  747.12250   34   27  750.37730  735.67634  1.96%  18.4  750s
 287332 54836  744.60838   33   39  750.37730  735.94359  1.92%  18.4  755s
 291557 54583  739.56517   35   29  750.37730  736.16302  1.89%  18.4  760s
 296733 54254     cutoff   31       750.37730  736.43573  1.86%  18.4  765s
 300733 53806  747.67797   26   51  750.37730  736.64482  1.83%  18.5  770s
 305052 53474  750.29853   31   35  750.37730  736.85726  1.80%  18.5  775s
 310230 52889  738.61827   38   26  750.37730  737.12748  1.77%  18.5  780s
 314368 52450  745.29805   32   27  750.37730  737.33994  1.74%  18.5  785s
 318321 52037     cutoff   38       750.37730  737.54463  1.71%  18.5  790s
 323601 51397  749.80936   47    8  750.37730  737.81948  1.67%  18.5  795s
 327259 50884  742.47027   39   56  750.37730  738.01908  1.65%  18.5  800s
 331605 50228     cutoff   27       750.37730  738.25286  1.62%  18.6  805s
 336045 49556     cutoff   34       750.37730  738.47888  1.59%  18.6  810s
 338795 49108  742.17063   42   29  750.37730  738.59900  1.57%  18.6  815s
 341202 48725  750.11741   42   54  750.37730  738.75613  1.55%  18.6  824s
 342109 48574  740.57040   35   49  750.37730  738.79637  1.54%  18.6  825s
 346240 47754  743.85335   35   41  750.37730  739.01429  1.51%  18.6  830s
 350666 46867     cutoff   44       750.37730  739.26785  1.48%  18.6  835s
 355039 45930     cutoff   30       750.37730  739.52456  1.45%  18.6  840s
 359243 45003  745.04613   26   62  750.37730  739.74638  1.42%  18.6  845s
 363673 43980  744.09307   32   50  750.37730  739.99590  1.38%  18.6  850s
 367968 42758  744.99025   36   42  750.37730  740.23087  1.35%  18.6  855s
 372203 41584  743.08811   34   50  750.37730  740.48669  1.32%  18.6  860s
 376451 40343     cutoff   44       750.37730  740.72700  1.29%  18.7  865s
 380812 39058     cutoff   38       750.37730  740.99880  1.25%  18.7  870s
 384700 37837     cutoff   39       750.37730  741.24921  1.22%  18.7  875s
 389004 36355  749.79677   49   44  750.37730  741.52635  1.18%  18.7  880s
 393394 34803     cutoff   34       750.37730  741.80992  1.14%  18.7  885s
 397746 33209 infeasible   31       750.37730  742.08607  1.10%  18.7  890s
 402093 31462     cutoff   37       750.37730  742.38078  1.07%  18.7  895s
 406494 29576  749.78372   34   33  750.37730  742.68806  1.02%  18.7  900s
 410848 27650  749.96870   38   40  750.37730  743.00683  0.98%  18.7  905s
 415067 25616  748.33568   42   32  750.37730  743.30735  0.94%  18.7  910s
 419503 23417     cutoff   36       750.37730  743.69064  0.89%  18.7  915s
 423812 21289     cutoff   40       750.37730  744.06430  0.84%  18.7  920s
 428229 18833     cutoff   41       750.37730  744.45351  0.79%  18.6  925s
 432610 16144  747.20547   44   57  750.37730  744.91443  0.73%  18.6  930s
 437191 13207  747.85099   27   37  750.37730  745.46869  0.65%  18.6  935s
 441773  9914     cutoff   45       750.37730  746.11517  0.57%  18.6  940s
 447316  5779     cutoff   35       750.37730  747.05634  0.44%  18.5  945s
 451836  1826     cutoff   46       750.37730  747.99193  0.32%  18.5  950s

Cutting planes:
  Gomory: 31
  Cover: 192
  Clique: 8
  MIR: 6
  Flow cover: 10
  GUB cover: 6
  Inf proof: 5
  Zero half: 83
  Relax-and-lift: 3
  Lazy constraints: 4226

Explored 454813 nodes (8370635 simplex iterations) in 951.56 seconds (662.91 work units)
Thread count was 8 (of 18 available processors)

Solution count 3: 750.377 756.666 773.091 

Optimal solution found (tolerance 1.00e-04)
Best objective 7.503772954739e+02, best bound 7.503772954739e+02, gap 0.0000%

User-callback calls 919051, time in user-callback 521.06 sec
### START EXACT APPROACH ###
ProblemVariant: 2
### START PREPROCESSING ###
## Start infeasible path procedure ## 
Deleted arcs: 16
Infeasible tail paths: 4
Infeasible 2-node combinations: 8
## Start extended infeasible path procedure ##
Deleted arcs: 16
Infeasible tail paths: 4
Infeasible 2-node combinations: 8
## Start start solution procedure ##
Start solution with 6 Vehicles and total costs 773.091 in 2.04985 s.
### END PREPROCESSING ###
Route 0 0-6-1-2-3-15-16-0 : weight util 0.154222 | volume util 0.715756 | infeasible with packing heuristic | feasible with CP model
Route 1 0-7-9-11-12-0 : weight util 0.438889 | volume util 0.607289 | feasible with packing heuristic | feasible with CP model
Route 2 0-8-5-4-21-19-18-0 : weight util 0.410000 | volume util 0.720311 | infeasible with packing heuristic | feasible with CP model
Route 3 0-13-10-0 : weight util 0.966667 | volume util 0.170489 | feasible with packing heuristic | feasible with CP model
Route 4 0-20-22-17-14-0 : weight util 0.294444 | volume util 0.647600 | feasible with packing heuristic | feasible with CP model
