
Gurobi 12.0.1 (win64, C++) logging started Mon Mar 24 10:16:22 2025

Set parameter Username
Set parameter LicenseID to value 2618655
Academic license - for non-commercial use only - expires 2026-02-05
Set parameter Threads to value 8
Set parameter LazyConstraints to value 1
Set parameter PreCrush to value 1
Set parameter Seed to value 0
Set parameter Cuts to value -1
Set parameter TimeLimit to value 28800
Set parameter NumericFocus to value 0
Set parameter SolutionLimit to value 10000
Gurobi Optimizer version 12.0.1 build v12.0.1rc0 (win64 - Windows Server 2022.0 (20348.2))

CPU model: AMD EPYC 7513 32-Core Processor, instruction set [SSE2|AVX|AVX2]
Thread count: 18 physical cores, 18 logical processors, using up to 8 threads

Non-default parameters:
SolutionLimit  10000
TimeLimit  28800
PreCrush  1
Threads  8
LazyConstraints  1

Optimize a model with 232 rows, 441 columns and 1260 nonzeros
Model fingerprint: 0xaa15a64c
Variable types: 0 continuous, 441 integer (441 binary)
Coefficient statistics:
  Matrix range     [1e+00, 1e+00]
  Objective range  [6e+00, 6e+01]
  Bounds range     [1e+00, 1e+00]
  RHS range        [1e+00, 4e+00]

User MIP start produced solution with objective 433.142 (0.01s)
Loaded user MIP start with objective 433.142

Presolve removed 2 rows and 23 columns
Presolve time: 0.00s
Presolved: 230 rows, 418 columns, 1194 nonzeros
Variable types: 0 continuous, 418 integer (418 binary)

Root relaxation: objective 2.923362e+02, 67 iterations, 0.00 seconds (0.00 work units)

    Nodes    |    Current Node    |     Objective Bounds      |     Work
 Expl Unexpl |  Obj  Depth IntInf | Incumbent    BestBd   Gap | It/Node Time

     0     0  292.33623    0    -  433.14167  292.33623  32.5%     -    0s
     0     0  307.94455    0    -  433.14167  307.94455  28.9%     -    0s
     0     0  319.25762    0    -  433.14167  319.25762  26.3%     -    0s
     0     0  320.93098    0    -  433.14167  320.93098  25.9%     -    0s
     0     0  321.37940    0   32  433.14167  321.37940  25.8%     -    0s
     0     0  323.70298    0   32  433.14167  323.70298  25.3%     -    0s
     0     0  323.70298    0   22  433.14167  323.70298  25.3%     -    0s
     0     0  323.70298    0   22  433.14167  323.70298  25.3%     -    0s
     0     0  323.70298    0   18  433.14167  323.70298  25.3%     -    0s
     0     2  323.70298    0   18  433.14167  323.70298  25.3%     -    0s
   475   465  403.06942   42    -  433.14167  329.90158  23.8%  10.0    5s
  1003   951  400.95787   44    8  433.14167  331.11666  23.6%   9.2   10s
  1946  1573  345.13313   14   18  433.14167  336.29479  22.4%   8.6   17s
  2067  1681  348.26834   25   35  433.14167  339.68601  21.6%   9.3   20s
  2798  2036  351.49433   36   44  433.14167  341.05931  21.3%  10.4   25s
  3704  2578  369.73873   46   35  433.14167  343.56229  20.7%   9.9   30s
  4365  2890  399.33660   80   31  433.14167  345.66098  20.2%   9.8   36s
  4651  3060  382.85127   35   35  433.14167  346.25454  20.1%   9.7   41s
  5103  3265  365.41394   35   39  433.14167  346.25454  20.1%   9.5   46s
  5952  3782  391.06356   67   30  433.14167  347.29008  19.8%   9.4   50s
  7227  4605  401.39915   45   32  433.14167  348.09970  19.6%   9.0   55s
  8244  5358  392.07670   52   21  433.14167  348.27753  19.6%   8.9   60s
  8679  5782  354.33976   28   52  433.14167  348.64983  19.5%   8.9   65s
 10185  7148  401.03280   50   10  433.14167  348.77924  19.5%   8.8   70s
 11235  8008  418.32807   42   21  433.14167  349.46442  19.3%   8.7   75s
 12421  9070  373.97585   64   50  433.14167  350.51960  19.1%   8.6   80s
 12880  9434  369.55023   28   47  433.14167  350.53240  19.1%   8.6   85s
 13920 10235  363.65589   35   44  433.14167  350.76139  19.0%   8.6   91s
 15651 11797  374.20741   48   30  433.14167  351.19907  18.9%   8.5   96s
 16739 12733  355.14468   35   51  433.14167  351.35506  18.9%   8.5  105s
 18162 13921  390.35501   43   35  433.14167  351.85983  18.8%   8.5  111s
H19105 11008                     403.1795995  351.97228  12.7%   8.5  117s
 20382 12053  390.32057   46   30  403.17960  352.42953  12.6%   8.5  120s
 23025 13945  378.28268   38   37  403.17960  353.30209  12.4%   8.6  127s
 25236 15504  376.02309   33   32  403.17960  353.82087  12.2%   8.7  130s
 26434 16460  389.92260   37   20  403.17960  354.05543  12.2%   8.8  135s
 28831 17843  379.16797   37   25  403.17960  354.40829  12.1%   8.9  141s
 31363 19774  363.94643   40   34  403.17960  354.80229  12.0%   9.0  145s
 33793 21401  369.59897   32   40  403.17960  355.13290  11.9%   9.1  151s
*34304 15024              39     387.4040771  355.23985  8.30%   9.1  152s
 35347 15692  370.47174   31   37  387.40408  355.52913  8.23%   9.2  157s
 38580 17590  361.28093   33   42  387.40408  356.35281  8.02%   9.3  160s
 41686 19323     cutoff   40       387.40408  356.78660  7.90%   9.5  165s
 44417 20838  386.11494   37   24  387.40408  357.19014  7.80%   9.7  170s
 46929 21944  378.35939   36   41  387.40408  357.56619  7.70%   9.8  175s
 49288 23300  370.96919   34   36  387.40408  357.94072  7.61%   9.9  180s
 53080 25056  377.77620   38   33  387.40408  358.39660  7.49%  10.1  186s
 55762 26145  384.89006   46   18  387.40408  358.79083  7.39%  10.2  190s
 60077 28190 infeasible   43       387.40408  359.29513  7.26%  10.4  195s
 64210 29958  371.60482   47   32  387.40408  359.77148  7.13%  10.5  201s
 67059 31184  375.21803   32   46  387.40408  360.02968  7.07%  10.6  206s
 70613 32646  365.75016   25   39  387.40408  360.33420  6.99%  10.6  210s
 74216 34129  383.98033   41   26  387.40408  360.63257  6.91%  10.8  216s
 76580 35071     cutoff   40       387.40408  360.82720  6.86%  10.8  220s
 80111 36459  376.40891   40   38  387.40408  361.16214  6.77%  10.9  225s
 84215 38072     cutoff   38       387.40408  361.45945  6.70%  11.0  230s
 87700 39296  380.96334   46   35  387.40408  361.71355  6.63%  11.0  235s
 91084 40525     cutoff   44       387.40408  361.90546  6.58%  11.1  240s
 94483 41820     cutoff   43       387.40408  362.10320  6.53%  11.2  245s
 98574 43397     cutoff   50       387.40408  362.35466  6.47%  11.2  250s
 103104 44781  367.17692   39   36  387.40408  362.63217  6.39%  11.3  255s
 106728 45851  383.39138   41   22  387.40408  362.84531  6.34%  11.4  260s
 111904 47229  376.21609   35   27  387.40408  363.16295  6.26%  11.4  265s
 116573 48904  370.13650   38   31  387.40408  363.41239  6.19%  11.5  270s
 122093 50688  369.26422   37   47  387.40408  363.70316  6.12%  11.5  275s
 125736 51829  377.13935   35   30  387.40408  363.91758  6.06%  11.5  280s
 130011 53174  380.59134   39   31  387.40408  364.15008  6.00%  11.5  285s
 134466 54547  376.98685   45   42  387.40408  364.38055  5.94%  11.5  290s
 139027 55744  365.46721   30   26  387.40408  364.60793  5.88%  11.5  295s
 144043 57274  385.15270   40   21  387.40408  364.82814  5.83%  11.5  300s
 149103 58752  380.18943   48   26  387.40408  365.05563  5.77%  11.5  305s
 152823 59809  376.98465   43   38  387.40408  365.20232  5.73%  11.5  310s
 158508 61321  380.98981   42   14  387.40408  365.44227  5.67%  11.6  315s
 162997 62456  374.23924   36   29  387.40408  365.62976  5.62%  11.6  320s
 167258 63582  384.23797   36   27  387.40408  365.79379  5.58%  11.6  325s
 172993 65058  375.13905   39   26  387.40408  366.00874  5.52%  11.6  330s
 177266 66111  377.73245   60   34  387.40408  366.16948  5.48%  11.6  335s
 181086 67166  384.11858   34   36  387.40408  366.31250  5.44%  11.6  340s
 185580 68331  370.34685   28   34  387.40408  366.45504  5.41%  11.6  345s
 190589 69562  377.59783   39   20  387.40408  366.63577  5.36%  11.6  350s
 195671 70855 infeasible   39       387.40408  366.79342  5.32%  11.6  355s
 200857 71874  385.86673   42   35  387.40408  366.94809  5.28%  11.6  360s
 204410 72755  385.06014   37   31  387.40408  367.05513  5.25%  11.6  365s
 209643 73949  377.01827   38   33  387.40408  367.21340  5.21%  11.6  370s
 214660 75035  383.83987   32   25  387.40408  367.36568  5.17%  11.6  375s
 218214 75839  383.46813   33   33  387.40408  367.46841  5.15%  11.6  380s
 222425 76695  383.73157   29   22  387.40408  367.58834  5.12%  11.6  385s
 226674 77611  377.62634   31   20  387.40408  367.71235  5.08%  11.6  390s
 231446 78470  384.24747   59   33  387.40408  367.85348  5.05%  11.7  396s
 235125 79170  383.95566   50   13  387.40408  367.96058  5.02%  11.7  400s
 239488 80018     cutoff   43       387.40408  368.07666  4.99%  11.7  405s
 243716 80941 infeasible   40       387.40408  368.18518  4.96%  11.7  410s
 247895 81711 infeasible   37       387.40408  368.30377  4.93%  11.7  415s
 252202 82519  383.01018   37   48  387.40408  368.41115  4.90%  11.8  420s
 255724 83018  380.62205   38   36  387.40408  368.49530  4.88%  11.8  425s
 259954 83798  385.58214   31   17  387.40408  368.60021  4.85%  11.8  430s
 264194 84568  377.39765   60   42  387.40408  368.71214  4.82%  11.8  435s
 269242 85525     cutoff   39       387.40408  368.84749  4.79%  11.8  440s
 273686 86314  380.99802   48   39  387.40408  368.94178  4.77%  11.8  445s
 277850 86982     cutoff   38       387.40408  369.04985  4.74%  11.9  450s
 282679 87940  374.70247   37   47  387.40408  369.15763  4.71%  11.9  455s
 287042 88686     cutoff   33       387.40408  369.25680  4.68%  11.9  460s
 291534 89510  382.32813   48   31  387.40408  369.35778  4.66%  11.9  465s
 295914 90284  386.45876   41    6  387.40408  369.45331  4.63%  11.9  470s
 300854 91138  378.99463   38   40  387.40408  369.55897  4.61%  11.9  475s
 304832 91745  384.13978   39   31  387.40408  369.64805  4.58%  11.9  480s
 309804 92551  378.84833   31   34  387.40408  369.75883  4.55%  11.9  485s
 313766 93156  383.85137   30   25  387.40408  369.83944  4.53%  11.9  490s
 318453 93949 infeasible   50       387.40408  369.92790  4.51%  12.0  495s
 323298 94686     cutoff   38       387.40408  370.02980  4.48%  12.0  500s
 327982 95599  383.90887   37   44  387.40408  370.13791  4.46%  12.0  505s
 332183 96293  375.43637   39   34  387.40408  370.23482  4.43%  12.0  510s
 336186 96848  384.09264   39   40  387.40408  370.31296  4.41%  12.0  515s
 341419 97615  379.10539   34   22  387.40408  370.41155  4.39%  12.0  520s
 345763 98251  380.53593   38   35  387.40408  370.49626  4.36%  12.0  525s
 350114 98883     cutoff   38       387.40408  370.58308  4.34%  12.0  530s
 354703 99536     cutoff   33       387.40408  370.67164  4.32%  12.0  535s
 359034 100106     cutoff   45       387.40408  370.75873  4.30%  12.0  540s
 362756 100505  377.64089   40   46  387.40408  370.82667  4.28%  12.1  545s
 367348 100998     cutoff   32       387.40408  370.91494  4.26%  12.1  550s
 371264 101451     cutoff   34       387.40408  370.99122  4.24%  12.1  555s
 375716 101863     cutoff   47       387.40408  371.08134  4.21%  12.1  560s
 379949 102222  381.56461   43   24  387.40408  371.16094  4.19%  12.1  565s
 384466 102655  377.72196   43   39  387.40408  371.24596  4.17%  12.1  570s
 388896 103130  383.50092   37   17  387.40408  371.32958  4.15%  12.1  575s
 392041 103434     cutoff   43       387.40408  371.38897  4.13%  12.1  580s
 395427 103777  377.92781   39   34  387.40408  371.45174  4.12%  12.1  585s
 398717 104059  375.80221   43   31  387.40408  371.51548  4.10%  12.1  590s
 402360 104303  376.20399   40   22  387.40408  371.59075  4.08%  12.1  595s
 405594 104547  385.77364   40   36  387.40408  371.64218  4.07%  12.1  600s
 409330 104871  379.78487   31   46  387.40408  371.71035  4.05%  12.1  605s
 411957 105076  383.86738   42   24  387.40408  371.75241  4.04%  12.2  610s
 415764 105367  378.27891   38   33  387.40408  371.81414  4.02%  12.2  615s
 419548 105644  384.99683   45   37  387.40408  371.88711  4.01%  12.2  620s
 423511 106020  383.15907   38   35  387.40408  371.95683  3.99%  12.2  625s
 428043 106345  376.96747   32   42  387.40408  372.02555  3.97%  12.2  630s
 431824 106598     cutoff   38       387.40408  372.09252  3.95%  12.2  635s
 435530 106837  376.70783   34   24  387.40408  372.15305  3.94%  12.2  640s
 439998 107202     cutoff   43       387.40408  372.23526  3.92%  12.2  645s
 443799 107411  372.95846   42   45  387.40408  372.29229  3.90%  12.2  650s
 448258 107689  376.75128   48   22  387.40408  372.36040  3.88%  12.2  655s
 452134 107991  380.35322   36   30  387.40408  372.41958  3.87%  12.2  660s
 455879 108194  383.43844   42   36  387.40408  372.48278  3.85%  12.2  665s
 459733 108423     cutoff   44       387.40408  372.54117  3.84%  12.2  670s
 463762 108692  374.61093   45   45  387.40408  372.61123  3.82%  12.2  675s
 468329 108946  379.19851   36   15  387.40408  372.68418  3.80%  12.3  680s
 472131 109097     cutoff   43       387.40408  372.75039  3.78%  12.3  685s
 476070 109201     cutoff   41       387.40408  372.81885  3.76%  12.3  690s
 479998 109404  374.74818   33   25  387.40408  372.87797  3.75%  12.3  695s
 483326 109624     cutoff   37       387.40408  372.92942  3.74%  12.3  700s
 486598 109801 infeasible   53       387.40408  372.97655  3.72%  12.3  705s
 490673 109906     cutoff   43       387.40408  373.03497  3.71%  12.3  710s
 493816 110018  385.18627   42   22  387.40408  373.08607  3.70%  12.3  715s
 497465 110222  385.53912   32   33  387.40408  373.14175  3.68%  12.3  720s
 502036 110377  385.75117   37   32  387.40408  373.21213  3.66%  12.3  725s
 505637 110504  374.59621   26   41  387.40408  373.26974  3.65%  12.3  730s
 508941 110632     cutoff   36       387.40408  373.32152  3.64%  12.3  735s
 512763 110779  381.21450   33   32  387.40408  373.37930  3.62%  12.3  741s
 514777 110866     cutoff   41       387.40408  373.41241  3.61%  12.3  745s
*516300 104897              41     385.5316120  373.42812  3.14%  12.3  747s
 518350 104845  380.84792   41   27  385.53161  373.46290  3.13%  12.3  750s
 522038 104744 infeasible   48       385.53161  373.53033  3.11%  12.3  755s
 525695 104598  379.49231   41   25  385.53161  373.60059  3.09%  12.3  760s
 529485 104448  384.43369   46   27  385.53161  373.66495  3.08%  12.3  765s
 533957 104316  384.16238   36   32  385.53161  373.74978  3.06%  12.3  771s
 537499 104192  382.69806   33   35  385.53161  373.81191  3.04%  12.3  775s
 541087 104068  378.44512   42   18  385.53161  373.87533  3.02%  12.3  780s
 544692 103948  384.47196   38   29  385.53161  373.94574  3.01%  12.3  785s
 549020 103770  384.18832   41   20  385.53161  374.01926  2.99%  12.4  790s
 552640 103694     cutoff   40       385.53161  374.08797  2.97%  12.4  795s
 556081 103488     cutoff   31       385.53161  374.15036  2.95%  12.4  800s
 559769 103271     cutoff   40       385.53161  374.22064  2.93%  12.4  805s
 563387 103080     cutoff   48       385.53161  374.28445  2.92%  12.4  810s
 567742 102848     cutoff   39       385.53161  374.36354  2.90%  12.4  815s
 571352 102599  374.81290   34   18  385.53161  374.42389  2.88%  12.4  820s
 574925 102427  384.21426   35   22  385.53161  374.48894  2.86%  12.4  825s
 578571 102160  384.92248   32   38  385.53161  374.54963  2.85%  12.4  830s
 582989 101870  377.10183   29   40  385.53161  374.62358  2.83%  12.4  835s
 586519 101575  382.08204   52   28  385.53161  374.68319  2.81%  12.4  840s
 590162 101359     cutoff   36       385.53161  374.74221  2.80%  12.4  845s
 593742 101091     cutoff   42       385.53161  374.80823  2.78%  12.4  850s
 596345 100889     cutoff   37       385.53161  374.85291  2.77%  12.4  855s
 599842 100586  383.41413   35   39  385.53161  374.91048  2.75%  12.4  861s
 602603 100374  380.87595   43   35  385.53161  374.95677  2.74%  12.4  865s
 604898 100236  381.89182   39   32  385.53161  374.99401  2.73%  12.4  871s
 607734 100028  382.27037   45   31  385.53161  375.03627  2.72%  12.4  875s
 610500 99783     cutoff   37       385.53161  375.08007  2.71%  12.4  880s
 614131 99508     cutoff   40       385.53161  375.14314  2.69%  12.4  886s
 616854 99270     cutoff   43       385.53161  375.19170  2.68%  12.4  890s
 619592 99030  384.39154   51   26  385.53161  375.23402  2.67%  12.4  895s
 622166 98869  382.64707   42   34  385.53161  375.27515  2.66%  12.4  900s
 625812 98596  378.52146   31   45  385.53161  375.33059  2.65%  12.4  906s
 628489 98353  381.21794   43   48  385.53161  375.37464  2.63%  12.4  910s
 632028 98035     cutoff   38       385.53161  375.43462  2.62%  12.4  916s
 634649 97749  378.82542   43   26  385.53161  375.47620  2.61%  12.4  920s
 637451 97552     cutoff   55       385.53161  375.51930  2.60%  12.4  925s
 640903 97195     cutoff   48       385.53161  375.57165  2.58%  12.4  931s
 643674 96926  381.52060   36   32  385.53161  375.61820  2.57%  12.4  936s
 646374 96647     cutoff   43       385.53161  375.66330  2.56%  12.4  940s
 649130 96407  379.86297   37   35  385.53161  375.70876  2.55%  12.4  945s
 652751 96021 infeasible   32       385.53161  375.76908  2.53%  12.4  951s
 655451 95744     cutoff   41       385.53161  375.81247  2.52%  12.4  955s
 658157 95501     cutoff   46       385.53161  375.85976  2.51%  12.4  960s
 661656 95111     cutoff   35       385.53161  375.91283  2.49%  12.4  966s
 664302 94773     cutoff   42       385.53161  375.96148  2.48%  12.4  971s
 666950 94438  385.21380   41   36  385.53161  376.00698  2.47%  12.4  975s
 669758 94119  376.56375   29   44  385.53161  376.05929  2.46%  12.4  980s
 673249 93689  382.75883   43   34  385.53161  376.11938  2.44%  12.4  986s
 676016 93447  377.66067   41   39  385.53161  376.16550  2.43%  12.4  991s
 678034 93133  382.68316   48   22  385.53161  376.19526  2.42%  12.4  995s
 680914 92798  381.76411   33   35  385.53161  376.24145  2.41%  12.4 1000s
 683746 92434     cutoff   35       385.53161  376.29019  2.40%  12.4 1005s
 686550 92056  385.10861   39   33  385.53161  376.33870  2.38%  12.4 1010s
 690213 91589  384.31502   40   35  385.53161  376.39879  2.37%  12.4 1016s
 692906 91210  382.48305   44   40  385.53161  376.44862  2.36%  12.4 1021s
 695616 90857  380.32927   45   20  385.53161  376.49527  2.34%  12.4 1025s
 698298 90500 infeasible   39       385.53161  376.54191  2.33%  12.4 1030s
 701074 90183  380.00539   59   46  385.53161  376.58391  2.32%  12.4 1035s
 703891 89846  377.37707   40   39  385.53161  376.62766  2.31%  12.4 1040s
 707484 89328 infeasible   45       385.53161  376.68508  2.29%  12.4 1046s
 710174 88954  379.26303   40   33  385.53161  376.72988  2.28%  12.4 1050s
 712843 88575  382.45124   52   40  385.53161  376.77620  2.27%  12.4 1055s
 715571 88097     cutoff   41       385.53161  376.82206  2.26%  12.4 1060s
 719230 87586     cutoff   43       385.53161  376.88513  2.24%  12.4 1066s
 721941 87128     cutoff   46       385.53161  376.92681  2.23%  12.4 1071s
 724593 86672     cutoff   44       385.53161  376.97436  2.22%  12.4 1076s
 726544 86380 infeasible   47       385.53161  377.00978  2.21%  12.4 1080s
 729231 85941     cutoff   37       385.53161  377.05603  2.20%  12.4 1085s
 731874 85460  379.99993   31   36  385.53161  377.10407  2.19%  12.4 1090s
 735648 84914     cutoff   39       385.53161  377.16718  2.17%  12.4 1096s
 738377 84464     cutoff   33       385.53161  377.22232  2.16%  12.4 1101s
 741196 83951     cutoff   45       385.53161  377.26932  2.14%  12.4 1106s
 744045 83486  385.25763   36   44  385.53161  377.32015  2.13%  12.4 1110s
 746812 83000  383.47770   47   38  385.53161  377.36679  2.12%  12.4 1115s
 749483 82526     cutoff   39       385.53161  377.41558  2.11%  12.4 1120s
 752248 82073  379.89521   41   22  385.53161  377.46292  2.09%  12.4 1125s
 755753 81387     cutoff   36       385.53161  377.52950  2.08%  12.4 1131s
 758452 80847     cutoff   36       385.53161  377.57672  2.06%  12.4 1136s
 761182 80319  383.54469   42   24  385.53161  377.62953  2.05%  12.4 1141s
 763955 79818  383.35094   46   31  385.53161  377.68446  2.04%  12.4 1146s
 766792 79303     cutoff   52       385.53161  377.73578  2.02%  12.4 1151s
 769498 78770     cutoff   57       385.53161  377.78479  2.01%  12.4 1155s
 772356 78168  383.46281   49   23  385.53161  377.83283  2.00%  12.4 1160s
 774957 77600  383.87850   42   40  385.53161  377.87897  1.98%  12.4 1165s
 777736 77059  380.81361   32   31  385.53161  377.93416  1.97%  12.5 1170s
 780439 76481     cutoff   40       385.53161  377.98679  1.96%  12.5 1175s
 784113 75699     cutoff   39       385.53161  378.05499  1.94%  12.4 1181s
 785867 75283     cutoff   35       385.53161  378.08948  1.93%  12.4 1185s
 789598 74392  382.29468   37   24  385.53161  378.16137  1.91%  12.4 1191s
 791485 74036  378.53665   42   41  385.53161  378.19749  1.90%  12.4 1195s
 794785 73459  385.33810   39   33  385.53161  378.25287  1.89%  12.4 1200s
 797064 72820  381.14823   38   33  385.53161  378.30394  1.87%  12.4 1205s
 799769 72201  382.56300   39   27  385.53161  378.36142  1.86%  12.4 1210s
 802442 71541     cutoff   40       385.53161  378.41265  1.85%  12.4 1215s
 805327 70817     cutoff   35       385.53161  378.47162  1.83%  12.4 1220s
 807996 70177     cutoff   40       385.53161  378.52382  1.82%  12.4 1225s
 811619 69208 infeasible   37       385.53161  378.60289  1.80%  12.4 1231s
 814380 68464     cutoff   35       385.53161  378.66263  1.78%  12.4 1236s
 817211 67786     cutoff   37       385.53161  378.71733  1.77%  12.4 1241s
 819932 67034     cutoff   37       385.53161  378.77585  1.75%  12.4 1246s
 822634 66316     cutoff   45       385.53161  378.83451  1.74%  12.4 1251s
 825357 65585  384.73141   43   31  385.53161  378.89229  1.72%  12.4 1255s
 828909 64823     cutoff   36       385.53161  378.96038  1.70%  12.4 1260s
 831967 63784 infeasible   42       385.53161  379.02932  1.69%  12.4 1265s
 834652 62944  383.65841   57   37  385.53161  379.08947  1.67%  12.4 1270s
 838315 61892  379.34190   37   11  385.53161  379.16984  1.65%  12.4 1276s
 840986 61108  383.20165   42   35  385.53161  379.23470  1.63%  12.4 1280s
 844819 60054  383.15519   36   27  385.53161  379.31821  1.61%  12.4 1285s
 847551 59188  384.29670   52   34  385.53161  379.37896  1.60%  12.4 1290s
 851300 58041     cutoff   45       385.53161  379.46406  1.57%  12.4 1296s
 854027 57110  384.53324   43   15  385.53161  379.52932  1.56%  12.4 1300s
 857789 55837     cutoff   48       385.53161  379.62496  1.53%  12.4 1306s
 860503 54834  380.17206   34   25  385.53161  379.69600  1.51%  12.4 1310s
 863373 53867     cutoff   41       385.53161  379.77033  1.49%  12.4 1315s
 866986 52517     cutoff   39       385.53161  379.86976  1.47%  12.4 1320s
 869831 51509  381.47352   39    8  385.53161  379.94206  1.45%  12.4 1325s
 873623 50189  384.05818   35   31  385.53161  380.04412  1.42%  12.4 1331s
 876443 49057     cutoff   38       385.53161  380.12204  1.40%  12.4 1335s
 879223 47980  385.36942   35   33  385.53161  380.19981  1.38%  12.4 1340s
 882914 46502     cutoff   32       385.53161  380.31460  1.35%  12.4 1346s
 885658 45381     cutoff   38       385.53161  380.40034  1.33%  12.4 1350s
 888531 44193  384.58670   30   32  385.53161  380.49060  1.31%  12.4 1355s
 892207 42673     cutoff   35       385.53161  380.60995  1.28%  12.4 1360s
 894931 41423  381.42723   49   10  385.53161  380.69844  1.25%  12.4 1365s
 898653 39797  384.49425   43   18  385.53161  380.82615  1.22%  12.4 1371s
 901487 38523     cutoff   34       385.53161  380.91935  1.20%  12.4 1375s
 904279 37142  381.16597   31   28  385.53161  381.03002  1.17%  12.4 1380s
 907964 35384     cutoff   44       385.53161  381.17163  1.13%  12.4 1386s
 910726 34003     cutoff   47       385.53161  381.27558  1.10%  12.4 1390s
 914545 32038     cutoff   44       385.53161  381.44681  1.06%  12.4 1396s
 917260 30604     cutoff   38       385.53161  381.55097  1.03%  12.4 1400s
 920042 29016     cutoff   45       385.53161  381.69722  0.99%  12.4 1405s
 922923 27443     cutoff   34       385.53161  381.82868  0.96%  12.4 1410s
 926687 25161 infeasible   39       385.53161  382.02606  0.91%  12.4 1415s
 929545 23350     cutoff   39       385.53161  382.19753  0.86%  12.4 1420s
 933306 20884     cutoff   50       385.53161  382.42815  0.80%  12.4 1425s
 937068 18209     cutoff   35       385.53161  382.68143  0.74%  12.3 1430s
 940483 15726     cutoff   45       385.53161  382.92765  0.68%  12.3 1435s
 944947 12391     cutoff   35       385.53161  383.31369  0.58%  12.3 1440s
 950530  7784     cutoff   44       385.53161  383.92428  0.42%  12.3 1445s
 955068  3661     cutoff   42       385.53161  384.58278  0.25%  12.2 1450s

Cutting planes:
  Lazy constraints: 5877

Explored 960015 nodes (11673632 simplex iterations) in 1454.19 seconds (1299.19 work units)
Thread count was 8 (of 18 available processors)

Solution count 4: 385.532 387.404 403.18 433.142 

Optimal solution found (tolerance 1.00e-04)
Best objective 3.855316120430e+02, best bound 3.855316120430e+02, gap 0.0000%

User-callback calls 1947279, time in user-callback 247.09 sec
### START EXACT APPROACH ###
ProblemVariant: 1
### START PREPROCESSING ###
## Start infeasible path procedure ## 
Deleted arcs: 2
Infeasible tail paths: 0
Infeasible 2-node combinations: 1
## Start extended infeasible path procedure ##
Deleted arcs: 2
Infeasible tail paths: 0
Infeasible 2-node combinations: 1
## Start start solution procedure ##
Start solution with 4 Vehicles and total costs 433.142 in 6.54327 s.
### END PREPROCESSING ###
Route 0 0-2-7-5-20-6-0 : weight util 0.894118 | volume util 0.427111 | infeasible with packing heuristic | feasible with CP model
Route 1 0-9-3-4-14-16-17-0 : weight util 1.000000 | volume util 0.630800 | infeasible with packing heuristic | feasible with CP model
Route 2 0-12-18-10-19-11-1-0 : weight util 0.976471 | volume util 0.667022 | infeasible with packing heuristic | feasible with CP model
Route 3 0-13-15-8-0 : weight util 1.000000 | volume util 0.515800 | infeasible with packing heuristic | feasible with CP model
