
Gurobi 12.0.1 (win64, C++) logging started Tue Apr  8 05:55:48 2025

Set parameter Username
Set parameter LicenseID to value 2618655
Academic license - for non-commercial use only - expires 2026-02-05
Set parameter Threads to value 8
Set parameter LazyConstraints to value 1
Set parameter PreCrush to value 1
Set parameter Seed to value 0
Set parameter Cuts to value -1
Set parameter TimeLimit to value 28800
Set parameter NumericFocus to value 0
Set parameter SolutionLimit to value 10000
Gurobi Optimizer version 12.0.1 build v12.0.1rc0 (win64 - Windows Server 2022.0 (20348.2))

CPU model: AMD EPYC 7513 32-Core Processor, instruction set [SSE2|AVX|AVX2]
Thread count: 18 physical cores, 18 logical processors, using up to 8 threads

Non-default parameters:
SolutionLimit  10000
TimeLimit  28800
PreCrush  1
Threads  8
LazyConstraints  1

Optimize a model with 502 rows, 961 columns and 2800 nonzeros
Model fingerprint: 0x469f0bda
Variable types: 0 continuous, 961 integer (961 binary)
Coefficient statistics:
  Matrix range     [1e+00, 1e+00]
  Objective range  [6e+00, 7e+01]
  Bounds range     [1e+00, 1e+00]
  RHS range        [1e+00, 9e+00]

Warning: Completing partial solution with 887 unfixed non-continuous variables out of 961
User MIP start produced solution with objective 869.718 (0.01s)
Loaded user MIP start with objective 869.718

Presolve removed 7 rows and 35 columns
Presolve time: 0.00s
Presolved: 495 rows, 926 columns, 2699 nonzeros
Variable types: 0 continuous, 926 integer (926 binary)

Root relaxation: objective 4.363833e+02, 106 iterations, 0.00 seconds (0.00 work units)

    Nodes    |    Current Node    |     Objective Bounds      |     Work
 Expl Unexpl |  Obj  Depth IntInf | Incumbent    BestBd   Gap | It/Node Time

     0     0  436.38334    0    -  869.71778  436.38334  49.8%     -    0s
     0     0  473.62196    0    -  869.71778  473.62196  45.5%     -    0s
     0     0  484.19292    0    -  869.71778  484.19292  44.3%     -    0s
     0     0  494.10964    0    -  869.71778  494.10964  43.2%     -    0s
     0     0  501.42444    0    -  869.71778  501.42444  42.3%     -    0s
     0     0  504.44148    0   26  869.71778  504.44148  42.0%     -    0s
     0     0  506.91350    0   31  869.71778  506.91350  41.7%     -    0s
     0     0  523.75268    0   52  869.71778  523.75268  39.8%     -    0s
     0     0  526.44582    0   31  869.71778  526.44582  39.5%     -    0s
     0     2  536.13474    0   52  869.71778  536.13474  38.4%     -    0s
    37    40  577.67638    6  103  869.71778  556.15229  36.1%   214    5s
    88    97  590.87846   11   99  869.71778  556.15229  36.1%   195   11s
   124   134  603.32117   12   81  869.71778  556.15229  36.1%   176   15s
   167   176  597.71456   15   93  869.71778  556.15229  36.1%   159   20s
   249   276  600.12457   29   97  869.71778  556.15229  36.1%   136   25s
   829   885  626.91832   87   70  869.71778  556.15229  36.1%  63.3   30s
Warning: Completing partial solution with 887 unfixed non-continuous variables out of 961
H 1357  1326                     716.9792423  556.15229  22.4%  47.4   31s
  1602  1597  704.42367  203   20  716.97924  558.52310  22.1%  45.0   35s
  1757  1688  671.78216  185   31  716.97924  558.52310  22.1%  46.6   51s
  1760  1690  584.24382    9  651  716.97924  577.91682  19.4%  46.5   56s
  1765  1693  612.66212   61  665  716.97924  580.76303  19.0%  46.4   61s
  1770  1697  605.10517   10  668  716.97924  581.05444  19.0%  46.2   65s
  1878  1783  584.06836   25  631  716.97924  582.94269  18.7%  53.1   70s
Warning: Completing partial solution with 887 unfixed non-continuous variables out of 961
H 2169  1969                     687.9100111  582.94269  15.3%  62.4   73s
  2285  2044  612.05184   46  564  687.91001  582.94269  15.3%  63.4   75s
Warning: Completing partial solution with 887 unfixed non-continuous variables out of 961
H 2347  2062                     635.3294912  582.94269  8.25%  63.7   76s
  2700  2200  597.67980   41  630  635.32949  583.32009  8.19%  67.0   80s
Warning: Completing partial solution with 887 unfixed non-continuous variables out of 961
H 2853  2229                     631.2566791  583.52157  7.56%  68.2   82s
  3141  2482  595.31316   28  638  631.25668  583.60857  7.55%  69.2   85s
  4278  2894  622.82721   45  160  631.25668  584.35664  7.43%  69.8   90s
  5894  3500  592.14789   30  641  631.25668  586.36719  7.11%  71.0   95s
  6856  3888  605.84175   33  567  631.25668  586.83497  7.04%  71.5  100s
H 6858  2701                     614.5899049  586.83497  4.52%  71.4  100s
H 6871  2318                     610.2341338  586.83497  3.83%  71.3  100s
  8063  2939     cutoff   42       610.23413  587.41324  3.74%  73.3  105s
  9369  3442  604.66701   41  594  610.23413  587.98104  3.65%  75.4  110s
 10025  3838  598.21683   23  596  610.23413  588.23443  3.61%  76.9  115s
 11012  4358  590.81130   28  657  610.23413  588.71514  3.53%  78.6  120s
 12067  4800  598.88718   24  605  610.23413  589.07431  3.47%  81.1  126s
 13151  5221     cutoff   32       610.23413  589.45231  3.41%  82.1  131s
 14473  5806  608.08426   32  569  610.23413  589.80126  3.35%  83.0  136s
 15571  6426  606.95684   36  599  610.23413  590.15527  3.29%  83.3  140s
 16839  6709 infeasible   29       610.23413  590.43614  3.24%  83.7  146s
 17640  7114  605.74893   27  583  610.23413  590.59171  3.22%  84.3  151s
 18743  7500  591.68682   28  581  610.23413  590.80315  3.18%  84.9  156s
 20178  7795     cutoff   39       610.23413  591.17994  3.12%  85.6  164s
 20190  7843     cutoff   39       610.23413  591.17994  3.12%  85.6  168s
 20335  8039     cutoff   40       610.23413  591.20725  3.12%  85.6  171s
 20970  8380     cutoff   40       610.23413  591.22031  3.12%  85.8  175s
 22889  8872     cutoff   41       610.23413  591.69168  3.04%  86.1  182s
 23359  9105  594.88383   30  626  610.23413  591.80780  3.02%  86.2  185s
 24986  9658  601.17271   25  607  610.23413  592.11829  2.97%  86.7  192s
 25651  9986  600.52637   37  637  610.23413  592.24575  2.95%  86.8  196s
 27325 10363  593.72820   35  605  610.23413  592.49174  2.91%  87.3  203s
 27946 10601  609.09398   33  617  610.23413  592.59130  2.89%  87.6  207s
 28868 10790     cutoff   32       610.23413  592.77042  2.86%  87.9  211s
 30425 11243  605.80420   28  593  610.23413  592.97629  2.83%  88.3  218s
 31229 11502     cutoff   32       610.23413  593.09847  2.81%  88.2  221s
 32080 11636  600.32584   30  633  610.23413  593.21965  2.79%  88.3  225s
 33623 11999     cutoff   34       610.23413  593.48583  2.74%  88.4  232s
 34299 12190  599.89979   38  644  610.23413  593.54959  2.73%  88.6  236s
 35131 12388  601.84815   36  633  610.23413  593.65580  2.72%  88.9  240s
 36591 12764     cutoff   35       610.23413  593.83756  2.69%  89.3  247s
 37402 12890  605.38810   33  620  610.23413  593.95484  2.67%  89.6  251s
 37997 12996  599.81375   29  594  610.23413  594.03431  2.65%  89.8  255s
 39459 13228  598.06839   26  642  610.23413  594.26257  2.62%  90.0  262s
 40036 13355     cutoff   33       610.23413  594.33535  2.61%  90.3  266s
 40762 13472     cutoff   40       610.23413  594.41961  2.59%  90.5  270s
 42113 13713  600.12048   28  593  610.23413  594.66309  2.55%  91.0  277s
 42723 13846  602.95916   32  651  610.23413  594.75591  2.54%  91.3  281s
 43392 13977     cutoff   42       610.23413  594.82992  2.52%  91.5  285s
 44834 14160  604.52897   27  608  610.23413  595.03480  2.49%  91.7  293s
 45457 14240  608.22041   41  601  610.23413  595.10507  2.48%  91.8  297s
 46080 14347  603.54185   38  628  610.23413  595.16831  2.47%  91.9  301s
 46726 14474  610.18444   43  522  610.23413  595.27828  2.45%  92.0  305s
 48031 14601  603.78322   28  620  610.23413  595.40649  2.43%  92.3  313s
 48644 14746  604.64129   35  624  610.23413  595.46229  2.42%  92.5  317s
 49471 14789  606.68820   31  601  610.23413  595.58649  2.40%  92.5  322s
 50078 14839  610.19792   31  508  610.23413  595.65648  2.39%  92.7  326s
 50647 14910     cutoff   34       610.23413  595.72918  2.38%  93.0  330s
 52014 15029  606.93188   39  589  610.23413  595.90012  2.35%  93.2  338s
 52672 15116     cutoff   31       610.23413  595.95481  2.34%  93.4  342s
 53282 15160     cutoff   29       610.23413  596.07431  2.32%  93.6  347s
 53737 15204  600.48542   24  618  610.23413  596.12756  2.31%  93.8  351s
 54282 15273     cutoff   39       610.23413  596.18127  2.30%  94.0  355s
 55588 15428  607.84674   34  575  610.23413  596.35073  2.28%  94.3  363s
 56205 15469  603.58284   29  604  610.23413  596.43007  2.26%  94.3  367s
 56781 15560     cutoff   36       610.23413  596.50125  2.25%  94.5  371s
 57403 15577     cutoff   38       610.23413  596.57806  2.24%  94.5  376s
 57653 15674  609.51133   31  576  610.23413  596.60767  2.23%  94.6  381s
 58276 15708  600.06481   35  611  610.23413  596.66271  2.22%  94.6  385s
 59427 15809  609.70251   23  585  610.23413  596.77881  2.20%  95.0  393s
 60002 15892  603.20263   33  608  610.23413  596.83967  2.19%  95.1  397s
 60633 15959  609.28592   33  582  610.23413  596.94023  2.18%  95.3  401s
 61319 15979  605.79277   33  618  610.23413  596.99796  2.17%  95.4  406s
 61954 16043  610.12297   36  541  610.23413  597.05460  2.16%  95.5  411s
 62564 16038     cutoff   47       610.23413  597.13592  2.15%  95.6  417s
 62585 16074  609.14211   47  579  610.23413  597.13592  2.15%  95.6  421s
 63050 16157  609.29763   34  577  610.23413  597.16469  2.14%  95.7  425s
 63658 16215     cutoff   41       610.23413  597.25650  2.13%  95.8  430s
 64860 16293     cutoff   34       610.23413  597.39248  2.10%  96.0  438s
 65495 16314  606.01511   38  633  610.23413  597.45096  2.09%  96.0  443s
 66095 16371  609.16960   37  644  610.23413  597.53072  2.08%  96.2  447s
 66698 16417  600.24254   31  617  610.23413  597.59007  2.07%  96.2  452s
 67280 16470  606.29568   39  640  610.23413  597.63153  2.07%  96.4  456s
 67885 16518     cutoff   37       610.23413  597.71936  2.05%  96.5  461s
 68477 16577  598.46128   30  571  610.23413  597.79790  2.04%  96.6  465s
 69113 16599  608.66265   28  573  610.23413  597.86625  2.03%  96.6  470s
 69744 16669     cutoff   35       610.23413  597.92041  2.02%  96.7  475s
 70904 16688  602.02520   38  629  610.23413  598.04864  2.00%  96.8  485s
 71949 16731     cutoff   41       610.23413  598.16918  1.98%  97.1  494s
 72522 16747     cutoff   39       610.23413  598.22868  1.97%  97.2  499s
 73094 16751  609.70816   33  605  610.23413  598.29371  1.96%  97.3  503s
 73665 16777     cutoff   29       610.23413  598.32264  1.95%  97.4  508s
 74244 16822  598.75876   27  637  610.23413  598.38603  1.94%  97.5  513s
 74830 16809  607.29173   38  596  610.23413  598.44310  1.93%  97.6  517s
 75418 16800     cutoff   34       610.23413  598.48386  1.93%  97.7  524s
 76157 16829  607.97464   35  580  610.23413  598.57197  1.91%  97.9  531s
 76999 16855  609.16919   31  618  610.23413  598.64908  1.90%  98.0  536s
 77522 16893  604.51712   29  620  610.23413  598.71083  1.89%  98.1  541s
 78126 16891     cutoff   40       610.23413  598.76872  1.88%  98.2  546s
 78681 16886     cutoff   36       610.23413  598.81223  1.87%  98.2  551s
 79223 16943  606.54788   36  609  610.23413  598.86030  1.86%  98.3  558s
 80167 16984  609.12723   26  580  610.23413  598.94281  1.85%  98.3  563s
 80743 16992  607.17640   29  601  610.23413  598.99714  1.84%  98.4  568s
 81355 16983     cutoff   31       610.23413  599.06656  1.83%  98.4  573s
 81892 16986  604.81154   32  615  610.23413  599.11378  1.82%  98.5  578s
 82490 16998     cutoff   29       610.23413  599.19181  1.81%  98.6  583s
 83021 16992     cutoff   38       610.23413  599.23449  1.80%  98.6  588s
 83607 16995     cutoff   30       610.23413  599.30815  1.79%  98.7  596s
 84428 17035  607.34103   37  560  610.23413  599.38025  1.78%  98.8  603s
 85272 17036     cutoff   43       610.23413  599.44484  1.77%  98.8  608s
 85844 17009  609.92809   35  515  610.23413  599.49789  1.76%  98.9  614s
 86435 17025  609.24755   38  626  610.23413  599.57172  1.75%  99.0  621s
 87241 17026  609.03495   27  555  610.23413  599.64008  1.74%  99.1  628s
 87263 17005     cutoff   28       610.23413  599.64008  1.74%  99.1  633s
 87547 17018  601.49181   31  528  610.23413  599.64980  1.73%  99.1  647s
 89223 17011     cutoff   36       610.23413  599.80865  1.71%  99.2  655s
 90117 17001  601.98908   31  600  610.23413  599.92526  1.69%  99.3  663s
 90989 16976 infeasible   30       610.23413  600.00324  1.68%  99.4  671s
 91816 16993  608.50241   37  603  610.23413  600.08343  1.66%  99.5  678s
 92709 16990     cutoff   32       610.23413  600.14701  1.65%  99.5  684s
 93295 16947     cutoff   38       610.23413  600.20482  1.64%   100  690s
 93870 16914     cutoff   30       610.23413  600.24413  1.64%   100  697s
 94750 16891 infeasible   28       610.23413  600.32882  1.62%   100  705s
 95547 16905     cutoff   31       610.23413  600.40281  1.61%   100  712s
 96375 16907  608.74039   39  542  610.23413  600.46264  1.60%   100  718s
 96979 16875     cutoff   28       610.23413  600.52266  1.59%   100  723s
 97534 16837  608.67650   38  626  610.23413  600.56916  1.58%   100  731s
 98395 16794  606.50949   32  625  610.23413  600.62703  1.57%   100  739s
 99208 16745  606.84671   46  588  610.23413  600.72077  1.56%   100  747s
 100049 16674     cutoff   36       610.23413  600.78419  1.55%   100  755s
 100890 16644  605.07283   43  626  610.23413  600.86838  1.53%   100  763s
 101789 16595 infeasible   40       610.23413  600.98447  1.52%   100  771s
 102585 16518     cutoff   32       610.23413  601.05116  1.50%   100  779s
 103395 16489  603.40824   33  571  610.23413  601.12482  1.49%   100  787s
 104183 16432     cutoff   34       610.23413  601.18410  1.48%   100  795s
 104970 16395  605.14279   30  617  610.23413  601.25847  1.47%   100  803s
 105863 16296  608.28877   33  618  610.23413  601.33678  1.46%   100  811s
 106695 16244  609.20235   29  562  610.23413  601.39852  1.45%   100  818s
 107477 16167  609.07538   37  568  610.23413  601.48249  1.43%   100  826s
 108285 16109  608.36738   31  586  610.23413  601.55386  1.42%   101  834s
 109062 16018     cutoff   43       610.23413  601.60589  1.41%   101  842s
 109887 15938  610.07533   37  590  610.23413  601.69858  1.40%   101  850s
 110684 15796  608.68316   29  556  610.23413  601.79338  1.38%   101  859s
 111525 15688  607.18684   41  607  610.23413  601.87839  1.37%   101  867s
 112405 15628  603.01043   27  598  610.23413  601.96027  1.36%   101  875s
 113230 15546     cutoff   28       610.23413  602.03152  1.34%   101  882s
 114043 15416     cutoff   33       610.23413  602.08283  1.34%   101  891s
 114829 15357     cutoff   35       610.23413  602.18529  1.32%   101  899s
 115624 15236  609.21714   42  577  610.23413  602.25011  1.31%   101  907s
 116453 15086     cutoff   37       610.23413  602.31639  1.30%   101  915s
 117285 15006     cutoff   31       610.23413  602.39363  1.28%   101  923s
 118072 14862  605.50841   36  564  610.23413  602.46593  1.27%   101  931s
 118870 14741  606.86974   37  490  610.23413  602.54574  1.26%   101  939s
 119660 14600  606.15030   38  479  610.23413  602.61073  1.25%   101  947s
 120515 14480  603.12648   38  615  610.23413  602.70245  1.23%   101  956s
 121314 14363  604.10738   38  574  610.23413  602.77840  1.22%   101  964s
 122176 14246  608.91051   35  387  610.23413  602.85939  1.21%   101  972s
 122981 14109     cutoff   37       610.23413  602.92578  1.20%   101  980s
 123827 13994  606.38593   39  593  610.23413  603.02775  1.18%   101  988s
 124634 13832     cutoff   38       610.23413  603.07925  1.17%   101  997s
 125395 13698     cutoff   38       610.23413  603.14921  1.16%   101 1005s
 126218 13531     cutoff   36       610.23413  603.21707  1.15%   101 1014s
 127030 13364  605.92613   32  606  610.23413  603.30840  1.13%   101 1022s
 127796 13187     cutoff   34       610.23413  603.38768  1.12%   101 1031s
 128520 12980     cutoff   38       610.23413  603.46101  1.11%   101 1039s
 129235 12980  609.14024   39  542  610.23413  603.52250  1.10%   101 1040s
 129336 12822 infeasible   39       610.23413  603.54844  1.10%   101 1048s
 130141 12670  607.17451   30  552  610.23413  603.61710  1.08%   101 1056s
 130988 12503  607.22861   41  562  610.23413  603.68848  1.07%   101 1065s
 131812 12356  608.98652   35  514  610.23413  603.75458  1.06%   101 1074s
 132546 12166     cutoff   38       610.23413  603.82216  1.05%   101 1083s
 133329 11948  607.12099   32  395  610.23413  603.91568  1.04%   101 1091s
 134181 11738  606.91486   33  430  610.23413  603.99416  1.02%   100 1101s
 134922 11536     cutoff   29       610.23413  604.06066  1.01%   100 1110s
 135720 11332     cutoff   46       610.23413  604.16453  0.99%   100 1118s
 136560 11126  607.09203   31  511  610.23413  604.26943  0.98%   100 1127s
 137363 10866  607.68271   44  630  610.23413  604.34841  0.96%   100 1136s
 138169 10622     cutoff   32       610.23413  604.45211  0.95%   100 1145s
 139013 10395     cutoff   39       610.23413  604.53709  0.93%   100 1154s
 139669 10395  608.72076   33  590  610.23413  604.53709  0.93%   100 1155s
 139894 10136     cutoff   35       610.23413  604.61866  0.92%   100 1163s
 140652  9888  605.16089   30  594  610.23413  604.70568  0.91%   100 1172s
 141463  9628  609.99861   30  433  610.23413  604.79177  0.89%   100 1181s
 142320  9363     cutoff   35       610.23413  604.89176  0.88%   100 1190s
 143193  9114  607.92241   26  601  610.23413  604.99590  0.86%   100 1200s
 143934  8817     cutoff   36       610.23413  605.08138  0.84%   100 1209s
 144771  8515     cutoff   44       610.23413  605.16876  0.83%   100 1218s
 145637  8508  608.60609   38  553  610.23413  605.29990  0.81%   100 1228s
 145664  8267  608.60609   39  553  610.23413  605.30751  0.81%   100 1237s
 146426  7942  607.96473   38  612  610.23413  605.36358  0.80%   100 1246s
 147312  7561     cutoff   39       610.23413  605.49976  0.78%   100 1255s
 148244  7164     cutoff   44       610.23413  605.59905  0.76%   100 1264s
 149176  6755     cutoff   35       610.23413  605.72879  0.74%  99.5 1273s
 150069  6334  608.26010   33  567  610.23413  605.86914  0.72%  99.4 1283s
 151016  5896  607.27243   30  623  610.23413  606.02053  0.69%  99.2 1291s
 151957  5452     cutoff   43       610.23413  606.16948  0.67%  99.1 1300s
 152899  4970     cutoff   33       610.23413  606.33434  0.64%  99.0 1309s
 153023  4970  606.42290   37  633  610.23413  606.33677  0.64%  98.9 1310s
 153804  4467  608.75177   38  460  610.23413  606.49959  0.61%  98.9 1318s
 154758  3897     cutoff   30       610.23413  606.69069  0.58%  98.7 1328s
 155743  3316 infeasible   36       610.23413  606.91697  0.54%  98.5 1336s
 156759  2594  608.69434   31  596  610.23413  607.11802  0.51%  98.3 1345s
 157842  1885     cutoff   42       610.23413  607.42965  0.46%  98.0 1354s
 158917   959 infeasible   45       610.23413  607.75269  0.41%  97.8 1362s
 160112     0  608.93234   36  628  610.23413  608.46418  0.29%  97.4 1368s

Cutting planes:
  Gomory: 2
  Cover: 1
  Implied bound: 1
  Clique: 5
  MIR: 7
  Flow cover: 5
  GUB cover: 1
  Zero half: 21
  RLT: 2
  Lazy constraints: 8074

Explored 161175 nodes (15623780 simplex iterations) in 1368.99 seconds (2750.76 work units)
Thread count was 8 (of 18 available processors)

Solution count 7: 610.234 614.59 631.257 ... 869.718

Optimal solution found (tolerance 1.00e-04)
Best objective 6.102341337694e+02, best bound 6.102341337694e+02, gap 0.0000%

User-callback calls 339669, time in user-callback 75.28 sec
### START EXACT APPROACH ###
ProblemVariant: 1
### START PREPROCESSING ###
## Start infeasible path procedure ## 
Deleted arcs: 4
Infeasible tail paths: 5
Infeasible 2-node combinations: 2
## Start extended infeasible path procedure ##
Deleted arcs: 4
Infeasible tail paths: 5
Infeasible 2-node combinations: 2
## Start start solution procedure ##
Start solution with 9 Vehicles and total costs 869.718 in 1.85168 s.
### END PREPROCESSING ###
Route 0 0-3-18-25-9-0 : weight util 0.985294 | volume util 0.480800 | feasible with packing heuristic | feasible with CP model
Route 1 0-4-8-7-0 : weight util 0.897059 | volume util 0.562333 | feasible with packing heuristic | feasible with CP model
Route 2 0-5-20-15-27-0 : weight util 1.000000 | volume util 0.479467 | feasible with packing heuristic | feasible with CP model
Route 3 0-14-11-0 : weight util 1.000000 | volume util 0.180400 | feasible with packing heuristic | feasible with CP model
Route 4 0-16-24-17-0 : weight util 0.970588 | volume util 0.371844 | feasible with packing heuristic | feasible with CP model
Route 5 0-19-13-29-21-0 : weight util 1.000000 | volume util 0.656067 | infeasible with packing heuristic | feasible with CP model
Route 6 0-26-10-12-0 : weight util 0.882353 | volume util 0.316311 | feasible with packing heuristic | feasible with CP model
Route 7 0-28-22-1-23-0 : weight util 0.955882 | volume util 0.530022 | feasible with packing heuristic | feasible with CP model
Route 8 0-30-2-6-0 : weight util 0.985294 | volume util 0.390467 | feasible with packing heuristic | feasible with CP model
