
Gurobi 12.0.1 (win64, C++) logging started Thu Apr 17 14:19:44 2025

Set parameter TokenServer to value "141.76.38.119"
Set parameter Threads to value 8
Set parameter LazyConstraints to value 1
Set parameter PreCrush to value 1
Set parameter Seed to value 0
Set parameter Cuts to value -1
Set parameter TimeLimit to value 28800
Set parameter NumericFocus to value 0
Set parameter SolutionLimit to value 10000
Gurobi Optimizer version 12.0.1 build v12.0.1rc0 (win64 - Windows Server 2022.0 (20348.2))

CPU model: AMD EPYC 7513 32-Core Processor, instruction set [SSE2|AVX|AVX2]
Thread count: 16 physical cores, 16 logical processors, using up to 8 threads

Non-default parameters:
SolutionLimit  10000
TimeLimit  28800
PreCrush  1
Threads  8
LazyConstraints  1

Optimize a model with 263 rows, 484 columns and 1404 nonzeros
Model fingerprint: 0xbe97225e
Variable types: 0 continuous, 484 integer (484 binary)
Coefficient statistics:
  Matrix range     [1e+00, 1e+00]
  Objective range  [3e+00, 8e+01]
  Bounds range     [1e+00, 1e+00]
  RHS range        [1e+00, 6e+00]

User MIP start produced solution with objective 458.805 (0.00s)
Loaded user MIP start with objective 458.805

Presolve removed 9 rows and 25 columns
Presolve time: 0.00s
Presolved: 254 rows, 459 columns, 1350 nonzeros
Variable types: 0 continuous, 459 integer (459 binary)

Root relaxation: objective 3.091569e+02, 78 iterations, 0.00 seconds (0.00 work units)

    Nodes    |    Current Node    |     Objective Bounds      |     Work
 Expl Unexpl |  Obj  Depth IntInf | Incumbent    BestBd   Gap | It/Node Time

     0     0  309.15693    0   20  458.80483  309.15693  32.6%     -    0s
     0     0  319.15945    0    -  458.80483  319.15945  30.4%     -    0s
     0     0  341.94854    0   22  458.80483  341.94854  25.5%     -    0s
     0     0  352.08590    0    -  458.80483  352.08590  23.3%     -    1s
     0     0  360.67305    0    -  458.80483  360.67305  21.4%     -    1s
     0     0  361.82348    0    -  458.80483  361.82348  21.1%     -    1s
     0     0  362.94600    0    -  458.80483  362.94600  20.9%     -    1s
     0     0  366.68738    0    -  458.80483  366.68738  20.1%     -    1s
     0     0  367.66860    0   38  458.80483  367.66860  19.9%     -    1s
     0     0  368.20760    0    -  458.80483  368.20760  19.7%     -    1s
     0     0  370.66029    0    -  458.80483  370.66029  19.2%     -    2s
     0     0  370.70101    0   16  458.80483  370.70101  19.2%     -    2s
     0     0  372.62097    0    9  458.80483  372.62097  18.8%     -    5s
     0     0  374.63206    0   51  458.80483  374.63206  18.3%     -    5s
     0     0  374.63206    0   51  458.80483  374.63206  18.3%     -    5s
     0     2  374.63206    0   51  458.80483  374.63206  18.3%     -    5s
    42    55  378.96241    6   33  458.80483  377.35544  17.8%  24.0   10s
   108   100  382.19258    9   35  458.80483  377.91760  17.6%  28.8   15s
   211   221  389.61152   23   28  458.80483  377.91760  17.6%  23.8   23s
H  240   247                     444.1126756  377.91760  14.9%  23.1   24s
   265   274  391.86144   28   42  444.11268  377.91760  14.9%  22.1   26s
   401   414  396.43825   35   36  444.11268  379.04374  14.7%  18.6   31s
   610   564  437.42155   80   25  444.11268  379.12635  14.6%  15.5   36s
   761   717  409.13849   78   40  444.11268  379.12662  14.6%  15.1   40s
   937   853  396.80458    6   34  444.11268  379.94132  14.4%  14.7   45s
H  989   841                     436.4752401  379.94132  13.0%  14.5   50s
  1134   961  389.11875   10   59  436.47524  379.94132  13.0%  14.4   58s
  1194   992  404.16757   15    4  436.47524  379.94132  13.0%  14.4   68s
  1261  1070  418.13170   30   25  436.47524  382.29103  12.4%  14.4   71s
  1415  1175  388.31090   11   47  436.47524  382.29103  12.4%  14.0   76s
  1597  1305  395.00039   21   24  436.47524  383.08448  12.2%  13.7   82s
  1752  1413  413.80395   32   19  436.47524  383.21229  12.2%  13.7   87s
  1830  1420  423.59705   41   51  436.47524  383.21229  12.2%  13.8   93s
  1835  1423  411.50683   19  233  436.47524  383.21229  12.2%  13.8   95s
  1926  1493  396.09842   21  179  436.47524  383.21229  12.2%  15.9  101s
  1936  1501  403.31428   21    -  436.47524  383.21229  12.2%  16.0  109s
  1953  1506  403.93241   23  177  436.47524  383.21229  12.2%  16.3  111s
  1974  1522  408.65476   24   74  436.47524  383.21229  12.2%  16.4  115s
  2054  1546  411.92851   28  127  436.47524  383.21229  12.2%  16.9  120s
  2238  1624  391.19009   21  130  436.47524  383.80320  12.1%  18.1  126s
  2341  1662  401.23662   31   56  436.47524  384.47664  11.9%  18.5  131s
  2419  1652  401.55730   32  128  436.47524  384.47664  11.9%  18.6  139s
  2441  1645  430.39448   41  125  436.47524  384.47664  11.9%  18.7  140s
  2569  1671  427.42530   36  117  436.47524  384.47664  11.9%  19.0  152s
  2592  1688  415.57119   36  142  436.47524  384.47664  11.9%  19.1  155s
H 2599  1639                     427.5637664  384.47664  10.1%  19.1  160s
  2840  1714  388.38370   20  159  427.56377  386.34744  9.64%  19.5  168s
  2886  1700 infeasible   26       427.56377  386.34744  9.64%  19.8  170s
  2988  1752  416.26199   27  149  427.56377  386.34744  9.64%  20.0  175s
  3296  1796  401.86441   25  178  427.56377  386.34744  9.64%  20.0  180s
  3767  1934  411.56951   26  204  427.56377  388.14517  9.22%  20.2  186s
  4023  1960  425.94415   43   41  427.56377  388.14517  9.22%  20.5  194s
  4219  2007  396.84607   25  203  427.56377  390.33240  8.71%  20.6  197s
  4562  2026  419.97735   27   88  427.56377  390.58988  8.65%  20.8  202s
  4692  2035  395.75418   25  229  427.56377  390.58988  8.65%  20.8  206s
  4794  2112  403.45952   31  176  427.56377  391.17542  8.51%  20.8  217s
  4981  2159  408.07477   22  147  427.56377  391.54483  8.42%  20.8  220s
  5412  2222  398.17988   24  130  427.56377  392.06427  8.30%  20.6  230s
  5831  2238  423.08872   25  105  427.56377  392.68011  8.16%  20.7  243s
  6246  2321  408.72231   33  152  427.56377  393.00707  8.08%  20.6  245s
  6540  2448  402.05419   28  204  427.56377  393.24446  8.03%  20.8  256s
  6906  2620     cutoff   33       427.56377  393.62801  7.94%  20.7  261s
  7204  2778  415.03308   27  133  427.56377  394.06502  7.83%  21.0  265s
  8010  3083  427.37062   31   66  427.56377  394.51202  7.73%  21.3  273s
  8197  3092  401.84396   21  194  427.56377  394.55374  7.72%  21.3  285s
  8416  3309     cutoff   32       427.56377  394.75334  7.67%  21.3  290s
  9207  3535     cutoff   26       427.56377  395.54828  7.49%  21.4  298s
  9377  3542  425.23614   39  190  427.56377  395.54828  7.49%  21.5  311s
  9668  3800  422.05368   36    -  427.56377  395.73428  7.44%  21.6  316s
 10402  4041     cutoff   28       427.56377  396.09989  7.36%  21.6  321s
 10796  4154  400.29913   20  210  427.56377  396.46714  7.27%  21.6  334s
 11114  4276  412.86776   27  160  427.56377  396.58200  7.25%  21.8  336s
 11471  4328  421.27097   39  179  427.56377  396.80357  7.19%  22.0  342s
 11677  4411  425.23885   32  112  427.56377  396.99045  7.15%  22.2  353s
 11974  4501  425.72415   26    -  427.56377  397.25246  7.09%  22.3  366s
 12351  4529  417.24773   35  110  427.56377  397.41098  7.05%  22.3  381s
 13591  5067  423.55358   36  103  427.56377  398.09136  6.89%  22.4  385s
 14087  5236  415.74872   25  178  427.56377  398.35787  6.83%  22.5  393s
 14595  5348  425.58161   28  174  427.56377  398.68315  6.75%  22.5  396s
 15876  5604     cutoff   34       427.56377  399.36226  6.60%  22.6  404s
 15926  5601  427.38556   40   61  427.56377  399.36226  6.60%  22.6  405s
 16399  5872     cutoff   33       427.56377  399.59982  6.54%  22.7  410s
 17213  6014  405.43244   31  198  427.56377  399.82399  6.49%  22.8  415s
 18050  6351  423.45526   33   39  427.56377  400.37474  6.36%  22.9  424s
 18677  6523     cutoff   37       427.56377  400.59809  6.31%  23.0  433s
 19407  6670  421.89998   33  132  427.56377  400.74197  6.27%  23.0  437s
 19997  6888  402.97797   24  177  427.56377  401.02343  6.21%  23.0  444s
 20775  7037     cutoff   27       427.56377  401.29540  6.14%  23.0  447s
 21568  7157  426.75535   33   46  427.56377  401.46039  6.11%  23.1  460s
 22476  7321  408.17296   23  215  427.56377  401.74122  6.04%  23.3  466s
 23571  7600  412.26605   27   87  427.56377  402.17837  5.94%  23.4  474s
 23809  7602     cutoff   35       427.56377  402.20734  5.93%  23.4  475s
 24165  7804  421.50701   26  154  427.56377  402.35629  5.90%  23.4  480s
 25000  7927  422.10120   28  146  427.56377  402.55475  5.85%  23.4  486s
 26391  8209  406.34471   25  177  427.56377  403.01238  5.74%  23.5  495s
 27182  8374  412.32821   36  193  427.56377  403.18792  5.70%  23.5  503s
 27502  8376  416.47236   26  215  427.56377  403.18792  5.70%  23.5  506s
 28023  8469  416.45094   25  105  427.56377  403.38778  5.65%  23.5  512s
 28620  8618  410.40225   26  214  427.56377  403.61679  5.60%  23.6  515s
 29344  8794  418.25327   22  137  427.56377  403.88106  5.54%  23.7  520s
 30143  8905     cutoff   32       427.56377  404.08642  5.49%  23.7  529s
 30706  9006  411.90481   31  106  427.56377  404.26784  5.45%  23.8  535s
 32061  9207 infeasible   26       427.56377  404.65090  5.36%  23.8  543s
 33763  9553     cutoff   28       427.56377  405.07810  5.26%  23.9  547s
 34469  9662  416.98027   21  123  427.56377  405.27243  5.21%  24.0  550s
 35797  9881  419.39548   29   81  427.56377  405.58810  5.14%  24.1  556s
 36452  9968  413.49330   25  118  427.56377  405.77613  5.10%  24.1  561s
 37036 10079  425.23896   29  202  427.56377  405.89916  5.07%  24.2  566s
 38424 10277  423.37428   35  109  427.56377  406.23186  4.99%  24.2  573s
 39095 10362  410.02661   29  124  427.56377  406.38362  4.95%  24.2  580s
 41410 10599  423.26808   36  116  427.56377  406.93250  4.83%  24.3  585s
 43217 10773     cutoff   37       427.56377  407.33100  4.73%  24.4  593s
 43823 10859     cutoff   31       427.56377  407.50695  4.69%  24.4  596s
 45142 10976  421.83538   30  181  427.56377  407.83054  4.62%  24.4  601s
 46925 11134  414.45797   29  138  427.56377  408.32821  4.50%  24.5  606s
 47551 11173     cutoff   37       427.56377  408.44395  4.47%  24.5  610s
 49036 11235  421.99424   36  178  427.56377  408.79155  4.39%  24.6  618s
 50226 11288  425.38199   30  141  427.56377  409.12508  4.31%  24.7  622s
 51466 11342     cutoff   25       427.56377  409.35532  4.26%  24.7  626s
 52678 11358  420.60821   30  174  427.56377  409.60378  4.20%  24.8  630s
 55240 11413  412.54765   26  189  427.56377  410.15828  4.07%  24.8  635s
 56918 11442  420.47984   34  186  427.56377  410.47998  4.00%  24.9  640s
 58405 11504     cutoff   30       427.56377  410.83976  3.91%  25.0  645s
 59670 11422  424.69505   29  128  427.56377  411.13209  3.84%  25.0  650s
 62275 11409  417.22688   31  148  427.56377  411.68029  3.71%  25.1  655s
 64606 11369     cutoff   32       427.56377  412.17243  3.60%  25.1  662s
 66252 11337  420.39068   34  176  427.56377  412.45399  3.53%  25.2  666s
 67757 11212  426.95763   29  109  427.56377  412.79580  3.45%  25.2  672s
 68580 11141  425.35411   41   83  427.56377  412.93064  3.42%  25.2  676s
 70221 11077     cutoff   32       427.56377  413.35237  3.32%  25.2  680s
 71905 10946  418.90660   31  198  427.56377  413.64809  3.25%  25.3  686s
 74308 10675  425.11885   37    -  427.56377  414.26828  3.11%  25.4  691s
 75920 10533 infeasible   30       427.56377  414.59531  3.03%  25.4  695s
 77575 10351     cutoff   36       427.56377  414.99502  2.94%  25.4  702s
 79276 10122     cutoff   34       427.56377  415.28812  2.87%  25.4  709s
 79444 10126  415.91699   26  199  427.56377  415.29266  2.87%  25.4  711s
 80127 10035 infeasible   34       427.56377  415.51965  2.82%  25.4  715s
 82635  9654     cutoff   41       427.56377  415.99988  2.70%  25.4  720s
 85160  9292     cutoff   31       427.56377  416.56819  2.57%  25.4  725s
 89041  8575  426.69983   29  127  427.56377  417.48852  2.36%  25.4  730s
 91608  7712     cutoff   35       427.56377  418.11852  2.21%  25.5  735s
 95009  6561 infeasible   33       427.56377  419.01218  2.00%  25.5  740s
 97594  5627 infeasible   31       427.56377  419.90618  1.79%  25.5  746s
 99340  4878  425.01457   37  125  427.56377  420.51604  1.65%  25.5  751s
 101946  3512     cutoff   36       427.56377  421.66689  1.38%  25.5  756s
 104520  1785     cutoff   33       427.56377  423.21096  1.02%  25.4  760s

Cutting planes:
  Gomory: 28
  Cover: 14
  Implied bound: 4
  Flow cover: 17
  GUB cover: 1
  Inf proof: 9
  Zero half: 53
  RLT: 11
  Relax-and-lift: 3
  Lazy constraints: 3064

Explored 107597 nodes (2703230 simplex iterations) in 762.63 seconds (162.88 work units)
Thread count was 8 (of 16 available processors)

Solution count 4: 427.564 436.475 444.113 458.805 

Optimal solution found (tolerance 1.00e-04)
Best objective 4.275637664265e+02, best bound 4.275637664265e+02, gap 0.0000%

User-callback calls 218852, time in user-callback 630.77 sec
### START EXACT APPROACH ###
ProblemVariant: 1
### START PREPROCESSING ###
## Start infeasible path procedure ## 
Deleted arcs: 3
Infeasible tail paths: 9
Infeasible 2-node combinations: 1
## Start extended infeasible path procedure ##
Deleted arcs: 3
Infeasible tail paths: 9
Infeasible 2-node combinations: 1
## Start start solution procedure ##
Start solution with 5 Vehicles and total costs 458.805 in 3.89226 s.
### END PREPROCESSING ###
Route 0 0-6-1-2-7-5-9-0 : weight util 0.933333 | volume util 0.675956 | infeasible with packing heuristic | feasible with CP model
Route 1 0-10-8-3-4-0 : weight util 0.483333 | volume util 0.617800 | infeasible with packing heuristic | feasible with CP model
Route 2 0-11-13-0 : weight util 0.416667 | volume util 0.277289 | feasible with packing heuristic | feasible with CP model
Route 3 0-12-15-18-20-17-0 : weight util 0.983333 | volume util 0.726644 | infeasible with packing heuristic | feasible with CP model
Route 4 0-16-19-21-14-0 : weight util 0.933333 | volume util 0.637111 | infeasible with packing heuristic | feasible with CP model
