
Gurobi 12.0.1 (win64, C++) logging started Sat Apr 19 14:50:38 2025

Set parameter TokenServer to value "141.76.38.119"
Set parameter Threads to value 8
Set parameter LazyConstraints to value 1
Set parameter PreCrush to value 1
Set parameter Seed to value 0
Set parameter Cuts to value -1
Set parameter TimeLimit to value 28800
Set parameter NumericFocus to value 0
Set parameter SolutionLimit to value 10000
Gurobi Optimizer version 12.0.1 build v12.0.1rc0 (win64 - Windows Server 2022.0 (20348.2))

CPU model: AMD EPYC 7513 32-Core Processor, instruction set [SSE2|AVX|AVX2]
Thread count: 16 physical cores, 16 logical processors, using up to 8 threads

Non-default parameters:
SolutionLimit  10000
TimeLimit  28800
PreCrush  1
Threads  8
LazyConstraints  1

Optimize a model with 862 rows, 1681 columns and 4920 nonzeros
Model fingerprint: 0x7fdaaf26
Variable types: 0 continuous, 1681 integer (1681 binary)
Coefficient statistics:
  Matrix range     [1e+00, 1e+00]
  Objective range  [4e+00, 7e+01]
  Bounds range     [1e+00, 1e+00]
  RHS range        [1e+00, 1e+01]

Warning: Completing partial solution with 1544 unfixed non-continuous variables out of 1681
User MIP start produced solution with objective 1072.45 (0.01s)
Loaded user MIP start with objective 1072.45

Presolve removed 22 rows and 83 columns
Presolve time: 0.01s
Presolved: 840 rows, 1598 columns, 4674 nonzeros
Variable types: 0 continuous, 1598 integer (1598 binary)

Root relaxation: objective 6.350581e+02, 169 iterations, 0.00 seconds (0.00 work units)

    Nodes    |    Current Node    |     Objective Bounds      |     Work
 Expl Unexpl |  Obj  Depth IntInf | Incumbent    BestBd   Gap | It/Node Time

     0     0  635.05813    0    - 1072.45325  635.05813  40.8%     -    0s
     0     0  656.63003    0    8 1072.45325  656.63003  38.8%     -    0s
     0     0  695.13587    0   10 1072.45325  695.13587  35.2%     -    0s
     0     0  731.52053    0   37 1072.45325  731.52053  31.8%     -    0s
     0     0  735.94445    0   44 1072.45325  735.94445  31.4%     -    0s
     0     0  747.35743    0   65 1072.45325  747.35743  30.3%     -    0s
     0     0  756.33166    0   78 1072.45325  756.33166  29.5%     -    0s
     0     0  763.10253    0  100 1072.45325  763.10253  28.8%     -    0s
     0     0  769.89784    0   83 1072.45325  769.89784  28.2%     -    1s
     0     2  769.89784    0   79 1072.45325  769.89784  28.2%     -    1s
    23    32  800.42874    5  134 1072.45325  785.51781  26.8%   276    5s
    55    64  818.57928    7  147 1072.45325  785.51781  26.8%   481   11s
    77    80  821.55545    8  146 1072.45325  785.51781  26.8%   519   15s
   100   111  830.80128   12  150 1072.45325  785.51781  26.8%   489   20s
   123   136  821.05098   12  159 1072.45325  785.51781  26.8%   459   25s
   147   164  831.51734   14  147 1072.45325  785.51781  26.8%   432   30s
   183   202  833.64346   15  150 1072.45325  785.51781  26.8%   388   37s
   201   214  833.35302   16  144 1072.45325  785.51781  26.8%   364   40s
Warning: Completing partial solution with 1544 unfixed non-continuous variables out of 1681
H  257   264                     978.8811389  785.51781  19.8%   305   41s
   422   462  839.66906   36  139  978.88114  785.51781  19.8%   221   45s
   763   767  852.91352  104  110  978.88114  785.71724  19.7%   156   50s
  1001  1014  900.47789  133   93  978.88114  785.71724  19.7%   146   55s
  1503  1525  827.09455    7  160  978.88114  785.71724  19.7%   120   60s
Warning: Completing partial solution with 1544 unfixed non-continuous variables out of 1681
H 1766  1781                     953.2226376  785.71724  17.6%   117   62s
  2082  2116  839.63183   57  129  953.22264  785.71724  17.6%   109   65s
  2287  2235  848.17650  120   83  953.22264  787.50563  17.4%   107   99s
  2289  2236  848.89151   89 1395  953.22264  816.87255  14.3%   107  104s
  2290  2237  838.14574   34 1405  953.22264  819.56384  14.0%   106  108s
  2291  2238  820.52427   10 1411  953.22264  820.52427  13.9%   106  111s
  2293  2239  823.02244   20 1419  953.22264  821.06951  13.9%   106  115s
  2297  2242  838.40118   55 1420  953.22264  821.56808  13.8%   106  122s
  2299  2243  821.98447    9 1422  953.22264  821.98447  13.8%   106  126s
  2301  2244  906.77160  325 1415  953.22264  822.26126  13.7%   106  130s
  2305  2247  845.30631   77 1422  953.22264  822.99547  13.7%   106  137s
  2307  2248  914.21889  400 1406  953.22264  823.28230  13.6%   106  141s
  2312  2257  823.28230   14 1406  953.22264  823.28230  13.6%   109  145s
  2529  2412  829.27297   28 1400  953.22264  823.28230  13.6%   126  150s
  2830  2621  832.23109   46 1367  953.22264  823.28230  13.6%   146  157s
  3029  2769  833.73038   56 1362  953.22264  823.28230  13.6%   157  160s
  3607  3165  855.19120   87 1215  953.22264  823.28343  13.6%   172  165s
  4249  3510  868.88386  121 1105  953.22264  823.29206  13.6%   171  170s
Warning: Completing partial solution with 1544 unfixed non-continuous variables out of 1681
H 4878  3648                     912.4280090  823.45270  9.75%   174  174s
  4936  3700  841.37754   31 1385  912.42801  823.45270  9.75%   173  175s
H 5290  3759                     911.2000459  823.49459  9.63%   174  178s
  5531  3931 infeasible   75       911.20005  823.51312  9.62%   175  180s
  6037  4100 infeasible   70       911.20005  823.52788  9.62%   173  185s
H 6089  3940                     908.1999726  823.52788  9.32%   173  185s
  6291  4039  873.21054   58 1030  908.19997  824.43476  9.22%   173  191s
  6528  4228  827.19415   29 1400  908.19997  824.43476  9.22%   172  196s
Warning: Completing partial solution with 1544 unfixed non-continuous variables out of 1681
H 6587  3550                     880.1491850  824.43476  6.33%   172  196s
  6773  3676  840.81499   38 1368  880.14918  824.93284  6.27%   172  200s
  7337  3990  864.81220   75 1185  880.14918  824.93284  6.27%   170  206s
  8066  4330  859.71029   38 1316  880.14918  825.34953  6.23%   170  211s
  8634  4582  853.41327   48 1321  880.14918  825.34953  6.23%   170  215s
  9357  5080  850.98026   39 1343  880.14918  826.06451  6.14%   173  222s
  9623  5088  834.89095   20 1387  880.14918  826.11766  6.14%   173  225s
  9639  5158  836.58612   22 1383  880.14918  826.11766  6.14%   173  232s
  9717  5253  853.88364   33 1302  880.14918  826.11766  6.14%   173  235s
 10161  5748  856.33257   43 1261  880.14918  826.18964  6.13%   172  240s
H10806  5756                     875.7253689  826.35251  5.64%   171  243s
 10923  5978  841.72596   33 1382  875.72537  826.49019  5.62%   171  246s
 11566  6523     cutoff   69       875.72537  826.74831  5.59%   170  252s
 11976  6789  832.65072   27 1356  875.72537  826.97976  5.57%   170  255s
 12770  7448  872.78535   68  954  875.72537  827.22195  5.54%   169  262s
 13221  7825     cutoff   70       875.72537  827.22195  5.54%   169  265s
 14163  8613  871.25953   50 1263  875.72537  827.60797  5.49%   168  273s
 14789  8972  853.82406   37 1372  875.72537  827.64013  5.49%   167  277s
 15359  9377  841.02433   31 1277  875.72537  827.86149  5.47%   168  281s
 15942  9889  834.16354   25 1363  875.72537  828.04043  5.45%   169  286s
 16584 10291  849.04811   33 1350  875.72537  828.11825  5.44%   169  292s
 17096 10824  847.77009   40 1324  875.72537  828.17804  5.43%   170  297s
 17827 11313  838.43592   23 1366  875.72537  828.36199  5.41%   169  302s
 18498 11906  849.10569   35 1297  875.72537  828.50701  5.39%   170  307s
 19263 12446  867.33556   46 1341  875.72537  828.50701  5.39%   170  313s
 20072 12862  842.48696   31 1363  875.72537  828.77155  5.36%   170  319s
 20726 13162  839.24703   25 1356  875.72537  828.85298  5.35%   171  325s
 21236 13528  849.13162   38 1371  875.72537  828.97468  5.34%   172  331s
 21786 14037  845.58662   24 1346  875.72537  829.09480  5.32%   174  337s
 22538 14690  835.54109   34 1391  875.72537  829.17587  5.32%   175  344s
 23369 15145  839.92559   32 1366  875.72537  829.33948  5.30%   175  351s
 23964 15163  850.87656   30 1306  875.72537  829.37262  5.29%   176  362s
H23966 14732                     873.1046767  829.37262  5.01%   176  362s
H23977 15199                     872.9578677  829.37262  4.99%   176  369s
 24671 15787  861.72632   57 1174  872.95787  829.48892  4.98%   176  376s
 25487 16371  843.62459   31 1287  872.95787  829.55802  4.97%   176  383s
 26238 16717  858.78578   56 1369  872.95787  829.61472  4.97%   177  390s
 26769 17002  850.89388   23 1353  872.95787  829.71173  4.95%   177  397s
 27223 17474  836.06667   28 1388  872.95787  829.88396  4.93%   178  404s
 27979 18030  834.27436   23 1398  872.95787  830.04836  4.92%   178  412s
 28737 18493  835.05161   24 1395  872.95787  830.16016  4.90%   179  419s
 29426 18955  832.18582   23 1402  872.95787  830.24262  4.89%   179  426s
 30102 19448  846.98656   31 1367  872.95787  830.32219  4.88%   180  434s
 30733 19912  872.66733   42 1244  872.95787  830.38905  4.88%   181  441s
 31441 20325  837.92239   26 1366  872.95787  830.46653  4.87%   181  448s
 32018 20848  850.83535   32 1307  872.95787  830.51359  4.86%   182  455s
 32684 21283  868.65683   55 1184  872.95787  830.61757  4.85%   182  463s
 33363 21787  855.03524   37 1055  872.95787  830.77086  4.83%   183  470s
 34012 22247  853.79190   43 1341  872.95787  830.81746  4.83%   183  478s
 34599 22592  855.70531   35 1230  872.95787  830.86335  4.82%   185  486s
 35086 22948  865.60925   57 1235  872.95787  830.87228  4.82%   185  493s
 35676 23393  843.03916   35 1349  872.95787  830.90529  4.82%   186  501s
 36287 23871  868.33442   56  870  872.95787  830.91478  4.82%   187  509s
 36937 24172  839.46241   27 1377  872.95787  831.01315  4.80%   188  517s
 37399 24529     cutoff   43       872.95787  831.04595  4.80%   189  524s
 38017 24921  839.65226   37 1378  872.95787  831.10695  4.79%   189  533s
 38557 25377  846.52031   29 1348  872.95787  831.14724  4.79%   190  541s
 39227 25718  850.82632   30 1371  872.95787  831.25683  4.78%   190  549s
 39770 26111  852.41792   36 1381  872.95787  831.31669  4.77%   191  557s
 40426 26607  867.39930   50 1324  872.95787  831.37303  4.76%   191  565s
 41118 27003  855.67976   41 1351  872.95787  831.45894  4.75%   191  573s
 41743 27459  862.78905   33 1363  872.95787  831.53931  4.74%   191  582s
 42350 27771  865.08393   42 1268  872.95787  831.58856  4.74%   192  590s
 42877 28047  860.29182   42 1360  872.95787  831.64257  4.73%   193  599s
 43300 28413  857.00259   32 1283  872.95787  831.66560  4.73%   193  607s
 43775 28830  851.05919   42 1300  872.95787  831.69495  4.73%   194  616s
 44386 29135  847.20075   26 1357  872.95787  831.74311  4.72%   195  624s
 44938 29560  869.11043   38 1200  872.95787  831.78289  4.72%   196  633s
 45583 29948  859.03218   29 1346  872.95787  831.85021  4.71%   196  642s
 46187 30227  854.46345   36 1343  872.95787  831.93949  4.70%   196  651s
 46655 30666  840.81455   25 1332  872.95787  831.98919  4.69%   197  660s
 47258 31044  842.94507   34 1328  872.95787  832.04767  4.69%   197  668s
 47772 31392  867.24049   62 1233  872.95787  832.05991  4.68%   198  677s
 48314 31751     cutoff   55       872.95787  832.11451  4.68%   198  687s
 48853 32107  849.82399   36 1354  872.95787  832.14807  4.67%   198  696s
 49424 32440  866.68675   33 1319  872.95787  832.23049  4.67%   199  705s
 49972 32869  853.81945   36 1320  872.95787  832.26684  4.66%   199  714s
 50649 33074  837.48363   22 1388  872.95787  832.32151  4.66%   200  726s
 50956 33261  844.29756   45 1301  872.95787  832.36334  4.65%   200  736s
 51290 33669  865.11071   48 1345  872.95787  832.36334  4.65%   200  746s
 51897 34174  840.73204   25 1382  872.95787  832.44747  4.64%   200  755s
 52545 34564 infeasible   56       872.95787  832.47468  4.64%   201  764s
 52626 34564  851.72080   30 1380  872.95787  832.47468  4.64%   201  765s
 53185 34901     cutoff   51       872.95787  832.52748  4.63%   201  774s
 53769 35287  855.01052   37 1356  872.95787  832.55084  4.63%   201  784s
 54362 35625  843.54667   31 1386  872.95787  832.61210  4.62%   201  795s
 54859 35986     cutoff   57       872.95787  832.64793  4.62%   201  804s
 54988 35986  845.01332   28 1366  872.95787  832.66441  4.62%   202  805s
 55380 36351  840.74278   28 1365  872.95787  832.68909  4.61%   202  814s
 55886 36696     cutoff   43       872.95787  832.70737  4.61%   202  824s
 56469 37025  845.33061   27 1389  872.95787  832.75408  4.61%   202  834s
 56877 37405  862.01461   46 1354  872.95787  832.77790  4.60%   203  844s
 57567 37415  858.10808   54 1367  872.95787  832.81952  4.60%   203  859s
 57576 37462  860.28985   55 1363  872.95787  832.81952  4.60%   203  871s
 57641 37812  863.14705   56 1358  872.95787  832.82888  4.60%   203  882s
 58172 38242  837.22940   29 1394  872.95787  832.84405  4.60%   203  893s
 58811 38624  845.23448   23 1374  872.95787  832.88771  4.59%   203  903s
 59352 39031  868.59092   49 1331  872.95787  832.94527  4.58%   203  913s
 59941 39295  872.22319   60  435  872.95787  832.98765  4.58%   204  924s
 60434 39535  853.82784   39 1306  872.95787  832.99680  4.58%   204  934s
 60912 39799  837.35622   26 1376  872.95787  833.03987  4.57%   205  944s
 61305 39799  857.76351   31 1349  872.95787  833.04152  4.57%   205  945s
 61432 40124  865.53438   31 1308  872.95787  833.06449  4.57%   205  955s
 61992 40601  839.66588   30 1378  872.95787  833.10930  4.56%   205  966s
 62614 40929  852.41126   30 1370  872.95787  833.13760  4.56%   206  977s
 63114 41310  843.17358   23 1375  872.95787  833.21035  4.55%   206  988s
 63683 41728  848.25224   29 1335  872.95787  833.26736  4.55%   206  999s
 64316 41970  849.97517   29 1376  872.95787  833.29855  4.54%   206 1010s
 64782 42295  864.92063   32 1328  872.95787  833.31032  4.54%   207 1020s
 65291 42735     cutoff   58       872.95787  833.36820  4.54%   207 1031s
 65913 43053  845.72771   30 1382  872.95787  833.43298  4.53%   207 1042s
 66440 43367  854.04609   33 1379  872.95787  833.45284  4.53%   208 1053s
 66901 43833  857.28326   34 1355  872.95787  833.48899  4.52%   208 1065s
 67582 44150     cutoff   38       872.95787  833.52983  4.52%   208 1076s
 68125 44447  843.04980   26 1328  872.95787  833.57039  4.51%   208 1087s
 68638 44781     cutoff   31       872.95787  833.61576  4.51%   208 1098s
 69186 45017  847.77566   32 1343  872.95787  833.66710  4.50%   209 1109s
 69583 45326     cutoff   30       872.95787  833.69177  4.50%   209 1120s
 70136 45702  845.69248   25 1373  872.95787  833.73492  4.49%   209 1132s
 70723 45970  848.47497   33 1308  872.95787  833.75037  4.49%   210 1144s
 71225 46236  841.94148   30 1385  872.95787  833.81031  4.48%   210 1155s
 71742 46535  849.31107   32 1392  872.95787  833.84761  4.48%   210 1167s
 72205 46837  841.71263   25 1410  872.95787  833.88265  4.48%   211 1179s
 72639 47226  850.81608   32 1383  872.95787  833.89331  4.47%   211 1191s
 73250 47678  854.51446   41 1280  872.95787  833.91253  4.47%   211 1203s
 73894 48082  840.78641   21 1374  872.95787  833.94541  4.47%   211 1215s
H74248 47477                     871.6309502  833.96965  4.32%   211 1215s
 74534 47705  870.11026   58 1347  871.63095  833.98678  4.32%   211 1230s
 74930 48046  870.86229   59 1307  871.63095  833.99749  4.32%   212 1242s
 75468 48300  837.37493   33 1385  871.63095  834.04621  4.31%   212 1254s
 75889 48611  870.51861   54 1204  871.63095  834.04957  4.31%   212 1266s
 76356 48887  866.64623   40 1233  871.63095  834.11744  4.30%   213 1277s
 76808 49216     cutoff   50       871.63095  834.11744  4.30%   213 1289s
 77369 49518     cutoff   48       871.63095  834.17787  4.30%   213 1301s
 77887 49778  870.24696   37 1300  871.63095  834.22662  4.29%   214 1313s
 78413 50125     cutoff   45       871.63095  834.25289  4.29%   214 1325s
 78927 50512  853.13825   40 1334  871.63095  834.25289  4.29%   214 1338s
 79574 50948  848.44734   32 1346  871.63095  834.28834  4.28%   214 1351s
 80215 51223     cutoff   54       871.63095  834.32198  4.28%   214 1363s
 80692 51548  849.90987   39 1378  871.63095  834.34392  4.28%   215 1376s
 81218 51857  848.18716   25 1377  871.63095  834.37068  4.27%   215 1389s
 81676 51865  865.42390   49 1340  871.63095  834.39764  4.27%   215 1406s
 81684 51873  867.10224   50 1350  871.63095  834.39764  4.27%   215 1419s
 81692 52015  867.97772   51 1353  871.63095  834.39841  4.27%   215 1432s
 81955 52386  869.69366   40 1343  871.63095  834.39841  4.27%   215 1445s
 82469 52759  870.69512   52 1267  871.63095  834.44854  4.27%   215 1458s
 83025 53152 infeasible   40       871.63095  834.47127  4.26%   216 1472s
 83640 53490     cutoff   29       871.63095  834.49666  4.26%   216 1485s
 84211 53791  847.93623   32 1403  871.63095  834.51228  4.26%   216 1498s
 84676 54213  846.04352   32 1398  871.63095  834.54947  4.25%   216 1512s
 85289 54451  871.60863   46 1266  871.63095  834.56760  4.25%   217 1525s
 85713 54846  860.44606   46 1169  871.63095  834.59410  4.25%   217 1539s
 86266 55229  869.59404   47 1314  871.63095  834.61515  4.25%   217 1552s
 86859 55552  868.20535   48 1372  871.63095  834.64877  4.24%   217 1566s
 87435 55839  840.33241   26 1385  871.63095  834.67439  4.24%   218 1581s
 87857 56180  859.98147   47 1189  871.63095  834.67441  4.24%   218 1594s
 88000 56180  858.89342   44 1307  871.63095  834.67441  4.24%   218 1595s
 88426 56505  869.98004   47 1269  871.63095  834.73769  4.23%   218 1608s
 89044 56529  856.23023   43 1346  871.63095  834.75069  4.23%   218 1630s
 89114 56717  856.23251   44 1350  871.63095  834.75069  4.23%   218 1646s
 89445 57003  865.25133   56 1308  871.63095  834.76777  4.23%   218 1660s
 89886 57292  865.07173   38 1358  871.63095  834.80794  4.22%   218 1675s
 90351 57732  840.70216   29 1403  871.63095  834.83608  4.22%   219 1689s
 91004 58092  853.98246   31 1383  871.63095  834.85390  4.22%   219 1703s
 91611 58407  841.15565   37 1334  871.63095  834.88233  4.22%   219 1717s
 92113 58691  857.05867   39 1350  871.63095  834.90660  4.21%   219 1731s
 92679 58914  838.27027   28 1385  871.63095  834.92786  4.21%   219 1745s
 93167 59252  866.52979   42 1286  871.63095  834.92786  4.21%   220 1760s
 93708 59611  866.05653   53 1335  871.63095  834.95801  4.21%   220 1774s
 94402 59935  843.68936   33 1347  871.63095  834.99814  4.20%   220 1789s
 94938 60250  841.99876   27 1388  871.63095  835.02253  4.20%   220 1804s
 95454 60648  861.09612   44 1065  871.63095  835.02253  4.20%   220 1818s
 96087 60977  846.62264   30 1367  871.63095  835.07277  4.19%   220 1833s
 96611 61267  843.22543   36 1372  871.63095  835.09017  4.19%   221 1848s
 97047 61600  864.98126   41 1294  871.63095  835.11127  4.19%   221 1865s
 97579 61967  843.07289   26 1367  871.63095  835.14003  4.19%   221 1880s
 98152 62218  841.18270   29 1386  871.63095  835.17084  4.18%   221 1895s
 98606 62497  855.68448   34 1341  871.63095  835.19659  4.18%   221 1910s
 99090 62855  863.22119   59 1358  871.63095  835.21286  4.18%   222 1925s
 99682 63161  849.35707   29 1385  871.63095  835.24575  4.17%   222 1940s
 100201 63476  847.07735   31 1351  871.63095  835.28357  4.17%   222 1955s
 100761 63735  844.60970   36 1397  871.63095  835.31881  4.17%   222 1970s
 101198 64002  848.87427   31 1327  871.63095  835.32987  4.16%   222 1985s
 101696 64366  861.80844   25 1384  871.63095  835.34415  4.16%   223 2000s
 102287 64645  836.40648   28 1380  871.63095  835.37440  4.16%   223 2015s
 102753 64944     cutoff   60       871.63095  835.37965  4.16%   223 2033s
 103254 65168  842.97439   31 1402  871.63095  835.40322  4.16%   223 2049s
 103707 65394  843.30216   38 1335  871.63095  835.42460  4.15%   224 2064s
 104194 65764  848.57731   28 1336  871.63095  835.45131  4.15%   224 2079s
 104734 66069  848.60550   35 1341  871.63095  835.47172  4.15%   224 2094s
 105177 66348  863.47233   37 1332  871.63095  835.48344  4.15%   225 2109s
 105768 66624  855.60413   44 1393  871.63095  835.49280  4.15%   225 2124s
 106221 66869  851.34382   37 1367  871.63095  835.50980  4.14%   225 2139s
 106645 67252  851.27657   37 1360  871.63095  835.52890  4.14%   225 2155s
 107241 67527  849.29102   38 1371  871.63095  835.56170  4.14%   225 2170s
 107683 67865  861.13952   47 1293  871.63095  835.57108  4.14%   226 2185s
 108260 68128  858.40258   37 1306  871.63095  835.61133  4.13%   226 2203s
 108652 68491  861.46600   46 1307  871.63095  835.62811  4.13%   226 2219s
 108924 68491  867.31439   40 1315  871.63095  835.63782  4.13%   226 2220s
 109235 68822     cutoff   44       871.63095  835.65495  4.13%   226 2235s
 109769 69126  845.28942   31 1363  871.63095  835.65495  4.13%   226 2251s
 110293 69451  866.89193   46 1311  871.63095  835.65799  4.13%   227 2266s
 110821 69786  848.90985   33 1395  871.63095  835.69680  4.12%   227 2282s
 111412 70108  866.23642   45 1328  871.63095  835.72166  4.12%   227 2298s
 111984 70357     cutoff   43       871.63095  835.75378  4.12%   227 2315s
 112456 70589  838.70415   27 1382  871.63095  835.77250  4.11%   227 2331s
 112869 70958     cutoff   51       871.63095  835.77862  4.11%   227 2346s
 113470 71294  849.10345   37 1385  871.63095  835.80675  4.11%   227 2362s
 114046 71526     cutoff   33       871.63095  835.82622  4.11%   227 2383s
 114458 71808  845.92894   37 1338  871.63095  835.84564  4.11%   228 2399s
 114907 72086  844.62042   27 1381  871.63095  835.87111  4.10%   228 2415s
 115367 72436     cutoff   38       871.63095  835.87975  4.10%   228 2431s
 115962 72757  837.47249   28 1388  871.63095  835.90608  4.10%   228 2448s
 116460 73014  859.89284   36 1354  871.63095  835.92804  4.10%   228 2464s
 116932 73364  850.17916   34 1380  871.63095  835.93581  4.10%   229 2480s
 117509 73766  857.66973   29 1385  871.63095  835.96858  4.09%   229 2497s
 118114 74036  840.50550   27 1391  871.63095  836.00331  4.09%   229 2513s
 118583 74355  866.98866   38 1287  871.63095  836.02810  4.08%   229 2530s
 119065 74595  864.32748   53 1310  871.63095  836.03890  4.08%   229 2547s
 119541 74788  870.58663   36 1351  871.63095  836.06047  4.08%   229 2565s
 119942 74984  842.49447   33 1363  871.63095  836.06792  4.08%   230 2581s
 120368 75294  870.43145   59 1283  871.63095  836.08963  4.08%   230 2598s
 121001 75608  847.00460   32 1323  871.63095  836.11410  4.07%   230 2615s
 121491 75875  845.62668   28 1402  871.63095  836.13003  4.07%   230 2631s
 121863 76205  858.99946   44 1356  871.63095  836.13480  4.07%   230 2648s
 122428 76489  855.17109   37 1356  871.63095  836.17423  4.07%   230 2665s
 122920 76810  871.00117   38 1323  871.63095  836.19643  4.07%   231 2682s
 123476 77152  862.38890   43 1377  871.63095  836.22964  4.06%   231 2698s
 124021 77462  850.99990   26 1375  871.63095  836.24989  4.06%   231 2715s
 124539 77691  852.56275   31 1357  871.63095  836.27743  4.06%   231 2732s
 124964 77915  845.08176   35 1384  871.63095  836.30740  4.05%   231 2751s
 125468 78161     cutoff   32       871.63095  836.32228  4.05%   232 2767s
 125919 78445  857.79371   37 1339  871.63095  836.33453  4.05%   232 2783s
 126432 78716  850.86566   42 1383  871.63095  836.35219  4.05%   232 2800s
 126896 78973  852.14592   30 1383  871.63095  836.36431  4.05%   232 2817s
 127392 79264  858.18910   36 1370  871.63095  836.37696  4.04%   233 2834s
 127948 79587  863.54273   30 1367  871.63095  836.40127  4.04%   233 2851s
 128481 79760 infeasible   40       871.63095  836.41943  4.04%   233 2871s
 128823 80063  857.18705   46 1307  871.63095  836.42848  4.04%   233 2888s
 129351 80343  847.91082   45 1339  871.63095  836.44770  4.04%   233 2906s
 129874 80581  865.27494   26 1377  871.63095  836.47928  4.03%   233 2924s
 130322 80824  865.56273   43 1320  871.63095  836.48887  4.03%   234 2941s
 130747 80966 infeasible   51       871.63095  836.48887  4.03%   234 2963s
 131070 81206  871.31403   45 1329  871.63095  836.52976  4.03%   234 2981s
 131547 81506  843.12821   28 1371  871.63095  836.54275  4.03%   234 2999s
 132084 81779  871.56033   36 1350  871.63095  836.56542  4.02%   234 3017s
 132511 82104  846.24815   35 1326  871.63095  836.58612  4.02%   235 3035s
 133020 82439  863.76739   57 1175  871.63095  836.59166  4.02%   235 3053s
 133551 82764  853.50238   35 1369  871.63095  836.61779  4.02%   235 3072s
 134124 83093  846.25944   35 1367  871.63095  836.62476  4.02%   235 3090s
 134673 83361     cutoff   51       871.63095  836.64141  4.01%   235 3108s
 135142 83660  859.99429   41 1351  871.63095  836.65461  4.01%   236 3126s
 135680 83939     cutoff   31       871.63095  836.66996  4.01%   236 3144s
 136122 84246     cutoff   32       871.63095  836.68440  4.01%   236 3164s
 136665 84659  848.20807   35 1363  871.63095  836.68974  4.01%   236 3182s
 137269 84953  868.52378   63 1367  871.63095  836.70368  4.01%   236 3199s
 137463 84953  856.04868   61 1365  871.63095  836.70368  4.01%   236 3200s
 137729 85283  866.80887   57 1384  871.63095  836.73099  4.00%   236 3217s
 138291 85546     cutoff   50       871.63095  836.75344  4.00%   236 3235s
 138756 85880  871.26194   52 1319  871.63095  836.77018  4.00%   237 3253s
 139276 86221  863.47347   53 1378  871.63095  836.78874  4.00%   237 3272s
 139817 86532  861.02952   36 1356  871.63095  836.81154  3.99%   237 3290s
 140372 86549  845.28451   33 1363  871.63095  836.83563  3.99%   237 3315s
 140395 86557  854.00292   35 1358  871.63095  836.83563  3.99%   237 3334s
 140403 86622  854.75025   36 1365  871.63095  836.83563  3.99%   237 3353s
 140516 86689  856.17383   37 1363  871.63095  836.83563  3.99%   237 3374s
 140655 86828  862.19193   45 1360  871.63095  836.83563  3.99%   237 3393s
 140925 87129  856.52084   43 1365  871.63095  836.83563  3.99%   237 3413s
 141357 87324  855.08350   39 1398  871.63095  836.84646  3.99%   237 3432s
 141814 87574  855.64616   31 1395  871.63095  836.87365  3.99%   238 3451s
 142389 87838  842.86821   28 1362  871.63095  836.90478  3.98%   238 3471s
 142819 88182  870.08083   49 1328  871.63095  836.91052  3.98%   238 3490s
 143360 88501  868.91748   42 1339  871.63095  836.92905  3.98%   238 3510s
 143904 88823  855.17228   36 1382  871.63095  836.94497  3.98%   238 3530s
 144400 89134  869.83904   38 1247  871.63095  836.97210  3.98%   238 3550s
 145034 89382  844.17200   29 1396  871.63095  836.98661  3.97%   238 3569s
 145565 89660  864.80035   48 1299  871.63095  836.99578  3.97%   238 3589s
 146087 89901  850.55149   40 1319  871.63095  837.02188  3.97%   239 3608s
 146501 90179  847.39247   29 1359  871.63095  837.03588  3.97%   239 3628s
 147053 90503  860.66710   46 1361  871.63095  837.05877  3.97%   239 3648s
 147687 90838  870.23104   48 1337  871.63095  837.08464  3.96%   239 3668s
 148274 91122  844.15342   28 1394  871.63095  837.10959  3.96%   239 3688s
 148745 91440  871.37371   43 1235  871.63095  837.12243  3.96%   239 3708s
 149243 91738  866.04664   40 1261  871.63095  837.14243  3.96%   239 3728s
 149767 92036  851.62704   33 1309  871.63095  837.15207  3.96%   239 3747s
 150269 92313     cutoff   38       871.63095  837.17158  3.95%   240 3766s
 150660 92529  864.94136   31 1358  871.63095  837.18208  3.95%   240 3786s
 151144 92809  844.18958   29 1379  871.63095  837.19182  3.95%   240 3806s
 151678 93055  849.90181   36 1386  871.63095  837.20420  3.95%   240 3827s
 152135 93295  867.45095   35 1349  871.63095  837.21282  3.95%   241 3848s
 152577 93489  863.73649   40 1362  871.63095  837.21787  3.95%   241 3868s
 153054 93736  867.19604   28 1350  871.63095  837.23783  3.95%   241 3891s
 153540 94047  867.70262   39 1169  871.63095  837.24322  3.95%   241 3921s
 154008 94320  856.63291   33 1384  871.63095  837.25431  3.94%   241 3952s
 154466 94613     cutoff   54       871.63095  837.25431  3.94%   242 3979s
 154961 94972  851.40217   37 1360  871.63095  837.27602  3.94%   242 4001s
 155536 95237  865.02563   69 1012  871.63095  837.29133  3.94%   242 4022s
 156025 95601  845.32523   28 1368  871.63095  837.30130  3.94%   242 4043s
 156605 95898  859.07732   44 1384  871.63095  837.32201  3.94%   242 4064s
 157135 96112  858.24446   43 1365  871.63095  837.34948  3.93%   242 4085s
 157570 96438  854.89942   36 1359  871.63095  837.36071  3.93%   242 4106s
 158163 96840  848.95250   34 1312  871.63095  837.38819  3.93%   242 4127s
 158800 97116  855.08535   40 1374  871.63095  837.40798  3.93%   242 4149s
 159311 97311  843.48879   27 1380  871.63095  837.43352  3.92%   243 4169s
 159617 97586  858.19978   38 1298  871.63095  837.43827  3.92%   243 4189s
 160078 97930  844.41113   40 1371  871.63095  837.44237  3.92%   243 4209s
 160200 97930  866.81702   39 1303  871.63095  837.44344  3.92%   243 4210s
 160622 98153  860.29125   39 1315  871.63095  837.45840  3.92%   243 4230s
 161041 98309  870.21464   37 1269  871.63095  837.46520  3.92%   244 4251s
 161579 98575  851.26542   33 1386  871.63095  837.46536  3.92%   244 4273s
 162116 98770  855.48349   33 1376  871.63095  837.48363  3.92%   244 4293s
 162626 99107  841.06246   26 1380  871.63095  837.50221  3.92%   244 4315s
 163176 99327  859.68204   49 1344  871.63095  837.52096  3.91%   244 4336s
 163632 99602  868.46240   41 1292  871.63095  837.53155  3.91%   244 4357s
 164098 99847  847.67199   31 1375  871.63095  837.54404  3.91%   244 4379s
 164602 100084     cutoff   46       871.63095  837.55314  3.91%   245 4402s
 165048 100423  859.91906   41 1259  871.63095  837.57281  3.91%   245 4424s
 165630 100739  847.87935   40 1371  871.63095  837.58922  3.91%   245 4446s
 166171 100978  861.45138   42 1372  871.63095  837.61203  3.90%   245 4468s
 166656 101329  857.47630   30 1372  871.63095  837.62359  3.90%   245 4491s
 167232 101638  869.35902   41 1336  871.63095  837.64446  3.90%   245 4512s
 167699 101880  860.84683   36 1339  871.63095  837.65684  3.90%   245 4534s
 168121 102146     cutoff   45       871.63095  837.67647  3.90%   245 4555s
 168596 102429  868.61438   45 1319  871.63095  837.68746  3.89%   246 4577s
 169088 102727  858.25043   39 1366  871.63095  837.70066  3.89%   246 4599s
 169606 102962  854.23696   37 1381  871.63095  837.71423  3.89%   246 4621s
 170050 103220  857.91851   33 1291  871.63095  837.72218  3.89%   246 4642s
 170516 103527  865.55626   41 1370  871.63095  837.73502  3.89%   246 4664s
 171187 103756  854.91227   40 1394  871.63095  837.75179  3.89%   246 4686s
 171615 104013  850.21659   33 1365  871.63095  837.76598  3.89%   246 4708s
 172046 104302  870.45869   47 1255  871.63095  837.77381  3.88%   247 4730s
 172550 104569  848.02047   34 1368  871.63095  837.77882  3.88%   247 4752s
 172967 104813  860.79948   43 1390  871.63095  837.79125  3.88%   247 4774s
 173491 105154  853.05175   29 1333  871.63095  837.81472  3.88%   247 4796s
 174072 105370  851.76953   43 1389  871.63095  837.82518  3.88%   247 4817s
 174453 105650  854.99069   32 1383  871.63095  837.83545  3.88%   247 4839s
 174965 105932  870.95083   50 1246  871.63095  837.84423  3.88%   247 4861s
 175466 106187  855.34487   58 1384  871.63095  837.86102  3.87%   248 4883s
 175848 106497     cutoff   48       871.63095  837.86849  3.87%   248 4906s
 176301 106868  854.39768   26 1376  871.63095  837.87803  3.87%   248 4928s
 176911 107224  869.89289   57 1373  871.63095  837.89684  3.87%   248 4951s
 177519 107507  862.52327   38 1264  871.63095  837.92963  3.87%   248 4973s
 178006 107818  854.15685   42 1336  871.63095  837.93453  3.87%   248 4996s
 178458 108056  867.85539   54 1330  871.63095  837.94618  3.86%   248 5019s
 178953 108319  851.37377   37 1339  871.63095  837.95508  3.86%   249 5042s
 179478 108538  846.32579   32 1353  871.63095  837.97462  3.86%   249 5065s
 179905 108823  846.14035   30 1387  871.63095  837.98828  3.86%   249 5088s
 180419 109100  870.54324   38 1273  871.63095  838.00818  3.86%   249 5111s
 180935 109356  853.99015   35 1360  871.63095  838.01813  3.86%   249 5134s
 181397 109594  861.33907   40 1335  871.63095  838.04939  3.85%   249 5157s
 181871 109809  860.99505   37 1318  871.63095  838.05544  3.85%   249 5179s
 182356 110041  853.11333   37 1353  871.63095  838.06953  3.85%   249 5201s
 182782 110331  849.48293   41 1409  871.63095  838.07680  3.85%   249 5224s
 183248 110520  857.01706   36 1309  871.63095  838.09108  3.85%   250 5247s
 183819 110788  865.25182   43 1316  871.63095  838.11191  3.85%   250 5270s
 184327 111003  841.13552   27 1383  871.63095  838.12775  3.84%   250 5292s
 184758 111277     cutoff   50       871.63095  838.14525  3.84%   250 5315s
 185313 111548  860.63202   39 1328  871.63095  838.15795  3.84%   250 5338s
 185831 111824  843.44900   28 1400  871.63095  838.17280  3.84%   250 5361s
 186344 112093  854.24644   36 1381  871.63095  838.18784  3.84%   250 5386s
 186814 112309  869.15361   38 1376  871.63095  838.20281  3.84%   251 5410s
 187193 112584  869.20595   48 1296  871.63095  838.20801  3.83%   251 5434s
 187750 112894  863.68708   48 1255  871.63095  838.21735  3.83%   251 5458s
 188251 113159  866.98315   31 1381  871.63095  838.23514  3.83%   251 5484s
 188711 113431  843.31857   34 1342  871.63095  838.24645  3.83%   251 5509s
 189205 113750     cutoff   57       871.63095  838.26900  3.83%   251 5533s
 189699 114012  861.48842   40 1351  871.63095  838.27768  3.83%   251 5557s
 190261 114256  868.05021   58 1225  871.63095  838.29556  3.82%   251 5580s
 190760 114551  859.61226   42 1396  871.63095  838.30775  3.82%   251 5604s
 191091 114551  861.67891   43 1317  871.63095  838.31230  3.82%   251 5605s
 191289 114766  856.43557   45 1385  871.63095  838.32707  3.82%   252 5628s
 191661 114812 infeasible   37       871.63095  838.33704  3.82%   252 5667s
 191791 115078  855.63387   39 1371  871.63095  838.33935  3.82%   252 5691s
 192260 115322  851.05183   34 1396  871.63095  838.34526  3.82%   252 5716s
 192676 115567  846.47188   35 1336  871.63095  838.35854  3.82%   252 5743s
 193073 115742  846.10702   29 1388  871.63095  838.36999  3.82%   252 5768s
 193500 115932     cutoff   36       871.63095  838.36999  3.82%   252 5793s
 194051 116203  871.07068   46 1244  871.63095  838.39783  3.81%   252 5818s
 194511 116495  854.57683   31 1377  871.63095  838.40459  3.81%   252 5843s
 195013 116719  848.07138   41 1391  871.63095  838.41662  3.81%   253 5867s
 195448 116892  863.21532   34 1381  871.63095  838.43061  3.81%   253 5892s
 195847 117163  854.62868   40 1373  871.63095  838.44549  3.81%   253 5916s
 196340 117424  867.70394   47  723  871.63095  838.46942  3.80%   253 5941s
 196832 117686     cutoff   45       871.63095  838.49132  3.80%   253 5966s
 197359 117979  846.75973   27 1384  871.63095  838.51394  3.80%   253 5992s
 197855 118263  852.88295   34 1385  871.63095  838.52391  3.80%   253 6017s
 198360 118446  861.61602   33 1348  871.63095  838.54499  3.80%   253 6042s
 198786 118676  868.97647   43 1349  871.63095  838.55644  3.79%   254 6066s
 199183 118972  864.81912   45 1329  871.63095  838.56360  3.79%   254 6091s
 199737 119232  846.99817   33 1394  871.63095  838.57308  3.79%   254 6119s
 200218 119535     cutoff   37       871.63095  838.58508  3.79%   254 6145s
 200739 119778  858.26308   33 1287  871.63095  838.59257  3.79%   254 6171s
 201191 120032  843.74051   31 1374  871.63095  838.61036  3.79%   254 6195s
 201672 120277  868.99624   43 1341  871.63095  838.62719  3.79%   254 6220s
 202122 120502  851.92050   29 1375  871.63095  838.63481  3.79%   255 6245s
 202512 120733  862.54361   28 1370  871.63095  838.65101  3.78%   255 6270s
 202958 120935  846.45838   30 1393  871.63095  838.65735  3.78%   255 6297s
 203454 121210  859.07260   27 1385  871.63095  838.66757  3.78%   255 6321s
 203933 121502  869.52150   38 1365  871.63095  838.67736  3.78%   255 6347s
 204469 121693     cutoff   44       871.63095  838.69160  3.78%   255 6372s
 204918 121921  846.35818   39 1340  871.63095  838.69755  3.78%   255 6398s
 205443 122173     cutoff   46       871.63095  838.72280  3.78%   255 6423s
 205855 122426  868.02184   51 1341  871.63095  838.72809  3.77%   256 6450s
 206389 122680  842.08870   25 1397  871.63095  838.73887  3.77%   256 6476s
 206831 122943  857.46298   37 1303  871.63095  838.75404  3.77%   256 6502s
 207338 123078  857.14007   40 1356  871.63095  838.76715  3.77%   256 6536s
 207549 123249  869.88928   52 1341  871.63095  838.77034  3.77%   256 6562s
 207940 123555  851.76286   29 1385  871.63095  838.78487  3.77%   256 6588s
 208440 123761  861.19899   51 1276  871.63095  838.79344  3.77%   256 6613s
 208983 124042  855.96760   43 1313  871.63095  838.81010  3.77%   256 6640s
 209519 124290  856.58756   27 1339  871.63095  838.82006  3.76%   256 6665s
 209959 124552     cutoff   53       871.63095  838.82733  3.76%   256 6691s
 210412 124864  858.71639   47 1392  871.63095  838.83832  3.76%   257 6718s
 210936 125126  849.97667   27 1369  871.63095  838.85402  3.76%   257 6743s
 211452 125406  847.71760   28 1383  871.63095  838.86725  3.76%   257 6771s
 211962 125643  870.33822   47 1291  871.63095  838.87641  3.76%   257 6796s
 212395 125937  858.92901   37 1350  871.63095  838.89833  3.76%   257 6823s
 212914 126179  860.89910   31 1366  871.63095  838.90621  3.75%   257 6849s
 213378 126405  851.40619   50 1396  871.63095  838.91811  3.75%   257 6875s
 213779 126649  853.01378   35 1354  871.63095  838.92747  3.75%   257 6902s
 214247 126868  848.38885   36 1368  871.63095  838.94222  3.75%   258 6929s
 214666 127096  845.46171   28 1379  871.63095  838.95229  3.75%   258 6956s
 215142 127372     cutoff   38       871.63095  838.96803  3.75%   258 6982s
 215645 127609  861.92813   51 1350  871.63095  838.98337  3.75%   258 7009s
 216110 127888  865.34125   45 1295  871.63095  838.99642  3.74%   258 7035s
 216657 128154  846.18684   29 1399  871.63095  839.01512  3.74%   258 7061s
 217151 128429  852.02263   29 1358  871.63095  839.02825  3.74%   258 7088s
 217715 128701  855.70240   35 1343  871.63095  839.04441  3.74%   258 7115s
 218150 128979  868.36003   35 1300  871.63095  839.05266  3.74%   258 7147s
 218630 129272  853.43491   43 1326  871.63095  839.06348  3.74%   258 7175s
 219119 129563  865.82152   37 1351  871.63095  839.07302  3.74%   259 7201s
 219625 129862     cutoff   54       871.63095  839.08459  3.73%   259 7229s
 220118 130089  856.23937   43 1401  871.63095  839.10075  3.73%   259 7255s
 220534 130316     cutoff   38       871.63095  839.11644  3.73%   259 7282s
 221064 130536  864.58412   35 1365  871.63095  839.12515  3.73%   259 7310s
 221560 130806  850.26377   33 1368  871.63095  839.13513  3.73%   259 7336s
 222013 131039     cutoff   40       871.63095  839.14299  3.73%   259 7363s
 222459 131335  854.44200   28 1361  871.63095  839.15440  3.73%   259 7391s
 223028 131582  854.22354   33 1364  871.63095  839.16861  3.72%   259 7419s
 223451 131839  865.84473   36 1360  871.63095  839.17429  3.72%   260 7446s
 223986 132051  864.72906   39 1371  871.63095  839.18655  3.72%   260 7477s
 224387 132295  844.85165   30 1377  871.63095  839.19491  3.72%   260 7505s
 224844 132549  863.94070   36 1300  871.63095  839.20810  3.72%   260 7532s
 225310 132744  866.20837   55 1350  871.63095  839.21888  3.72%   260 7560s
 225734 133049  853.27080   29 1403  871.63095  839.22737  3.72%   260 7587s
 226198 133260  866.84258   48 1339  871.63095  839.23684  3.72%   260 7614s
 226642 133509  847.90306   33 1388  871.63095  839.25318  3.71%   260 7642s
 227118 133828     cutoff   44       871.63095  839.26299  3.71%   260 7669s
 227468 133828  843.62468   30 1363  871.63095  839.26633  3.71%   260 7670s
 227667 134029  866.69498   36 1356  871.63095  839.27423  3.71%   261 7696s
 228061 134265  867.21914   44 1298  871.63095  839.28920  3.71%   261 7724s
 228485 134526  854.18785   30 1396  871.63095  839.29809  3.71%   261 7751s
 228940 134733  855.10531   36 1390  871.63095  839.31039  3.71%   261 7778s
 229398 134933  868.41840   51 1340  871.63095  839.32255  3.71%   261 7813s
 229785 135228  861.39800   34 1241  871.63095  839.33251  3.71%   261 7842s
 230271 135440  871.19337   39 1219  871.63095  839.34279  3.70%   261 7869s
 230644 135702  850.58411   30 1355  871.63095  839.34545  3.70%   261 7897s
 231098 135917  854.55593   32 1322  871.63095  839.35506  3.70%   262 7925s
 231623 136098  866.26414   41 1384  871.63095  839.37009  3.70%   262 7953s
 232048 136408  858.63306   53 1385  871.63095  839.38184  3.70%   262 7982s
 232594 136609  870.11527   45 1192  871.63095  839.39465  3.70%   262 8009s
 233017 136826  868.06349   36 1396  871.63095  839.40721  3.70%   262 8038s
 233571 137050  842.88058   30 1382  871.63095  839.42150  3.70%   262 8067s
 234059 137226  849.57818   41 1392  871.63095  839.43066  3.69%   262 8096s
 234480 137434  868.38803   41 1199  871.63095  839.44171  3.69%   262 8124s
 234935 137674  849.69465   31 1342  871.63095  839.45902  3.69%   262 8157s
 235338 137923  853.69011   29 1397  871.63095  839.46946  3.69%   263 8186s
 235835 138166  854.65293   30 1387  871.63095  839.47732  3.69%   263 8214s
 236324 138423  843.81686   26 1399  871.63095  839.49133  3.69%   263 8244s
 236796 138674  845.68995   32 1392  871.63095  839.49962  3.69%   263 8272s
 237252 138915  853.84293   33 1401  871.63095  839.51261  3.68%   263 8301s
 237738 139177  856.72994   36 1332  871.63095  839.51915  3.68%   263 8330s
 238191 139399  870.10336   39 1358  871.63095  839.53620  3.68%   263 8358s
 238592 139635  856.83554   35 1334  871.63095  839.54257  3.68%   263 8386s
 239040 139902     cutoff   40       871.63095  839.55269  3.68%   263 8414s
 239416 139902  851.57968   35 1316  871.63095  839.55959  3.68%   263 8415s
 239549 140116  844.57287   26 1369  871.63095  839.57132  3.68%   263 8443s
 240011 140367  845.31412   37 1363  871.63095  839.57591  3.68%   263 8473s
 240508 140541  856.53405   50 1334  871.63095  839.58874  3.68%   264 8508s
 240929 140775     cutoff   56       871.63095  839.60318  3.67%   264 8537s
 241382 141020  869.95513   38 1302  871.63095  839.60783  3.67%   264 8568s
 241926 141262 infeasible   35       871.63095  839.62662  3.67%   264 8597s
 242429 141510  848.17979   37 1372  871.63095  839.63780  3.67%   264 8627s
 242865 141688  850.20923   36 1391  871.63095  839.64331  3.67%   264 8656s
 243290 141747     cutoff   37       871.63095  839.65303  3.67%   264 8696s
 243415 142057  853.12050   40 1405  871.63095  839.65618  3.67%   264 8725s
 243899 142295  864.41337   48 1352  871.63095  839.66664  3.67%   264 8753s
 244363 142542  868.82652   46 1330  871.63095  839.67344  3.67%   264 8782s
 244832 142768  856.24613   36 1327  871.63095  839.68224  3.67%   264 8812s
 245305 142915  850.58703   30 1356  871.63095  839.68327  3.67%   265 8841s
 245885 143063  868.73789   49 1355  871.63095  839.69200  3.66%   265 8870s
 246262 143253  849.68444   27 1358  871.63095  839.70455  3.66%   265 8907s
 246587 143481  852.75016   35 1375  871.63095  839.70949  3.66%   265 8936s
 246980 143744  860.37413   42 1361  871.63095  839.71879  3.66%   265 8966s
 247460 144045     cutoff   53       871.63095  839.72459  3.66%   265 8997s
 247985 144249  849.11203   36 1368  871.63095  839.74400  3.66%   265 9026s
 248424 144537  860.26365   40 1346  871.63095  839.75616  3.66%   265 9056s
 248956 144760     cutoff   38       871.63095  839.76245  3.66%   265 9087s
 249419 144973  850.52096   31 1409  871.63095  839.77387  3.65%   265 9117s
 249867 145206  863.98278   52 1310  871.63095  839.78426  3.65%   266 9146s
 250334 145475  847.20122   37 1298  871.63095  839.79352  3.65%   266 9176s
 250850 145757  859.75666   44 1322  871.63095  839.80372  3.65%   266 9206s
 251372 145966  849.52644   41 1390  871.63095  839.81782  3.65%   266 9237s
 251795 146139  854.27162   42 1367  871.63095  839.82729  3.65%   266 9273s
 252155 146471  848.35085   36 1322  871.63095  839.83877  3.65%   266 9303s
 252699 146725  863.60107   39 1386  871.63095  839.84541  3.65%   266 9333s
 253264 146854  865.79588   38 1359  871.63095  839.85346  3.65%   266 9363s
 253775 147095  853.95177   37 1385  871.63095  839.86087  3.64%   266 9394s
 254323 147387  849.46410   30 1363  871.63095  839.87376  3.64%   266 9425s
 254783 147667  853.52064   29 1383  871.63095  839.88771  3.64%   266 9455s
 255259 147890  861.13399   48 1305  871.63095  839.89643  3.64%   266 9484s
 255738 148065  866.02585   44 1354  871.63095  839.89873  3.64%   266 9516s
 256165 148249     cutoff   36       871.63095  839.91271  3.64%   266 9546s
 256604 148478  853.48334   32 1347  871.63095  839.92099  3.64%   267 9577s
 257132 148705  862.77298   46 1384  871.63095  839.93667  3.64%   267 9611s
 257622 148878  869.49846   40 1346  871.63095  839.94332  3.64%   267 9642s
 258172 149085  860.32085   38 1345  871.63095  839.94863  3.63%   267 9672s
 258605 149285     cutoff   56       871.63095  839.95700  3.63%   267 9704s
 259059 149598     cutoff   45       871.63095  839.96862  3.63%   267 9735s
 259539 149876  858.02976   38 1279  871.63095  839.97566  3.63%   267 9764s
 259958 150122  852.27128   32 1315  871.63095  839.98383  3.63%   267 9797s
 260484 150386  854.88106   33 1386  871.63095  840.00206  3.63%   267 9828s
 260942 150624  852.00600   35 1384  871.63095  840.01228  3.63%   267 9859s
 261367 150640  865.88796   53 1329  871.63095  840.01921  3.63%   267 9903s
 261413 150769  866.28699   54 1317  871.63095  840.01921  3.63%   267 9936s
 261656 150993  864.59122   38 1371  871.63095  840.02842  3.63%   268 9967s
 262100 151241  847.16835   26 1385  871.63095  840.03536  3.62%   268 10001s
 262584 151501  860.10406   37 1302  871.63095  840.04864  3.62%   268 10031s
 263016 151742  854.75161   31 1340  871.63095  840.06081  3.62%   268 10066s
 263481 151945  863.53138   49 1366  871.63095  840.06681  3.62%   268 10098s
 264003 152121  871.55086   44 1386  871.63095  840.07726  3.62%   268 10129s
 264061 152121 infeasible   46       871.63095  840.07726  3.62%   268 10130s
 264444 152357  860.59140   43 1377  871.63095  840.08501  3.62%   268 10161s
 264930 152591  848.72223   35 1360  871.63095  840.09133  3.62%   268 10192s
 265379 152777  866.68612   41 1346  871.63095  840.10421  3.62%   268 10222s
 265765 153041     cutoff   48       871.63095  840.11153  3.62%   268 10254s
 266306 153225     cutoff   51       871.63095  840.12421  3.61%   268 10285s
 266708 153233  860.84461   36 1350  871.63095  840.13291  3.61%   268 10334s
 266716 153240  861.44118   37 1329  871.63095  840.13291  3.61%   268 10366s
 266725 153283  862.06541   38 1348  871.63095  840.13291  3.61%   268 10402s
 266799 153398  864.44748   39 1344  871.63095  840.13400  3.61%   268 10435s
 267026 153612  854.50664   42 1393  871.63095  840.13400  3.61%   269 10469s
 267368 153821  862.42911   37 1380  871.63095  840.14134  3.61%   269 10501s
 267806 154044  868.01267   45 1359  871.63095  840.14810  3.61%   269 10534s
 268277 154270  843.44192   31 1344  871.63095  840.16208  3.61%   269 10565s
 268683 154517  850.35798   46 1361  871.63095  840.16563  3.61%   269 10597s
 269148 154733  852.80653   36 1367  871.63095  840.18134  3.61%   269 10630s
 269544 154991  852.25232   31 1370  871.63095  840.18475  3.61%   269 10662s
 270053 155238  866.63413   33 1355  871.63095  840.19574  3.61%   269 10693s
 270501 155480     cutoff   38       871.63095  840.20544  3.61%   269 10728s
 271001 155774  861.21128   33 1387  871.63095  840.22095  3.60%   269 10760s
 271567 155963     cutoff   35       871.63095  840.23639  3.60%   269 10794s
 272010 156156  860.94625   37 1347  871.63095  840.24576  3.60%   270 10825s
 272452 156441  844.51871   28 1402  871.63095  840.25253  3.60%   270 10858s
 272928 156665  862.51664   47 1397  871.63095  840.25578  3.60%   270 10892s
 273398 156895  867.72760   39 1362  871.63095  840.26733  3.60%   270 10924s
 273833 157150  853.75908   33 1367  871.63095  840.27599  3.60%   270 10956s
 274331 157423  867.88864   35 1302  871.63095  840.29089  3.60%   270 10988s
 274817 157725  844.42689   32 1398  871.63095  840.29889  3.59%   270 11021s
 275345 157971  869.45072   44 1337  871.63095  840.32038  3.59%   270 11053s
 275824 158221  859.05878   55 1348  871.63095  840.32849  3.59%   270 11086s
 276298 158415  851.43057   49 1353  871.63095  840.33962  3.59%   270 11117s
 276706 158645  853.19958   37 1373  871.63095  840.34829  3.59%   270 11150s
 277128 158864  861.65985   34 1338  871.63095  840.35339  3.59%   271 11183s
 277545 159097  861.16216   41 1391  871.63095  840.36282  3.59%   271 11216s
 277997 159385  869.76618   45 1346  871.63095  840.37743  3.59%   271 11250s
 278531 159552  857.83691   44 1373  871.63095  840.38785  3.58%   271 11285s
 278967 159741     cutoff   29       871.63095  840.39575  3.58%   271 11318s
 279390 160036  858.03726   34 1379  871.63095  840.40189  3.58%   271 11353s
 279972 160297  868.54028   48 1301  871.63095  840.41579  3.58%   271 11385s
 280459 160529  859.73079   29 1381  871.63095  840.42638  3.58%   271 11418s
 280915 160797  867.28654   39 1258  871.63095  840.43465  3.58%   271 11452s
 281400 160967  858.30477   33 1372  871.63095  840.44361  3.58%   271 11486s
 281874 161140  860.23376   34 1360  871.63095  840.44601  3.58%   272 11520s
 282366 161321     cutoff   44       871.63095  840.45195  3.58%   272 11554s
 282825 161587  864.51981   37 1358  871.63095  840.46331  3.58%   272 11588s
 283349 161772  852.86018   32 1378  871.63095  840.47845  3.57%   272 11624s
 283698 162079  871.12013   43 1173  871.63095  840.48306  3.57%   272 11657s
 284218 162314  866.89210   37 1316  871.63095  840.49133  3.57%   272 11690s
H284384 123041                     863.2660163  840.49210  2.64%   272 11691s
 284698 123001     cutoff   43       863.26602  840.49976  2.64%   272 11738s
 284751 123181  846.00422   22 1381  863.26602  840.50065  2.64%   272 11771s
 285206 123320     cutoff   31       863.26602  840.50893  2.64%   272 11805s
 285617 123489  848.87080   24 1373  863.26602  840.52203  2.63%   272 11840s
 286052 123684  856.64094   39 1381  863.26602  840.53425  2.63%   272 11875s
 286543 123842  852.04151   32 1335  863.26602  840.54614  2.63%   272 11910s
 286983 124014     cutoff   46       863.26602  840.55102  2.63%   272 11945s
 287438 124164  862.37249   34 1211  863.26602  840.56650  2.63%   272 11979s
 287878 124283  847.99901   28 1381  863.26602  840.57965  2.63%   273 12013s
 288340 124409  862.61108   43 1234  863.26602  840.58655  2.63%   273 12047s
 288768 124577     cutoff   32       863.26602  840.59670  2.63%   273 12081s
 289201 124719  863.17337   36 1360  863.26602  840.60695  2.62%   273 12117s
 289733 124834     cutoff   38       863.26602  840.61791  2.62%   273 12152s
 290185 125021  854.86675   37 1402  863.26602  840.62722  2.62%   273 12186s
 290631 125199  849.56686   39 1382  863.26602  840.64185  2.62%   273 12221s
 291083 125336  847.03256   30 1360  863.26602  840.65073  2.62%   273 12256s
 291499 125471  856.54609   41 1367  863.26602  840.65789  2.62%   273 12291s
 292045 125580  861.82515   37 1366  863.26602  840.66560  2.62%   273 12325s
 292533 125749  846.27152   26 1407  863.26602  840.68074  2.62%   273 12361s
 292980 125879     cutoff   36       863.26602  840.69770  2.61%   273 12395s
 293411 126048 infeasible   31       863.26602  840.70827  2.61%   273 12431s
 293872 126211     cutoff   38       863.26602  840.71738  2.61%   273 12467s
 294336 126336  862.10012   36 1394  863.26602  840.73084  2.61%   274 12501s
 294716 126497  848.85956   32 1322  863.26602  840.73565  2.61%   274 12537s
 295111 126682  845.45292   30 1358  863.26602  840.74655  2.61%   274 12572s
 295541 126829  857.00110   41 1369  863.26602  840.75798  2.61%   274 12608s
 296001 126953  859.61080   36 1377  863.26602  840.76858  2.61%   274 12644s
 296453 127154  851.83389   31 1357  863.26602  840.77379  2.61%   274 12680s
 296909 127269  848.17898   30 1350  863.26602  840.79205  2.60%   274 12715s
 297335 127396  855.59134   31 1383  863.26602  840.80228  2.60%   274 12750s
 297882 127623  855.74173   37 1356  863.26602  840.80880  2.60%   274 12786s
 298407 127763  854.28481   37 1367  863.26602  840.82273  2.60%   274 12820s
 298823 127935  854.77822   43 1383  863.26602  840.83345  2.60%   274 12856s
 299264 128118  847.21184   34 1403  863.26602  840.84006  2.60%   274 12892s
 299726 128311  854.57844   28 1403  863.26602  840.85449  2.60%   275 12928s
 300181 128444     cutoff   34       863.26602  840.86598  2.59%   275 12963s
 300647 128606     cutoff   32       863.26602  840.87307  2.59%   275 12999s
 300924 128606     cutoff   34       863.26602  840.87654  2.59%   275 13000s
 301088 128702  861.17640   44 1392  863.26602  840.88265  2.59%   275 13035s
 301453 128847  851.65725   39 1378  863.26602  840.89138  2.59%   275 13072s
 301932 128981     cutoff   47       863.26602  840.89813  2.59%   275 13109s
 302352 129134     cutoff   30       863.26602  840.90963  2.59%   275 13147s
 302810 129283  851.47653   30 1388  863.26602  840.91893  2.59%   275 13182s
 303223 129388  854.57791   36 1377  863.26602  840.92998  2.59%   275 13217s
 303661 129535  856.21467   44 1378  863.26602  840.93730  2.59%   275 13252s
 304083 129636     cutoff   40       863.26602  840.94862  2.59%   275 13288s
 304538 129855     cutoff   41       863.26602  840.95879  2.58%   276 13324s
 305009 130064  856.07279   34 1349  863.26602  840.96529  2.58%   276 13362s
 305466 130183  862.23865   40 1295  863.26602  840.97311  2.58%   276 13399s
 305887 130285  856.12868   32 1387  863.26602  840.98492  2.58%   276 13434s
 306296 130482  855.41391   36 1364  863.26602  840.98719  2.58%   276 13472s
 306757 130680  855.79759   28 1394  863.26602  841.00263  2.58%   276 13510s
 307242 130816  852.34719   33 1354  863.26602  841.01894  2.58%   276 13547s
 307663 130950  859.62241   41 1223  863.26602  841.02712  2.58%   276 13585s
 308165 131056  857.70607   54 1367  863.26602  841.03995  2.57%   276 13622s
 308656 131217     cutoff   37       863.26602  841.04838  2.57%   276 13657s
 309117 131331     cutoff   37       863.26602  841.05652  2.57%   276 13695s
 309567 131415     cutoff   36       863.26602  841.06402  2.57%   276 13732s
 309998 131537  843.34438   34 1355  863.26602  841.06924  2.57%   277 13769s
 310432 131679  855.98747   45 1322  863.26602  841.07705  2.57%   277 13806s
 310825 131840  857.42172   42 1331  863.26602  841.08641  2.57%   277 13843s
 311247 132003  859.45674   37 1368  863.26602  841.09983  2.57%   277 13881s
 311706 132189  852.00500   42 1355  863.26602  841.11170  2.57%   277 13918s
 312109 132334  861.38927   49 1329  863.26602  841.11501  2.57%   277 13954s
 312549 132502  859.05835   52 1376  863.26602  841.12249  2.57%   277 13992s
 313004 132654  854.32240   33 1376  863.26602  841.12852  2.56%   277 14030s
 313424 132794  849.82041   30 1380  863.26602  841.13646  2.56%   277 14068s
 313854 132950     cutoff   37       863.26602  841.14798  2.56%   277 14106s
 314314 133100     cutoff   44       863.26602  841.15268  2.56%   277 14145s
 314831 133243     cutoff   41       863.26602  841.16247  2.56%   277 14182s
 315236 133392 infeasible   42       863.26602  841.17057  2.56%   278 14219s
 315675 133584  843.59147   33 1390  863.26602  841.18639  2.56%   278 14256s
 316048 133745  860.76725   44 1293  863.26602  841.19220  2.56%   278 14296s
 316501 133872  848.17198   49 1351  863.26602  841.20295  2.56%   278 14334s
 316965 133963  848.75018   34 1404  863.26602  841.21436  2.55%   278 14371s
 317461 134098     cutoff   38       863.26602  841.21700  2.55%   278 14411s
 317925 134227  856.93855   34 1373  863.26602  841.22885  2.55%   278 14450s
 318337 134391  856.19727   43 1340  863.26602  841.23872  2.55%   278 14486s
 318750 134522  856.26591   59 1361  863.26602  841.24677  2.55%   278 14524s
 319200 134683  850.95772   43 1391  863.26602  841.25551  2.55%   278 14562s
 319638 134788     cutoff   30       863.26602  841.26720  2.55%   278 14600s
 320034 134919     cutoff   34       863.26602  841.27012  2.55%   279 14637s
 320431 135099     cutoff   28       863.26602  841.28118  2.55%   279 14675s
 320873 135253     cutoff   33       863.26602  841.29102  2.55%   279 14713s
 321287 135412  850.95096   32 1393  863.26602  841.30290  2.54%   279 14749s
 321514 135412     cutoff   45       863.26602  841.30475  2.54%   279 14750s
 321732 135559  847.42164   32 1375  863.26602  841.31298  2.54%   279 14788s
 322151 135674  848.40191   32 1356  863.26602  841.31680  2.54%   279 14826s
 322659 135847  855.54728   31 1371  863.26602  841.32692  2.54%   279 14864s
 323100 136026  861.31484   44 1237  863.26602  841.33813  2.54%   279 14902s
 323538 136206  850.67975   26 1361  863.26602  841.34857  2.54%   279 14940s
 323985 136368  854.49629   35 1374  863.26602  841.35522  2.54%   279 14978s
 324428 136577  855.40564   29 1373  863.26602  841.36198  2.54%   279 15016s
 324954 136726  847.23987   44 1384  863.26602  841.37748  2.54%   279 15056s
 325396 136876  850.50749   29 1364  863.26602  841.39010  2.53%   279 15094s
 325722 136876  859.35978   28 1302  863.26602  841.39461  2.53%   279 15095s
 325836 136996  858.38091   31 1369  863.26602  841.40407  2.53%   279 15134s
 326389 137143  861.78958   46 1375  863.26602  841.40999  2.53%   280 15175s
 326863 137295  858.45626   33 1377  863.26602  841.42235  2.53%   280 15215s
 327270 137433  861.98582   46 1376  863.26602  841.43136  2.53%   280 15255s
 327737 137550     cutoff   26       863.26602  841.44737  2.53%   280 15299s
 328080 137550  859.55595   39 1373  863.26602  841.45542  2.53%   280 15300s
 328126 137699  848.70251   33 1396  863.26602  841.45542  2.53%   280 15340s
 328547 137838  859.42531   27 1370  863.26602  841.46067  2.53%   280 15379s
 329028 137978  859.02693   28 1363  863.26602  841.47055  2.52%   280 15419s
 329446 138150     cutoff   38       863.26602  841.47549  2.52%   280 15459s
 329919 138271     cutoff   39       863.26602  841.48682  2.52%   280 15498s
 330339 138466  849.83361   32 1397  863.26602  841.49959  2.52%   280 15537s
 330803 138644  855.30193   33 1378  863.26602  841.50779  2.52%   280 15578s
 331318 138747  848.07134   31 1376  863.26602  841.51890  2.52%   280 15618s
 331750 138870  850.89911   24 1351  863.26602  841.53002  2.52%   280 15659s
 332023 138870  860.62795   39 1351  863.26602  841.53054  2.52%   281 15660s
 332179 139014  858.86244   31 1336  863.26602  841.53160  2.52%   281 15701s
 332600 139187     cutoff   34       863.26602  841.53741  2.52%   281 15741s
 333043 139304  860.60009   39 1278  863.26602  841.54611  2.52%   281 15782s
 333507 139435  859.46501   34 1350  863.26602  841.55953  2.51%   281 15828s
 333897 139539  845.51194   30 1391  863.26602  841.57356  2.51%   281 15867s
 334378 139701  846.28869   36 1370  863.26602  841.58098  2.51%   281 15907s
 334832 139844  850.37500   25 1360  863.26602  841.59325  2.51%   281 15947s
 335347 139983  859.22580   37 1374  863.26602  841.60143  2.51%   281 15987s
 335799 140191  861.33386   52 1381  863.26602  841.61267  2.51%   281 16029s
 336257 140383  854.21463   42 1389  863.26602  841.62013  2.51%   281 16069s
 336665 140563  855.84351   40 1396  863.26602  841.62013  2.51%   281 16111s
 337147 140724  851.66573   44 1328  863.26602  841.63166  2.51%   281 16152s
 337555 140887  862.02663   34 1405  863.26602  841.63578  2.51%   281 16193s
 338009 141064  858.95906   34 1355  863.26602  841.65042  2.50%   282 16233s
 338455 141201  859.92581   30 1314  863.26602  841.66239  2.50%   282 16274s
 338875 141315     cutoff   40       863.26602  841.66824  2.50%   282 16322s
 339237 141388  862.89979   40 1292  863.26602  841.68145  2.50%   282 16364s
 339686 141546  852.11306   36 1403  863.26602  841.68447  2.50%   282 16405s
 340120 141689  862.34179   30 1331  863.26602  841.70078  2.50%   282 16445s
 340587 141844  859.46236   40 1363  863.26602  841.71185  2.50%   282 16487s
 341040 142020  857.92700   41 1329  863.26602  841.71898  2.50%   282 16528s
 341503 142140  857.61252   30 1377  863.26602  841.72630  2.50%   282 16570s
 341935 142300  846.65092   22 1379  863.26602  841.74161  2.49%   282 16614s
 342384 142447  860.73245   26 1319  863.26602  841.74398  2.49%   282 16655s
 342827 142598  846.74639   31 1402  863.26602  841.75977  2.49%   282 16696s
 343289 142751  860.12666   35 1386  863.26602  841.76979  2.49%   282 16737s
 343731 142862  849.55814   37 1361  863.26602  841.77788  2.49%   282 16778s
 344194 142976  854.10763   42 1416  863.26602  841.78690  2.49%   282 16825s
 344638 143089  860.59105   50 1391  863.26602  841.79001  2.49%   283 16866s
 345043 143221  852.07458   38 1355  863.26602  841.79845  2.49%   283 16907s
 345520 143314 infeasible   39       863.26602  841.80360  2.49%   283 16949s
 345928 143465  851.57693   32 1369  863.26602  841.81040  2.49%   283 16990s
 346361 143547  860.34117   38 1373  863.26602  841.82492  2.48%   283 17035s
 346758 143734  847.10798   37 1413  863.26602  841.83312  2.48%   283 17076s
 347198 143890     cutoff   41       863.26602  841.84597  2.48%   283 17117s
 347606 144055     cutoff   40       863.26602  841.85335  2.48%   283 17159s
 347673 144055  861.35370   36 1355  863.26602  841.85335  2.48%   283 17160s
 348105 144222     cutoff   35       863.26602  841.86532  2.48%   283 17200s
 348546 144408  860.04682   51 1382  863.26602  841.87681  2.48%   283 17244s
 349067 144517  852.72773   33 1369  863.26602  841.89061  2.48%   283 17285s
 349468 144722  856.39057   43 1382  863.26602  841.89746  2.48%   283 17327s
 349894 144865  857.19923   45 1345  863.26602  841.90471  2.47%   283 17375s
 350296 145019  852.74753   27 1395  863.26602  841.91106  2.47%   284 17417s
 350738 145173  855.43573   30 1372  863.26602  841.91480  2.47%   284 17460s
 351154 145344  860.16812   35 1382  863.26602  841.92421  2.47%   284 17503s
 351637 145470     cutoff   49       863.26602  841.93395  2.47%   284 17549s
 351682 145470  860.38791   36 1380  863.26602  841.93401  2.47%   284 17550s
 352056 145610  860.93948   28 1364  863.26602  841.94011  2.47%   284 17592s
 352467 145623  855.01524   34 1227  863.26602  841.94728  2.47%   284 17648s
 352527 145655  862.48995   35 1236  863.26602  841.94728  2.47%   284 17697s
 352615 145729     cutoff   34       863.26602  841.94728  2.47%   284 17743s
 352990 145883  852.03032   38 1349  863.26602  841.94728  2.47%   284 17785s
 353422 146027  857.44586   33 1408  863.26602  841.95835  2.47%   284 17826s
 353877 146198  854.89007   34 1386  863.26602  841.97022  2.47%   284 17868s
 354327 146368  859.10174   37 1372  863.26602  841.97579  2.47%   284 17910s
 354799 146501  857.46859   23 1352  863.26602  841.99230  2.46%   284 17953s
 355282 146628  861.58454   34 1385  863.26602  842.00324  2.46%   284 18000s
 355649 146741 infeasible   45       863.26602  842.01165  2.46%   284 18042s
 356100 146898  851.73377   33 1381  863.26602  842.01799  2.46%   284 18084s
 356561 147098  851.85838   38 1348  863.26602  842.03085  2.46%   285 18127s
 357061 147252  853.55751   33 1352  863.26602  842.04451  2.46%   285 18168s
 357470 147426  847.31273   39 1372  863.26602  842.05186  2.46%   285 18209s
 357941 147544  854.80879   38 1361  863.26602  842.05871  2.46%   285 18251s
 358344 147692  855.73684   22 1341  863.26602  842.07151  2.46%   285 18293s
 358793 147715  848.74375   30 1372  863.26602  842.07797  2.45%   285 18350s
 358892 147815  849.71799   31 1357  863.26602  842.07824  2.45%   285 18392s
 359284 147972  860.10556   39 1361  863.26602  842.08918  2.45%   285 18435s
 359723 148152  855.88207   46 1368  863.26602  842.09195  2.45%   285 18477s
 360199 148287  855.94612   40 1404  863.26602  842.10500  2.45%   285 18518s
 360644 148425     cutoff   39       863.26602  842.11186  2.45%   285 18560s
 361123 148562  861.14865   36 1364  863.26602  842.12208  2.45%   285 18608s
 361494 148733  845.34414   37 1370  863.26602  842.12752  2.45%   285 18650s
 361933 148916  853.19721   37 1372  863.26602  842.13487  2.45%   285 18694s
 362409 149073  858.65790   32 1350  863.26602  842.14820  2.45%   286 18736s
 362847 149230  859.87257   33 1390  863.26602  842.15388  2.45%   286 18779s
 363278 149410  849.81687   36 1348  863.26602  842.16355  2.44%   286 18821s
 363729 149535  852.72717   33 1358  863.26602  842.16873  2.44%   286 18864s
 364160 149623     cutoff   32       863.26602  842.17698  2.44%   286 18906s
 364666 149776  855.99701   33 1357  863.26602  842.18023  2.44%   286 18951s
 365126 149893     cutoff   48       863.26602  842.19158  2.44%   286 18995s
 365521 150022     cutoff   44       863.26602  842.19737  2.44%   286 19039s
 365948 150163     cutoff   33       863.26602  842.20538  2.44%   286 19087s
 366343 150311  863.20747   44 1339  863.26602  842.21238  2.44%   286 19132s
 366821 150452  850.09794   33 1398  863.26602  842.22061  2.44%   286 19184s
 367014 150452  855.25704   31 1393  863.26602  842.22314  2.44%   286 19185s
 367225 150611  860.13436   32 1315  863.26602  842.22669  2.44%   286 19229s
 367696 150769  862.23294   42 1357  863.26602  842.23342  2.44%   286 19273s
 368123 150927  860.54805   33 1370  863.26602  842.24552  2.43%   286 19321s
 368594 151055  847.76434   38 1408  863.26602  842.25631  2.43%   286 19364s
 368996 151206  859.07915   41 1390  863.26602  842.26306  2.43%   287 19408s
 369435 151289  855.99802   31 1336  863.26602  842.27048  2.43%   287 19454s
 369607 151289     cutoff   32       863.26602  842.27569  2.43%   287 19455s
 369898 151433     cutoff   31       863.26602  842.28101  2.43%   287 19499s
 370308 151578  860.93183   44 1119  863.26602  842.28603  2.43%   287 19544s
 370805 151754  849.17511   35 1379  863.26602  842.29794  2.43%   287 19591s
 371258 151930  853.41511   40 1283  863.26602  842.30465  2.43%   287 19637s
 371725 151935  850.61364   41 1387  863.26602  842.31745  2.43%   287 19703s
 371736 151942  851.24261   42 1387  863.26602  842.31745  2.43%   287 19751s
 371745 151950  851.42975   43 1372  863.26602  842.31745  2.43%   287 19801s
 371753 151951  853.24321   44 1378  863.26602  842.31745  2.43%   287 19854s
 371767 151988  853.60579   45 1379  863.26602  842.31779  2.43%   287 19904s
 371880 152056  862.96870   44 1179  863.26602  842.31779  2.43%   287 19954s
 372233 152186  847.60669   30 1397  863.26602  842.32426  2.43%   287 20003s
 372658 152302  858.14127   34 1337  863.26602  842.33386  2.42%   287 20051s
 373030 152460  860.16999   40 1389  863.26602  842.34095  2.42%   287 20099s
 373473 152594  846.21506   32 1362  863.26602  842.34903  2.42%   287 20145s
 373980 152755     cutoff   42       863.26602  842.35703  2.42%   287 20189s
 374210 152755  860.02812   35 1346  863.26602  842.35703  2.42%   287 20190s
 374442 152883     cutoff   48       863.26602  842.36303  2.42%   287 20233s
 374870 153016  856.31280   21 1353  863.26602  842.37395  2.42%   287 20278s
 375354 153124  861.25189   43 1374  863.26602  842.37807  2.42%   287 20324s
 375764 153256  845.85021   34 1369  863.26602  842.38579  2.42%   288 20367s
 376150 153458  855.05795   39 1372  863.26602  842.38888  2.42%   288 20412s
 376617 153585     cutoff   43       863.26602  842.39888  2.42%   288 20457s
 377089 153710  858.93292   40 1380  863.26602  842.41052  2.42%   288 20500s
 377566 153870  851.63382   36 1359  863.26602  842.41738  2.42%   288 20545s
 378009 154012  857.45680   33 1348  863.26602  842.42583  2.41%   288 20589s
 378434 154187     cutoff   39       863.26602  842.43402  2.41%   288 20634s
 378875 154334  857.32917   32 1374  863.26602  842.43911  2.41%   288 20680s
 379329 154438  851.70624   38 1377  863.26602  842.44935  2.41%   288 20726s
 379746 154624     cutoff   43       863.26602  842.45817  2.41%   288 20769s
 380227 154795  860.10592   39 1370  863.26602  842.46802  2.41%   288 20813s
 380684 154949  852.39119   37 1400  863.26602  842.47864  2.41%   288 20859s
 381014 154949  862.94339   29 1366  863.26602  842.48069  2.41%   288 20860s
 381121 155046     cutoff   39       863.26602  842.48817  2.41%   288 20905s
 381541 155183  849.93363   29 1336  863.26602  842.49619  2.41%   288 20950s
 382025 155347  851.46901   27 1391  863.26602  842.50295  2.41%   289 20994s
 382492 155515  857.20341   40 1379  863.26602  842.50781  2.40%   289 21039s
 382957 155678  856.32653   33 1369  863.26602  842.51502  2.40%   289 21082s
 383404 155833  847.05789   31 1378  863.26602  842.52370  2.40%   289 21127s
 383846 156005  863.21941   45 1306  863.26602  842.53388  2.40%   289 21171s
 384291 156144  857.15745   42 1368  863.26602  842.54043  2.40%   289 21218s
 384745 156261     cutoff   43       863.26602  842.54291  2.40%   289 21263s
 385230 156434     cutoff   36       863.26602  842.55212  2.40%   289 21310s
 385696 156576  855.86046   34 1360  863.26602  842.56227  2.40%   289 21356s
 386182 156695     cutoff   37       863.26602  842.56788  2.40%   289 21401s
 386656 156852  845.15439   25 1399  863.26602  842.58229  2.40%   289 21446s
 387145 157030     cutoff   55       863.26602  842.58781  2.40%   289 21492s
 387606 157183  847.26925   36 1411  863.26602  842.60068  2.39%   289 21539s
 388049 157299  855.56087   34 1380  863.26602  842.61169  2.39%   289 21584s
 388519 157450  853.13721   33 1354  863.26602  842.62056  2.39%   289 21630s
 388967 157589  854.58372   37 1266  863.26602  842.62824  2.39%   289 21676s
 389431 157735  859.84902   32 1384  863.26602  842.63655  2.39%   289 21721s
 389888 157853  859.53010   38 1369  863.26602  842.64203  2.39%   290 21765s
 390415 157995  854.35447   34 1320  863.26602  842.65106  2.39%   290 21812s
 390896 158178  852.95203   34 1378  863.26602  842.65773  2.39%   290 21858s
 391335 158342  857.34744   40 1379  863.26602  842.66550  2.39%   290 21905s
 391794 158492  855.72537   44 1371  863.26602  842.66836  2.39%   290 21951s
 392191 158559  855.07612   36 1303  863.26602  842.67864  2.38%   290 21997s
 392654 158725  851.83350   33 1368  863.26602  842.68060  2.38%   290 22043s
 393076 158840  857.03106   38 1332  863.26602  842.68643  2.38%   290 22089s
 393549 158981  856.36150   41 1368  863.26602  842.69672  2.38%   290 22135s
 394057 159172  849.37555   36 1375  863.26602  842.70704  2.38%   290 22179s
 394520 159323  852.25731   37 1372  863.26602  842.71470  2.38%   290 22224s
 394981 159486  857.89869   41 1347  863.26602  842.71969  2.38%   290 22271s
 395432 159595  856.70183   35 1299  863.26602  842.72844  2.38%   290 22318s
 395885 159737  857.75996   41 1381  863.26602  842.73534  2.38%   290 22370s
 396306 159888  855.93641   29 1368  863.26602  842.74122  2.38%   290 22419s
 396750 160002  853.16247   34 1372  863.26602  842.74740  2.38%   290 22465s
 397144 160153  852.07470   35 1371  863.26602  842.75536  2.38%   291 22512s
 397594 160287  857.45692   35 1357  863.26602  842.76379  2.37%   291 22560s
 398027 160464  856.31153   33 1377  863.26602  842.77077  2.37%   291 22606s
 398500 160609  853.76174   28 1396  863.26602  842.77905  2.37%   291 22653s
 398960 160803  848.21486   30 1398  863.26602  842.78442  2.37%   291 22701s
 399381 160943  862.51429   40 1356  863.26602  842.79123  2.37%   291 22748s
 399828 161095  862.54537   38 1308  863.26602  842.79993  2.37%   291 22796s
 400327 161265  855.19136   41 1298  863.26602  842.80920  2.37%   291 22841s
 400778 161361  860.94362   35 1341  863.26602  842.81311  2.37%   291 22892s
 401206 161481  853.86804   26 1348  863.26602  842.82125  2.37%   291 22939s
 401628 161645  849.57791   41 1406  863.26602  842.82876  2.37%   291 22988s
 402104 161779     cutoff   42       863.26602  842.83465  2.37%   291 23037s
 402576 161917  858.91757   35 1352  863.26602  842.84568  2.37%   291 23086s
 403036 162062  853.92329   40 1379  863.26602  842.85607  2.36%   291 23135s
 403512 162197  852.01822   36 1398  863.26602  842.86058  2.36%   291 23188s
 403950 162311  856.81635   35 1378  863.26602  842.86501  2.36%   291 23240s
 404432 162481  845.33817   42 1398  863.26602  842.87797  2.36%   292 23289s
 405003 162628     cutoff   42       863.26602  842.88432  2.36%   292 23339s
 405442 162777  857.57370   31 1368  863.26602  842.89073  2.36%   292 23388s
 405900 162942  852.01701   28 1353  863.26602  842.90182  2.36%   292 23438s
 406369 163067     cutoff   31       863.26602  842.90799  2.36%   292 23487s
 406829 163210  860.65191   44 1325  863.26602  842.91746  2.36%   292 23536s
 407244 163332  857.33583   41 1343  863.26602  842.92204  2.36%   292 23588s
 407642 163528  851.37426   31 1347  863.26602  842.92945  2.36%   292 23637s
 408101 163691  860.20047   45 1342  863.26602  842.93743  2.35%   292 23686s
 408575 163786     cutoff   31       863.26602  842.94602  2.35%   292 23735s
 409066 163935  845.45117   39 1390  863.26602  842.95256  2.35%   292 23784s
 409475 164042  850.78045   35 1390  863.26602  842.95692  2.35%   292 23833s
 409967 164171  857.58592   34 1353  863.26602  842.96095  2.35%   292 23884s
 410438 164336  856.24355   25 1376  863.26602  842.97035  2.35%   292 23934s
 410897 164510  861.40301   43 1281  863.26602  842.97634  2.35%   292 23983s
 411356 164685  855.73300   44 1363  863.26602  842.98677  2.35%   292 24032s
 411851 164820     cutoff   39       863.26602  842.99329  2.35%   293 24082s
 412351 164952     cutoff   34       863.26602  842.99927  2.35%   293 24133s
 412802 165135  858.11001   36 1320  863.26602  843.00396  2.35%   293 24184s
 413279 165287  850.59632   33 1362  863.26602  843.01216  2.35%   293 24242s
 413685 165464  846.69147   29 1399  863.26602  843.01979  2.35%   293 24292s
 414153 165573  853.93291   38 1401  863.26602  843.02590  2.34%   293 24341s
 414612 165659  858.45839   41 1360  863.26602  843.02896  2.34%   293 24389s
 414990 165659  855.79087   34 1389  863.26602  843.03428  2.34%   293 24390s
 415038 165821  853.84338   36 1391  863.26602  843.03428  2.34%   293 24439s
 415499 165951  854.38944   32 1393  863.26602  843.03914  2.34%   293 24491s
 415955 166084 infeasible   33       863.26602  843.04906  2.34%   293 24541s
 416380 166266  859.15887   36 1374  863.26602  843.05556  2.34%   293 24591s
 416837 166404  850.32838   34 1375  863.26602  843.06566  2.34%   293 24641s
 417289 166530  858.70967   34 1307  863.26602  843.07255  2.34%   293 24689s
 417732 166678  858.19575   33 1372  863.26602  843.08170  2.34%   293 24740s
 418195 166826  854.32799   43 1389  863.26602  843.09006  2.34%   293 24789s
 418597 166982     cutoff   34       863.26602  843.09229  2.34%   293 24838s
 419044 167145     cutoff   35       863.26602  843.10329  2.34%   294 24886s
 419462 167324     cutoff   39       863.26602  843.11041  2.33%   294 24935s
 419969 167434  857.14142   43 1371  863.26602  843.12020  2.33%   294 24985s
 420418 167559  850.53033   31 1386  863.26602  843.12831  2.33%   294 25038s
 420794 167717  856.48204   37 1363  863.26602  843.13109  2.33%   294 25090s
 421263 167915  862.48681   30 1354  863.26602  843.14230  2.33%   294 25138s
 421722 168097  856.21350   37 1379  863.26602  843.14839  2.33%   294 25188s
 422218 168275  854.50348   27 1326  863.26602  843.15890  2.33%   294 25237s
 422699 168385  847.46781   33 1404  863.26602  843.16630  2.33%   294 25286s
 423165 168495  852.14559   36 1376  863.26602  843.16898  2.33%   294 25335s
 423641 168619  857.47922   41 1167  863.26602  843.17669  2.33%   294 25383s
 424101 168783     cutoff   33       863.26602  843.18291  2.33%   294 25432s
 424583 168956  860.79718   41 1367  863.26602  843.19256  2.33%   294 25483s
 425003 169106  856.96239   34 1312  863.26602  843.19798  2.32%   294 25532s
 425459 169260     cutoff   42       863.26602  843.20417  2.32%   294 25583s
 425928 169396     cutoff   38       863.26602  843.21020  2.32%   294 25632s
 426403 169537  853.69695   40 1390  863.26602  843.21900  2.32%   294 25683s
 426867 169662  854.62399   34 1332  863.26602  843.22602  2.32%   294 25733s
 427311 169805     cutoff   37       863.26602  843.23011  2.32%   295 25782s
 427748 169945  857.15226   27 1363  863.26602  843.23603  2.32%   295 25830s
 428197 170090  850.26700   27 1373  863.26602  843.24135  2.32%   295 25880s
 428687 170185  851.06522   36 1400  863.26602  843.24688  2.32%   295 25932s
 429138 170344  852.32296   26 1385  863.26602  843.24844  2.32%   295 25983s
 429604 170407  847.97397   35 1348  863.26602  843.25436  2.32%   295 26054s
 429761 170577  855.22211   42 1346  863.26602  843.25436  2.32%   295 26104s
 430237 170734  852.43348   38 1374  863.26602  843.26056  2.32%   295 26154s
 430544 170734  854.00385   30 1399  863.26602  843.26256  2.32%   295 26155s
 430719 170893  852.14965   35 1373  863.26602  843.26917  2.32%   295 26204s
 431198 171038  862.00032   37 1389  863.26602  843.27729  2.32%   295 26254s
 431641 171228  850.56244   36 1377  863.26602  843.28491  2.31%   295 26305s
 432115 171399  847.60038   34 1340  863.26602  843.29259  2.31%   295 26355s
 432583 171495  851.31542   29 1370  863.26602  843.30058  2.31%   295 26406s
 433104 171628  851.26891   35 1393  863.26602  843.30691  2.31%   295 26455s
 433531 171758  858.09004   34 1381  863.26602  843.31451  2.31%   295 26507s
 433994 171926  851.34677   32 1384  863.26602  843.32136  2.31%   295 26559s
 434454 172058  863.04662   54 1385  863.26602  843.32362  2.31%   295 26610s
 434909 172248  846.78825   33 1367  863.26602  843.33202  2.31%   295 26662s
 435380 172414  856.03768   40 1266  863.26602  843.34138  2.31%   296 26715s
 435904 172513     cutoff   33       863.26602  843.34905  2.31%   296 26765s
 436339 172693  859.65280   34 1365  863.26602  843.35478  2.31%   296 26817s
 436841 172820     cutoff   43       863.26602  843.36181  2.31%   296 26866s
 437326 172964     cutoff   39       863.26602  843.36541  2.31%   296 26917s
 437740 173119  859.70294   37 1390  863.26602  843.37030  2.30%   296 26968s
 438174 173299  859.15145   42 1362  863.26602  843.37691  2.30%   296 27020s
 438665 173427  849.19456   30 1371  863.26602  843.38317  2.30%   296 27073s
 439113 173578  858.64538   30 1376  863.26602  843.38949  2.30%   296 27123s
 439603 173720  861.94933   46  905  863.26602  843.39440  2.30%   296 27175s
 440085 173870  849.32278   34 1372  863.26602  843.40187  2.30%   296 27226s
 440588 174064  846.37556   32 1369  863.26602  843.40696  2.30%   296 27277s
 441089 174180     cutoff   50       863.26602  843.41186  2.30%   296 27329s
 441534 174312  851.89793   41 1377  863.26602  843.42363  2.30%   296 27380s
 441953 174443  863.17772   35 1367  863.26602  843.42623  2.30%   296 27430s
 442440 174616  861.34019   32 1360  863.26602  843.43475  2.30%   296 27483s
 442903 174756  848.48805   30 1391  863.26602  843.44535  2.30%   296 27536s
 443395 174885     cutoff   35       863.26602  843.45117  2.30%   296 27589s
 443885 175042     cutoff   39       863.26602  843.45600  2.29%   296 27640s
 444356 175194  852.50899   36 1371  863.26602  843.46293  2.29%   296 27692s
 444820 175325  853.53964   35 1384  863.26602  843.47399  2.29%   296 27743s
 445283 175465  861.14059   32 1344  863.26602  843.48087  2.29%   297 27794s
 445747 175603  860.80569   35 1342  863.26602  843.48675  2.29%   297 27845s
 446255 175745  849.73476   30 1391  863.26602  843.48879  2.29%   297 27898s
 446706 175929  860.45913   40 1378  863.26602  843.49767  2.29%   297 27950s
 447162 176086  860.00001   46 1364  863.26602  843.50386  2.29%   297 28002s
 447666 176243     cutoff   39       863.26602  843.51355  2.29%   297 28055s
 448141 176384  858.41250   39 1386  863.26602  843.52030  2.29%   297 28108s
 448616 176497  856.39411   29 1375  863.26602  843.52671  2.29%   297 28160s
 449133 176674  859.37925   37 1376  863.26602  843.53265  2.29%   297 28212s
 449611 176803  860.87466   36 1366  863.26602  843.54001  2.29%   297 28265s
 450087 176968  856.20849   35 1331  863.26602  843.54772  2.28%   297 28317s
 450550 177149  860.37300   41 1383  863.26602  843.55219  2.28%   297 28369s
 451015 177278  853.89672   38 1395  863.26602  843.56216  2.28%   297 28421s
 451506 177415  858.69107   38 1404  863.26602  843.56937  2.28%   297 28471s
 451923 177595  859.31667   34 1382  863.26602  843.57399  2.28%   297 28523s
 452424 177774     cutoff   49       863.26602  843.57955  2.28%   297 28575s
 452903 177920  856.77300   41 1329  863.26602  843.58403  2.28%   297 28627s
 453381 178062  857.95945   48 1349  863.26602  843.59209  2.28%   297 28679s
 453824 178191  851.95289   39 1356  863.26602  843.59841  2.28%   297 28731s
 454230 178287  855.70878   61 1379  863.26602  843.60232  2.28%   297 28784s
 454650 178337  856.69591   32 1278  863.26602  843.60848  2.28%   298 28800s

Cutting planes:
  Gomory: 3
  Implied bound: 1
  Clique: 9
  MIR: 3
  Flow cover: 20
  GUB cover: 2
  Zero half: 19
  RLT: 1
  Relax-and-lift: 1
  Lazy constraints: 24458

Explored 454785 nodes (135322982 simplex iterations) in 28800.55 seconds (58622.68 work units)
Thread count was 8 (of 16 available processors)

Solution count 10: 863.266 871.631 872.958 ... 953.223

Time limit reached
Best objective 8.632660163256e+02, best bound 8.436096120015e+02, gap 2.2770%

User-callback calls 1112773, time in user-callback 248.27 sec
### START EXACT APPROACH ###
ProblemVariant: 3
### START PREPROCESSING ###
## Start infeasible path procedure ## 
Deleted arcs: 42
Infeasible tail paths: 0
Infeasible 2-node combinations: 21
## Start extended infeasible path procedure ##
Deleted arcs: 42
Infeasible tail paths: 0
Infeasible 2-node combinations: 21
## Start start solution procedure ##
Start solution with 14 Vehicles and total costs 1072.45 in 0.157868 s.
### END PREPROCESSING ###
Route 0 0-1-22-28-0 : weight util 0.983333 | volume util 0.348244 | feasible with packing heuristic | feasible with CP model
Route 1 0-2-4-0 : weight util 0.933333 | volume util 0.441644 | feasible with packing heuristic | feasible with CP model
Route 2 0-3-16-33-0 : weight util 0.950000 | volume util 0.402844 | feasible with packing heuristic | feasible with CP model
Route 3 0-7-14-35-0 : weight util 0.933333 | volume util 0.235333 | feasible with packing heuristic | feasible with CP model
Route 4 0-8-19-13-27-0 : weight util 1.000000 | volume util 0.299044 | feasible with packing heuristic | feasible with CP model
Route 5 0-21-20-15-0 : weight util 0.966667 | volume util 0.564089 | infeasible with packing heuristic | feasible with CP model
Route 6 0-25-18-24-23-0 : weight util 1.000000 | volume util 0.480333 | feasible with packing heuristic | feasible with CP model
Route 7 0-26-11-0 : weight util 0.916667 | volume util 0.089844 | feasible with packing heuristic | feasible with CP model
Route 8 0-31-39-12-0 : weight util 0.950000 | volume util 0.293844 | feasible with packing heuristic | feasible with CP model
Route 9 0-32-9-0 : weight util 0.950000 | volume util 0.433689 | feasible with packing heuristic | feasible with CP model
Route 10 0-34-30-6-0 : weight util 1.000000 | volume util 0.342111 | feasible with packing heuristic | feasible with CP model
Route 11 0-36-37-5-29-0 : weight util 1.000000 | volume util 0.387222 | feasible with packing heuristic | feasible with CP model
Route 12 0-38-10-0 : weight util 0.833333 | volume util 0.181467 | feasible with packing heuristic | feasible with CP model
Route 13 0-40-17-0 : weight util 0.883333 | volume util 0.267578 | feasible with packing heuristic | feasible with CP model
