
Gurobi 12.0.1 (win64, C++) logging started Fri Apr 18 08:52:56 2025

Set parameter Username
Set parameter LicenseID to value 2618655
Academic license - for non-commercial use only - expires 2026-02-05
Set parameter Threads to value 8
Set parameter LazyConstraints to value 1
Set parameter PreCrush to value 1
Set parameter Seed to value 0
Set parameter Cuts to value -1
Set parameter TimeLimit to value 28800
Set parameter NumericFocus to value 0
Set parameter SolutionLimit to value 10000
Gurobi Optimizer version 12.0.1 build v12.0.1rc0 (win64 - Windows Server 2022.0 (20348.2))

CPU model: AMD EPYC 7513 32-Core Processor, instruction set [SSE2|AVX|AVX2]
Thread count: 18 physical cores, 18 logical processors, using up to 8 threads

Non-default parameters:
SolutionLimit  10000
TimeLimit  28800
PreCrush  1
Threads  8
LazyConstraints  1

Optimize a model with 497 rows, 961 columns and 2790 nonzeros
Model fingerprint: 0xde84de03
Variable types: 0 continuous, 961 integer (961 binary)
Coefficient statistics:
  Matrix range     [1e+00, 1e+00]
  Objective range  [6e+00, 7e+01]
  Bounds range     [1e+00, 1e+00]
  RHS range        [1e+00, 9e+00]

Warning: Completing partial solution with 887 unfixed non-continuous variables out of 961
User MIP start produced solution with objective 704.653 (0.00s)
Loaded user MIP start with objective 704.653

Presolve removed 3 rows and 35 columns
Presolve time: 0.02s
Presolved: 494 rows, 926 columns, 2688 nonzeros
Variable types: 0 continuous, 926 integer (926 binary)

Root relaxation: objective 4.363833e+02, 126 iterations, 0.00 seconds (0.00 work units)

    Nodes    |    Current Node    |     Objective Bounds      |     Work
 Expl Unexpl |  Obj  Depth IntInf | Incumbent    BestBd   Gap | It/Node Time

     0     0  436.38334    0    -  704.65338  436.38334  38.1%     -    0s
     0     0  473.62196    0    -  704.65338  473.62196  32.8%     -    0s
     0     0  484.19292    0    -  704.65338  484.19292  31.3%     -    0s
     0     0  494.10964    0    -  704.65338  494.10964  29.9%     -    0s
     0     0  501.42444    0    -  704.65338  501.42444  28.8%     -    0s
     0     0  504.44148    0   36  704.65338  504.44148  28.4%     -    0s
     0     0  505.25387    0   46  704.65338  505.25387  28.3%     -    0s
     0     0  522.92722    0   35  704.65338  522.92722  25.8%     -    0s
     0     0  527.84071    0   41  704.65338  527.84071  25.1%     -    0s
     0     0  533.47103    0   41  704.65338  533.47103  24.3%     -    0s
     0     0  547.32351    0   45  704.65338  547.32351  22.3%     -    0s
Warning: Completing partial solution with 887 unfixed non-continuous variables out of 961
H    0     2                     669.2590661  554.34091  17.2%     -    1s
     0     2  554.34091    0   61  669.25907  554.34091  17.2%     -    1s
    34    45  579.83454    6  100  669.25907  572.19475  14.5%   166    5s
    68    80  593.24071   10   97  669.25907  572.19475  14.5%   202   11s
    93   103  592.77429    9  110  669.25907  572.19475  14.5%   201   15s
   138   141  616.32479   12   97  669.25907  572.19475  14.5%   191   20s
   178   191  615.47465   17   89  669.25907  572.19475  14.5%   182   25s
   403   412  600.66700   55   70  669.25907  572.19475  14.5%   118   30s
  1790  1868  590.53494   12  108  669.25907  572.19475  14.5%  45.0   35s
Warning: Completing partial solution with 887 unfixed non-continuous variables out of 961
H 1825  1779                     656.5705155  575.01371  12.4%  44.5   35s
  2033  1844  601.91519  121   45  656.57052  575.01371  12.4%  46.5   51s
  2035  1845  616.61533  283  897  656.57052  576.52928  12.2%  46.4   55s
  2042  1850  629.03038  108  898  656.57052  581.30538  11.5%  46.3   61s
  2046  1853  610.84440  216  899  656.57052  581.48184  11.4%  46.2   65s
  2053  1860  581.50835   11  903  656.57052  581.50835  11.4%  48.2   70s
  2871  2301  617.72849   55  786  656.57052  582.40266  11.3%  66.7   75s
  3303  2495  593.63365   26  858  656.57052  583.17291  11.2%  71.9   80s
Warning: Completing partial solution with 887 unfixed non-continuous variables out of 961
H 3490  2468                     635.8996137  583.48333  8.24%  74.8   80s
Warning: Completing partial solution with 887 unfixed non-continuous variables out of 961
H 4061  2493                     623.0640233  584.02500  6.27%  78.6   84s
  4194  2569  619.63077   47  400  623.06402  584.98893  6.11%  78.7   85s
  5198  2824  603.84875   29  655  623.06402  587.07914  5.78%  80.8   90s
H 5267  2699                     622.8270149  587.07914  5.74%  80.6   90s
H 5508  2872                     622.1453992  587.67953  5.54%  81.5   93s
  6112  3081  619.05385   59    -  622.14540  588.04116  5.48%  83.8   95s
H 6527  2049                     610.0033247  588.16008  3.58%  84.9   99s
  6687  2133  593.79553   26  859  610.00332  588.73028  3.49%  85.2  100s
  7093  2202  602.94798   25  824  610.00332  589.22079  3.41%  86.0  106s
  8027  2509  602.22933   33  746  610.00332  590.48534  3.20%  87.9  110s
  9033  2894  596.93250   21  831  610.00332  591.35169  3.06%  89.3  115s
 10747  3611     cutoff   26       610.00332  592.58175  2.86%  90.5  120s
 12362  4172     cutoff   35       610.00332  593.33516  2.73%  92.8  125s
 14291  4734  601.24129   20  871  610.00332  594.11290  2.60%  93.2  131s
 15454  5106  608.33317   30  785  610.00332  594.44902  2.55%  93.5  135s
 16053  5281  607.24276   24  530  610.00332  594.60346  2.52%  93.8  140s
 17803  5886  603.36685   17  859  610.00332  595.27467  2.41%  94.0  147s
 19041  6227     cutoff   35       610.00332  595.73676  2.34%  94.2  151s
 19765  6233     cutoff   39       610.00332  595.97521  2.30%  94.6  155s
 20207  6548     cutoff   32       610.00332  596.05579  2.29%  94.6  160s
 21879  6942  600.66378   28  676  610.00332  596.56133  2.20%  95.1  166s
 23179  7365  607.20200   32  758  610.00332  596.84188  2.16%  95.3  172s
 24954  7686  604.23277   32  623  610.00332  597.25732  2.09%  95.7  177s
 25588  7857     cutoff   28       610.00332  597.39443  2.07%  96.0  180s
 27166  8074  609.59532   32  769  610.00332  597.66476  2.02%  96.0  186s
 28694  8309  602.97697   30  749  610.00332  597.97737  1.97%  96.1  192s
 29216  8383     cutoff   29       610.00332  598.09414  1.95%  96.5  195s
 30667  8632  608.85006   35  659  610.00332  598.34158  1.91%  96.8  202s
 31309  8717  608.07353   33  705  610.00332  598.44726  1.89%  96.8  205s
 32572  8878  603.58386   32  825  610.00332  598.60049  1.87%  97.1  211s
 33752  9048     cutoff   29       610.00332  598.79983  1.84%  97.4  217s
 34314  9168  606.39375   25  737  610.00332  598.90341  1.82%  97.3  220s
 35702  9355     cutoff   22       610.00332  599.13538  1.78%  97.5  226s
 37005  9453     cutoff   33       610.00332  599.32218  1.75%  97.8  230s
 37647  9602     cutoff   34       610.00332  599.43875  1.73%  98.1  236s
 38924  9745  609.29665   35  698  610.00332  599.59520  1.71%  98.4  242s
 39516  9801     cutoff   32       610.00332  599.68147  1.69%  98.5  245s
 40224  9807  609.07180   26  589  610.00332  599.77180  1.68%  98.8  250s
 40432  9821  604.39021   20  809  610.00332  599.78265  1.68%  98.8  256s
 40896  9826  604.67552   26  859  610.00332  599.81776  1.67%  99.0  260s
 41931  9908  609.28650   27  842  610.00332  600.04251  1.63%  99.3  267s
 42547  9948  604.70373   30  810  610.00332  600.13986  1.62%  99.5  270s
 43724  9981  608.45243   32  644  610.00332  600.28771  1.59%   100  277s
 44332 10002  606.66918   37  678  610.00332  600.36725  1.58%   100  281s
 45553 10094  606.35871   30  833  610.00332  600.55924  1.55%   100  288s
 46337 10119  607.19080   30  780  610.00332  600.65384  1.53%   100  292s
 46950 10111  606.92024   31  793  610.00332  600.74086  1.52%   100  295s
 48168 10089  606.40585   31  716  610.00332  600.91740  1.49%   101  304s
 48425 10074     cutoff   29       610.00332  600.94732  1.48%   101  311s
 49517 10096     cutoff   30       610.00332  601.09372  1.46%   101  317s
 50478 10112  605.79277   32  687  610.00332  601.21253  1.44%   101  321s
 51668 10077  607.46449   29  711  610.00332  601.39818  1.41%   102  330s
 52560 10093  607.27739   34  750  610.00332  601.51566  1.39%   102  335s
 53986 10059     cutoff   34       610.00332  601.70228  1.36%   102  344s
 54807 10001  609.75450   28  754  610.00332  601.79728  1.35%   102  349s
 55592  9991  603.37141   21  796  610.00332  601.92720  1.32%   102  355s
 56423  9927     cutoff   24       610.00332  601.99867  1.31%   102  361s
 57247  9851  606.14761   35  805  610.00332  602.12121  1.29%   103  366s
 58084  9805     cutoff   26       610.00332  602.23606  1.27%   103  372s
 58872  9761  608.81883   36  720  610.00332  602.32857  1.26%   103  377s
 59754  9689  606.25991   29  845  610.00332  602.42093  1.24%   103  383s
 60572  9606     cutoff   38       610.00332  602.51672  1.23%   103  388s
 61378  9489     cutoff   28       610.00332  602.62114  1.21%   103  394s
 62148  9407     cutoff   24       610.00332  602.71883  1.19%   103  399s
 62933  9307  607.81820   35  389  610.00332  602.82531  1.18%   104  405s
 63769  9211  608.98891   30  634  610.00332  602.93449  1.16%   104  410s
 64594  9128  605.29744   27  874  610.00332  603.04983  1.14%   104  416s
 65471  9023  607.89565   33  763  610.00332  603.12431  1.13%   104  422s
 66267  8924     cutoff   33       610.00332  603.24228  1.11%   104  428s
 67084  8801  609.51146   31  746  610.00332  603.36805  1.09%   104  433s
 67858  8722  606.91199   35  778  610.00332  603.48151  1.07%   104  439s
 68627  8616  605.77417   37  809  610.00332  603.54996  1.06%   104  444s
 68919  8616  604.65777   25  844  610.00332  603.55284  1.06%   104  445s
 69450  8450  608.83651   28  408  610.00332  603.65169  1.04%   104  450s
 70222  8297     cutoff   35       610.00332  603.75941  1.02%   104  456s
 71018  8150  608.25163   33  804  610.00332  603.84582  1.01%   104  462s
 71809  7973  605.19389   25  757  610.00332  603.97670  0.99%   104  467s
 72589  7779  606.18803   27  721  610.00332  604.05639  0.97%   104  473s
 73470  7613     cutoff   32       610.00332  604.17598  0.96%   104  479s
 74245  7430  609.70301   30  625  610.00332  604.32067  0.93%   104  486s
 75065  7258  608.75040   31  681  610.00332  604.41300  0.92%   104  492s
 75858  7058     cutoff   34       610.00332  604.53480  0.90%   104  497s
 76628  6845  608.20395   24  606  610.00332  604.62808  0.88%   104  503s
 77382  6630     cutoff   31       610.00332  604.76880  0.86%   104  509s
 78157  6377     cutoff   37       610.00332  604.87789  0.84%   104  515s
 78995  6142     cutoff   25       610.00332  605.01643  0.82%   104  521s
 79784  5867     cutoff   28       610.00332  605.16630  0.79%   104  527s
 80596  5569  607.58056   21  763  610.00332  605.29698  0.77%   104  533s
 81409  5272     cutoff   40       610.00332  605.42497  0.75%   104  540s
 82214  4933  605.98834   31  805  610.00332  605.59299  0.72%   104  546s
 83073  4595  609.46857   26  497  610.00332  605.74538  0.70%   104  553s
 83946  4242     cutoff   32       610.00332  605.90211  0.67%   104  559s
 84419  4242     cutoff   28       610.00332  605.91437  0.67%   104  560s
 84748  3831     cutoff   32       610.00332  606.08517  0.64%   104  565s
 85579  3324     cutoff   33       610.00332  606.26384  0.61%   104  572s
 86461  2875     cutoff   34       610.00332  606.57221  0.56%   104  578s
 87401  2330     cutoff   34       610.00332  606.78601  0.53%   104  584s
 88271  1740     cutoff   38       610.00332  607.08709  0.48%   104  590s
 89223  1035     cutoff   39       610.00332  607.43928  0.42%   103  596s
 90148   251     cutoff   27       610.00332  608.12646  0.31%   103  600s

Cutting planes:
  Gomory: 7
  Cover: 2
  Implied bound: 2
  Clique: 4
  MIR: 5
  StrongCG: 2
  Flow cover: 6
  Zero half: 13
  Lazy constraints: 5284

Explored 91301 nodes (9303559 simplex iterations) in 600.96 seconds (1190.31 work units)
Thread count was 8 (of 18 available processors)

Solution count 8: 610.003 622.145 622.827 ... 704.653

Optimal solution found (tolerance 1.00e-04)
Best objective 6.100033247402e+02, best bound 6.100033247402e+02, gap 0.0000%

User-callback calls 233852, time in user-callback 50.15 sec
### START EXACT APPROACH ###
ProblemVariant: 4
### START PREPROCESSING ###
## Start infeasible path procedure ## 
Deleted arcs: 4
Infeasible tail paths: 0
Infeasible 2-node combinations: 2
## Start extended infeasible path procedure ##
Deleted arcs: 4
Infeasible tail paths: 0
Infeasible 2-node combinations: 2
## Start start solution procedure ##
Start solution with 9 Vehicles and total costs 704.653 in 9.58558 s.
### END PREPROCESSING ###
Route 0 0-3-18-25-9-0 : weight util 0.985294 | volume util 0.480800 | feasible with packing heuristic | feasible with CP model
Route 1 0-4-26-17-0 : weight util 1.000000 | volume util 0.395067 | feasible with packing heuristic | feasible with CP model
Route 2 0-6-2-30-0 : weight util 0.985294 | volume util 0.390467 | feasible with packing heuristic | feasible with CP model
Route 3 0-7-13-29-21-0 : weight util 1.000000 | volume util 0.615133 | feasible with packing heuristic | feasible with CP model
Route 4 0-11-10-0 : weight util 0.926471 | volume util 0.183111 | feasible with packing heuristic | feasible with CP model
Route 5 0-12-24-23-16-0 : weight util 1.000000 | volume util 0.672444 | feasible with packing heuristic | feasible with CP model
Route 6 0-14-19-8-0 : weight util 0.911765 | volume util 0.405933 | feasible with packing heuristic | feasible with CP model
Route 7 0-27-15-20-5-0 : weight util 1.000000 | volume util 0.479467 | feasible with packing heuristic | feasible with CP model
Route 8 0-28-22-1-0 : weight util 0.867647 | volume util 0.345289 | feasible with packing heuristic | feasible with CP model
