
Gurobi 12.0.1 (win64, C++) logging started Thu Mar 20 17:00:53 2025

Set parameter Username
Set parameter LicenseID to value 2618661
Academic license - for non-commercial use only - expires 2026-02-05
Set parameter Threads to value 8
Set parameter LazyConstraints to value 1
Set parameter PreCrush to value 1
Set parameter Seed to value 0
Set parameter Cuts to value -1
Set parameter TimeLimit to value 28800
Set parameter NumericFocus to value 0
Set parameter SolutionLimit to value 10000
Gurobi Optimizer version 12.0.1 build v12.0.1rc0 (win64 - Windows Server 2022.0 (20348.2))

CPU model: AMD EPYC 7513 32-Core Processor, instruction set [SSE2|AVX|AVX2]
Thread count: 18 physical cores, 18 logical processors, using up to 8 threads

Non-default parameters:
SolutionLimit  10000
TimeLimit  28800
PreCrush  1
Threads  8
LazyConstraints  1

Optimize a model with 232 rows, 441 columns and 1260 nonzeros
Model fingerprint: 0x60faf2ab
Variable types: 0 continuous, 441 integer (441 binary)
Coefficient statistics:
  Matrix range     [1e+00, 1e+00]
  Objective range  [6e+00, 6e+01]
  Bounds range     [1e+00, 1e+00]
  RHS range        [1e+00, 4e+00]
Presolve removed 2 rows and 23 columns
Presolve time: 0.00s
Presolved: 230 rows, 418 columns, 1194 nonzeros
Variable types: 0 continuous, 418 integer (418 binary)

Root relaxation: objective 2.923362e+02, 67 iterations, 0.00 seconds (0.00 work units)

    Nodes    |    Current Node    |     Objective Bounds      |     Work
 Expl Unexpl |  Obj  Depth IntInf | Incumbent    BestBd   Gap | It/Node Time

     0     0  292.33623    0    -          -  292.33623      -     -    0s
     0     0  307.94455    0    -          -  307.94455      -     -    0s
     0     0  319.25762    0    -          -  319.25762      -     -    0s
     0     0  320.93098    0    -          -  320.93098      -     -    0s
     0     0  321.37940    0   32          -  321.37940      -     -    0s
     0     0  321.50629    0    -          -  321.50629      -     -    0s
     0     0  323.87406    0   21          -  323.87406      -     -    0s
     0     0  324.65484    0   34          -  324.65484      -     -    0s
     0     0  325.07510    0   47          -  325.07510      -     -    0s
     0     0  325.07510    0   45          -  325.07510      -     -    0s
     0     0  325.07510    0   29          -  325.07510      -     -    0s
     0     2  326.28749    0   14          -  326.28749      -     -    0s
   476   460  407.07204   37   12          -  329.46253      -  10.8    5s
  1195  1120  400.20196   43   10          -  330.38182      -  10.1   10s
  1834  1506  367.83045   21   47          -  334.14925      -   9.7   15s
  2116  1711  349.91938   29   39          -  339.17257      -  11.1   20s
  2640  1973  401.49441   53    -          -  339.17257      -  11.0   25s
  3265  2255  347.31136   28   38          -  339.62148      -  11.1   30s
  4102  2698  364.50863   22   40          -  342.00271      -  11.3   35s
  4728  2995  378.17625   46    -          -  342.69586      -  11.2   40s
  5519  3378  352.59396   19   37          -  343.13916      -  10.9   45s
  6332  3800  408.39383   82   25          -  343.32260      -  10.9   50s
  7255  4567  357.35805   23   45          -  344.32261      -  10.9   55s
  8633  5713  371.91360   28   34          -  345.67538      -  11.0   61s
  9392  6352  370.60122   32   39          -  346.16613      -  11.0   66s
 10156  6933  366.70243   35   36          -  346.16613      -  11.0   71s
 11024  7691  375.94193   32    -          -  346.74966      -  11.1   75s
 11987  8561  366.01139   22   41          -  347.65255      -  11.0   81s
 12660  9010  381.47959   30   26          -  347.91130      -  11.0   85s
 13598  9904  361.47487   24   49          -  348.32429      -  11.0   91s
 14806 10863  365.09273   18   41          -  348.74218      -  11.0   97s
 15408 11441  389.27781   35   10          -  348.97275      -  11.1  101s
 15866 11752  384.56787   30   28          -  349.09856      -  11.1  106s
 16696 12530  366.15411   28   30          -  349.36731      -  11.1  111s
 17503 13251  428.80807   35    -          -  349.77017      -  11.1  116s
 18523 14080  365.00625   26   37          -  350.21456      -  11.2  121s
 19536 14903  375.56284   32   23          -  350.56868      -  11.2  128s
 20393 15630  357.54642   19   36          -  350.77584      -  11.2  133s
 20931 15937  411.92669   31   24          -  350.81078      -  11.2  136s
 21873 16797  389.22761   33   17          -  350.92822      -  11.3  141s
 22428 17282  367.71593   33   35          -  351.19974      -  11.2  146s
 23604 18213  376.37043   33   14          -  351.46396      -  11.3  153s
*23898 16222              48     417.2246448  351.47080  15.8%  11.3  156s
 24578 16653     cutoff   54       417.22464  351.51875  15.7%  11.3  163s
 25117 17146 infeasible   45       417.22464  351.75766  15.7%  11.2  166s
 26113 17901  411.32220   67   34  417.22464  352.04833  15.6%  11.2  170s
 27179 18705     cutoff   45       417.22464  352.33629  15.6%  11.2  176s
 27699 19119  371.38183   35   36  417.22464  352.45385  15.5%  11.2  180s
 29013 20223  365.83747   22   38  417.22464  352.78458  15.4%  11.3  187s
 29716 20717  360.41411   22   48  417.22464  352.91130  15.4%  11.2  190s
 31487 21656 infeasible   39       417.22464  353.38616  15.3%  11.2  196s
 32260 22653  376.60871   33   22  417.22464  353.54298  15.3%  11.2  200s
 33483 23403  361.30774   26   27  417.22464  353.71332  15.2%  11.2  205s
 34791 24246  358.79213   27   47  417.22464  353.91384  15.2%  11.2  210s
 35888 25187  378.27286   34   34  417.22464  354.09331  15.1%  11.2  215s
 36995 25626  373.08719   32   16  417.22464  354.28534  15.1%  11.2  221s
 38176 26884  371.58352   23   40  417.22464  354.44996  15.0%  11.2  228s
 38811 27301  379.97866   33   28  417.22464  354.57149  15.0%  11.2  230s
*39288 23052              38     402.0686256  354.63344  11.8%  11.2  231s
 40887 24100  388.94250   23   33  402.06863  355.13251  11.7%  11.2  235s
 43068 25394  394.17677   47   16  402.06863  355.49373  11.6%  11.2  241s
 44168 26098  368.26446   25   47  402.06863  355.74206  11.5%  11.2  246s
 45777 26986  371.21345   25   40  402.06863  355.97279  11.5%  11.3  250s
 48250 28494  362.63648   19   45  402.06863  356.35228  11.4%  11.3  256s
 49805 29380  386.97565   33   34  402.06863  356.51291  11.3%  11.4  260s
 52073 30782 infeasible   34       402.06863  356.83115  11.3%  11.4  265s
*52795 29984              35     399.8755546  356.90421  10.7%  11.5  268s
 53739 30660  358.62860   29   54  399.87555  357.01744  10.7%  11.5  271s
 54852 31318  397.32169   31   25  399.87555  357.15716  10.7%  11.5  275s
 56587 32261  379.99140   29   24  399.87555  357.38260  10.6%  11.5  280s
H57744 30447                     396.4235479  357.50073  9.82%  11.6  283s
 58810 31264  381.53227   28   18  396.42355  357.66372  9.78%  11.6  285s
 60515 32105  372.95055   28   24  396.42355  357.85739  9.73%  11.6  290s
 63806 33847  382.51648   32   50  396.42355  358.26898  9.62%  11.7  296s
 65838 34709  381.80723   29   32  396.42355  358.49002  9.57%  11.7  300s
 68241 35942     cutoff   33       396.42355  358.86681  9.47%  11.8  305s
 71081 37414  380.89338   37   43  396.42355  359.13029  9.41%  11.8  310s
 73288 38473  371.08565   32   32  396.42355  359.35318  9.35%  11.8  315s
 75693 39582  366.72431   24   38  396.42355  359.57976  9.29%  11.9  321s
 77383 40354  375.37045   24   18  396.42355  359.78226  9.24%  11.9  325s
 78556 40657  377.20413   35   29  396.42355  359.86443  9.22%  11.9  359s
 78559 40659  374.68738   29   62  396.42355  359.86443  9.22%  11.9  361s
H78565 38629                     388.8755724  359.86443  7.46%  11.9  362s
 78574 38635  388.87557   57   71  388.87557  359.86443  7.46%  11.9  365s
 78637 38690  359.86443   25   53  388.87557  359.86443  7.46%  11.9  370s
 79107 38866  361.81564   32   30  388.87557  359.86443  7.46%  12.0  375s
 79734 39009  388.27915   53    8  388.87557  359.86443  7.46%  12.0  380s
 80872 39516  370.63173   32   40  388.87557  359.86443  7.46%  12.0  385s
 84133 40800  382.98301   37   29  388.87557  359.86443  7.46%  11.9  390s
 87183 41670  367.35619   39   12  388.87557  359.86443  7.46%  11.9  395s
 90863 42357  377.56870   39   28  388.87557  359.86443  7.46%  11.9  400s
 93794 43471     cutoff   44       388.87557  359.86443  7.46%  11.9  406s
 97839 44587  362.71428   28   42  388.87557  359.86443  7.46%  11.9  412s
 100730 45311  375.86255   39   20  388.87557  359.86443  7.46%  11.8  415s
 104968 46009  369.69456   35   29  388.87557  360.00697  7.42%  11.8  420s
 108735 46764  375.46855   53   31  388.87557  360.62585  7.26%  11.8  425s
 111351 47120     cutoff   46       388.87557  361.01226  7.17%  11.8  430s
 115039 47834 infeasible   38       388.87557  361.47601  7.05%  11.8  436s
 117444 47897  381.74561   41   36  388.87557  361.79765  6.96%  11.8  440s
 121608 48731  367.61885   31   27  388.87557  362.22340  6.85%  11.7  446s
 123808 49046  367.42580   33   46  388.87557  362.42017  6.80%  11.7  450s
 126905 49717  380.66244   41   30  388.87557  362.70477  6.73%  11.7  456s
 129682 49648  379.91790   37   31  388.87557  362.98309  6.66%  11.7  460s
 133552 50445 infeasible   37       388.87557  363.29903  6.58%  11.7  466s
*134233 48028              42     388.0919395  363.29903  6.39%  11.7  466s
 135809 48279  366.54731   33   30  388.09194  363.48012  6.34%  11.7  470s
 139461 48486  374.60139   40   25  388.09194  363.80201  6.26%  11.7  475s
 142942 48937  367.41684   28   41  388.09194  364.07259  6.19%  11.6  480s
 145985 49318     cutoff   57       388.09194  364.30353  6.13%  11.6  485s
 149616 49386  368.21767   37   23  388.09194  364.53311  6.07%  11.6  490s
 152190 49660  378.44627   34   43  388.09194  364.70946  6.02%  11.6  495s
 154916 49808  380.44128   33   34  388.09194  364.85659  5.99%  11.6  500s
 158206 50023  377.99303   36   22  388.09194  365.05252  5.94%  11.6  505s
 162027 50329  384.29004   37   20  388.09194  365.23286  5.89%  11.6  512s
 164445 50633  372.66951   43   38  388.09194  365.37157  5.85%  11.6  516s
 167216 50854  371.19942   36   30  388.09194  365.48119  5.83%  11.6  520s
 170633 51078  387.68274   51   28  388.09194  365.67555  5.78%  11.6  525s
 174442 51183  380.15269   38   24  388.09194  365.87308  5.73%  11.6  530s
 177920 51269  381.05500   37   17  388.09194  366.03449  5.68%  11.6  536s
 180336 51429     cutoff   54       388.09194  366.17109  5.65%  11.6  540s
 182630 51486  377.02690   32   22  388.09194  366.30343  5.61%  11.6  545s
 185776 51505     cutoff   44       388.09194  366.42965  5.58%  11.6  550s
 189156 51822  383.62836   39   24  388.09194  366.57638  5.54%  11.5  555s
 192152 52910     cutoff   41       388.09194  366.72670  5.51%  11.5  560s
 195893 54185  385.23106   36   33  388.09194  366.87062  5.47%  11.5  565s
 199379 55428  380.94268   32   32  388.09194  366.99936  5.43%  11.5  570s
 202863 56644  386.21942   38   20  388.09194  367.15152  5.40%  11.5  576s
 205501 57634  381.58865   43   26  388.09194  367.24513  5.37%  11.5  581s
 207785 58485  378.33242   32   27  388.09194  367.34112  5.35%  11.5  585s
 211131 59580  383.69803   49   23  388.09194  367.46489  5.31%  11.5  590s
 214552 60765  373.43039   34   40  388.09194  367.61911  5.28%  11.5  596s
 217170 61678  374.31642   47   31  388.09194  367.71186  5.25%  11.5  600s
 220607 62785     cutoff   51       388.09194  367.83375  5.22%  11.5  606s
 223405 63605     cutoff   39       388.09194  367.92949  5.20%  11.5  610s
 226777 64782     cutoff   37       388.09194  368.05392  5.16%  11.5  616s
 229916 65777     cutoff   45       388.09194  368.15642  5.14%  11.5  620s
 232189 66543     cutoff   35       388.09194  368.23219  5.12%  11.5  625s
 235367 67588  377.46071   39   27  388.09194  368.33743  5.09%  11.5  631s
 238118 68573  380.63343   37   25  388.09194  368.41558  5.07%  11.5  635s
 241407 69499  379.91393   37   34  388.09194  368.51867  5.04%  11.5  640s
 243621 70233  369.55527   46   39  388.09194  368.59005  5.03%  11.5  645s
 246527 71179  378.64176   40   10  388.09194  368.68318  5.00%  11.5  651s
 248457 71684  385.40175   57   29  388.09194  368.71845  4.99%  11.5  655s
 252012 72511  386.50399   36   24  388.09194  368.85793  4.96%  11.4  660s
 254354 73145 infeasible   53       388.09194  368.93618  4.94%  11.4  666s
 256935 73965  383.37535   58   35  388.09194  369.01025  4.92%  11.4  670s
 259608 74750  381.37217   41   37  388.09194  369.08386  4.90%  11.4  675s
 262197 75505  383.72048   45   32  388.09194  369.15390  4.88%  11.4  681s
 264755 76141  373.11075   51   33  388.09194  369.22250  4.86%  11.4  686s
 266341 76565     cutoff   51       388.09194  369.27080  4.85%  11.4  690s
 269118 77188  374.89793   40   12  388.09194  369.34849  4.83%  11.4  695s
 271524 77851  379.38027   39   26  388.09194  369.40970  4.81%  11.3  700s
 274871 78668  381.07634   48   12  388.09194  369.49885  4.79%  11.3  706s
 277388 79283  384.06584   33   14  388.09194  369.57022  4.77%  11.3  710s
 279756 79881  373.26090   45   14  388.09194  369.63578  4.76%  11.3  715s
 282193 80389  375.13185   35   43  388.09194  369.69805  4.74%  11.3  720s
 283994 81063     cutoff   43       388.09194  369.74688  4.73%  11.3  725s
 286688 81848  386.59320   44   17  388.09194  369.81485  4.71%  11.3  730s
 289140 82414  380.89630   36   11  388.09194  369.86769  4.70%  11.3  735s
 291821 83129  380.73332   33   14  388.09194  369.92742  4.68%  11.3  741s
 294179 83684 infeasible   46       388.09194  369.97852  4.67%  11.3  745s
 296647 84408     cutoff   57       388.09194  370.03011  4.65%  11.2  750s
 299929 85189  371.87438   34   33  388.09194  370.12285  4.63%  11.2  756s
 302335 85790  373.14955   38   27  388.09194  370.18751  4.61%  11.2  761s
 304369 86183  380.74222   38   33  388.09194  370.22802  4.60%  11.2  765s
 306751 86798     cutoff   51       388.09194  370.28152  4.59%  11.2  770s
 309298 87541  385.23455   43   32  388.09194  370.32367  4.58%  11.2  775s
 311541 88151     cutoff   35       388.09194  370.38948  4.56%  11.2  781s
 314055 88712  376.05559   42   13  388.09194  370.43460  4.55%  11.2  786s
 315867 89158     cutoff   44       388.09194  370.48326  4.54%  11.2  790s
 319012 89815  381.49981   37   39  388.09194  370.56310  4.52%  11.2  796s
 320637 90092  384.42062   31   26  388.09194  370.60372  4.51%  11.2  800s
 322462 90672  385.16491   37   12  388.09194  370.66029  4.49%  11.2  806s
 324323 91043  375.87019   36   32  388.09194  370.69629  4.48%  11.1  810s
 326815 91728     cutoff   44       388.09194  370.75371  4.47%  11.1  816s
 329214 92276     cutoff   35       388.09194  370.80610  4.45%  11.1  821s
 331555 92713  375.54231   34   41  388.09194  370.84281  4.44%  11.1  826s
 333957 93310  372.67884   39   46  388.09194  370.90516  4.43%  11.1  831s
 335535 93598  383.94529   56   29  388.09194  370.93762  4.42%  11.1  835s
 338035 94232  380.49715   35   35  388.09194  370.98819  4.41%  11.1  840s
 339994 94523     cutoff   45       388.09194  371.02685  4.40%  11.1  845s
 342469 95046     cutoff   39       388.09194  371.08038  4.38%  11.1  851s
 344964 95528  379.16102   34   35  388.09194  371.12686  4.37%  11.1  856s
 347116 96002     cutoff   54       388.09194  371.17237  4.36%  11.1  861s
 348981 96419  387.63887   46   21  388.09194  371.21094  4.35%  11.1  865s
 351498 96962  381.76658   41   10  388.09194  371.25859  4.34%  11.1  871s
 353433 97411  374.66794   35   42  388.09194  371.29648  4.33%  11.0  875s
 355903 97860  381.09832   35   35  388.09194  371.34724  4.31%  11.0  881s
 358305 98319     cutoff   37       388.09194  371.40023  4.30%  11.0  886s
 360574 98915     cutoff   48       388.09194  371.44927  4.29%  11.0  891s
 362490 99317  374.37193   36   31  388.09194  371.49280  4.28%  11.0  895s
 364660 99821  371.77444   38   44  388.09194  371.53241  4.27%  11.0  900s
 366965 100392  376.81349   38   16  388.09194  371.57347  4.26%  11.0  905s
 369774 100927  378.50525   42   36  388.09194  371.62848  4.24%  11.0  910s
 370875 101156     cutoff   45       388.09194  371.64582  4.24%  11.0  915s
 373357 101593     cutoff   47       388.09194  371.69925  4.22%  11.0  921s
 375773 102071  381.94562   43   29  388.09194  371.74803  4.21%  11.0  926s
 377561 102542  384.40842   48   15  388.09194  371.78825  4.20%  11.0  930s
 380712 103102  383.28851   41   29  388.09194  371.85400  4.18%  11.0  936s
 383201 103584  373.90273   40   26  388.09194  371.89591  4.17%  11.0  941s
 385689 104189  375.41785   35   48  388.09194  371.93941  4.16%  11.0  946s
 387292 104530  385.43028   46   17  388.09194  371.96201  4.16%  11.0  950s
 389594 105016  383.38174   32   33  388.09194  372.00583  4.14%  10.9  955s
 392293 105472  378.95761   45   32  388.09194  372.05787  4.13%  10.9  961s
 394361 106008     cutoff   40       388.09194  372.09973  4.12%  10.9  966s
 396774 106509     cutoff   49       388.09194  372.13658  4.11%  10.9  971s
 398333 106803  385.00109   36   18  388.09194  372.16784  4.10%  10.9  975s
 400747 107236  377.80505   39   27  388.09194  372.20977  4.09%  10.9  980s
 403128 107695  376.81585   48   24  388.09194  372.25683  4.08%  10.9  985s
 404976 107981  384.90464   51   29  388.09194  372.28221  4.07%  10.9  990s
 407408 108370  386.98582   37   30  388.09194  372.32270  4.06%  10.9  995s
 409639 108872     cutoff   37       388.09194  372.35792  4.05%  10.9 1001s
 411790 109263  381.69414   38   37  388.09194  372.39550  4.04%  10.9 1006s
 413964 109610  382.45194   45   22  388.09194  372.43822  4.03%  10.9 1011s
 416099 109991     cutoff   43       388.09194  372.47918  4.02%  10.9 1016s
 418409 110377  376.26457   45   22  388.09194  372.51762  4.01%  10.9 1020s
 420653 110845  379.24950   42   20  388.09194  372.54091  4.01%  10.9 1026s
 422910 111167     cutoff   45       388.09194  372.57670  4.00%  10.9 1030s
 424837 111494     cutoff   46       388.09194  372.61246  3.99%  10.9 1035s
 426995 112000  384.03770   42   22  388.09194  372.65019  3.98%  10.9 1041s
 428390 112229  382.20707   39   19  388.09194  372.67286  3.97%  10.9 1045s
 430871 112582  379.21820   34   35  388.09194  372.71147  3.96%  10.9 1050s
 433548 113075     cutoff   33       388.09194  372.75621  3.95%  10.9 1057s
 435196 113465  378.34662   42   21  388.09194  372.77990  3.95%  10.9 1060s
 437345 113690  384.23824   34   41  388.09194  372.81186  3.94%  10.9 1065s
 438880 114032  383.82786   43   29  388.09194  372.83453  3.93%  10.9 1070s
 441323 114448  386.36512   42   12  388.09194  372.87744  3.92%  10.9 1076s
 443701 114830     cutoff   49       388.09194  372.91569  3.91%  11.0 1081s
 445811 115101  387.41051   44   29  388.09194  372.94213  3.90%  11.0 1086s
 447932 115413  381.66776   49   25  388.09194  372.97946  3.89%  11.0 1090s
 450088 115744  381.56517   41   18  388.09194  373.01114  3.89%  11.0 1095s
 452270 116200     cutoff   44       388.09194  373.04939  3.88%  11.0 1101s
 454599 116527     cutoff   48       388.09194  373.08179  3.87%  11.0 1105s
*455261 108463              47     385.5316120  373.08999  3.23%  11.0 1107s
 455958 108568     cutoff   45       385.53161  373.10495  3.22%  11.0 1110s
 457941 108716  379.43893   36   33  385.53161  373.13880  3.21%  11.0 1115s
 459838 108903 infeasible   48       385.53161  373.17515  3.21%  11.0 1120s
 461894 108957  381.66821   37   26  385.53161  373.21073  3.20%  11.0 1125s
 463755 109189     cutoff   44       385.53161  373.24583  3.19%  11.0 1130s
 466344 109406  383.11901   32   12  385.53161  373.29897  3.17%  11.0 1136s
 467640 109515 infeasible   42       385.53161  373.32470  3.17%  11.0 1140s
 469664 109609     cutoff   52       385.53161  373.35838  3.16%  11.0 1145s
 471922 109789     cutoff   34       385.53161  373.40672  3.14%  11.0 1150s
 473870 109957     cutoff   57       385.53161  373.44102  3.14%  11.0 1155s
 475923 110125  380.43774   33   30  385.53161  373.48229  3.13%  11.0 1160s
 478176 110271  379.52221   34   31  385.53161  373.52045  3.12%  11.0 1166s
 480071 110374  377.81630   33   38  385.53161  373.55679  3.11%  11.0 1171s
 482086 110478  378.94865   43   24  385.53161  373.59052  3.10%  11.0 1175s
 484302 110574     cutoff   39       385.53161  373.63094  3.09%  11.0 1180s
 486186 110679     cutoff   48       385.53161  373.67018  3.08%  11.0 1185s
 488422 110806 infeasible   53       385.53161  373.70651  3.07%  11.0 1191s
 489915 110912     cutoff   46       385.53161  373.73173  3.06%  11.0 1195s
 491689 111105     cutoff   40       385.53161  373.76314  3.05%  11.0 1201s
 493656 111140  384.56590   38   32  385.53161  373.80415  3.04%  11.0 1206s
 495574 111234 infeasible   41       385.53161  373.83805  3.03%  11.0 1211s
 496925 111373  376.18106   38   39  385.53161  373.86433  3.03%  11.0 1215s
 498354 111491 infeasible   42       385.53161  373.89173  3.02%  11.0 1220s
 500578 111574 infeasible   37       385.53161  373.93478  3.01%  11.0 1226s
 501889 111634     cutoff   44       385.53161  373.96157  3.00%  11.0 1230s
 504197 111705  385.08876   37   26  385.53161  374.00620  2.99%  11.0 1236s
 506042 111721  384.87202   45   39  385.53161  374.04240  2.98%  11.0 1242s
 507680 111791     cutoff   37       385.53161  374.07144  2.97%  11.1 1246s
 509824 111835 infeasible   49       385.53161  374.10722  2.96%  11.1 1251s
 511155 111918  383.83383   48   41  385.53161  374.12665  2.96%  11.1 1255s
 513349 111938  381.33661   38   24  385.53161  374.17172  2.95%  11.1 1261s
 515029 112020     cutoff   36       385.53161  374.19986  2.94%  11.1 1266s
 516721 112044     cutoff   43       385.53161  374.22644  2.93%  11.1 1272s
 517936 112035     cutoff   47       385.53161  374.25273  2.93%  11.1 1275s
 520231 112172  376.74602   36   34  385.53161  374.29340  2.91%  11.1 1281s
 521555 112188  380.22134   43   39  385.53161  374.31687  2.91%  11.1 1286s
 523331 112299  380.87613   40   22  385.53161  374.34770  2.90%  11.1 1290s
 525500 112325     cutoff   56       385.53161  374.38247  2.89%  11.1 1295s
 527003 112376  383.56363   34   32  385.53161  374.41200  2.88%  11.1 1300s
 529030 112458  384.36828   43   41  385.53161  374.44606  2.88%  11.1 1307s
 530945 112517     cutoff   45       385.53161  374.48072  2.87%  11.1 1310s
 533007 112611  383.65174   36   28  385.53161  374.51707  2.86%  11.1 1315s
 534393 112603  379.76212   42   27  385.53161  374.54256  2.85%  11.1 1320s
 536467 112618  380.43527   41   38  385.53161  374.57883  2.84%  11.1 1325s
 538069 112697     cutoff   40       385.53161  374.60854  2.83%  11.1 1330s
 540279 112808  376.97672   29   22  385.53161  374.64106  2.82%  11.1 1336s
 542476 112848  384.82352   39   27  385.53161  374.68234  2.81%  11.1 1341s
 543345 112841     cutoff   43       385.53161  374.69478  2.81%  11.1 1345s
 544855 112879  383.88715   41   29  385.53161  374.71806  2.80%  11.1 1351s
 546788 112871  383.45623   48   24  385.53161  374.75519  2.80%  11.1 1355s
 548951 112955  380.64850   42   27  385.53161  374.79314  2.79%  11.1 1363s
 550876 112948  384.71188   52   27  385.53161  374.82483  2.78%  11.1 1366s
 552244 112927     cutoff   44       385.53161  374.84535  2.77%  11.1 1370s
 554533 112964  384.15298   36   20  385.53161  374.88999  2.76%  11.1 1376s
 556617 112950  379.27511   41   25  385.53161  374.92081  2.75%  11.1 1381s
 558323 112972     cutoff   48       385.53161  374.95145  2.74%  11.1 1386s
 559768 113025  383.70874   36   24  385.53161  374.97820  2.74%  11.1 1391s
 561441 113014     cutoff   33       385.53161  375.00514  2.73%  11.1 1396s
 563098 113035  381.22489   50   21  385.53161  375.02629  2.72%  11.1 1400s
 564493 113072  379.80429   57   28  385.53161  375.04801  2.72%  11.1 1405s
 566763 113038  378.66734   43   14  385.53161  375.08756  2.71%  11.1 1413s
 567944 113064  384.31037   38   12  385.53161  375.10571  2.70%  11.1 1415s
 569626 113046  380.28152   43   28  385.53161  375.13172  2.70%  11.1 1420s
 571903 113052  382.42855   34   37  385.53161  375.16843  2.69%  11.1 1427s
 573424 113062  378.76970   52   19  385.53161  375.19632  2.68%  11.1 1431s
 574902 112995     cutoff   40       385.53161  375.21763  2.68%  11.1 1435s
 576690 113007  380.17038   42   29  385.53161  375.25115  2.67%  11.1 1440s
 578743 113046  380.16245   39   27  385.53161  375.28327  2.66%  11.1 1448s
 580567 112976  381.92510   37   40  385.53161  375.31141  2.65%  11.1 1452s
 582260 112942     cutoff   45       385.53161  375.33924  2.64%  11.2 1458s
 584046 112870 infeasible   41       385.53161  375.36795  2.64%  11.2 1462s
 585068 112872 infeasible   44       385.53161  375.38312  2.63%  11.2 1465s
 586862 112884 infeasible   40       385.53161  375.41117  2.63%  11.2 1470s
 589469 112816     cutoff   43       385.53161  375.44902  2.62%  11.2 1476s
 591120 112799 infeasible   50       385.53161  375.47449  2.61%  11.2 1481s
 592806 112733 infeasible   45       385.53161  375.50560  2.60%  11.2 1485s
 594710 112695 infeasible   39       385.53161  375.53331  2.59%  11.2 1490s
 596231 112628  385.48194   45   30  385.53161  375.56400  2.59%  11.2 1496s
 598074 112577  381.39012   40   42  385.53161  375.59313  2.58%  11.2 1501s
 599588 112506     cutoff   42       385.53161  375.61716  2.57%  11.2 1506s
 601170 112452  379.96028   42   30  385.53161  375.64517  2.56%  11.2 1510s
 602678 112423     cutoff   45       385.53161  375.66987  2.56%  11.2 1516s
 604471 112331     cutoff   43       385.53161  375.69848  2.55%  11.2 1520s
 606429 112214  381.93199   46   35  385.53161  375.73082  2.54%  11.2 1526s
 608022 112184     cutoff   41       385.53161  375.75774  2.54%  11.2 1531s
 610055 112110  380.58838   34   18  385.53161  375.79336  2.53%  11.2 1537s
 611779 112107     cutoff   39       385.53161  375.82146  2.52%  11.2 1541s
 613518 112062  383.18454   35   23  385.53161  375.84858  2.51%  11.2 1547s
 614358 112074  381.78974   44   30  385.53161  375.86042  2.51%  11.2 1550s
 616162 111993     cutoff   40       385.53161  375.89075  2.50%  11.2 1555s
 618887 111847  381.54470   48   39  385.53161  375.93692  2.49%  11.2 1561s
 619731 111806 infeasible   51       385.53161  375.94827  2.49%  11.2 1565s
 621390 111719  379.33545   42   34  385.53161  375.98022  2.48%  11.2 1570s
 623540 111654  380.65450   34   42  385.53161  376.01148  2.47%  11.2 1576s
 625386 111534 infeasible   37       385.53161  376.04118  2.46%  11.2 1581s
 627093 111441  376.13005   34   29  385.53161  376.06287  2.46%  11.2 1587s
 628915 111340  382.26949   42   33  385.53161  376.09413  2.45%  11.2 1591s
 630877 111188     cutoff   46       385.53161  376.12388  2.44%  11.2 1597s
 632437 111055  383.07698   37   26  385.53161  376.14822  2.43%  11.2 1601s
 634338 110939     cutoff   35       385.53161  376.17483  2.43%  11.2 1607s
 635845 110897  379.36012   42   26  385.53161  376.20133  2.42%  11.2 1612s
 637784 110740  385.28196   43   17  385.53161  376.23127  2.41%  11.2 1617s
 638560 110679  378.44435   34   38  385.53161  376.24596  2.41%  11.2 1620s
 640836 110539     cutoff   46       385.53161  376.28621  2.40%  11.2 1626s
 642451 110403  378.73093   34   30  385.53161  376.31084  2.39%  11.2 1631s
 644398 110241 infeasible   44       385.53161  376.34277  2.38%  11.2 1637s
 646102 110034     cutoff   40       385.53161  376.37115  2.38%  11.2 1642s
 647750 109849  376.42591   45    8  385.53161  376.39848  2.37%  11.2 1647s
 649521 109645     cutoff   38       385.53161  376.43357  2.36%  11.2 1653s
 650654 109554     cutoff   39       385.53161  376.45040  2.36%  11.2 1655s
 652234 109405  384.61044   48   25  385.53161  376.47638  2.35%  11.2 1661s
 654084 109242     cutoff   49       385.53161  376.51414  2.34%  11.2 1666s
 655711 109081  380.35210   40   49  385.53161  376.53791  2.33%  11.2 1672s
 656765 108965  379.47621   39   42  385.53161  376.55555  2.33%  11.3 1675s
 658374 108803  383.23929   36   14  385.53161  376.58582  2.32%  11.3 1681s
 660384 108666  381.65530   42   28  385.53161  376.62135  2.31%  11.3 1686s
 661766 108616     cutoff   48       385.53161  376.64362  2.31%  11.3 1690s
 662656 108543  381.45668   47   41  385.53161  376.65682  2.30%  11.3 1696s
 664600 108405     cutoff   44       385.53161  376.68973  2.29%  11.3 1701s
 665516 108306  379.78639   37   54  385.53161  376.70568  2.29%  11.3 1705s
 667396 108155  378.18882   41   42  385.53161  376.73568  2.28%  11.3 1711s
 669340 107966     cutoff   52       385.53161  376.77438  2.27%  11.3 1716s
 670130 107859     cutoff   38       385.53161  376.78561  2.27%  11.3 1720s
 672014 107701     cutoff   37       385.53161  376.81674  2.26%  11.3 1725s
 673532 107538     cutoff   36       385.53161  376.84040  2.25%  11.3 1731s
 675409 107368     cutoff   47       385.53161  376.87181  2.25%  11.3 1736s
 676947 107268  378.37531   42   35  385.53161  376.89192  2.24%  11.3 1742s
 678056 107157     cutoff   50       385.53161  376.91337  2.24%  11.3 1745s
 679654 106979     cutoff   42       385.53161  376.93820  2.23%  11.3 1751s
 681204 106759  380.79300   35   34  385.53161  376.96204  2.22%  11.3 1757s
 682165 106686  385.39706   46   33  385.53161  376.97803  2.22%  11.3 1760s
 683665 106525  383.87529   45   16  385.53161  377.00183  2.21%  11.3 1765s
 685221 106326  382.48221   39   26  385.53161  377.02710  2.21%  11.3 1771s
 686306 106170  383.66098   39   12  385.53161  377.04103  2.20%  11.3 1776s
 688023 105947     cutoff   55       385.53161  377.07495  2.19%  11.3 1782s
 688872 105869  383.52229   36   47  385.53161  377.09098  2.19%  11.3 1785s
 690531 105652  380.53549   45   43  385.53161  377.11708  2.18%  11.3 1791s
 692340 105437  383.60977   41    8  385.53161  377.14410  2.18%  11.3 1797s
 693224 105389  378.81756   43   29  385.53161  377.15770  2.17%  11.3 1800s
 694818 105189     cutoff   39       385.53161  377.18273  2.17%  11.3 1807s
 696007 105059     cutoff   41       385.53161  377.19847  2.16%  11.3 1810s
 697850 104771  379.96396   36   24  385.53161  377.23021  2.15%  11.3 1816s
 699081 104675     cutoff   43       385.53161  377.24233  2.15%  11.3 1820s
 700367 104418     cutoff   41       385.53161  377.27399  2.14%  11.3 1826s
 702119 104170  384.13789   48   29  385.53161  377.30241  2.13%  11.3 1832s
 702955 104085  380.01048   42   36  385.53161  377.31193  2.13%  11.3 1835s
 704372 103801 infeasible   44       385.53161  377.34075  2.12%  11.3 1841s
 706206 103535     cutoff   40       385.53161  377.37046  2.12%  11.3 1847s
 707163 103404  384.76312   42   28  385.53161  377.38976  2.11%  11.3 1850s
 708882 103139  378.05370   37   26  385.53161  377.42274  2.10%  11.3 1857s
 709773 103019  382.92529   44   30  385.53161  377.43588  2.10%  11.3 1860s
 711520 102743  379.76755   41   23  385.53161  377.46679  2.09%  11.3 1866s
 712423 102682     cutoff   43       385.53161  377.48411  2.09%  11.3 1870s
 714603 102432     cutoff   36       385.53161  377.52008  2.08%  11.3 1876s
 716274 102128     cutoff   39       385.53161  377.54346  2.07%  11.3 1883s
 717301 102034     cutoff   43       385.53161  377.56656  2.07%  11.3 1886s
 718107 101937  378.91124   35   27  385.53161  377.58131  2.06%  11.3 1890s
 720247 101685     cutoff   44       385.53161  377.61388  2.05%  11.3 1895s
 721866 101439     cutoff   44       385.53161  377.63894  2.05%  11.3 1901s
 723221 101118     cutoff   47       385.53161  377.66564  2.04%  11.3 1907s
 724080 100989     cutoff   37       385.53161  377.68334  2.04%  11.3 1910s
 725730 100679  384.77725   41   31  385.53161  377.70711  2.03%  11.3 1916s
 727465 100373  379.69448   41   23  385.53161  377.73607  2.02%  11.3 1923s
 728621 100257  379.24910   39   23  385.53161  377.75353  2.02%  11.3 1926s
 729451 100110     cutoff   41       385.53161  377.76915  2.01%  11.3 1930s
 731181 99783     cutoff   44       385.53161  377.80097  2.01%  11.3 1935s
 732844 99438  385.25387   44   16  385.53161  377.82731  2.00%  11.3 1942s
 734696 99137     cutoff   37       385.53161  377.85811  1.99%  11.4 1948s
 735801 99025     cutoff   41       385.53161  377.87399  1.99%  11.4 1951s
 737426 98692     cutoff   55       385.53161  377.90309  1.98%  11.4 1957s
 738690 98454  385.46502   40   28  385.53161  377.92629  1.97%  11.4 1963s
 739497 98259  381.21859   46   26  385.53161  377.94289  1.97%  11.4 1967s
 740430 98066  381.69213   40   11  385.53161  377.96302  1.96%  11.4 1970s
 741333 97941  381.11096   37   38  385.53161  377.98095  1.96%  11.4 1975s
 742971 97576  379.13035   38   18  385.53161  378.01452  1.95%  11.4 1981s
 744813 97228  382.13947   49   27  385.53161  378.04101  1.94%  11.4 1988s
 745705 97099     cutoff   37       385.53161  378.05814  1.94%  11.4 1991s
 747434 96739  381.12494   43   41  385.53161  378.08181  1.93%  11.4 1998s
 748258 96570     cutoff   59       385.53161  378.10100  1.93%  11.4 2001s
 750027 96218  382.68486   36   29  385.53161  378.13069  1.92%  11.4 2007s
 751016 96063  384.89471   41   33  385.53161  378.14617  1.92%  11.4 2010s
 752762 95702     cutoff   44       385.53161  378.17492  1.91%  11.4 2017s
 753640 95576     cutoff   44       385.53161  378.19074  1.90%  11.4 2020s
 755270 95253     cutoff   35       385.53161  378.21872  1.90%  11.4 2027s
 756634 95045 infeasible   41       385.53161  378.23622  1.89%  11.4 2030s
 758363 94659  380.97050   35   45  385.53161  378.27226  1.88%  11.4 2036s
 760029 94274     cutoff   44       385.53161  378.29902  1.88%  11.4 2041s
 760920 94066  379.60963   46   33  385.53161  378.31661  1.87%  11.4 2045s
 762596 93684  385.14092   46   14  385.53161  378.35051  1.86%  11.4 2051s
 764362 93275  384.13831   44   30  385.53161  378.38622  1.85%  11.4 2057s
 765219 93081  381.71128   35   36  385.53161  378.40400  1.85%  11.4 2060s
 766936 92702 infeasible   45       385.53161  378.43459  1.84%  11.4 2067s
 767850 92485     cutoff   51       385.53161  378.44943  1.84%  11.4 2070s
 769656 92064     cutoff   42       385.53161  378.48669  1.83%  11.4 2077s
 770521 91879  382.64995   50   18  385.53161  378.50269  1.82%  11.4 2080s
 772185 91491 infeasible   47       385.53161  378.53356  1.82%  11.4 2086s
 774005 91096 infeasible   41       385.53161  378.56946  1.81%  11.4 2092s
 774929 90915  381.55559   41   18  385.53161  378.58405  1.80%  11.4 2096s
 776846 90542  380.64125   43   38  385.53161  378.61788  1.79%  11.4 2103s
 777718 90302  384.98870   38   14  385.53161  378.63326  1.79%  11.4 2106s
 779395 89957     cutoff   45       385.53161  378.66544  1.78%  11.4 2113s
 780208 89734  382.09302   33   19  385.53161  378.67840  1.78%  11.4 2116s
 781122 89513  382.02456   49   16  385.53161  378.69597  1.77%  11.4 2120s
 782814 89034     cutoff   38       385.53161  378.72981  1.76%  11.4 2126s
 783717 88777     cutoff   40       385.53161  378.74602  1.76%  11.4 2130s
 785480 88333  381.80527   44   28  385.53161  378.78393  1.75%  11.4 2137s
 786341 88112  385.51522   59   19  385.53161  378.80066  1.75%  11.4 2141s
 788099 87674     cutoff   38       385.53161  378.82974  1.74%  11.4 2148s
 789028 87442     cutoff   40       385.53161  378.84519  1.73%  11.4 2152s
 789946 87203     cutoff   31       385.53161  378.86332  1.73%  11.4 2155s
 791693 86751     cutoff   34       385.53161  378.89992  1.72%  11.4 2162s
 792548 86525     cutoff   44       385.53161  378.91227  1.72%  11.4 2166s
 793427 86271  381.03953   42   16  385.53161  378.93171  1.71%  11.4 2170s
 795211 85891 infeasible   43       385.53161  378.96374  1.70%  11.4 2177s
 795745 85661  385.46683   49   29  385.53161  378.97219  1.70%  11.4 2180s
 797606 85125  380.64608   39   34  385.53161  379.00883  1.69%  11.4 2187s
 798487 84845     cutoff   47       385.53161  379.02664  1.69%  11.4 2191s
 799595 84493     cutoff   38       385.53161  379.04359  1.68%  11.4 2197s
 800508 84245     cutoff   49       385.53161  379.06745  1.68%  11.4 2201s
 802369 83715  381.28223   44   22  385.53161  379.10535  1.67%  11.4 2207s
 803237 83439     cutoff   49       385.53161  379.11954  1.66%  11.4 2210s
 804975 82826     cutoff   44       385.53161  379.16022  1.65%  11.4 2218s
 805930 82582  381.56256   44   18  385.53161  379.18095  1.65%  11.4 2222s
 806844 82305     cutoff   37       385.53161  379.19780  1.64%  11.4 2225s
 808611 81896  382.59010   40   32  385.53161  379.23314  1.63%  11.4 2232s
 809243 81629     cutoff   47       385.53161  379.24438  1.63%  11.4 2237s
 810179 81342     cutoff   46       385.53161  379.25869  1.63%  11.4 2241s
 812002 80838     cutoff   38       385.53161  379.29238  1.62%  11.4 2248s
 812938 80602     cutoff   41       385.53161  379.30931  1.61%  11.4 2251s
 813879 80304  382.29071   40   28  385.53161  379.32520  1.61%  11.4 2255s
 815695 79749  382.84497   42   34  385.53161  379.36397  1.60%  11.4 2263s
 816615 79523     cutoff   44       385.53161  379.38598  1.59%  11.4 2266s
 817509 79262     cutoff   47       385.53161  379.40211  1.59%  11.4 2270s
 819265 78650     cutoff   48       385.53161  379.44147  1.58%  11.4 2278s
 820196 78381  381.44638   49   34  385.53161  379.45917  1.58%  11.4 2282s
 821065 78075  380.01228   34   31  385.53161  379.47497  1.57%  11.4 2285s
 822895 77506  381.15952   34   29  385.53161  379.51470  1.56%  11.5 2293s
 823726 77197     cutoff   49       385.53161  379.53174  1.56%  11.5 2297s
 824703 76920     cutoff   43       385.53161  379.55657  1.55%  11.5 2301s
 826571 76315     cutoff   39       385.53161  379.58944  1.54%  11.5 2308s
 827427 75995     cutoff   55       385.53161  379.60941  1.54%  11.5 2312s
 828296 75700  383.08576   39   34  385.53161  379.62819  1.53%  11.5 2315s
 830136 75150     cutoff   42       385.53161  379.66625  1.52%  11.5 2322s
 830777 74810  380.29710   37   12  385.53161  379.68185  1.52%  11.5 2326s
 832611 74200     cutoff   43       385.53161  379.71483  1.51%  11.5 2333s
 833427 73878 infeasible   51       385.53161  379.73902  1.50%  11.5 2338s
 834405 73544     cutoff   44       385.53161  379.76027  1.50%  11.5 2342s
 835298 73232     cutoff   32       385.53161  379.78208  1.49%  11.5 2345s
 837082 72579  385.03746   45   34  385.53161  379.81572  1.48%  11.5 2353s
 837984 72284 infeasible   45       385.53161  379.83876  1.48%  11.5 2357s
 838862 71952     cutoff   52       385.53161  379.85720  1.47%  11.5 2360s
 840619 71253  382.15473   43   12  385.53161  379.89859  1.46%  11.5 2368s
 841520 70892     cutoff   50       385.53161  379.91992  1.46%  11.5 2371s
 842392 70523     cutoff   42       385.53161  379.93668  1.45%  11.5 2375s
 844234 69901  385.19811   39   20  385.53161  379.98249  1.44%  11.5 2383s
 845142 69583     cutoff   40       385.53161  379.99993  1.43%  11.5 2387s
 846004 69258  381.39340   49   19  385.53161  380.01960  1.43%  11.5 2390s
 847732 68875     cutoff   52       385.53161  380.05925  1.42%  11.5 2396s
 847873 68516  380.99094   54   37  385.53161  380.06182  1.42%  11.5 2400s
 849685 67788  381.30933   35   18  385.53161  380.10487  1.41%  11.5 2408s
 850614 67398  385.07860   37   29  385.53161  380.12956  1.40%  11.5 2412s
 851531 67132  382.07433   33   12  385.53161  380.15184  1.40%  11.5 2416s
 852385 66754  383.86539   32   38  385.53161  380.17063  1.39%  11.5 2420s
 854272 66017     cutoff   39       385.53161  380.21745  1.38%  11.5 2428s
 855210 65608  384.44435   39   28  385.53161  380.24231  1.37%  11.5 2431s
 856111 65207  385.40797   32   18  385.53161  380.26438  1.37%  11.5 2435s
 857908 64428     cutoff   50       385.53161  380.31305  1.35%  11.5 2443s
 858782 64044 infeasible   47       385.53161  380.33064  1.35%  11.5 2446s
 859731 63672     cutoff   36       385.53161  380.35646  1.34%  11.5 2450s
 861536 62910     cutoff   44       385.53161  380.40089  1.33%  11.5 2457s
 862448 62752 infeasible   49       385.53161  380.42666  1.32%  11.5 2460s
 863768 61980     cutoff   39       385.53161  380.45953  1.32%  11.5 2467s
 864666 61534     cutoff   44       385.53161  380.48156  1.31%  11.5 2471s
 865634 61110     cutoff   48       385.53161  380.50906  1.30%  11.5 2475s
 867448 60290 infeasible   39       385.53161  380.55928  1.29%  11.5 2481s
 868378 59866  382.26045   38   12  385.53161  380.58872  1.28%  11.5 2485s
 870154 58978     cutoff   42       385.53161  380.63798  1.27%  11.5 2492s
 871044 58562     cutoff   41       385.53161  380.66188  1.26%  11.5 2496s
 871932 58163  382.54382   36   11  385.53161  380.68423  1.26%  11.5 2500s
 873746 57369     cutoff   34       385.53161  380.73551  1.24%  11.5 2506s
 874896 56856     cutoff   39       385.53161  380.76704  1.24%  11.5 2513s
 875701 56385     cutoff   45       385.53161  380.78295  1.23%  11.5 2516s
 876610 55964     cutoff   43       385.53161  380.81826  1.22%  11.5 2520s
 878410 55061     cutoff   46       385.53161  380.86502  1.21%  11.5 2528s
 879380 54575     cutoff   39       385.53161  380.89197  1.20%  11.5 2531s
 880331 54110     cutoff   48       385.53161  380.92546  1.19%  11.5 2535s
 882057 53105     cutoff   42       385.53161  380.97862  1.18%  11.5 2542s
 882969 52663  381.02406   41   20  385.53161  381.01188  1.17%  11.5 2545s
 884788 51661  382.74021   39   24  385.53161  381.06563  1.16%  11.5 2552s
 885690 51241  384.35693   44   35  385.53161  381.09739  1.15%  11.5 2556s
 886545 50801     cutoff   37       385.53161  381.12043  1.14%  11.5 2560s
 888364 49790  382.47479   40   40  385.53161  381.17755  1.13%  11.5 2567s
 889290 49327  384.19642   51   14  385.53161  381.20565  1.12%  11.5 2570s
 891108 48309     cutoff   43       385.53161  381.26425  1.11%  11.5 2578s
 892022 47818  382.84052   38   18  385.53161  381.29434  1.10%  11.5 2581s
 893851 46804     cutoff   36       385.53161  381.36274  1.08%  11.5 2587s
 894702 46307     cutoff   36       385.53161  381.38767  1.07%  11.5 2590s
 896459 45231     cutoff   42       385.53161  381.45012  1.06%  11.5 2597s
 897381 44682  383.64320   44   23  385.53161  381.48581  1.05%  11.5 2600s
 899205 43621  383.94045   56   12  385.53161  381.55683  1.03%  11.5 2607s
 900107 43107     cutoff   39       385.53161  381.58597  1.02%  11.5 2610s
 901921 41980     cutoff   33       385.53161  381.65736  1.00%  11.5 2617s
 902815 41417  382.19968   37   14  385.53161  381.68857  1.00%  11.5 2620s
 904643 40342  385.13432   45   23  385.53161  381.75697  0.98%  11.5 2626s
 905512 39770     cutoff   46       385.53161  381.78943  0.97%  11.5 2630s
 907326 38795     cutoff   35       385.53161  381.86412  0.95%  11.5 2635s
 908886 37652  384.80667   40   40  385.53161  381.92867  0.93%  11.5 2642s
 909793 37093     cutoff   36       385.53161  381.96441  0.93%  11.5 2645s
 911578 35944     cutoff   57       385.53161  382.03402  0.91%  11.5 2651s
 912460 35308     cutoff   48       385.53161  382.07832  0.90%  11.5 2655s
 914282 34170 infeasible   41       385.53161  382.15764  0.88%  11.5 2661s
 916113 32989  384.39808   43   26  385.53161  382.22877  0.86%  11.5 2667s
 916991 32337     cutoff   39       385.53161  382.27383  0.85%  11.5 2670s
 918781 31110     cutoff   46       385.53161  382.35983  0.82%  11.5 2676s
 920619 29844     cutoff   37       385.53161  382.44960  0.80%  11.5 2682s
 921505 29181  384.60497   32   37  385.53161  382.49461  0.79%  11.5 2685s
 923358 27930     cutoff   42       385.53161  382.58329  0.76%  11.5 2691s
 925108 26512     cutoff   36       385.53161  382.68057  0.74%  11.5 2697s
 926202 25780     cutoff   38       385.53161  382.73448  0.73%  11.5 2702s
 927001 25104  383.75579   50   38  385.53161  382.77717  0.71%  11.5 2705s
 928846 23716     cutoff   36       385.53161  382.88685  0.69%  11.5 2711s
 930728 22233     cutoff   47       385.53161  382.99782  0.66%  11.5 2716s
 932592 20828     cutoff   40       385.53161  383.11285  0.63%  11.5 2721s
 934390 19339     cutoff   42       385.53161  383.22549  0.60%  11.5 2727s
 935359 18609  383.60069   42   23  385.53161  383.29423  0.58%  11.5 2730s
 938150 16344     cutoff   39       385.53161  383.48231  0.53%  11.5 2737s
 939006 15607     cutoff   56       385.53161  383.54249  0.52%  11.5 2740s
 941688 13225     cutoff   38       385.53161  383.75507  0.46%  11.5 2746s
 943542 11606     cutoff   39       385.53161  383.92551  0.42%  11.4 2751s
 945396  9967 infeasible   46       385.53161  384.09688  0.37%  11.4 2755s
 948125  7415     cutoff   40       385.53161  384.36248  0.30%  11.4 2761s
 949993  6104     cutoff   45       385.53161  384.56950  0.25%  11.4 2766s
 951395  4270 infeasible   47       385.53161  384.73875  0.21%  11.4 2770s
 954309  1446 infeasible   44       385.53161  385.13658  0.10%  11.4 2776s

Cutting planes:
  Gomory: 3
  Flow cover: 1
  Zero half: 19
  Lazy constraints: 1793

Explored 956724 nodes (10893068 simplex iterations) in 2778.88 seconds (2029.05 work units)
Thread count was 8 (of 18 available processors)

Solution count 7: 385.532 388.092 388.876 ... 417.225

Optimal solution found (tolerance 1.00e-04)
Best objective 3.855316120430e+02, best bound 3.855316120430e+02, gap 0.0000%

User-callback calls 1958172, time in user-callback 325.41 sec
### START EXACT APPROACH ###
ProblemVariant: 1
### START PREPROCESSING ###
## Start infeasible path procedure ## 
Deleted arcs: 2
Infeasible tail paths: 0
Infeasible 2-node combinations: 1
## Start extended infeasible path procedure ##
Deleted arcs: 2
Infeasible tail paths: 0
Infeasible 2-node combinations: 1
## Start start solution procedure ##
### END PREPROCESSING ###
Route 0 0-2-7-5-20-6-0 : weight util 0.894118 | volume util 0.427111 | infeasible with packing heuristic | feasible with CP model
Route 1 0-9-3-4-14-16-17-0 : weight util 1.000000 | volume util 0.630800 | infeasible with packing heuristic | feasible with CP model
Route 2 0-12-18-10-19-11-1-0 : weight util 0.976471 | volume util 0.667022 | infeasible with packing heuristic | feasible with CP model
Route 3 0-13-15-8-0 : weight util 1.000000 | volume util 0.515800 | infeasible with packing heuristic | feasible with CP model
