
Gurobi 12.0.1 (win64, C++) logging started Wed Apr  9 22:25:42 2025

Set parameter Username
Set parameter LicenseID to value 2618655
Academic license - for non-commercial use only - expires 2026-02-05
Set parameter Threads to value 8
Set parameter LazyConstraints to value 1
Set parameter PreCrush to value 1
Set parameter Seed to value 0
Set parameter Cuts to value -1
Set parameter TimeLimit to value 28800
Set parameter NumericFocus to value 0
Set parameter SolutionLimit to value 10000
Gurobi Optimizer version 12.0.1 build v12.0.1rc0 (win64 - Windows Server 2022.0 (20348.2))

CPU model: AMD EPYC 7513 32-Core Processor, instruction set [SSE2|AVX|AVX2]
Thread count: 18 physical cores, 18 logical processors, using up to 8 threads

Non-default parameters:
SolutionLimit  10000
TimeLimit  28800
PreCrush  1
Threads  8
LazyConstraints  1

Optimize a model with 1359 rows, 2601 columns and 7714 nonzeros
Model fingerprint: 0x5fd466f4
Variable types: 0 continuous, 2601 integer (2601 binary)
Coefficient statistics:
  Matrix range     [1e+00, 1e+00]
  Objective range  [2e+00, 9e+01]
  Bounds range     [1e+00, 1e+00]
  RHS range        [1e+00, 1e+01]

Warning: Completing partial solution with 2474 unfixed non-continuous variables out of 2601
User MIP start produced solution with objective 782.501 (0.01s)
Loaded user MIP start with objective 782.501

Presolve removed 35 rows and 66 columns
Presolve time: 0.01s
Presolved: 1324 rows, 2535 columns, 7555 nonzeros
Variable types: 0 continuous, 2535 integer (2535 binary)

Root relaxation: objective 4.918518e+02, 253 iterations, 0.00 seconds (0.01 work units)

    Nodes    |    Current Node    |     Objective Bounds      |     Work
 Expl Unexpl |  Obj  Depth IntInf | Incumbent    BestBd   Gap | It/Node Time

     0     0  491.85180    0   14  782.50057  491.85180  37.1%     -    0s
     0     0  491.85180    0   14  782.50057  491.85180  37.1%     -    8s
     0     0  497.86581    0   74  782.50057  497.86581  36.4%     -    8s
     0     0  520.67545    0   28  782.50057  520.67545  33.5%     -    8s
     0     0  522.27214    0   74  782.50057  522.27214  33.3%     -    8s
     0     0  523.78293    0   99  782.50057  523.78293  33.1%     -    8s
     0     0  529.42025    0   95  782.50057  529.42025  32.3%     -    8s
     0     0  529.42025    0   95  782.50057  529.42025  32.3%     -   10s
     0     0  533.35194    0   42  782.50057  533.35194  31.8%     -   10s
     0     2  533.35194    0   42  782.50057  533.35194  31.8%     -   10s
    15    24  561.52167    4  123  782.50057  552.82673  29.4%   171   15s
    56    66  569.13913    8  133  782.50057  552.82673  29.4%   217   22s
Warning: Completing partial solution with 2474 unfixed non-continuous variables out of 2601
H   84    86                     779.4407622  552.82673  29.1%   195   29s
    85   110  571.90875   11  130  779.44076  552.82673  29.1%   196   30s
   156   178  575.67839   21  130  779.44076  552.82673  29.1%   137   35s
   254   268  578.21343   24  141  779.44076  552.82673  29.1%   112   42s
   267   279  581.05452   33  130  779.44076  552.82673  29.1%   113   48s
   352   380  585.26101   41  133  779.44076  552.82673  29.1%   101   52s
   568   635  590.45394   58  125  779.44076  552.82673  29.1%  77.7   55s
  1036  1117  600.95278  101  116  779.44076  552.82673  29.1%  54.2   60s
  1545  1673  609.87039  183   40  779.44076  552.82673  29.1%  42.7   69s
  1662  1674  606.35564  133  113  779.44076  552.82673  29.1%  40.5   76s
  1814  1951  640.53391  208   84  779.44076  552.82673  29.1%  38.4   87s
  1969  2031 infeasible  225       779.44076  552.83018  29.1%  36.4  106s
  2200  2182  703.38762  260   40  779.44076  553.94985  28.9%  34.5  111s
  2505  2517  571.74561   11  123  779.44076  553.94985  28.9%  33.3  116s
  3217  3199  592.59136   59   92  779.44076  554.02147  28.9%  32.9  120s
  3413  3473  603.62856   77   86  779.44076  554.76389  28.8%  33.0  126s
  3759  3685  590.57316   51   42  779.44076  554.82605  28.8%  32.1  140s
  3763  3688  613.11439  139  811  779.44076  570.43785  26.8%  32.1  145s
  3764  3688  601.23435   67  802  779.44076  570.94361  26.7%  32.1  151s
  3769  3692  591.54119  120  818  779.44076  571.37942  26.7%  32.1  156s
  3961  3834  579.40290   23  808  779.44076  571.37942  26.7%  38.5  168s
  4055  3899  585.84720   27  795  779.44076  571.37942  26.7%  40.5  173s
  4124  3948  589.12649   30  753  779.44076  571.37942  26.7%  41.3  190s
  4223  4017  595.62850   36  622  779.44076  571.37942  26.7%  42.3  199s
  4237  4014  601.44955   45  748  779.44076  571.37942  26.7%  42.3  200s
  4304  4062  594.28213   40  613  779.44076  571.37942  26.7%  42.7  206s
  4387  4097 infeasible   45       779.44076  571.37942  26.7%  43.3  229s
  4463  4164  608.44389   50  552  779.44076  571.37942  26.7%  43.5  251s
  4529  4168 infeasible   54       779.44076  571.37942  26.7%  43.6  266s
  4635  4225  574.22080   17  799  779.44076  571.68960  26.7%  44.1  271s
  4727  4278  574.76790   19  792  779.44076  571.68960  26.7%  44.9  275s
  4809  4331  577.10677   22  808  779.44076  571.68960  26.7%  45.9  280s
  4855  4371  582.06445   24  758  779.44076  571.68960  26.7%  46.4  291s
  4874  4365  610.09798   74  734  779.44076  571.68960  26.7%  46.6  295s
  5294  4651  599.96103   40  755  779.44076  571.68960  26.7%  50.6  302s
  5376  4708  600.80150   41  735  779.44076  571.68960  26.7%  51.0  306s
  5462  4769  602.97962   43  634  779.44076  571.68960  26.7%  51.4  312s
  5560  4806  602.89568   49  531  779.44076  571.68960  26.7%  51.5  319s
  5737  4940  613.08175   62  685  779.44076  571.68960  26.7%  52.4  321s
  5781  4926  666.89309   86    -  779.44076  572.16051  26.6%  52.2  325s
  5890  5009  576.05704   18  802  779.44076  572.16051  26.6%  52.3  333s
  5998  5066  582.60295   22  796  779.44076  572.16051  26.6%  52.7  337s
  6168  5076  578.19615   20  804  779.44076  572.16051  26.6%  53.5  343s
  6308  5218  586.57961   28  774  779.44076  572.16051  26.6%  53.9  348s
  6625  5421  601.98502   48  752  779.44076  572.16051  26.6%  55.3  364s
  6739  5519  603.42843   55  661  779.44076  572.16051  26.6%  55.9  376s
  7027  5732  626.79862   76  685  779.44076  572.16051  26.6%  56.4  392s
  7161  5696  665.18291  112    -  779.44076  572.16051  26.6%  56.2  402s
  7402  5835  575.95882   15  810  779.44076  572.16051  26.6%  56.3  425s
  7572  5891  591.78375   32  780  779.44076  572.16051  26.6%  56.5  441s
  7975  6152  594.35791   49  787  779.44076  572.94630  26.5%  58.1  445s
  8068  6259  621.70531   50  728  779.44076  572.94630  26.5%  58.3  460s
  8225  6368  637.15185   60  759  779.44076  572.94630  26.5%  58.7  469s
  8389  6464  633.72776   77  450  779.44076  572.94630  26.5%  59.1  473s
  8466  6453  606.08168   44  776  779.44076  572.94630  26.5%  58.9  483s
  8597  6567  655.09562   84  597  779.44076  572.94630  26.5%  59.2  487s
  8896  6631  586.74303   34  809  779.44076  573.02208  26.5%  59.7  493s
  9178  6934  708.43342  104  257  779.44076  573.02208  26.5%  60.1  498s
  9329  6907  698.49154  124  158  779.44076  573.02208  26.5%  59.9  500s
  9469  7024  592.04543   29  797  779.44076  573.02208  26.5%  59.8  508s
  9629  6997  581.64229   18  799  779.44076  573.02208  26.5%  59.7  514s
  9709  7119  604.26505   42  768  779.44076  573.02208  26.5%  60.0  519s
  9830  7084  640.58322  107  720  779.44076  573.02208  26.5%  60.4  523s
 10073  7210  586.38024   32  767  779.44076  573.25193  26.5%  60.7  525s
 10301  7565  629.31849   99  709  779.44076  573.33066  26.4%  61.1  542s
 10591  7721  653.83394  116  178  779.44076  573.33066  26.4%  61.4  550s
 10948  7877  587.42114   18  811  779.44076  573.33066  26.4%  61.4  563s
 11236  8074  609.55011   34  722  779.44076  573.33066  26.4%  61.7  571s
 11298  8057  592.99485   27  796  779.44076  573.33066  26.4%  61.6  580s
Warning: Completing partial solution with 2474 unfixed non-continuous variables out of 2601
H11413  8022                     778.2966740  573.33066  26.3%  61.6  598s
 11595  8166  655.09380   71  396  778.29667  573.34889  26.3%  61.7  603s
 11644  8156  627.58119   56  332  778.29667  573.34889  26.3%  61.6  607s
 11847  8339  587.96811   23  820  778.29667  573.34889  26.3%  61.3  619s
 11923  8315  587.16590   22  811  778.29667  573.34889  26.3%  61.4  623s
 12115  8678  640.49510   68  266  778.29667  573.81205  26.3%  61.5  626s
Warning: Completing partial solution with 2475 unfixed non-continuous variables out of 2601
H12147  8647                     759.9672757  573.81205  24.5%  61.4  631s
 12808  8768  652.37290   66  701  759.96728  573.81205  24.5%  60.8  643s
 12991  8714  613.60825   45  781  759.96728  573.81205  24.5%  60.6  661s
 13004  8821  614.19370   46  793  759.96728  573.81205  24.5%  60.6  670s
 13116  8927  639.36197   73  569  759.96728  573.81205  24.5%  60.7  676s
Warning: Completing partial solution with 2475 unfixed non-continuous variables out of 2601
H13156  8913                     759.9044578  573.81205  24.5%  60.7  677s
 13185  8908  603.73216   46  808  759.90446  573.81205  24.5%  60.7  686s
 13300  9121  639.65792   76  697  759.90446  573.81205  24.5%  60.7  690s
 13563  9276  678.72499   99  381  759.90446  573.83133  24.5%  60.4  706s
 13818  9602  585.18217   23  795  759.90446  573.83133  24.5%  60.3  721s
 14176  9487 infeasible  148       759.90446  573.83133  24.5%  60.1  725s
 14324  9759 infeasible  129       759.90446  573.83133  24.5%  60.0  732s
 14648 10121 infeasible   79       759.90446  574.57828  24.4%  60.0  736s
 15209 10518  619.82772   57  787  759.90446  574.58863  24.4%  59.8  765s
 16179 11423  603.22905   30  788  759.90446  574.75267  24.4%  60.3  788s
 16322 11437  660.71360   41  763  759.90446  574.75267  24.4%  60.4  804s
 16444 11438  615.75378   35  718  759.90446  575.30549  24.3%  60.5  811s
 16829 11955  700.53315   61  335  759.90446  575.54753  24.3%  60.1  828s
 17102 11983  577.29946   17  821  759.90446  575.54753  24.3%  60.1  836s
 17427 12033  612.70997   46  763  759.90446  575.54753  24.3%  59.9  843s
 17494 12613  614.56689   47  749  759.90446  575.54753  24.3%  59.8  862s
 17801 12620  642.87905   68  775  759.90446  575.54753  24.3%  59.7  868s
 17906 12625  614.92703   44  783  759.90446  575.54753  24.3%  59.7  871s
 18156 12954  701.62414  136  273  759.90446  575.54753  24.3%  59.5  880s
 18434 12954  590.16715   22  799  759.90446  575.54753  24.3%  59.4  889s
H18435 12518                     733.8176506  575.54753  21.6%  59.4  890s
 18806 13064  679.78771   86  424  733.81765  575.54753  21.6%  59.5  899s
 19114 13695  587.23843   21  756  733.81765  575.54753  21.6%  59.4  903s
 19657 13708  697.53908  134  700  733.81765  575.54753  21.6%  59.3  906s
 19854 14122 infeasible  123       733.81765  575.54753  21.6%  59.2  921s
 19957 14126  645.40654   63  644  733.81765  575.54753  21.6%  59.2  926s
 20363 14742  620.13245   52  760  733.81765  576.01048  21.5%  59.2  938s
 20543 14750  599.30029   26  792  733.81765  576.05985  21.5%  59.2  940s
 21069 15381  594.84616   25  772  733.81765  576.12871  21.5%  59.2  947s
 21809 15990  583.88906   22  815  733.81765  576.12871  21.5%  59.1  957s
 22417 16017  608.30392   44  793  733.81765  576.12871  21.5%  59.1  977s
 22524 16626  702.23941   97  265  733.81765  576.12871  21.5%  59.0  982s
 23244 16980  678.36029   52  676  733.81765  576.12871  21.5%  59.0 1005s
 23623 17675  636.44693   55  758  733.81765  576.12871  21.5%  59.1 1030s
 23988 17694  598.98542   20  756  733.81765  576.20317  21.5%  58.9 1043s
 24492 18345  617.62636   48  740  733.81765  576.48570  21.4%  58.9 1071s
 24709 18365  728.40658   91  272  733.81765  576.49077  21.4%  58.8 1080s
 25305 18933  617.70626   36  761  733.81765  576.57993  21.4%  58.7 1102s
 25768 18951  655.21262   89  754  733.81765  576.59783  21.4%  59.0 1115s
 25970 19213  597.44772   30  757  733.81765  576.59783  21.4%  58.9 1124s
 26233 19878  612.02448   43  395  733.81765  576.59783  21.4%  59.2 1141s
 26358 19892  631.74157   68    -  733.81765  576.66391  21.4%  59.1 1148s
 27074 20515  656.53535  115  383  733.81765  576.66391  21.4%  59.0 1161s
 27350 20525  643.25186   82  489  733.81765  576.66391  21.4%  59.0 1173s
 27789 21058  593.68049   25  813  733.81765  576.68469  21.4%  59.1 1195s
 28501 21197  615.73793   47  641  733.81765  576.68469  21.4%  59.1 1211s
 28566 21197  694.73005  107    -  733.81765  576.68469  21.4%  59.1 1222s
 28601 21212  626.77541   60  531  733.81765  576.68469  21.4%  59.2 1227s
 28607 21212  600.46905   30  803  733.81765  576.68469  21.4%  59.2 1236s
 29009 21679  681.06389   95  354  733.81765  576.68469  21.4%  59.0 1262s
 29175 22406  634.49063   62  697  733.81765  576.68469  21.4%  59.0 1268s
 29860 22413  594.33486   22  791  733.81765  576.84313  21.4%  58.9 1270s
 29969 23063  612.02028   36  775  733.81765  576.84313  21.4%  58.8 1278s
 30085 23067     cutoff  131       733.81765  576.84313  21.4%  58.8 1282s
 30705 23833  583.27285   21  821  733.81765  576.84313  21.4%  58.7 1310s
 31120 23843  626.44067   57  768  733.81765  576.84313  21.4%  58.6 1326s
 31609 24532  683.86819   93  436  733.81765  576.84313  21.4%  58.4 1335s
 31782 24539  638.10838   65  764  733.81765  576.84313  21.4%  58.4 1343s
 32362 24550  604.38146   26  785  733.81765  577.00631  21.4%  58.2 1348s
 32370 24550  603.12973   29  774  733.81765  577.00631  21.4%  58.2 1351s
 32375 24595  610.12716   29  773  733.81765  577.00631  21.4%  58.3 1357s
 32419 24595  597.92170   24  807  733.81765  577.00631  21.4%  58.3 1360s
 32424 24690  653.03554   46  665  733.81765  577.00631  21.4%  58.3 1370s
 32538 25172  611.56093   30  788  733.81765  577.00631  21.4%  58.4 1391s
 32893 25199  593.62089   28  764  733.81765  577.00631  21.4%  58.5 1398s
 33124 25847  613.48756   31  766  733.81765  577.00631  21.4%  58.6 1403s
 33276 25855  588.13684   26  776  733.81765  577.00631  21.4%  58.7 1408s
 33700 25867  663.26747   47  679  733.81765  577.00631  21.4%  58.6 1410s
 33897 26415  711.73951   66  459  733.81765  577.00631  21.4%  58.6 1415s
 34563 26972  642.75059   52  635  733.81765  577.00631  21.4%  58.6 1436s
 34820 26995  582.68608   20  782  733.81765  577.00631  21.4%  58.6 1444s
 35249 27461  600.07072   33  802  733.81765  577.36010  21.3%  58.6 1473s
 35707 28008  630.78958   76  750  733.81765  577.36010  21.3%  59.1 1492s
 35892 28019  627.84730   71  767  733.81765  577.36010  21.3%  59.1 1495s
 36095 28056  609.83581   47  788  733.81765  577.37840  21.3%  59.1 1502s
 36360 28611  688.35250  145  631  733.81765  577.40048  21.3%  59.3 1516s
 37146 29317 infeasible   51       733.81765  577.53321  21.3%  59.1 1556s
 37244 29327  588.57766   18  822  733.81765  577.53321  21.3%  59.1 1562s
 37619 29341  616.84300   40  783  733.81765  577.53321  21.3%  59.1 1572s
 37729 29346  600.83659   38  791  733.81765  577.53321  21.3%  59.0 1580s
 37932 30018 infeasible  102       733.81765  577.53321  21.3%  59.0 1589s
 38115 30019  590.29415   20  798  733.81765  577.54152  21.3%  59.0 1595s
 38713 30737  679.73025  110  666  733.81765  577.54152  21.3%  58.9 1619s
 38933 30750  581.42171   19  815  733.81765  577.68478  21.3%  58.8 1628s
 39579 31389  638.89710   52  675  733.81765  577.69758  21.3%  58.7 1662s
 39659 31399  602.87451   33  777  733.81765  577.69758  21.3%  58.7 1665s
 40333 32145  622.85174   51  730  733.81765  577.83095  21.3%  58.6 1682s
 41161 32744  598.72727   28  802  733.81765  577.91222  21.2%  58.4 1704s
 41861 33077  583.61376   19  816  733.81765  577.91222  21.2%  58.3 1715s
 42202 33659  593.12949   27  788  733.81765  577.92675  21.2%  58.6 1755s
 42870 33857  601.97705   45  764  733.81765  578.01329  21.2%  58.7 1778s
 42890 33857  600.60976   34  778  733.81765  578.01329  21.2%  58.7 1787s
 42914 33857  705.81570   88  261  733.81765  578.01329  21.2%  58.7 1797s
 43063 34333  616.00462   55  725  733.81765  578.01329  21.2%  58.8 1811s
 43156 34351  617.78741   47  765  733.81765  578.02807  21.2%  58.8 1823s
 43612 34390  648.28150   89  420  733.81765  578.05831  21.2%  58.9 1840s
 43701 34772 infeasible   99       733.81765  578.05831  21.2%  58.9 1846s
 44176 34932  593.22338   33  804  733.81765  578.05831  21.2%  59.2 1862s
 44290 34933  590.03319   30  804  733.81765  578.05831  21.2%  59.2 1867s
 44317 35442  595.60180   35  786  733.81765  578.05831  21.2%  59.2 1872s
 44488 35461  635.53369   47  754  733.81765  578.05831  21.2%  59.2 1878s
H44918 35364                     731.9113927  578.05831  21.0%  59.2 1890s
 45356 36249  617.17559   33  757  731.91139  578.05831  21.0%  59.3 1913s
 45436 36252  674.62288   60  325  731.91139  578.05831  21.0%  59.4 1916s
 46079 36878  621.05577   44  711  731.91139  578.19615  21.0%  59.3 1925s
 46758 37551  583.93192   20  814  731.91139  578.24205  21.0%  59.1 1951s
 47002 37559  606.97202   29  789  731.91139  578.24205  21.0%  59.2 1967s
 47522 38300  658.09235   79  713  731.91139  578.24205  21.0%  59.1 1982s
 48347 38508  601.26222   26  810  731.91139  578.24205  21.0%  58.9 2009s
 48577 39042  601.34915   27  798  731.91139  578.24205  21.0%  58.8 2043s
 49204 39521  585.17243   24  785  731.91139  578.24205  21.0%  58.8 2048s
 49740 39986  611.40507   41  735  731.91139  578.50398  21.0%  59.0 2058s
 49912 40012  589.50457   28  791  731.91139  578.50398  21.0%  59.0 2060s
 50357 40518  709.57338   99  360  731.91139  578.50398  21.0%  59.0 2080s
 50935 41273  625.84819   57  736  731.91139  578.62277  20.9%  59.1 2097s
 51757 41847  595.49700   25  798  731.91139  578.68460  20.9%  58.9 2106s
 52353 41886  667.25007  139  561  731.91139  578.73102  20.9%  58.8 2155s
 52441 42422  619.52794   32  769  731.91139  578.73102  20.9%  58.8 2163s
 52498 42429  617.46528   32  796  731.91139  578.73102  20.9%  58.8 2167s
 53011 42450  615.42574   32  781  731.91139  578.79764  20.9%  58.8 2173s
 53123 43143  606.69911   36  797  731.91139  578.79764  20.9%  58.7 2179s
 53312 43145  683.21940  109  357  731.91139  578.79764  20.9%  58.7 2183s
 53399 43155  643.49719   67  748  731.91139  578.79764  20.9%  58.7 2185s
 53852 43548  683.29306  133  617  731.91139  578.79764  20.9%  58.7 2190s
 54286 43882  620.04935   41  751  731.91139  578.83011  20.9%  58.5 2205s
 54425 43894  599.05403   29  787  731.91139  578.83011  20.9%  58.5 2211s
 54752 44278  581.33912   22  727  731.91139  578.83011  20.9%  58.6 2216s
 54921 44289  584.73859   21  695  731.91139  578.83011  20.9%  58.7 2224s
 55154 44697  599.13868   35  788  731.91139  578.83011  20.9%  58.9 2229s
 55680 45409  618.71960   58  739  731.91139  578.83011  20.9%  59.0 2248s
 56136 45429  602.93830   37  799  731.91139  578.83011  20.9%  58.9 2250s
 56447 46034  706.09607  119    -  731.91139  578.83011  20.9%  58.9 2263s
 57107 46050     cutoff  154       731.91139  578.83011  20.9%  58.7 2266s
 57207 46626  611.51932   47  761  731.91139  578.83011  20.9%  58.7 2272s
 57705 46633  607.58746   46  586  731.91139  578.83011  20.9%  58.6 2275s
 57820 47154  716.55254  153  598  731.91139  578.83011  20.9%  58.7 2281s
 58411 47811  640.88970   65  669  731.91139  579.05832  20.9%  58.6 2309s
 59198 47847  583.42070   23  805  731.91139  579.05832  20.9%  58.5 2321s
 59206 47855  587.15178   24  823  731.91139  579.05832  20.9%  58.5 2325s
 59214 48071  587.85155   25  810  731.91139  579.05832  20.9%  58.5 2330s
 59442 48079  599.06239   30  799  731.91139  579.05832  20.9%  58.6 2341s
 59450 48143  602.43327   30  806  731.91139  579.05832  20.9%  58.6 2351s
 59453 48143  613.07508   35  813  731.91139  579.05832  20.9%  58.7 2355s
 59528 48480  610.37934   31  679  731.91139  579.05832  20.9%  58.7 2365s
 59684 48487  611.75597   34  806  731.91139  579.17260  20.9%  58.7 2375s
 59947 49096  661.99912   51  367  731.91139  579.17260  20.9%  58.8 2395s
 60641 49726  620.39206   43  814  731.91139  579.17260  20.9%  58.7 2406s
 61346 50443  583.69465   22  816  731.91139  579.17260  20.9%  58.7 2426s
 62141 51038  645.18598   68  674  731.91139  579.17260  20.9%  58.6 2439s
 62407 51056  638.75074   60  742  731.91139  579.17260  20.9%  58.6 2443s
 62597 51066  592.27923   27  822  731.91139  579.17260  20.9%  58.7 2447s
 62846 51658  610.95831   43  781  731.91139  579.17260  20.9%  58.6 2455s
 62933 51677  683.13988  100  712  731.91139  579.17260  20.9%  58.6 2460s
 63570 52222  590.27078   22  742  731.91139  579.17260  20.9%  58.5 2468s
 64164 52818  686.52657  106  539  731.91139  579.17260  20.9%  58.5 2503s
 64698 52822  635.51476   63  779  731.91139  579.17260  20.9%  58.6 2511s
 64806 53265  634.95669   38  796  731.91139  579.17260  20.9%  58.6 2518s
 64880 53265 infeasible  121       731.91139  579.17260  20.9%  58.6 2520s
 65363 53888  583.50089   19  828  731.91139  579.17260  20.9%  58.6 2540s
 65624 53891  665.44748   83  661  731.91139  579.17260  20.9%  58.6 2556s
 65981 53898  695.30241   71  484  731.91139  579.17260  20.9%  58.6 2562s
 66050 54288  637.29102   69  746  731.91139  579.17260  20.9%  58.6 2575s
 66452 54293  625.01580   65  728  731.91139  579.49939  20.8%  58.5 2592s
 66539 54620  586.71178   16  803  731.91139  579.49939  20.8%  58.5 2601s
 66881 55192  603.17211   36  787  731.91139  579.49939  20.8%  58.8 2607s
 67374 55201  602.02470   36  782  731.91139  579.49939  20.8%  58.8 2610s
 67466 55576  646.09588   94  615  731.91139  579.49939  20.8%  58.8 2616s
 68037 56007  613.90260   22  768  731.91139  579.54903  20.8%  58.9 2643s
 68409 56380  669.70904   42  654  731.91139  579.54903  20.8%  59.2 2648s
 68644 56405  619.00978   42  495  731.91139  579.54903  20.8%  59.2 2660s
 68952 57064  600.70586   25  781  731.91139  579.57578  20.8%  59.2 2678s
 69674 57568  681.44932   81  720  731.91139  579.60117  20.8%  59.1 2696s
 70175 57587  645.95843   71  742  731.91139  579.60117  20.8%  59.2 2712s
 70263 58249  604.44998   28  822  731.91139  579.72071  20.8%  59.2 2718s
 70368 58254  613.66789   42  776  731.91139  579.72574  20.8%  59.2 2721s
 71024 58809  594.63238   21  778  731.91139  579.74439  20.8%  59.1 2735s
 71647 59397  686.76424  100  563  731.91139  579.74439  20.8%  59.1 2748s
 71707 59399  627.74396   58  674  731.91139  579.74439  20.8%  59.1 2756s
 72337 60133  602.47245   40  800  731.91139  579.74439  20.8%  59.0 2787s
 73150 60483  727.90489  120  543  731.91139  579.74439  20.8%  58.9 2810s
 73525 61014  633.54420   69  762  731.91139  579.80928  20.8%  59.1 2816s
 73802 61028  632.64046   78  767  731.91139  579.83070  20.8%  59.1 2821s
 74161 61340  590.57201   26  783  731.91139  579.83648  20.8%  59.1 2828s
 74592 61774  610.23542   40  801  731.91139  579.83648  20.8%  59.2 2860s
 74911 61785  601.31722   33  779  731.91139  579.83648  20.8%  59.2 2870s
 75029 62319  645.48920   78  583  731.91139  579.90378  20.8%  59.3 2877s
 75677 62871  587.60520   24  797  731.91139  579.92271  20.8%  59.3 2894s
 75801 62876     cutoff  161       731.91139  579.92820  20.8%  59.3 2898s
 76285 63445     cutoff  100       731.91139  579.92820  20.8%  59.3 2915s
 76491 63454  612.24906   38  794  731.91139  579.92820  20.8%  59.3 2924s
 76915 63943  627.18486   42  726  731.91139  579.92820  20.8%  59.3 2933s
 77456 63960  724.15762  211    -  731.91139  579.92820  20.8%  59.2 2945s
 77516 64268  591.26703   28  815  731.91139  579.92820  20.8%  59.3 2951s
 77876 64725  610.08091   38  671  731.91139  579.92820  20.8%  59.5 2963s
 78142 64744  646.87090   74  733  731.91139  579.98484  20.8%  59.4 2968s
 78402 65057  629.21950   58  677  731.91139  579.98484  20.8%  59.5 2976s
 78451 65063  588.49904   18  818  731.91139  579.98484  20.8%  59.5 2980s
 78770 65425 infeasible   81       731.91139  579.98534  20.8%  59.7 2987s
 78879 65425  602.77126   28  784  731.91139  579.98534  20.8%  59.7 2998s
 79218 65845  690.55088  107  458  731.91139  580.00071  20.8%  59.8 3011s
 79294 65846  606.41464   27  802  731.91139  580.00071  20.8%  59.8 3018s
 79541 65851  626.77254   54  717  731.91139  580.00414  20.8%  59.9 3021s
 79663 66260  652.36393   38  636  731.91139  580.00414  20.8%  59.9 3027s
 79773 66267  623.49682   34  766  731.91139  580.00414  20.8%  60.0 3032s
 80160 66698  629.08825   46  786  731.91139  580.03557  20.8%  60.0 3045s
 80616 67215  616.44437   37  748  731.91139  580.03557  20.8%  60.1 3052s
 80830 67226  675.02821   55  634  731.91139  580.03557  20.8%  60.1 3055s
 81207 67726  721.49223  115  283  731.91139  580.03557  20.8%  60.1 3077s
 81964 68011  598.97405   27  808  731.91139  580.11986  20.7%  60.0 3108s
 82200 68438  629.32374   38  735  731.91139  580.11986  20.7%  60.2 3115s
 82672 68985  665.69672   92  575  731.91139  580.11986  20.7%  60.3 3123s
 83135 69015  626.49685   71  763  731.91139  580.17116  20.7%  60.2 3158s
 83403 69640  588.22430   18  811  731.91139  580.17116  20.7%  60.2 3172s
 83861 69652  660.63867  113  560  731.91139  580.17116  20.7%  60.2 3182s
 84098 70026  640.71711   68  761  731.91139  580.17116  20.7%  60.1 3199s
 84536 70325  603.92228   31  782  731.91139  580.21552  20.7%  60.2 3207s
 84842 70722  624.86815   40  763  731.91139  580.21893  20.7%  60.4 3213s
 84896 70724  628.01367   35  743  731.91139  580.21893  20.7%  60.5 3224s
 85118 70745  647.95584   43  742  731.91139  580.21893  20.7%  60.5 3235s
 85373 71252  687.58709   62  591  731.91139  580.22203  20.7%  60.5 3246s
 85962 71916  604.93272   38  810  731.91139  580.23526  20.7%  60.5 3271s
 86704 72380  721.03998  103  600  731.91139  580.24200  20.7%  60.4 3282s
 86903 72381  644.96029   66  667  731.91139  580.24200  20.7%  60.4 3295s
 87044 72381  726.05668  142  608  731.91139  580.24200  20.7%  60.3 3300s
 87200 72998  637.11330   42  695  731.91139  580.24200  20.7%  60.3 3322s
 87382 73009  641.58588   72  695  731.91139  580.24200  20.7%  60.3 3333s
 87761 73020  636.88710   65  751  731.91139  580.24200  20.7%  60.2 3346s
 87930 73432  604.37513   25  805  731.91139  580.24200  20.7%  60.2 3356s
 88412 74107  693.20015  102  683  731.91139  580.28586  20.7%  60.3 3371s
 89264 74818  637.34731   50  766  731.91139  580.36854  20.7%  60.1 3396s
 90015 75373  593.05108   26  810  731.91139  580.36854  20.7%  60.0 3408s
 90547 75391  654.93690   59  733  731.91139  580.37001  20.7%  59.9 3415s
 90662 75846  649.55905   63  750  731.91139  580.37001  20.7%  59.9 3423s
H91055 75268                     728.6908097  580.37001  20.4%  59.8 3427s
 91241 75768  589.02278   26  802  728.69081  580.37001  20.4%  59.9 3448s
 91752 75782  671.35002   60  647  728.69081  580.37001  20.4%  59.8 3453s
 91808 76236  627.01166   76  780  728.69081  580.37001  20.4%  59.8 3460s
 91943 76243  634.83085   30  741  728.69081  580.37001  20.4%  59.9 3473s
 92074 76259  675.28602  108  609  728.69081  580.37001  20.4%  59.9 3486s
 92365 76564  707.21572  149  683  728.69081  580.37001  20.4%  59.8 3504s
 92720 76817  590.67689   24  750  728.69081  580.43205  20.3%  59.9 3527s
 93010 77259  611.52276   31  771  728.69081  580.43205  20.3%  60.0 3553s
 93176 77271  594.92058   36  798  728.69081  580.43205  20.3%  60.0 3555s
 93504 77750  638.64770   38  789  728.69081  580.49673  20.3%  60.0 3577s
 93607 77754  608.98276   42  759  728.69081  580.49673  20.3%  60.0 3581s
 94092 78160  691.20321   56  664  728.69081  580.49673  20.3%  60.0 3620s
 94565 78721  608.98439   48  748  728.69081  580.57008  20.3%  60.0 3639s
 95147 79134  715.37821  151  635  728.69081  580.57008  20.3%  60.0 3650s
 95631 79514  620.54625   39  758  728.69081  580.57008  20.3%  60.0 3665s
 96068 79929  592.77179   26  795  728.69081  580.57283  20.3%  60.1 3687s
 96208 79930  653.77048   62  623  728.69081  580.57283  20.3%  60.1 3690s
 96453 79947  669.10540   70  692  728.69081  580.57283  20.3%  60.1 3695s
 96561 80464  670.15134   74  746  728.69081  580.62753  20.3%  60.1 3707s
 97122 80933  650.78375   63  727  728.69081  580.62753  20.3%  60.1 3739s
 97556 80953  605.95416   30  806  728.69081  580.62753  20.3%  60.1 3752s
 97726 81291  594.45661   20  813  728.69081  580.62753  20.3%  60.1 3761s
 98095 81619  617.83935   36  735  728.69081  580.62753  20.3%  60.2 3778s
 98135 81621  608.44489   36  772  728.69081  580.62753  20.3%  60.2 3780s
 98294 81628  586.60243   24  829  728.69081  580.66601  20.3%  60.3 3786s
 98481 81955  690.65732   56  621  728.69081  580.66601  20.3%  60.3 3794s
 98529 81964  638.58688   56  738  728.69081  580.66601  20.3%  60.3 3795s
 98870 82296  609.17621   35  732  728.69081  580.66601  20.3%  60.3 3818s
 98940 82298  584.97317   18  814  728.69081  580.66601  20.3%  60.3 3821s
 99318 82814  713.36686  103  182  728.69081  580.66601  20.3%  60.4 3847s
 99367 82819  611.22240   39  781  728.69081  580.66601  20.3%  60.4 3850s
 99887 83167  646.68170   62  625  728.69081  580.66601  20.3%  60.3 3867s
 99985 83176     cutoff  131       728.69081  580.66601  20.3%  60.4 3874s
 100277 83181  690.33469   90  585  728.69081  580.77479  20.3%  60.4 3878s
 100324 83421  588.42580   26  814  728.69081  580.77479  20.3%  60.4 3886s
 100576 83726  599.71842   39  802  728.69081  580.77479  20.3%  60.6 3895s
 100901 84063  622.92956   50  763  728.69081  580.82040  20.3%  60.7 3914s
 101327 84504  588.03456   18  818  728.69081  580.82040  20.3%  60.8 3943s
 101640 84528  611.37151   37  772  728.69081  580.82040  20.3%  60.8 3950s
 101802 85036  637.84094   51  728  728.69081  580.82040  20.3%  60.8 3959s
 102292 85044  651.01138   54  671  728.69081  580.84540  20.3%  60.8 3973s
 102374 85290  588.02640   21  797  728.69081  580.84540  20.3%  60.8 3983s
 102468 85291  679.85184  165  702  728.69081  580.84540  20.3%  60.8 3986s
 102675 85571  611.08215   31  784  728.69081  580.84540  20.3%  61.0 3996s
 102747 85571  605.57629   24  805  728.69081  580.84540  20.3%  61.0 4001s
 102904 85577  601.96531   29  780  728.69081  580.84540  20.3%  61.0 4019s
 102966 86042  630.11732   64  747  728.69081  580.84540  20.3%  61.1 4028s
 103361 86102  648.59477   51  730  728.69081  580.86246  20.3%  61.0 4048s
 103653 86466  593.54454   18  826  728.69081  580.86246  20.3%  61.0 4073s
 104067 86921  670.88586   54  754  728.69081  580.86246  20.3%  61.0 4084s
 104597 87421  594.10118   26  808  728.69081  580.94896  20.3%  61.0 4095s
 104896 87445  624.71065   52  706  728.69081  580.94896  20.3%  61.0 4101s
 105248 88097     cutoff  106       728.69081  580.94896  20.3%  60.9 4111s
 105912 88513  663.27904   57  616  728.69081  580.94896  20.3%  60.9 4119s
 106198 88521  670.53840   86  696  728.69081  580.94896  20.3%  60.9 4128s
 106254 88523  702.70162  182  512  728.69081  580.94896  20.3%  60.9 4132s
 106428 89211  609.66764   33  804  728.69081  581.01159  20.3%  60.9 4140s
 106960 89217  656.29985   82  547  728.69081  581.01159  20.3%  60.8 4146s
 107183 89584  710.80016  106  622  728.69081  581.01159  20.3%  60.8 4156s
 107648 90184  611.77012   36  772  728.69081  581.01159  20.3%  60.8 4169s
 107693 90184  640.00804   86  708  728.69081  581.01159  20.3%  60.8 4173s
 108286 90638  658.85468   81  719  728.69081  581.02263  20.3%  60.7 4195s
 108459 90641  691.47014  107  658  728.69081  581.02263  20.3%  60.7 4207s
 108758 90648  694.76033  115  658  728.69081  581.02263  20.3%  60.6 4210s
 108822 90994  595.64913   27  794  728.69081  581.02263  20.3%  60.6 4218s
 109213 91491  648.62908   44  737  728.69081  581.06440  20.3%  60.7 4231s
 109819 91753  589.48656   20  721  728.69081  581.06440  20.3%  60.6 4242s
 110083 92071  618.73189   34  754  728.69081  581.06440  20.3%  60.7 4261s
 110469 92511  667.74076   47  724  728.69081  581.12668  20.3%  60.8 4276s
 110795 92529  590.21107   35  816  728.69081  581.12668  20.3%  60.8 4298s
 110990 93020  599.24239   35  813  728.69081  581.12668  20.3%  60.8 4310s
 111551 93629  664.68831   98  715  728.69081  581.12668  20.3%  60.8 4320s
 112248 94129  598.76896   22  801  728.69081  581.14572  20.2%  60.8 4343s
 112691 94144  723.35942  169  597  728.69081  581.14572  20.2%  60.7 4349s
 112828 94770  674.03338   80  646  728.69081  581.14572  20.2%  60.7 4367s
 113502 95152  595.21650   30  814  728.69081  581.14572  20.2%  60.7 4376s
 113943 95353  609.43693   51  813  728.69081  581.14572  20.2%  60.7 4388s
 114148 95372  630.96784   33  786  728.69081  581.22160  20.2%  60.7 4401s
 114200 95548  619.69437   60  760  728.69081  581.22160  20.2%  60.8 4408s
 114400 96037  637.94865   75  754  728.69081  581.24082  20.2%  60.8 4435s
 114641 96038  641.03508   63  690  728.69081  581.24082  20.2%  60.9 4444s
 114892 96367  669.75541  101  584  728.69081  581.24842  20.2%  60.9 4454s
 114987 96378  686.02364   51  642  728.69081  581.25481  20.2%  60.9 4465s
 115103 96382     cutoff  116       728.69081  581.25810  20.2%  60.9 4471s
 115387 96654  594.43938   26  783  728.69081  581.25967  20.2%  60.9 4483s
 115664 97121  618.33340   46  776  728.69081  581.25967  20.2%  61.1 4491s
 116007 97162  608.64165   48  793  728.69081  581.25967  20.2%  61.0 4495s
 116235 97505  671.17023   63  102  728.69081  581.25967  20.2%  61.0 4505s
 116377 97513 infeasible   81       728.69081  581.28213  20.2%  61.1 4511s
 116645 98090  719.71352  102  609  728.69081  581.28213  20.2%  61.1 4520s
 117366 98512  629.43499   56  697  728.69081  581.28213  20.2%  61.0 4550s
 117805 99069  588.44711   21  802  728.69081  581.29870  20.2%  61.0 4560s
 118436 99301  598.62767   30  776  728.69081  581.29870  20.2%  61.0 4572s
 118693 99582  615.40487   42  748  728.69081  581.29870  20.2%  61.1 4584s
 118901 99584  593.45065   25  812  728.69081  581.34477  20.2%  61.2 4591s
 118971 99967  627.14842   55  782  728.69081  581.34477  20.2%  61.2 4600s
 119442 100223  645.49059   69  684  728.69081  581.34925  20.2%  61.3 4627s
 119532 100223  683.11057   88  652  728.69081  581.34925  20.2%  61.3 4634s
 119545 100223  643.09443   75  644  728.69081  581.34925  20.2%  61.3 4635s
 119723 100668  661.24731   75  728  728.69081  581.34925  20.2%  61.3 4650s
 120290 101116  595.89232   33  809  728.69081  581.34925  20.2%  61.2 4667s
 120807 101456  657.71438   74  707  728.69081  581.34925  20.2%  61.3 4697s
 121266 101768  597.45725   25  783  728.69081  581.36743  20.2%  61.3 4722s
 121549 101787  646.00465   54  236  728.69081  581.36743  20.2%  61.4 4728s
 121666 102272  612.01056   41  757  728.69081  581.36743  20.2%  61.3 4739s
 121756 102274  634.31918   44  760  728.69081  581.36743  20.2%  61.4 4741s
 122197 102610  649.44694   54  692  728.69081  581.36743  20.2%  61.4 4758s
 122259 102621  723.83763   72    -  728.69081  581.36743  20.2%  61.4 4762s
 122581 102652  636.76076   55  767  728.69081  581.40337  20.2%  61.4 4771s
 122666 103088 infeasible   85       728.69081  581.40337  20.2%  61.4 4782s
 123210 103402  640.18781   48  738  728.69081  581.43516  20.2%  61.4 4804s
 123292 103414  589.70451   24  823  728.69081  581.43516  20.2%  61.4 4806s
 123643 104096  585.58450   22  821  728.69081  581.44955  20.2%  61.4 4820s
 124425 104550  624.81134   44  728  728.69081  581.44955  20.2%  61.3 4834s
 124883 104978  697.50127  138  629  728.69081  581.44955  20.2%  61.3 4850s
 125429 105302  619.35758   42  701  728.69081  581.50611  20.2%  61.3 4865s
 125687 105303  639.81252   36  788  728.69081  581.50611  20.2%  61.3 4877s
 125765 105638  726.89191  136  422  728.69081  581.50611  20.2%  61.3 4887s
 126149 105908  596.38445   26  782  728.69081  581.50611  20.2%  61.4 4913s
 126470 106360  617.51908   39  801  728.69081  581.54811  20.2%  61.5 4926s
 126948 106771  632.03861   51  768  728.69081  581.54811  20.2%  61.5 4935s
 127394 107157  645.15201   69  634  728.69081  581.54882  20.2%  61.5 4952s
 127511 107161  591.66502   17  817  728.69081  581.54882  20.2%  61.5 4969s
 127740 107173  601.74693   32  779  728.69081  581.54882  20.2%  61.5 4972s
 127876 107519  712.43803   89  528  728.69081  581.54882  20.2%  61.6 4981s
 127993 107542  648.68164   50  747  728.69081  581.54882  20.2%  61.6 4991s
 128364 108042  594.69506   27  787  728.69081  581.54882  20.2%  61.6 5003s
 128809 108048  700.84051   77  657  728.69081  581.58274  20.2%  61.6 5012s
 128856 108050  654.40370   48  745  728.69081  581.58274  20.2%  61.6 5016s
 128937 108608  685.98504  116  669  728.69081  581.58274  20.2%  61.6 5025s
 129554 109147  614.56953   31  770  728.69081  581.58274  20.2%  61.5 5046s
 129872 109162  667.46645   84  713  728.69081  581.58274  20.2%  61.5 5050s
 130159 109545  713.37627   95  532  728.69081  581.58274  20.2%  61.5 5063s
 130616 109960  683.10665   66  584  728.69081  581.60581  20.2%  61.5 5087s
 130739 109962  690.41741   58  733  728.69081  581.60581  20.2%  61.5 5091s
 131002 109969  668.29474   91  699  728.69081  581.60581  20.2%  61.5 5101s
 131119 110532  610.56475   41  729  728.69081  581.60581  20.2%  61.5 5116s
 131724 110797  692.30316  111  585  728.69081  581.60581  20.2%  61.5 5129s
 131863 110797  662.86837   83  649  728.69081  581.60581  20.2%  61.5 5131s
 132062 111233  607.24889   29  806  728.69081  581.60581  20.2%  61.5 5141s
 132514 111577  661.95581   40  719  728.69081  581.60581  20.2%  61.5 5151s
 132821 111578  626.95050   38  797  728.69081  581.71398  20.2%  61.6 5156s
 132915 111953     cutoff   70       728.69081  581.71398  20.2%  61.6 5176s
 133348 111980  669.70701   54  749  728.69081  581.71398  20.2%  61.6 5201s
 133411 112329  621.45186   43  790  728.69081  581.71398  20.2%  61.6 5214s
 133595 112331  696.16366  141  615  728.69081  581.71398  20.2%  61.6 5216s
 133841 112807  589.98881   24  749  728.69081  581.71398  20.2%  61.6 5226s
 134382 113337  641.90426   46  673  728.69081  581.71398  20.2%  61.6 5242s
 135001 113738  590.02481   23  819  728.69081  581.71398  20.2%  61.5 5262s
 135489 114145  613.44730   51  794  728.69081  581.71398  20.2%  61.5 5276s
 135607 114149  634.85716   60  763  728.69081  581.71398  20.2%  61.5 5280s
 135713 114149  619.83912   46  802  728.69081  581.71398  20.2%  61.6 5287s
 135792 114153  664.42973   58  717  728.69081  581.71398  20.2%  61.6 5290s
 135945 114607  598.17426   23  803  728.69081  581.71398  20.2%  61.6 5298s
 136434 114619  677.96174   98  489  728.69081  581.71398  20.2%  61.6 5301s
 136485 115100  705.28480   75  537  728.69081  581.71398  20.2%  61.6 5311s
 137072 115340  634.80220   50  689  728.69081  581.82631  20.2%  61.5 5345s
 137231 115361  595.78051   25  784  728.69081  581.82631  20.2%  61.5 5352s
 137394 115836  596.57451   27  815  728.69081  581.87202  20.1%  61.5 5380s
 137869 116294  691.92456  103  646  728.69081  581.87202  20.1%  61.5 5389s
 138211 116298  662.15381   80  662  728.69081  581.87202  20.1%  61.5 5393s
 138427 116439  606.17080   34  809  728.69081  581.87202  20.1%  61.5 5421s
 138565 116841  618.29918   35  800  728.69081  581.87202  20.1%  61.5 5452s
 138618 116841  656.17192   92  659  728.69081  581.87202  20.1%  61.5 5456s
 138995 117271  642.65408   54  735  728.69081  581.87202  20.1%  61.5 5488s
 139311 117277  687.55388   81  480  728.69081  581.87202  20.1%  61.5 5491s
 139517 117778  591.95395   27  801  728.69081  581.95283  20.1%  61.5 5502s
 140106 118174  590.01295   24  787  728.69081  581.95283  20.1%  61.5 5534s
 140435 118182  673.92986  102  692  728.69081  581.95283  20.1%  61.5 5536s
 140555 118484  716.27384  114    -  728.69081  581.98563  20.1%  61.5 5549s
 140611 118486  716.15189  106  127  728.69081  581.98563  20.1%  61.5 5553s
 140735 118500  727.00740  103   57  728.69081  581.99390  20.1%  61.5 5556s
 140908 119015  604.69815   46  745  728.69081  582.01629  20.1%  61.6 5569s
 141496 119384  594.72721   25  809  728.69081  582.01629  20.1%  61.5 5590s
 141954 119927  680.57318   90  439  728.69081  582.01629  20.1%  61.6 5627s
 142514 120391  607.18938   39  776  728.69081  582.01629  20.1%  61.5 5638s
 142592 120391  623.51727   50  782  728.69081  582.01629  20.1%  61.5 5642s
 142864 120392  599.11039   28  802  728.69081  582.01629  20.1%  61.5 5647s
 143028 120399 infeasible  134       728.69081  582.01629  20.1%  61.5 5655s
 143086 120974     cutoff  112       728.69081  582.01629  20.1%  61.5 5669s
 143727 121287  675.36447   93  295  728.69081  582.01629  20.1%  61.5 5681s
 143962 121292  651.99310   44  694  728.69081  582.01629  20.1%  61.5 5685s
 144119 121659  624.05826   39  761  728.69081  582.01629  20.1%  61.4 5698s
 144526 121992  588.39945   23  823  728.69081  582.01629  20.1%  61.4 5735s
 144912 122617  632.44276   69  579  728.69081  582.01629  20.1%  61.5 5765s
 145492 122628  667.18379   91  709  728.69081  582.01629  20.1%  61.4 5774s
 145617 123179  724.52291  176  676  728.69081  582.12583  20.1%  61.4 5785s
 146218 123498  601.06747   31  812  728.69081  582.12583  20.1%  61.4 5796s
 146436 123502  590.10861   22  827  728.69081  582.12583  20.1%  61.4 5807s
 146627 124051  635.92422   44  670  728.69081  582.12583  20.1%  61.4 5821s
 146980 124072  598.92659   28  823  728.69081  582.12583  20.1%  61.4 5828s
 147243 124083  674.84845   74  611  728.69081  582.12583  20.1%  61.4 5851s
 147251 124129  679.51906   74  540  728.69081  582.12583  20.1%  61.4 5862s
 147313 124180  671.50970   72  501  728.69081  582.12583  20.1%  61.4 5878s
 147314 124180  590.22542   26  819  728.69081  582.12583  20.1%  61.4 5881s
 147369 124708  672.02002   73  471  728.69081  582.12583  20.1%  61.4 5898s
 147955 125289  606.09286   38  790  728.69081  582.15076  20.1%  61.4 5911s
 148669 125574  587.82243   22  811  728.69081  582.22814  20.1%  61.3 5930s
 148992 126103  631.03401   54  726  728.69081  582.24906  20.1%  61.4 5952s
 149619 126661  597.54628   22  675  728.69081  582.27899  20.1%  61.3 5977s
 150240 127071  716.69235   95  705  728.69081  582.27899  20.1%  61.3 5996s
 150704 127392  603.02806   34  811  728.69081  582.27899  20.1%  61.3 6020s
 150860 127395  711.44956   98  607  728.69081  582.27899  20.1%  61.3 6026s
 150987 127396  671.47155   93  571  728.69081  582.27899  20.1%  61.3 6030s
 151069 128013  634.53637   45  758  728.69081  582.27899  20.1%  61.3 6044s
 151756 128414  589.90038   21  797  728.69081  582.29356  20.1%  61.2 6074s
 152198 128827  625.19538   37  801  728.69081  582.29356  20.1%  61.3 6088s
 152524 128843  639.54032   68  767  728.69081  582.29356  20.1%  61.3 6102s
 152716 129284  694.73715   96  709  728.69081  582.29356  20.1%  61.3 6114s
 153206 129670  605.57506   38  797  728.69081  582.29356  20.1%  61.3 6123s
 153653 130243  689.98591   99  664  728.69081  582.36531  20.1%  61.3 6137s
 154385 130688  606.01226   32  824  728.69081  582.37794  20.1%  61.2 6146s
H154481 130650                     728.5774713  582.37794  20.1%  61.2 6150s
 154834 131062  649.22872   81  668  728.57747  582.37794  20.1%  61.3 6169s
 155232 131081  677.29960   82  493  728.57747  582.40344  20.1%  61.3 6182s
 155368 131676  600.71033   33  801  728.57747  582.41300  20.1%  61.3 6197s
 155728 131676  614.46605   44  732  728.57747  582.41300  20.1%  61.3 6201s
 156020 131879  589.70146   21  809  728.57747  582.41300  20.1%  61.2 6215s
 156267 132247  602.74850   25  792  728.57747  582.41300  20.1%  61.3 6231s
 156640 132538  605.61478   26  811  728.57747  582.41397  20.1%  61.3 6240s
 156987 132975  607.72129   28  805  728.57747  582.41397  20.1%  61.4 6267s
 157484 133315  611.63704   31  803  728.57747  582.41397  20.1%  61.4 6292s
 157743 133320 infeasible   58       728.57747  582.41397  20.1%  61.4 6297s
 157872 133816  625.63241   34  749  728.57747  582.41397  20.1%  61.4 6310s
 158542 134274  631.90234   37  797  728.57747  582.41397  20.1%  61.4 6338s
 159036 134629  660.72862   41  690  728.57747  582.47307  20.1%  61.4 6363s
 159339 134655  654.92374   57  769  728.57747  582.47307  20.1%  61.4 6366s
 159496 134669  727.47497  123  269  728.57747  582.47307  20.1%  61.4 6383s
 159522 134809  656.93715   43  733  728.57747  582.47307  20.1%  61.4 6399s
 159628 134809     cutoff  116       728.57747  582.49363  20.1%  61.4 6400s
 159674 135382  667.92255   45  723  728.57747  582.49363  20.1%  61.4 6421s
 159729 135383  670.05366  124  631  728.57747  582.49363  20.1%  61.4 6425s
 160318 135665  711.33115   63  485  728.57747  582.49363  20.1%  61.4 6436s
 160378 135670  647.79015   54  664  728.57747  582.49363  20.1%  61.4 6442s
 160430 135672  604.66682   31  801  728.57747  582.49363  20.1%  61.4 6446s
 160675 136140  590.90357   25  823  728.57747  582.49363  20.1%  61.4 6457s
 161211 136523  658.77476   84  616  728.57747  582.49363  20.1%  61.4 6487s
 161626 136680  616.79493   31  743  728.57747  582.49363  20.1%  61.5 6508s
 161789 137071  619.72902   33  760  728.57747  582.49363  20.1%  61.5 6536s
 161895 137080  645.95884   78  607  728.57747  582.49363  20.1%  61.5 6540s
 162284 137638  606.30147   30  818  728.57747  582.49363  20.1%  61.5 6569s
 162559 137639  586.32599   25  815  728.57747  582.49363  20.1%  61.5 6572s
 162791 137641  639.91934   45  788  728.57747  582.49363  20.1%  61.5 6575s
 162851 138061  647.59615   71  779  728.57747  582.49363  20.1%  61.5 6599s
 163321 138070  676.73277  121  167  728.57747  582.56121  20.0%  61.4 6628s
 163382 138430  593.27826   26  770  728.57747  582.56121  20.0%  61.5 6642s
 163609 138447  622.26234   30  755  728.57747  582.56121  20.0%  61.5 6646s
 163803 138859  647.85192   47  763  728.57747  582.57533  20.0%  61.5 6666s
H163820 138352                     727.2369045  582.57533  19.9%  61.5 6678s
 164263 138735  611.82930   39  793  727.23690  582.57533  19.9%  61.5 6715s
 164579 138741  612.41342   50  795  727.23690  582.60173  19.9%  61.6 6723s
 164681 139261  708.55950  123  255  727.23690  582.60173  19.9%  61.5 6733s
 165110 139265  612.47755   43  792  727.23690  582.60173  19.9%  61.5 6738s
 165261 139625  673.49189   69  674  727.23690  582.60173  19.9%  61.5 6760s
 165713 140085  600.33205   23  802  727.23690  582.60173  19.9%  61.5 6779s
 166198 140523  687.37889   70  637  727.23690  582.60729  19.9%  61.5 6794s
 166333 140525  619.21835   47  766  727.23690  582.63394  19.9%  61.5 6797s
 166709 140957  606.43689   35  812  727.23690  582.66326  19.9%  61.5 6818s
 167221 141164  588.81984   18  821  727.23690  582.66326  19.9%  61.5 6847s
 167346 141169  654.30607   41  578  727.23690  582.66326  19.9%  61.5 6850s
 167462 141421  590.10643   19  824  727.23690  582.66326  19.9%  61.5 6865s
 167809 141896  595.88360   22  811  727.23690  582.66326  19.9%  61.5 6880s
 167957 141903  664.35984   64  475  727.23690  582.66326  19.9%  61.5 6903s
 168304 141929  592.35161   26  824  727.23690  582.66326  19.9%  61.5 6914s
 168334 142213     cutoff   90       727.23690  582.66326  19.9%  61.5 6925s
 168523 142221  596.89365   24  780  727.23690  582.67198  19.9%  61.6 6932s
 168699 142778  638.69952   66  625  727.23690  582.67198  19.9%  61.6 6956s
 169325 143123  593.73057   30  825  727.23690  582.73013  19.9%  61.5 6968s
 169454 143125  642.67891   41  791  727.23690  582.73013  19.9%  61.5 6983s
 169769 143415  703.77511   75  270  727.23690  582.73013  19.9%  61.5 7012s
 170107 143830  619.78746   47  787  727.23690  582.73013  19.9%  61.6 7031s
 170293 143831  601.77793   32  834  727.23690  582.73013  19.9%  61.6 7036s
 170535 144274  715.93571  150  630  727.23690  582.73013  19.9%  61.6 7047s
 171117 144869  645.92801   52  749  727.23690  582.75091  19.9%  61.6 7073s
 171831 145296  612.81926   38  775  727.23690  582.75091  19.9%  61.6 7106s
 172101 145305 infeasible  115       727.23690  582.75091  19.9%  61.6 7111s
 172328 145626     cutoff  122       727.23690  582.75091  19.9%  61.6 7133s
 172504 145639  659.24062   61  615  727.23690  582.75091  19.9%  61.6 7139s
 172746 145928  587.70620   23  692  727.23690  582.75091  19.9%  61.6 7163s
 172854 145933  640.34861   66  570  727.23690  582.75091  19.9%  61.6 7165s
 173129 146316  605.35741   31  805  727.23690  582.75091  19.9%  61.6 7188s
 173566 146744  655.98436   41  682  727.23690  582.75091  19.9%  61.6 7210s
 173836 146751  598.16344   24  808  727.23690  582.75091  19.9%  61.6 7229s
 173896 146754  664.11361   63  735  727.23690  582.75091  19.9%  61.6 7243s
 174058 147061  714.82227   60   88  727.23690  582.75091  19.9%  61.6 7265s
 174418 147529  603.60672   39  814  727.23690  582.75091  19.9%  61.7 7283s
 174920 147950  640.93684   99  700  727.23690  582.75091  19.9%  61.7 7309s
 175259 147963  686.69519   52  672  727.23690  582.75091  19.9%  61.7 7318s
 175451 148134  608.34639   40  807  727.23690  582.75091  19.9%  61.7 7342s
 175642 148617  608.86282   41  804  727.23690  582.75091  19.9%  61.7 7376s
 175833 148622  689.21717  128  637  727.23690  582.75091  19.9%  61.7 7382s
 176222 149217  670.66021   94  299  727.23690  582.75091  19.9%  61.6 7402s
 176910 149688  618.89518   41  556  727.23690  582.89558  19.8%  61.6 7421s
 177437 150150  613.60082   34  775  727.23690  582.92127  19.8%  61.6 7439s
 177972 150615  591.94014   26  822  727.23690  582.92127  19.8%  61.5 7473s
 178274 150621  597.04993   35  828  727.23690  582.92127  19.8%  61.6 7483s
 178509 150897  663.46046   59  545  727.23690  582.92127  19.8%  61.5 7507s
 178841 151146  596.25126   22  812  727.23690  582.92127  19.8%  61.5 7529s
 179124 151475  606.13749   28  754  727.23690  582.92127  19.8%  61.6 7565s
 179288 151476  645.30107   43  785  727.23690  582.92127  19.8%  61.6 7570s
 179473 151906  660.10970   43  660  727.23690  582.92127  19.8%  61.6 7586s
 179540 151917  649.76857   65  773  727.23690  582.92127  19.8%  61.6 7590s
 179639 151918  672.19647   85  748  727.23690  582.92127  19.8%  61.6 7599s
 180045 152318  607.09587   30  770  727.23690  582.98574  19.8%  61.6 7630s
 180499 152808  593.85928   27  821  727.23690  582.98574  19.8%  61.6 7659s
 180621 152812  619.82056   42  756  727.23690  583.01653  19.8%  61.7 7670s
 181041 153268  628.07139   44  802  727.23690  583.01653  19.8%  61.6 7686s
 181512 153624  701.98089  145  581  727.23690  583.03430  19.8%  61.6 7701s
 181636 153643  646.32771   70  746  727.23690  583.04185  19.8%  61.7 7713s
 181971 153858  598.99798   27  807  727.23690  583.04461  19.8%  61.7 7726s
 182209 154170  612.55426   34  798  727.23690  583.04461  19.8%  61.7 7738s
 182332 154191  605.70285   25  668  727.23690  583.05845  19.8%  61.8 7742s
 182579 154550  639.17702   52  754  727.23690  583.05845  19.8%  61.8 7777s
 182989 155061  694.53951   74  585  727.23690  583.05993  19.8%  61.9 7801s
 183576 155549  648.00394   51  748  727.23690  583.05993  19.8%  61.8 7825s
 184122 156137  591.22800   23  809  727.23690  583.05993  19.8%  61.8 7842s
 184775 156465  637.45594   42  758  727.23690  583.05993  19.8%  61.8 7862s
 185158 156698  712.16970  110  589  727.23690  583.05993  19.8%  61.8 7886s
 185395 156995  657.46242   53  744  727.23690  583.08619  19.8%  61.8 7900s
 185491 157005  697.32022  112  698  727.23690  583.08619  19.8%  61.9 7905s
 185752 157256  592.18821   25  813  727.23690  583.10596  19.8%  61.8 7920s
 186070 157617  612.30850   36  740  727.23690  583.10596  19.8%  61.9 7935s
 186454 158030  631.65999   58  748  727.23690  583.10596  19.8%  62.0 7947s
 186568 158031  613.39262   38  653  727.23690  583.12346  19.8%  62.0 7955s
 186840 158042  623.47067   46  734  727.23690  583.12929  19.8%  62.0 7961s
 186956 158376  646.37478   81  680  727.23690  583.12968  19.8%  62.0 7973s
 187006 158382 infeasible  137       727.23690  583.12968  19.8%  62.0 7977s
 187163 158388  691.22073   77  646  727.23690  583.12968  19.8%  62.0 7980s
 187371 158635 infeasible  105       727.23690  583.13535  19.8%  62.0 7996s
 187591 158639  672.34325   90  392  727.23690  583.14337  19.8%  62.1 8003s
 187700 159176  629.67585   53  759  727.23690  583.14975  19.8%  62.1 8021s
 188297 159537  590.46339   26  800  727.23690  583.15369  19.8%  62.1 8059s
 188399 159540  602.04765   28  791  727.23690  583.15369  19.8%  62.1 8061s
 188739 159931  605.87623   36  758  727.23690  583.15369  19.8%  62.1 8077s
 189177 160349  611.12523   45  776  727.23690  583.15399  19.8%  62.1 8096s
 189673 160892  625.94393   54  548  727.23690  583.15399  19.8%  62.1 8119s
 190131 160894  645.37272   57  738  727.23690  583.17268  19.8%  62.1 8126s
 190242 161436  648.96222   71  705  727.23690  583.17268  19.8%  62.1 8139s
 190896 161657  593.11437   19  813  727.23690  583.19683  19.8%  62.0 8153s
 191068 161658  707.71201  115  276  727.23690  583.19683  19.8%  62.1 8155s
 191120 162042  619.91806   36  787  727.23690  583.19683  19.8%  62.1 8167s
 191562 162435  677.38104   57  543  727.23690  583.19683  19.8%  62.1 8197s
 191656 162448  648.37610   74  629  727.23690  583.19683  19.8%  62.2 8208s
 191819 162461  671.28698   73  705  727.23690  583.19683  19.8%  62.2 8216s
 192078 162914  607.08133   31  783  727.23690  583.19683  19.8%  62.1 8252s
 192509 162922  663.42741   68  712  727.23690  583.19683  19.8%  62.1 8257s
 192578 163384  593.14156   22  812  727.23690  583.19683  19.8%  62.1 8270s
 192698 163395  646.28239   52  742  727.23690  583.19683  19.8%  62.1 8276s
 193005 163405  605.30269   39  793  727.23690  583.19683  19.8%  62.1 8295s
 193153 163628  655.12264   48  726  727.23690  583.19683  19.8%  62.1 8313s
 193447 164103  592.42460   27  809  727.23690  583.19683  19.8%  62.1 8327s
 193856 164104  599.52496   37  787  727.23690  583.19683  19.8%  62.1 8335s
 193962 164301  685.95003   72  733  727.23690  583.19683  19.8%  62.1 8351s
 194112 164302  597.21733   31  790  727.23690  583.19683  19.8%  62.1 8360s
 194198 164734  598.84857   28  806  727.23690  583.19683  19.8%  62.1 8374s
 194305 164735  617.96728   38  720  727.23690  583.19683  19.8%  62.1 8376s
 194383 164736  652.19624   87  739  727.23690  583.19683  19.8%  62.1 8387s
 194685 165120 infeasible  134       727.23690  583.19683  19.8%  62.1 8407s
 195127 165521  669.33589   74  707  727.23690  583.19683  19.8%  62.2 8448s
 195207 165523  654.79916   51  704  727.23690  583.19683  19.8%  62.1 8450s
 195596 165884  596.06979   23  802  727.23690  583.19683  19.8%  62.2 8470s
 195995 166349  641.18077   33  778  727.23690  583.19683  19.8%  62.2 8484s
 196076 166356  629.94598   42  758  727.23690  583.19683  19.8%  62.2 8488s
 196253 166357  612.57990   40  762  727.23690  583.19683  19.8%  62.2 8490s
 196505 166733  658.50038   40  717  727.23690  583.19683  19.8%  62.2 8507s
 196778 166737  661.60226   73  748  727.23690  583.31681  19.8%  62.2 8517s
 196978 167267  686.56071   54  666  727.23690  583.31681  19.8%  62.2 8531s
 197589 167531  614.04201   27  745  727.23690  583.31681  19.8%  62.2 8563s
 197902 167824  642.78294   52  728  727.23690  583.31681  19.8%  62.3 8578s
 198198 168161  664.01567   87  657  727.23690  583.33966  19.8%  62.3 8592s
 198546 168184  649.97899   58  701  727.23690  583.33966  19.8%  62.4 8602s
 198674 168701  584.12957   22  794  727.23690  583.33966  19.8%  62.3 8617s
 199022 168706  656.70590   69  599  727.23690  583.33966  19.8%  62.3 8631s
 199256 169001  658.33437   63  721  727.23690  583.33966  19.8%  62.3 8646s
 199550 169007  656.90880   54  705  727.23690  583.33966  19.8%  62.3 8651s
 199623 169351  594.88266   31  823  727.23690  583.33966  19.8%  62.4 8669s
 199963 169358  597.70778   37  813  727.23690  583.33966  19.8%  62.4 8670s
 199983 169788  682.24790   79  687  727.23690  583.36306  19.8%  62.4 8683s
 200529 170258  623.64309   35  772  727.23690  583.39198  19.8%  62.4 8711s
 200633 170260  588.09859   26  814  727.23690  583.39198  19.8%  62.4 8720s
 200908 170264  604.70041   32  662  727.23690  583.39198  19.8%  62.4 8725s
 201071 170462     cutoff  122       727.23690  583.39420  19.8%  62.4 8749s
 201174 170468  676.27786   70  660  727.23690  583.39420  19.8%  62.4 8754s
 201234 170468  590.68253   22  819  727.23690  583.39420  19.8%  62.4 8756s
 201311 170993  597.50594   31  796  727.23690  583.39420  19.8%  62.4 8777s
 201885 171436  659.27565   80  731  727.23690  583.39420  19.8%  62.4 8803s
 202400 171947  619.64244   28  777  727.23690  583.39420  19.8%  62.4 8818s
 202967 172325  660.06003   68  763  727.23690  583.39420  19.8%  62.3 8839s
 203422 172549  593.58111   27  784  727.23690  583.39420  19.8%  62.4 8855s
 203655 172813  600.84362   34  735  727.23690  583.39420  19.8%  62.4 8867s
 203944 172951  606.63597   44  774  727.23690  583.39420  19.8%  62.5 8890s
 204087 173339  611.71205   55  753  727.23690  583.39420  19.8%  62.5 8910s
 204356 173340  648.17882   53  760  727.23690  583.44528  19.8%  62.5 8920s
 204512 173760  627.27802   70  719  727.23690  583.44870  19.8%  62.5 8948s
 204682 173766  688.51982   82  570  727.23690  583.44870  19.8%  62.5 8953s
 205053 174210  672.99215  100  636  727.23690  583.44870  19.8%  62.5 8976s
 205529 174223  717.13823  109  657  727.23690  583.45387  19.8%  62.5 8981s
 205577 174712  598.14963   29  725  727.23690  583.45387  19.8%  62.5 8996s
 206151 175013  672.14257  103  692  727.23690  583.45596  19.8%  62.5 9011s
 206427 175019  591.23311   25  820  727.23690  583.45596  19.8%  62.5 9017s
 206559 175343  598.32742   28  798  727.23690  583.45596  19.8%  62.5 9031s
 206669 175348  620.09540   42  796  727.23690  583.45596  19.8%  62.5 9044s
 206976 175591  659.88691   61  673  727.23690  583.45596  19.8%  62.6 9105s
 207127 175594  594.17992   32  794  727.23690  583.45596  19.8%  62.6 9116s
 207238 175968  600.46231   35  778  727.23690  583.49875  19.8%  62.6 9131s
 207702 176563  589.79562   27  830  727.23690  583.51558  19.8%  62.6 9160s
 208301 177102  644.46353   73  750  727.23690  583.51558  19.8%  62.6 9186s
 208934 177528     cutoff  198       727.23690  583.51558  19.8%  62.5 9210s
 209205 177536  643.06238   49  709  727.23690  583.51558  19.8%  62.5 9220s
 209291 177543  654.64590   56  669  727.23690  583.51558  19.8%  62.5 9230s
 209473 177972  623.08721   51  792  727.23690  583.51558  19.8%  62.5 9251s
 209711 177985  658.76686   71  697  727.23690  583.51691  19.8%  62.5 9255s
 209965 178496  587.07455   22  804  727.23690  583.51691  19.8%  62.5 9270s
 210535 179053  663.18547   78  705  727.23690  583.56455  19.8%  62.5 9285s
 211028 179059  658.39846   49  765  727.23690  583.56455  19.8%  62.5 9297s
 211194 179580  621.03380   56  710  727.23690  583.56455  19.8%  62.4 9311s
 211615 179587  601.39331   33  798  727.23690  583.59453  19.8%  62.4 9328s
 211804 180131  588.77463   24  824  727.23690  583.59453  19.8%  62.4 9342s
 212375 180595  678.48650   85  417  727.23690  583.59473  19.8%  62.4 9358s
 212923 180836  600.88270   26  702  727.23690  583.59600  19.8%  62.4 9373s
 213187 181097  618.37586   30  731  727.23690  583.59600  19.8%  62.5 9386s
 213464 181292  613.46835   29  682  727.23690  583.61848  19.7%  62.5 9401s
 213695 181591  638.62416   34  769  727.23690  583.61848  19.7%  62.6 9425s
 213997 182064  635.15306   39  773  727.23690  583.61848  19.7%  62.7 9439s
 214511 182375  658.10261   76  390  727.23690  583.62605  19.7%  62.7 9461s
 214606 182387  635.78988   65  802  727.23690  583.62605  19.7%  62.7 9472s
 214919 182584     cutoff  108       727.23690  583.63217  19.7%  62.7 9499s
 214949 182584     cutoff  127       727.23690  583.63217  19.7%  62.7 9503s
 215161 182906  623.98589   37  777  727.23690  583.63792  19.7%  62.7 9525s
 215483 182920  630.50544   42  796  727.23690  583.65675  19.7%  62.7 9531s
 215564 183192  595.83258   21  795  727.23690  583.65675  19.7%  62.7 9550s
 215791 183205  602.07728   31  792  727.23690  583.65675  19.7%  62.8 9559s
 215845 183205  591.24618   29  813  727.23690  583.65675  19.7%  62.8 9560s
 215862 183485  627.10827   31  768  727.23690  583.65675  19.7%  62.8 9573s
 216014 183504  601.06441   38  745  727.23690  583.65675  19.7%  62.8 9583s
 216232 183853  667.11513   51  432  727.23690  583.65695  19.7%  62.9 9598s
 216443 183867  597.69275   24  818  727.23690  583.65695  19.7%  62.9 9607s
 216704 184254  596.32604   29  814  727.23690  583.65695  19.7%  62.9 9626s
 217142 184737  715.47161   74  619  727.23690  583.65788  19.7%  62.9 9654s
 217666 185117  621.65848   43  786  727.23690  583.65788  19.7%  62.9 9679s
 218006 185139 infeasible   92       727.23690  583.68390  19.7%  62.9 9696s
 218137 185492  589.27376   23  782  727.23690  583.68390  19.7%  62.9 9709s
 218401 185492  664.45233   55  775  727.23690  583.68390  19.7%  62.9 9716s
 218526 185687  639.82572   46  694  727.23690  583.68390  19.7%  62.9 9747s
 218767 186053  694.58437   70  718  727.23690  583.68390  19.7%  62.9 9766s
 219164 186455  678.10930   59  545  727.23690  583.72273  19.7%  62.9 9782s
 219622 186977  602.82312   38  804  727.23690  583.72273  19.7%  63.0 9809s
 220256 187469  714.57866  105  478  727.23690  583.72332  19.7%  62.9 9836s
 220848 188078  624.15109   45  778  727.23690  583.74425  19.7%  62.9 9868s
 221532 188528  588.62074   20  798  727.23690  583.75465  19.7%  62.9 9890s
 222008 188942  624.34607   45  804  727.23690  583.75465  19.7%  62.9 9924s
 222488 189198  712.45234  106  468  727.23690  583.75465  19.7%  62.9 9946s
 222573 189198  640.20303   46  770  727.23690  583.75465  19.7%  62.9 9950s
 222798 189718  611.30112   45  714  727.23690  583.77364  19.7%  62.9 9990s
 223415 190075  596.90658   26  806  727.23690  583.79227  19.7%  62.8 10018s
 223847 190682  682.97466   68  718  727.23690  583.79288  19.7%  62.9 10057s
 224526 191053  602.01458   29  790  727.23690  583.79288  19.7%  62.8 10079s
 224921 191358  633.98633   64  729  727.23690  583.79288  19.7%  62.9 10097s
 224991 191365  619.94286   43  782  727.23690  583.79288  19.7%  62.9 10100s
 225253 191725 infeasible   95       727.23690  583.79288  19.7%  62.9 10114s
 225668 192108  650.30666   53  753  727.23690  583.79288  19.7%  62.9 10151s
 226168 192588  604.48051   31  818  727.23690  583.79288  19.7%  62.9 10188s
 226728 193090  670.98622   76  688  727.23690  583.83106  19.7%  62.9 10223s
 226830 193091  654.65157   72  745  727.23690  583.83106  19.7%  62.9 10232s
 227285 193524  592.58681   29  817  727.23690  583.83106  19.7%  62.9 10249s
 227411 193525  630.65993   53  757  727.23690  583.83106  19.7%  62.9 10267s
 227771 193881  675.15441   61  637  727.23690  583.83106  19.7%  62.9 10291s
 228021 193889  650.72692   64  700  727.23690  583.83106  19.7%  62.9 10297s
 228217 194292  615.51930   43  767  727.23690  583.83106  19.7%  62.9 10326s
 228677 194569  686.70499  116  439  727.23690  583.87003  19.7%  62.9 10352s
 228748 194570     cutoff  141       727.23690  583.87003  19.7%  62.9 10359s
 229008 195041  614.83566   39  788  727.23690  583.87003  19.7%  62.9 10378s
 229567 195445  688.18586   91  715  727.23690  583.87003  19.7%  62.9 10400s
 229704 195448  597.76890   26  821  727.23690  583.87003  19.7%  62.9 10405s
 229979 195860  598.23329   27  770  727.23690  583.87003  19.7%  62.9 10421s
 230519 196375  610.40819   43  757  727.23690  583.87003  19.7%  62.9 10436s
 231070 196841  649.78066   94  537  727.23690  583.87003  19.7%  62.9 10454s
 231144 196848  690.66673   94  562  727.23690  583.87003  19.7%  62.9 10459s
 231417 196852  650.50697   67  719  727.23690  583.91181  19.7%  62.9 10469s
 231680 197349  612.45085   37  781  727.23690  583.91181  19.7%  62.9 10487s
 232219 197678  721.11498  117  450  727.23690  583.91181  19.7%  62.9 10510s
 232621 198045  606.98327   31  730  727.23690  583.91181  19.7%  62.9 10529s
 233013 198055  615.67131   41  761  727.23690  583.91181  19.7%  63.0 10550s
 233022 198286  617.22531   41  778  727.23690  583.91181  19.7%  63.0 10564s
 233265 198296  608.15305   43  800  727.23690  583.94110  19.7%  63.0 10571s
 233296 198635  635.96357   59  714  727.23690  583.94110  19.7%  63.0 10588s
 233401 198641  682.76652   57  441  727.23690  583.94110  19.7%  63.0 10604s
 233465 198650  622.27703   45  796  727.23690  583.94110  19.7%  63.0 10607s
 233683 199087 infeasible   91       727.23690  583.94110  19.7%  63.0 10634s
 233958 199095  689.59744  106  555  727.23690  583.94501  19.7%  63.0 10637s
 234253 199506  630.96887   54  619  727.23690  583.94743  19.7%  63.0 10655s
 234565 199507     cutoff   97       727.23690  583.94743  19.7%  63.0 10676s
 234700 199935  588.12085   21  763  727.23690  583.94743  19.7%  63.0 10701s
 235252 200178  617.37257   65  779  727.23690  583.94743  19.7%  63.0 10734s
 235387 200178  602.97084   26  803  727.23690  583.94743  19.7%  63.0 10735s
 235483 200332  641.52093  135  739  727.23690  583.95071  19.7%  63.1 10766s
 235649 200553  596.69061   24  831  727.23690  583.95071  19.7%  63.1 10784s
 235900 200765  609.42354   29  777  727.23690  583.95071  19.7%  63.2 10804s
 236139 201159  630.54113   35  472  727.23690  583.95071  19.7%  63.2 10823s
 236630 201528  679.97534   54  477  727.23690  583.95071  19.7%  63.2 10856s
 237047 201948  667.98727  102  692  727.23690  583.95071  19.7%  63.3 10875s
 237581 202418  589.72249   26  819  727.23690  584.01329  19.7%  63.3 10898s
 238055 202975  627.13235   64  597  727.23690  584.01329  19.7%  63.3 10922s
 238691 203492     cutoff  192       727.23690  584.02246  19.7%  63.2 10955s
 239250 203896  636.29789   53  678  727.23690  584.02246  19.7%  63.2 10972s
 239344 203902     cutoff  102       727.23690  584.02246  19.7%  63.2 10978s
 239723 204520  600.66522   31  802  727.23690  584.02246  19.7%  63.2 11004s
 240373 204898  594.74253   28  812  727.23690  584.04582  19.7%  63.2 11022s
 240864 205149 infeasible   62       727.23690  584.04582  19.7%  63.2 11038s
 241121 205538  643.93273   28  707  727.23690  584.04582  19.7%  63.3 11054s
 241572 205986  664.94019   34  716  727.23690  584.04582  19.7%  63.3 11090s
 241796 205987  688.41262   88  527  727.23690  584.04582  19.7%  63.3 11096s
 241853 205999  712.54727   89  676  727.23690  584.04582  19.7%  63.3 11102s
 242131 206446  591.03296   23  808  727.23690  584.04582  19.7%  63.3 11127s
 242569 206450  693.83018   87   78  727.23690  584.04582  19.7%  63.3 11132s
 242646 206797  694.08172   91  479  727.23690  584.04582  19.7%  63.3 11166s
 243053 207030  595.14042   25  831  727.23690  584.04582  19.7%  63.3 11230s
 243299 207314  595.66730   25  835  727.23690  584.04582  19.7%  63.3 11265s
 243672 207679  601.71046   28  798  727.23690  584.07381  19.7%  63.3 11285s
 244028 207703  694.86017   80  370  727.23690  584.07381  19.7%  63.4 11303s
 244098 208021  610.87457   38  801  727.23690  584.07381  19.7%  63.4 11327s
 244329 208029  710.80888   87  267  727.23690  584.10440  19.7%  63.4 11338s
 244506 208566  616.59792   45  725  727.23690  584.10440  19.7%  63.4 11357s
 244694 208568  613.41621   37  772  727.23690  584.10440  19.7%  63.4 11364s
 245105 209008  623.90609   56  757  727.23690  584.10440  19.7%  63.4 11381s
 245586 209555  661.39381   75  716  727.23690  584.10440  19.7%  63.4 11413s
 246174 209958  679.58448   96  624  727.23690  584.10440  19.7%  63.4 11430s
 246669 210485  596.78709   24  814  727.23690  584.10440  19.7%  63.4 11451s
 247299 210855  705.89491   79  427  727.23690  584.10440  19.7%  63.3 11472s
 247715 211323  616.21363   48  782  727.23690  584.10440  19.7%  63.4 11492s
 248231 211661  715.95217  120  669  727.23690  584.15310  19.7%  63.4 11512s
 248612 211938  602.32245   34  828  727.23690  584.15310  19.7%  63.4 11556s
 248617 211938  599.41210   27  824  727.23690  584.15310  19.7%  63.4 11565s
 248946 212380  607.19395   38  827  727.23690  584.15310  19.7%  63.3 11584s
 249147 212381  608.45895   32  733  727.23690  584.15310  19.7%  63.3 11592s
 249445 212716  677.60130   94  730  727.23690  584.15310  19.7%  63.3 11621s
 249844 213198  626.95536   34  749  727.23690  584.20597  19.7%  63.3 11640s
 249991 213200  652.25335   57  758  727.23690  584.22863  19.7%  63.3 11645s
 250418 213401  593.53334   28  810  727.23690  584.22863  19.7%  63.3 11661s
 250639 213736  606.46494   34  744  727.23690  584.24151  19.7%  63.4 11677s
 250700 213736  632.42447   42  745  727.23690  584.24151  19.7%  63.4 11680s
 250983 214227  615.99587   54  784  727.23690  584.24151  19.7%  63.4 11708s
 251561 214621  670.23338   96  691  727.23690  584.24151  19.7%  63.4 11742s
 252006 214648  658.70310   65  686  727.23690  584.24768  19.7%  63.4 11747s
 252080 215001  590.52691   27  834  727.23690  584.24768  19.7%  63.4 11770s
 252171 215002  612.19566   34  774  727.23690  584.24768  19.7%  63.4 11777s
 252469 215253  647.68597   65  716  727.23690  584.24769  19.7%  63.4 11797s
 252774 215509  644.82393   40  711  727.23690  584.26504  19.7%  63.5 11816s
 252927 215514  630.39904   40  794  727.23690  584.26504  19.7%  63.5 11828s
 253053 215873  603.46897   31  798  727.23690  584.26504  19.7%  63.5 11845s
 253500 216198  680.82827   78  744  727.23690  584.27977  19.7%  63.5 11881s
 253925 216673  606.05978   32  799  727.23690  584.27977  19.7%  63.5 11901s
 254383 216683  590.03644   22  823  727.23690  584.27977  19.7%  63.5 11908s
 254472 216876  694.35563  103  346  727.23690  584.27977  19.7%  63.5 11923s
 254695 217156  623.91603   40  773  727.23690  584.27977  19.7%  63.6 11942s
 255012 217412  701.92204  105  540  727.23690  584.27977  19.7%  63.7 11960s
 255220 217418  667.19729   58  723  727.23690  584.29597  19.7%  63.7 11969s
 255323 217895  614.42006   35  796  727.23690  584.30030  19.7%  63.7 11987s
 255858 218182  707.72659  105  594  727.23690  584.30030  19.7%  63.7 12026s
 256250 218597  619.51608   38  788  727.23690  584.30372  19.7%  63.7 12058s
 256671 218959  680.84303   74  741  727.23690  584.30372  19.7%  63.7 12086s
 257102 219321  598.56541   32  829  727.23690  584.30372  19.7%  63.7 12109s
 257273 219322  604.21263   33  812  727.23690  584.30372  19.7%  63.8 12112s
 257503 219575  658.65251   80  659  727.23690  584.30372  19.7%  63.8 12148s
 257774 220000  595.58990   31  812  727.23690  584.33604  19.6%  63.8 12182s
 257988 220011  671.58822   91  701  727.23690  584.33604  19.6%  63.8 12185s
 258300 220378  707.91528  126  505  727.23690  584.33604  19.6%  63.8 12236s
 258712 220390  703.29961  124  618  727.23690  584.33604  19.6%  63.8 12241s
 258751 220809  640.40585   51  745  727.23690  584.33604  19.6%  63.8 12269s
 259038 220818 infeasible  117       727.23690  584.33604  19.6%  63.7 12270s
 259249 221213  601.44207   30  788  727.23690  584.33604  19.6%  63.8 12289s
 259298 221215  639.22486   62  771  727.23690  584.33604  19.6%  63.8 12292s
 259725 221451  701.32117   77  612  727.23690  584.33604  19.6%  63.8 12317s
 260018 221791  645.17526   41  708  727.23690  584.33604  19.6%  63.8 12340s
 260437 222216  596.73679   21  817  727.23690  584.33604  19.6%  63.8 12363s
 260884 222638  639.59829   46  731  727.23690  584.33604  19.6%  63.9 12387s
 261018 222639     cutoff  139       727.23690  584.33604  19.6%  63.9 12396s
 261347 222647  596.09995   37  783  727.23690  584.33604  19.6%  63.9 12403s
 261381 223025  586.66729   20  823  727.23690  584.33604  19.6%  63.9 12420s
 261741 223030  711.15343   94  409  727.23690  584.33604  19.6%  63.9 12426s
 261800 223035  621.63001   53  770  727.23690  584.33604  19.6%  63.9 12432s
 261851 223491  643.63440   50  775  727.23690  584.33604  19.6%  63.9 12466s
 262320 224155  705.91633  115  698  727.23690  584.33604  19.6%  63.9 12485s
 263054 224530  632.19695   43  751  727.23690  584.33604  19.6%  63.8 12509s
 263483 224913  621.87162   39  798  727.23690  584.33604  19.6%  63.8 12534s
 263948 225437  676.84253   71  715  727.23690  584.40614  19.6%  63.8 12555s
 264535 225884  663.99316   53  647  727.23690  584.41097  19.6%  63.8 12573s
 264910 225887  634.93042   60  785  727.23690  584.41097  19.6%  63.8 12581s
 265062 226198  608.00662   29  812  727.23690  584.41097  19.6%  63.8 12611s
 265327 226198  644.93605   61  765  727.23690  584.41097  19.6%  63.8 12625s
 265407 226531  609.49159   30  780  727.23690  584.41097  19.6%  63.8 12658s
 265783 226932  637.94682   48  758  727.23690  584.43017  19.6%  63.8 12684s
 266225 227314  627.73971   40  779  727.23690  584.43017  19.6%  63.9 12703s
 266661 227526 infeasible  191       727.23690  584.44301  19.6%  63.9 12731s
 266886 227891  645.66650   45  660  727.23690  584.44301  19.6%  63.9 12755s
 267356 228082  591.13984   26  795  727.23690  584.47500  19.6%  63.9 12774s
 267538 228346  612.33660   34  800  727.23690  584.47500  19.6%  64.0 12792s
 267870 228710  653.91084   45  763  727.23690  584.47500  19.6%  64.0 12827s
H268283 223302                     721.3203477  584.47500  19.0%  64.0 12838s
 268320 223577 infeasible   73       721.32035  584.47500  19.0%  64.0 12859s
 268538 223584  704.34735   64  510  721.32035  584.47500  19.0%  64.1 12871s
 268695 224132  648.54870   54  714  721.32035  584.49018  19.0%  64.1 12899s
 269339 224395  608.38127   35  802  721.32035  584.49018  19.0%  64.0 12933s
 269552 224408  596.16967   32  802  721.32035  584.49018  19.0%  64.1 12966s
 269667 224765  659.41355   70  731  721.32035  584.49018  19.0%  64.1 12984s
 270012 224776  719.84271   73  485  721.32035  584.50639  19.0%  64.1 12989s
 270112 225099  594.08784   28  827  721.32035  584.50639  19.0%  64.1 13009s
 270430 225099  597.39737   27  817  721.32035  584.52199  19.0%  64.1 13010s
 270489 225196  613.22302   36  787  721.32035  584.52199  19.0%  64.1 13038s
 270598 225512  617.60207   37  805  721.32035  584.52199  19.0%  64.1 13069s
 270942 225987  679.43018   52  674  721.32035  584.52199  19.0%  64.2 13088s
 271008 225989  701.29575  101  569  721.32035  584.52199  19.0%  64.2 13099s
 271529 226380  611.59698   43  803  721.32035  584.52199  19.0%  64.2 13126s
 271966 227010  657.99841  106  748  721.32035  584.52199  19.0%  64.2 13150s
 272651 227363  620.16009   38  774  721.32035  584.53493  19.0%  64.1 13174s
 273098 227802  589.76232   23  779  721.32035  584.53493  19.0%  64.1 13195s
 273559 228322  637.74879   50  770  721.32035  584.53493  19.0%  64.2 13217s
 274162 228706     cutoff  146       721.32035  584.54607  19.0%  64.1 13242s
 274335 228706  643.09901   95  683  721.32035  584.54607  19.0%  64.1 13246s
 274508 228706  623.16009   42  773  721.32035  584.54607  19.0%  64.1 13251s
 274602 229141  652.87774   67  673  721.32035  584.54607  19.0%  64.1 13283s
 275151 229382  592.74708   25  795  721.32035  584.54607  19.0%  64.1 13303s
 275449 229608  608.58455   31  759  721.32035  584.54607  19.0%  64.2 13325s
 275716 229762  625.07105   38  790  721.32035  584.60158  19.0%  64.2 13356s
 275794 229762  613.47857   38  803  721.32035  584.60158  19.0%  64.2 13370s
 275800 229762  603.53669   42  783  721.32035  584.60158  19.0%  64.2 13383s
 275884 230153  629.03131   44  798  721.32035  584.60158  19.0%  64.3 13405s
 276196 230168  605.76923   45  785  721.32035  584.60734  19.0%  64.2 13413s
 276356 230586  633.58390   57  780  721.32035  584.60734  19.0%  64.3 13431s
 276810 230997  639.39513   69  776  721.32035  584.60734  19.0%  64.3 13470s
 276852 230998  651.94499   80  549  721.32035  584.60734  19.0%  64.3 13476s
 277021 231002  592.89979   25  805  721.32035  584.60734  19.0%  64.3 13480s
 277211 231017     cutoff   84       721.32035  584.60734  19.0%  64.3 13492s
 277318 231093 infeasible   90       721.32035  584.60734  19.0%  64.3 13528s
 277405 231487  592.55933   23  815  721.32035  584.60734  19.0%  64.3 13547s
 277856 231760  689.86218   85  679  721.32035  584.60734  19.0%  64.3 13567s
 278197 232150  640.32550   48  751  721.32035  584.63109  18.9%  64.3 13601s
 278596 232549  597.01279   26  823  721.32035  584.63109  18.9%  64.4 13622s
 279131 232941  703.88205   79  708  721.32035  584.65757  18.9%  64.4 13651s
 279374 232943  594.72714   34  812  721.32035  584.65914  18.9%  64.4 13669s
 279566 233463  607.30986   39  765  721.32035  584.65914  18.9%  64.4 13697s
 280164 234020  701.28630  112  546  721.32035  584.65914  18.9%  64.4 13724s
 280776 234435  615.71158   41  813  721.32035  584.65914  18.9%  64.3 13745s
 281291 234656     cutoff  100       721.32035  584.66105  18.9%  64.3 13789s
 281504 234663  642.53021   63  722  721.32035  584.66105  18.9%  64.3 13802s
 281564 234922  595.72739   21  827  721.32035  584.66105  18.9%  64.3 13832s
 281853 234928  591.04643   26  821  721.32035  584.66105  18.9%  64.3 13835s
 281865 235197  599.96023   22  805  721.32035  584.66105  18.9%  64.3 13854s
 282025 235198  636.48865   47  763  721.32035  584.66105  18.9%  64.4 13857s
 282171 235491  616.90114   32  777  721.32035  584.66105  18.9%  64.4 13874s
 282478 235839  632.60158   46  723  721.32035  584.66105  18.9%  64.4 13892s
 282732 235847  621.52985   41  789  721.32035  584.68880  18.9%  64.5 13912s
 282901 236285  658.82849   55  515  721.32035  584.68880  18.9%  64.5 13945s
 283464 236599 infeasible   86       721.32035  584.68880  18.9%  64.5 13972s
 283840 237084  651.22469   59  720  721.32035  584.70314  18.9%  64.5 13998s
 284001 237087  648.44189   59  698  721.32035  584.71717  18.9%  64.5 14002s
 284449 237600  594.27692   30  689  721.32035  584.72279  18.9%  64.5 14022s
 284919 237602  627.63239   45  778  721.32035  584.72924  18.9%  64.5 14029s
 284973 238071  647.62555   89  677  721.32035  584.72924  18.9%  64.5 14050s
 285529 238562  612.43569   38  789  721.32035  584.73104  18.9%  64.5 14075s
 285764 238563  641.12264   62  758  721.32035  584.73104  18.9%  64.4 14082s
 286073 238893  608.35433   30  794  721.32035  584.74702  18.9%  64.4 14141s
 286113 238896  670.98804  131  722  721.32035  584.74702  18.9%  64.4 14152s
 286434 238904  680.07603   77  677  721.32035  584.74702  18.9%  64.5 14174s
 286501 239436  594.33129   32  812  721.32035  584.76688  18.9%  64.5 14201s
 286794 239438  659.20228   48  766  721.32035  584.76975  18.9%  64.4 14207s
 287100 239773  593.81809   23  760  721.32035  584.76975  18.9%  64.4 14238s
 287471 240332  678.12518   59  693  721.32035  584.76975  18.9%  64.5 14263s
 288139 240504  617.54246   48  795  721.32035  584.76975  18.9%  64.4 14307s
 288343 240903  617.81794   49  790  721.32035  584.76975  18.9%  64.4 14358s
 288861 241278  590.05596   24  814  721.32035  584.78755  18.9%  64.4 14390s
 289288 241706  665.33231   66  696  721.32035  584.78755  18.9%  64.5 14422s
 289636 241710  588.60897   24  805  721.32035  584.78755  18.9%  64.4 14430s
 289802 242166  616.33859   29  779  721.32035  584.78755  18.9%  64.5 14449s
 290300 242596  719.35628  140  642  721.32035  584.78755  18.9%  64.5 14472s
 290794 242838  612.99779   32  789  721.32035  584.78755  18.9%  64.5 14491s
 291103 243089  647.87385   44  738  721.32035  584.78755  18.9%  64.5 14510s
 291153 243089  616.45814   34  812  721.32035  584.78755  18.9%  64.5 14517s
 291354 243525  698.07511   60  512  721.32035  584.78755  18.9%  64.6 14540s
 291873 243759  616.24588   44  793  721.32035  584.78755  18.9%  64.5 14559s
 292187 244224  718.11099   85  699  721.32035  584.82678  18.9%  64.6 14580s
 292697 244470  615.33986   35  806  721.32035  584.83703  18.9%  64.6 14608s
 292962 244474  612.50605   39  729  721.32035  584.83703  18.9%  64.6 14617s
 293061 244858  629.03236   53  678  721.32035  584.83817  18.9%  64.6 14638s
 293525 245153  598.70478   26  819  721.32035  584.83817  18.9%  64.6 14671s
 293631 245157  692.58132   74  674  721.32035  584.83817  18.9%  64.6 14680s
 293895 245461  636.65785   49  692  721.32035  584.83817  18.9%  64.6 14717s
 294207 245791 infeasible  148       721.32035  584.83817  18.9%  64.6 14741s
 294588 246218  635.15625   80  713  721.32035  584.83817  18.9%  64.7 14783s
 295043 246672  611.44750   34  804  721.32035  584.86926  18.9%  64.7 14804s
 295646 246803  608.03474   28  802  721.32035  584.87074  18.9%  64.6 14854s
 295679 246803  601.12446   32  784  721.32035  584.87074  18.9%  64.7 14856s
 295767 247267  623.58594   37  804  721.32035  584.87074  18.9%  64.7 14876s
 296290 247726  657.92882   65  655  721.32035  584.87074  18.9%  64.7 14913s
 296402 247743  682.99893   78   79  721.32035  584.87074  18.9%  64.7 14926s
 296856 247777  689.28773  213   42  721.32035  584.87074  18.9%  64.7 18132s
 296858 247778  642.09114   69  833  721.32035  584.87074  18.9%  64.7 18171s
 296859 247779  659.83482   76  855  721.32035  584.87074  18.9%  64.7 18188s
 296860 247780  698.34239  122  858  721.32035  584.87074  18.9%  64.7 18195s
 296861 247780  705.16727   89  841  721.32035  584.87074  18.9%  64.7 18212s
 296862 247781  679.17326   87  848  721.32035  584.87074  18.9%  64.7 18218s
 296863 247782  660.11427   96  847  721.32035  584.87074  18.9%  64.7 18236s
 296864 247782  651.28891   77  859  721.32035  584.87074  18.9%  64.7 18242s
 296865 247783  693.90470  165  856  721.32035  584.87074  18.9%  64.7 18263s
 296866 247784  655.98186  105  867  721.32035  584.87074  18.9%  64.7 18269s
 296867 247784  657.71510   64  860  721.32035  584.87074  18.9%  64.7 18291s
 296868 247785  640.18628   53  861  721.32035  584.87074  18.9%  64.7 18298s
 296869 247786  694.30851  139  865  721.32035  584.87074  18.9%  64.7 18317s
 296870 247786  626.53804   51  876  721.32035  584.87074  18.9%  64.7 18324s
 296871 247787  610.07927   35  871  721.32035  584.87074  18.9%  64.7 18344s
 296872 247788  600.87897   31  875  721.32035  584.87074  18.9%  64.7 18350s
 296873 247788  618.60559   40  855  721.32035  584.87074  18.9%  64.7 18376s
 296874 247789  651.16908   65  870  721.32035  584.87074  18.9%  64.7 18383s
 296875 247790  621.46345   36  871  721.32035  584.87074  18.9%  64.7 18394s
 296876 247790  716.12425  126  874  721.32035  584.87074  18.9%  64.7 18401s
 296877 247791  710.59054   93  872  721.32035  584.87074  18.9%  64.7 18417s
 296878 247792  677.74082   65  872  721.32035  584.87074  18.9%  64.7 18427s
 296879 247792  655.19740  107  872  721.32035  584.87335  18.9%  64.7 19171s
 296880 247796  584.87335   25  865  721.32035  584.87335  18.9%  64.7 19181s
 296882 247799  584.87335   26  870  721.32035  584.87335  18.9%  64.7 19188s
 296886 247806  584.87335   27  863  721.32035  584.87335  18.9%  64.7 19192s
 296894 247811  584.87335   28  864  721.32035  584.87335  18.9%  64.7 19197s
 296902 247817  584.87335   29  862  721.32035  584.87335  18.9%  64.7 19206s
 296910 247822  584.87335   30  860  721.32035  584.87335  18.9%  64.7 19231s
 296918 247827  584.87335   30  852  721.32035  584.87335  18.9%  64.7 19253s
 296926 247835  584.87335   31  851  721.32035  584.87335  18.9%  64.7 19264s
 296936 247840  584.87335   31  859  721.32035  584.87335  18.9%  64.7 19277s
 296945 247845  584.87335   32  862  721.32035  584.87335  18.9%  64.7 19298s
 296950 247844  585.29304   32  839  721.32035  584.87335  18.9%  64.7 19304s
 296953 247851  584.87335   32  858  721.32035  584.87335  18.9%  64.7 19324s
 296955 247850  584.88285   32  845  721.32035  584.87335  18.9%  64.7 19326s
 296961 247862  585.28745   33  843  721.32035  584.87335  18.9%  64.7 19364s
 296975 247865  586.49596   33  850  721.32035  584.87335  18.9%  64.8 19399s
 296983 247871  585.71947   34  851  721.32035  584.87335  18.9%  64.8 19436s
 296991 247876  587.26749   34  851  721.32035  584.87335  18.9%  64.8 19457s
 296999 247885  586.22422   35  839  721.32035  584.87335  18.9%  64.8 19472s
 297011 247893  587.76563   36  846  721.32035  584.87335  18.9%  64.8 19486s
 297019 247891  593.68613   36  819  721.32035  584.87335  18.9%  64.8 19491s
 297023 247902  589.10086   38  845  721.32035  584.87335  18.9%  64.8 19506s
 297036 247917  590.79224   39  843  721.32035  584.87335  18.9%  64.8 19527s
 297042 247915  586.41678   37  828  721.32035  584.87335  18.9%  64.8 19530s
 297055 247932  592.82089   41  833  721.32035  584.87335  18.9%  64.8 19548s
 297076 247934  594.65261   43  836  721.32035  584.87335  18.9%  64.8 19562s
 297085 247946  596.00321   43  833  721.32035  584.87335  18.9%  64.8 19583s
 297100 247964  594.76101   44  834  721.32035  584.87335  18.9%  64.8 19602s
 297123 247964  597.28170   45  836  721.32035  584.87335  18.9%  64.8 19622s
 297131 247969  598.53758   46  826  721.32035  584.87335  18.9%  64.8 19638s
 297139 247975  596.23770   46  819  721.32035  584.87335  18.9%  64.9 19652s
 297147 247980  597.16782   47  820  721.32035  584.87335  18.9%  64.9 19669s
 297150 247979  598.81907   44  830  721.32035  584.87335  18.9%  64.9 19675s
 297155 247995  596.77775   47  811  721.32035  584.87335  18.9%  64.9 19692s
 297175 248018  597.88231   49  805  721.32035  584.87335  18.9%  64.9 19722s
 297204 248036  598.25191   51  794  721.32035  584.87335  18.9%  64.9 19736s
 297232 248056  600.25245   52  805  721.32035  584.87335  18.9%  64.9 19752s
 297261 248077  599.31786   54  736  721.32035  584.87335  18.9%  64.9 19767s
 297292 248100  605.44744   56  779  721.32035  584.87335  18.9%  64.9 19785s
 297331 248125  607.78266   58  730  721.32035  584.87335  18.9%  65.0 19803s
 297371 248151  623.45894   60  761  721.32035  584.87335  18.9%  65.0 19820s
 297417 248182  629.78607   62  760  721.32035  584.87335  18.9%  65.0 19837s
 297476 248209  630.90719   65  716  721.32035  584.87335  18.9%  65.0 19855s
 297535 248220  632.77715   68  758  721.32035  584.87335  18.9%  65.0 19885s
 297578 248242  637.01238   70  736  721.32035  584.87335  18.9%  65.1 19902s
 297615 248273  638.63518   73  712  721.32035  584.87335  18.9%  65.1 19921s
 297658 248311  647.92441   76  655  721.32035  584.87335  18.9%  65.1 19940s
 297710 248347  660.68448   79  326  721.32035  584.87335  18.9%  65.1 19961s
 297746 248343  601.13259   37  838  721.32035  584.87335  18.9%  65.1 19971s
 297784 248378  675.94414   86  252  721.32035  584.87335  18.9%  65.1 19998s
 297800 248374 infeasible   85       721.32035  584.87335  18.9%  65.1 20004s
 297851 248411 infeasible   93       721.32035  584.87335  18.9%  65.1 20027s
 297935 248413  584.87335   34  860  721.32035  584.87335  18.9%  65.2 20069s
 297987 248440  585.77022   37  841  721.32035  584.87335  18.9%  65.2 20093s
 298032 248474  588.98345   38  811  721.32035  584.87335  18.9%  65.2 20117s
 298083 248506  598.83112   42  782  721.32035  584.87335  18.9%  65.2 20150s
 298134 248545  607.79376   45  783  721.32035  584.87335  18.9%  65.2 20174s
 298200 248581  604.47828   49  773  721.32035  584.87335  18.9%  65.2 20205s
 298268 248625  618.56002   52  598  721.32035  584.87335  18.9%  65.3 20248s
 298316 248616  713.89920  111  738  721.32035  584.87335  18.9%  65.3 20250s
 298360 248665  630.20297   58  423  721.32035  584.87335  18.9%  65.3 20288s
 298431 248713  642.36764   62  699  721.32035  584.87335  18.9%  65.3 20319s
 298512 248698  651.19494   70  359  721.32035  584.87335  18.9%  65.3 20361s
 298520 248713  655.41635   69  107  721.32035  584.87335  18.9%  65.3 20395s
 298540 248757  655.76789   70  322  721.32035  584.87335  18.9%  65.3 20443s
 298599 248837  656.83312   70   57  721.32035  584.87335  18.9%  65.3 20492s
 298775 248896  585.98892   35  841  721.32035  584.87335  18.9%  65.4 20566s
H298876 248854                     717.0927425  584.87335  18.4%  65.4 20573s
 298920 248948  599.82719   47  760  717.09274  584.87335  18.4%  65.4 20618s
 299031 248919  584.87335   30  849  717.09274  584.87335  18.4%  65.4 20621s
 299041 249012  614.51092   59  722  717.09274  584.87335  18.4%  65.4 20667s
 299138 249082  630.59113   71  786  717.09274  584.87335  18.4%  65.4 20715s
 299211 249059  594.70527   40  828  717.09274  584.87335  18.4%  65.4 20726s
 299268 249176  651.41414   84  747  717.09274  584.87335  18.4%  65.5 20780s
 299430 249230  696.44579  104  654  717.09274  584.87335  18.4%  65.5 20840s
 299585 249292  595.12756   39  836  717.09274  584.87335  18.4%  65.5 20902s
 299680 249268  595.20272   41  841  717.09274  584.87335  18.4%  65.5 20905s
 299728 249353  618.89839   51  806  717.09274  584.87335  18.4%  65.5 20962s
 299848 249445  639.04784   67  775  717.09274  584.87335  18.4%  65.6 21022s
 299980 249584  668.46831   86  750  717.09274  584.87335  18.4%  65.6 21087s
 300168 249667  712.11403  122  154  717.09274  584.87335  18.4%  65.7 21152s
 300307 249631  680.28396   91  329  717.09274  584.87335  18.4%  65.7 21176s
 300423 249745  605.53972   45  787  717.09274  584.87335  18.4%  65.7 21245s
 300577 249862  624.97049   64  776  717.09274  584.87335  18.4%  65.7 21315s
 300769 249984  649.64890   84  750  717.09274  584.87335  18.4%  65.8 21393s
 301020 250069     cutoff  115       717.09274  584.87335  18.4%  65.8 21474s
 301211 250006  648.02706   65  590  717.09274  584.87335  18.4%  65.8 21484s
 301249 250186  592.73869   39  844  717.09274  584.87335  18.4%  65.8 21567s
 301469 250295  691.17249   69  303  717.09274  584.87335  18.4%  65.9 21649s
 301509 250287  588.19508   32  836  717.09274  584.87335  18.4%  65.9 21651s
 301708 250419  604.42943   45  821  717.09274  584.87335  18.4%  66.0 21735s
 301945 250579  630.74409   56  307  717.09274  584.87335  18.4%  66.0 21824s
 302017 250563  641.07063   49  733  717.09274  584.87335  18.4%  66.0 21827s
 302047 250553  652.69126   63  760  717.09274  584.87335  18.4%  66.1 21833s
 302225 250800  589.46014   38  827  717.09274  584.87335  18.4%  66.1 21930s
 302640 250994  630.45733   67  718  717.09274  584.87335  18.4%  66.1 22021s
 302897 250922  608.49947   58  817  717.09274  584.87335  18.4%  66.2 22030s
 303067 250877  592.36150   36  838  717.09274  584.87335  18.4%  66.2 22121s
 303071 250875  608.31771   43  818  717.09274  584.87335  18.4%  66.2 22129s
 303075 251251  591.32864   34  853  717.09274  584.87335  18.4%  66.2 22229s
 303420 251142  644.44911   52  622  717.09274  584.87335  18.4%  66.3 22252s
 303515 251838  591.58416   36  831  717.09274  584.87335  18.4%  66.3 22353s
 303815 251763  620.63334   55  813  717.09274  584.87335  18.4%  66.4 22355s
 304398 252273  614.69011   48  449  717.09274  584.87335  18.4%  66.5 22462s
 304778 252182  658.89793  109  606  717.09274  584.87335  18.4%  66.6 22497s
 305373 252777  600.69116   42  797  717.09274  584.87335  18.4%  66.7 22623s
 306121 252542 infeasible   63       717.09274  584.87335  18.4%  67.0 22626s
 306287 253250  643.04752   54  637  717.09274  584.87335  18.4%  67.0 22731s
 306635 253143  597.59777   38  830  717.09274  584.87335  18.4%  67.1 22735s
 307289 253808  654.78369   58  694  717.09274  584.87335  18.4%  67.4 22874s
 307501 253742  593.11340   43  834  717.09274  584.87335  18.4%  67.4 22875s
 308376 254577  589.75026   37  675  717.09274  584.87335  18.4%  67.6 22997s
 309754 255186  651.78831   83  768  717.09274  584.87335  18.4%  67.9 23151s
 310550 254927  601.63279   49  827  717.09274  584.87335  18.4%  68.1 23163s
 310695 254879  623.81426   52  747  717.09274  584.87335  18.4%  68.1 23165s
 311047 255972  642.94079   74  755  717.09274  584.87335  18.4%  68.2 23292s
 312039 255666  591.22622   37  841  717.09274  584.87335  18.4%  68.3 23299s
 312549 256680  621.83476   57  792  717.09274  584.93213  18.4%  68.5 23438s
 312751 256620  620.72594   58  822  717.09274  584.93605  18.4%  68.5 23447s
 313160 256513  630.55670   71  819  717.09274  584.93769  18.4%  68.6 23452s
 314048 257281  605.72356   49  840  717.09274  584.99762  18.4%  68.8 23597s
 315293 258028  606.45402   50  790  717.09274  585.15110  18.4%  69.1 23751s
 316780 258747  625.01467   56  391  717.09274  585.27506  18.4%  69.4 23916s
 318267 259555  607.85094   52  769  717.09274  585.38727  18.4%  69.7 24086s
 318502 259479  589.91443   36  824  717.09274  585.41640  18.4%  69.8 24092s
 319820 260386  623.16015   52  764  717.09274  585.59399  18.3%  70.1 24245s
 320895 260087  687.04510   66  423  717.09274  585.69272  18.3%  70.3 24267s
 321561 261059  594.09347   39  846  717.09274  585.79479  18.3%  70.3 24418s
 322875 260702  588.08444   35  838  717.09274  585.85179  18.3%  70.6 24457s
 323101 260648  594.52788   40  815  717.09274  585.85179  18.3%  70.7 24582s
 323113 261216  592.75115   40  836  717.09274  585.91597  18.3%  70.7 24715s
 323831 262081  605.49153   48  626  717.09274  585.91597  18.3%  70.8 24875s
 324419 261907  598.34607   38  762  717.09274  585.91775  18.3%  71.0 24880s
 325204 262965  710.33620   99  803  717.09274  585.97373  18.3%  71.2 25010s
 326819 263559  608.02044   56  800  717.09274  586.12628  18.3%  71.5 25812s
 327212 263449 infeasible   39       717.09274  586.13944  18.3%  71.5 25820s
 327554 263340  707.37446   67  592  717.09274  586.13944  18.3%  71.6 25838s
 327725 263289  598.89510   41  821  717.09274  586.14160  18.3%  71.6 25841s
 328238 264606  665.78354   86  670  717.09274  586.17731  18.3%  71.7 26018s
 329438 264217  631.11076   78  794  717.09274  586.21600  18.3%  71.9 26033s
 330054 265406  607.61313   45  822  717.09274  586.28745  18.2%  72.0 26195s
 330251 265349 infeasible   70       717.09274  586.28745  18.2%  72.0 26202s
 331002 265124  630.24789   54  428  717.09274  586.28745  18.2%  72.1 26243s
 331265 265048  673.94442   39  646  717.09274  586.28745  18.2%  72.1 26254s
 331569 264956  715.22085  104   65  717.09274  586.28745  18.2%  72.2 26264s
 331842 266188  668.90823   74  700  717.09274  586.32913  18.2%  72.2 26430s
 331962 266151  594.20731   37  819  717.09274  586.40429  18.2%  72.2 26438s
 333132 265792  645.06434   54  748  717.09274  586.41071  18.2%  72.5 26462s
 333448 267326  603.61824   34  826  717.09274  586.46362  18.2%  72.5 26608s
 335110 266796  624.00398   52  784  717.09274  586.50212  18.2%  72.8 26615s
 335570 267572  697.13484  103  672  717.09274  586.54261  18.2%  72.8 26773s
 336725 267219  670.20430  122  443  717.09274  586.58637  18.2%  73.1 26808s
 336768 268624  589.36709   36  848  717.09274  586.60904  18.2%  73.1 26953s
 337604 268364  623.44882   56  795  717.09274  586.62512  18.2%  73.2 26972s
 338519 269503  681.20716   71  728  717.09274  586.65499  18.2%  73.3 27114s
 338732 269432  637.90197   50  743  717.09274  586.66007  18.2%  73.3 27115s
 340263 270508  593.22464   36  837  717.09274  586.77363  18.2%  73.5 27270s
 342082 269937  684.26219   96  738  717.09274  586.82106  18.2%  73.8 27426s
 342090 269934  599.33461   40  813  717.09274  586.82106  18.2%  73.8 27451s
 342091 271595  685.66648   97  765  717.09274  586.82106  18.2%  73.8 27585s
 344163 272521  627.34348   73  772  717.09274  586.94302  18.1%  74.0 27744s
 344897 272289  711.97874   89  469  717.09274  586.95228  18.1%  74.0 27755s
 346129 273110     cutoff   99       717.09274  587.02273  18.1%  74.2 27892s
 346453 273014  632.11847   60  788  717.09274  587.03149  18.1%  74.2 27898s
 347049 272830  603.72672   50  705  717.09274  587.05206  18.1%  74.3 27903s
 347667 274004  602.43588   54  765  717.09274  587.08414  18.1%  74.5 28049s
 348560 273749  627.38586   58  715  717.09274  587.08414  18.1%  74.6 28054s
 348765 273683 infeasible   51       717.09274  587.08414  18.1%  74.6 28060s
 349431 274512  607.00119   40  827  717.09274  587.11738  18.1%  74.7 28192s
 350789 275182  599.36315   48  837  717.09274  587.15351  18.1%  75.0 28360s
 351640 274928  601.70286   51  682  717.09274  587.15351  18.1%  75.1 28376s
 352106 276228     cutoff   85       717.09274  587.22313  18.1%  75.2 28505s
 352983 275964  691.70740   62  568  717.09274  587.22360  18.1%  75.3 28521s
 353889 277051  659.67067   63  743  717.09274  587.25907  18.1%  75.4 28642s
 354544 276852  617.30472   63  722  717.09274  587.27230  18.1%  75.5 28656s
 355143 276669  652.32751   62  749  717.09274  587.27278  18.1%  75.6 28662s
 355597 277688  636.04606   65  569  717.09274  587.32603  18.1%  75.6 28779s
 356015 277555  666.32196   64  724  717.09274  587.33348  18.1%  75.7 28786s
 357108 277229  667.66470   63  753  717.09274  587.38363  18.1%  75.8 28801s

Cutting planes:
  Gomory: 1
  MIR: 3
  Flow cover: 1
  Inf proof: 2
  Zero half: 40
  RLT: 1
  Lazy constraints: 5002

Explored 357140 nodes (27082592 simplex iterations) in 28809.15 seconds (28984.16 work units)
Thread count was 8 (of 18 available processors)

Solution count 10: 717.093 721.32 727.237 ... 778.297

Time limit reached
Best objective 7.170927425165e+02, best bound 5.873918109840e+02, gap 18.0871%

User-callback calls 918320, time in user-callback 8957.54 sec
### START EXACT APPROACH ###
ProblemVariant: 1
### START PREPROCESSING ###
## Start infeasible path procedure ## 
Deleted arcs: 15
Infeasible tail paths: 32
Infeasible 2-node combinations: 7
## Start extended infeasible path procedure ##
Deleted arcs: 15
Infeasible tail paths: 32
Infeasible 2-node combinations: 7
## Start start solution procedure ##
Start solution with 11 Vehicles and total costs 782.501 in 15.5611 s.
### END PREPROCESSING ###
Route 0 0-2-20-35-36-3-0 : weight util 0.606250 | volume util 0.584289 | feasible with packing heuristic | feasible with CP model
Route 1 0-8-26-31-28-22-1-0 : weight util 0.437500 | volume util 0.745422 | infeasible with packing heuristic | feasible with CP model
Route 2 0-11-16-50-21-29-0 : weight util 0.362500 | volume util 0.731822 | infeasible with packing heuristic | feasible with CP model
Route 3 0-14-25-13-41-19-40-4-0 : weight util 0.775000 | volume util 0.670022 | infeasible with packing heuristic | feasible with CP model
Route 4 0-15-45-33-39-10-5-0 : weight util 0.518750 | volume util 0.576444 | infeasible with packing heuristic | feasible with CP model
Route 5 0-24-43-7-23-48-32-0 : weight util 0.531250 | volume util 0.787467 | infeasible with packing heuristic | feasible with CP model
Route 6 0-27-6-18-47-0 : weight util 0.600000 | volume util 0.606067 | feasible with packing heuristic | feasible with CP model
Route 7 0-38-9-34-30-49-46-0 : weight util 0.587500 | volume util 0.633156 | infeasible with packing heuristic | feasible with CP model
Route 8 0-42-44-37-17-12-0 : weight util 0.437500 | volume util 0.764800 | feasible with packing heuristic | feasible with CP model
