
Gurobi 12.0.1 (win64, C++) logging started Fri Apr 18 14:39:22 2025

Set parameter TokenServer to value "141.76.38.119"
Set parameter Threads to value 8
Set parameter LazyConstraints to value 1
Set parameter PreCrush to value 1
Set parameter Seed to value 0
Set parameter Cuts to value -1
Set parameter TimeLimit to value 28800
Set parameter NumericFocus to value 0
Set parameter SolutionLimit to value 10000
Gurobi Optimizer version 12.0.1 build v12.0.1rc0 (win64 - Windows Server 2022.0 (20348.2))

CPU model: AMD EPYC 7513 32-Core Processor, instruction set [SSE2|AVX|AVX2]
Thread count: 16 physical cores, 16 logical processors, using up to 8 threads

Non-default parameters:
SolutionLimit  10000
TimeLimit  28800
PreCrush  1
Threads  8
LazyConstraints  1

Optimize a model with 497 rows, 961 columns and 2790 nonzeros
Model fingerprint: 0x9a0f4002
Variable types: 0 continuous, 961 integer (961 binary)
Coefficient statistics:
  Matrix range     [1e+00, 1e+00]
  Objective range  [6e+00, 7e+01]
  Bounds range     [1e+00, 1e+00]
  RHS range        [1e+00, 9e+00]

Warning: Completing partial solution with 887 unfixed non-continuous variables out of 961
User MIP start produced solution with objective 867.418 (0.02s)
Loaded user MIP start with objective 867.418

Presolve removed 3 rows and 35 columns
Presolve time: 0.01s
Presolved: 494 rows, 926 columns, 2688 nonzeros
Variable types: 0 continuous, 926 integer (926 binary)

Root relaxation: objective 4.363833e+02, 126 iterations, 0.00 seconds (0.00 work units)

    Nodes    |    Current Node    |     Objective Bounds      |     Work
 Expl Unexpl |  Obj  Depth IntInf | Incumbent    BestBd   Gap | It/Node Time

     0     0  436.38334    0    -  867.41757  436.38334  49.7%     -    0s
     0     0  473.62196    0    -  867.41757  473.62196  45.4%     -    0s
     0     0  484.19292    0    -  867.41757  484.19292  44.2%     -    0s
     0     0  494.10964    0    -  867.41757  494.10964  43.0%     -    0s
     0     0  501.42444    0    -  867.41757  501.42444  42.2%     -    0s
     0     0  504.44148    0   36  867.41757  504.44148  41.8%     -    0s
     0     0  505.25387    0   46  867.41757  505.25387  41.8%     -    0s
     0     0  522.92722    0   34  867.41757  522.92722  39.7%     -    0s
     0     0  527.34525    0   54  867.41757  527.34525  39.2%     -    0s
     0     0  534.46723    0   63  867.41757  534.46723  38.4%     -    0s
     0     0  548.17403    0   52  867.41757  548.17403  36.8%     -    0s
     0     2  554.02117    0   72  867.41757  554.02117  36.1%     -    3s
    15    24  577.31737    4  108  867.41757  571.92694  34.1%   187    5s
    49    60  581.26535    7  109  867.41757  571.92694  34.1%   210   10s
    93   108  584.78108    9  107  867.41757  571.92694  34.1%   185   16s
   123   141  588.98523   11   89  867.41757  571.92694  34.1%   169   20s
   154   157  605.94167   20  101  867.41757  571.92694  34.1%   149   25s
   196   217  591.11041   16  117  867.41757  571.92694  34.1%   130   30s
   579   629  601.87120   56   96  867.41757  571.92694  34.1%  82.9   35s
Warning: Completing partial solution with 887 unfixed non-continuous variables out of 961
H  789   828                     627.9187632  571.92694  8.92%  70.7   35s
  1518  1387  612.44119   51   52  627.91876  574.27476  8.54%  61.7   48s
  1520  1388  587.49166   10  954  627.91876  576.13340  8.25%  61.6   50s
  1525  1392  603.74386  102  961  627.91876  579.81174  7.66%  61.4   55s
  1530  1395  614.94584   93  955  627.91876  581.50884  7.39%  61.2   60s
  1977  1722  599.49143   42  942  627.91876  581.51839  7.39%  88.6   65s
  2440  1977  617.52749   69  618  627.91876  583.02201  7.15%  96.1   70s
  4074  2703     cutoff   65       627.91876  585.66574  6.73%  90.6   75s
  5848  3562  598.38838   26  882  627.91876  587.55703  6.43%  88.5   80s
Warning: Completing partial solution with 887 unfixed non-continuous variables out of 961
H 6455  3878                     626.1666990  588.69969  5.98%  88.1   83s
  7097  4227  621.46819   39  677  626.16670  589.00184  5.94%  87.6   85s
H 7405  4286                     625.8197561  589.62134  5.78%  86.5   85s
H 7724  4141                     621.0008196  589.62134  5.05%  85.9   87s
  8254  4357  616.96752   35  708  621.00082  590.27263  4.95%  85.4   90s
Warning: Completing partial solution with 887 unfixed non-continuous variables out of 961
H 8456  4245                     619.2079459  590.66681  4.61%  85.2   91s
  9419  4991     cutoff   39       619.20795  591.24982  4.52%  83.9   95s
 11123  5941  605.95326   48  839  619.20795  591.91715  4.41%  82.4  100s
 12860  6837  615.16046   28  884  619.20795  593.05444  4.22%  81.3  105s
Warning: Completing partial solution with 887 unfixed non-continuous variables out of 961
H14176  6595                     615.6050744  593.48108  3.59%  80.8  107s
 14785  6983  597.28135   25  942  615.60507  593.69443  3.56%  81.3  110s
 16137  7438     cutoff   32       615.60507  594.17223  3.48%  82.4  115s
 17728  8118  603.46285   26  970  615.60507  594.73774  3.39%  82.9  121s
*18659  7231              41     612.8132940  594.94104  2.92%  83.4  123s
 18934  7403     cutoff   42       612.81329  595.15634  2.88%  83.5  125s
*20462  7450              37     612.2470296  595.69393  2.70%  84.0  129s
 20586  7450  602.10715   27  904  612.24703  595.69848  2.70%  84.1  130s
 22242  8037  607.84616   38  923  612.24703  596.24705  2.61%  84.6  136s
H22476  6854                     610.0033247  596.29826  2.25%  84.6  137s
 23493  7013     cutoff   36       610.00332  596.64725  2.19%  85.2  142s
 24318  7096  606.22008   29  871  610.00332  596.86379  2.15%  85.6  145s
 25865  7317     cutoff   45       610.00332  597.39930  2.07%  86.4  152s
 26399  7456  606.17255   31  950  610.00332  597.51094  2.05%  86.8  155s
 27748  7552  605.73611   33  903  610.00332  597.98235  1.97%  87.3  161s
 27970  7616  608.79787   35  659  610.00332  598.05662  1.96%  87.5  166s
 29116  7752  603.07509   23  868  610.00332  598.42854  1.90%  87.9  171s
 30382  7834     cutoff   35       610.00332  598.71897  1.85%  88.4  177s
 31536  7886  605.73598   35  933  610.00332  599.09781  1.79%  89.0  182s
 32108  7931  607.56843   45  930  610.00332  599.23824  1.76%  89.3  185s
 33326  7997 infeasible   30       610.00332  599.62002  1.70%  89.7  191s
 34584  8081  603.14682   37  895  610.00332  599.93984  1.65%  90.1  197s
 35489  8123     cutoff   36       610.00332  600.12380  1.62%  90.4  200s
 35848  8122  604.81176   33  952  610.00332  600.23324  1.60%  90.4  206s
 36500  8150     cutoff   42       610.00332  600.33100  1.59%  90.6  214s
 37596  8170     cutoff   29       610.00332  600.62999  1.54%  90.8  217s
 38225  8148  609.68156   36  918  610.00332  600.78563  1.51%  91.0  220s
 39730  8141     cutoff   30       610.00332  601.10426  1.46%  91.3  228s
 40403  8144  605.25999   38  944  610.00332  601.26119  1.43%  91.4  232s
 41180  8109     cutoff   40       610.00332  601.41247  1.41%  91.7  236s
 41941  8109  608.45904   27  755  610.00332  601.57773  1.38%  91.8  240s
 43084  8068     cutoff   33       610.00332  601.71347  1.36%  91.9  245s
 44406  7901  609.41947   27  892  610.00332  602.04093  1.31%  92.2  253s
 45183  7855     cutoff   37       610.00332  602.25072  1.27%  92.4  257s
 45965  7764  604.59757   31  901  610.00332  602.38738  1.25%  92.5  262s
 46754  7662  609.12693   38  937  610.00332  602.54902  1.22%  92.7  266s
 47513  7611  608.40925   38  806  610.00332  602.70051  1.20%  92.9  271s
 47942  7556  607.69730   31  864  610.00332  602.81116  1.18%  93.1  275s
 48762  7433     cutoff   44       610.00332  602.95863  1.15%  93.1  280s
 49543  7328  608.53851   35  935  610.00332  603.12697  1.13%  93.3  285s
 51096  7107  604.85113   28  696  610.00332  603.40308  1.08%  93.5  293s
 51895  6946     cutoff   26       610.00332  603.56626  1.06%  93.6  298s
 52596  6770  609.39804   26  915  610.00332  603.73450  1.03%  93.9  302s
 53339  6593  606.56915   33  926  610.00332  603.90979  1.00%  94.0  307s
 54130  6396  606.89284   26  911  610.00332  604.06861  0.97%  94.2  312s
 54924  6204  608.60344   36  929  610.00332  604.25793  0.94%  94.3  316s
 55722  5989     cutoff   28       610.00332  604.45672  0.91%  94.3  321s
 56482  5726     cutoff   41       610.00332  604.60750  0.88%  94.5  326s
 57291  5468  607.55240   32  738  610.00332  604.85830  0.84%  94.5  330s
 58032  5186     cutoff   37       610.00332  605.06885  0.81%  94.7  335s
 58840  4835 infeasible   40       610.00332  605.27606  0.77%  94.7  340s
 59670  4475  606.67260   38  931  610.00332  605.53348  0.73%  94.8  345s
 60519  4064  607.12377   33  924  610.00332  605.72893  0.70%  94.7  350s
 61404  3556     cutoff   39       610.00332  606.03952  0.65%  94.7  355s
 62862  3010     cutoff   38       610.00332  606.44523  0.58%  94.6  360s
 64156  1653  609.13503   42  535  610.00332  607.29093  0.44%  94.2  368s
 65062   867  608.71683   41  745  610.00332  607.96223  0.33%  93.7  371s

Cutting planes:
  Gomory: 4
  Clique: 3
  MIR: 5
  Flow cover: 4
  GUB cover: 1
  Zero half: 10
  RLT: 4
  Relax-and-lift: 1
  Lazy constraints: 4173

Explored 66845 nodes (6156804 simplex iterations) in 374.23 seconds (623.97 work units)
Thread count was 8 (of 16 available processors)

Solution count 10: 610.003 612.247 612.813 ... 867.418

Optimal solution found (tolerance 1.00e-04)
Best objective 6.100033247402e+02, best bound 6.099959036297e+02, gap 0.0012%

User-callback calls 139681, time in user-callback 41.44 sec
### START EXACT APPROACH ###
ProblemVariant: 3
### START PREPROCESSING ###
## Start infeasible path procedure ## 
Deleted arcs: 4
Infeasible tail paths: 0
Infeasible 2-node combinations: 2
## Start extended infeasible path procedure ##
Deleted arcs: 4
Infeasible tail paths: 0
Infeasible 2-node combinations: 2
## Start start solution procedure ##
Start solution with 9 Vehicles and total costs 867.418 in 3.78635 s.
### END PREPROCESSING ###
Route 0 0-1-22-28-0 : weight util 0.867647 | volume util 0.345289 | feasible with packing heuristic | feasible with CP model
Route 1 0-3-18-25-9-0 : weight util 0.985294 | volume util 0.480800 | feasible with packing heuristic | feasible with CP model
Route 2 0-5-20-15-27-0 : weight util 1.000000 | volume util 0.479467 | feasible with packing heuristic | feasible with CP model
Route 3 0-6-2-30-0 : weight util 0.985294 | volume util 0.390467 | feasible with packing heuristic | feasible with CP model
Route 4 0-7-13-29-21-0 : weight util 1.000000 | volume util 0.615133 | infeasible with packing heuristic | feasible with CP model
Route 5 0-10-11-0 : weight util 0.926471 | volume util 0.183111 | feasible with packing heuristic | feasible with CP model
Route 6 0-14-19-8-0 : weight util 0.911765 | volume util 0.405933 | feasible with packing heuristic | feasible with CP model
Route 7 0-16-23-24-12-0 : weight util 1.000000 | volume util 0.672444 | infeasible with packing heuristic | feasible with CP model
Route 8 0-17-26-4-0 : weight util 1.000000 | volume util 0.395067 | feasible with packing heuristic | feasible with CP model
