
Gurobi 12.0.1 (win64, C++) logging started Wed Apr 23 10:23:29 2025

Set parameter Username
Set parameter LicenseID to value 2618655
Academic license - for non-commercial use only - expires 2026-02-05
Set parameter Threads to value 8
Set parameter LazyConstraints to value 1
Set parameter PreCrush to value 1
Set parameter Seed to value 0
Set parameter Cuts to value -1
Set parameter TimeLimit to value 28800
Set parameter NumericFocus to value 0
Set parameter SolutionLimit to value 10000
Gurobi Optimizer version 12.0.1 build v12.0.1rc0 (win64 - Windows Server 2022.0 (20348.2))

CPU model: AMD EPYC 7513 32-Core Processor, instruction set [SSE2|AVX|AVX2]
Thread count: 18 physical cores, 18 logical processors, using up to 8 threads

Non-default parameters:
SolutionLimit  10000
TimeLimit  28800
PreCrush  1
Threads  8
LazyConstraints  1

Optimize a model with 502 rows, 961 columns and 2800 nonzeros
Model fingerprint: 0x26a493b5
Variable types: 0 continuous, 961 integer (961 binary)
Coefficient statistics:
  Matrix range     [1e+00, 1e+00]
  Objective range  [6e+00, 7e+01]
  Bounds range     [1e+00, 1e+00]
  RHS range        [1e+00, 9e+00]
Presolve removed 7 rows and 35 columns
Presolve time: 0.01s
Presolved: 495 rows, 926 columns, 2699 nonzeros
Variable types: 0 continuous, 926 integer (926 binary)

Root relaxation: objective 4.363833e+02, 106 iterations, 0.00 seconds (0.00 work units)

    Nodes    |    Current Node    |     Objective Bounds      |     Work
 Expl Unexpl |  Obj  Depth IntInf | Incumbent    BestBd   Gap | It/Node Time

     0     0  436.38334    0    -          -  436.38334      -     -    0s
     0     0  473.62196    0    -          -  473.62196      -     -    0s
     0     0  484.19292    0    -          -  484.19292      -     -    0s
     0     0  494.10964    0    -          -  494.10964      -     -    0s
     0     0  501.42444    0    -          -  501.42444      -     -    0s
     0     0  504.44148    0   26          -  504.44148      -     -    0s
     0     0  505.25387    0   30          -  505.25387      -     -    0s
     0     0  522.92722    0   38          -  522.92722      -     -    0s
     0     0  523.97400    0   40          -  523.97400      -     -    0s
     0     0  532.64024    0   60          -  532.64024      -     -    0s
     0     0  538.13089    0   50          -  538.13089      -     -    0s
     0     0  541.46306    0   36          -  541.46306      -     -    0s
     0     2  541.46306    0   36          -  541.46306      -     -    0s
    39    48  582.19766    7   97          -  564.70344      -   184    5s
    70    79  593.05749    9   99          -  564.70344      -   173   10s
   104   114  585.58026   10   99          -  564.70344      -   161   15s
   134   147  586.92900   15  102          -  564.70344      -   143   20s
   175   177  606.48003   20   82          -  564.70344      -   133   25s
   295   321  590.76269   30  106          -  564.70344      -   101   30s
  1713  1806  591.89730    7   84          -  564.70344      -  33.0   35s
  2377  2313  657.77730   76   36          -  567.72685      -  32.5   52s
  2380  2315  619.61813   79  856          -  579.59513      -  32.4   56s
  2385  2318  659.41767   73  860          -  581.15672      -  32.4   60s
  2390  2325  581.36494   14  876          -  581.36494      -  33.9   65s
  3063  2800  607.84252   56  693          -  582.19832      -  54.7   70s
  3453  2952  625.57607   77  564          -  582.83677      -  56.9   75s
  4310  3402  599.73908   28  733          -  582.90070      -  63.1   84s
  4368  3444  597.82753   27  651          -  582.90070      -  63.2   85s
  5249  3924  612.99216   39  757          -  586.02009      -  67.0   90s
  6352  4434  607.13233   39  716          -  586.60914      -  69.3   95s
  7302  4844  621.67505   38  717          -  587.57421      -  72.4  100s
* 7573  3124              41     616.5725543  587.57421  4.70%  73.0  101s
  8732  3380  604.74131   33  804  616.57255  588.53407  4.55%  74.5  105s
H 9342  3418                     614.9440416  589.09971  4.20%  75.9  107s
  9655  3501     cutoff   38       614.94404  589.30311  4.17%  76.2  110s
 10717  4242  600.72095   30  748  614.94404  589.85397  4.08%  77.7  115s
 12527  5171     cutoff   49       614.94404  591.09266  3.88%  77.8  120s
 14400  6047  603.87584   30  809  614.94404  591.96128  3.74%  78.6  125s
 16552  7083  598.65877   35  758  614.94404  592.65141  3.63%  79.6  131s
H17920  7533                     614.5899049  593.01338  3.51%  80.0  134s
 18260  7888  603.06663   23  830  614.58990  593.12473  3.49%  80.1  136s
 19616  8458  605.36825   31  854  614.58990  593.48491  3.43%  80.4  140s
 21944  9375     cutoff   44       614.58990  593.95657  3.36%  80.3  146s
 23005  9788  599.92135   31  763  614.58990  594.18263  3.32%  80.6  151s
 24021 10221     cutoff   36       614.58990  594.37022  3.29%  81.3  156s
 25105 10757  610.39920   27  787  614.58990  594.65820  3.24%  81.7  160s
 26637 11332     cutoff   26       614.58990  594.95669  3.19%  82.2  165s
 28169 11772  606.63584   28  817  614.58990  595.27266  3.14%  82.3  170s
 29256 12187  612.21563   34  770  614.58990  595.44361  3.12%  82.5  175s
 30665 12793  604.53095   28  641  614.58990  595.68511  3.08%  82.7  180s
 31449 12840  609.36824   40  753  614.58990  595.77887  3.06%  82.6  186s
 31950 13138  601.13455   30  815  614.58990  595.82227  3.05%  82.7  191s
 33243 13690     cutoff   29       614.58990  596.11535  3.01%  82.9  197s
 33950 13875  613.96563   27  785  614.58990  596.18881  2.99%  82.9  200s
 35000 14282  603.11714   25  801  614.58990  596.36888  2.96%  83.2  205s
 36270 14650  605.59353   35  748  614.58990  596.49952  2.94%  83.4  211s
 37531 15104  611.46270   34  834  614.58990  596.72606  2.91%  83.7  216s
 38905 15558     cutoff   43       614.58990  596.91847  2.88%  83.7  222s
 39469 15820  608.31861   30  788  614.58990  596.97937  2.87%  83.9  225s
 40916 16264  609.76956   27  744  614.58990  597.19721  2.83%  84.0  231s
 41915 16664  605.42284   37  763  614.58990  597.28296  2.82%  84.2  237s
 42606 16872  613.62045   31  817  614.58990  597.39251  2.80%  84.3  240s
 43822 17266     cutoff   37       614.58990  597.52354  2.78%  84.6  246s
 44992 17585     cutoff   35       614.58990  597.62717  2.76%  84.9  252s
 45481 17790  612.30545   36  738  614.58990  597.67742  2.75%  85.0  255s
 46731 18065  605.27543   33  786  614.58990  597.81431  2.73%  85.2  261s
 47798 18352  605.67922   33  738  614.58990  597.93890  2.71%  85.5  267s
 48300 18534  611.48767   38  638  614.58990  597.98324  2.70%  85.7  270s
 49289 18780  613.63052   43  648  614.58990  598.04897  2.69%  86.1  277s
 49829 18978     cutoff   44       614.58990  598.11515  2.68%  86.2  281s
*50315 17921              29     612.2470296  598.13104  2.31%  86.2  281s
 50518 17917     cutoff   29       612.24703  598.18337  2.30%  86.2  285s
 50608 17961     cutoff   25       612.24703  598.18337  2.30%  86.3  293s
 50703 17992  608.35651   36  799  612.24703  598.20281  2.29%  86.3  297s
H50898 15873                     610.2341338  598.20281  1.97%  86.3  297s
 50899 15903  608.58888   37  801  610.23413  598.20281  1.97%  86.3  300s
 52001 16040     cutoff   39       610.23413  598.34263  1.95%  86.7  307s
 52514 16105  603.90593   32  801  610.23413  598.42792  1.93%  86.9  311s
 53654 16237  607.74032   31  777  610.23413  598.57605  1.91%  87.1  318s
 54212 16311  603.92618   33  828  610.23413  598.64119  1.90%  87.3  321s
 54792 16362     cutoff   28       610.23413  598.71268  1.89%  87.4  325s
 55917 16434  606.31359   33  830  610.23413  598.86800  1.86%  87.7  333s
 56473 16477  608.45475   32  790  610.23413  598.91412  1.86%  87.8  336s
 57030 16511  603.46176   29  823  610.23413  599.00504  1.84%  87.9  340s
 58218 16583     cutoff   28       610.23413  599.13765  1.82%  88.2  347s
 58786 16605     cutoff   32       610.23413  599.21723  1.81%  88.3  351s
 59330 16640  603.85419   27  825  610.23413  599.27564  1.80%  88.5  355s
 60464 16733  603.55390   37  614  610.23413  599.38852  1.78%  88.8  362s
 61046 16784  604.95307   36  755  610.23413  599.45398  1.77%  88.9  366s
 61618 16828  604.92116   27  811  610.23413  599.52110  1.76%  89.0  370s
 62758 16910  607.36663   33  806  610.23413  599.67193  1.73%  89.1  378s
 63274 16938  608.30007   36  800  610.23413  599.74185  1.72%  89.2  382s
 63819 16979  607.83915   30  800  610.23413  599.80407  1.71%  89.4  386s
 64344 17021  603.21692   31  763  610.23413  599.85449  1.70%  89.5  390s
 65404 17064  606.23444   29  833  610.23413  599.97975  1.68%  89.7  398s
 65925 17105  608.21217   29  802  610.23413  600.03985  1.67%  89.9  402s
 66463 17100     cutoff   35       610.23413  600.07921  1.66%  89.9  406s
 66992 17121  608.65294   26  681  610.23413  600.14572  1.65%  90.1  410s
 68064 17175     cutoff   31       610.23413  600.26737  1.63%  90.3  418s
 68568 17183  608.48296   35  660  610.23413  600.31371  1.63%  90.4  422s
 69077 17195  609.93767   41  793  610.23413  600.37850  1.62%  90.6  426s
 69559 17201  608.24668   25  691  610.23413  600.43033  1.61%  90.7  430s
 70598 17214  606.13744   35  774  610.23413  600.52550  1.59%  90.9  438s
 71104 17225     cutoff   29       610.23413  600.57333  1.58%  91.1  443s
 71642 17217  609.05376   38  733  610.23413  600.63666  1.57%  91.2  447s
 72167 17214  602.56758   30  718  610.23413  600.68762  1.56%  91.3  453s
 72997 17242     cutoff   28       610.23413  600.77311  1.55%  91.4  460s
 74300 17214  607.47856   35  734  610.23413  600.91262  1.53%  91.7  471s
 75046 17197  605.20412   31  761  610.23413  600.99842  1.51%  91.9  477s
 75855 17222     cutoff   33       610.23413  601.11767  1.49%  92.1  484s
 76657 17216     cutoff   31       610.23413  601.19582  1.48%  92.2  488s
 77203 17211     cutoff   34       610.23413  601.24485  1.47%  92.3  495s
 78001 17171  608.15356   25  568  610.23413  601.32878  1.46%  92.5  502s
 78830 17133  608.71814   26  766  610.23413  601.41244  1.45%  92.6  508s
 79609 17097  608.42686   31  812  610.23413  601.49109  1.43%  92.8  515s
 80402 17072  605.54621   35  806  610.23413  601.57738  1.42%  93.0  522s
 81209 17043  607.76544   37  713  610.23413  601.65678  1.41%  93.1  529s
 82040 17003  608.70523   38  695  610.23413  601.71923  1.40%  93.2  536s
 82845 16936     cutoff   33       610.23413  601.80185  1.38%  93.3  543s
 83606 16914  606.77090   30  814  610.23413  601.88336  1.37%  93.5  550s
 84393 16840  605.65297   34  792  610.23413  601.97783  1.35%  93.7  558s
 85228 16766  610.23168   36  800  610.23413  602.07159  1.34%  93.8  565s
 85993 16704  608.93218   27  771  610.23413  602.15997  1.32%  94.0  572s
 86786 16625  607.92973   30  770  610.23413  602.22723  1.31%  94.1  579s
 87598 16600  607.29877   30  822  610.23413  602.32396  1.30%  94.3  586s
 88404 16544     cutoff   33       610.23413  602.37071  1.29%  94.4  593s
 89211 16467     cutoff   39       610.23413  602.45627  1.27%  94.4  600s
 89989 16375 infeasible   37       610.23413  602.52838  1.26%  94.6  608s
 90774 16321  610.14260   33  717  610.23413  602.63776  1.24%  94.7  615s
 91584 16236     cutoff   33       610.23413  602.70328  1.23%  94.8  622s
 92349 16169  605.43219   20  849  610.23413  602.76617  1.22%  94.9  630s
 93111 16110  606.51191   29  754  610.23413  602.84400  1.21%  95.0  637s
 93864 16044     cutoff   36       610.23413  602.92818  1.20%  95.1  645s
 94636 15918     cutoff   37       610.23413  602.97887  1.19%  95.2  653s
 95377 15800  605.69795   30  796  610.23413  603.05818  1.18%  95.4  660s
 96096 15682  609.56253   37  820  610.23413  603.14553  1.16%  95.5  668s
 96867 15553     cutoff   30       610.23413  603.22374  1.15%  95.7  675s
 97630 15417     cutoff   36       610.23413  603.29964  1.14%  95.8  684s
 98331 15306     cutoff   37       610.23413  603.36543  1.13%  95.9  691s
 99080 15204     cutoff   36       610.23413  603.44229  1.11%  96.0  699s
 99886 15057     cutoff   32       610.23413  603.53327  1.10%  96.1  707s
 100607 14921  609.10396   28  756  610.23413  603.60720  1.09%  96.3  715s
 101380 14765  607.48672   31  753  610.23413  603.68661  1.07%  96.4  724s
 102112 14638  609.45463   30  804  610.23413  603.77329  1.06%  96.5  732s
 102886 14468     cutoff   36       610.23413  603.83667  1.05%  96.6  740s
 103685 14327     cutoff   31       610.23413  603.92834  1.03%  96.7  749s
 104408 14163     cutoff   28       610.23413  604.00566  1.02%  96.8  757s
 105215 13988     cutoff   27       610.23413  604.09177  1.01%  96.9  766s
 106001 13831     cutoff   30       610.23413  604.17751  0.99%  97.0  775s
 106757 13647  607.76416   37  781  610.23413  604.25807  0.98%  97.1  783s
 107544 13447  609.63908   34  710  610.23413  604.33939  0.97%  97.1  792s
 108319 13253     cutoff   29       610.23413  604.42119  0.95%  97.2  800s
 109130 13066     cutoff   38       610.23413  604.50320  0.94%  97.3  809s
 109906 13055     cutoff   41       610.23413  604.58261  0.93%  97.4  819s
 109964 12862  608.23951   33  770  610.23413  604.58659  0.93%  97.4  827s
 110550 12607     cutoff   34       610.23413  604.62419  0.92%  97.5  836s
 111367 12366     cutoff   27       610.23413  604.76300  0.90%  97.5  845s
 112176 12108     cutoff   30       610.23413  604.84892  0.88%  97.6  855s
 112979 11859     cutoff   32       610.23413  604.96154  0.86%  97.7  864s
 113819 11595  608.14370   30  809  610.23413  605.05848  0.85%  97.7  873s
 114687 11312  608.71784   41  689  610.23413  605.16896  0.83%  97.8  882s
 115494 11009     cutoff   29       610.23413  605.27390  0.81%  97.9  891s
 116338 10782  609.64337   31  753  610.23413  605.37497  0.80%  97.9  901s
 117023 10457     cutoff   22       610.23413  605.49240  0.78%  97.9  911s
 117865 10098     cutoff   26       610.23413  605.60764  0.76%  98.0  920s
 118695  9725     cutoff   39       610.23413  605.71194  0.74%  98.1  930s
 119588  9327     cutoff   27       610.23413  605.85815  0.72%  98.1  939s
 119924  9327  607.94162   36  787  610.23413  605.86291  0.72%  98.1  940s
 120467  8906     cutoff   29       610.23413  606.01337  0.69%  98.1  949s
 121314  8455     cutoff   40       610.23413  606.14205  0.67%  98.1  959s
 122195  7961     cutoff   41       610.23413  606.32060  0.64%  98.1  968s
 123100  7413  608.39851   35  694  610.23413  606.48321  0.61%  98.1  978s
 124005  6819     cutoff   33       610.23413  606.65914  0.59%  98.1  987s
 124877  6182     cutoff   35       610.23413  606.88447  0.55%  98.1  996s
 125844  5427  609.50680   32  772  610.23413  607.12463  0.51%  98.0 1006s
 126855  4565     cutoff   30       610.23413  607.36905  0.47%  97.9 1014s
 127923  3619     cutoff   29       610.23413  607.78104  0.40%  97.7 1022s
 128988  2579     cutoff   44       610.23413  608.19600  0.33%  97.4 1030s
 130116  1436     cutoff   38       610.23413  608.70743  0.25%  97.0 1036s
 131291   179 infeasible   34       610.23413  609.33851  0.15%  96.4 1040s

Cutting planes:
  Gomory: 4
  Clique: 5
  MIR: 8
  StrongCG: 1
  Flow cover: 11
  GUB cover: 3
  Zero half: 20
  RLT: 1
  Relax-and-lift: 3
  Lazy constraints: 7920

Explored 132733 nodes (12684455 simplex iterations) in 1041.65 seconds (2100.73 work units)
Thread count was 8 (of 18 available processors)

Solution count 5: 610.234 612.247 614.59 ... 616.573

Optimal solution found (tolerance 1.00e-04)
Best objective 6.102341337694e+02, best bound 6.102341337694e+02, gap 0.0000%

User-callback calls 330578, time in user-callback 70.73 sec
### START EXACT APPROACH ###
ProblemVariant: 1
### START PREPROCESSING ###
## Start infeasible path procedure ## 
Deleted arcs: 4
Infeasible tail paths: 5
Infeasible 2-node combinations: 2
## Start extended infeasible path procedure ##
Deleted arcs: 4
Infeasible tail paths: 5
Infeasible 2-node combinations: 2
## Start start solution procedure ##
### END PREPROCESSING ###
Route 0 0-3-18-25-9-0 : weight util 0.985294 | volume util 0.480800 | feasible with packing heuristic | feasible with CP model
Route 1 0-4-8-7-0 : weight util 0.897059 | volume util 0.562333 | feasible with packing heuristic | feasible with CP model
Route 2 0-11-14-0 : weight util 1.000000 | volume util 0.180400 | feasible with packing heuristic | feasible with CP model
Route 3 0-16-24-17-0 : weight util 0.970588 | volume util 0.371844 | feasible with packing heuristic | feasible with CP model
Route 4 0-19-13-29-21-0 : weight util 1.000000 | volume util 0.656067 | infeasible with packing heuristic | feasible with CP model
Route 5 0-26-10-12-0 : weight util 0.882353 | volume util 0.316311 | feasible with packing heuristic | feasible with CP model
Route 6 0-27-15-20-5-0 : weight util 1.000000 | volume util 0.479467 | feasible with packing heuristic | feasible with CP model
Route 7 0-28-22-1-23-0 : weight util 0.955882 | volume util 0.530022 | feasible with packing heuristic | feasible with CP model
Route 8 0-30-2-6-0 : weight util 0.985294 | volume util 0.390467 | feasible with packing heuristic | feasible with CP model
