
Gurobi 12.0.1 (win64, C++) logging started Mon Mar 24 10:41:31 2025

Set parameter Username
Set parameter LicenseID to value 2618655
Academic license - for non-commercial use only - expires 2026-02-05
Set parameter Threads to value 8
Set parameter LazyConstraints to value 1
Set parameter PreCrush to value 1
Set parameter Seed to value 0
Set parameter Cuts to value -1
Set parameter TimeLimit to value 28800
Set parameter NumericFocus to value 0
Set parameter SolutionLimit to value 10000
Gurobi Optimizer version 12.0.1 build v12.0.1rc0 (win64 - Windows Server 2022.0 (20348.2))

CPU model: AMD EPYC 7513 32-Core Processor, instruction set [SSE2|AVX|AVX2]
Thread count: 18 physical cores, 18 logical processors, using up to 8 threads

Non-default parameters:
SolutionLimit  10000
TimeLimit  28800
PreCrush  1
Threads  8
LazyConstraints  1

Optimize a model with 263 rows, 484 columns and 1404 nonzeros
Model fingerprint: 0xbe97225e
Variable types: 0 continuous, 484 integer (484 binary)
Coefficient statistics:
  Matrix range     [1e+00, 1e+00]
  Objective range  [3e+00, 8e+01]
  Bounds range     [1e+00, 1e+00]
  RHS range        [1e+00, 6e+00]

User MIP start produced solution with objective 458.805 (0.00s)
Loaded user MIP start with objective 458.805

Presolve removed 9 rows and 25 columns
Presolve time: 0.00s
Presolved: 254 rows, 459 columns, 1350 nonzeros
Variable types: 0 continuous, 459 integer (459 binary)

Root relaxation: objective 3.091569e+02, 78 iterations, 0.00 seconds (0.00 work units)

    Nodes    |    Current Node    |     Objective Bounds      |     Work
 Expl Unexpl |  Obj  Depth IntInf | Incumbent    BestBd   Gap | It/Node Time

     0     0  309.15693    0   20  458.80483  309.15693  32.6%     -    0s
     0     0  314.78364    0   32  458.80483  314.78364  31.4%     -    0s
     0     0  319.15945    0    -  458.80483  319.15945  30.4%     -    0s
     0     0  319.49077    0    -  458.80483  319.49077  30.4%     -    0s
     0     0  334.42586    0    -  458.80483  334.42586  27.1%     -    0s
     0     0  343.61596    0   24  458.80483  343.61596  25.1%     -    0s
     0     0  344.33250    0    -  458.80483  344.33250  25.0%     -    0s
     0     0  345.93904    0   13  458.80483  345.93904  24.6%     -    0s
     0     0  356.15413    0    -  458.80483  356.15413  22.4%     -    0s
     0     0  357.27665    0    -  458.80483  357.27665  22.1%     -    0s
     0     0  357.70891    0    -  458.80483  357.70891  22.0%     -    0s
     0     0  358.51405    0   21  458.80483  358.51405  21.9%     -    0s
     0     0  364.75196    0   18  458.80483  364.75196  20.5%     -    0s
     0     0  365.46486    0   23  458.80483  365.46486  20.3%     -    0s
     0     0  365.46486    0   21  458.80483  365.46486  20.3%     -    0s
     0     0  368.44237    0   20  458.80483  368.44237  19.7%     -    1s
     0     2  374.02024    0   35  458.80483  374.02024  18.5%     -    3s
    91    99  379.41931   13   25  458.80483  376.24201  18.0%  11.3    6s
H  359   299                     444.1126756  376.72939  15.2%   8.9   12s
   660   561     cutoff   31       444.11268  378.55479  14.8%   8.5   16s
H  836   681                     441.8688587  378.55479  14.3%   8.6   19s
   940   778  412.98658   13   27  441.86886  379.71757  14.1%   9.3   22s
  1355  1043  406.24824   22   38  441.86886  380.43134  13.9%   9.1   25s
H 1473  1007                     436.1436076  380.44760  12.8%   9.1   35s
  1969  1370  388.99377   25   20  436.14361  381.37156  12.6%   8.8   40s
  1980  1377  389.93022   10   72  436.14361  381.37156  12.6%   8.7   45s
  2250  1539  416.40002   31   25  436.14361  381.37156  12.6%  10.2   50s
H 2263  1535                     427.5637664  381.37156  10.8%  10.2   51s
  2741  1749  384.34245   24   55  427.56377  381.97347  10.7%  11.0   55s
  3364  2025  422.10389   47   30  427.56377  384.06836  10.2%  10.9   60s
  4079  2278     cutoff   45       427.56377  385.33199  9.88%  10.9   65s
  4879  2597  406.28361   37   20  427.56377  385.63594  9.81%  10.8   70s
  5968  3087  424.53476   35   30  427.56377  386.93376  9.50%  10.6   76s
  6466  3373  404.80501   65   18  427.56377  387.39497  9.39%  10.6   80s
  8120  4502  409.20630   29   38  427.56377  388.39389  9.16%  10.6   85s
  9049  5209     cutoff   40       427.56377  388.79770  9.07%  10.5   91s
  9710  5555  398.98943   30   19  427.56377  388.90831  9.04%  10.5   95s
 11532  6963  399.11171   31   44  427.56377  389.54993  8.89%  10.4  104s
 12025  7030  401.11914   32   44  427.56377  389.64760  8.87%  10.4  105s
 13407  8213 infeasible   50       427.56377  390.08235  8.77%  10.4  112s
 14356  8799  407.86638   42   18  427.56377  390.49383  8.67%  10.4  115s
 15388  9486  413.89821   36   38  427.56377  390.87157  8.58%  10.5  120s
 17190 10735  401.33736   30   42  427.56377  391.56618  8.42%  10.4  127s
 17890 11123     cutoff   59       427.56377  391.67838  8.39%  10.4  130s
 19715 12196     cutoff   41       427.56377  392.25209  8.26%  10.5  136s
 21070 13097  419.37332   53   46  427.56377  392.73876  8.14%  10.5  141s
 22501 13850  415.71097   48   20  427.56377  393.09497  8.06%  10.6  146s
 24021 14729  405.46329   28   22  427.56377  393.41647  7.99%  10.6  150s
 26241 15990  404.32738   30   41  427.56377  393.83434  7.89%  10.6  159s
 26688 16006     cutoff   43       427.56377  393.98814  7.85%  10.6  160s
 27584 16850  399.96953   26   45  427.56377  394.23791  7.79%  10.6  167s
 29090 17587  419.93274   42   33  427.56377  394.53808  7.72%  10.7  171s
 29826 17840  422.95860   46   21  427.56377  394.61506  7.71%  10.7  176s
 31599 18817  425.74920   45   28  427.56377  395.08376  7.60%  10.8  181s
 32299 19091     cutoff   65       427.56377  395.19257  7.57%  10.8  185s
 33840 19915  422.71551   41    6  427.56377  395.48467  7.50%  10.8  192s
 35306 20687  398.10891   22   42  427.56377  395.68766  7.46%  10.8  200s
 37234 21786  425.46820   32   36  427.56377  395.98296  7.39%  10.9  205s
 38557 22069  424.86459   41   20  427.56377  396.17367  7.34%  10.9  211s
 39286 22762  412.88381   43   46  427.56377  396.23893  7.33%  10.9  216s
 40374 23202  425.02212   60   40  427.56377  396.34177  7.30%  10.9  222s
 40936 23545  400.52078   32   44  427.56377  396.43965  7.28%  10.9  225s
 42260 24229  426.66278   37   10  427.56377  396.61166  7.24%  10.9  230s
 42988 24458  417.81197   32   40  427.56377  396.69107  7.22%  10.9  235s
 44049 24899     cutoff   47       427.56377  396.76288  7.20%  10.9  240s
 45934 25745     cutoff   42       427.56377  397.04156  7.14%  11.0  245s
 48240 26818  409.43335   41   25  427.56377  397.32665  7.07%  11.0  251s
 49495 27276  425.03611   36   34  427.56377  397.50257  7.03%  11.1  255s
 50693 27864  408.81400   36   41  427.56377  397.68505  6.99%  11.1  261s
 52397 28588  409.90707   31   47  427.56377  397.87822  6.94%  11.1  265s
 54064 29345  425.68370   40   40  427.56377  398.06267  6.90%  11.2  272s
 55935 30160     cutoff   43       427.56377  398.40314  6.82%  11.2  276s
 58329 31242     cutoff   34       427.56377  398.63045  6.77%  11.2  280s
 60248 32034  425.32323   42   35  427.56377  398.83862  6.72%  11.3  286s
 61944 32662  409.14412   36   49  427.56377  398.96827  6.69%  11.3  291s
 63576 33342  425.07593   36   25  427.56377  399.11617  6.65%  11.3  297s
 65329 34121  415.68416   34   34  427.56377  399.31846  6.61%  11.4  302s
 66499 34580  413.24706   36   34  427.56377  399.41706  6.58%  11.4  305s
 68166 35174  411.42744   37   38  427.56377  399.59741  6.54%  11.4  311s
 70216 36044  420.97757   51   24  427.56377  399.77225  6.50%  11.5  318s
 70813 36236  411.29579   38   32  427.56377  399.82621  6.49%  11.5  320s
 72418 36925     cutoff   42       427.56377  399.96078  6.46%  11.6  325s
 74188 37631     cutoff   33       427.56377  400.12259  6.42%  11.6  331s
 75701 38129  426.44949   38   32  427.56377  400.26270  6.39%  11.7  335s
 77294 38685     cutoff   40       427.56377  400.40918  6.35%  11.7  340s
 80039 39627  422.51193   50    6  427.56377  400.65449  6.29%  11.8  345s
 81650 40285  404.69747   29   35  427.56377  400.78587  6.26%  11.8  350s
 83379 40889  426.39332   40   34  427.56377  400.92974  6.23%  11.9  355s
 85461 41714  423.14016   31   47  427.56377  401.11296  6.19%  11.9  361s
 86515 42032  426.07167   39   41  427.56377  401.19019  6.17%  11.9  366s
 88802 42865  408.45310   31   19  427.56377  401.35166  6.13%  12.0  372s
 90499 43508  411.33394   33   37  427.56377  401.47756  6.10%  12.0  376s
 91637 43913  417.55214   45   16  427.56377  401.55973  6.08%  12.0  380s
 93299 44477     cutoff   42       427.56377  401.66814  6.06%  12.1  386s
 94920 45007  424.53040   37   25  427.56377  401.80205  6.03%  12.1  390s
 97103 45806  415.06050   38   34  427.56377  401.96011  5.99%  12.2  396s
 98665 46230  416.35109   30   34  427.56377  402.05133  5.97%  12.2  400s
 100692 46845     cutoff   60       427.56377  402.19481  5.93%  12.3  407s
 102276 47443  406.06781   34   46  427.56377  402.31805  5.90%  12.3  410s
 104483 48115  406.75065   38   43  427.56377  402.48454  5.87%  12.4  416s
 106121 48638     cutoff   42       427.56377  402.57784  5.84%  12.4  421s
 107151 48990  425.08199   51   18  427.56377  402.62800  5.83%  12.4  425s
 109234 49703  420.21271   41   43  427.56377  402.77371  5.80%  12.5  430s
 111100 50301  410.01471   33   38  427.56377  402.90899  5.77%  12.5  437s
 111947 50578     cutoff   37       427.56377  402.94462  5.76%  12.5  441s
 114154 51382  424.61652   39   33  427.56377  403.07774  5.73%  12.5  446s
 115335 51712  417.74622   34   36  427.56377  403.16146  5.71%  12.5  450s
 117620 52378     cutoff   40       427.56377  403.29944  5.68%  12.6  455s
 120344 53123  421.33797   34   58  427.56377  403.44284  5.64%  12.6  461s
 122609 53714     cutoff   38       427.56377  403.55172  5.62%  12.6  465s
 124943 54285  423.04322   48   22  427.56377  403.70607  5.58%  12.6  471s
 127237 54824  412.54808   31   49  427.56377  403.85563  5.54%  12.6  476s
 128418 55300     cutoff   41       427.56377  403.91416  5.53%  12.6  480s
 131105 56005     cutoff   41       427.56377  404.06057  5.50%  12.7  485s
 133737 56965  416.01922   33   39  427.56377  404.20908  5.46%  12.7  490s
 136668 57820  413.31439   34   37  427.56377  404.36834  5.43%  12.7  495s
 137861 58123  414.80808   36   17  427.56377  404.42440  5.41%  12.7  500s
 139608 58504     cutoff   47       427.56377  404.51636  5.39%  12.7  505s
 143288 59524  420.63295   36   12  427.56377  404.68919  5.35%  12.7  510s
 146207 60398  420.03658   31   47  427.56377  404.80968  5.32%  12.8  515s
 148063 60902  425.08288   45   23  427.56377  404.89847  5.30%  12.8  520s
 150446 61581     cutoff   40       427.56377  405.00279  5.28%  12.8  525s
 152877 62223     cutoff   37       427.56377  405.12131  5.25%  12.8  530s
 156328 63023  420.12283   46   30  427.56377  405.28785  5.21%  12.8  535s
 158059 63444  423.58860   52   36  427.56377  405.36986  5.19%  12.8  540s
 160479 64023     cutoff   38       427.56377  405.48326  5.16%  12.8  546s
 162186 64466  412.63322   38   32  427.56377  405.57084  5.14%  12.8  550s
 164411 64981  409.24557   29   35  427.56377  405.67569  5.12%  12.9  555s
 166710 65573  421.72847   34   40  427.56377  405.79040  5.09%  12.9  560s
 168938 66159  416.86418   34   26  427.56377  405.89291  5.07%  12.9  565s
 170693 66674  417.11064   47   21  427.56377  405.97332  5.05%  12.9  570s
 173027 67277  420.98905   39   42  427.56377  406.08519  5.02%  12.9  575s
 175939 68018  410.98915   31   39  427.56377  406.22061  4.99%  12.9  580s
 178693 68676  424.65028   41   34  427.56377  406.32791  4.97%  12.9  585s
 183012 69746  412.88291   37   19  427.56377  406.52719  4.92%  13.0  591s
 185397 70195  423.14211   44   22  427.56377  406.61574  4.90%  13.0  595s
 187397 70732 infeasible   72       427.56377  406.70882  4.88%  13.0  600s
 189689 71307  418.52495   33   25  427.56377  406.80485  4.86%  13.1  605s
 191992 71737  407.21715   25   42  427.56377  406.89719  4.83%  13.1  610s
 193974 72203  417.51353   40   34  427.56377  406.95663  4.82%  13.1  616s
 196598 72654     cutoff   35       427.56377  407.03994  4.80%  13.1  620s
 199996 73509     cutoff   46       427.56377  407.20091  4.76%  13.2  625s
 202280 73964     cutoff   37       427.56377  407.28242  4.74%  13.2  630s
 205415 74587  417.83569   42   42  427.56377  407.41424  4.71%  13.2  635s
 207684 75041     cutoff   39       427.56377  407.50103  4.69%  13.3  640s
 209889 75477     cutoff   37       427.56377  407.58630  4.67%  13.3  645s
 212903 76113  426.73591   46   30  427.56377  407.71523  4.64%  13.3  650s
 216186 76751  418.16232   51   26  427.56377  407.84059  4.61%  13.3  655s
 219208 77309  425.24140   40   34  427.56377  407.92893  4.59%  13.4  660s
 222439 77897  425.85915   30   21  427.56377  408.04618  4.56%  13.4  665s
 224766 78364  415.68409   40   48  427.56377  408.14276  4.54%  13.4  671s
 227093 78769  426.84326   37   44  427.56377  408.23237  4.52%  13.4  675s
 229589 79384  424.71227   36   54  427.56377  408.30797  4.50%  13.4  680s
 232214 79726  422.04560   41   49  427.56377  408.40806  4.48%  13.5  685s
 234412 80216  414.63225   34   20  427.56377  408.47408  4.46%  13.5  690s
 236850 80624  413.83671   40   41  427.56377  408.56522  4.44%  13.5  695s
 239420 81089  418.91348   35   40  427.56377  408.64921  4.42%  13.5  701s
 242202 81576     cutoff   35       427.56377  408.73713  4.40%  13.5  705s
 245529 82214  417.80302   42   39  427.56377  408.83790  4.38%  13.6  711s
 248885 82875  416.47712   42   49  427.56377  408.94664  4.35%  13.6  715s
 251854 83363  423.65338   50   27  427.56377  409.06297  4.33%  13.6  720s
 255351 83912  415.47218   42   30  427.56377  409.16660  4.30%  13.6  725s
 257691 84301  419.57143   37   43  427.56377  409.23736  4.29%  13.7  730s
 260537 84671     cutoff   34       427.56377  409.33503  4.26%  13.7  735s
 262717 85033  425.72389   42   38  427.56377  409.40233  4.25%  13.7  740s
 266248 85711  424.78089   54   20  427.56377  409.51876  4.22%  13.7  745s
 268542 86085  419.68247   33   12  427.56377  409.58702  4.20%  13.7  750s
 272205 86631  413.97603   31   46  427.56377  409.69803  4.18%  13.7  755s
 275095 87048     cutoff   49       427.56377  409.78371  4.16%  13.8  761s
 277817 87414  420.87831   33   43  427.56377  409.87209  4.14%  13.8  765s
 281365 87857     cutoff   38       427.56377  409.98141  4.11%  13.8  770s
 284180 88264     cutoff   46       427.56377  410.07072  4.09%  13.8  775s
 286489 88655     cutoff   50       427.56377  410.14063  4.07%  13.8  780s
 289531 89089     cutoff   50       427.56377  410.22238  4.06%  13.8  785s
 293040 89588  412.58765   32   45  427.56377  410.32600  4.03%  13.9  790s
 296419 90000  424.43436   36   30  427.56377  410.42938  4.01%  13.9  795s
 299953 90565  411.80123   36   25  427.56377  410.53245  3.98%  13.9  801s
 302355 90889  426.55183   28   36  427.56377  410.59717  3.97%  13.9  806s
 304832 91230     cutoff   41       427.56377  410.66071  3.95%  13.9  810s
 308167 91645  416.79840   40   49  427.56377  410.76172  3.93%  13.9  815s
 311585 92036  417.58086   45   42  427.56377  410.85530  3.91%  13.9  820s
 313879 92315     cutoff   42       427.56377  410.92762  3.89%  14.0  825s
 316683 92649  415.05412   41   26  427.56377  410.98649  3.88%  14.0  830s
 319574 92952  424.79172   31   12  427.56377  411.07394  3.86%  14.0  835s
 321837 93237  425.71223   40   34  427.56377  411.14621  3.84%  14.0  840s
 323532 93321     cutoff   44       427.56377  411.18594  3.83%  14.0  845s
 326464 93612     cutoff   39       427.56377  411.26616  3.81%  14.0  850s
 329706 93973  425.58933   51   34  427.56377  411.36503  3.79%  14.0  855s
 332741 94314  417.13943   34   39  427.56377  411.43659  3.77%  14.0  861s
 335644 94636  424.12209   48   35  427.56377  411.51295  3.75%  14.1  865s
 339019 94997  415.78309   38   33  427.56377  411.59009  3.74%  14.1  870s
 341575 95294  421.61183   28   39  427.56377  411.66807  3.72%  14.1  875s
 344472 95561     cutoff   50       427.56377  411.74749  3.70%  14.1  880s
 347023 95789     cutoff   37       427.56377  411.80583  3.69%  14.1  885s
 350234 96057  416.28925   32   10  427.56377  411.88262  3.67%  14.1  892s
 352123 96215  422.44794   34   32  427.56377  411.93282  3.66%  14.1  895s
 355956 96655  417.90703   35   29  427.56377  412.02388  3.63%  14.1  900s
 359126 96878     cutoff   49       427.56377  412.11033  3.61%  14.1  905s
 360972 96989  415.30857   42   20  427.56377  412.16236  3.60%  14.1  910s
 362828 97143  421.66812   44   45  427.56377  412.21090  3.59%  14.1  915s
 365361 97354  422.29956   37   40  427.56377  412.27227  3.58%  14.1  920s
 369027 97667  425.41893   37   37  427.56377  412.36427  3.55%  14.1  925s
 372391 97873  420.37425   37   26  427.56377  412.44707  3.54%  14.1  930s
 375340 98117  420.76751   32   40  427.56377  412.51178  3.52%  14.0  935s
 378885 98315     cutoff   40       427.56377  412.61366  3.50%  14.0  940s
 382405 98635  417.74829   37   41  427.56377  412.69186  3.48%  14.0  945s
 385631 98839  423.18286   42   35  427.56377  412.77306  3.46%  14.0  950s
 388802 99109     cutoff   56       427.56377  412.84019  3.44%  14.0  955s
 392682 99425  421.57859   45   22  427.56377  412.93641  3.42%  14.0  960s
 395259 99601     cutoff   35       427.56377  412.99795  3.41%  14.0  965s
 399203 99886  426.82796   39   32  427.56377  413.08092  3.39%  14.0  970s
 403150 100102     cutoff   39       427.56377  413.17196  3.37%  14.0  975s
 406278 100265  418.84366   41   31  427.56377  413.25128  3.35%  14.0  980s
 408821 100406  419.60358   31   36  427.56377  413.31645  3.33%  14.0  985s
 412678 100653     cutoff   30       427.56377  413.40394  3.31%  14.0  990s
 416630 100860     cutoff   41       427.56377  413.49498  3.29%  14.0  995s
 419950 101086  423.20233   39   42  427.56377  413.57776  3.27%  14.0 1001s
 423177 101289     cutoff   38       427.56377  413.64443  3.26%  14.0 1006s
 425137 101411  421.50610   40   42  427.56377  413.68541  3.25%  14.0 1010s
 428969 101692     cutoff   44       427.56377  413.76705  3.23%  14.0 1015s
 432267 101913  418.11410   40   49  427.56377  413.83173  3.21%  14.0 1020s
 436113 102043  413.99990   42    8  427.56377  413.91746  3.19%  14.0 1025s
 439855 102181     cutoff   43       427.56377  414.00121  3.17%  14.0 1030s
 443084 102217     cutoff   33       427.56377  414.07890  3.15%  14.0 1035s
 445956 102316  422.06111   35   44  427.56377  414.13501  3.14%  14.0 1040s
 449294 102446  426.29724   49   18  427.56377  414.20262  3.12%  14.0 1045s
 453792 102602  421.99414   44   33  427.56377  414.29918  3.10%  13.9 1050s
 457167 102793     cutoff   39       427.56377  414.36110  3.09%  13.9 1055s
 459966 102814     cutoff   31       427.56377  414.42793  3.07%  13.9 1060s
 463516 102880     cutoff   44       427.56377  414.50228  3.05%  13.9 1065s
 467105 102990     cutoff   30       427.56377  414.56610  3.04%  13.9 1070s
 470864 103050     cutoff   46       427.56377  414.64591  3.02%  13.9 1075s
 474008 103081  423.12689   35   32  427.56377  414.71404  3.01%  13.9 1080s
 476953 103109  427.13247   28   33  427.56377  414.77397  2.99%  13.9 1085s
 480310 103193     cutoff   45       427.56377  414.84132  2.98%  13.9 1090s
 482452 103239  426.21677   40   31  427.56377  414.88387  2.97%  13.9 1095s
 484745 103244  421.64742   37   45  427.56377  414.93597  2.95%  13.9 1100s
 488181 103267     cutoff   41       427.56377  415.00726  2.94%  13.9 1105s
 491626 103288  419.97813   42   29  427.56377  415.07576  2.92%  13.9 1110s
 495648 103312  425.42063   44    8  427.56377  415.16337  2.90%  13.9 1115s
 499574 103386  421.21355   53   36  427.56377  415.23984  2.88%  13.9 1121s
 502525 103376  423.11364   34   20  427.56377  415.29570  2.87%  13.9 1125s
 505666 103428  417.89250   37   26  427.56377  415.35626  2.86%  13.9 1130s
 508689 103426  419.75496   36   35  427.56377  415.40693  2.84%  13.9 1135s
 510770 103354  425.36185   42   34  427.56377  415.45493  2.83%  13.9 1140s
 513842 103301  426.08347   40   36  427.56377  415.52334  2.82%  13.9 1145s
 518443 103230     cutoff   35       427.56377  415.62134  2.79%  13.9 1150s
 522184 103173     cutoff   40       427.56377  415.69076  2.78%  13.9 1155s
 525479 103138  421.00609   42   18  427.56377  415.75995  2.76%  13.9 1160s
 528973 102977     cutoff   37       427.56377  415.82932  2.74%  13.9 1165s
 532532 102884     cutoff   38       427.56377  415.89786  2.73%  13.9 1170s
 536618 102853  425.89218   34   37  427.56377  415.97527  2.71%  13.9 1176s
 538913 102806  425.29426   35   26  427.56377  416.00949  2.70%  13.9 1180s
 543308 102695     cutoff   34       427.56377  416.09852  2.68%  13.9 1185s
 546845 102484  426.85085   36   25  427.56377  416.16913  2.67%  13.8 1190s
 550360 102380 infeasible   29       427.56377  416.23269  2.65%  13.8 1195s
 553878 102320  424.40239   35   45  427.56377  416.29776  2.63%  13.8 1200s
 557150 102138  427.31526   45   18  427.56377  416.36427  2.62%  13.8 1205s
 561465 101903  424.59455   43   28  427.56377  416.44876  2.60%  13.8 1210s
 564564 101803     cutoff   43       427.56377  416.50232  2.59%  13.8 1215s
 566900 101714  422.25427   32   23  427.56377  416.54917  2.58%  13.8 1220s
 571333 101412     cutoff   41       427.56377  416.63112  2.56%  13.8 1225s
 574744 101252  422.79143   33   39  427.56377  416.70039  2.54%  13.8 1230s
 578371 101010     cutoff   47       427.56377  416.76655  2.53%  13.8 1235s
 581771 100850     cutoff   59       427.56377  416.82839  2.51%  13.8 1240s
 584757 100711     cutoff   37       427.56377  416.87847  2.50%  13.8 1245s
 589452 100353  418.40496   39   25  427.56377  416.96824  2.48%  13.8 1251s
 592183 100170     cutoff   56       427.56377  417.02045  2.47%  13.8 1255s
 596591 99802     cutoff   40       427.56377  417.10626  2.45%  13.8 1260s
 599755 99499  424.88222   36   29  427.56377  417.17086  2.43%  13.8 1265s
 602342 99255  425.94917   43   41  427.56377  417.20919  2.42%  13.8 1270s
 605866 98910     cutoff   45       427.56377  417.29193  2.40%  13.8 1275s
 607618 98759     cutoff   43       427.56377  417.32527  2.39%  13.8 1280s
 611111 98449     cutoff   48       427.56377  417.39444  2.38%  13.8 1286s
 613691 98210  420.91489   37   35  427.56377  417.44596  2.37%  13.8 1290s
 617206 97920     cutoff   40       427.56377  417.51307  2.35%  13.9 1295s
 620808 97580 infeasible   38       427.56377  417.58212  2.33%  13.9 1300s
 624371 97207  426.45507   41   16  427.56377  417.63961  2.32%  13.9 1306s
 627052 96933 infeasible   38       427.56377  417.69666  2.31%  13.9 1311s
 628851 96813  426.38095   42   26  427.56377  417.73146  2.30%  13.9 1315s
 632620 96461     cutoff   39       427.56377  417.79717  2.28%  13.9 1321s
 636268 96106  425.79294   39   21  427.56377  417.86544  2.27%  13.9 1325s
 638853 95811     cutoff   39       427.56377  417.91434  2.26%  13.9 1330s
 642421 95480  425.48050   53   19  427.56377  417.97304  2.24%  13.9 1336s
 645105 95143  422.19648   40   27  427.56377  418.02034  2.23%  13.9 1340s
 648601 94610     cutoff   56       427.56377  418.08946  2.22%  13.9 1346s
 652193 94199  425.93157   47   25  427.56377  418.15540  2.20%  13.9 1351s
 654755 93908     cutoff   41       427.56377  418.20663  2.19%  13.9 1356s
 658348 93451     cutoff   42       427.56377  418.27086  2.17%  13.9 1361s
 660979 93108     cutoff   38       427.56377  418.31554  2.16%  13.9 1365s
 664565 92664  420.30014   34   20  427.56377  418.38315  2.15%  13.9 1370s
 668078 92082  426.35881   39   42  427.56377  418.44768  2.13%  14.0 1377s
 670112 91846  423.84412   40   39  427.56377  418.48252  2.12%  14.0 1380s
 673448 91350  421.33021   33   16  427.56377  418.55203  2.11%  14.0 1385s
 676148 91005     cutoff   36       427.56377  418.59642  2.10%  14.0 1391s
 678784 90657 infeasible   34       427.56377  418.64422  2.09%  14.0 1395s
 681625 90259     cutoff   31       427.56377  418.69216  2.07%  14.0 1400s
 685204 89600     cutoff   43       427.56377  418.76824  2.06%  14.0 1405s
 687863 89222     cutoff   39       427.56377  418.81322  2.05%  14.0 1410s
 690310 88799  427.17180   33   27  427.56377  418.85937  2.04%  14.0 1415s
 694136 88242  426.30962   39   34  427.56377  418.93706  2.02%  14.0 1421s
 696810 87793     cutoff   36       427.56377  418.98443  2.01%  14.0 1425s
 699599 87365  424.63678   41   29  427.56377  419.03814  1.99%  14.0 1430s
 703187 86675 infeasible   31       427.56377  419.10399  1.98%  14.0 1436s
 705892 86170     cutoff   37       427.56377  419.15536  1.97%  14.0 1440s
 709424 85535  424.54946   37   18  427.56377  419.22462  1.95%  14.0 1446s
 712145 85082     cutoff   34       427.56377  419.27585  1.94%  14.0 1450s
 715737 84342     cutoff   37       427.56377  419.34729  1.92%  14.0 1456s
 718386 83794     cutoff   40       427.56377  419.40074  1.91%  14.0 1460s
 721791 83072  422.18736   38   29  427.56377  419.46809  1.89%  14.0 1466s
 724445 82519     cutoff   43       427.56377  419.52031  1.88%  14.0 1470s
 728035 81681     cutoff   47       427.56377  419.58994  1.86%  14.0 1475s
 731610 80973     cutoff   37       427.56377  419.66921  1.85%  14.1 1480s
 734269 80381  424.91378   36   39  427.56377  419.72382  1.83%  14.1 1486s
 736939 79758     cutoff   43       427.56377  419.77453  1.82%  14.1 1490s
 739579 79136     cutoff   37       427.56377  419.83072  1.81%  14.1 1495s
 741520 78651  425.51228   38   44  427.56377  419.86540  1.80%  14.1 1500s
 745239 77744     cutoff   35       427.56377  419.94849  1.78%  14.1 1506s
 747109 77255     cutoff   36       427.56377  419.98699  1.77%  14.1 1510s
 749952 76605     cutoff   53       427.56377  420.04755  1.76%  14.1 1515s
 752663 75919 infeasible   51       427.56377  420.10316  1.74%  14.1 1520s
 756195 75007     cutoff   41       427.56377  420.18293  1.73%  14.1 1527s
 757980 74498     cutoff   43       427.56377  420.21271  1.72%  14.1 1530s
 760873 73817  426.47954   33   43  427.56377  420.27510  1.70%  14.1 1535s
 764484 72858  423.98135   29   16  427.56377  420.35523  1.69%  14.1 1540s
 767246 72173     cutoff   32       427.56377  420.40829  1.67%  14.1 1545s
 770817 71230     cutoff   44       427.56377  420.48077  1.66%  14.1 1551s
 773393 70524  423.47316   38   29  427.56377  420.53341  1.64%  14.1 1555s
 776135 69705     cutoff   41       427.56377  420.59265  1.63%  14.1 1560s
 779702 68898     cutoff   43       427.56377  420.67380  1.61%  14.1 1565s
 782550 67895  423.89980   38   41  427.56377  420.73492  1.60%  14.1 1571s
 785137 67280     cutoff   44       427.56377  420.79628  1.58%  14.1 1575s
 787246 66425     cutoff   32       427.56377  420.84716  1.57%  14.1 1580s
 790976 65326  424.27688   36   36  427.56377  420.92971  1.55%  14.1 1585s
 793661 64508     cutoff   41       427.56377  420.99383  1.54%  14.1 1590s
 797423 63326     cutoff   38       427.56377  421.07877  1.52%  14.1 1596s
 800039 62509  423.84587   36   22  427.56377  421.13892  1.50%  14.1 1601s
 802736 61574  427.19768   34   20  427.56377  421.20784  1.49%  14.1 1605s
 805324 60645     cutoff   41       427.56377  421.26881  1.47%  14.1 1610s
 808140 59785  421.90651   39   20  427.56377  421.33245  1.46%  14.1 1615s
 810946 58842  426.13951   39   24  427.56377  421.38996  1.44%  14.1 1620s
 814519 57615  426.81447   42   32  427.56377  421.48101  1.42%  14.1 1625s
 817177 56626     cutoff   37       427.56377  421.55098  1.41%  14.1 1630s
 820892 55289  425.62066   34   19  427.56377  421.65036  1.38%  14.1 1636s
 823467 54424  423.93429   49   12  427.56377  421.71823  1.37%  14.1 1641s
 825890 53355 infeasible   31       427.56377  421.77371  1.35%  14.2 1645s
 828654 52316     cutoff   45       427.56377  421.84830  1.34%  14.2 1650s
 830822 51655  426.78394   36   31  427.56377  421.89416  1.33%  14.2 1655s
 834108 50273  423.76227   39   27  427.56377  421.99179  1.30%  14.2 1660s
 837686 48915     cutoff   38       427.56377  422.08802  1.28%  14.2 1666s
 840373 47800 infeasible   40       427.56377  422.15966  1.26%  14.2 1670s
 843118 46671  423.68900   42   40  427.56377  422.23749  1.25%  14.2 1675s
 845971 45391  424.46363   50   29  427.56377  422.31821  1.23%  14.2 1680s
 848774 44142     cutoff   42       427.56377  422.40371  1.21%  14.2 1686s
 851538 42901  425.68865   44   28  427.56377  422.48904  1.19%  14.2 1691s
 853419 42109     cutoff   44       427.56377  422.55248  1.17%  14.2 1695s
 856141 40751  422.92480   38   32  427.56377  422.64058  1.15%  14.2 1700s
 858887 39381  425.37962   35   27  427.56377  422.72760  1.13%  14.2 1705s
 862360 38056  427.00596   34   27  427.56377  422.84297  1.10%  14.2 1710s
 865209 36255     cutoff   40       427.56377  422.96483  1.08%  14.2 1715s
 868377 34571     cutoff   36       427.56377  423.06940  1.05%  14.2 1720s
 871246 33108  423.39826   34   49  427.56377  423.19592  1.02%  14.2 1725s
 874947 31128     cutoff   48       427.56377  423.34675  0.99%  14.2 1731s
 877667 29564  427.53540   43   26  427.56377  423.46461  0.96%  14.1 1735s
 880372 28045     cutoff   49       427.56377  423.58194  0.93%  14.1 1740s
 884095 25960     cutoff   42       427.56377  423.76674  0.89%  14.1 1746s
 886806 24284     cutoff   38       427.56377  423.89947  0.86%  14.1 1750s
 890524 22045  425.34335   45   35  427.56377  424.09416  0.81%  14.1 1756s
 894257 19743     cutoff   32       427.56377  424.30927  0.76%  14.1 1761s
 897031 18006     cutoff   36       427.56377  424.48190  0.72%  14.1 1766s
 899761 16131     cutoff   45       427.56377  424.65729  0.68%  14.1 1771s
 902469 14251     cutoff   37       427.56377  424.87051  0.63%  14.1 1776s
 905225 12255     cutoff   37       427.56377  425.10834  0.57%  14.1 1780s
 908934  9405 infeasible   49       427.56377  425.49362  0.48%  14.1 1786s
 910048  8543     cutoff   40       427.56377  425.61249  0.46%  14.1 1790s
 912943  5997     cutoff   42       427.56377  426.01497  0.36%  14.1 1796s
 914957  4123 infeasible   33       427.56377  426.33221  0.29%  14.1 1801s
 917061  2118 infeasible   56       427.56377  426.76779  0.19%  14.0 1806s
 919205    20     cutoff   46       427.56377  427.28171  0.07%  14.0 1810s

Cutting planes:
  Gomory: 24
  Cover: 30
  Flow cover: 1
  Zero half: 40
  RLT: 3
  Relax-and-lift: 1
  Lazy constraints: 6843

Explored 920252 nodes (12896764 simplex iterations) in 1810.99 seconds (1011.48 work units)
Thread count was 8 (of 18 available processors)

Solution count 5: 427.564 436.144 441.869 ... 458.805

Optimal solution found (tolerance 1.00e-04)
Best objective 4.275637664265e+02, best bound 4.275481662909e+02, gap 0.0036%

User-callback calls 1874792, time in user-callback 773.44 sec
### START EXACT APPROACH ###
ProblemVariant: 1
### START PREPROCESSING ###
## Start infeasible path procedure ## 
Deleted arcs: 3
Infeasible tail paths: 9
Infeasible 2-node combinations: 1
## Start extended infeasible path procedure ##
Deleted arcs: 3
Infeasible tail paths: 9
Infeasible 2-node combinations: 1
## Start start solution procedure ##
Start solution with 5 Vehicles and total costs 458.805 in 3.36493 s.
### END PREPROCESSING ###
Route 0 0-4-3-8-10-0 : weight util 0.483333 | volume util 0.617800 | infeasible with packing heuristic | feasible with CP model
Route 1 0-6-1-2-7-5-9-0 : weight util 0.933333 | volume util 0.675956 | infeasible with packing heuristic | feasible with CP model
Route 2 0-12-15-18-20-17-0 : weight util 0.983333 | volume util 0.726644 | infeasible with packing heuristic | feasible with CP model
Route 3 0-13-11-0 : weight util 0.416667 | volume util 0.277289 | infeasible with packing heuristic | feasible with CP model
Route 4 0-16-19-21-14-0 : weight util 0.933333 | volume util 0.637111 | infeasible with packing heuristic | feasible with CP model
