
Gurobi 12.0.1 (win64, C++) logging started Sat Apr 19 09:05:23 2025

Set parameter Username
Set parameter LicenseID to value 2618655
Academic license - for non-commercial use only - expires 2026-02-05
Set parameter Threads to value 8
Set parameter LazyConstraints to value 1
Set parameter PreCrush to value 1
Set parameter Seed to value 0
Set parameter Cuts to value -1
Set parameter TimeLimit to value 28800
Set parameter NumericFocus to value 0
Set parameter SolutionLimit to value 10000
Gurobi Optimizer version 12.0.1 build v12.0.1rc0 (win64 - Windows Server 2022.0 (20348.2))

CPU model: AMD EPYC 7513 32-Core Processor, instruction set [SSE2|AVX|AVX2]
Thread count: 18 physical cores, 18 logical processors, using up to 8 threads

Non-default parameters:
SolutionLimit  10000
TimeLimit  28800
PreCrush  1
Threads  8
LazyConstraints  1

Optimize a model with 669 rows, 1296 columns and 3784 nonzeros
Model fingerprint: 0xd5932f20
Variable types: 0 continuous, 1296 integer (1296 binary)
Coefficient statistics:
  Matrix range     [1e+00, 1e+00]
  Objective range  [5e+00, 7e+01]
  Bounds range     [1e+00, 1e+00]
  RHS range        [1e+00, 1e+01]

Warning: Completing partial solution with 1210 unfixed non-continuous variables out of 1296
User MIP start produced solution with objective 863.405 (0.00s)
Loaded user MIP start with objective 863.405

Presolve removed 4 rows and 40 columns
Presolve time: 0.01s
Presolved: 665 rows, 1256 columns, 3667 nonzeros
Variable types: 0 continuous, 1256 integer (1256 binary)

Root relaxation: objective 5.249058e+02, 171 iterations, 0.00 seconds (0.00 work units)

    Nodes    |    Current Node    |     Objective Bounds      |     Work
 Expl Unexpl |  Obj  Depth IntInf | Incumbent    BestBd   Gap | It/Node Time

     0     0  524.90584    0   10  863.40514  524.90584  39.2%     -    0s
     0     0  544.05319    0    8  863.40514  544.05319  37.0%     -    0s
     0     0  620.38032    0   53  863.40514  620.38032  28.1%     -    0s
     0     0  621.82837    0   31  863.40514  621.82837  28.0%     -    0s
     0     0  632.47801    0   60  863.40514  632.47801  26.7%     -    0s
     0     0  633.09679    0   45  863.40514  633.09679  26.7%     -    0s
     0     0  642.25256    0   70  863.40514  642.25256  25.6%     -    0s
     0     0  643.67134    0   92  863.40514  643.67134  25.4%     -    0s
     0     0  643.67134    0   73  863.40514  643.67134  25.4%     -    0s
     0     2  643.67134    0   70  863.40514  643.67134  25.4%     -    0s
    39    48  675.37015    6  128  863.40514  659.75070  23.6%   301    5s
    79    89  699.79139    9  111  863.40514  659.75070  23.6%   324   10s
Warning: Completing partial solution with 1210 unfixed non-continuous variables out of 1296
H   95    97                     821.9545959  659.75070  19.7%   309   12s
   112   122  691.80375   11  106  821.95460  659.75070  19.7%   305   15s
   155   174  705.63224   14  106  821.95460  659.75070  19.7%   265   20s
   282   289  702.56143   24  111  821.95460  659.75070  19.7%   179   25s
Warning: Completing partial solution with 1210 unfixed non-continuous variables out of 1296
H  754   758                     763.6864351  659.75070  13.6%  85.4   26s
Warning: Completing partial solution with 1210 unfixed non-continuous variables out of 1296
H 1661  1718                     747.7462663  659.75070  11.8%  49.9   29s
  1822  1880  689.47011    5  122  747.74627  660.67775  11.6%  49.8   30s
  2453  2348  700.23311   14   73  747.74627  662.06969  11.5%  47.7   51s
Warning: Completing partial solution with 1210 unfixed non-continuous variables out of 1296
H 2455  2349                     728.5589295  675.50427  7.28%  47.7   56s
  2461  2353  710.32551  108 1253  728.55893  676.73657  7.11%  47.5   60s
  2466  2357  708.47221  153 1262  728.55893  677.28601  7.04%  47.4   65s
  2471  2360  705.49270  122 1266  728.55893  677.41826  7.02%  47.3   70s
  2632  2477  693.45520   28 1205  728.55893  677.50091  7.01%  61.4   75s
H 2645  2369                     728.4743848  677.50091  7.00%  62.4   75s
H 2676  2279                     726.5911916  677.50091  6.76%  64.8   75s
H 2741  2213                     723.9788882  677.50091  6.42%  69.1   76s
H 2791  2152                     715.4796571  677.50091  5.31%  71.7   76s
  2870  2192  701.36403   44 1159  715.47966  677.50091  5.31%  76.4   80s
H 2890  2214                     700.4784488  677.50091  3.28%  76.9   81s
  3449  2217  695.70824   28 1002  700.47845  681.23792  2.75%  87.2   85s
* 3546  2120              54     698.6054332  681.23792  2.49%  88.3   85s
  4448  2089  698.35171   31 1085  698.60543  684.51028  2.02%  92.8   90s
  5493  2048     cutoff   40       698.60543  686.35348  1.75%   102   95s
  6611  1955  697.88137   33 1158  698.60543  687.95348  1.52%   107  100s
  7758  1850  693.68727   37 1117  698.60543  688.98035  1.38%   111  105s
  8501  1886  693.13622   30 1171  698.60543  689.47093  1.31%   112  111s
  8670  1891  694.41411   32 1155  698.60543  689.56345  1.29%   113  115s
  8996  1957  695.82571   33 1211  698.60543  689.57244  1.29%   114  120s
  9781  2009     cutoff   33       698.60543  690.25343  1.20%   116  125s
 10421  2046  698.01511   33 1184  698.60543  690.62867  1.14%   118  130s
 11491  2033     cutoff   39       698.60543  691.13538  1.07%   120  135s
 12440  1968 infeasible   35       698.60543  691.84898  0.97%   123  141s
 13154  1898  697.32453   34 1195  698.60543  692.26724  0.91%   124  145s
 14003  1806  698.42882   27 1199  698.60543  692.79949  0.83%   125  150s
 14993  1655     cutoff   36       698.60543  693.32922  0.76%   126  156s
 15945  1437  697.82078   36 1158  698.60543  693.95819  0.67%   126  162s
 16439  1426     cutoff   37       698.60543  694.19178  0.63%   126  166s
 16722  1121     cutoff   36       698.60543  694.28989  0.62%   126  172s
 17329   790     cutoff   32       698.60543  694.93393  0.53%   126  176s
 18750     0     cutoff   37       698.60543  697.00685  0.23%   124  181s

Cutting planes:
  Gomory: 4
  Clique: 2
  MIR: 4
  Flow cover: 16
  GUB cover: 3
  Zero half: 10
  RLT: 2
  Relax-and-lift: 1
  Lazy constraints: 1019

Explored 19157 nodes (2339094 simplex iterations) in 181.25 seconds (318.87 work units)
Thread count was 8 (of 18 available processors)

Solution count 10: 698.605 700.478 715.48 ... 821.955

Optimal solution found (tolerance 1.00e-04)
Best objective 6.986054332259e+02, best bound 6.986054332259e+02, gap 0.0000%

User-callback calls 61242, time in user-callback 20.70 sec
### START EXACT APPROACH ###
ProblemVariant: 4
### START PREPROCESSING ###
## Start infeasible path procedure ## 
Deleted arcs: 4
Infeasible tail paths: 2
Infeasible 2-node combinations: 2
## Start extended infeasible path procedure ##
Deleted arcs: 4
Infeasible tail paths: 2
Infeasible 2-node combinations: 2
## Start start solution procedure ##
Start solution with 11 Vehicles and total costs 863.405 in 1.16436 s.
### END PREPROCESSING ###
Route 0 0-3-24-18-25-0 : weight util 0.970149 | volume util 0.337222 | feasible with packing heuristic | feasible with CP model
Route 1 0-12-31-10-0 : weight util 1.000000 | volume util 0.276978 | feasible with packing heuristic | feasible with CP model
Route 2 0-14-19-8-0 : weight util 0.925373 | volume util 0.292356 | feasible with packing heuristic | feasible with CP model
Route 3 0-17-16-33-0 : weight util 0.985075 | volume util 0.392844 | feasible with packing heuristic | feasible with CP model
Route 4 0-21-5-29-0 : weight util 0.925373 | volume util 0.320689 | feasible with packing heuristic | feasible with CP model
Route 5 0-23-1-22-28-0 : weight util 0.970149 | volume util 0.386000 | feasible with packing heuristic | feasible with CP model
Route 6 0-26-34-4-0 : weight util 1.000000 | volume util 0.340467 | feasible with packing heuristic | feasible with CP model
Route 7 0-27-13-15-20-0 : weight util 0.880597 | volume util 0.450578 | infeasible with packing heuristic | feasible with CP model
Route 8 0-30-2-6-0 : weight util 1.000000 | volume util 0.256889 | feasible with packing heuristic | feasible with CP model
Route 9 0-32-9-0 : weight util 0.850746 | volume util 0.199044 | feasible with packing heuristic | feasible with CP model
Route 10 0-35-11-7-0 : weight util 0.925373 | volume util 0.474867 | feasible with packing heuristic | feasible with CP model
