
Gurobi 12.0.1 (win64, C++) logging started Tue Apr 22 09:20:31 2025

Set parameter Username
Set parameter LicenseID to value 2618655
Academic license - for non-commercial use only - expires 2026-02-05
Set parameter Threads to value 8
Set parameter LazyConstraints to value 1
Set parameter PreCrush to value 1
Set parameter Seed to value 0
Set parameter Cuts to value -1
Set parameter TimeLimit to value 28800
Set parameter NumericFocus to value 0
Set parameter SolutionLimit to value 10000
Gurobi Optimizer version 12.0.1 build v12.0.1rc0 (win64 - Windows Server 2022.0 (20348.2))

CPU model: AMD EPYC 7513 32-Core Processor, instruction set [SSE2|AVX|AVX2]
Thread count: 18 physical cores, 18 logical processors, using up to 8 threads

Non-default parameters:
SolutionLimit  10000
TimeLimit  28800
PreCrush  1
Threads  8
LazyConstraints  1

Optimize a model with 232 rows, 441 columns and 1260 nonzeros
Model fingerprint: 0x60faf2ab
Variable types: 0 continuous, 441 integer (441 binary)
Coefficient statistics:
  Matrix range     [1e+00, 1e+00]
  Objective range  [6e+00, 6e+01]
  Bounds range     [1e+00, 1e+00]
  RHS range        [1e+00, 4e+00]
Presolve removed 2 rows and 23 columns
Presolve time: 0.00s
Presolved: 230 rows, 418 columns, 1194 nonzeros
Variable types: 0 continuous, 418 integer (418 binary)

Root relaxation: objective 2.923362e+02, 67 iterations, 0.00 seconds (0.00 work units)

    Nodes    |    Current Node    |     Objective Bounds      |     Work
 Expl Unexpl |  Obj  Depth IntInf | Incumbent    BestBd   Gap | It/Node Time

     0     0  292.33623    0    -          -  292.33623      -     -    0s
     0     0  307.94455    0    -          -  307.94455      -     -    0s
     0     0  319.25762    0    -          -  319.25762      -     -    0s
     0     0  320.93098    0    -          -  320.93098      -     -    0s
     0     0  321.37940    0   32          -  321.37940      -     -    0s
     0     0  321.50629    0    -          -  321.50629      -     -    0s
     0     0  335.46779    0   24          -  335.46779      -     -    0s
     0     0  335.73303    0    -          -  335.73303      -     -    0s
     0     0  343.78790    0    -          -  343.78790      -     -    0s
     0     0  345.52445    0   30          -  345.52445      -     -    0s
     0     0  345.52445    0   42          -  345.52445      -     -    0s
     0     0  345.52445    0   24          -  345.52445      -     -    0s
     0     2  345.52445    0   24          -  345.52445      -     -    0s
   145   167  359.36366   19   60          -  349.80707      -  37.0    5s
   191   198  367.53819   17   40          -  349.80707      -  34.2   10s
   891   922  382.87061   82   46          -  349.80707      -  18.6   15s
  1368  1359  361.56213   10   49          -  353.08883      -  17.9   20s
  1595  1499  390.93559   95  284          -  356.01610      -  17.3   25s
  1852  1672  385.77899   32    -          -  356.81727      -  22.8   30s
  2093  1774  360.40313   22  272          -  357.01721      -  23.9   36s
  2403  1913  395.54491   32  228          -  358.71362      -  25.8   40s
  2683  2009  362.02889   24   80          -  359.39778      -  26.2   45s
  3031  2158 infeasible   48               -  360.30164      -  26.7   50s
  3352  2305  388.30817   27   87          -  360.33349      -  26.6   55s
  3454  2309  504.86504   68    -          -  360.33349      -  26.6   61s
  3666  2431  389.26279   29  165          -  360.55753      -  27.0   66s
  3967  2559  375.39261   27  218          -  360.63009      -  27.2   70s
  4323  2707 infeasible   54               -  361.39757      -  27.4   75s
  4868  2872  406.53165   35   91          -  361.90911      -  27.9   83s
  5071  2996 infeasible   47               -  361.91402      -  28.1   85s
  5487  3160  414.07702   36  229          -  361.91402      -  28.2   93s
  5683  3163 infeasible   50               -  361.91402      -  28.3   97s
  5913  3333  393.25579   39  208          -  361.91402      -  28.7  100s
  6305  3566  364.69523   23  146          -  363.04463      -  28.7  105s
  6777  3952  367.13789   24  233          -  363.09309      -  28.6  111s
  7246  4273  414.52904   48    -          -  363.25830      -  28.6  117s
  7470  4362  381.67086   37  197          -  363.25830      -  28.7  120s
  7880  4702 infeasible   50               -  363.75511      -  28.6  129s
  8142  4799  369.27590   27  245          -  363.77470      -  28.6  137s
  8515  5153 infeasible   49               -  363.77470      -  28.8  141s
  9028  5525  377.20540   25  234          -  363.77470      -  29.0  145s
  9619  5956  375.35716   27  195          -  364.43632      -  29.1  156s
  9990  6182  374.05814   28  182          -  364.43632      -  29.0  161s
 10308  6280  436.81986   54  164          -  364.76218      -  29.0  165s
 11263  6861  393.68816   42   55          -  364.88261      -  28.9  172s
 11744  7387 infeasible   62               -  364.88261      -  28.8  179s
 11807  7392  454.57270   53    -          -  364.88261      -  28.8  180s
 12400  7660  401.50101   36  221          -  365.18644      -  28.9  187s
 12834  8247  371.68318   26  215          -  365.62445      -  28.8  191s
 13525  8547  439.21606   43   91          -  365.77255      -  28.9  197s
 13699  8704  390.03457   41  193          -  365.92188      -  28.9  201s
 14210  9033  417.06432   46  216          -  366.01270      -  28.9  208s
 14483  9379  421.68129   49  102          -  366.18764      -  28.9  210s
 15271 10072  405.84368   37   96          -  366.32107      -  29.0  218s
 15793 10414  396.41364   32  140          -  366.44850      -  29.0  224s
 16258 10795  398.86253   39  162          -  366.60985      -  29.1  230s
 16816 11129  377.10527   30  199          -  366.63958      -  29.1  237s
 17224 11353  414.96970   57  132          -  366.77259      -  29.1  240s
 17463 11716  393.75340   38  191          -  366.77259      -  29.2  245s
 18063 12189  455.78837   76  155          -  366.77492      -  29.2  251s
 18696 12549  390.99667   30  107          -  366.99904      -  29.3  256s
 19247 12925  386.95233   34  251          -  367.14647      -  29.3  262s
 19814 13280  371.85046   35  217          -  367.29507      -  29.5  268s
 20395 13715 infeasible   46               -  367.35251      -  29.6  277s
 21086 14023  391.44130   33  134          -  367.62727      -  29.7  291s
 21461 14481  503.74461   59    -          -  367.64452      -  29.6  295s
 22201 14993  405.23751   45   98          -  367.70169      -  29.6  304s
 22716 15027  378.01522   30  238          -  367.78780      -  29.6  308s
 22894 15420  409.95120   44  208          -  367.81247      -  29.6  312s
 23586 15653 infeasible   44               -  367.87940      -  29.7  319s
 23809 16145  402.71129   32  122          -  367.89676      -  29.8  322s
 24564 16602  377.92024   25  123          -  368.03737      -  29.7  330s
 25199 17102 infeasible   55               -  368.03737      -  29.8  335s
 25915 17511  450.00697   65  209          -  368.28460      -  29.8  340s
 26323 17561  420.69311   50  128          -  368.30202      -  29.9  345s
 27005 18045  382.77984   34  184          -  368.42137      -  29.9  351s
 27856 18797  422.98283   52  138          -  368.50273      -  30.0  359s
 28537 19212  421.57108   36  174          -  368.50273      -  30.0  366s
 29099 19679  453.73634   45  176          -  368.60880      -  30.0  370s
 29749 20039  477.57553   52   79          -  368.74094      -  30.1  375s
 30275 20275  451.47913   44   80          -  368.76011      -  30.1  380s
 31196 21050  374.10502   27  223          -  369.05407      -  30.1  401s
*31621 10857              42     405.2048329  369.08407  8.91%  30.1  405s
*31623  9717              44     401.1236851  369.08407  7.99%  30.1  405s
 32971 10164  393.60888   38  235  401.12369  369.47794  7.89%  30.0  411s
 34073 10687  380.59293   30  211  401.12369  370.14139  7.72%  30.0  415s
 35584 11089  387.88810   34  236  401.12369  370.65267  7.60%  29.9  420s
 36143 11521  380.63749   35  227  401.12369  370.68883  7.59%  29.9  425s
 36869 11672  396.35848   33  190  401.12369  370.92887  7.53%  29.8  430s
 38955 12615  377.60422   31  253  401.12369  371.52321  7.38%  29.8  437s
*39714  9103              36     391.5295415  371.63038  5.08%  29.8  438s
 40400  9308  378.69289   31  177  391.52954  371.79478  5.04%  29.8  440s
*40602  8956              37     390.8257395  371.81752  4.86%  29.8  442s
 41539  9222     cutoff   35       390.82574  372.02299  4.81%  29.9  445s
 42674  9516  379.90110   30  272  390.82574  372.27193  4.75%  29.9  451s
 44013  9784  388.12457   32  262  390.82574  372.54280  4.68%  30.0  455s
 45421 10156  389.28531   37  217  390.82574  372.91022  4.58%  30.0  460s
 46346 10352  381.11690   37  194  390.82574  373.12875  4.53%  30.0  465s
 47894 10685  380.57865   31   40  390.82574  373.51751  4.43%  30.1  470s
*49497 10809              32     390.7777606  373.89620  4.32%  30.2  472s
 50558 11005  387.40246   36  257  390.77776  374.11488  4.26%  30.3  477s
*50992  9886              35     388.8755724  374.22092  3.77%  30.3  478s
*51087  9516              33     388.0919395  374.23278  3.57%  30.3  479s
 51543  9609  377.23404   23  182  388.09194  374.33710  3.54%  30.3  480s
 54026  9784  376.83932   34  253  388.09194  374.79932  3.43%  30.4  486s
 54992  9884  386.46634   28  242  388.09194  375.02607  3.37%  30.5  490s
 57034 10000  385.40251   32  186  388.09194  375.35423  3.28%  30.6  495s
 58957 10112 infeasible   28       388.09194  375.66760  3.20%  30.7  500s
 59998 10160 infeasible   31       388.09194  375.85080  3.15%  30.7  505s
 61981 10225  383.07760   40  124  388.09194  376.19589  3.07%  30.8  511s
 63525 10236     cutoff   35       388.09194  376.49910  2.99%  30.9  516s
 64573 10225  383.94131   34  234  388.09194  376.69451  2.94%  30.9  525s
 68498 10158  385.82154   32  262  388.09194  377.35321  2.77%  31.2  531s
 69351 10132  385.77756   26  264  388.09194  377.49694  2.73%  31.2  535s
 71462 10015  385.12080   32  257  388.09194  377.78499  2.66%  31.3  541s
 72707  9923     cutoff   32       388.09194  378.05496  2.59%  31.3  546s
 73912  9871 infeasible   33       388.09194  378.21286  2.55%  31.4  550s
 75201  9723  387.03579   30  118  388.09194  378.50135  2.47%  31.4  555s
 76786  9551     cutoff   44       388.09194  378.73253  2.41%  31.5  561s
 78404  9383  383.79551   32  209  388.09194  379.02458  2.34%  31.6  566s
 79183  9277 infeasible   33       388.09194  379.17761  2.30%  31.6  570s
 81416  9000     cutoff   34       388.09194  379.60525  2.19%  31.7  577s
 83001  8711     cutoff   44       388.09194  379.83792  2.13%  31.7  582s
 83773  8605  387.53444   35  251  388.09194  380.02863  2.08%  31.8  586s
 85403  8275     cutoff   37       388.09194  380.31559  2.00%  31.8  591s
 87037  7886     cutoff   29       388.09194  380.57660  1.94%  31.9  596s
*87710  5920              31     385.5316120  380.58690  1.28%  31.9  596s
 87868  5769     cutoff   38       385.53161  380.76091  1.24%  31.9  600s
 88794  4939     cutoff   39       385.53161  380.86959  1.21%  31.9  606s
 90537  3827     cutoff   33       385.53161  381.84988  0.95%  31.9  611s
 92320  2467     cutoff   30       385.53161  382.72593  0.73%  31.8  616s
 94230   816     cutoff   30       385.53161  383.89703  0.42%  31.6  620s

Cutting planes:
  Gomory: 8
  Zero half: 4
  RLT: 1
  Lazy constraints: 7244

Explored 96007 nodes (2998859 simplex iterations) in 622.46 seconds (311.90 work units)
Thread count was 8 (of 18 available processors)

Solution count 8: 385.532 388.092 388.876 ... 405.205

Optimal solution found (tolerance 1.00e-04)
Best objective 3.855316120430e+02, best bound 3.855316120430e+02, gap 0.0000%

User-callback calls 203221, time in user-callback 428.65 sec
### START EXACT APPROACH ###
ProblemVariant: 1
### START PREPROCESSING ###
## Start infeasible path procedure ## 
Deleted arcs: 2
Infeasible tail paths: 0
Infeasible 2-node combinations: 1
## Start extended infeasible path procedure ##
Deleted arcs: 2
Infeasible tail paths: 0
Infeasible 2-node combinations: 1
## Start start solution procedure ##
### END PREPROCESSING ###
Route 0 0-6-20-5-7-2-0 : weight util 0.894118 | volume util 0.427111 | infeasible with packing heuristic | feasible with CP model
Route 1 0-9-3-4-14-16-17-0 : weight util 1.000000 | volume util 0.630800 | feasible with packing heuristic | feasible with CP model
Route 2 0-12-18-10-19-11-1-0 : weight util 0.976471 | volume util 0.667022 | infeasible with packing heuristic | feasible with CP model
Route 3 0-13-15-8-0 : weight util 1.000000 | volume util 0.515800 | feasible with packing heuristic | feasible with CP model
