
Gurobi 12.0.1 (win64, C++) logging started Thu Apr 17 14:15:13 2025

Set parameter TokenServer to value "141.76.38.119"
Set parameter Threads to value 8
Set parameter LazyConstraints to value 1
Set parameter PreCrush to value 1
Set parameter Seed to value 0
Set parameter Cuts to value -1
Set parameter TimeLimit to value 28800
Set parameter NumericFocus to value 0
Set parameter SolutionLimit to value 10000
Gurobi Optimizer version 12.0.1 build v12.0.1rc0 (win64 - Windows Server 2022.0 (20348.2))

CPU model: AMD EPYC 7513 32-Core Processor, instruction set [SSE2|AVX|AVX2]
Thread count: 16 physical cores, 16 logical processors, using up to 8 threads

Non-default parameters:
SolutionLimit  10000
TimeLimit  28800
PreCrush  1
Threads  8
LazyConstraints  1

Optimize a model with 232 rows, 441 columns and 1260 nonzeros
Model fingerprint: 0xaa15a64c
Variable types: 0 continuous, 441 integer (441 binary)
Coefficient statistics:
  Matrix range     [1e+00, 1e+00]
  Objective range  [6e+00, 6e+01]
  Bounds range     [1e+00, 1e+00]
  RHS range        [1e+00, 4e+00]

User MIP start produced solution with objective 433.142 (0.00s)
Loaded user MIP start with objective 433.142

Presolve removed 2 rows and 23 columns
Presolve time: 0.01s
Presolved: 230 rows, 418 columns, 1194 nonzeros
Variable types: 0 continuous, 418 integer (418 binary)

Root relaxation: objective 2.923362e+02, 67 iterations, 0.00 seconds (0.00 work units)

    Nodes    |    Current Node    |     Objective Bounds      |     Work
 Expl Unexpl |  Obj  Depth IntInf | Incumbent    BestBd   Gap | It/Node Time

     0     0  292.33623    0    -  433.14167  292.33623  32.5%     -    0s
     0     0  307.94455    0    -  433.14167  307.94455  28.9%     -    0s
     0     0  319.25762    0    -  433.14167  319.25762  26.3%     -    0s
     0     0  320.93098    0    -  433.14167  320.93098  25.9%     -    0s
     0     0  321.37940    0   32  433.14167  321.37940  25.8%     -    0s
     0     0  323.70298    0   32  433.14167  323.70298  25.3%     -    0s
     0     0  335.72328    0   24  433.14167  335.72328  22.5%     -    0s
     0     0  343.61357    0    -  433.14167  343.61357  20.7%     -    0s
     0     0  346.74415    0   10  433.14167  346.74415  19.9%     -    0s
     0     0  346.74415    0   10  433.14167  346.74415  19.9%     -    0s
     0     2  347.55254    0   23  433.14167  347.55254  19.8%     -    0s
    77    85  355.95448    8   63  433.14167  349.88774  19.2%  38.9    5s
   283   291  367.16988   31   50  433.14167  349.88774  19.2%  32.7   10s
   730   711  394.51826   69   38  433.14167  350.62070  19.1%  22.9   15s
   953   878  357.12441   10   55  433.14167  353.84544  18.3%  23.7   20s
  1221  1120  360.57552    9   42  433.14167  354.21386  18.2%  24.9   26s
  1500  1443 infeasible   45       433.14167  354.29525  18.2%  23.6   30s
  1716  1560  358.55530   12  282  433.14167  354.94377  18.1%  22.6   35s
  1981  1741  366.08775   26  259  433.14167  355.20723  18.0%  26.9   40s
  2287  1897  372.06869   41  223  433.14167  356.65634  17.7%  28.7   46s
  2625  2049  409.43916   58  233  433.14167  357.55439  17.5%  29.2   51s
H 2807  1921                     401.0147507  357.63345  10.8%  29.2   54s
  2967  1969  388.28634   31  245  401.01475  358.28448  10.7%  28.9   55s
  3410  2051  391.69472   32  150  401.01475  358.74810  10.5%  28.1   63s
  3572  2169  384.08024   23  198  401.01475  358.74810  10.5%  28.0   65s
  4144  2300  365.66580   18  255  401.01475  361.36521  9.89%  27.4   70s
H 4145  2119                     396.3975105  361.36521  8.84%  27.4   70s
H 4357  2105                     395.6399150  361.36521  8.66%  27.4   72s
H 4610  1864                     388.0919395  362.03982  6.71%  27.4   74s
  4747  1897  371.86430   28  212  388.09194  362.08596  6.70%  27.2   75s
  5268  2018  380.22791   18   92  388.09194  363.64517  6.30%  27.4   80s
  6179  2193  375.01574   18  179  388.09194  364.74961  6.01%  27.9   87s
  7366  2697     cutoff   33       388.09194  366.01223  5.69%  28.1   90s
  7715  2899  386.20812   35  231  388.09194  366.21771  5.64%  28.2   95s
  8461  3188  373.08942   21  215  388.09194  366.77694  5.49%  28.0  100s
  8985  3426  384.94369   25  254  388.09194  367.12091  5.40%  27.9  106s
  9293  3433  387.30931   27  192  388.09194  367.29101  5.36%  27.9  111s
  9543  3507  386.64916   38    -  388.09194  367.31928  5.35%  28.1  115s
 10360  3876  376.41211   22  205  388.09194  368.14036  5.14%  28.5  122s
 11383  4173  384.38783   22  256  388.09194  368.69739  5.00%  28.9  128s
 11794  4261  379.04893   25  267  388.09194  369.06661  4.90%  28.8  130s
 12596  4458  386.97610   22  188  388.09194  369.38594  4.82%  29.1  135s
 13404  4678  382.32800   28  228  388.09194  369.97811  4.67%  29.3  141s
 14627  4993  379.66827   25  116  388.09194  370.72235  4.48%  29.2  146s
 15025  5094 infeasible   32       388.09194  370.90901  4.43%  29.4  151s
 16269  5437  387.56088   37  115  388.09194  371.37762  4.31%  29.4  158s
 16811  5560  380.49906   38  239  388.09194  371.61130  4.25%  29.4  161s
 18008  5695  384.51262   27  204  388.09194  372.08248  4.13%  29.5  165s
 18998  5930  377.84256   25  247  388.09194  372.33901  4.06%  29.5  170s
 20796  6315     cutoff   25       388.09194  373.05536  3.87%  29.5  177s
 21615  6395  386.99270   30  169  388.09194  373.23869  3.83%  29.5  182s
 22307  6455     cutoff   30       388.09194  373.55004  3.75%  29.5  185s
 22968  6530  381.46246   32  269  388.09194  373.80127  3.68%  29.6  190s
 24255  6687  376.46979   23  270  388.09194  374.19287  3.58%  29.8  196s
 25781  6815  385.82466   39  209  388.09194  374.49455  3.50%  29.8  202s
 26421  6932  382.24599   25  272  388.09194  374.74967  3.44%  29.9  206s
 27189  6982 infeasible   34       388.09194  375.01982  3.37%  29.9  210s
H29107  6471                     385.5316120  375.38852  2.63%  30.1  215s
 29496  6108     cutoff   30       385.53161  375.57576  2.58%  30.2  220s
 32041  5970  378.49627   25  224  385.53161  376.44485  2.36%  30.4  226s
 33493  5667  383.81875   24  176  385.53161  377.08099  2.19%  30.6  231s
 35134  5233     cutoff   27       385.53161  377.85128  1.99%  30.7  236s
 36869  4653     cutoff   22       385.53161  378.59869  1.80%  30.9  241s
 38614  3949     cutoff   36       385.53161  379.39775  1.59%  31.0  245s
 41344  2351     cutoff   37       385.53161  381.16178  1.13%  31.0  251s
 44144    14     cutoff   34       385.53161  383.87081  0.43%  30.6  255s

Cutting planes:
  Gomory: 7
  Zero half: 4
  Lazy constraints: 2338

Explored 45048 nodes (1361026 simplex iterations) in 256.03 seconds (86.43 work units)
Thread count was 8 (of 16 available processors)

Solution count 6: 385.532 388.092 395.64 ... 433.142

Optimal solution found (tolerance 1.00e-04)
Best objective 3.855316120430e+02, best bound 3.855316120430e+02, gap 0.0000%

User-callback calls 92364, time in user-callback 190.76 sec
### START EXACT APPROACH ###
ProblemVariant: 1
### START PREPROCESSING ###
## Start infeasible path procedure ## 
Deleted arcs: 2
Infeasible tail paths: 0
Infeasible 2-node combinations: 1
## Start extended infeasible path procedure ##
Deleted arcs: 2
Infeasible tail paths: 0
Infeasible 2-node combinations: 1
## Start start solution procedure ##
Start solution with 4 Vehicles and total costs 433.142 in 6.30576 s.
### END PREPROCESSING ###
Route 0 0-6-20-5-7-2-0 : weight util 0.894118 | volume util 0.427111 | infeasible with packing heuristic | feasible with CP model
Route 1 0-9-3-4-14-16-17-0 : weight util 1.000000 | volume util 0.630800 | feasible with packing heuristic | feasible with CP model
Route 2 0-12-18-10-19-11-1-0 : weight util 0.976471 | volume util 0.667022 | infeasible with packing heuristic | feasible with CP model
Route 3 0-13-15-8-0 : weight util 1.000000 | volume util 0.515800 | feasible with packing heuristic | feasible with CP model
