
Gurobi 12.0.1 (win64, C++) logging started Sat Apr 19 01:04:36 2025

Set parameter Username
Set parameter LicenseID to value 2618655
Academic license - for non-commercial use only - expires 2026-02-05
Set parameter Threads to value 8
Set parameter LazyConstraints to value 1
Set parameter PreCrush to value 1
Set parameter Seed to value 0
Set parameter Cuts to value -1
Set parameter TimeLimit to value 28800
Set parameter NumericFocus to value 0
Set parameter SolutionLimit to value 10000
Gurobi Optimizer version 12.0.1 build v12.0.1rc0 (win64 - Windows Server 2022.0 (20348.2))

CPU model: AMD EPYC 7513 32-Core Processor, instruction set [SSE2|AVX|AVX2]
Thread count: 18 physical cores, 18 logical processors, using up to 8 threads

Non-default parameters:
SolutionLimit  10000
TimeLimit  28800
PreCrush  1
Threads  8
LazyConstraints  1

Optimize a model with 564 rows, 1089 columns and 3172 nonzeros
Model fingerprint: 0x12a06b28
Variable types: 0 continuous, 1089 integer (1089 binary)
Coefficient statistics:
  Matrix range     [1e+00, 1e+00]
  Objective range  [1e+00, 1e+02]
  Bounds range     [1e+00, 1e+00]
  RHS range        [1e+00, 9e+00]

Warning: Completing partial solution with 1015 unfixed non-continuous variables out of 1089
User MIP start produced solution with objective 1309.04 (0.00s)
Loaded user MIP start with objective 1309.04

Presolve removed 2 rows and 35 columns
Presolve time: 0.02s
Presolved: 562 rows, 1054 columns, 3102 nonzeros
Variable types: 0 continuous, 1054 integer (1054 binary)

Root relaxation: objective 7.477113e+02, 129 iterations, 0.00 seconds (0.00 work units)

    Nodes    |    Current Node    |     Objective Bounds      |     Work
 Expl Unexpl |  Obj  Depth IntInf | Incumbent    BestBd   Gap | It/Node Time

     0     0  747.71134    0   30 1309.03602  747.71134  42.9%     -    0s
     0     0  757.50566    0   24 1309.03602  757.50566  42.1%     -    0s
     0     0  757.50566    0   24 1309.03602  757.50566  42.1%     -   43s
     0     0  864.10875    0   63 1309.03602  864.10875  34.0%     -   44s
     0     0  879.42642    0   14 1309.03602  879.42642  32.8%     -   44s
Warning: Completing partial solution with 1015 unfixed non-continuous variables out of 1089
H    0     0                    1294.8798480  902.04262  30.3%     -   45s
     0     0  902.04262    0    6 1294.87985  902.04262  30.3%     -   45s
     0     0  902.04262    0    6 1294.87985  902.04262  30.3%     -   50s
Warning: Completing partial solution with 1015 unfixed non-continuous variables out of 1089
H    0     0                    1270.9422869  907.21838  28.6%     -   51s
     0     0  907.21838    0    4 1270.94229  907.21838  28.6%     -   51s
     0     0  916.50227    0   32 1270.94229  916.50227  27.9%     -   51s
     0     2  916.50227    0   32 1270.94229  916.50227  27.9%     -   51s
   100   104  974.09542    7   87 1270.94229  962.92806  24.2%  89.9   55s
   117   112  974.09542    8   90 1270.94229  962.92806  24.2%  83.1   60s
   126   120  975.03637   10   82 1270.94229  962.92806  24.2%  78.5   89s
   133   143  974.91684   10   88 1270.94229  962.92806  24.2%  76.9   91s
   225   235  980.90801   14   52 1270.94229  962.92806  24.2%  60.2  109s
   251   261  981.54158   15  102 1270.94229  962.92806  24.2%  57.8  110s
   290   277 1015.22875   41   30 1270.94229  962.92806  24.2%  55.1  115s
   370   388  984.91683   17   73 1270.94229  962.92806  24.2%  51.5  122s
   498   486  990.76882   25   62 1270.94229  962.92806  24.2%  44.9  283s
   503   486  987.06991   23   75 1270.94229  962.92806  24.2%  44.7  288s
   521   516  991.04711   28   70 1270.94229  962.92806  24.2%  44.7  299s
   566   577  993.53541   35   71 1270.94229  962.92806  24.2%  43.1  319s
   662   644  997.96367   51   57 1270.94229  962.92806  24.2%  40.7  323s
   697   649 1066.91896   70   36 1270.94229  970.42367  23.6%  40.6  325s
  1184  1156 1000.37778   63   50 1270.94229  970.42367  23.6%  33.9  349s
  1223  1239 1012.49251  123   54 1270.94229  970.42367  23.6%  33.6  350s
  1309  1300 1018.28126  127   55 1270.94229  970.42367  23.6%  32.8  360s
  1385  1308 1003.40642   29   75 1270.94229  970.42367  23.6%  32.1  374s
  1389  1410 1023.83418  139   50 1270.94229  970.42367  23.6%  32.2  375s
  1602  1516  979.67513   18   32 1270.94229  970.42367  23.6%  30.3  404s
  1604  1517 1026.39734   62  257 1270.94229  973.52953  23.4%  30.2  405s
  1607  1519  983.68003    5  317 1270.94229  975.97888  23.2%  30.2  411s
  1763  1627  985.99604   26  243 1270.94229  976.95712  23.1%  35.9  424s
  1798  1659  986.45414   29  168 1270.94229  976.95712  23.1%  37.1  425s
  1841  1677  991.13805   31  179 1270.94229  976.95712  23.1%  38.5  430s
  1911  1720 1030.30796   34   37 1270.94229  976.95712  23.1%  39.7  440s
  1936  1740  996.31694   35  302 1270.94229  976.95712  23.1%  40.0  455s
  1965  1748 1004.86716   37   15 1270.94229  976.95712  23.1%  40.6  489s
  1988  1747  999.63178   38  111 1270.94229  976.95712  23.1%  40.6  499s
  2008  1759 infeasible   40      1270.94229  976.95712  23.1%  40.6  505s
  2133  1813  991.17995   24  294 1270.94229  976.95712  23.1%  41.6  511s
  2233  1859 1001.53667   32  269 1270.94229  976.95712  23.1%  42.6  516s
  2371  1910 1005.25671   36    - 1270.94229  976.95712  23.1%  43.7  529s
  2409  1939  998.39517   24  321 1270.94229  976.95712  23.1%  43.9  530s
  2554  1990 1013.94024   39   95 1270.94229  977.01951  23.1%  44.4  584s
  2676  2038 1017.82411   44   94 1270.94229  977.01951  23.1%  44.5  603s
  2713  2059 1001.28505   38  149 1270.94229  977.01951  23.1%  44.8  608s
  2813  2127 1036.89629   51  164 1270.94229  977.01951  23.1%  45.4  650s
  2903  2163 1057.19665   54   49 1270.94229  977.01951  23.1%  45.2  703s
  2986  2177  980.97646   27  280 1270.94229  977.01951  23.1%  45.2  710s
  3272  2367  987.41544   27  315 1270.94229  977.24478  23.1%  46.5  737s
  3394  2396 1008.08554   37  277 1270.94229  977.24478  23.1%  46.2  747s
  3504  2446 1023.50346   42    - 1270.94229  977.24478  23.1%  46.4  755s
Warning: Completing partial solution with 1015 unfixed non-continuous variables out of 1089
H 3505  2447                    1262.6161388  977.24478  22.6%  46.4  756s
H 3605  2378                    1189.0945756  977.46281  17.8%  46.7  845s
  3652  2403 1110.18771   53  210 1189.09458  977.46281  17.8%  46.9  926s
  3662  2402  999.59526   37  216 1189.09458  977.46281  17.8%  46.8  944s
  3709  2392 1089.77856   70  233 1189.09458  977.46281  17.8%  46.8  945s
Warning: Completing partial solution with 1016 unfixed non-continuous variables out of 1089
H 3719  2389                    1188.3951891  977.46281  17.7%  46.7  945s
  3778  2443 1159.52008   63  104 1188.39519  977.58134  17.7%  46.5  952s
  3994  2609 1173.57768   85   21 1188.39519  977.58134  17.7%  45.8  982s
  4124  2586 1048.18981   50    - 1188.39519  977.61974  17.7%  45.5  987s
  4273  2721 1019.39177   27   84 1188.39519  977.61974  17.7%  45.4  999s
  4369  2694 1094.03881   77   52 1188.39519  977.62376  17.7%  45.7 1003s
  4405  2729 1044.33423   34    - 1188.39519  977.62376  17.7%  45.9 1010s
  4568  2782 1016.02800   25  242 1188.39519  977.74893  17.7%  45.7 1024s
  4602  2895 1039.52684   38  122 1188.39519  977.74893  17.7%  45.7 1038s
  4680  2878  984.58974   23  287 1188.39519  977.74893  17.7%  45.7 1063s
  4751  2874 infeasible   48      1188.39519  978.29063  17.7%  45.6 1067s
  4775  2922  981.38192   24  303 1188.39519  978.29063  17.7%  45.6 1074s
  4846  2911  997.02009   33  265 1188.39519  978.29063  17.7%  45.6 1083s
  4850  2910  997.90523   35  262 1188.39519  978.29063  17.7%  45.6 1085s
  4890  2991  999.39492   35  279 1188.39519  978.29063  17.7%  45.6 1135s
  5050  3092 1032.59548   47  184 1188.39519  978.29063  17.7%  45.4 1141s
  5166  3065 1050.09530   64  258 1188.39519  978.33644  17.7%  45.4 1150s
  5183  3077 1053.49488   65  222 1188.39519  978.33644  17.7%  45.4 1162s
  5236  3145 1139.80829   71    - 1188.39519  978.33644  17.7%  45.4 1165s
  5339  3129 infeasible   94      1188.39519  978.58407  17.7%  45.3 1176s
  5352  3139  986.22562   25  273 1188.39519  978.58407  17.7%  45.4 1180s
  5479  3257 1021.32669   49  203 1188.39519  978.58407  17.7%  45.6 1189s
  5532  3249 1004.63485   33  152 1188.39519  978.72011  17.6%  45.7 1192s
  5563  3420 1074.12539   56  158 1188.39519  978.72011  17.6%  45.8 1224s
  5590  3413 1000.60792   30  140 1188.39519  978.72011  17.6%  45.7 1227s
  5784  3518 1142.56853   81  118 1188.39519  978.84827  17.6%  46.0 1230s
  5881  3492 1025.24587   52  301 1188.39519  978.84827  17.6%  45.9 1243s
  5927  3477 1029.50770   47  265 1188.39519  978.84827  17.6%  46.0 1245s
  6138  3757 1038.16881   39  190 1188.39519  978.84827  17.6%  46.0 1251s
  6439  3927 1013.29919   34  216 1188.39519  979.23988  17.6%  45.7 1262s
  6527  3933 1012.17141   36  206 1188.39519  979.23988  17.6%  45.7 1268s
  6632  4093 1047.29367   51  268 1188.39519  979.23988  17.6%  45.7 1311s
  6816  4117  985.58961   22  204 1188.39519  979.23988  17.6%  45.9 1376s
  7101  4544 1185.45225  112   93 1188.39519  979.50507  17.6%  46.0 1392s
  7300  4563 1014.84707   34  219 1188.39519  979.50507  17.6%  45.8 1397s
  7398  4753 1031.97173   48    - 1188.39519  979.57964  17.6%  45.9 1406s
  7668  4950 1046.69775   48  253 1188.39519  979.61979  17.6%  45.9 1430s
  7930  5145  988.03153   23  174 1188.39519  979.69224  17.6%  46.0 1457s
  8161  5396 1018.28743   35  142 1188.39519  979.69224  17.6%  46.3 1469s
  8261  5417 1022.03337   43    - 1188.39519  979.69224  17.6%  46.3 1471s
  8505  5608  989.99885   23  238 1188.39519  980.19845  17.5%  46.4 1622s
  8792  5730 1004.48085   26  259 1188.39519  980.46116  17.5%  46.3 1628s
  8921  5938 1073.88980   46  100 1188.39519  980.46116  17.5%  46.5 1740s
  8952  5942 1003.04637   30  308 1188.39519  980.46116  17.5%  46.5 1752s
  9202  6204 1038.39625   45  245 1188.39519  980.66121  17.5%  46.6 1788s
  9512  6359 1005.00960   35  277 1188.39519  980.66121  17.5%  46.8 1792s
  9667  6557 1045.56807   49  109 1188.39519  980.66121  17.5%  47.0 1795s
  9884  6589 1107.10663   78  201 1188.39519  980.66121  17.5%  47.2 1806s
 10159  6831 1016.14198   51  208 1188.39519  980.99933  17.5%  47.0 1848s
 10305  7047  981.71405   23  322 1188.39519  981.21743  17.4%  47.2 1852s
 10573  7272 infeasible   69      1188.39519  981.28813  17.4%  47.5 1895s
 10704  7299 1065.39334   51   63 1188.39519  981.28813  17.4%  47.4 1928s
 10969  7646  997.15982   24  271 1188.39519  981.28813  17.4%  47.2 1964s
 11056  7657  993.11677   32  329 1188.39519  981.28813  17.4%  47.2 1965s
 11370  7883 1049.72997   47    - 1188.39519  981.36437  17.4%  46.9 1994s
 11510  7893 1094.21018   60    - 1188.39519  981.49745  17.4%  47.2 2007s
 11715  8156 1017.02145   35   88 1188.39519  981.59749  17.4%  47.2 2016s
 12063  8497  992.68945   25  271 1188.39519  981.70148  17.4%  47.5 2020s
 12476  8746  988.20650   24  317 1188.39519  981.70148  17.4%  47.5 2059s
 12760  8991 1011.68460   34  195 1188.39519  981.84613  17.4%  47.9 2080s
 12848  9004 1058.12846   55  241 1188.39519  981.84613  17.4%  47.9 2085s
H13144  9228                    1181.7767626  981.92035  16.9%  48.1 2104s
 13403  9381 1004.91879   40  223 1181.77676  981.92035  16.9%  48.2 2377s
 13586  9663 1094.68307   53    - 1181.77676  981.92035  16.9%  48.3 2412s
 13860  9695 1025.91643   38  262 1181.77676  981.92035  16.9%  48.7 2424s
 13955  9827 1072.05668   39  143 1181.77676  982.05096  16.9%  48.7 2428s
 14057  9846 1010.01309   33  249 1181.77676  982.05096  16.9%  48.7 2438s
H14123  9853                    1181.4813869  982.05096  16.9%  48.9 2444s
 14163 10117 1039.77223   43   86 1181.48139  982.08284  16.9%  48.8 2448s
 14265 10134 1001.13640   30  279 1181.48139  982.08284  16.9%  48.8 2476s
 14586 10437 1021.38641   38  145 1181.48139  982.15294  16.9%  48.8 2503s
 14844 10461 1005.39159   37  328 1181.48139  982.21187  16.9%  48.8 2521s
 14907 10470  997.71717   24  291 1181.48139  982.21187  16.9%  48.7 2535s
 15153 10866 1048.32645   60  206 1181.48139  982.28807  16.9%  48.8 2540s
 15469 11176 1025.22690   47  249 1181.48139  982.29374  16.9%  48.8 2552s
 15576 11184 1014.49363   38  238 1181.48139  982.29374  16.9%  48.8 2556s
 15877 11591 1003.41576   29  187 1181.48139  982.38071  16.9%  48.7 2576s
 16422 11981  993.26394   30  317 1181.48139  982.48526  16.8%  48.9 2603s
 16962 12410 1023.58653   38  148 1181.48139  982.48903  16.8%  49.2 2814s
 17118 12426  989.11614   25  235 1181.48139  982.48903  16.8%  49.2 2815s
 17176 12433 1013.59721   37  276 1181.48139  982.48903  16.8%  49.2 2843s
 17475 12480 1069.17048   63   20 1181.48139  982.67216  16.8%  49.5 2896s
 17546 12550  988.92049   27  185 1181.48139  982.67216  16.8%  49.6 2900s
 17582 12834 1006.47997   31  279 1181.48139  982.67216  16.8%  49.6 2906s
 17643 12835  990.01229   28  268 1181.48139  982.67216  16.8%  49.7 2913s
 17962 13202 1028.04858   41  130 1181.48139  982.67216  16.8%  50.0 2942s
 18262 13224 1040.32805   44  115 1181.48139  982.67216  16.8%  50.1 2948s
 18444 13744 1112.53712   55   49 1181.48139  982.67216  16.8%  50.0 3235s
 18723 13787 1033.71963   32    - 1181.48139  982.67216  16.8%  49.9 3240s
 18945 13820  991.30978   25  314 1181.48139  982.95014  16.8%  49.9 3260s
 19264 14262 1136.52363   67    - 1181.48139  983.07142  16.8%  49.8 3275s
 19330 14270 1057.14776   51  136 1181.48139  983.07142  16.8%  49.8 3302s
 19754 14301 1017.48130   37   62 1181.48139  983.07142  16.8%  50.0 3308s
 19854 14760     cutoff   79      1181.48139  983.15046  16.8%  50.0 3310s
 20170 14793 1041.54807   47  183 1181.48139  983.15046  16.8%  50.1 3335s
 20504 15219  994.91443   31  268 1181.48139  983.15046  16.8%  50.2 3357s
 21163 15715  987.89036   27  308 1181.48139  983.33928  16.8%  50.5 3387s
 21394 15744 1004.51405   35  222 1181.48139  983.33928  16.8%  50.7 3399s
 21808 16214 1017.29937   60   51 1181.48139  983.47878  16.8%  50.9 3403s
 22109 16270 1079.92195   52    - 1181.48139  983.47878  16.8%  50.8 3426s
 22209 16283 infeasible   61      1181.48139  983.54680  16.8%  50.8 3584s
 22507 16321 1030.72565   38    - 1181.48139  983.59787  16.7%  50.8 3587s
 22597 16414  994.95615   31  260 1181.48139  983.59787  16.7%  50.8 3590s
 22661 16427 1007.57482   40  302 1181.48139  983.59787  16.7%  50.8 3642s
H22734 16913                    1177.1345940  983.59787  16.4%  50.9 3651s
 23453 17495 1002.16276   26  124 1177.13459  983.65483  16.4%  51.0 3679s
 24179 17604 1007.99562   36  223 1177.13459  983.85334  16.4%  51.0 3757s
 24351 17927 1026.44742   57   30 1177.13459  983.85334  16.4%  51.0 3772s
 24601 17956 1027.97928   43  141 1177.13459  983.87076  16.4%  51.0 3776s
 24849 18377 1045.99626   48   97 1177.13459  983.87817  16.4%  51.0 3816s
 24949 18386 infeasible   81      1177.13459  983.87817  16.4%  51.0 3835s
 25500 18894 1051.24503   38   68 1177.13459  983.98578  16.4%  51.1 3858s
 26079 18958 1008.03392   30  241 1177.13459  984.01958  16.4%  50.9 6119s
 26309 19511  992.32455   26  240 1177.13459  984.19613  16.4%  50.8 6151s
 27039 19606 1008.63852   28  195 1177.13459  984.27395  16.4%  50.8 6172s
 27937 20654 1038.96550   40    - 1177.13459  984.38718  16.4%  50.6 6208s
 28116 20675 1028.79520   35  192 1177.13459  984.38718  16.4%  50.5 6211s
 28249 20680 1133.10503  100   45 1177.13459  984.38718  16.4%  50.5 6217s
 28452 20688 1025.32117   42  226 1177.13459  984.48707  16.4%  50.4 6224s
 28705 20724 1089.87890   63   14 1177.13459  984.60802  16.4%  50.4 6233s
 28709 20724  996.20035   27  307 1177.13459  984.60802  16.4%  50.4 6240s
 28713 20869 1089.94873   64   43 1177.13459  984.60802  16.4%  50.4 6246s
H28859 20638                    1163.3784863  984.60802  15.4%  50.3 6249s
 28994 20975 1089.94873   65   51 1163.37849  984.60802  15.4%  50.3 6252s
 29488 21389 1012.94206   34  156 1163.37849  984.71587  15.4%  50.6 7122s
 29879 21447 infeasible   55      1163.37849  984.72074  15.4%  50.7 7147s
 30045 21857 1073.80438   57   89 1163.37849  984.73116  15.4%  50.7 7150s
 30616 22011 1072.19996   71  216 1163.37849  984.83748  15.3%  50.6 7196s
 30777 22396 1101.14799   91  261 1163.37849  984.83748  15.3%  50.7 7207s
 31372 22805 1045.24637   29  163 1163.37849  985.03728  15.3%  50.8 7228s
 31548 22824 1058.91238   38  179 1163.37849  985.03728  15.3%  50.8 7230s
 31684 22841 infeasible   31      1163.37849  985.08900  15.3%  50.8 7380s
 32440 23440 1034.08226   46  195 1163.37849  985.15624  15.3%  50.8 7551s
 32738 23862 1159.18210   80   68 1163.37849  985.17350  15.3%  50.7 7568s
 32831 23875 1080.35179   61   88 1163.37849  985.17350  15.3%  50.7 7570s
 33191 23917 1063.56400   43   86 1163.37849  985.17350  15.3%  50.7 7661s
 33438 24411 1070.91694   47  120 1163.37849  985.35695  15.3%  50.7 7666s
 34153 24966 1009.09933   38  236 1163.37849  985.50979  15.3%  50.8 7722s
 34785 25037 1058.57665   28  114 1163.37849  985.56588  15.3%  50.8 7742s
 35030 25324 infeasible   71      1163.37849  985.56588  15.3%  50.7 7750s
 35225 25350 1013.38374   41  159 1163.37849  985.61857  15.3%  50.7 7767s
 35497 25805  999.59750   25  237 1163.37849  985.71599  15.3%  50.7 7772s
 35916 26315 1031.18814   45  283 1163.37849  985.79039  15.3%  50.7 9877s
 36586 26826  996.91061   35  275 1163.37849  985.93402  15.3%  50.8 9900s
 37286 27283 1022.33351   35   81 1163.37849  986.02547  15.2%  50.8 9911s
 37516 27315 1047.39993   43  135 1163.37849  986.02547  15.2%  50.9 9916s
 37929 27766 1046.45468   54  217 1163.37849  986.13911  15.2%  50.9 9929s
 38175 27797 1067.20193   44  306 1163.37849  986.19772  15.2%  50.9 10040s
 38511 28344 1046.79943   49  290 1163.37849  986.28397  15.2%  50.9 10051s
 38812 28362 1014.88797   33  298 1163.37849  986.28397  15.2%  50.8 10068s
 39215 28800 1079.96641   75   35 1163.37849  986.35823  15.2%  50.8 10083s
 39809 29267 1022.22915   35    - 1163.37849  986.35823  15.2%  50.9 10125s
 39889 29277 1039.31185   31  152 1163.37849  986.35823  15.2%  50.9 10132s
 40305 29319 1100.00403   77  225 1163.37849  986.49680  15.2%  50.9 10146s
 40686 29712 1047.50219   33  245 1163.37849  986.52492  15.2%  50.8 10158s
 41125 30177     cutoff   61      1163.37849  986.62318  15.2%  50.9 10167s
 41759 30581 1070.77267   52  148 1163.37849  986.72355  15.2%  50.9 10527s
 42262 30622 1045.09201   59  277 1163.37849  986.84715  15.2%  51.1 10538s
 42271 30645 1045.57147   60  279 1163.37849  986.84715  15.2%  51.1 10540s
 42312 30979 1045.74804   61  274 1163.37849  986.84715  15.2%  51.2 10546s
 42754 31037 1048.70409   42  105 1163.37849  986.88895  15.2%  51.1 10552s
 42883 31454 1012.12315   40  220 1163.37849  986.88895  15.2%  51.2 10558s
 42943 31462  993.10542   30  152 1163.37849  986.94457  15.2%  51.2 10562s
 43481 31927 1122.27653   89   60 1163.37849  986.98321  15.2%  51.3 10596s
 44082 32280 1042.85098   37  164 1163.37849  987.02524  15.2%  51.3 10625s
 44549 32766 1004.83548   31  261 1163.37849  987.25650  15.1%  51.5 10775s
 44802 32785 infeasible   34      1163.37849  987.25650  15.1%  51.5 10781s
 44998 32804  992.81263   27  229 1163.37849  987.28606  15.1%  51.5 10812s
 45254 33182 1031.71257   52  275 1163.37849  987.33372  15.1%  51.5 10818s
 45378 33190     cutoff   86      1163.37849  987.33372  15.1%  51.5 10820s
 45748 33663 1047.01445   49   73 1163.37849  987.38187  15.1%  51.6 10841s
 46379 34084 1077.91194   65   79 1163.37849  987.44200  15.1%  51.6 10857s
 46760 34108 1059.16999   48  280 1163.37849  987.48431  15.1%  51.7 10864s
 46984 34471 1052.19791   35  146 1163.37849  987.50844  15.1%  51.7 10870s
 47083 34481 1031.61478   37  264 1163.37849  987.50844  15.1%  51.7 10963s
 47584 34904 infeasible   46      1163.37849  987.58148  15.1%  51.8 10977s
 48110 35359 1029.87548   35    - 1163.37849  987.62948  15.1%  51.9 10989s
 48780 35794 1030.02729   30  225 1163.37849  987.73508  15.1%  51.8 11328s
 48841 35797 1064.84285   44  195 1163.37849  987.73508  15.1%  51.8 11330s
 49217 35843 1011.34158   31  246 1163.37849  987.75486  15.1%  51.8 11350s
 49419 36332 1052.76939   42  135 1163.37849  987.81131  15.1%  51.9 11395s
 49536 36350 1064.77282   65   69 1163.37849  987.81131  15.1%  51.9 11403s
 50015 36860 infeasible   53      1163.37849  987.99440  15.1%  51.8 11412s
 50664 37335 1009.98531   32  256 1163.37849  988.01546  15.1%  51.8 11425s
 51286 37790 1099.57301   47  110 1163.37849  988.01546  15.1%  51.8 11446s
 51913 38261 1002.31297   28  283 1163.37849  988.15709  15.1%  51.8 11483s
 52248 38285 1011.46080   45  289 1163.37849  988.15709  15.1%  51.9 11490s
 52526 38635 1099.34778   60   42 1163.37849  988.16836  15.1%  51.9 11497s
H52580 38603                    1162.4870548  988.16836  15.0%  51.9 11497s
 52773 38626 1064.08272   55   36 1162.48705  988.21077  15.0%  52.0 11505s
 53386 39062 infeasible   59      1162.48705  988.28431  15.0%  52.1 11537s
 53546 39386 1000.82391   31  255 1162.48705  988.28431  15.0%  52.1 11543s
 54030 39705 1049.02661   30  214 1162.48705  988.35640  15.0%  52.2 11573s
 54255 39734 1017.58844   35  244 1162.48705  988.35640  15.0%  52.2 11615s
 54479 40117 1115.06726   58  212 1162.48705  988.41879  15.0%  52.3 11631s
 54885 40166 1042.58523   37  267 1162.48705  988.43292  15.0%  52.3 11640s
 55014 40524 1048.77564   47  276 1162.48705  988.43292  15.0%  52.3 11648s
 55499 40568 1019.43175   34  101 1162.48705  988.49399  15.0%  52.3 11708s
 55576 40922 1026.35156   39  251 1162.48705  988.49399  15.0%  52.4 11713s
 56113 41292 1079.86036   51  183 1162.48705  988.56539  15.0%  52.4 11729s
 56182 41299 1057.38097   54  220 1162.48705  988.56539  15.0%  52.4 11730s
 56622 41678 1008.70821   32  309 1162.48705  988.56613  15.0%  52.5 11742s
H56659 41658                    1161.7667975  988.56613  14.9%  52.5 11745s
 57020 41688 1129.34426   66  229 1161.76680  988.63057  14.9%  52.5 11792s
 57116 41976 1023.95113   42  238 1161.76680  988.63289  14.9%  52.5 11796s
 57340 41994 1019.47831   28  211 1161.76680  988.63289  14.9%  52.6 11807s
 57567 42334 1049.44699   40  181 1161.76680  988.63289  14.9%  52.7 11860s
 57770 42368 1074.65525   65  134 1161.76680  988.63289  14.9%  52.7 11865s
 58088 42671 1054.20130   44  173 1161.76680  988.63289  14.9%  52.7 11980s
 58445 43064 1024.19366   41  176 1161.76680  988.63289  14.9%  52.8 12001s
 58712 43082 1101.33063   59   57 1161.76680  988.76234  14.9%  52.8 12011s
 58964 43475 1029.54875   43  148 1161.76680  988.83533  14.9%  52.9 12062s
 59493 43919  997.86786   36  301 1161.76680  988.93928  14.9%  52.9 12079s
 59556 43925 1052.87252   45   64 1161.76680  988.93928  14.9%  52.9 12085s
 60108 44267 infeasible   90      1161.76680  988.94577  14.9%  52.9 12112s
 60285 44285 infeasible   58      1161.76680  988.97457  14.9%  52.9 12115s
 60638 44659 1000.77275   35  255 1161.76680  989.04949  14.9%  52.8 12144s
H60861 44633                    1160.9731028  989.04949  14.8%  52.9 12153s
 61035 44670 1012.79698   32  241 1160.97310  989.04949  14.8%  52.9 12160s
 61179 45047 1028.84458   41  299 1160.97310  989.07993  14.8%  52.9 12166s
 61712 45492 1041.17902   47  222 1160.97310  989.10222  14.8%  52.9 12215s
 62260 45859 1061.02538   47  249 1160.97310  989.18990  14.8%  53.0 12262s
 62743 46222 1065.09323   43  168 1160.97310  989.26383  14.8%  53.0 12285s
 63111 46241 1038.38412   44    - 1160.97310  989.26383  14.8%  53.1 12293s
 63212 46531  999.82766   31  280 1160.97310  989.29630  14.8%  53.1 12297s
 63330 46541 1017.30919   44  275 1160.97310  989.29630  14.8%  53.1 12300s
 63673 46970 1102.01914   43  108 1160.97310  989.29630  14.8%  53.2 12307s
 63738 46980 1070.73162   50  287 1160.97310  989.29630  14.8%  53.2 12313s
 64203 47398     cutoff   69      1160.97310  989.37517  14.8%  53.2 12336s
 64274 47407 1112.27365   75  168 1160.97310  989.37858  14.8%  53.2 12351s
 64567 47434     cutoff   89      1160.97310  989.40494  14.8%  53.2 12359s
 64761 47445 infeasible   59      1160.97310  989.41268  14.8%  53.3 12363s
 64770 47518  992.30893   26  318 1160.97310  989.41268  14.8%  53.3 12366s
 64869 47783  995.98843   27  320 1160.97310  989.41446  14.8%  53.2 12385s
 64990 47796 1039.80723   37  199 1160.97310  989.41446  14.8%  53.2 12402s
 65047 47799 1119.40363   61  302 1160.97310  989.41446  14.8%  53.3 12405s
 65258 47918 1041.11433   33  182 1160.97310  989.44156  14.8%  53.3 12420s
 65319 47923 1032.99326   42  222 1160.97310  989.44156  14.8%  53.3 12425s
 65368 48191 1092.51309   72    - 1160.97310  989.44156  14.8%  53.3 12432s
 65744 48523     cutoff   57      1160.97310  989.44156  14.8%  53.4 12438s
 65957 48553 1150.15412   66  115 1160.97310  989.45791  14.8%  53.4 12447s
 66217 48939 1066.73627   46   21 1160.97310  989.49015  14.8%  53.5 12464s
 66650 48972 1048.49818   49   72 1160.97310  989.50165  14.8%  53.5 12476s
 66812 49307 1071.87286   61  189 1160.97310  989.52414  14.8%  53.5 12480s
 67014 49324 1050.98246   46  176 1160.97310  989.54050  14.8%  53.5 12490s
 67339 49681 1046.76339   36  266 1160.97310  989.55988  14.8%  53.6 12529s
 67411 49688 1048.81480   40  183 1160.97310  989.55988  14.8%  53.6 12553s
 67940 50173 infeasible   50      1160.97310  989.57064  14.8%  53.6 12561s
 68391 50218 1031.31850   39  151 1160.97310  989.61258  14.8%  53.6 12914s
 68569 50561 1123.09592   64  124 1160.97310  989.62009  14.8%  53.5 12960s
 69060 50926 1100.73325   70  116 1160.97310  989.65087  14.8%  53.6 12976s
 69361 50942 1005.10458   37  276 1160.97310  989.65087  14.8%  53.6 12986s
 69684 51283 1005.59464   38  286 1160.97310  989.65459  14.8%  53.5 12995s
 70150 51686 1095.01408   61   95 1160.97310  989.68929  14.8%  53.6 13005s
 70730 52044  999.98841   31  311 1160.97310  989.72193  14.8%  53.7 13025s
 70804 52053 1019.82193   37  306 1160.97310  989.72193  14.8%  53.7 13052s
 71011 52078 1056.40091   65   37 1160.97310  989.72193  14.8%  53.7 13106s
 71072 52082 1141.82884   78   93 1160.97310  989.72193  14.8%  53.7 13113s
 71239 52420 1142.22006   88   57 1160.97310  989.72193  14.8%  53.7 13116s
 71707 52452 infeasible   42      1160.97310  989.72193  14.8%  53.7 13146s
 72272 53067 1003.35698   28  203 1160.97310  989.84346  14.7%  53.7 13186s
 72743 53459 1013.36618   32  180 1160.97310  989.87887  14.7%  53.8 13200s
 73187 53835 1054.32603   46  225 1160.97310  989.89960  14.7%  53.9 13210s
 73374 53855 1067.80887   44  129 1160.97310  989.91565  14.7%  53.9 13241s
 73724 54169 1056.62242   57  308 1160.97310  989.94227  14.7%  53.9 14794s
 73762 54174 1022.11559   43   88 1160.97310  989.94227  14.7%  53.9 14795s
 74138 54542 1023.16990   29  165 1160.97310  989.99413  14.7%  54.0 14804s
 74248 54553 1031.95268   40  188 1160.97310  989.99789  14.7%  54.0 14808s
 74489 54565 1045.45673   42  184 1160.97310  990.01132  14.7%  54.0 14813s
 74633 54921 infeasible   44      1160.97310  990.01132  14.7%  54.0 14821s
 74961 54947 1134.33997   42  149 1160.97310  990.01132  14.7%  54.0 14950s
 75155 55321 1008.67922   39  222 1160.97310  990.01584  14.7%  54.1 14958s
 75356 55340 1052.99667   35  216 1160.97310  990.01584  14.7%  54.1 14963s
 75704 55661 1054.58147   38  157 1160.97310  990.09833  14.7%  54.0 14974s
 75776 55664 1152.02205   56   42 1160.97310  990.09833  14.7%  54.0 14993s
 76175 56027 infeasible   51      1160.97310  990.10112  14.7%  54.1 15004s
 76354 56050  992.76306   32  302 1160.97310  990.15779  14.7%  54.1 15380s
 76683 56467 1054.68472   57  291 1160.97310  990.18431  14.7%  54.1 15385s
 77133 56509 1061.92233   55  146 1160.97310  990.24447  14.7%  54.1 15553s
 77270 56882 1061.89925   44  181 1160.97310  990.24447  14.7%  54.1 15578s
 77473 56899 1030.69358   34  250 1160.97310  990.24447  14.7%  54.1 15581s
 77666 56915 1037.24282   38  157 1160.97310  990.25039  14.7%  54.1 15586s
 77811 57204 1006.44819   30  185 1160.97310  990.26964  14.7%  54.1 15603s
 78025 57227 1010.46632   29  287 1160.97310  990.28026  14.7%  54.2 15613s
 78267 57564 1029.81779   39  253 1160.97310  990.32208  14.7%  54.2 15639s
 78406 57573 1002.40448   30  206 1160.97310  990.32208  14.7%  54.3 15643s
 78691 57933 1072.70189   50  213 1160.97310  990.33761  14.7%  54.3 15659s
 78872 57943 1000.70717   29  287 1160.97310  990.34923  14.7%  54.3 15664s
 78978 57953 1071.59174   46  297 1160.97310  990.34923  14.7%  54.3 15665s
 79184 58283 1069.48267   59  106 1160.97310  990.35430  14.7%  54.3 15691s
 79651 58709 1042.77525   49  138 1160.97310  990.39234  14.7%  54.4 15707s
 79816 58719 1058.71297   60  205 1160.97310  990.39915  14.7%  54.4 15721s
 80214 59087 1011.40894   30  273 1160.97310  990.42809  14.7%  54.4 15728s
 80298 59098 1014.01115   41  213 1160.97310  990.42809  14.7%  54.4 15732s
 80526 59120 1015.61713   38  281 1160.97310  990.42809  14.7%  54.4 15766s
 80580 59125  999.62756   30  245 1160.97310  990.44044  14.7%  54.4 15773s
 80762 59451 infeasible   91      1160.97310  990.44044  14.7%  54.4 15779s
 81024 59463 1009.31008   29  318 1160.97310  990.46456  14.7%  54.4 16336s
 81220 59727 1096.07775   42  132 1160.97310  990.50276  14.7%  54.5 16379s
 81350 59735 1010.05501   30  190 1160.97310  990.50276  14.7%  54.5 16381s
 82093 60460 1050.71383   45  114 1160.97310  990.50276  14.7%  54.6 16493s
 82195 60471 1092.85720   70   66 1160.97310  990.50276  14.7%  54.6 16507s
 82593 60861 1043.57172   51   66 1160.97310  990.60042  14.7%  54.6 16530s
 83038 60903 1043.99311   42  281 1160.97310  990.61208  14.7%  54.6 16541s
 83178 61196 1062.51412   49  133 1160.97310  990.61208  14.7%  54.6 16612s
 83573 61559 1042.67061   31  251 1160.97310  990.66765  14.7%  54.6 16622s
 83989 61853 1020.61157   31  260 1160.97310  990.67538  14.7%  54.7 16629s
 84045 61855 1120.31805   66  278 1160.97310  990.67538  14.7%  54.7 16632s
 84409 62158 infeasible   59      1160.97310  990.72629  14.7%  54.8 16647s
 84796 62556 1032.83487   55  304 1160.97310  990.73282  14.7%  54.9 16668s
 85244 62579 1042.60031   45  282 1160.97310  990.75947  14.7%  54.9 16672s
 85327 62966 1043.91280   44  299 1160.97310  990.75947  14.7%  54.9 16677s
 85385 62972 1034.75546   47  279 1160.97310  990.75947  14.7%  54.9 16682s
 85816 63314 1019.36402   31  284 1160.97310  990.80220  14.7%  54.9 16691s
 86116 63341 1120.89703   61  224 1160.97310  990.80220  14.7%  54.9 16706s
 86680 63962 1033.02972   41  243 1160.97310  990.83290  14.7%  55.1 16725s
 86994 64000 1067.20463   44  162 1160.97310  990.83290  14.7%  55.1 16739s
 87099 64357 1001.12161   32  209 1160.97310  990.83290  14.7%  55.1 16745s
 87586 64642 1127.31156   88  223 1160.97310  990.83290  14.7%  55.2 16837s
 87714 64648 1066.83767   32  186 1160.97310  990.83290  14.7%  55.2 16859s
 87823 64662 1146.48293   78  221 1160.97310  990.83290  14.7%  55.2 16861s
 88013 64976 1045.53709   47  168 1160.97310  990.90424  14.6%  55.2 17204s
 88163 64988 1066.42796   41  249 1160.97310  990.90424  14.6%  55.3 17214s
 88434 65314 1128.06978   74  259 1160.97310  990.90424  14.6%  55.3 17243s
 88768 65340 1041.31152   44  216 1160.97310  990.90424  14.6%  55.4 17254s
 88879 65626 1069.18882   46  271 1160.97310  990.90424  14.6%  55.4 17265s
 89002 65634 1066.11633   58  304 1160.97310  990.90424  14.6%  55.4 17270s
 89324 65885 1035.79504   44  305 1160.97310  990.96428  14.6%  55.4 17275s
 89651 66202 1096.22069   69  293 1160.97310  990.98712  14.6%  55.5 17285s
 89828 66210 1040.31224   45  269 1160.97310  990.98930  14.6%  55.5 17290s
 90104 66238 1007.88339   34  318 1160.97310  991.05163  14.6%  55.6 17296s
 90113 66256 1011.68309   35  273 1160.97310  991.05163  14.6%  55.6 17306s
 90136 66256 1077.10350   44  136 1160.97310  991.05163  14.6%  55.6 17310s
 90237 66465 1104.33115   55   36 1160.97310  991.05323  14.6%  55.6 17315s
 90430 66811 1048.68324   46  101 1160.97310  991.05323  14.6%  55.6 17320s
 90949 67225 1078.09062   47  285 1160.97310  991.07856  14.6%  55.6 17357s
 91502 67636 1064.81117   48  173 1160.97310  991.10569  14.6%  55.6 17511s
 91726 67652  998.61087   33  154 1160.97310  991.11346  14.6%  55.6 17522s
 92016 68026 1142.61992   60  161 1160.97310  991.11346  14.6%  55.6 17536s
 92335 68063 1003.45110   34  245 1160.97310  991.16536  14.6%  55.7 17550s
 92548 68377 1025.29226   33  159 1160.97310  991.17022  14.6%  55.7 17562s
 92933 68396 1102.85315   57   98 1160.97310  991.18906  14.6%  55.7 17570s
 93407 69054 1017.87438   29  155 1160.97310  991.20310  14.6%  55.8 17587s
 93482 69058 1004.66809   34  318 1160.97310  991.20310  14.6%  55.8 17590s
 93920 69403 1064.40505   51  152 1160.97310  991.24133  14.6%  55.8 17596s
 93987 69405 1075.73345   70  210 1160.97310  991.24133  14.6%  55.8 17604s
 94374 69734 1095.89825   50   94 1160.97310  991.26968  14.6%  55.9 17614s
 94434 69741 1031.73199   38  231 1160.97310  991.26968  14.6%  55.9 17615s
 94827 70077 1051.71637   54  221 1160.97310  991.26968  14.6%  55.9 17626s
 95293 70353 1015.08754   29  189 1160.97310  991.28728  14.6%  56.0 17642s
 95697 70665 1126.97807   78   22 1160.97310  991.33310  14.6%  56.0 17660s
 96083 70989 1021.43032   44  287 1160.97310  991.33310  14.6%  56.1 17698s
 96131 70992 1036.21417   48  290 1160.97310  991.33310  14.6%  56.1 17702s
 96504 71337 1121.76013   87  210 1160.97310  991.36189  14.6%  56.2 17709s
 96840 71360 1093.50785   79  126 1160.97310  991.39390  14.6%  56.2 17713s
 96951 71658 infeasible   48      1160.97310  991.40012  14.6%  56.2 17718s
 97393 71989 1020.83170   42  307 1160.97310  991.40012  14.6%  56.3 17752s
 97889 72327 1029.07005   48   41 1160.97310  991.44663  14.6%  56.3 17769s
 98123 72348 infeasible   58      1160.97310  991.44663  14.6%  56.3 17878s
 98314 72609 1033.70467   38  258 1160.97310  991.44663  14.6%  56.4 17894s
 98718 72981 1146.24384   66   79 1160.97310  991.50266  14.6%  56.5 17938s
 98965 73007 1115.86170   58  254 1160.97310  991.51926  14.6%  56.5 17955s
 99211 73331 1063.75449   41  202 1160.97310  991.51926  14.6%  56.5 17971s
 99659 73689 1104.24696   73   55 1160.97310  991.52363  14.6%  56.5 17983s
 100143 74032 1108.23848   56   47 1160.97310  991.52363  14.6%  56.5 18067s
 100580 74361 1019.17533   34  305 1160.97310  991.58232  14.6%  56.6 18082s
 100818 74377 1002.59747   30  221 1160.97310  991.58232  14.6%  56.7 18092s
 101008 74666 1149.44591   68  210 1160.97310  991.58232  14.6%  56.7 18098s
 101456 75019 1031.05222   43  287 1160.97310  991.58232  14.6%  56.7 18459s
 101852 75062 1016.20200   27  239 1160.97310  991.63175  14.6%  56.8 18466s
 101936 75364 1070.96254   53  114 1160.97310  991.63175  14.6%  56.8 18471s
 101998 75374 1042.51887   44  210 1160.97310  991.63175  14.6%  56.8 18478s
 102330 75667 1150.38265   98  163 1160.97310  991.63999  14.6%  56.8 18524s
 102726 75986 1068.29132   53  147 1160.97310  991.65605  14.6%  56.8 18529s
 103143 76310 1022.03488   36  301 1160.97310  991.65605  14.6%  56.8 18548s
 103577 76640 infeasible   74      1160.97310  991.71940  14.6%  56.8 18575s
 103630 76648 1113.62046   65  166 1160.97310  991.72151  14.6%  56.8 18585s
 103915 76673 1025.22000   34  264 1160.97310  991.72627  14.6%  56.9 18717s
 104034 76970 1020.30035   36  310 1160.97310  991.72783  14.6%  56.9 18731s
 104463 77081  993.80808   29  166 1160.97310  991.72783  14.6%  56.9 18743s
 104562 77321 1000.26899   30  206 1160.97310  991.76918  14.6%  56.9 18752s
 104672 77330 infeasible   60      1160.97310  991.76973  14.6%  56.9 18773s
 104908 77715 1091.64970   53  218 1160.97310  991.78230  14.6%  57.0 18780s
 105475 78106 1094.13799   77   76 1160.97310  991.79030  14.6%  56.9 18793s
 105677 78125 1062.17540   64  226 1160.97310  991.81244  14.6%  56.9 18845s
 105741 78135 1052.06677   45  205 1160.97310  991.81665  14.6%  56.9 18850s
 105989 78543 1063.72377   69   76 1160.97310  991.82278  14.6%  56.9 18923s
 106153 78556 1013.20957   32  210 1160.97310  991.82278  14.6%  56.9 18938s
 106303 78569 1077.66986   57  280 1160.97310  991.84659  14.6%  56.9 18940s
 106550 78879 infeasible   51      1160.97310  991.87355  14.6%  56.9 18965s
 106645 78894 1024.08384   34  143 1160.97310  991.87355  14.6%  57.0 19902s
 107027 79272 1065.95379   61  170 1160.97310  991.90131  14.6%  57.0 19918s
 107088 79282 1015.82824   35  293 1160.97310  991.90217  14.6%  57.0 19921s
 107510 79569 1038.81980   53  132 1160.97310  991.92743  14.6%  57.0 19982s
 107932 79926 1018.90657   36  262 1160.97310  991.93984  14.6%  57.1 19992s
 108450 80361 1046.20562   56  215 1160.97310  991.95369  14.6%  57.1 20011s
 108586 80368  998.15934   26  273 1160.97310  991.96870  14.6%  57.1 20017s
 108656 80370 1109.33765   58  157 1160.97310  991.96870  14.6%  57.1 20068s
 108992 80769 1109.35658   56  255 1160.97310  991.97695  14.6%  57.1 20075s
 109068 80781 1048.10469   48  195 1160.97310  991.97695  14.6%  57.1 20083s
 109565 81091 infeasible   45      1160.97310  991.97695  14.6%  57.1 20100s
 109753 81105 1062.26855   41   74 1160.97310  991.97695  14.6%  57.1 20105s
 109917 81454 1050.24507   59  283 1160.97310  991.97695  14.6%  57.1 20111s
 110195 81474 1011.87820   33  251 1160.97310  991.97695  14.6%  57.1 20142s
 110441 81832 1011.71752   33  293 1160.97310  991.97695  14.6%  57.1 20147s
 110840 81852 1084.60328   51   73 1160.97310  991.97695  14.6%  57.2 20161s
 110882 82177 1018.34131   34  177 1160.97310  991.97695  14.6%  57.2 20165s
 111396 82582 1061.63269   44  266 1160.97310  992.05490  14.5%  57.2 20187s
 111591 82588 1128.52474   61  167 1160.97310  992.05490  14.5%  57.2 20190s
 111878 82895 1092.27919   49  137 1160.97310  992.06026  14.5%  57.2 20221s
 112268 82914 infeasible   90      1160.97310  992.12368  14.5%  57.3 20239s
 112332 82929 1155.24935   49   47 1160.97310  992.12368  14.5%  57.3 20251s
 112340 82953 1158.53936   50   64 1160.97310  992.12368  14.5%  57.3 20259s
 112400 83212     cutoff   51      1160.97310  992.13170  14.5%  57.3 20265s
 112775 83566 1003.28886   27  255 1160.97310  992.17234  14.5%  57.3 20316s
 113213 83950 1047.50211   33  160 1160.97310  992.19046  14.5%  57.3 20365s
 113657 84272 1082.53495   44  259 1160.97310  992.20949  14.5%  57.4 20377s
 114108 84677 1003.03154   34  170 1160.97310  992.21482  14.5%  57.4 20610s
 114620 85065 1019.18848   32  294 1160.97310  992.24213  14.5%  57.4 20653s
 114799 85080 1108.59868   61  272 1160.97310  992.24213  14.5%  57.4 20655s
 114838 85085 1040.56796   37  252 1160.97310  992.24213  14.5%  57.4 20663s
 115122 85386 1009.58830   36  308 1160.97310  992.24213  14.5%  57.4 20687s
 115196 85392 1019.20613   39  268 1160.97310  992.24213  14.5%  57.4 20690s
 115572 85696 1122.27268   46    - 1160.97310  992.29900  14.5%  57.4 20709s
 115997 86046 1099.86919   62  237 1160.97310  992.30328  14.5%  57.5 20729s
 116229 86066 1075.10321   46  148 1160.97310  992.30328  14.5%  57.5 20743s
 116463 86425 1126.06344   57  212 1160.97310  992.33621  14.5%  57.5 20749s
 116960 86800 1005.73496   28  262 1160.97310  992.34159  14.5%  57.6 20761s
 117454 87118 1097.11917   58   44 1160.97310  992.38345  14.5%  57.6 20780s
 117664 87145 infeasible   47      1160.97310  992.38345  14.5%  57.6 20787s
 118005 87524 1075.40729   58  206 1160.97310  992.38345  14.5%  57.6 20799s
 118121 87530 1151.21678   74   89 1160.97310  992.39569  14.5%  57.6 20803s
 118503 87881 1047.23729   43  268 1160.97310  992.42007  14.5%  57.6 22184s
 118789 87902 1071.25506   56  102 1160.97310  992.42007  14.5%  57.6 22188s
 118994 88218 1033.68186   43  239 1160.97310  992.42007  14.5%  57.6 22224s
 119447 88606 1027.24971   25  247 1160.97310  992.44120  14.5%  57.7 22265s
 119905 88921 1159.35470   90  145 1160.97310  992.46919  14.5%  57.7 22281s
 120394 89292 1100.30495   61  160 1160.97310  992.50547  14.5%  57.7 22296s
 120839 89624 1063.71745   55  193 1160.97310  992.53913  14.5%  57.8 22327s
 121263 89654 1034.13764   39  263 1160.97310  992.54863  14.5%  57.8 22337s
 121339 89929 1025.40773   47  252 1160.97310  992.54863  14.5%  57.8 22344s
 121627 89952 1030.75761   44  165 1160.97310  992.55145  14.5%  57.8 22345s
 121768 90269 1027.65399   38  221 1160.97310  992.55145  14.5%  57.8 22350s
 121974 90297 1017.49855   32  217 1160.97310  992.55145  14.5%  57.8 22477s
 122087 90308 1010.50470   29  275 1160.97310  992.56091  14.5%  57.8 22501s
 122264 90647 1006.43455   33  195 1160.97310  992.56129  14.5%  57.8 22507s
 122538 90668 1020.77392   38  291 1160.97310  992.56129  14.5%  57.8 22533s
 122606 90671 1031.91413   41  239 1160.97310  992.56129  14.5%  57.8 22535s
 122779 90977 1063.62274   69  178 1160.97310  992.56129  14.5%  57.9 22550s
 123217 91435 1099.72803   52  229 1160.97310  992.61689  14.5%  57.9 22567s
 123444 91458 1122.52692   58  223 1160.97310  992.61986  14.5%  57.9 22574s
 123819 91838 1010.19114   32  311 1160.97310  992.61986  14.5%  57.9 22579s
 124217 91868 1097.93367   83   40 1160.97310  992.61986  14.5%  57.9 22608s
 124362 92183 1012.71539   29  320 1160.97310  992.61986  14.5%  57.9 22613s
 124861 92594 1110.21968   64    - 1160.97310  992.67045  14.5%  57.9 22652s
 124945 92604 1023.45067   38  170 1160.97310  992.67045  14.5%  57.9 22665s
 125421 92933 infeasible   89      1160.97310  992.71225  14.5%  57.9 22679s
 125808 92950 1071.65638   42   87 1160.97310  992.72604  14.5%  57.9 22697s
 125845 93274 1010.95247   39  150 1160.97310  992.72604  14.5%  57.9 22702s
 126317 93653 1110.80783   69  296 1160.97310  992.73749  14.5%  58.0 22726s
 126606 93663 1114.75272   57  193 1160.97310  992.73749  14.5%  58.0 22747s
 126785 93990 1062.07516   42  240 1160.97310  992.74337  14.5%  58.0 22753s
 126846 93991 1053.69465   34  301 1160.97310  992.77653  14.5%  58.0 22760s
 127081 94015 1050.33991   52  249 1160.97310  992.77699  14.5%  58.0 22771s
 127233 94390 1068.00915   49  224 1160.97310  992.77699  14.5%  58.0 22820s
 127444 94397 1023.34117   40  249 1160.97310  992.79010  14.5%  58.1 22837s
 127713 94821 1039.69270   48  183 1160.97310  992.79010  14.5%  58.1 22846s
 128292 95218 1036.12622   45  262 1160.97310  992.82544  14.5%  58.0 22873s
 128480 95230 1138.61607   91   95 1160.97310  992.83430  14.5%  58.0 22875s
 128794 95519 infeasible   38      1160.97310  992.84175  14.5%  58.1 22882s
 128813 95519 1110.60949   75    - 1160.97310  992.84358  14.5%  58.1 22918s
 129206 95881 1101.12477   52  241 1160.97310  992.84415  14.5%  58.1 22930s
 129686 96222 1030.57508   37  214 1160.97310  992.87268  14.5%  58.1 22956s
 130107 96317 1016.96237   29  250 1160.97310  992.87613  14.5%  58.2 22970s
 130220 96577 1031.23092   30  264 1160.97310  992.87613  14.5%  58.2 22981s
 130598 96939 1067.85140   39  166 1160.97310  992.87613  14.5%  58.2 22995s
 131056 97220 1124.82031   73  126 1160.97310  992.90973  14.5%  58.2 23034s
 131121 97228 1027.76225   40  259 1160.97310  992.90973  14.5%  58.2 23046s
 131497 97611 1050.61794   48  279 1160.97310  992.91603  14.5%  58.2 23057s
 131592 97625 infeasible   93      1160.97310  992.91603  14.5%  58.2 23073s
 131654 97637 1018.38738   33  248 1160.97310  992.92678  14.5%  58.2 23075s
 132049 98000     cutoff   49      1160.97310  992.95841  14.5%  58.2 23082s
 132297 98012 1024.75576   36  310 1160.97310  992.95841  14.5%  58.2 23085s
 132548 98292 infeasible   71      1160.97310  992.96945  14.5%  58.2 23150s
 132821 98321 infeasible   80      1160.97310  992.96945  14.5%  58.2 23156s
 133042 98737     cutoff   65      1160.97310  992.98255  14.5%  58.2 23162s
 133322 98746 1006.20440   38  278 1160.97310  992.98436  14.5%  58.2 23166s
 133604 99134 1103.47895   69   39 1160.97310  993.00856  14.5%  58.2 23174s
 133778 99144 1125.76746   92   43 1160.97310  993.00856  14.5%  58.2 23176s
 133985 99158 1112.23218   79  123 1160.97310  993.00856  14.5%  58.2 23216s
 134128 99456 1089.96251   51   40 1160.97310  993.02683  14.5%  58.2 23334s
 134201 99469 infeasible   94      1160.97310  993.03104  14.5%  58.2 23378s
 134585 99837 1021.03902   40   98 1160.97310  993.04808  14.5%  58.3 23403s
 134630 99840 1070.95433   53  318 1160.97310  993.04808  14.5%  58.3 23405s
 134943 99872 1015.47427   32  159 1160.97310  993.04882  14.5%  58.2 23494s
 135065 100243 1009.76580   34  253 1160.97310  993.04882  14.5%  58.3 23502s
 135330 100272  997.12068   37  271 1160.97310  993.04882  14.5%  58.3 23552s
 135586 100644 1086.31672   48  288 1160.97310  993.04882  14.5%  58.3 23559s
 135667 100646 1075.24119   69   31 1160.97310  993.04882  14.5%  58.3 23566s
 135988 100674 1142.61632   81  108 1160.97310  993.07787  14.5%  58.3 23589s
 136092 100957 1119.76585   46  233 1160.97310  993.09080  14.5%  58.3 23650s
 136477 100986 1070.85028   57  214 1160.97310  993.11513  14.5%  58.3 23657s
 136535 101326 1089.03228   53  184 1160.97310  993.11513  14.5%  58.3 23666s
 136917 101352 1125.86930   65   50 1160.97310  993.11779  14.5%  58.3 23676s
 136987 101667 1076.85228   63   30 1160.97310  993.11831  14.5%  58.3 23684s
 137188 101677 1089.26510   73  112 1160.97310  993.12093  14.5%  58.3 23688s
 137441 101981 1039.79419   47  273 1160.97310  993.12527  14.5%  58.3 23698s
 137546 101989 1082.96369   65   69 1160.97310  993.13077  14.5%  58.4 23700s
 137841 102327 1002.23326   31  228 1160.97310  993.13623  14.5%  58.4 23709s
 137915 102331 1030.13769   38  134 1160.97310  993.13623  14.5%  58.4 23713s
 138250 102572 1036.94221   36  167 1160.97310  993.15120  14.5%  58.4 23722s
 138386 102588 infeasible   46      1160.97310  993.15120  14.5%  58.5 23728s
 138740 102914 1130.14117   46  125 1160.97310  993.15209  14.5%  58.4 23738s
 138971 102941 1012.06417   34  295 1160.97310  993.15209  14.5%  58.4 23747s
 139293 103258 1066.03299   53  176 1160.97310  993.17127  14.5%  58.4 23766s
 139701 103596 1101.69575   62   53 1160.97310  993.19702  14.5%  58.5 23774s
 139819 103599 1046.42633   42  208 1160.97310  993.19702  14.5%  58.5 23775s
 140117 103880 1141.07697   72    - 1160.97310  993.19702  14.5%  58.5 23785s
 140666 104250 infeasible   78      1160.97310  993.19848  14.5%  58.5 23827s
 141031 104265 1014.59032   36  181 1160.97310  993.21980  14.4%  58.5 23835s
 141141 104277  999.36725   31  300 1160.97310  993.21980  14.4%  58.5 23849s
 141167 104368 1006.11644   32  238 1160.97310  993.21980  14.4%  58.5 23860s
 141258 104380 1159.92418  109    - 1160.97310  993.22447  14.4%  58.5 23878s
 141302 104389 1006.40534   33  213 1160.97310  993.22447  14.4%  58.6 23896s
 141324 104507 1008.86890   34  208 1160.97310  993.22447  14.4%  58.6 23907s
 141511 104746 1047.37733   48  220 1160.97310  993.22447  14.4%  58.5 23917s
 141673 104755 1088.94092   35  209 1160.97310  993.22710  14.4%  58.6 23927s
 141840 105073 infeasible   39      1160.97310  993.22710  14.4%  58.6 24105s
 142218 105099 1015.07461   34  146 1160.97310  993.24381  14.4%  58.6 24110s
 142329 105439 1039.27327   36  198 1160.97310  993.24381  14.4%  58.6 24118s
 142734 105483 1112.87342   66  128 1160.97310  993.28115  14.4%  58.6 24133s
 142920 105793 1072.44573   68  185 1160.97310  993.28355  14.4%  58.6 24152s
 143157 105821 infeasible   74      1160.97310  993.28575  14.4%  58.5 24163s
 143434 106153 1014.63050   35  270 1160.97310  993.28682  14.4%  58.6 24177s
 143667 106159 1094.95815   62  260 1160.97310  993.30274  14.4%  58.6 24183s
 143899 106535 1116.15882   62  118 1160.97310  993.30274  14.4%  58.6 24204s
 144022 106543 1045.66239   45   13 1160.97310  993.30274  14.4%  58.6 24447s
 144439 106905 1017.14878   27  239 1160.97310  993.30274  14.4%  58.6 24458s
 144495 106909 1030.19976   38  117 1160.97310  993.30274  14.4%  58.6 24474s
 144816 106931 1029.51988   39  267 1160.97310  993.30274  14.4%  58.6 24492s
 144915 107268 1136.78810   55   34 1160.97310  993.33820  14.4%  58.6 24499s
 144958 107272 1069.76565   71  281 1160.97310  993.33820  14.4%  58.6 24501s
 145374 107595 1057.15120   53  130 1160.97310  993.35345  14.4%  58.7 24525s
 145560 107613 1081.31184   61  203 1160.97310  993.35345  14.4%  58.7 24538s
 145626 107618     cutoff   88      1160.97310  993.38455  14.4%  58.7 24554s
 145890 107946 infeasible   69      1160.97310  993.40635  14.4%  58.6 24560s
 146337 108253 1081.71424   54  260 1160.97310  993.41914  14.4%  58.7 24634s
 146698 108280 1014.96353   42   32 1160.97310  993.42306  14.4%  58.7 24806s
 146700 108281 1128.87697   56  418 1160.97310  993.42306  14.4%  58.7 24816s
 146701 108282 1039.93475   34  415 1160.97310  993.42306  14.4%  58.7 24826s
 146703 108283 1021.95923   43  459 1160.97310  993.42306  14.4%  58.7 24833s
 146705 108285 1025.12173   41  503 1160.97310  993.42306  14.4%  58.7 24839s
 146706 108285 1027.38474   39  514 1160.97310  993.42306  14.4%  58.7 24841s
 146707 108286 1125.27586   92  511 1160.97310  993.42306  14.4%  58.7 24846s
 146709 108287 1010.87998   35  503 1160.97310  993.42306  14.4%  58.7 24852s
 146711 108289 1104.69594   64  502 1160.97310  993.42306  14.4%  58.7 24859s
 146712 108289 1047.05795   62  525 1160.97310  993.42306  14.4%  58.7 24861s
 146713 108290 1114.45335   90  509 1160.97310  993.42306  14.4%  58.7 24865s
 146715 108291 1073.81984   63  505 1160.97310  993.42306  14.4%  58.7 24872s
 146717 108293 1051.73262   35  509 1160.97310  993.42306  14.4%  58.7 24878s
 146718 108293 1142.62002   52  513 1160.97310  993.42306  14.4%  58.7 24880s
 146720 108295 1021.16835   46  507 1160.97310  993.42306  14.4%  58.7 24885s
 146728 108309  993.42306   31  513 1160.97310  993.42306  14.4%  58.8 24890s
 146760 108331  993.42306   34  520 1160.97310  993.42306  14.4%  58.8 24895s
 146769 108339  993.42306   35  473 1160.97310  993.42306  14.4%  58.8 24907s
 146791 108356  993.42306   37  435 1160.97310  993.42306  14.4%  58.8 24910s
 146812 108365  993.42306   38  472 1160.97310  993.42306  14.4%  58.8 24919s
 146820 108370  993.42306   39  213 1160.97310  993.42306  14.4%  58.8 24922s
 146828 108376  993.42306   39  460 1160.97310  993.42306  14.4%  58.8 24927s
 146836 108382  993.42306   40  384 1160.97310  993.42306  14.4%  58.8 24932s
 146845 108388  993.42306   40  460 1160.97310  993.42306  14.4%  58.9 24935s
 146863 108406  998.57290   41  425 1160.97310  993.42306  14.4%  58.9 24941s
 146898 108422  993.42306   44  224 1160.97310  993.42306  14.4%  58.9 24948s
 146906 108428  997.68091   44  355 1160.97310  993.42306  14.4%  58.9 24951s
 146920 108431 1002.53522   44  504 1160.97310  993.42306  14.4%  58.9 24959s
 146922 108448  997.74633   45  356 1160.97310  993.42306  14.4%  58.9 24963s
 146940 108459  997.98234   46  359 1160.97310  993.42306  14.4%  58.9 24965s
 146994 108495 1002.36326   48  346 1160.97310  993.42306  14.4%  58.9 24972s
 147042 108522 1006.29392   51  473 1160.97310  993.42306  14.4%  58.9 24977s
 147090 108538 1010.84002   54  421 1160.97310  993.42306  14.4%  58.9 24982s
 147126 108546 1021.14733   56  371 1160.97310  993.42306  14.4%  59.0 24986s
 147198 108579 infeasible   60      1160.97310  993.42306  14.4%  59.0 24991s
 147278 108591  998.57475   39  202 1160.97310  993.42306  14.4%  59.0 24996s
 147325 108600 infeasible   69      1160.97310  993.42306  14.4%  59.0 25073s
 147337 108621  996.30882   36  372 1160.97310  993.42306  14.4%  59.0 25077s
 147387 108637 1005.55875   39  435 1160.97310  993.42306  14.4%  59.0 25081s
 147418 108632  995.12946   39  396 1160.97310  993.42306  14.4%  59.0 25088s
 147425 108665 1059.69503   41  255 1160.97310  993.42306  14.4%  59.0 25092s
 147469 108681 1066.58555   42  196 1160.97310  993.42306  14.4%  59.0 25098s
 147482 108679 1059.28954   73  157 1160.97310  993.42306  14.4%  59.0 25100s
 147515 108695 1077.43836   44  178 1160.97310  993.42306  14.4%  59.0 25105s
 147555 108709 1079.24123   48  223 1160.97310  993.42306  14.4%  59.0 25111s
 147585 108707 1083.88117   52  293 1160.97310  993.42306  14.4%  59.0 25116s
 147601 108712 1023.71125   49  206 1160.97310  993.42306  14.4%  59.1 25120s
 147626 108756 1083.48541   52  290 1160.97310  993.42306  14.4%  59.1 25130s
 147664 108767 1088.17080   58  107 1160.97310  993.42306  14.4%  59.1 25135s
 147703 108778 1089.20308   61  243 1160.97310  993.42306  14.4%  59.1 25140s
 147747 108812  993.42306   36  472 1160.97310  993.42306  14.4%  59.1 25146s
 147793 108846  996.19698   40  401 1160.97310  993.42306  14.4%  59.1 25151s
 147858 108862 1018.14415   46  197 1160.97310  993.42306  14.4%  59.1 25159s
 147916 108890 1023.56421   52  388 1160.97310  993.42306  14.4%  59.1 25165s
 147994 108889 1039.07503   57  401 1160.97310  993.42306  14.4%  59.1 25185s
 148067 108911  996.97259   37  364 1160.97310  993.42306  14.4%  59.2 25194s
 148138 108960 1010.60661   46  376 1160.97310  993.42306  14.4%  59.2 25200s
 148219 109005 1022.96437   55  466 1160.97310  993.42306  14.4%  59.2 25206s
 148297 109046 1033.45884   65  404 1160.97310  993.42306  14.4%  59.2 25212s
 148385 109078 1057.69873   76  265 1160.97310  993.42306  14.4%  59.2 25219s
 148423 109065 1073.09309   69  344 1160.97310  993.42306  14.4%  59.2 25220s
 148457 109121 1082.19233   89  157 1160.97310  993.42306  14.4%  59.2 25227s
 148560 109177  997.68962   40  286 1160.97310  993.42306  14.4%  59.2 25240s
 148661 109233 1020.27881   51  387 1160.97310  993.42306  14.4%  59.2 25250s
 148787 109277 1037.95136   61  373 1160.97310  993.42306  14.4%  59.2 25266s
 148868 109337 1040.55778   71  224 1160.97310  993.42306  14.4%  59.2 25275s
 148973 109313 1110.27450   91   80 1160.97310  993.42306  14.4%  59.2 25285s
 148982 109366 1110.94353   92  118 1160.97310  993.42306  14.4%  59.2 25294s
 149064 109413 1147.38289  106   58 1160.97310  993.42306  14.4%  59.3 25309s
 149193 109468 1016.86343   42  416 1160.97310  993.42306  14.4%  59.3 25325s
 149240 109453 1095.56098   87    - 1160.97310  993.42306  14.4%  59.3 25335s
 149365 109528 1032.28320   46  365 1160.97310  993.42306  14.4%  59.3 25380s
 149500 109621 1095.61401   58  203 1160.97310  993.42306  14.4%  59.3 25395s
 149704 109696 infeasible   74      1160.97310  993.42306  14.4%  59.3 25411s
 149856 109653 1015.46890   44  440 1160.97310  993.42306  14.4%  59.4 25415s
 149901 109860 1049.48139   51  437 1160.97310  993.42306  14.4%  59.4 25427s
 150242 110088 1008.07243   47  421 1160.97310  993.42306  14.4%  59.4 25443s
 150669 110283 1056.56689   82  177 1160.97310  993.42306  14.4%  59.4 25465s
 151174 110523 1004.47002   45  411 1160.97310  993.42306  14.4%  59.5 25642s
 151492 110440 infeasible   60      1160.97310  993.42306  14.4%  59.6 25647s
 151705 110730 1046.97358   53  424 1160.97310  993.42306  14.4%  59.6 25662s
 152189 111012 1064.34594   68  386 1160.97310  993.42306  14.4%  59.7 25697s
 152240 111002 1143.77590   99  422 1160.97310  993.42306  14.4%  59.7 25700s
 152589 110898 1018.29744   43  427 1160.97310  993.42306  14.4%  59.7 25705s
 152809 111308 1021.59017   44  339 1160.97310  993.42306  14.4%  59.8 25721s
 152880 111287 1080.08194   75   87 1160.97310  993.42306  14.4%  59.8 25744s
 153495 111557 1121.98650   77  422 1160.97310  993.42306  14.4%  59.9 25782s
H153773 111499                    1158.9490163  993.42306  14.3%  59.9 25797s
 154226 111395 1042.13255   60  278 1158.94902  993.42306  14.3%  60.0 25805s
 154360 111520 1030.66606   53  440 1158.94902  993.42306  14.3%  60.0 25820s
 154564 111466 1032.93861   49  350 1158.94902  993.42306  14.3%  60.0 25836s
 154566 112015 1008.67259   40  426 1158.94902  993.42306  14.3%  60.0 25886s
 154674 111983 infeasible   72      1158.94902  993.42306  14.3%  60.0 25912s
 154753 111959 1040.99950   54  331 1158.94902  993.42306  14.3%  60.0 25919s
 155356 112307 1049.82639   76  347 1158.94902  993.42306  14.3%  60.1 25946s
 155884 112153 1036.71738   65  413 1158.94902  993.42306  14.3%  60.2 25970s
 156048 112802 1018.79188   39  409 1158.94902  993.42306  14.3%  60.3 25994s
 156134 112777 1017.25692   35  237 1158.94902  993.42306  14.3%  60.3 25995s
 156968 113204 1045.47845   44  411 1158.94902  993.42306  14.3%  60.4 26018s
 157932 113544 1064.86912   87  342 1158.94902  993.42306  14.3%  60.6 26064s
 158103 113487 infeasible   77      1158.94902  993.42306  14.3%  60.6 26068s
 158953 114047 1020.13201   45  403 1158.94902  993.42306  14.3%  60.8 26102s
 160130 114656 1059.37155   56  209 1158.94902  993.42306  14.3%  60.9 26610s
 161422 115064 1046.48650   69  408 1158.94902  993.42306  14.3%  61.0 26661s
 162578 115429 1079.18728   60  206 1158.94902  993.42306  14.3%  61.2 26689s
 163549 115154 infeasible   70      1158.94902  993.42306  14.3%  61.3 26707s
 163638 115966 1053.74007   57  433 1158.94902  993.42306  14.3%  61.3 26731s
 164498 115721 1146.70588   91  100 1158.94902  993.65000  14.3%  61.5 26739s
 164795 116692 1084.37338   58  290 1158.94902  993.79914  14.2%  61.5 26763s
 166128 116319 1091.83694   77  377 1158.94902  994.39978  14.2%  61.6 26803s
 166287 117392 1023.21242   51  346 1158.94902  994.39978  14.2%  61.7 26829s
 166476 117338 infeasible   54      1158.94902  994.41895  14.2%  61.7 26843s
 166876 117227 1016.50747   49  393 1158.94902  994.41895  14.2%  61.7 26847s
 167865 118002 1116.22788   79  203 1158.94902  994.83420  14.2%  61.8 26883s
 168225 117892 1003.66880   39  426 1158.94902  994.84327  14.2%  61.9 27248s
 168625 117779     cutoff   91      1158.94902  994.84545  14.2%  61.9 27251s
 169420 118650 1069.20562   62  229 1158.94902  995.25754  14.1%  61.9 27310s
 170174 118435 1014.41650   45  394 1158.94902  995.58128  14.1%  62.0 27321s
 170988 119189 infeasible   63      1158.94902  995.83921  14.1%  62.1 27356s
 172412 119862 1055.06024   52  322 1158.94902  996.12821  14.0%  62.2 27438s
 173914 120303 1086.72679   68  274 1158.94902  996.34685  14.0%  62.3 27471s
 174983 119983 1001.11191   45  387 1158.94902  996.62093  14.0%  62.5 27475s
 175139 120854 1075.43515   67  360 1158.94902  996.69769  14.0%  62.5 27497s
 175471 120748 1026.85547   54  382 1158.94902  996.69950  14.0%  62.5 27501s
 176445 120583 1009.05145   42  428 1158.94902  996.93217  14.0%  62.6 27532s
 176446 120583 1065.70734   68  352 1158.94902  996.93217  14.0%  62.6 27535s
 176623 121310 1009.82449   42  267 1158.94902  996.99916  14.0%  62.6 27558s
 177736 121906 1068.46132   71  250 1158.94902  997.19650  14.0%  62.8 27598s
 178031 121818 1014.71324   41  461 1158.94902  997.20360  14.0%  62.8 27600s
 178539 121680 1064.99126   54  365 1158.94902  997.20360  14.0%  62.9 27615s
 178992 122439 1038.88106   50  156 1158.94902  997.42895  13.9%  62.9 27641s
 179318 122352 1015.38541   41  413 1158.94902  997.42969  13.9%  63.0 27650s
 180317 122926 1036.81739   50  350 1158.94902  997.68757  13.9%  63.0 27688s
 181416 122637 1030.23096   42  321 1158.94902  997.84350  13.9%  63.1 27756s
 181545 123556 1076.85862   67  349 1158.94902  997.84350  13.9%  63.1 27776s
 181741 123496 1078.01405   54  377 1158.94902  997.84350  13.9%  63.1 27783s
 182869 123874 1086.70858   73   58 1158.94902  998.02114  13.9%  63.2 27829s
 183842 124521 1089.60178   75  364 1158.94902  998.13238  13.9%  63.3 28021s
 184334 124396 1034.03693   60  375 1158.94902  998.13238  13.9%  63.3 28049s
 185220 124941 1013.14955   45  387 1158.94902  998.33927  13.9%  63.4 28082s
 186220 124679 1010.12805   48  388 1158.94902  998.46908  13.8%  63.4 28121s
 186385 125405 1025.68165   58  333 1158.94902  998.46908  13.8%  63.4 28141s
 186832 125285 1043.93760   55  246 1158.94902  998.52989  13.8%  63.5 28148s
 187118 125202 1016.17875   41  410 1158.94902  998.59069  13.8%  63.5 28156s
 187526 125786 1043.69932   57  247 1158.94902  998.70417  13.8%  63.5 28176s
 188606 126411 1043.69376   48  224 1158.94902  998.85801  13.8%  63.6 28259s
 189292 126210 1146.36683   71   44 1158.94902  998.98598  13.8%  63.6 28278s
 189973 126860     cutoff   74      1158.94902  999.09862  13.8%  63.7 28355s
 191230 127239 1038.17686   50  188 1158.94902  999.24850  13.8%  63.7 28452s

Cutting planes:
  Gomory: 12
  MIR: 1
  Inf proof: 21
  Zero half: 18
  Lazy constraints: 3799

Explored 192317 nodes (12273392 simplex iterations) in 28800.32 seconds (4125.96 work units)
Thread count was 8 (of 18 available processors)

Solution count 10: 1158.95 1160.97 1161.77 ... 1189.09

Solve interrupted
Best objective 1.158949016297e+03, best bound 9.993096527202e+02, gap 13.7745%

User-callback calls 513530, time in user-callback 26423.83 sec
### START EXACT APPROACH ###
ProblemVariant: 4
### START PREPROCESSING ###
## Start infeasible path procedure ## 
Deleted arcs: 2
Infeasible tail paths: 2
Infeasible 2-node combinations: 1
## Start extended infeasible path procedure ##
Deleted arcs: 2
Infeasible tail paths: 2
Infeasible 2-node combinations: 1
## Start start solution procedure ##
Start solution with 7 Vehicles and total costs 1309.04 in 26.5031 s.
### END PREPROCESSING ###
Route 0 0-1-31-30-0 : weight util 0.612500 | volume util 0.587933 | feasible with packing heuristic | feasible with CP model
Route 1 0-3-8-9-10-32-11-2-0 : weight util 0.706250 | volume util 0.801067 | infeasible with packing heuristic | feasible with CP model
Route 2 0-5-6-7-4-0 : weight util 0.415000 | volume util 0.627867 | infeasible with packing heuristic | feasible with CP model
Route 3 0-12-18-21-20-22-23-24-17-0 : weight util 0.600000 | volume util 0.825867 | infeasible with packing heuristic | feasible with CP model
Route 4 0-13-19-25-15-14-0 : weight util 0.487500 | volume util 0.688089 | feasible with packing heuristic | feasible with CP model
Route 5 0-26-27-16-28-29-0 : weight util 0.850000 | volume util 0.817867 | infeasible with packing heuristic | feasible with CP model
