
Gurobi 12.0.1 (win64, C++) logging started Tue Apr 22 20:02:14 2025

Set parameter Username
Set parameter LicenseID to value 2618661
Academic license - for non-commercial use only - expires 2026-02-05
Set parameter Threads to value 8
Set parameter LazyConstraints to value 1
Set parameter PreCrush to value 1
Set parameter Seed to value 10
Set parameter Cuts to value -1
Set parameter TimeLimit to value 28800
Set parameter NumericFocus to value 0
Set parameter SolutionLimit to value 10000
Gurobi Optimizer version 12.0.1 build v12.0.1rc0 (win64 - Windows Server 2022.0 (20348.2))

CPU model: AMD EPYC 7513 32-Core Processor, instruction set [SSE2|AVX|AVX2]
Thread count: 18 physical cores, 18 logical processors, using up to 8 threads

Non-default parameters:
SolutionLimit  10000
TimeLimit  28800
PreCrush  1
Seed  10
Threads  8
LazyConstraints  1

Optimize a model with 1327 rows, 2601 columns and 7650 nonzeros
Model fingerprint: 0xe74e5d50
Variable types: 0 continuous, 2601 integer (2601 binary)
Coefficient statistics:
  Matrix range     [1e+00, 1e+00]
  Objective range  [2e+00, 9e+01]
  Bounds range     [1e+00, 1e+00]
  RHS range        [1e+00, 7e+00]

Warning: Completing partial solution with 2493 unfixed non-continuous variables out of 2601
User MIP start produced solution with objective 613.342 (0.00s)
Loaded user MIP start with objective 613.342

Presolve removed 1 rows and 51 columns
Presolve time: 0.01s
Presolved: 1326 rows, 2550 columns, 7500 nonzeros
Variable types: 0 continuous, 2550 integer (2550 binary)

Root relaxation: objective 4.918518e+02, 222 iterations, 0.00 seconds (0.00 work units)

    Nodes    |    Current Node    |     Objective Bounds      |     Work
 Expl Unexpl |  Obj  Depth IntInf | Incumbent    BestBd   Gap | It/Node Time

     0     0  491.85180    0   14  613.34152  491.85180  19.8%     -    0s
     0     0  500.76864    0   81  613.34152  500.76864  18.4%     -    0s
     0     0  523.98204    0   59  613.34152  523.98204  14.6%     -    0s
     0     0  526.55039    0  106  613.34152  526.55039  14.2%     -    0s
     0     0  530.16702    0  105  613.34152  530.16702  13.6%     -    0s
     0     0  533.13026    0  118  613.34152  533.13026  13.1%     -    0s
     0     0  536.72539    0  110  613.34152  536.72539  12.5%     -    0s
     0     0  537.40613    0  121  613.34152  537.40613  12.4%     -    1s
     0     0  542.09780    0   87  613.34152  542.09780  11.6%     -    2s
     0     2  548.87371    0   79  613.34152  548.87371  10.5%     -    4s
     1     4  552.43072    1  128  613.34152  548.87371  10.5%   175    5s
    79    93  570.59303    8  138  613.34152  560.45164  8.62%   190   10s
   161   178  572.73851   12  152  613.34152  560.45164  8.62%   141   15s
   731   791  592.07589   66  114  613.34152  560.45164  8.62%  72.4   20s
  2010  1960  608.07467  269   87  613.34152  560.51501  8.61%  47.9   29s
  2012  1961  597.13487   68  676  613.34152  567.58485  7.46%  47.8   31s
  2017  1965  574.17497   17  677  613.34152  570.63751  6.96%  47.7   35s
  2024  1969  604.85908   93  695  613.34152  570.87495  6.92%  47.6   40s
  2930  2481  596.87112   69  651  613.34152  570.90086  6.92%  67.1   45s
Warning: Completing partial solution with 2493 unfixed non-continuous variables out of 2601
Warning: Completing partial solution with 2493 unfixed non-continuous variables out of 2601
H 3782  2486                     596.6175143  570.98786  4.30%  71.4   48s
Warning: Completing partial solution with 2493 unfixed non-continuous variables out of 2601
H 4110  2472                     592.7684845  571.01681  3.67%  73.6   49s
  4187  2505  572.28547   25  686  592.76848  571.01681  3.67%  73.8   50s
  4808  2685  583.72828   44  645  592.76848  571.25772  3.63%  77.1   55s
  5516  2905  578.28568   28  673  592.76848  571.27903  3.63%  79.0   61s
  5520  2908  579.63382   30  700  592.76848  571.27903  3.63%  79.0   65s
  5527  2913  582.93032   37  694  592.76848  571.27903  3.63%  78.9   70s
  5532  2919  571.27903   27  696  592.76848  571.27903  3.63%  79.6   75s
H 5769  2928                     592.7013344  571.58506  3.56%  82.0   77s
  6317  3112  577.50140   38  598  592.70133  571.97158  3.50%  83.8   80s
  8097  3628     cutoff   49       592.70133  574.35964  3.09%  85.0   85s
  9758  4236  588.94153   43  584  592.70133  575.58173  2.89%  86.6   90s
 12202  4947  590.43411   54  103  592.70133  576.67327  2.70%  85.5   95s
 14181  5668  587.76465   46  637  592.70133  577.39794  2.58%  84.1  100s
 16478  6985  587.15147   49  595  592.70133  578.02259  2.48%  83.2  105s
 19040  8135  587.11941   41  602  592.70133  578.51149  2.39%  82.8  111s
 19074  8187  588.88895   44  646  592.70133  578.51149  2.39%  82.7  115s
 19651  8542  580.47085   43  672  592.70133  578.51149  2.39%  82.6  120s
 20274  9015  590.76365   64  653  592.70133  578.51149  2.39%  82.6  125s
 21264  9664  584.50975   42  564  592.70133  578.78210  2.35%  82.8  130s
 22764 10547  587.91822   41  656  592.70133  579.09289  2.30%  82.8  135s
 25216 11377  587.40899   45  575  592.70133  579.47664  2.23%  83.6  140s
 27200 12807 infeasible   55       592.70133  579.72505  2.19%  83.5  147s
 28180 12831  588.98483   53  637  592.70133  579.85620  2.17%  83.7  150s
 28896 13590  587.45150   49  626  592.70133  579.85727  2.17%  83.7  155s
 30827 14402  587.72393   46  626  592.70133  580.14214  2.12%  83.8  160s
 32516 15253  584.10916   37  655  592.70133  580.28502  2.09%  84.0  165s
 34529 16099  585.00486   47  682  592.70133  580.49734  2.06%  84.0  170s
 36597 16934  585.62330   51  660  592.70133  580.65380  2.03%  83.6  175s
 38263 17601     cutoff   47       592.70133  580.77384  2.01%  83.8  181s
 40097 18391  584.24544   42  613  592.70133  580.90119  1.99%  84.0  186s
 41768 19070  591.86275   49  656  592.70133  581.09921  1.96%  84.1  191s
 43490 19757     cutoff   49       592.70133  581.19857  1.94%  83.9  196s
 45130 20486  587.96472   50   88  592.70133  581.30549  1.92%  84.3  201s
 46825 21030  588.96273   43  651  592.70133  581.42005  1.90%  84.3  206s
 48259 21434  588.17867   39  598  592.70133  581.52416  1.89%  84.4  212s
 49103 21911     cutoff   49       592.70133  581.53471  1.88%  84.5  217s
 50706 22615  584.25417   43  558  592.70133  581.68187  1.86%  84.4  222s
 51609 22977  588.64934   52  677  592.70133  581.73352  1.85%  84.4  225s
 53076 23560     cutoff   50       592.70133  581.83664  1.83%  84.4  230s
 54633 24201  588.92056   41  668  592.70133  581.92677  1.82%  84.6  235s
 56259 24813     cutoff   53       592.70133  582.00894  1.80%  84.6  240s
 57991 25375  589.07571   47  670  592.70133  582.07661  1.79%  84.6  245s
 59568 25902     cutoff   43       592.70133  582.15583  1.78%  84.6  250s
 61139 26416  586.98530   49  640  592.70133  582.22306  1.77%  84.7  255s
 62695 26967  591.15905   52  299  592.70133  582.29628  1.76%  84.7  260s
 64354 27564  586.78066   50  668  592.70133  582.37807  1.74%  84.7  265s
 65815 28061     cutoff   47       592.70133  582.44144  1.73%  84.9  270s
 67492 28578     cutoff   47       592.70133  582.51389  1.72%  85.0  275s
 68937 29034  585.51987   41  643  592.70133  582.56807  1.71%  85.1  280s
 70382 29467  591.78666   51  669  592.70133  582.64029  1.70%  85.3  285s
 71769 29872  586.88219   39  662  592.70133  582.69662  1.69%  85.4  291s
 73176 30330  590.49995   60  655  592.70133  582.76438  1.68%  85.5  296s
 74702 30700     cutoff   47       592.70133  582.84101  1.66%  85.5  301s
 76092 31200     cutoff   48       592.70133  582.89018  1.66%  85.6  306s
 77510 31719  586.86003   43  612  592.70133  582.93618  1.65%  85.7  311s
 79061 32240  584.11730   46  698  592.70133  582.99560  1.64%  85.9  316s
 80425 32661     cutoff   45       592.70133  583.04931  1.63%  85.9  321s
 81879 33090     cutoff   40       592.70133  583.10569  1.62%  86.0  327s
 83360 33506     cutoff   38       592.70133  583.16211  1.61%  85.9  332s
 84673 33909     cutoff   46       592.70133  583.19906  1.60%  86.0  337s
 85304 34124     cutoff   47       592.70133  583.23623  1.60%  86.1  340s
 86732 34603  587.06890   46  681  592.70133  583.27904  1.59%  86.1  345s
 88107 34938  590.39665   54  667  592.70133  583.34573  1.58%  86.2  350s
 89477 35268  591.84295   49  610  592.70133  583.39888  1.57%  86.3  355s
 90956 35653  586.35466   41  665  592.70133  583.43647  1.56%  86.4  361s
 92287 36055  589.69378   42  672  592.70133  583.47893  1.56%  86.4  366s
 93777 36415  587.92911   45  636  592.70133  583.53282  1.55%  86.5  371s
 95156 36709     cutoff   56       592.70133  583.57218  1.54%  86.6  377s
 96388 36956  590.27125   56  636  592.70133  583.59890  1.54%  86.6  380s
 97334 37400  589.45034   58  599  592.70133  583.64173  1.53%  86.6  385s
 98904 37878  589.42898   39  660  592.70133  583.69389  1.52%  86.6  390s
 100524 38229     cutoff   49       592.70133  583.75029  1.51%  86.6  396s
 101724 38590  588.09111   54  673  592.70133  583.78054  1.51%  86.8  401s
 103229 38999  592.44831   60  519  592.70133  583.82863  1.50%  86.8  406s
 104529 39351  589.97312   47  598  592.70133  583.86484  1.49%  86.8  412s
 105236 39358  586.37078   49  651  592.70133  583.89008  1.49%  86.9  415s
 105253 39383     cutoff   51       592.70133  583.89086  1.49%  86.9  420s
 105566 39527  588.60594   43  633  592.70133  583.89544  1.49%  86.9  425s
 106583 39769     cutoff   45       592.70133  583.93054  1.48%  86.9  430s
 107878 40159  588.11278   50  638  592.70133  583.96884  1.47%  87.0  436s
 109256 40455  586.64517   46  626  592.70133  584.00920  1.47%  87.0  442s
 109908 40644     cutoff   47       592.70133  584.02374  1.46%  87.0  445s
 111271 40939  592.28364   45  662  592.70133  584.05169  1.46%  87.1  450s
 112624 41297  589.39890   50  662  592.70133  584.09138  1.45%  87.1  456s
 114066 41613  588.65270   57  667  592.70133  584.12637  1.45%  87.1  462s
 114716 41739  589.39327   42  672  592.70133  584.14443  1.44%  87.1  465s
 116120 41963  588.91232   50  561  592.70133  584.17320  1.44%  87.2  471s
 117492 42243  585.01385   37  636  592.70133  584.22799  1.43%  87.2  477s
 117925 42382  588.57442   46  696  592.70133  584.23153  1.43%  87.2  481s
 118695 42523  592.36304   55  658  592.70133  584.24382  1.43%  87.2  486s
 119290 42634  590.12704   46  677  592.70133  584.24834  1.43%  87.2  492s
 119561 42696  587.94108   49  584  592.70133  584.25019  1.43%  87.2  495s
 120095 42800     cutoff   44       592.70133  584.26548  1.42%  87.2  500s
 120683 43028     cutoff   44       592.70133  584.26548  1.42%  87.2  505s
 121965 43387  588.53173   36  619  592.70133  584.33735  1.41%  87.2  511s
 123480 43684  589.72658   46  589  592.70133  584.36593  1.41%  87.2  517s
 124225 43840  589.04066   42  661  592.70133  584.39054  1.40%  87.2  520s
 125706 44148  591.79467   51  634  592.70133  584.42736  1.40%  87.3  526s
 127102 44442  590.72580   61  638  592.70133  584.46050  1.39%  87.3  532s
 127809 44565  590.18453   47  494  592.70133  584.48132  1.39%  87.4  535s
 129170 44844  590.04368   47  648  592.70133  584.51084  1.38%  87.5  541s
 130596 45089  591.79032   50  606  592.70133  584.54735  1.38%  87.5  546s
 131483 45278     cutoff   43       592.70133  584.57051  1.37%  87.6  550s
 132704 45573  589.99474   40  668  592.70133  584.60750  1.37%  87.6  555s
 134127 45834     cutoff   46       592.70133  584.64138  1.36%  87.6  561s
 135564 46117     cutoff   58       592.70133  584.67184  1.35%  87.7  567s
 136297 46247  591.26185   49  592  592.70133  584.68573  1.35%  87.7  570s
 137742 46606  586.04694   46  641  592.70133  584.71996  1.35%  87.7  576s
 139165 46844  590.90807   41  508  592.70133  584.74391  1.34%  87.8  582s
 139944 46944  590.13845   43  468  592.70133  584.76087  1.34%  87.8  585s
 141223 47198  591.26066   47  657  592.70133  584.78882  1.33%  87.8  591s
 142634 47467  587.04325   43  574  592.70133  584.82026  1.33%  87.9  597s
 143349 47567     cutoff   47       592.70133  584.83839  1.33%  87.9  601s
 144818 47843  589.54744   52  624  592.70133  584.87123  1.32%  87.9  607s
 145579 47975  589.93140   40  665  592.70133  584.88822  1.32%  87.9  610s
 146932 48222  590.59078   47  588  592.70133  584.91584  1.31%  88.0  616s
 148321 48499  592.07475   46  642  592.70133  584.94567  1.31%  88.1  622s
 149046 48598  586.62452   46  625  592.70133  584.96431  1.31%  88.1  625s
 150398 48861     cutoff   43       592.70133  584.98787  1.30%  88.1  631s
 151844 49049  590.59844   57  688  592.70133  585.02410  1.30%  88.2  637s
 152567 49219     cutoff   47       592.70133  585.04217  1.29%  88.2  641s
 154004 49500  588.83637   46  540  592.70133  585.07091  1.29%  88.2  647s
 154728 49568  591.42100   44  665  592.70133  585.08583  1.28%  88.2  650s
 156049 49843     cutoff   63       592.70133  585.11445  1.28%  88.3  656s
 156785 49948  591.78156   52  643  592.70133  585.13206  1.28%  88.3  660s
 158153 50197     cutoff   52       592.70133  585.16185  1.27%  88.4  666s
 159639 50508  588.63427   45  673  592.70133  585.19552  1.27%  88.3  673s
 160323 50627     cutoff   47       592.70133  585.21010  1.26%  88.4  676s
 161801 50800  589.48034   41  619  592.70133  585.24001  1.26%  88.4  682s
 162516 50901  588.10631   56  649  592.70133  585.25038  1.26%  88.4  685s
 163960 51019  588.22517   45  516  592.70133  585.27829  1.25%  88.4  692s
 163970 51034  589.56293   46  524  592.70133  585.27941  1.25%  88.4  695s
 164278 51107  589.56293   48  519  592.70133  585.28032  1.25%  88.4  701s
 164752 51191     cutoff   44       592.70133  585.28078  1.25%  88.4  705s
 166099 51494  592.12402   52  476  592.70133  585.32452  1.24%  88.4  711s
 167541 51679     cutoff   51       592.70133  585.35162  1.24%  88.5  718s
 168236 51762     cutoff   49       592.70133  585.36558  1.24%  88.5  721s
 169646 51955  588.90255   47  607  592.70133  585.39182  1.23%  88.5  727s
 170344 52063  587.92166   47  525  592.70133  585.40174  1.23%  88.6  730s
 171788 52235  588.72478   47  640  592.70133  585.42766  1.23%  88.6  737s
 172503 52330     cutoff   54       592.70133  585.44470  1.22%  88.6  740s
 173977 52572 infeasible   53       592.70133  585.46870  1.22%  88.6  747s
 174641 52676  589.73697   42  613  592.70133  585.48133  1.22%  88.7  750s
 176095 52870     cutoff   50       592.70133  585.50650  1.21%  88.7  757s
 176838 52971     cutoff   50       592.70133  585.52028  1.21%  88.7  760s
 178218 53182     cutoff   53       592.70133  585.54426  1.21%  88.8  767s
 178961 53340  590.58740   51  543  592.70133  585.55692  1.21%  88.8  770s
 180436 53536  591.13894   48  209  592.70133  585.58140  1.20%  88.8  777s
 181147 53687  590.56312   45  636  592.70133  585.59336  1.20%  88.8  780s
 182530 53852     cutoff   58       592.70133  585.61414  1.20%  88.8  787s
 183247 54010     cutoff   50       592.70133  585.62723  1.19%  88.8  790s
 184689 54171     cutoff   46       592.70133  585.65337  1.19%  88.8  796s
 185341 54267  590.13611   56  662  592.70133  585.66687  1.19%  88.9  800s
 186757 54448  589.89950   46  653  592.70133  585.69359  1.18%  88.9  806s
 187907 54519  591.52042   63  643  592.70133  585.70602  1.18%  88.9  810s
 188826 54733  588.78923   52  690  592.70133  585.72870  1.18%  89.0  816s
 190252 54872  591.16130   48  510  592.70133  585.75478  1.17%  89.0  822s
 190925 54955  591.42696   48  644  592.70133  585.77074  1.17%  89.0  826s
 192312 55099  589.66461   46  534  592.70133  585.79361  1.17%  89.0  832s
 193043 55170  590.32593   50  658  592.70133  585.80727  1.16%  89.0  835s
 194502 55377  589.73827   50  629  592.70133  585.83605  1.16%  89.0  842s
 195256 55431  592.34465   62  601  592.70133  585.84977  1.16%  89.0  845s
 196609 55583  591.44357   52  666  592.70133  585.87434  1.15%  89.1  852s
 197334 55669  588.52238   45  665  592.70133  585.89116  1.15%  89.1  855s
 198762 55825     cutoff   42       592.70133  585.91568  1.14%  89.1  862s
 199497 55914  592.42924   48  615  592.70133  585.92810  1.14%  89.1  865s
 200929 56080  590.65227   48  582  592.70133  585.95836  1.14%  89.1  872s
 201586 56204  590.10020   59  676  592.70133  585.96974  1.14%  89.2  875s
 203057 56339  591.17869   56  649  592.70133  585.99185  1.13%  89.1  882s
 203743 56403     cutoff   49       592.70133  586.00082  1.13%  89.2  885s
 205153 56529  592.10146   50  604  592.70133  586.02985  1.13%  89.2  892s
 205898 56633  589.18766   45  665  592.70133  586.04092  1.12%  89.2  896s
 207375 56756  590.72453   45  690  592.70133  586.06220  1.12%  89.2  903s
 208107 56828  590.65570   49  661  592.70133  586.07451  1.12%  89.2  906s
 209517 56936     cutoff   54       592.70133  586.09577  1.11%  89.2  913s
 210215 56978  591.23753   49  636  592.70133  586.11095  1.11%  89.2  916s
 210859 57066  590.62136   49  644  592.70133  586.11858  1.11%  89.2  920s
 212301 57216  591.82133   44  614  592.70133  586.14094  1.11%  89.2  926s
 213017 57297     cutoff   48       592.70133  586.15601  1.10%  89.2  930s
 214449 57398     cutoff   51       592.70133  586.18187  1.10%  89.3  936s
 215125 57494  587.57880   44  663  592.70133  586.19120  1.10%  89.3  940s
 216563 57632  590.60566   51  660  592.70133  586.21388  1.09%  89.3  947s
 217292 57694  589.19740   56  672  592.70133  586.22271  1.09%  89.3  950s
 218632 57835  589.67252   46  630  592.70133  586.24503  1.09%  89.3  957s
 219338 57881     cutoff   46       592.70133  586.25514  1.09%  89.3  960s
 220715 58055     cutoff   47       592.70133  586.27699  1.08%  89.3  967s
 221480 58120  591.68358   52  631  592.70133  586.28992  1.08%  89.3  970s
 222936 58222  590.38885   40  673  592.70133  586.31470  1.08%  89.3  977s
 223623 58309     cutoff   55       592.70133  586.32096  1.08%  89.3  981s
 225064 58398     cutoff   39       592.70133  586.34544  1.07%  89.3  988s
 225780 58410     cutoff   47       592.70133  586.35483  1.07%  89.3  991s
 226454 58469     cutoff   59       592.70133  586.36590  1.07%  89.3  995s
 227900 58585     cutoff   48       592.70133  586.38909  1.06%  89.3 1001s
 228604 58665  590.69460   53  650  592.70133  586.39996  1.06%  89.3 1005s
 230045 58757  590.10630   45  467  592.70133  586.42026  1.06%  89.3 1012s
 230749 58786  588.88800   39  666  592.70133  586.43175  1.06%  89.3 1015s
 232074 58883     cutoff   44       592.70133  586.45296  1.05%  89.4 1022s
 232815 58922     cutoff   48       592.70133  586.46444  1.05%  89.4 1026s
 234178 59015  588.56551   53  671  592.70133  586.48428  1.05%  89.4 1033s
 234914 59072  591.74110   43  635  592.70133  586.49647  1.05%  89.4 1036s
 236255 59144  588.88019   41  632  592.70133  586.51756  1.04%  89.4 1043s
 236939 59182     cutoff   46       592.70133  586.52965  1.04%  89.4 1046s
 237645 59229  592.32785   55  659  592.70133  586.54214  1.04%  89.4 1050s
 238906 59295  589.17745   45  647  592.70133  586.55643  1.04%  89.5 1057s
 239585 59350  587.63570   51  599  592.70133  586.56808  1.03%  89.5 1060s
 240948 59421     cutoff   47       592.70133  586.58847  1.03%  89.5 1067s
 241681 59453  590.08960   44  294  592.70133  586.60095  1.03%  89.5 1071s
 243178 59528  591.49645   41  636  592.70133  586.61886  1.03%  89.5 1078s
 243811 59577     cutoff   50       592.70133  586.62525  1.03%  89.5 1081s
 244466 59627  592.00821   47  570  592.70133  586.63637  1.02%  89.5 1085s
 245845 59718  588.24770   42  643  592.70133  586.65968  1.02%  89.5 1092s
 246564 59732  590.65647   50  555  592.70133  586.66991  1.02%  89.5 1095s
 247948 59781     cutoff   55       592.70133  586.69256  1.01%  89.5 1102s
 248650 59834  591.84539   39  668  592.70133  586.70736  1.01%  89.6 1106s
 249992 59852     cutoff   39       592.70133  586.72728  1.01%  89.6 1113s
 250652 59896     cutoff   49       592.70133  586.73647  1.01%  89.6 1117s
 251535 59922  589.85749   43  659  592.70133  586.74713  1.00%  89.6 1121s
 252937 60025  591.47358   52  663  592.70133  586.76921  1.00%  89.6 1128s
 253620 60025  587.33967   50  626  592.70133  586.77746  1.00%  89.6 1131s
 254365 60034  588.55835   48  638  592.70133  586.78778  1.00%  89.6 1135s
 255861 60156  592.06016   52  560  592.70133  586.80469  0.99%  89.6 1143s
 256564 60174  590.79162   46  318  592.70133  586.82136  0.99%  89.6 1147s
 256959 60190  589.41493   47  639  592.70133  586.82407  0.99%  89.6 1150s
 257643 60163  588.67321   45  342  592.70133  586.82554  0.99%  89.6 1157s
 258014 60224  589.79860   45  684  592.70133  586.82849  0.99%  89.6 1164s
 258833 60233     cutoff   46       592.70133  586.83227  0.99%  89.6 1167s
 259178 60245  590.42232   49  673  592.70133  586.83772  0.99%  89.6 1170s
 259909 60266  589.53312   45  659  592.70133  586.85026  0.99%  89.6 1177s
 260566 60309  588.33115   50  588  592.70133  586.87591  0.98%  89.6 1181s
 261254 60356     cutoff   58       592.70133  586.88879  0.98%  89.6 1185s
 262627 60385     cutoff   44       592.70133  586.90694  0.98%  89.6 1192s
 263330 60402  589.45947   48  587  592.70133  586.92007  0.98%  89.6 1195s
 264751 60451     cutoff   49       592.70133  586.93832  0.97%  89.7 1202s
 265428 60446  591.81085   58  597  592.70133  586.94594  0.97%  89.7 1206s
 266145 60449     cutoff   40       592.70133  586.95593  0.97%  89.7 1210s
 267473 60476  588.10599   50  608  592.70133  586.97588  0.97%  89.7 1217s
 268168 60494  592.12067   42  628  592.70133  586.98511  0.96%  89.7 1220s
 269538 60555  590.41376   47  675  592.70133  587.00299  0.96%  89.7 1228s
 270282 60566  590.62550   49  622  592.70133  587.01420  0.96%  89.7 1231s
 270975 60552     cutoff   49       592.70133  587.02693  0.96%  89.7 1235s
 272555 60553  591.14360   48  675  592.70133  587.04764  0.95%  89.8 1242s
 273219 60585  588.39523   45  651  592.70133  587.05757  0.95%  89.8 1247s
 274081 60579  589.24491   51  488  592.70133  587.06859  0.95%  89.8 1250s
 275525 60654  591.17727   48  375  592.70133  587.08527  0.95%  89.8 1258s
 276239 60629     cutoff   52       592.70133  587.09289  0.95%  89.8 1261s
 276961 60635  592.15237   41  579  592.70133  587.10261  0.94%  89.8 1265s
 278600 60683     cutoff   61       592.70133  587.12478  0.94%  89.8 1273s
 279277 60695  588.79561   43  688  592.70133  587.13771  0.94%  89.8 1276s
 280008 60707  589.43109   46  654  592.70133  587.14628  0.94%  89.8 1280s
 281510 60745  589.54604   49  598  592.70133  587.16429  0.93%  89.8 1287s
 282172 60754  589.84820   54  578  592.70133  587.17648  0.93%  89.8 1291s
 282917 60753  590.46613   62  652  592.70133  587.18610  0.93%  89.8 1295s
 283436 60782  590.95624   62  662  592.70133  587.19056  0.93%  89.8 1304s
 284657 60774     cutoff   49       592.70133  587.20429  0.93%  89.8 1308s
 285383 60756  590.19221   45  637  592.70133  587.21491  0.93%  89.8 1312s
 286208 60726     cutoff   46       592.70133  587.22432  0.92%  89.8 1316s
 287029 60702     cutoff   52       592.70133  587.23532  0.92%  89.8 1321s
 287869 60706  591.66514   48  679  592.70133  587.24619  0.92%  89.8 1325s
 289474 60732  590.93951   56  629  592.70133  587.26421  0.92%  89.8 1333s
 290177 60736  591.34699   61  649  592.70133  587.27494  0.92%  89.8 1336s
 290883 60728  591.15171   51  651  592.70133  587.28530  0.91%  89.8 1340s
 292385 60696     cutoff   44       592.70133  587.30605  0.91%  89.9 1349s
 293264 60700 infeasible   50       592.70133  587.31751  0.91%  89.9 1353s
 294154 60685     cutoff   46       592.70133  587.33098  0.91%  89.9 1357s
 294877 60681     cutoff   62       592.70133  587.33956  0.90%  89.9 1361s
 295678 60649  590.32520   43  591  592.70133  587.35261  0.90%  89.9 1366s
 296444 60647  590.23441   56  559  592.70133  587.36269  0.90%  89.9 1370s
 297640 60660     cutoff   47       592.70133  587.37508  0.90%  89.9 1375s
 298930 60605     cutoff   45       592.70133  587.39609  0.90%  89.9 1382s
 299649 60611     cutoff   55       592.70133  587.40670  0.89%  89.9 1387s
 300559 60621  590.12789   44  559  592.70133  587.41762  0.89%  89.9 1391s
 301403 60630  589.53979   54  681  592.70133  587.42768  0.89%  89.9 1395s
 302829 60588  592.15681   49  612  592.70133  587.44365  0.89%  89.9 1403s
 303608 60565  591.91681   43  608  592.70133  587.45731  0.88%  89.9 1407s
 304478 60556  588.78907   48  657  592.70133  587.46778  0.88%  89.9 1411s
 305302 60516 infeasible   47       592.70133  587.47581  0.88%  89.9 1415s
 306901 60439  591.32414   54  642  592.70133  587.49770  0.88%  89.9 1424s
 307721 60405     cutoff   54       592.70133  587.50758  0.88%  89.9 1428s
 308512 60418  590.30702   48  607  592.70133  587.51666  0.87%  90.0 1432s
 309376 60372  591.71626   54  631  592.70133  587.52473  0.87%  90.0 1436s
 310063 60303     cutoff   42       592.70133  587.53305  0.87%  90.0 1441s
 310889 60256  590.87884   53  654  592.70133  587.54591  0.87%  90.0 1445s
 312232 60232     cutoff   56       592.70133  587.55890  0.87%  90.0 1450s
 313473 60160     cutoff   47       592.70133  587.57783  0.86%  90.0 1458s
 314302 60100     cutoff   56       592.70133  587.58876  0.86%  90.0 1463s
 315150 60100  587.85311   54  657  592.70133  587.60089  0.86%  90.0 1467s
 316014 60058     cutoff   55       592.70133  587.61186  0.86%  90.0 1472s
 316756 60073     cutoff   49       592.70133  587.62063  0.86%  90.0 1476s
 317619 60020  590.92743   39  587  592.70133  587.63082  0.86%  90.0 1480s
 319146 59972     cutoff   47       592.70133  587.64960  0.85%  90.0 1488s
 319988 59937  590.47667   44  663  592.70133  587.66209  0.85%  90.0 1493s
 320875 59898     cutoff   52       592.70133  587.67348  0.85%  90.0 1497s
 321677 59850  591.63870   51  590  592.70133  587.68336  0.85%  90.0 1502s
 322414 59815     cutoff   42       592.70133  587.69117  0.85%  90.0 1506s
 323268 59751     cutoff   58       592.70133  587.70231  0.84%  90.0 1510s
 324120 59714  591.67816   48  503  592.70133  587.71626  0.84%  90.0 1515s
 325821 59574  591.95554   44  634  592.70133  587.73749  0.84%  90.0 1524s
 326629 59530  591.59131   44  425  592.70133  587.74782  0.84%  90.0 1528s
 327467 59509  589.85543   39  640  592.70133  587.76416  0.83%  90.0 1532s
 328217 59428  591.44009   51  513  592.70133  587.77060  0.83%  90.0 1537s
 329031 59367  591.39804   49  261  592.70133  587.78192  0.83%  90.1 1541s
 329870 59273     cutoff   42       592.70133  587.79670  0.83%  90.1 1546s
 330713 59242     cutoff   43       592.70133  587.80826  0.83%  90.1 1550s
 331771 59176     cutoff   50       592.70133  587.81917  0.82%  90.1 1555s
 333231 59067  590.96460   47  666  592.70133  587.83756  0.82%  90.1 1563s
 334023 59028  591.22812   50  542  592.70133  587.84702  0.82%  90.1 1568s
 334893 58974     cutoff   53       592.70133  587.85685  0.82%  90.1 1572s
 335734 58912  591.88455   38  638  592.70133  587.86978  0.82%  90.1 1577s
 336600 58865     cutoff   53       592.70133  587.88140  0.81%  90.1 1581s
 337414 58762     cutoff   48       592.70133  587.89135  0.81%  90.1 1585s
 339035 58615  589.75562   41  563  592.70133  587.91681  0.81%  90.2 1594s
 339855 58550     cutoff   46       592.70133  587.92669  0.81%  90.2 1598s
 340653 58499     cutoff   71       592.70133  587.93630  0.80%  90.2 1603s
 341558 58403     cutoff   44       592.70133  587.94554  0.80%  90.2 1607s
 342401 58325  589.65009   48  675  592.70133  587.95665  0.80%  90.2 1611s
 343223 58278     cutoff   49       592.70133  587.96892  0.80%  90.2 1616s
 344059 58286  591.90430   46  631  592.70133  587.98039  0.80%  90.2 1621s
 344206 58249  592.52591   46  439  592.70133  587.98039  0.80%  90.2 1625s
 344903 58181  591.49754   45  674  592.70133  587.98932  0.80%  90.2 1630s
 346534 58038  589.28123   48  676  592.70133  588.01120  0.79%  90.2 1639s
 347425 57962     cutoff   42       592.70133  588.02155  0.79%  90.2 1644s
 348253 57888 infeasible   58       592.70133  588.03224  0.79%  90.2 1648s
 349058 57838  590.34316   50  648  592.70133  588.03861  0.79%  90.3 1653s
 349902 57749  591.53498   50  250  592.70133  588.05103  0.78%  90.3 1658s
 350785 57683     cutoff   50       592.70133  588.06131  0.78%  90.3 1663s
 351494 57597     cutoff   48       592.70133  588.07102  0.78%  90.3 1667s
 352362 57483  591.94588   43  648  592.70133  588.08301  0.78%  90.3 1672s
 353212 57396     cutoff   43       592.70133  588.09389  0.78%  90.3 1677s
 354048 57324  591.57989   52  528  592.70133  588.10616  0.78%  90.3 1681s
 354883 57246     cutoff   44       592.70133  588.11658  0.77%  90.3 1686s
 355775 57171  589.21659   46  652  592.70133  588.12651  0.77%  90.3 1691s
 356672 57100     cutoff   45       592.70133  588.13894  0.77%  90.3 1696s
 357393 56994     cutoff   52       592.70133  588.14716  0.77%  90.3 1700s
 358206 56935     cutoff   48       592.70133  588.15626  0.77%  90.4 1705s
 359089 56842  589.50771   42  594  592.70133  588.16781  0.76%  90.4 1710s
 360808 56643     cutoff   49       592.70133  588.18970  0.76%  90.4 1719s
 361687 56565  590.95440   48  543  592.70133  588.20077  0.76%  90.4 1723s
 362561 56520  591.65206   46  658  592.70133  588.21185  0.76%  90.4 1728s
 363399 56391  591.15842   45  644  592.70133  588.22019  0.76%  90.4 1733s
 364224 56289     cutoff   48       592.70133  588.23071  0.75%  90.4 1737s
 365080 56208  591.71058   49  655  592.70133  588.24254  0.75%  90.4 1742s
 365903 56107  592.17257   59  665  592.70133  588.25382  0.75%  90.4 1747s
 366764 55984  591.50556   57  680  592.70133  588.26569  0.75%  90.4 1751s
 367607 55873  589.36982   41  659  592.70133  588.27701  0.75%  90.4 1756s
 368491 55764     cutoff   46       592.70133  588.29007  0.74%  90.4 1761s
 369332 55665     cutoff   63       592.70133  588.30101  0.74%  90.4 1765s
 370195 55545  590.59164   63  587  592.70133  588.31072  0.74%  90.4 1770s
 371813 55315     cutoff   49       592.70133  588.33139  0.74%  90.4 1779s
 372659 55198  590.33173   44  604  592.70133  588.34332  0.74%  90.4 1783s
 373523 55138  591.21013   53  678  592.70133  588.35460  0.73%  90.4 1788s
 374359 55044  590.39611   42  686  592.70133  588.36482  0.73%  90.4 1792s
 375145 54900     cutoff   47       592.70133  588.37560  0.73%  90.4 1797s
 375972 54775     cutoff   53       592.70133  588.38896  0.73%  90.4 1801s
 376845 54651  592.48586   53  491  592.70133  588.39894  0.73%  90.4 1806s
 377590 54543     cutoff   63       592.70133  588.40903  0.72%  90.4 1810s
 378453 54404  591.61244   47  604  592.70133  588.42007  0.72%  90.4 1815s
 380164 54156     cutoff   57       592.70133  588.44287  0.72%  90.4 1824s
 380882 54038     cutoff   57       592.70133  588.45378  0.72%  90.4 1828s
 381735 53883  591.98541   46  583  592.70133  588.46637  0.71%  90.4 1833s
 382560 53789     cutoff   49       592.70133  588.47777  0.71%  90.5 1838s
 383448 53673  592.05458   50  647  592.70133  588.48622  0.71%  90.4 1842s
 384307 53589  590.31101   52  680  592.70133  588.49736  0.71%  90.4 1847s
 385048 53573  590.34977   52  573  592.70133  588.50528  0.71%  90.4 1852s
 385103 53529  590.36940   53  643  592.70133  588.50573  0.71%  90.4 1856s
 385362 53450  590.51399   54  632  592.70133  588.50609  0.71%  90.4 1861s
 385937 53331     cutoff   46       592.70133  588.51047  0.71%  90.4 1865s
 386660 53205  591.19816   56  532  592.70133  588.51562  0.71%  90.4 1870s
 387394 53097     cutoff   51       592.70133  588.51952  0.71%  90.4 1875s
 388066 52961     cutoff   48       592.70133  588.52501  0.70%  90.4 1880s
 388876 52774     cutoff   58       592.70133  588.55277  0.70%  90.4 1885s
 389672 52580  591.53589   47  632  592.70133  588.56921  0.70%  90.5 1890s
 390558 52424     cutoff   47       592.70133  588.58277  0.69%  90.5 1896s
 391556 52280 infeasible   43       592.70133  588.59569  0.69%  90.5 1901s
 392485 52134  589.61269   55  688  592.70133  588.60679  0.69%  90.5 1906s
 393407 51976  589.54061   46  669  592.70133  588.62034  0.69%  90.5 1911s
 394278 51869  591.54824   48  660  592.70133  588.63103  0.69%  90.5 1915s
 395195 51730     cutoff   46       592.70133  588.64100  0.69%  90.5 1920s
 396142 51590     cutoff   48       592.70133  588.65076  0.68%  90.5 1926s
 397068 51423  590.62882   45  669  592.70133  588.66683  0.68%  90.5 1930s
 397917 51270     cutoff   52       592.70133  588.68053  0.68%  90.5 1935s
 398841 51124     cutoff   56       592.70133  588.69419  0.68%  90.5 1940s
 399748 51007     cutoff   42       592.70133  588.70651  0.67%  90.5 1945s
 400661 50831     cutoff   46       592.70133  588.71676  0.67%  90.4 1950s
 401577 50652  590.97085   50  621  592.70133  588.73018  0.67%  90.4 1955s
 402434 50474  591.42191   48  541  592.70133  588.74190  0.67%  90.4 1960s
 403220 50357     cutoff   48       592.70133  588.75505  0.67%  90.5 1965s
 404366 50178  591.18748   47  464  592.70133  588.76507  0.66%  90.5 1970s
 405705 49902     cutoff   43       592.70133  588.79066  0.66%  90.5 1979s
 406595 49743     cutoff   45       592.70133  588.79959  0.66%  90.4 1984s
 407447 49550     cutoff   42       592.70133  588.81064  0.66%  90.4 1989s
 408292 49370  592.03159   55  673  592.70133  588.82131  0.65%  90.4 1993s
 409190 49182     cutoff   48       592.70133  588.83340  0.65%  90.4 1998s
 409996 49026  591.10487   46  635  592.70133  588.84565  0.65%  90.4 2003s
 410820 48832  591.53592   46  653  592.70133  588.85565  0.65%  90.4 2008s
 411645 48658     cutoff   52       592.70133  588.86644  0.65%  90.5 2013s
 412518 48480  590.60056   52  629  592.70133  588.87889  0.64%  90.5 2018s
 413359 48269     cutoff   52       592.70133  588.88912  0.64%  90.4 2022s
 414227 48062  591.00992   51  644  592.70133  588.90021  0.64%  90.4 2027s
 415062 47872  592.39835   46  477  592.70133  588.91464  0.64%  90.5 2032s
 415921 47739  590.03198   52  672  592.70133  588.92550  0.64%  90.5 2037s
 416651 47521     cutoff   48       592.70133  588.93618  0.64%  90.5 2041s
 417551 47368     cutoff   57       592.70133  588.94707  0.63%  90.5 2046s
 418474 47205     cutoff   49       592.70133  588.95955  0.63%  90.4 2051s
 419315 47028  591.42778   44  684  592.70133  588.97114  0.63%  90.4 2056s
 420169 46814     cutoff   49       592.70133  588.98166  0.63%  90.4 2060s
 421059 46622  591.37980   45  648  592.70133  588.99362  0.63%  90.4 2065s
 421900 46504  592.37222   42  147  592.70133  589.00745  0.62%  90.4 2071s
 422268 46322     cutoff   49       592.70133  589.00918  0.62%  90.4 2075s
 423122 46093  590.96897   46  633  592.70133  589.02519  0.62%  90.4 2080s
 424014 45919     cutoff   45       592.70133  589.03725  0.62%  90.4 2085s
 424855 45726  592.12739   53  593  592.70133  589.04799  0.62%  90.4 2090s
 426581 45352  591.34372   48  636  592.70133  589.07156  0.61%  90.4 2099s
 427462 45137  592.14813   51  658  592.70133  589.08195  0.61%  90.4 2104s
 428228 44892     cutoff   49       592.70133  589.09529  0.61%  90.4 2109s
 429102 44691     cutoff   56       592.70133  589.10620  0.61%  90.4 2113s
 429928 44441     cutoff   44       592.70133  589.11694  0.60%  90.4 2118s
 430829 44250  592.62799   44  671  592.70133  589.13022  0.60%  90.4 2123s
 431719 44037  589.66562   46  662  592.70133  589.14259  0.60%  90.4 2128s
 432553 43820  591.50608   55  630  592.70133  589.15387  0.60%  90.4 2133s
 433409 43586     cutoff   51       592.70133  589.16895  0.60%  90.4 2138s
 434186 43345     cutoff   55       592.70133  589.18084  0.59%  90.4 2143s
 435031 43152  589.89833   50  501  592.70133  589.19520  0.59%  90.4 2148s
 435891 42918     cutoff   52       592.70133  589.20655  0.59%  90.4 2153s
 436722 42704     cutoff   53       592.70133  589.21637  0.59%  90.4 2158s
 437601 42496  592.41874   53  661  592.70133  589.22798  0.59%  90.4 2163s
 438484 42241  591.88644   43  658  592.70133  589.23790  0.58%  90.4 2168s
 439304 42042  590.86727   42  615  592.70133  589.25325  0.58%  90.4 2173s
 440113 41805 infeasible   49       592.70133  589.26497  0.58%  90.4 2178s
 440969 41559  591.96378   41  630  592.70133  589.27800  0.58%  90.4 2183s
 441804 41251     cutoff   56       592.70133  589.28909  0.58%  90.4 2188s
 442676 40988  592.36176   49  571  592.70133  589.30491  0.57%  90.4 2192s
 443484 40711     cutoff   52       592.70133  589.31816  0.57%  90.4 2197s
 444359 40441  591.85812   48  539  592.70133  589.33014  0.57%  90.4 2202s
 445204 40211  589.88807   43  658  592.70133  589.34262  0.57%  90.4 2207s
 445945 39960     cutoff   47       592.70133  589.35520  0.56%  90.4 2212s
 446810 39718     cutoff   49       592.70133  589.36738  0.56%  90.4 2216s
 447676 39478  592.25008   51  596  592.70133  589.38016  0.56%  90.4 2221s
 448520 39217  590.08253   49  659  592.70133  589.39216  0.56%  90.4 2226s
 449414 38928     cutoff   50       592.70133  589.40668  0.56%  90.4 2231s
 450262 38670  590.49980   46  654  592.70133  589.41969  0.55%  90.4 2235s
 451132 38471  590.76460   45  606  592.70133  589.43451  0.55%  90.4 2241s
 451819 38313  590.61081   47  666  592.70133  589.44413  0.55%  90.4 2246s
 452381 38113  591.39382   48  658  592.70133  589.44458  0.55%  90.4 2250s
 452978 37939     cutoff   49       592.70133  589.44501  0.55%  90.4 2255s
 453558 37764     cutoff   49       592.70133  589.44872  0.55%  90.4 2260s
 454177 37607     cutoff   45       592.70133  589.46029  0.55%  90.4 2265s
 454766 37436     cutoff   51       592.70133  589.46564  0.55%  90.4 2270s
 455405 37232  591.17478   48  584  592.70133  589.47110  0.55%  90.4 2275s
 456018 36920     cutoff   49       592.70133  589.48678  0.54%  90.4 2280s
 457005 36657     cutoff   54       592.70133  589.52088  0.54%  90.4 2286s
 457854 36338     cutoff   42       592.70133  589.53588  0.53%  90.4 2291s
 458880 35992     cutoff   47       592.70133  589.55423  0.53%  90.3 2296s
 459830 35690  591.76816   50  678  592.70133  589.56874  0.53%  90.3 2301s
 460740 35358     cutoff   41       592.70133  589.58268  0.53%  90.3 2307s
 461724 35017     cutoff   62       592.70133  589.60256  0.52%  90.3 2312s
 462628 34655  592.45977   52  634  592.70133  589.61801  0.52%  90.3 2317s
 463557 34332     cutoff   43       592.70133  589.63334  0.52%  90.3 2322s
 464432 33990     cutoff   54       592.70133  589.64776  0.52%  90.3 2327s
 465292 33621  591.18804   52  657  592.70133  589.66671  0.51%  90.3 2332s
 466262 33274     cutoff   48       592.70133  589.68402  0.51%  90.3 2337s
 467224 32939     cutoff   40       592.70133  589.70047  0.51%  90.3 2342s
 468127 32566     cutoff   45       592.70133  589.71887  0.50%  90.3 2346s
 469055 32228     cutoff   46       592.70133  589.73544  0.50%  90.3 2351s
 470022 31925     cutoff   45       592.70133  589.75383  0.50%  90.3 2356s
 470880 31608     cutoff   47       592.70133  589.76839  0.49%  90.3 2360s
 471796 31299     cutoff   44       592.70133  589.78351  0.49%  90.2 2365s
 472742 30903     cutoff   46       592.70133  589.80024  0.49%  90.2 2370s
 474202 30575  591.19884   51  678  592.70133  589.81783  0.49%  90.2 2375s
 475389 29986     cutoff   49       592.70133  589.84795  0.48%  90.2 2384s
 476050 29658     cutoff   51       592.70133  589.85915  0.48%  90.2 2389s
 476899 29309  591.30606   45  621  592.70133  589.87633  0.48%  90.2 2393s
 477760 28932     cutoff   45       592.70133  589.89525  0.47%  90.2 2398s
 478660 28578     cutoff   54       592.70133  589.91067  0.47%  90.2 2403s
 479579 28180  590.34533   43  529  592.70133  589.92912  0.47%  90.1 2408s
 480495 27792     cutoff   53       592.70133  589.94650  0.46%  90.1 2412s
 481406 27423  592.01358   54  659  592.70133  589.96353  0.46%  90.1 2417s
 482236 27054     cutoff   50       592.70133  589.98040  0.46%  90.1 2422s
 483046 26632  591.47870   50  670  592.70133  589.99780  0.46%  90.1 2426s
 483944 26216     cutoff   45       592.70133  590.02010  0.45%  90.1 2431s
 484820 25809     cutoff   46       592.70133  590.03954  0.45%  90.1 2436s
 485689 25391     cutoff   48       592.70133  590.05905  0.45%  90.1 2440s
 486574 24960     cutoff   55       592.70133  590.08116  0.44%  90.1 2445s
 488313 24156     cutoff   45       592.70133  590.12237  0.44%  90.0 2454s
 489186 23713     cutoff   55       592.70133  590.13775  0.43%  90.0 2459s
 490108 23309     cutoff   50       592.70133  590.16107  0.43%  90.0 2463s
 491006 22823     cutoff   59       592.70133  590.18084  0.43%  90.0 2468s
 491868 22361     cutoff   48       592.70133  590.20700  0.42%  90.0 2472s
 492732 21911  592.14245   49  628  592.70133  590.22797  0.42%  89.9 2477s
 493600 21423     cutoff   46       592.70133  590.25104  0.41%  89.9 2481s
 494553 20991     cutoff   40       592.70133  590.27161  0.41%  89.9 2486s
 495407 20468     cutoff   50       592.70133  590.29946  0.41%  89.9 2490s
 497240 19488  592.20131   53  610  592.70133  590.34913  0.40%  89.8 2499s
 498151 19008  591.56954   45  615  592.70133  590.37471  0.39%  89.8 2503s
 499077 18466 infeasible   49       592.70133  590.40168  0.39%  89.8 2508s
 499992 17974     cutoff   60       592.70133  590.43183  0.38%  89.8 2512s
 500901 17525     cutoff   53       592.70133  590.45724  0.38%  89.7 2516s
 501690 17202     cutoff   48       592.70133  590.47710  0.38%  89.7 2521s
 502315 16673     cutoff   43       592.70133  590.49733  0.37%  89.7 2526s
 503213 16097     cutoff   62       592.70133  590.52475  0.37%  89.7 2530s
 505101 15007     cutoff   53       592.70133  590.58583  0.36%  89.6 2538s
 506046 14463     cutoff   55       592.70133  590.62186  0.35%  89.6 2543s
 506998 13921  591.34882   55  669  592.70133  590.64944  0.35%  89.5 2547s
 507877 13357     cutoff   48       592.70133  590.67780  0.34%  89.5 2552s
 508797 12725     cutoff   57       592.70133  590.71425  0.34%  89.5 2556s
 509801 12140 infeasible   45       592.70133  590.75767  0.33%  89.4 2560s
 511718 10836     cutoff   49       592.70133  590.83275  0.32%  89.3 2568s
 512710 10202     cutoff   50       592.70133  590.88087  0.31%  89.3 2572s
 513649  9639  592.06110   57  658  592.70133  590.92322  0.30%  89.2 2576s
 514528  8999     cutoff   49       592.70133  590.94310  0.30%  89.2 2580s
 515539  8324     cutoff   54       592.70133  591.01512  0.28%  89.1 2585s
 517527  6912     cutoff   45       592.70133  591.12501  0.27%  89.0 2593s
 518535  6166     cutoff   51       592.70133  591.19494  0.25%  88.9 2597s
 519545  5420     cutoff   52       592.70133  591.26252  0.24%  88.9 2601s
 521065  4592     cutoff   50       592.70133  591.33605  0.23%  88.7 2605s
 522714  2876  591.85843   43  678  592.70133  591.54753  0.19%  88.6 2612s
 523907  1884     cutoff   52       592.70133  591.70726  0.17%  88.5 2616s
 525152   758     cutoff   48       592.70133  591.91557  0.13%  88.4 2620s
 526640   339  592.55577   51  576  592.70133  592.30426  0.07%  88.2 2626s
 527075    13     cutoff   48       592.70133  592.37763  0.05%  88.1 2630s

Cutting planes:
  Gomory: 2
  Zero half: 24
  Lazy constraints: 3807

Explored 527244 nodes (46452861 simplex iterations) in 2630.73 seconds (5018.71 work units)
Thread count was 8 (of 18 available processors)

Solution count 4: 592.701 592.768 596.618 613.342 

Optimal solution found (tolerance 1.00e-04)
Best objective 5.927013344345e+02, best bound 5.927013344345e+02, gap 0.0000%

User-callback calls 1207943, time in user-callback 152.27 sec
### START EXACT APPROACH ###
ProblemVariant: 6
### START PREPROCESSING ###
## Start infeasible path procedure ## 
Deleted arcs: 0
Infeasible tail paths: 0
Infeasible 2-node combinations: 0
Deleted arcs: 0
Infeasible tail paths: 0
Infeasible 2-node combinations: 0
## Start start solution procedure ##
Start solution with 7 Vehicles and total costs 613.342 in 0.0035407 s.
### END PREPROCESSING ###
Route 0 0-2-21-29-20-35-36-3-22-0 : weight util 0.743750 | volume util 0.999800 | 
Route 1 0-12-47-0 : weight util 0.337500 | volume util 0.357378 | 
Route 2 0-14-25-13-41-40-19-42-44-17-4-0 : weight util 0.975000 | volume util 0.922956 | 
Route 3 0-18-24-43-7-23-6-0 : weight util 0.700000 | volume util 0.965578 | 
Route 4 0-32-1-28-31-26-8-48-27-0 : weight util 0.662500 | volume util 0.943600 | 
Route 5 0-37-15-45-33-39-10-49-5-0 : weight util 0.687500 | volume util 0.971333 | 
Route 6 0-46-38-9-30-34-50-16-11-0 : weight util 0.750000 | volume util 0.938844 | 
