
Gurobi 12.0.1 (win64, C++) logging started Thu Apr 24 15:30:28 2025

Set parameter Username
Academic license - for non-commercial use only - expires 2026-01-06
Set parameter Threads to value 8
Set parameter LazyConstraints to value 1
Set parameter PreCrush to value 1
Set parameter Seed to value 21
Set parameter Cuts to value -1
Set parameter TimeLimit to value 28800
Set parameter NumericFocus to value 0
Set parameter SolutionLimit to value 10000
Gurobi Optimizer version 12.0.1 build v12.0.1rc0 (win64 - Windows Server 2022.0 (20348.2))

CPU model: AMD EPYC 7513 32-Core Processor, instruction set [SSE2|AVX|AVX2]
Thread count: 18 physical cores, 18 logical processors, using up to 8 threads

Non-default parameters:
SolutionLimit  10000
TimeLimit  28800
PreCrush  1
Seed  21
Threads  8
LazyConstraints  1

Optimize a model with 870 rows, 1681 columns and 4936 nonzeros
Model fingerprint: 0xad397d13
Variable types: 0 continuous, 1681 integer (1681 binary)
Coefficient statistics:
  Matrix range     [1e+00, 1e+00]
  Objective range  [4e+00, 7e+01]
  Bounds range     [1e+00, 1e+00]
  RHS range        [1e+00, 1e+01]

Warning: Completing partial solution with 1542 unfixed non-continuous variables out of 1681
User MIP start produced solution with objective 957.442 (0.00s)
Loaded user MIP start with objective 957.442

Presolve removed 30 rows and 85 columns
Presolve time: 0.01s
Presolved: 840 rows, 1596 columns, 4678 nonzeros
Variable types: 0 continuous, 1596 integer (1596 binary)

Root relaxation: objective 6.350581e+02, 165 iterations, 0.00 seconds (0.00 work units)

    Nodes    |    Current Node    |     Objective Bounds      |     Work
 Expl Unexpl |  Obj  Depth IntInf | Incumbent    BestBd   Gap | It/Node Time

     0     0  635.05813    0    -  957.44233  635.05813  33.7%     -    0s
     0     0  656.63003    0    8  957.44233  656.63003  31.4%     -    0s
     0     0  699.16961    0    -  957.44233  699.16961  27.0%     -    0s
     0     0  717.89739    0    6  957.44233  717.89739  25.0%     -    0s
     0     0  721.30255    0   40  957.44233  721.30255  24.7%     -    0s
     0     0  731.35280    0   42  957.44233  731.35280  23.6%     -    0s
     0     0  739.39289    0   84  957.44233  739.39289  22.8%     -    0s
     0     0  763.01864    0   85  957.44233  763.01864  20.3%     -    0s
     0     0  768.21191    0   68  957.44233  768.21191  19.8%     -    0s
     0     0  773.14289    0   92  957.44233  773.14289  19.2%     -    0s
     0     0  776.16104    0   84  957.44233  776.16104  18.9%     -    0s
     0     0  776.16104    0   67  957.44233  776.16104  18.9%     -    0s
     0     2  776.16104    0   67  957.44233  776.16104  18.9%     -    0s
    36    40  807.54101    6  126  957.44233  793.89348  17.1%   317    5s
    63    72  817.98123    8  136  957.44233  793.89348  17.1%   460   10s
    88    95  817.23682    9  151  957.44233  793.89348  17.1%   494   15s
   113   121  823.69872   11  150  957.44233  793.89348  17.1%   482   20s
   141   158  839.75845   13  148  957.44233  793.89348  17.1%   468   25s
   169   180  832.91203   15  149  957.44233  793.89348  17.1%   439   30s
   200   211  833.23240   17  148  957.44233  793.89348  17.1%   409   35s
Warning: Completing partial solution with 1542 unfixed non-continuous variables out of 1681
H  254   282                     887.6779206  793.89348  10.6%   375   37s
   467   507  837.26616   54  134  887.67792  793.89348  10.6%   236   40s
H  585   591                     884.3517528  793.89348  10.2%   199   42s
   881   991  843.40802  111  126  884.35175  793.89348  10.2%   149   45s
  1640  1787  859.31175  184   97  884.35175  793.89348  10.2%  94.1   50s
  2204  2171  821.09171    5  150  884.35175  797.46093  9.83%  80.2   55s
  2231  2172  862.89355   81   67  884.35175  797.46093  9.83%  81.1  118s
  2233  2173  861.69905  230 1812  884.35175  816.33937  7.69%  81.1  123s
  2234  2174  875.33747  258 1802  884.35175  817.72952  7.53%  81.0  128s
  2235  2175  864.21668  170 1820  884.35175  817.78399  7.53%  81.0  130s
  2239  2177  882.02984  237 1839  884.35175  821.04541  7.16%  80.8  137s
  2241  2179  877.29546  292 1848  884.35175  821.49942  7.11%  80.8  142s
  2243  2180  864.08077  127 1851  884.35175  821.74300  7.08%  80.7  146s
  2245  2181  840.04128   90 1850  884.35175  822.09490  7.04%  80.6  151s
  2247  2183  865.79718  224 1860  884.35175  822.13554  7.04%  80.6  155s
  2250  2185  872.96506  240 1853  884.35175  822.30924  7.02%  80.4  160s
  2252  2186  862.76925   79 1855  884.35175  822.59688  6.98%  80.4  165s
  2254  2187  861.30737  221 1839  884.35175  822.91083  6.95%  80.3  170s
  2278  2234  823.19024   15 1845  884.35175  822.91127  6.95%  86.1  175s
  2555  2413  833.16436   29 1797  884.35175  822.91127  6.95%   115  180s
  2665  2481  835.67430   33 1791  884.35175  822.91127  6.95%   125  188s
  2720  2529  839.18401   36 1761  884.35175  822.91127  6.95%   127  190s
  3316  2900  841.92798   57 1760  884.35175  822.91548  6.95%   145  195s
Warning: Completing partial solution with 1542 unfixed non-continuous variables out of 1681
H 3556  2928                     879.0023794  823.65021  6.30%   147  196s
  3976  3133  852.93587   88 1500  879.00238  823.82746  6.28%   151  200s
  4522  3410  859.77397   32 1710  879.00238  823.99927  6.26%   157  205s
  4786  3460  834.87872   21 1818  879.00238  824.19860  6.23%   158  212s
  4816  3485  836.56220   22 1806  879.00238  824.19860  6.23%   159  215s
Warning: Completing partial solution with 1542 unfixed non-continuous variables out of 1681
H 4828  3383                     874.4128958  824.19860  5.74%   159  215s
H 4873  3217                     871.6309502  824.19860  5.44%   159  216s
  5155  3424  855.86194   47 1592  871.63095  824.19860  5.44%   163  220s
  5703  3608  860.46865   46 1708  871.63095  825.10110  5.34%   164  226s
  6098  3821  837.21725   19 1800  871.63095  826.24110  5.21%   165  231s
  6635  4004  854.81418   36 1674  871.63095  826.24110  5.21%   166  235s
  7231  4277  847.27774   30 1797  871.63095  826.99316  5.12%   168  240s
  7636  4430  850.39265   36 1720  871.63095  827.57054  5.05%   170  245s
  8369  4756  833.48095   25 1810  871.63095  828.17524  4.99%   171  251s
  8897  5145  849.41512   40 1739  871.63095  828.17524  4.99%   174  255s
  9417  5498     cutoff   52       871.63095  828.60976  4.94%   176  260s
  9952  5971  850.39435   33 1744  871.63095  828.68559  4.93%   180  265s
 10589  6435  839.74035   30 1776  871.63095  829.21427  4.87%   181  271s
 10928  6443  848.00272   31 1742  871.63095  829.32524  4.85%   181  275s
 10966  6693  865.21407   40 1668  871.63095  829.43012  4.84%   182  282s
 11283  6916  861.09364   38 1656  871.63095  829.51895  4.83%   181  285s
 11939  7303  863.12840   44 1703  871.63095  829.93839  4.78%   181  291s
 12305  7598  847.56409   34 1749  871.63095  830.04249  4.77%   182  295s
 12696  7830  859.44286   45 1757  871.63095  830.28523  4.74%   182  300s
 13438  8472  870.05437   49 1642  871.63095  830.54116  4.71%   182  308s
 13992  8699  839.33131   28 1803  871.63095  830.78242  4.69%   181  313s
 14302  8900  842.88713   28 1787  871.63095  830.93128  4.67%   183  317s
 14541  9183  852.78246   45 1736  871.63095  830.93128  4.67%   185  323s
 14993  9420     cutoff   69       871.63095  830.94505  4.67%   186  328s
 15331  9675  846.51617   29 1783  871.63095  831.00683  4.66%   187  334s
 15681 10039  839.89222   34 1787  871.63095  831.30347  4.63%   187  339s
 16236 10401  858.73588   40 1730  871.63095  831.43622  4.61%   187  345s
 16907 10869  841.04428   25 1791  871.63095  831.76241  4.57%   188  351s
 17563 11336  841.04898   24 1800  871.63095  831.93519  4.55%   189  357s
 18220 11350  868.46284   38 1692  871.63095  831.96440  4.55%   190  367s
 18234 11638  870.41640   39 1692  871.63095  831.96440  4.55%   191  375s
 18672 12165  839.08001   34 1816  871.63095  832.14016  4.53%   191  382s
 19451 12716  837.10994   23 1819  871.63095  832.33373  4.51%   192  390s
 20276 13340  860.78174   47 1732  871.63095  832.48219  4.49%   192  398s
 21148 13937  850.13399   26 1785  871.63095  832.66568  4.47%   192  406s
 21963 14391  842.52799   25 1794  871.63095  832.78080  4.46%   193  414s
 22593 14909  865.39390   40 1566  871.63095  832.91729  4.44%   194  423s
 23299 15343  861.21696   47 1715  871.63095  832.92651  4.44%   196  432s
 24095 15818     cutoff   45       871.63095  833.15754  4.41%   197  440s
 24873 16303  844.06845   29 1776  871.63095  833.37291  4.39%   198  449s
 25584 16852  858.06952   46 1761  871.63095  833.53496  4.37%   199  457s
 26366 17111  841.81055   28 1771  871.63095  833.64379  4.36%   199  466s
 26808 17437  867.37832   37 1688  871.63095  833.74699  4.35%   201  475s
 27535 17942  864.62475   30 1679  871.63095  833.78654  4.34%   202  483s
 28266 18316     cutoff   46       871.63095  833.87750  4.33%   203  492s
 28840 18739  859.17055   33 1782  871.63095  833.99788  4.32%   204  501s
 29507 19211  837.76535   24 1819  871.63095  834.11874  4.30%   205  510s
 30265 19612  843.32660   28 1775  871.63095  834.19363  4.30%   205  519s
 30920 20046  847.07562   29 1803  871.63095  834.33240  4.28%   206  528s
 31498 20404  851.43625   35 1753  871.63095  834.38691  4.27%   207  537s
 32033 20786  840.52423   27 1824  871.63095  834.45603  4.26%   208  547s
 32615 21235  839.01169   22 1797  871.63095  834.55004  4.25%   208  556s
 33324 21669  870.09129   42 1783  871.63095  834.61215  4.25%   209  565s
 34010 22095  842.26614   33 1789  871.63095  834.76557  4.23%   209  574s
 34677 22529  861.67275   37 1764  871.63095  834.87306  4.22%   209  584s
 35362 22972     cutoff   40       871.63095  834.94183  4.21%   210  593s
 36028 23422  862.36513   41 1736  871.63095  835.05697  4.20%   210  602s
 36727 23781  846.10231   35 1774  871.63095  835.11916  4.19%   210  614s
 37262 24158  868.86893   48 1614  871.63095  835.20752  4.18%   211  624s
Warning: Completing partial solution with 1542 unfixed non-continuous variables out of 1681
H37585 21561                     866.3977009  835.20752  3.60%   211  624s
 37991 21522  865.04463   42 1779  866.39770  835.29385  3.59%   210  637s
 38007 21531 infeasible   43       866.39770  835.30370  3.59%   210  647s
 38024 21651  846.89159   32 1778  866.39770  835.30370  3.59%   210  657s
 38252 21923  849.63292   27 1781  866.39770  835.30780  3.59%   211  667s
 38755 22295  841.70489   23 1789  866.39770  835.35622  3.58%   211  678s
 39417 22692  861.50046   30 1731  866.39770  835.41446  3.58%   212  687s
 40092 22992  851.59543   36 1806  866.39770  835.51362  3.56%   212  697s
 40550 23358  851.59212   38 1750  866.39770  835.62060  3.55%   213  707s
 41263 23597  860.31451   44 1744  866.39770  835.66846  3.55%   213  717s
 41859 23975  856.63371   31 1774  866.39770  835.72889  3.54%   213  727s
 42507 24319  858.39274   44 1671  866.39770  835.80581  3.53%   214  737s
 43186 24644  856.05972   38 1778  866.39770  835.91268  3.52%   214  748s
 43832 24863     cutoff   44       866.39770  835.99716  3.51%   215  759s
 44227 25238  856.55483   30 1745  866.39770  836.03179  3.50%   216  769s
 44848 25589  857.23788   27 1765  866.39770  836.11717  3.49%   216  779s
 45535 25898  865.35444   44 1531  866.39770  836.19019  3.49%   216  789s
 46090 25988  861.71050   33 1703  866.39770  836.24636  3.48%   217  802s
 46259 26013  864.58216   36 1743  866.39770  836.25661  3.48%   218  813s
 46320 26144  856.27939   40 1789  866.39770  836.25661  3.48%   218  824s
 46523 26321  854.49475   38 1767  866.39770  836.25991  3.48%   218  836s
 46935 26678  845.19791   30 1704  866.39770  836.27195  3.48%   218  847s
 47557 26940  857.26432   43 1631  866.39770  836.29424  3.47%   218  859s
 48011 27157  851.77668   36 1789  866.39770  836.29424  3.47%   219  871s
 48439 27530  858.59699   42 1469  866.39770  836.45923  3.46%   219  883s
 49107 27859  859.80439   43 1749  866.39770  836.51131  3.45%   220  895s
 49643 28149  859.13085   43 1743  866.39770  836.55157  3.44%   221  906s
 50236 28363  837.96530   20 1803  866.39770  836.62543  3.44%   221  919s
 50675 28639  844.59398   29 1814  866.39770  836.67906  3.43%   222  930s
 51205 28965  845.08245   32 1777  866.39770  836.73517  3.42%   223  942s
 51783 29203  853.35511   41 1774  866.39770  836.76471  3.42%   224  954s
 52377 29520  846.96791   23 1766  866.39770  836.82753  3.41%   224  966s
 52956 29833  850.35033   35 1755  866.39770  836.85889  3.41%   225  978s
 53521 30105  853.62423   26 1753  866.39770  836.92726  3.40%   225  990s
 54040 30434     cutoff   46       866.39770  836.98725  3.39%   226 1001s
 54681 30772  842.92814   35 1810  866.39770  837.08460  3.38%   226 1013s
 55265 31048  846.95471   34 1814  866.39770  837.14098  3.38%   227 1025s
 55745 31398  846.44094   30 1797  866.39770  837.16685  3.37%   227 1037s
 56382 31801  852.42466   33 1786  866.39770  837.21070  3.37%   228 1049s
 57071 32033  856.44986   46 1784  866.39770  837.30065  3.36%   228 1062s
 57546 32282  849.33626   32 1807  866.39770  837.33851  3.35%   229 1074s
 58007 32635  846.85148   34 1815  866.39770  837.38599  3.35%   229 1086s
 58703 33061  855.32005   41 1800  866.39770  837.42503  3.34%   229 1099s
 59378 33421  862.07747   38 1655  866.39770  837.49983  3.34%   229 1111s
 60081 33717  865.38739   34 1742  866.39770  837.54336  3.33%   229 1124s
 60741 34102  841.43187   24 1794  866.39770  837.58659  3.33%   230 1137s
 61323 34346  865.15191   34 1739  866.39770  837.61453  3.32%   230 1150s
 61842 34707  850.51953   31 1790  866.39770  837.68530  3.31%   231 1163s
 62488 34981  849.05433   17 1741  866.39770  837.72198  3.31%   231 1175s
 62932 35272  844.15231   28 1784  866.39770  837.74371  3.31%   232 1188s
 63541 35624  859.89398   41 1804  866.39770  837.76764  3.30%   232 1201s
 64178 35921  859.38879   40 1716  866.39770  837.81609  3.30%   232 1214s
 64769 36205  857.76635   27 1762  866.39770  837.85526  3.29%   233 1228s
 65365 36521  853.34038   31 1746  866.39770  837.90637  3.29%   233 1242s
 65936 36752  853.32557   37 1810  866.39770  837.94022  3.28%   233 1256s
 66475 37026  847.23036   34 1814  866.39770  837.98536  3.28%   234 1269s
 67176 37357  846.30584   36 1822  866.39770  838.03254  3.27%   234 1283s
 67796 37638  845.44034   21 1779  866.39770  838.09895  3.27%   234 1296s
 68269 37879  853.25440   37 1771  866.39770  838.13196  3.26%   234 1310s
 68804 38131  865.72406   37 1774  866.39770  838.14964  3.26%   235 1323s
 69273 38365  863.72212   34 1666  866.39770  838.15452  3.26%   236 1337s
 69871 38666  848.83856   21 1790  866.39770  838.20031  3.25%   236 1350s
 70452 39016  852.64916   36 1754  866.39770  838.26377  3.25%   236 1364s
 71095 39297  848.59953   36 1759  866.39770  838.29645  3.24%   237 1378s
 71597 39612  858.17090   38 1761  866.39770  838.34858  3.24%   237 1392s
 72195 39818 infeasible   52       866.39770  838.37994  3.23%   237 1406s
 72646 40106  860.57228   33 1763  866.39770  838.38851  3.23%   238 1420s
 73232 40346  851.11489   30 1783  866.39770  838.43682  3.23%   238 1434s
 73789 40655  847.30136   29 1819  866.39770  838.47910  3.22%   238 1448s
 74358 40967  861.19580   50 1225  866.39770  838.51507  3.22%   239 1462s
 74914 41239  860.05980   36 1815  866.39770  838.56012  3.21%   239 1475s
 75430 41566  857.06152   39 1663  866.39770  838.60588  3.21%   239 1490s
 76011 41886  859.46903   37 1783  866.39770  838.65403  3.20%   240 1504s
 76669 42136  853.56991   41 1799  866.39770  838.71343  3.20%   240 1519s
 77149 42385  851.32768   27 1791  866.39770  838.74523  3.19%   240 1533s
 77834 42641  846.15502   31 1801  866.39770  838.80734  3.18%   240 1547s
 78330 42845  860.48556   45 1763  866.39770  838.83423  3.18%   241 1562s
 78811 43084     cutoff   44       866.39770  838.84960  3.18%   241 1576s
 79285 43398  847.35192   33 1797  866.39770  838.89334  3.17%   242 1590s
 79883 43599  848.17873   30 1790  866.39770  838.93109  3.17%   242 1604s
 80115 43599  852.30814   37 1750  866.39770  838.93636  3.17%   242 1605s
 80390 43882  859.75034   30 1757  866.39770  838.96095  3.17%   242 1619s
 81015 44133  848.16463   29 1751  866.39770  839.00894  3.16%   242 1634s
 81589 44364  860.03851   40 1808  866.39770  839.03381  3.16%   243 1649s
 82202 44688  845.32601   36 1800  866.39770  839.06530  3.15%   243 1664s
 82781 44925  863.49317   42 1775  866.39770  839.08932  3.15%   243 1679s
 83308 45191  855.27961   27 1766  866.39770  839.10751  3.15%   243 1693s
 83881 45438  865.37367   31 1750  866.39770  839.13000  3.15%   243 1708s
 84475 45746  848.03270   30 1825  866.39770  839.17598  3.14%   244 1723s
 85102 45925  856.82934   33 1773  866.39770  839.22712  3.14%   244 1738s
 85682 46200  865.69512   40 1758  866.39770  839.24993  3.13%   244 1754s
 86326 46431  857.21017   40 1810  866.39770  839.28237  3.13%   244 1769s
 86757 46688  855.42361   30 1706  866.39770  839.29731  3.13%   245 1785s
 87316 46906  849.98948   32 1736  866.39770  839.33516  3.12%   245 1800s
 87782 47157  858.43647   35 1746  866.39770  839.33938  3.12%   246 1815s
 88338 47426  844.46403   28 1819  866.39770  839.38684  3.12%   246 1830s
 88833 47625  852.15461   39 1766  866.39770  839.39940  3.12%   246 1847s
 89296 47921  852.62215   27 1776  866.39770  839.43791  3.11%   247 1862s
 89888 48178  859.66502   30 1776  866.39770  839.47272  3.11%   247 1878s
 90448 48462  854.43751   37 1784  866.39770  839.51479  3.10%   247 1894s
 90970 48676     cutoff   40       866.39770  839.53873  3.10%   247 1910s
 91600 48852     cutoff   38       866.39770  839.58297  3.09%   247 1926s
 92080 49156  861.16134   31 1794  866.39770  839.59718  3.09%   248 1942s
 92654 49371  855.10937   39 1793  866.39770  839.63162  3.09%   248 1958s
 93141 49541  859.87404   35 1709  866.39770  839.67133  3.08%   248 1974s
 93531 49803     cutoff   38       866.39770  839.70088  3.08%   249 1990s
 94120 50017  854.49790   35 1793  866.39770  839.73546  3.08%   249 2007s
 94709 50277  863.92188   48 1706  866.39770  839.74794  3.08%   249 2023s
 95269 50518  856.18690   42 1784  866.39770  839.77516  3.07%   249 2040s
 95891 50748  848.75204   31 1804  866.39770  839.80896  3.07%   249 2056s
 96527 50915  864.34438   47 1792  866.39770  839.83582  3.07%   249 2073s
 97010 51118     cutoff   40       866.39770  839.84819  3.06%   250 2089s
 97551 51345  851.27913   46 1811  866.39770  839.87710  3.06%   250 2106s
 98085 51585  846.91379   30 1766  866.39770  839.91565  3.06%   250 2123s
 98728 51706  845.55137   23 1820  866.39770  839.93582  3.05%   250 2140s
 99253 52015     cutoff   37       866.39770  839.96287  3.05%   250 2156s
 99881 52266  843.25022   22 1758  866.39770  839.99069  3.05%   250 2173s
 100365 52467  864.71815   45 1744  866.39770  840.00870  3.05%   251 2190s
 100849 52681  849.61483   35 1804  866.39770  840.03647  3.04%   251 2206s
 101278 52916  847.98897   32 1827  866.39770  840.05297  3.04%   252 2223s
 101769 52921  863.45425   39 1626  866.39770  840.07029  3.04%   252 2246s
 101779 52927 infeasible   37       866.39770  840.07029  3.04%   252 2264s
 101789 52950     cutoff   40       866.39770  840.07029  3.04%   252 2281s
 101846 53090     cutoff   39       866.39770  840.07629  3.04%   252 2299s
 102156 53291  853.49476   29 1798  866.39770  840.09115  3.04%   252 2317s
 102712 53553  847.49782   36 1815  866.39770  840.10692  3.03%   253 2334s
 103303 53745  860.37328   39 1727  866.39770  840.14130  3.03%   253 2352s
 103850 54033  853.09096   22 1736  866.39770  840.16240  3.03%   253 2370s
 104439 54291  853.24791   32 1761  866.39770  840.19068  3.02%   253 2388s
 104941 54575  847.30659   38 1768  866.39770  840.21079  3.02%   253 2407s
 105540 54820  858.65942   41 1708  866.39770  840.24540  3.02%   254 2425s
 106043 55101  847.10096   19 1751  866.39770  840.25831  3.02%   254 2444s
 106606 55363  849.61663   34 1816  866.39770  840.29435  3.01%   254 2461s
 107110 55555     cutoff   41       866.39770  840.33102  3.01%   254 2479s
 107584 55806  863.03805   49 1780  866.39770  840.34209  3.01%   255 2497s
 108158 56047  858.81200   35 1798  866.39770  840.35643  3.01%   255 2516s
 108617 56284  854.22454   43 1763  866.39770  840.38849  3.00%   255 2534s
 109144 56531  844.75929   34 1803  866.39770  840.41261  3.00%   255 2553s
 109732 56800  855.32473   31 1787  866.39770  840.43886  3.00%   256 2571s
 110345 57007     cutoff   44       866.39770  840.48039  2.99%   256 2590s
 110828 57262  844.74194   33 1778  866.39770  840.50922  2.99%   256 2608s
 111386 57582  853.31469   30 1667  866.39770  840.53045  2.99%   256 2627s
 111945 57784  850.53451   39 1815  866.39770  840.56343  2.98%   256 2645s
 112462 57957  864.12424   39 1757  866.39770  840.58148  2.98%   257 2663s
 112878 58208     cutoff   37       866.39770  840.60071  2.98%   257 2682s
 113442 58426  847.05874   33 1825  866.39770  840.62417  2.97%   257 2700s
 113974 58735  858.86577   30 1717  866.39770  840.64911  2.97%   257 2720s
 114608 58953  851.88958   30 1765  866.39770  840.67915  2.97%   257 2740s
 115022 59192 infeasible   39       866.39770  840.69067  2.97%   258 2759s
 115561 59474     cutoff   51       866.39770  840.71360  2.96%   258 2778s
 116159 59769  848.20886   34 1790  866.39770  840.74775  2.96%   258 2797s
 116769 60051  863.70645   50 1799  866.39770  840.76820  2.96%   258 2816s
 117342 60284     cutoff   45       866.39770  840.79307  2.96%   258 2835s
 117880 60525  857.37223   27 1770  866.39770  840.83267  2.95%   258 2854s
 118354 60813  849.13268   30 1809  866.39770  840.84677  2.95%   259 2873s
 118943 61071  852.39451   39 1723  866.39770  840.87344  2.95%   259 2892s
 119490 61310  860.20330   34 1748  866.39770  840.89097  2.94%   259 2911s
 120002 61527  848.51601   35 1739  866.39770  840.90489  2.94%   259 2930s
 120432 61734  863.08804   43 1591  866.39770  840.92864  2.94%   259 2949s
 120973 61940  847.50026   26 1794  866.39770  840.94513  2.94%   260 2968s
 121409 62158  849.99534   26 1787  866.39770  840.97143  2.93%   260 2987s
 121933 62349     cutoff   35       866.39770  840.98905  2.93%   260 3006s
 122460 62572  855.10345   36 1747  866.39770  841.01366  2.93%   260 3025s
 122962 62855  849.87190   33 1789  866.39770  841.03672  2.93%   261 3044s
 123421 62855  864.36328   45 1483  866.39770  841.04302  2.93%   261 3045s
 123568 63103  863.50556   40 1772  866.39770  841.06027  2.92%   261 3064s
 124097 63201  856.98737   31 1806  866.39770  841.08551  2.92%   261 3088s
 124316 63440  854.43028   24 1740  866.39770  841.09994  2.92%   261 3107s
 124894 63620  841.90827   27 1816  866.39770  841.11875  2.92%   261 3127s
 125498 63852  848.75132   35 1809  866.39770  841.13275  2.92%   261 3146s
 125992 64077  858.04916   40 1694  866.39770  841.15350  2.91%   262 3166s
 126502 64341     cutoff   41       866.39770  841.16717  2.91%   262 3186s
 127116 64553  865.36514   32 1786  866.39770  841.18975  2.91%   262 3206s
 127620 64774  866.35909   46 1771  866.39770  841.22022  2.91%   262 3227s
 128144 64962  862.24383   42 1762  866.39770  841.24023  2.90%   262 3247s
 128629 65188  853.38289   35 1770  866.39770  841.26825  2.90%   262 3267s
 129186 65372  858.65344   48 1816  866.39770  841.28564  2.90%   263 3287s
 129657 65595  858.45033   37 1808  866.39770  841.29643  2.90%   263 3307s
 130236 65821  849.66830   29 1753  866.39770  841.30690  2.90%   263 3327s
 130764 66023  865.37582   41 1283  866.39770  841.34825  2.89%   263 3348s
 131275 66217  858.24086   33 1749  866.39770  841.36079  2.89%   263 3368s
 131737 66480  846.20490   32 1809  866.39770  841.38336  2.89%   264 3387s
 132310 66765  863.93414   41 1729  866.39770  841.41310  2.88%   264 3408s
 132900 66994  852.21798   31 1755  866.39770  841.42772  2.88%   264 3429s
 133445 67148  849.69536   34 1782  866.39770  841.44655  2.88%   264 3451s
 133948 67334  860.67398   41 1803  866.39770  841.47817  2.88%   264 3471s
 134474 67564  860.27207   27 1765  866.39770  841.49638  2.87%   264 3491s
 135015 67765  857.01319   45 1819  866.39770  841.51215  2.87%   265 3512s
 135465 67958  863.71306   36 1789  866.39770  841.53405  2.87%   265 3532s
 135937 68196  865.92155   46 1656  866.39770  841.55642  2.87%   265 3553s
 136461 68446  858.40766   46 1758  866.39770  841.58157  2.86%   265 3573s
 137006 68669  859.97623   36 1694  866.39770  841.59972  2.86%   265 3595s
 137549 68889  852.68529   29 1806  866.39770  841.62394  2.86%   265 3616s
 138036 69052  859.37372   39 1789  866.39770  841.63551  2.86%   266 3636s
 138450 69257  864.87526   31 1811  866.39770  841.64372  2.86%   266 3658s
 138987 69461     cutoff   38       866.39770  841.67597  2.85%   266 3682s
 139425 69682  862.16304   34 1799  866.39770  841.69070  2.85%   266 3703s
 139931 69882  858.65601   37 1794  866.39770  841.71157  2.85%   266 3724s
 140398 70154  858.71731   43 1795  866.39770  841.72709  2.85%   267 3745s
 140993 70401  851.30578   23 1699  866.39770  841.74797  2.85%   267 3767s
 141469 70660  858.68308   39 1719  866.39770  841.76193  2.84%   267 3788s
 142063 70938  856.75001   34 1800  866.39770  841.77758  2.84%   267 3810s
 142647 71115  846.54168   28 1812  866.39770  841.79219  2.84%   267 3831s
 143105 71345  854.57905   37 1832  866.39770  841.80982  2.84%   267 3852s
 143596 71531  857.43393   35 1729  866.39770  841.83365  2.84%   267 3876s
 144075 71753  863.73780   38 1717  866.39770  841.85154  2.83%   268 3898s
 144619 71912  858.03820   39 1783  866.39770  841.87305  2.83%   268 3923s
 145037 72073  857.34077   46 1826  866.39770  841.89561  2.83%   268 3944s
 145487 72300  863.14303   32 1754  866.39770  841.91227  2.83%   268 3966s
 145981 72532  846.16295   24 1771  866.39770  841.93772  2.82%   268 3988s
 146576 72748  853.12872   31 1807  866.39770  841.95215  2.82%   268 4010s
 147124 72926     cutoff   37       866.39770  841.98437  2.82%   268 4032s
 147650 73096  856.14292   42 1787  866.39770  841.99771  2.82%   269 4054s
 148106 73303  847.08837   29 1804  866.39770  842.00761  2.82%   269 4076s
 148693 73536  851.35070   34 1825  866.39770  842.03624  2.81%   269 4098s
 149182 73806  850.57035   35 1833  866.39770  842.05789  2.81%   269 4120s
 149756 74029  847.27879   33 1806  866.39770  842.07029  2.81%   269 4142s
 150210 74210  853.70689   34 1806  866.39770  842.08465  2.81%   269 4167s
 150657 74437  863.70743   37 1690  866.39770  842.09377  2.81%   269 4189s
 151158 74631  864.97784   48 1730  866.39770  842.10431  2.80%   270 4211s
 151636 74801  863.99036   36 1610  866.39770  842.13776  2.80%   270 4235s
 152185 75011  849.52705   31 1743  866.39770  842.14528  2.80%   270 4261s
 152657 75223  845.98526   29 1805  866.39770  842.16138  2.80%   270 4284s
 153093 75414  859.14586   34 1769  866.39770  842.18501  2.79%   270 4307s
 153682 75573  860.09618   31 1787  866.39770  842.18580  2.79%   270 4329s
 154056 75573     cutoff   47       866.39770  842.20233  2.79%   271 4330s
 154170 75758  852.43486   38 1785  866.39770  842.20882  2.79%   271 4351s
 154564 75987     cutoff   37       866.39770  842.22631  2.79%   271 4374s
 155039 76182  859.78246   49 1796  866.39770  842.24914  2.79%   271 4397s
 155535 76429  862.74881   42 1763  866.39770  842.26015  2.79%   271 4420s
 156065 76680  861.75310   33 1763  866.39770  842.28430  2.78%   272 4447s
 156632 76908  856.53220   46 1727  866.39770  842.29829  2.78%   272 4470s
 157121 77107     cutoff   41       866.39770  842.30655  2.78%   272 4495s
 157683 77318  847.59765   37 1784  866.39770  842.32567  2.78%   272 4518s
 158231 77494  859.11658   35 1761  866.39770  842.34350  2.78%   272 4542s
 158690 77732  865.46177   39 1679  866.39770  842.35315  2.78%   272 4566s
 159234 77959  850.69823   43 1785  866.39770  842.37652  2.77%   272 4589s
 159749 78013  854.84984   39 1737  866.39770  842.39716  2.77%   272 4618s
 159943 78216     cutoff   36       866.39770  842.39751  2.77%   273 4642s
 160362 78340     cutoff   35       866.39770  842.40507  2.77%   273 4666s
 160927 78533     cutoff   38       866.39770  842.43306  2.77%   273 4690s
 161424 78721  859.75296   29 1784  866.39770  842.44281  2.76%   273 4714s
 161966 78941  849.55705   29 1803  866.39770  842.47039  2.76%   273 4737s
 162417 79157  848.28531   32 1803  866.39770  842.48814  2.76%   273 4761s
 162933 79395  859.25339   30 1779  866.39770  842.50710  2.76%   273 4785s
 163500 79583  843.95457   28 1836  866.39770  842.52108  2.76%   274 4809s
 163958 79816  851.99466   27 1747  866.39770  842.54373  2.75%   274 4834s
 164587 79822  860.43483   36 1771  866.39770  842.55488  2.75%   274 4869s
 164597 79830  861.04602   37 1772  866.39770  842.55714  2.75%   274 4894s
 164605 79993  862.06837   38 1781  866.39770  842.55714  2.75%   274 4917s
 164974 80222  856.67660   31 1776  866.39770  842.56605  2.75%   274 4942s
 165504 80473  865.46385   41 1776  866.39770  842.57984  2.75%   274 4966s
 166018 80683  863.47947   30 1768  866.39770  842.60332  2.75%   274 4991s
 166554 80925  865.59637   43 1419  866.39770  842.63028  2.74%   274 5015s
 167079 81132  858.56372   25 1763  866.39770  842.64880  2.74%   274 5040s
 167553 81342  856.41280   36 1703  866.39770  842.66453  2.74%   274 5065s
 168066 81547  860.01273   37 1768  866.39770  842.68217  2.74%   275 5090s
 168607 81659  853.91844   34 1823  866.39770  842.70311  2.73%   275 5115s
 169016 81835  862.74600   41 1735  866.39770  842.70860  2.73%   275 5140s
 169516 82029  864.70731   31 1664  866.39770  842.72464  2.73%   275 5164s
 170041 82209  850.05303   43 1789  866.39770  842.74367  2.73%   275 5189s
 170532 82391  859.36964   36 1773  866.39770  842.76056  2.73%   275 5217s
 171006 82576  864.86985   36 1746  866.39770  842.77352  2.73%   275 5242s
 171436 82769  858.63227   31 1729  866.39770  842.79212  2.72%   276 5268s
 171869 82992  860.32136   32 1773  866.39770  842.79917  2.72%   276 5293s
 172359 83247     cutoff   42       866.39770  842.82483  2.72%   276 5319s
 172961 83429  861.59789   41 1801  866.39770  842.84813  2.72%   276 5344s
 173460 83647  857.07028   35 1750  866.39770  842.85723  2.72%   276 5370s
 173939 83840  855.60352   25 1732  866.39770  842.87485  2.72%   276 5395s
 174432 83997  852.81945   42 1797  866.39770  842.88626  2.71%   277 5420s
 174887 84257  865.54492   51 1653  866.39770  842.90705  2.71%   277 5445s
 175466 84504  865.83815   36 1675  866.39770  842.92505  2.71%   277 5470s
 175960 84726  861.49528   43 1718  866.39770  842.94018  2.71%   277 5496s
 176368 84927  856.38274   39 1781  866.39770  842.95087  2.71%   277 5522s
 176975 85138     cutoff   36       866.39770  842.96983  2.70%   277 5549s
 177493 85353  862.19515   38 1714  866.39770  842.98636  2.70%   277 5575s
 178051 85541  859.27880   36 1811  866.39770  843.00280  2.70%   278 5601s
 178503 85753  864.07325   45 1816  866.39770  843.01938  2.70%   278 5627s
 179009 85970  856.22625   31 1793  866.39770  843.04500  2.70%   278 5653s
 179547 86201  847.33926   32 1849  866.39770  843.06603  2.69%   278 5678s
 180072 86452  863.18498   33 1764  866.39770  843.08212  2.69%   278 5704s
 180610 86637  862.88796   44 1706  866.39770  843.10760  2.69%   278 5729s
 181063 86824  857.05368   31 1776  866.39770  843.12346  2.69%   278 5754s
 181420 86824     cutoff   33       866.39770  843.12481  2.69%   278 5755s
 181599 86971  856.03564   38 1804  866.39770  843.13107  2.69%   278 5782s
 181974 87136     cutoff   40       866.39770  843.13939  2.68%   279 5807s
 182472 87328  850.93954   33 1775  866.39770  843.14916  2.68%   279 5833s
 182970 87548  850.87308   34 1789  866.39770  843.16162  2.68%   279 5859s
 183464 87698  856.29493   33 1751  866.39770  843.17624  2.68%   279 5885s
 183997 87866  850.72203   24 1736  866.39770  843.18915  2.68%   279 5911s
 184473 88007     cutoff   42       866.39770  843.19995  2.68%   279 5937s
 185066 88191     cutoff   43       866.39770  843.20818  2.68%   279 5963s
 185504 88432  866.29242   47 1701  866.39770  843.21878  2.68%   279 5990s
 186039 88653  848.05779   35 1802  866.39770  843.23429  2.67%   280 6016s
 186549 88826  863.82552   40 1755  866.39770  843.24442  2.67%   280 6043s
 187055 88997 infeasible   52       866.39770  843.26037  2.67%   280 6074s
 187448 89181  861.71162   38 1718  866.39770  843.27146  2.67%   280 6101s
 187957 89421  865.85621   40 1793  866.39770  843.27833  2.67%   280 6128s
 188504 89583  849.39795   42 1767  866.39770  843.30112  2.67%   280 6154s
 188954 89798  856.17598   36 1781  866.39770  843.31342  2.66%   280 6181s
 189465 89995  851.80104   32 1810  866.39770  843.32660  2.66%   281 6208s
 190000 90197  855.81129   39 1815  866.39770  843.34058  2.66%   281 6235s
 190473 90390  860.29037   37 1807  866.39770  843.34782  2.66%   281 6262s
 190967 90622  854.07267   30 1735  866.39770  843.36200  2.66%   281 6290s
 191489 90777  853.84898   34 1798  866.39770  843.37563  2.66%   281 6317s
 191938 90958  863.88121   48 1700  866.39770  843.38858  2.66%   281 6344s
 192397 91062     cutoff   41       866.39770  843.40957  2.65%   282 6378s
 192683 91225  847.93587   30 1796  866.39770  843.41555  2.65%   282 6409s
 192731 91225     cutoff   38       866.39770  843.41555  2.65%   282 6410s
 193061 91384  853.36032   34 1777  866.39770  843.42090  2.65%   282 6436s
 193504 91507  865.12060   33 1770  866.39770  843.42933  2.65%   282 6464s
 193985 91711  859.25614   29 1811  866.39770  843.43641  2.65%   282 6491s
 194571 91887  860.10081   31 1659  866.39770  843.45934  2.65%   282 6519s
 195106 92062  850.37379   38 1813  866.39770  843.46856  2.65%   282 6545s
 195527 92271  862.12810   42 1769  866.39770  843.47896  2.65%   282 6572s
 195996 92436  863.66084   41 1745  866.39770  843.49254  2.64%   283 6599s
 196503 92649  861.03653   39 1765  866.39770  843.50723  2.64%   283 6626s
 197074 92811  855.63419   36 1755  866.39770  843.52042  2.64%   283 6653s
 197566 92959  865.90207   43 1777  866.39770  843.53057  2.64%   283 6680s
 197970 93171  861.10631   33 1791  866.39770  843.53950  2.64%   283 6708s
 198504 93340  855.81358   35 1762  866.39770  843.56110  2.64%   283 6738s
 198971 93477  860.54549   42 1760  866.39770  843.57046  2.63%   283 6766s
 199517 93618  852.60632   30 1807  866.39770  843.57291  2.63%   283 6793s
 199992 93852  860.24081   29 1771  866.39770  843.58395  2.63%   284 6821s
 200558 94061     cutoff   40       866.39770  843.59823  2.63%   284 6849s
 201079 94241  851.24476   24 1798  866.39770  843.61246  2.63%   284 6875s
 201524 94415     cutoff   44       866.39770  843.62131  2.63%   284 6903s
 202020 94627  861.06490   37 1777  866.39770  843.63072  2.63%   284 6932s
 202548 94793  857.32833   31 1811  866.39770  843.64461  2.63%   284 6960s
 203025 95007  857.12561   29 1781  866.39770  843.64701  2.63%   284 6988s
 203582 95210  861.26757   31 1787  866.39770  843.67674  2.62%   284 7016s
 204035 95429  850.34793   29 1788  866.39770  843.68991  2.62%   284 7048s
 204531 95644  851.85218   38 1829  866.39770  843.69935  2.62%   285 7076s
 205076 95868  857.05886   30 1760  866.39770  843.71349  2.62%   285 7105s
 205642 96049  861.17080   39 1788  866.39770  843.72050  2.62%   285 7134s
 206152 96198  863.31830   32 1798  866.39770  843.73921  2.62%   285 7162s
 206554 96407  853.08569   37 1798  866.39770  843.75256  2.61%   285 7191s
 207067 96567  863.58413   36 1759  866.39770  843.76409  2.61%   285 7219s
 207468 96775  860.60073   39 1727  866.39770  843.77345  2.61%   285 7248s
 208055 96954  853.28185   25 1730  866.39770  843.78959  2.61%   285 7277s
 208623 97129  862.07049   38 1729  866.39770  843.80479  2.61%   285 7305s
 209061 97328  851.13419   28 1810  866.39770  843.81425  2.61%   286 7334s
 209568 97499  861.64546   45 1689  866.39770  843.82777  2.61%   286 7364s
 209993 97632  863.16126   50 1758  866.39770  843.84108  2.60%   286 7393s
 210522 97810  850.24105   26 1813  866.39770  843.85466  2.60%   286 7424s
 211053 97972  860.19854   42 1795  866.39770  843.86567  2.60%   286 7453s
 211507 98182  850.00492   29 1803  866.39770  843.87925  2.60%   286 7481s
 211961 98375     cutoff   43       866.39770  843.89108  2.60%   286 7511s
 212507 98608  853.23048   31 1805  866.39770  843.90484  2.60%   286 7540s
 213027 98745  860.17555   31 1777  866.39770  843.91764  2.59%   286 7568s
 213554 98898  862.13471   42 1777  866.39770  843.92613  2.59%   287 7598s
 214110 99075  863.18844   34 1779  866.39770  843.93053  2.59%   287 7627s
 214569 99232  855.96736   28 1804  866.39770  843.94754  2.59%   287 7656s
 215092 99436  854.38529   34 1725  866.39770  843.95746  2.59%   287 7687s
 215477 99617  854.93206   39 1810  866.39770  843.96643  2.59%   287 7716s
 215952 99820  858.92258   26 1724  866.39770  843.97267  2.59%   287 7745s
 216435 100024  848.30440   29 1743  866.39770  843.98373  2.59%   287 7775s
 216963 100217     cutoff   41       866.39770  843.99791  2.59%   287 7806s
 217481 100405  855.02395   31 1795  866.39770  844.01113  2.58%   287 7834s
 217939 100629  851.33781   31 1788  866.39770  844.01698  2.58%   288 7864s
 218458 100844  860.99437   36 1726  866.39770  844.03063  2.58%   288 7894s
 218956 101023     cutoff   30       866.39770  844.04192  2.58%   288 7923s
 219381 101165  858.14457   38 1759  866.39770  844.04799  2.58%   288 7954s
 219868 101324  854.91089   36 1791  866.39770  844.05684  2.58%   288 7984s
 220451 101509  856.47135   28 1778  866.39770  844.07346  2.58%   288 8015s
 220908 101641  864.05351   43 1819  866.39770  844.08311  2.58%   288 8046s
 221442 101776     cutoff   35       866.39770  844.09469  2.57%   288 8076s
 221958 101929  853.38868   34 1782  866.39770  844.10441  2.57%   288 8106s
 222451 102125  854.94369   31 1785  866.39770  844.11658  2.57%   289 8136s
 222918 102175  856.51977   36 1733  866.39770  844.12882  2.57%   289 8177s
 223039 102369  858.88263   32 1585  866.39770  844.13035  2.57%   289 8206s
 223489 102531  859.87400   54 1749  866.39770  844.14101  2.57%   289 8236s
 223972 102703  864.51398   34 1738  866.39770  844.14822  2.57%   289 8266s
 224476 102880  866.36907   55 1681  866.39770  844.16102  2.57%   289 8296s
 224950 103038  860.66883   48 1694  866.39770  844.18150  2.56%   289 8326s
 225488 103233  860.58834   36 1730  866.39770  844.18829  2.56%   289 8357s
 226009 103383  858.95091   35 1775  866.39770  844.20062  2.56%   289 8387s
 226454 103616  854.41053   35 1812  866.39770  844.21308  2.56%   290 8418s
 227001 103802  865.72282   36 1697  866.39770  844.22527  2.56%   290 8449s
 227508 103990  855.21422   43 1786  866.39770  844.23950  2.56%   290 8479s
 227991 104194     cutoff   56       866.39770  844.24420  2.56%   290 8510s
 228627 104385  863.06492   43 1723  866.39770  844.25658  2.56%   290 8539s
 229202 104553     cutoff   39       866.39770  844.26936  2.55%   290 8570s
 229704 104716  858.74196   37 1710  866.39770  844.27948  2.55%   290 8601s
 230122 104892  865.08576   47 1545  866.39770  844.28580  2.55%   290 8632s
 230658 105110  850.75412   37 1810  866.39770  844.29908  2.55%   290 8663s
 231187 105301  851.14811   31 1807  866.39770  844.31844  2.55%   290 8694s
 231698 105490  851.30136   31 1815  866.39770  844.32987  2.55%   290 8724s
 232196 105661  861.60881   39 1782  866.39770  844.33731  2.55%   290 8755s
 232704 105847  856.33908   38 1793  866.39770  844.35720  2.54%   290 8788s
 233165 106036  850.76740   38 1791  866.39770  844.37010  2.54%   290 8820s
 233705 106171  865.72194   37 1665  866.39770  844.37810  2.54%   291 8850s
 234157 106325  846.18565   33 1740  866.39770  844.38591  2.54%   291 8881s
 234693 106512  865.53475   45 1710  866.39770  844.39284  2.54%   291 8913s
 235274 106726     cutoff   39       866.39770  844.40379  2.54%   291 8944s
 235814 106882     cutoff   48       866.39770  844.41239  2.54%   291 8974s
 235940 106882  858.12485   46 1739  866.39770  844.41239  2.54%   291 8975s
 236286 107104  850.16318   33 1823  866.39770  844.41856  2.54%   291 9006s
 236806 107275  863.95154   36 1793  866.39770  844.43306  2.54%   291 9037s
 237266 107473  854.66940   32 1757  866.39770  844.44526  2.53%   291 9068s
 237682 107628  858.08151   40 1815  866.39770  844.45410  2.53%   291 9100s
 238131 107830  861.75808   40 1792  866.39770  844.46117  2.53%   291 9134s
 238618 107991  851.25306   42 1809  866.39770  844.47375  2.53%   292 9166s
 239097 108201  864.87013   47 1793  866.39770  844.48090  2.53%   292 9198s
 239653 108349  857.85666   42 1713  866.39770  844.49300  2.53%   292 9229s
 240025 108467  865.73409   40 1716  866.39770  844.50084  2.53%   292 9262s
 240518 108615  865.79511   34 1743  866.39770  844.50939  2.53%   292 9293s
 240973 108791  852.09325   31 1786  866.39770  844.52713  2.52%   292 9324s
 241440 109004  854.84773   35 1833  866.39770  844.53959  2.52%   292 9356s
 241936 109199  863.86339   33 1785  866.39770  844.55141  2.52%   292 9387s
 242460 109421  861.45530   34 1813  866.39770  844.55968  2.52%   292 9420s
 242992 109595     cutoff   32       866.39770  844.57424  2.52%   292 9451s
 243431 109761  860.65370   37 1706  866.39770  844.57967  2.52%   293 9483s
 243980 109913  855.53445   37 1744  866.39770  844.59133  2.52%   293 9517s
 244406 110110  852.32560   36 1796  866.39770  844.61138  2.51%   293 9548s
 244868 110268     cutoff   47       866.39770  844.62248  2.51%   293 9581s
 245321 110422  857.05842   29 1798  866.39770  844.63208  2.51%   293 9612s
 245792 110527     cutoff   38       866.39770  844.64116  2.51%   293 9643s
 246281 110718  862.85885   33 1737  866.39770  844.65245  2.51%   293 9675s
 246806 110908  863.60722   38 1812  866.39770  844.65962  2.51%   293 9707s
 247251 111078     cutoff   31       866.39770  844.66976  2.51%   293 9738s
 247691 111266  864.65230   55 1808  866.39770  844.67739  2.51%   293 9772s
 248179 111454  865.19535   41 1687  866.39770  844.69013  2.51%   294 9803s
 248656 111624  861.25771   32 1640  866.39770  844.70997  2.50%   294 9836s
 249142 111811  854.68726   41 1718  866.39770  844.72065  2.50%   294 9868s
 249595 112023  850.93873   39 1758  866.39770  844.72746  2.50%   294 9903s
 250149 112196  854.86111   34 1819  866.39770  844.73665  2.50%   294 9935s
 250585 112362     cutoff   32       866.39770  844.74236  2.50%   294 9968s
 251034 112566  865.85951   52 1719  866.39770  844.75491  2.50%   294 10002s
 251612 112707  855.23361   32 1782  866.39770  844.77079  2.50%   294 10035s
 252071 112859  854.66928   34 1779  866.39770  844.78432  2.49%   294 10068s
 252559 113023  856.54511   32 1834  866.39770  844.79633  2.49%   294 10101s
 253013 113244  848.85044   30 1817  866.39770  844.80562  2.49%   294 10134s
 253518 113423  859.73830   39 1733  866.39770  844.81577  2.49%   295 10167s
 254041 113449  848.84766   39 1734  866.39770  844.82408  2.49%   295 10212s
 254101 113569  853.70490   27 1823  866.39770  844.82408  2.49%   295 10246s
 254469 113743     cutoff   44       866.39770  844.83705  2.49%   295 10277s
 254892 113887  862.36420   40 1778  866.39770  844.84670  2.49%   295 10311s
 255319 114050  858.30206   37 1817  866.39770  844.85264  2.49%   295 10344s
 255755 114204  847.93509   39 1826  866.39770  844.86751  2.49%   295 10378s
 256258 114398  859.86657   39 1751  866.39770  844.87733  2.48%   295 10412s
 256810 114594  860.13557   36 1761  866.39770  844.89036  2.48%   295 10446s
 257307 114709  862.66089   37 1668  866.39770  844.89765  2.48%   295 10480s
 257877 114924  866.00309   37 1595  866.39770  844.90078  2.48%   295 10514s
 258076 114924  851.97430   36 1813  866.39770  844.90078  2.48%   295 10515s
 258422 115106  855.17288   39 1713  866.39770  844.91484  2.48%   295 10548s
 258870 115272     cutoff   52       866.39770  844.92910  2.48%   295 10582s
 259316 115457     cutoff   41       866.39770  844.93369  2.48%   296 10615s
 259781 115616  852.44398   33 1776  866.39770  844.94184  2.48%   296 10649s
 260280 115797  856.72449   31 1781  866.39770  844.95705  2.47%   296 10682s
 260739 116012  852.83783   35 1829  866.39770  844.97181  2.47%   296 10715s
 261258 116203     cutoff   32       866.39770  844.97798  2.47%   296 10750s
 261785 116365  851.33006   36 1775  866.39770  844.99161  2.47%   296 10784s
 262293 116561  864.70827   44 1714  866.39770  845.00144  2.47%   296 10817s
 262789 116804  861.02224   43 1762  866.39770  845.01570  2.47%   296 10852s
 263345 116945  853.67623   33 1798  866.39770  845.02839  2.47%   296 10888s
 263755 117195     cutoff   38       866.39770  845.03550  2.47%   296 10923s
 264297 117370  853.90820   33 1744  866.39770  845.04850  2.46%   296 10956s
 264752 117576     cutoff   33       866.39770  845.06378  2.46%   296 10991s
 265302 117701  858.85149   38 1773  866.39770  845.07544  2.46%   296 11025s
 265783 117857  853.11138   42 1791  866.39770  845.07871  2.46%   297 11059s
 266147 117857     cutoff   42       866.39770  845.08913  2.46%   297 11060s
 266235 118016  858.23865   37 1715  866.39770  845.09948  2.46%   297 11094s
 266670 118173  866.15218   34 1750  866.39770  845.10855  2.46%   297 11128s
 267140 118315  861.61274   38 1774  866.39770  845.11621  2.46%   297 11165s
 267520 118456  861.65762   68 1573  866.39770  845.12631  2.46%   297 11199s
 267935 118631  860.35462   41 1786  866.39770  845.13442  2.45%   297 11234s
 268445 118856  855.75028   25 1789  866.39770  845.14357  2.45%   297 11269s
 268968 118934     cutoff   44       866.39770  845.15474  2.45%   297 11303s
 269497 119083  847.65113   37 1776  866.39770  845.15474  2.45%   297 11338s
 269970 119292  847.61402   34 1802  866.39770  845.16868  2.45%   297 11373s
 270464 119471  864.10329   54 1821  866.39770  845.17799  2.45%   297 11408s
 270919 119557  864.95205   43 1733  866.39770  845.18867  2.45%   298 11450s
 271358 119711  858.75822   37 1782  866.39770  845.18868  2.45%   298 11485s
 271842 119886  861.46362   42 1709  866.39770  845.19746  2.45%   298 11520s
 272330 120004  857.12026   30 1748  866.39770  845.21133  2.45%   298 11555s
 272834 120148  854.77263   37 1822  866.39770  845.22284  2.44%   298 11593s
 273215 120339 infeasible   48       866.39770  845.23022  2.44%   298 11629s
 273701 120466  861.09153   34 1771  866.39770  845.24157  2.44%   298 11664s
 274085 120727  865.48795   28 1767  866.39770  845.24755  2.44%   298 11699s
 274356 120727     cutoff   31       866.39770  845.24926  2.44%   298 11700s
 274639 120878  852.05799   23 1784  866.39770  845.25436  2.44%   298 11735s
 275084 121050  862.72188   41 1747  866.39770  845.26017  2.44%   298 11770s
 275517 121207  858.58039   41 1814  866.39770  845.27572  2.44%   299 11805s
 275985 121323  863.09031   38 1815  866.39770  845.28600  2.44%   299 11840s
 276459 121467  858.44123   39 1827  866.39770  845.29377  2.44%   299 11876s
 276924 121667  855.00852   37 1774  866.39770  845.30358  2.43%   299 11911s
 277440 121830     cutoff   38       866.39770  845.31467  2.43%   299 11947s
 277922 122028  854.21299   34 1698  866.39770  845.32834  2.43%   299 11981s
 278384 122159  865.04715   29 1704  866.39770  845.33603  2.43%   299 12021s
 278764 122311     cutoff   48       866.39770  845.33794  2.43%   299 12057s
 279271 122471  865.71242   50 1570  866.39770  845.34719  2.43%   299 12093s
 279796 122607  849.55872   33 1827  866.39770  845.35872  2.43%   299 12129s
 280167 122607     cutoff   39       866.39770  845.37316  2.43%   299 12130s
 280239 122750  856.84062   37 1826  866.39770  845.37316  2.43%   299 12165s
 280633 122932     cutoff   40       866.39770  845.37863  2.43%   300 12201s
 281161 123141     cutoff   37       866.39770  845.39030  2.42%   300 12238s
 281689 123302  855.89657   34 1801  866.39770  845.40417  2.42%   300 12275s
 282116 123460  855.64645   32 1804  866.39770  845.41403  2.42%   300 12311s
 282546 123649  862.69187   37 1735  866.39770  845.42221  2.42%   300 12349s
 283078 123820  861.95851   40 1704  866.39770  845.43266  2.42%   300 12384s
 283391 123820  861.82599   40 1757  866.39770  845.43581  2.42%   300 12385s
 283524 124026  861.11451   40 1792  866.39770  845.44794  2.42%   300 12421s
 284060 124173  864.99609   39 1794  866.39770  845.46006  2.42%   300 12461s
 284525 124313  863.36919   38 1755  866.39770  845.46959  2.42%   300 12500s
 284907 124484  865.56929   47 1768  866.39770  845.47818  2.41%   300 12535s
 285382 124675  861.07595   36 1775  866.39770  845.48609  2.41%   300 12573s
 285906 124818  855.96640   32 1784  866.39770  845.49538  2.41%   300 12608s
 286342 124975  856.12056   36 1779  866.39770  845.50857  2.41%   300 12645s
 286798 125107  859.11896   28 1809  866.39770  845.51544  2.41%   301 12681s
 287236 125245  856.22309   32 1734  866.39770  845.52382  2.41%   301 12719s
 287746 125411     cutoff   38       866.39770  845.53494  2.41%   301 12755s
 288203 125580     cutoff   41       866.39770  845.54444  2.41%   301 12792s
 288718 125736     cutoff   46       866.39770  845.55494  2.41%   301 12828s
 289241 125869  860.20115   45 1811  866.39770  845.56748  2.40%   301 12865s
 289637 125980  859.87281   31 1741  866.39770  845.57744  2.40%   301 12907s
 290060 126127  861.28627   37 1803  866.39770  845.58404  2.40%   301 12944s
 290524 126305  864.43069   43 1742  866.39770  845.59735  2.40%   301 12982s
 290995 126440     cutoff   31       866.39770  845.60670  2.40%   301 13020s
 291441 126564  852.49909   41 1836  866.39770  845.61619  2.40%   302 13057s
 291891 126732     cutoff   30       866.39770  845.61957  2.40%   302 13094s
 292288 126904  856.58416   37 1720  866.39770  845.62817  2.40%   302 13132s
 292780 127114  856.65777   26 1802  866.39770  845.64323  2.40%   302 13170s
 293269 127235     cutoff   42       866.39770  845.65301  2.39%   302 13208s
 293727 127377  861.47099   39 1680  866.39770  845.65717  2.39%   302 13246s
 294307 127579  849.71729   31 1811  866.39770  845.66339  2.39%   302 13284s
 294802 127586  853.85080   38 1786  866.39770  845.66980  2.39%   302 13332s
 294811 127644  855.71986   39 1810  866.39770  845.67016  2.39%   302 13369s
 295096 127764  859.85780   26 1741  866.39770  845.67527  2.39%   302 13411s
 295488 127920     cutoff   34       866.39770  845.68029  2.39%   302 13448s
 295927 128099  862.13202   30 1774  866.39770  845.69148  2.39%   302 13486s
 296447 128301     cutoff   41       866.39770  845.69715  2.39%   302 13524s
 296945 128508  864.10577   35 1754  866.39770  845.70680  2.39%   302 13562s
 297486 128667  860.93122   38 1807  866.39770  845.71801  2.39%   302 13600s
 297927 128812  858.49709   41 1726  866.39770  845.72780  2.39%   303 13639s
 298382 128978  854.34159   31 1768  866.39770  845.73775  2.38%   303 13678s
 298858 129072  864.66399   33 1770  866.39770  845.74341  2.38%   303 13718s
 299345 129076  857.61053   33 1786  866.39770  845.75869  2.38%   303 13768s
 299375 129103  858.40406   34 1767  866.39770  845.76036  2.38%   303 13805s
 299462 129202  865.57192   35 1787  866.39770  845.76086  2.38%   303 13845s
 299758 129357  853.20736   42 1822  866.39770  845.76339  2.38%   303 13884s
 300025 129357  860.29909   33 1424  866.39770  845.76339  2.38%   303 13885s
 300201 129518  857.35098   41 1797  866.39770  845.77472  2.38%   303 13922s
 300615 129636  854.62396   56 1804  866.39770  845.78105  2.38%   303 13966s
 301004 129832  856.48324   36 1790  866.39770  845.78602  2.38%   303 14004s
 301482 130030  861.68543   36 1712  866.39770  845.79751  2.38%   303 14043s
 302011 130201  862.14891   33 1760  866.39770  845.80525  2.38%   303 14082s
 302425 130388  861.48265   34 1782  866.39770  845.81350  2.38%   304 14121s
 302857 130543  856.38534   33 1776  866.39770  845.82101  2.37%   304 14161s
 303370 130679  856.70419   27 1808  866.39770  845.83532  2.37%   304 14200s
 303803 130813  860.92818   42 1683  866.39770  845.84131  2.37%   304 14240s
 304316 130920     cutoff   40       866.39770  845.85617  2.37%   304 14278s
 304717 131085  851.51381   24 1786  866.39770  845.86090  2.37%   304 14318s
 305215 131207     cutoff   28       866.39770  845.86780  2.37%   304 14358s
 305688 131362  864.31607   37 1806  866.39770  845.87669  2.37%   304 14397s
 306216 131441     cutoff   36       866.39770  845.89257  2.37%   304 14446s
 306543 131605     cutoff   42       866.39770  845.89539  2.37%   304 14487s
 307020 131820  852.45001   35 1797  866.39770  845.90526  2.37%   304 14527s
 307513 132018  848.91263   32 1790  866.39770  845.91376  2.36%   304 14566s
 308043 132150     cutoff   49       866.39770  845.92030  2.36%   304 14607s
 308482 132317  866.08920   25 1713  866.39770  845.93241  2.36%   305 14645s
 308923 132427     cutoff   37       866.39770  845.94005  2.36%   305 14685s
 309397 132610  866.00549   37 1787  866.39770  845.94772  2.36%   305 14724s
 309848 132770  859.27664   42 1789  866.39770  845.95702  2.36%   305 14763s
 310296 132914  854.43200   40 1814  866.39770  845.96396  2.36%   305 14802s
 310762 133071  858.98842   45 1808  866.39770  845.97807  2.36%   305 14842s
 311268 133198  862.27192   45 1810  866.39770  845.98561  2.36%   305 14882s
 311716 133348  858.74417   39 1783  866.39770  845.99115  2.36%   305 14922s
 312108 133525  865.68357   39 1785  866.39770  845.99810  2.35%   305 14963s
 312589 133641  858.06706   40 1630  866.39770  846.00967  2.35%   305 15002s
 313016 133782  858.65807   41 1786  866.39770  846.01541  2.35%   305 15043s
 313465 133908  850.49763   38 1807  866.39770  846.02350  2.35%   305 15084s
 313925 134085  857.76999   32 1777  866.39770  846.02957  2.35%   306 15124s
 314116 134085  850.99256   37 1795  866.39770  846.02957  2.35%   306 15125s
 314392 134246  852.22752   37 1748  866.39770  846.03720  2.35%   306 15165s
 314893 134395  861.97324   39 1774  866.39770  846.04417  2.35%   306 15206s
 315363 134518  849.01693   37 1808  866.39770  846.05011  2.35%   306 15246s
 315904 134524  854.49856   44 1828  866.39770  846.05555  2.35%   306 15305s
 315914 134529  854.49856   45 1829  866.39770  846.05555  2.35%   306 15346s
 315925 134536  856.15714   46 1823  866.39770  846.05555  2.35%   306 15391s
 315937 134597  858.85587   47 1816  866.39770  846.05722  2.35%   306 15434s
 316123 134766  856.79672   26 1796  866.39770  846.05809  2.35%   306 15473s
 316503 134933     cutoff   37       866.39770  846.06443  2.35%   306 15514s
 316838 134933  862.25020   41 1793  866.39770  846.06844  2.35%   306 15515s
 317005 135079  854.57355   32 1840  866.39770  846.07551  2.35%   306 15555s
 317458 135271  855.25188   41 1804  866.39770  846.08413  2.34%   306 15597s
 317986 135445  860.48181   36 1759  866.39770  846.09391  2.34%   306 15637s
 318426 135601 infeasible   43       866.39770  846.10392  2.34%   306 15678s
 318880 135762  861.56765   47 1811  866.39770  846.10898  2.34%   306 15720s
 319379 135943  858.65133   39 1814  866.39770  846.11619  2.34%   306 15760s
 319859 136113  855.46068   33 1760  866.39770  846.12416  2.34%   306 15801s
 320349 136279  853.19286   39 1809  866.39770  846.13135  2.34%   306 15842s
 320837 136422  858.02339   32 1767  866.39770  846.13777  2.34%   307 15883s
 321353 136537  853.02795   34 1796  866.39770  846.14780  2.34%   307 15925s
 321856 136692  855.74227   31 1814  866.39770  846.15406  2.34%   307 15965s
 322290 136875  853.26106   28 1770  866.39770  846.16308  2.34%   307 16006s
 322789 137026  855.82222   42 1700  866.39770  846.17048  2.33%   307 16047s
 323209 137205     cutoff   44       866.39770  846.17752  2.33%   307 16089s
 323729 137390  866.17649   48 1570  866.39770  846.18851  2.33%   307 16131s
 324314 137562  865.57391   38 1774  866.39770  846.19593  2.33%   307 16172s
 324761 137747  854.58882   31 1813  866.39770  846.20129  2.33%   307 16213s
 325340 137932  857.97693   37 1842  866.39770  846.20605  2.33%   307 16255s
 325856 138106  853.61672   42 1810  866.39770  846.21506  2.33%   307 16297s
 326357 138246  854.33419   40 1656  866.39770  846.22140  2.33%   307 16338s
 326890 138401  865.22244   46 1804  866.39770  846.22602  2.33%   307 16380s
 327378 138612  858.71075   40 1819  866.39770  846.23275  2.33%   307 16422s
 327890 138788  862.49019   41 1723  866.39770  846.23876  2.33%   307 16463s
 328367 138955  852.93657   27 1820  866.39770  846.24928  2.33%   308 16505s
 328871 139110     cutoff   42       866.39770  846.25523  2.32%   308 16548s
 329340 139273     cutoff   43       866.39770  846.26698  2.32%   308 16591s
 329779 139353     cutoff   43       866.39770  846.27356  2.32%   308 16634s
 330334 139480  864.62344   40 1764  866.39770  846.28123  2.32%   308 16676s
 330788 139665  862.91269   40 1644  866.39770  846.28472  2.32%   308 16718s
 331319 139764  863.80036   38 1667  866.39770  846.29386  2.32%   308 16761s
 331882 139931  862.53211   39 1720  866.39770  846.29981  2.32%   308 16802s
 332372 140105  863.83167   44 1791  866.39770  846.30590  2.32%   308 16844s
 332843 140267  861.58050   28 1692  866.39770  846.31346  2.32%   308 16887s
 333312 140390  864.03370   46 1769  866.39770  846.32253  2.32%   308 16929s
 333746 140537  851.46016   25 1802  866.39770  846.32914  2.32%   308 16971s
 334202 140685  862.25364   46 1768  866.39770  846.33561  2.32%   308 17013s
 334654 140809  858.63424   36 1785  866.39770  846.34325  2.31%   308 17056s
 335150 140980  866.16291   42 1668  866.39770  846.35391  2.31%   309 17097s
 335581 141111  863.66054   49 1809  866.39770  846.35762  2.31%   309 17141s
 336057 141262     cutoff   40       866.39770  846.36740  2.31%   309 17183s
 336553 141406  854.70182   42 1842  866.39770  846.37613  2.31%   309 17226s
 336994 141516  864.12302   42 1795  866.39770  846.38110  2.31%   309 17269s
 337463 141663     cutoff   42       866.39770  846.38779  2.31%   309 17312s
 337919 141804  854.14604   33 1797  866.39770  846.39777  2.31%   309 17354s
 338440 141964  861.77561   34 1702  866.39770  846.40637  2.31%   309 17397s
 338940 142094  857.46670   32 1770  866.39770  846.41484  2.31%   309 17438s
 339395 142272     cutoff   31       866.39770  846.42360  2.31%   309 17482s
 339901 142409     cutoff   37       866.39770  846.42954  2.30%   309 17524s
 340329 142580     cutoff   39       866.39770  846.43757  2.30%   309 17567s
 340845 142740     cutoff   35       866.39770  846.44380  2.30%   309 17611s
 341380 142886     cutoff   42       866.39770  846.44972  2.30%   309 17654s
 341808 143027  858.57776   26 1744  866.39770  846.45567  2.30%   310 17696s
 342281 143175  849.55225   34 1790  866.39770  846.46641  2.30%   310 17739s
 342773 143348  848.44557   30 1800  866.39770  846.47750  2.30%   310 17780s
 343254 143497  857.55898   39 1807  866.39770  846.48490  2.30%   310 17824s
 343743 143640  860.48252   35 1808  866.39770  846.49488  2.30%   310 17867s
 344158 143806  852.77066   34 1749  866.39770  846.50104  2.30%   310 17909s
 344331 143806  858.79378   29 1771  866.39770  846.50340  2.30%   310 17910s
 344645 143983     cutoff   36       866.39770  846.50864  2.30%   310 17953s
 345136 144120  861.95862   43 1801  866.39770  846.51327  2.30%   310 17996s
 345613 144298  852.75308   42 1816  866.39770  846.52247  2.29%   310 18040s
 346091 144465  864.37030   32 1739  866.39770  846.52993  2.29%   310 18084s
 346663 144633  864.16832   37 1694  866.39770  846.53852  2.29%   310 18128s
 347163 144773  864.82514   48 1818  866.39770  846.54539  2.29%   310 18172s
 347625 144900  857.89323   28 1815  866.39770  846.55555  2.29%   310 18215s
 348078 145064  865.87567   42 1637  866.39770  846.56316  2.29%   310 18257s
 348550 145141  864.36286   39 1565  866.39770  846.57046  2.29%   310 18301s
 348981 145296  847.76302   34 1797  866.39770  846.57571  2.29%   311 18344s
 349459 145424  857.21547   34 1783  866.39770  846.58348  2.29%   311 18388s
 349963 145574  857.48724   39 1807  866.39770  846.58853  2.29%   311 18432s
 350446 145700  857.10085   33 1819  866.39770  846.59471  2.29%   311 18476s
 350922 145783     cutoff   45       866.39770  846.60281  2.28%   311 18522s
 351470 145923  861.21313   40 1822  866.39770  846.61192  2.28%   311 18566s
 351891 146074     cutoff   41       866.39770  846.61787  2.28%   311 18610s
 352338 146195  855.62876   41 1838  866.39770  846.62784  2.28%   311 18657s
 352794 146313  853.51267   41 1744  866.39770  846.63411  2.28%   311 18701s
 353248 146447  861.16373   25 1796  866.39770  846.64566  2.28%   311 18747s
 353716 146551  856.06763   38 1791  866.39770  846.65313  2.28%   311 18790s
 354161 146707  858.34486   35 1746  866.39770  846.66212  2.28%   311 18835s
 354601 146877  862.38174   38 1775  866.39770  846.66856  2.28%   311 18879s
 355106 147034  864.68605   42 1811  866.39770  846.67829  2.28%   311 18923s
 355586 147181  854.96622   33 1785  866.39770  846.68448  2.28%   311 18968s
 356062 147342  865.07246   42 1708  866.39770  846.69260  2.27%   312 19013s
 356522 147490  855.84916   45 1759  866.39770  846.70001  2.27%   312 19058s
 356980 147655  859.00053   27 1809  866.39770  846.70746  2.27%   312 19102s
 357427 147790  865.55611   47 1798  866.39770  846.71020  2.27%   312 19147s
 357947 147930     cutoff   38       866.39770  846.72187  2.27%   312 19191s
 358399 148042     cutoff   38       866.39770  846.73123  2.27%   312 19236s
 358907 148160  862.30194   36 1799  866.39770  846.73706  2.27%   312 19282s
 359387 148301  855.52903   37 1701  866.39770  846.74276  2.27%   312 19325s
 359823 148400  851.87687   35 1764  866.39770  846.74678  2.27%   312 19369s
 360278 148535     cutoff   42       866.39770  846.75387  2.27%   312 19413s
 360718 148682  855.25587   34 1794  866.39770  846.76043  2.27%   312 19457s
 361188 148840  853.69644   36 1811  866.39770  846.76410  2.27%   312 19501s
 361658 148965     cutoff   35       866.39770  846.77299  2.27%   312 19546s
 362116 149117  863.14361   44 1684  866.39770  846.77607  2.26%   313 19593s
 362565 149248  864.50197   38 1780  866.39770  846.78405  2.26%   313 19637s
 363020 149422  859.13020   30 1734  866.39770  846.78841  2.26%   313 19681s
 363503 149562     cutoff   35       866.39770  846.79643  2.26%   313 19727s
 363936 149714  854.21986   24 1787  866.39770  846.80215  2.26%   313 19773s
 364477 149868  853.88975   29 1809  866.39770  846.81116  2.26%   313 19818s
 365000 150018  863.92692   33 1772  866.39770  846.81739  2.26%   313 19864s
 365525 150178  865.37513   47 1710  866.39770  846.82463  2.26%   313 19908s
 365991 150350     cutoff   32       866.39770  846.82967  2.26%   313 19955s
 366542 150469     cutoff   43       866.39770  846.83705  2.26%   313 20004s
 366974 150642  854.91773   36 1812  866.39770  846.84640  2.26%   313 20050s
 367461 150773     cutoff   58       866.39770  846.85427  2.26%   313 20097s
 367898 150892  863.37101   42 1816  866.39770  846.85918  2.26%   313 20144s
 368020 150892     cutoff   40       866.39770  846.86173  2.25%   313 20145s
 368420 151046     cutoff   30       866.39770  846.87047  2.25%   313 20191s
 368899 151195  859.22179   44 1819  866.39770  846.87812  2.25%   313 20236s
 369318 151335  862.52468   31 1742  866.39770  846.88546  2.25%   313 20282s
 369764 151519  861.83797   40 1827  866.39770  846.89045  2.25%   314 20329s
 370156 151519 infeasible   37       866.39770  846.89348  2.25%   314 20330s
 370288 151667     cutoff   39       866.39770  846.90119  2.25%   314 20376s
 370710 151833  851.12183   35 1763  866.39770  846.90777  2.25%   314 20423s
 371185 151990  856.64473   37 1777  866.39770  846.91369  2.25%   314 20469s
 371620 152005  855.19263   38 1818  866.39770  846.91369  2.25%   314 20529s
 371641 152133  857.13277   39 1816  866.39770  846.91369  2.25%   314 20574s
 372045 152293  851.96839   33 1775  866.39770  846.92365  2.25%   314 20620s
 372570 152449  864.31614   37 1804  866.39770  846.92712  2.25%   314 20667s
 373058 152602     cutoff   39       866.39770  846.93988  2.25%   314 20715s
 373555 152729     cutoff   35       866.39770  846.94915  2.24%   314 20762s
 373996 152842     cutoff   44       866.39770  846.95715  2.24%   314 20808s
 374461 152974     cutoff   35       866.39770  846.95989  2.24%   314 20855s
 374947 153105 infeasible   34       866.39770  846.96942  2.24%   314 20901s
 375429 153203  857.89075   29 1680  866.39770  846.97385  2.24%   314 20948s
 375978 153334  858.71115   30 1739  866.39770  846.98003  2.24%   314 20994s
 376465 153477  860.19029   33 1793  866.39770  846.99096  2.24%   314 21038s
 376917 153622     cutoff   35       866.39770  846.99389  2.24%   314 21085s
 377403 153756     cutoff   48       866.39770  847.00024  2.24%   315 21131s
 377817 153885 infeasible   38       866.39770  847.00888  2.24%   315 21178s
 378288 154029  859.93681   28 1756  866.39770  847.01829  2.24%   315 21224s
 378486 154029  866.01608   37 1807  866.39770  847.01912  2.24%   315 21225s
 378704 154135 infeasible   39       866.39770  847.02226  2.24%   315 21270s
 379112 154248  855.81575   32 1775  866.39770  847.03024  2.24%   315 21317s
 379607 154433     cutoff   36       866.39770  847.03466  2.23%   315 21363s
 380128 154571  855.91730   36 1788  866.39770  847.04262  2.23%   315 21410s
 380615 154750  854.29548   31 1801  866.39770  847.04868  2.23%   315 21456s
 381113 154890  862.27783   35 1828  866.39770  847.05673  2.23%   315 21502s
 381567 155045  863.48461   39 1768  866.39770  847.05975  2.23%   315 21550s
 382032 155205  859.21355   36 1773  866.39770  847.06709  2.23%   315 21597s
 382536 155315     cutoff   41       866.39770  847.07758  2.23%   315 21643s
 382979 155444     cutoff   40       866.39770  847.08056  2.23%   315 21689s
 383427 155637  861.84107   35 1765  866.39770  847.09003  2.23%   315 21735s
 383889 155762  860.01051   22 1775  866.39770  847.09687  2.23%   315 21783s
 384321 155871     cutoff   45       866.39770  847.09934  2.23%   316 21829s
 384789 155986  860.82628   31 1644  866.39770  847.10702  2.23%   316 21877s
 385245 156152  859.66385   42 1450  866.39770  847.11430  2.23%   316 21924s
 385691 156329  852.11782   32 1766  866.39770  847.12189  2.22%   316 21971s
 386197 156460     cutoff   34       866.39770  847.12834  2.22%   316 22019s
 386687 156625     cutoff   26       866.39770  847.13760  2.22%   316 22068s
 387202 156761  859.67847   29 1799  866.39770  847.14657  2.22%   316 22117s
 387640 156898  862.31849   44 1725  866.39770  847.15137  2.22%   316 22166s
 388119 157030     cutoff   41       866.39770  847.15811  2.22%   316 22215s
 388683 157155  858.26866   37 1745  866.39770  847.16675  2.22%   316 22268s
 389105 157310  854.50974   38 1803  866.39770  847.17334  2.22%   316 22316s
 389582 157437  854.37465   37 1797  866.39770  847.18220  2.22%   316 22365s
 390135 157556  857.20226   32 1735  866.39770  847.18968  2.22%   316 22413s
 390595 157682  857.11200   33 1682  866.39770  847.19510  2.22%   316 22462s
 391008 157828  863.58841   35 1759  866.39770  847.20086  2.22%   316 22511s
 391514 157999  852.38902   29 1780  866.39770  847.20788  2.21%   316 22558s
 392018 158167  860.90182   33 1778  866.39770  847.21571  2.21%   316 22606s
 392495 158312  863.11000   34 1296  866.39770  847.22140  2.21%   316 22654s
 392679 158312     cutoff   32       866.39770  847.22144  2.21%   317 22655s
 392952 158377  860.93717   37 1769  866.39770  847.22327  2.21%   317 22703s
 393448 158532  852.72743   38 1784  866.39770  847.23155  2.21%   317 22750s
 393907 158673  862.46704   49 1794  866.39770  847.23967  2.21%   317 22799s
 394361 158773  855.89216   37 1761  866.39770  847.24353  2.21%   317 22851s
 394789 158856  865.55810   35 1777  866.39770  847.25253  2.21%   317 22899s
 394839 158856  856.64183   31 1809  866.39770  847.25253  2.21%   317 22900s
 395271 158985  855.99076   35 1810  866.39770  847.25693  2.21%   317 22948s
 395743 159104  852.20375   32 1803  866.39770  847.26300  2.21%   317 22997s
 396186 159230     cutoff   40       866.39770  847.26891  2.21%   317 23047s
 396697 159353  853.08372   24 1789  866.39770  847.27672  2.21%   317 23095s
 397183 159517  854.15589   39 1795  866.39770  847.28057  2.21%   317 23144s
 397623 159622  857.84421   39 1804  866.39770  847.28608  2.21%   317 23193s
 398124 159718     cutoff   47       866.39770  847.29372  2.20%   317 23242s
 398630 159893  852.57309   32 1810  866.39770  847.29890  2.20%   317 23289s
 398870 159893  854.02883   35 1819  866.39770  847.30008  2.20%   317 23290s
 399126 160062  856.47778   32 1797  866.39770  847.30700  2.20%   317 23339s
 399558 160172     cutoff   45       866.39770  847.31228  2.20%   317 23388s
 400034 160328  856.35770   42 1820  866.39770  847.31798  2.20%   317 23444s
 400459 160493  862.80774   35 1752  866.39770  847.32560  2.20%   318 23494s
 400976 160615  865.61878   34 1785  866.39770  847.33103  2.20%   318 23544s
 401420 160790  864.40628   50 1579  866.39770  847.33794  2.20%   318 23594s
 401942 160947  856.79377   33 1730  866.39770  847.34510  2.20%   318 23644s
 402134 160947  851.95893   34 1826  866.39770  847.34654  2.20%   318 23645s
 402443 161072  861.16158   39 1751  866.39770  847.35130  2.20%   318 23695s
 402941 161252  864.21669   39 1809  866.39770  847.35493  2.20%   318 23742s
 403416 161381     cutoff   51       866.39770  847.36540  2.20%   318 23792s
 403863 161531  856.07377   32 1815  866.39770  847.37235  2.20%   318 23841s
 404338 161694  856.49779   39 1757  866.39770  847.38088  2.19%   318 23891s
 404827 161830  849.74955   41 1783  866.39770  847.38735  2.19%   318 23940s
 405293 161900  852.98421   27 1805  866.39770  847.39108  2.19%   318 23991s
 405782 162012     cutoff   33       866.39770  847.39108  2.19%   318 24047s
 406209 162160  857.00086   39 1771  866.39770  847.39633  2.19%   318 24097s
 406679 162312  854.44980   32 1807  866.39770  847.40714  2.19%   318 24148s
 407137 162438     cutoff   38       866.39770  847.41306  2.19%   318 24199s
 407617 162607     cutoff   48       866.39770  847.42030  2.19%   318 24249s
 408074 162730  856.79371   30 1808  866.39770  847.42819  2.19%   318 24299s
 408597 162876  854.90857   37 1792  866.39770  847.43193  2.19%   318 24349s
 409065 163054  852.49436   31 1804  866.39770  847.43689  2.19%   318 24399s
 409530 163220  861.06872   44 1771  866.39770  847.44261  2.19%   318 24449s
 410020 163340 infeasible   43       866.39770  847.44770  2.19%   318 24499s
 410468 163504  859.75516   35 1798  866.39770  847.45180  2.19%   319 24549s
 410955 163645  864.68941   51 1784  866.39770  847.46032  2.19%   319 24598s
 411443 163788  853.76506   36 1810  866.39770  847.46520  2.19%   319 24650s
 411876 163913  859.07915   39 1787  866.39770  847.47184  2.18%   319 24700s
 412344 164066  857.18768   33 1779  866.39770  847.47666  2.18%   319 24751s
 412835 164216  865.60505   44 1811  866.39770  847.48496  2.18%   319 24801s
 413334 164374  853.75068   36 1803  866.39770  847.49043  2.18%   319 24851s
 413799 164510  861.77195   34 1786  866.39770  847.49885  2.18%   319 24901s
 414262 164704  854.30338   25 1761  866.39770  847.50448  2.18%   319 24955s
 414795 164847  863.25929   40 1720  866.39770  847.50932  2.18%   319 25006s
 415257 164980     cutoff   30       866.39770  847.51633  2.18%   319 25057s
 415677 165101  861.42305   36 1807  866.39770  847.52150  2.18%   319 25111s
 416106 165286  862.69293   36 1813  866.39770  847.53134  2.18%   319 25161s
 416593 165416  862.12325   38 1783  866.39770  847.53840  2.18%   319 25212s
 417080 165539  857.53990   30 1802  866.39770  847.54410  2.18%   319 25268s
 417520 165648  852.71547   37 1728  866.39770  847.55081  2.18%   319 25320s
 417999 165816  856.12985   32 1766  866.39770  847.55649  2.17%   319 25371s
 418448 165990  856.83452   34 1766  866.39770  847.56019  2.17%   320 25423s
 418950 166114  865.85221   45 1735  866.39770  847.56884  2.17%   320 25475s
 419398 166257  859.00204   49 1710  866.39770  847.57671  2.17%   320 25526s
 419923 166379  865.32651   45 1753  866.39770  847.58265  2.17%   320 25578s
 420425 166520     cutoff   46       866.39770  847.59160  2.17%   320 25631s
 420879 166631  866.14789   42 1381  866.39770  847.59633  2.17%   320 25683s
 421311 166764  857.92414   35 1810  866.39770  847.60189  2.17%   320 25735s
 421778 166873     cutoff   44       866.39770  847.60492  2.17%   320 25787s
 422216 167032  862.85890   26 1767  866.39770  847.61152  2.17%   320 25839s
 422696 167161  853.39035   30 1811  866.39770  847.61756  2.17%   320 25894s
 422759 167161     cutoff   49       866.39770  847.61816  2.17%   320 25895s
 423190 167275  856.48009   41 1738  866.39770  847.62408  2.17%   320 25948s
 423709 167378  854.32450   38 1797  866.39770  847.63009  2.17%   320 26002s
 424161 167536     cutoff   40       866.39770  847.63344  2.17%   320 26055s
 424661 167673     cutoff   29       866.39770  847.64182  2.16%   320 26106s
 425134 167818  865.25379   32 1763  866.39770  847.64639  2.16%   320 26158s
 425605 167930     cutoff   51       866.39770  847.65715  2.16%   320 26212s
 426058 168075  863.89463   39 1819  866.39770  847.66288  2.16%   320 26264s
 426557 168238     cutoff   47       866.39770  847.66843  2.16%   320 26316s
 427042 168375  857.45240   43 1787  866.39770  847.67684  2.16%   320 26368s
 427537 168503     cutoff   43       866.39770  847.68177  2.16%   320 26421s
 428011 168638  858.71617   31 1765  866.39770  847.68905  2.16%   320 26473s
 428470 168781     cutoff   36       866.39770  847.69737  2.16%   321 26531s
 428897 168901  860.64978   31 1790  866.39770  847.70424  2.16%   321 26585s
 429344 169043  857.61317   35 1793  866.39770  847.70824  2.16%   321 26637s
 429805 169167  857.33279   39 1806  866.39770  847.71336  2.16%   321 26690s
 430289 169318  855.93723   32 1804  866.39770  847.71956  2.16%   321 26742s
 430823 169476  859.72532   41 1684  866.39770  847.72714  2.15%   321 26795s
 431321 169634  865.94205   36 1717  866.39770  847.73313  2.15%   321 26847s
 431762 169737     cutoff   39       866.39770  847.73676  2.15%   321 26899s
 432225 169870  861.63867   41 1813  866.39770  847.74046  2.15%   321 26951s
 432694 170023  850.83611   38 1803  866.39770  847.74493  2.15%   321 27005s
 433182 170108  857.30043   35 1786  866.39770  847.74892  2.15%   321 27065s
 433486 170108  864.45118   37 1665  866.39770  847.75554  2.15%   321 27121s
 433501 170120     cutoff   38       866.39770  847.75679  2.15%   321 27180s
 433535 170222  852.51567   32 1812  866.39770  847.75726  2.15%   321 27235s
 433821 170362  862.00723   43 1543  866.39770  847.75938  2.15%   321 27291s
 434273 170526  865.89022   45 1696  866.39770  847.76452  2.15%   321 27344s
 434725 170656  854.19733   37 1819  866.39770  847.77293  2.15%   321 27398s
 435198 170767     cutoff   39       866.39770  847.77897  2.15%   321 27452s
 435697 170938  861.16392   39 1782  866.39770  847.78401  2.15%   321 27505s
 436195 171063     cutoff   41       866.39770  847.79023  2.15%   321 27557s
 436650 171176  857.61341   38 1792  866.39770  847.79520  2.15%   321 27612s
 437139 171266     cutoff   38       866.39770  847.80324  2.15%   321 27672s
 437413 171384     cutoff   31       866.39770  847.80635  2.15%   321 27725s
 437918 171547     cutoff   42       866.39770  847.81151  2.15%   321 27777s
 438376 171692  855.37742   37 1836  866.39770  847.81892  2.14%   322 27832s
 438824 171788     cutoff   37       866.39770  847.82399  2.14%   322 27885s
 439323 171921  856.73834   42 1741  866.39770  847.83087  2.14%   322 27940s
 439825 172080  854.93021   38 1795  866.39770  847.83983  2.14%   322 27993s
 440271 172250  857.98104   33 1767  866.39770  847.84505  2.14%   322 28047s
 440773 172371  858.90891   30 1789  866.39770  847.85084  2.14%   322 28101s
 441217 172482  859.61982   35 1813  866.39770  847.85699  2.14%   322 28155s
 441681 172603  862.31218   41 1760  866.39770  847.86109  2.14%   322 28207s
 442162 172742  860.50167   40 1797  866.39770  847.86840  2.14%   322 28260s
 442632 172894  852.50908   33 1810  866.39770  847.87971  2.14%   322 28315s
 443111 173060  865.76451   37 1753  866.39770  847.88430  2.14%   322 28369s
 443585 173185  860.52631   32 1778  866.39770  847.89119  2.14%   322 28422s
 444020 173318  863.77800   46 1784  866.39770  847.89714  2.14%   322 28475s
 444490 173459  858.31539   36 1695  866.39770  847.90275  2.13%   322 28529s
 444724 173459  860.09589   43 1629  866.39770  847.90275  2.13%   322 28530s
 444980 173573  856.96556   34 1742  866.39770  847.91015  2.13%   322 28584s
 445145 173573  860.43154   31 1794  866.39770  847.91029  2.13%   322 28585s
 445488 173754  862.87783   30 1716  866.39770  847.91619  2.13%   322 28638s
 446009 173906     cutoff   35       866.39770  847.92085  2.13%   322 28691s
 446485 174044  854.86690   26 1762  866.39770  847.92695  2.13%   322 28746s
 446947 174163  854.42680   32 1789  866.39770  847.93363  2.13%   322 28800s

Cutting planes:
  Gomory: 2
  Cover: 1
  Clique: 20
  MIR: 8
  Flow cover: 13
  Zero half: 13
  Relax-and-lift: 2
  Lazy constraints: 23772

Explored 447413 nodes (144294396 simplex iterations) in 28800.93 seconds (63014.04 work units)
Thread count was 8 (of 18 available processors)

Solution count 7: 866.398 871.631 874.413 ... 957.442

Time limit reached
Best objective 8.663977009136e+02, best bound 8.479404691299e+02, gap 2.1303%

User-callback calls 2223333, time in user-callback 207.32 sec
### START EXACT APPROACH ###
ProblemVariant: 2
### START PREPROCESSING ###
## Start infeasible path procedure ## 
Deleted arcs: 42
Infeasible tail paths: 10
Infeasible 2-node combinations: 21
## Start extended infeasible path procedure ##
Deleted arcs: 44
Infeasible tail paths: 8
Infeasible 2-node combinations: 21
## Start start solution procedure ##
Start solution with 14 Vehicles and total costs 957.442 in 0.11169 s.
### END PREPROCESSING ###
Route 0 0-1-22-28-0 : weight util 0.983333 | volume util 0.348244 | feasible with packing heuristic | feasible with CP model
Route 1 0-3-16-33-0 : weight util 0.950000 | volume util 0.402844 | feasible with packing heuristic | feasible with CP model
Route 2 0-4-2-0 : weight util 0.933333 | volume util 0.441644 | feasible with packing heuristic | feasible with CP model
Route 3 0-6-21-36-0 : weight util 0.983333 | volume util 0.448222 | feasible with packing heuristic | feasible with CP model
Route 4 0-7-35-8-34-0 : weight util 1.000000 | volume util 0.343178 | feasible with packing heuristic | feasible with CP model
Route 5 0-9-32-0 : weight util 0.950000 | volume util 0.433689 | feasible with packing heuristic | feasible with CP model
Route 6 0-10-38-0 : weight util 0.833333 | volume util 0.181467 | feasible with packing heuristic | feasible with CP model
Route 7 0-11-26-0 : weight util 0.916667 | volume util 0.089844 | feasible with packing heuristic | feasible with CP model
Route 8 0-13-19-14-0 : weight util 0.966667 | volume util 0.241222 | feasible with packing heuristic | feasible with CP model
Route 9 0-17-40-0 : weight util 0.883333 | volume util 0.267578 | feasible with packing heuristic | feasible with CP model
Route 10 0-20-37-5-0 : weight util 0.950000 | volume util 0.447222 | feasible with packing heuristic | feasible with CP model
Route 11 0-23-24-18-25-0 : weight util 1.000000 | volume util 0.480333 | feasible with packing heuristic | feasible with CP model
Route 12 0-27-15-29-30-0 : weight util 1.000000 | volume util 0.347956 | feasible with packing heuristic | feasible with CP model
Route 13 0-31-39-12-0 : weight util 0.950000 | volume util 0.293844 | feasible with packing heuristic | feasible with CP model
