
Gurobi 12.0.1 (win64, C++) logging started Wed Apr  9 06:20:43 2025

Set parameter Username
Set parameter LicenseID to value 2618655
Academic license - for non-commercial use only - expires 2026-02-05
Set parameter Threads to value 8
Set parameter LazyConstraints to value 1
Set parameter PreCrush to value 1
Set parameter Seed to value 0
Set parameter Cuts to value -1
Set parameter TimeLimit to value 28800
Set parameter NumericFocus to value 0
Set parameter SolutionLimit to value 10000
Gurobi Optimizer version 12.0.1 build v12.0.1rc0 (win64 - Windows Server 2022.0 (20348.2))

CPU model: AMD EPYC 7513 32-Core Processor, instruction set [SSE2|AVX|AVX2]
Thread count: 18 physical cores, 18 logical processors, using up to 8 threads

Non-default parameters:
SolutionLimit  10000
TimeLimit  28800
PreCrush  1
Threads  8
LazyConstraints  1

Optimize a model with 681 rows, 1296 columns and 3808 nonzeros
Model fingerprint: 0x019739e1
Variable types: 0 continuous, 1296 integer (1296 binary)
Coefficient statistics:
  Matrix range     [1e+00, 1e+00]
  Objective range  [5e+00, 7e+01]
  Bounds range     [1e+00, 1e+00]
  RHS range        [1e+00, 1e+01]

Warning: Completing partial solution with 1209 unfixed non-continuous variables out of 1296
User MIP start produced solution with objective 871.026 (0.00s)
Loaded user MIP start with objective 871.026

Presolve removed 17 rows and 41 columns
Presolve time: 0.01s
Presolved: 664 rows, 1255 columns, 3675 nonzeros
Variable types: 0 continuous, 1255 integer (1255 binary)

Root relaxation: objective 5.249058e+02, 165 iterations, 0.00 seconds (0.00 work units)

    Nodes    |    Current Node    |     Objective Bounds      |     Work
 Expl Unexpl |  Obj  Depth IntInf | Incumbent    BestBd   Gap | It/Node Time

     0     0  524.90584    0   10  871.02629  524.90584  39.7%     -    0s
     0     0  545.38043    0   26  871.02629  545.38043  37.4%     -    0s
     0     0  598.62971    0   51  871.02629  598.62971  31.3%     -    0s
     0     0  616.08802    0   39  871.02629  616.08802  29.3%     -    0s
     0     0  623.41963    0   44  871.02629  623.41963  28.4%     -    0s
     0     0  638.98782    0   55  871.02629  638.98782  26.6%     -    0s
     0     0  642.57260    0   79  871.02629  642.57260  26.2%     -    0s
     0     0  642.73151    0   63  871.02629  642.73151  26.2%     -    0s
     0     2  642.73151    0   58  871.02629  642.73151  26.2%     -    0s
    36    40  693.22775    6  109  871.02629  661.51920  24.1%   286    5s
    68    73  684.60456    9  123  871.02629  661.51920  24.1%   300   10s
    99   106  677.43301   10  142  871.02629  661.51920  24.1%   301   15s
   145   161  681.72371   12  123  871.02629  661.51920  24.1%   253   21s
   183   198  681.08694   15  134  871.02629  661.51920  24.1%   220   26s
   331   361  685.12934   31  124  871.02629  661.51920  24.1%   168   30s
Warning: Completing partial solution with 1209 unfixed non-continuous variables out of 1296
H  533   533                     866.0959058  661.51920  23.6%   123   32s
  1064  1219  699.38656  112   98  866.09591  661.51920  23.6%  78.5   35s
Warning: Completing partial solution with 1209 unfixed non-continuous variables out of 1296
H 1174   971                     713.8471579  661.51920  7.33%  72.6   35s
  1715  1337  693.33433   67   63  713.84716  662.48262  7.20%  70.5   59s
  1717  1338  711.84859  216 1108  713.84716  675.05821  5.43%  70.4   63s
  1718  1339  703.29296  163 1115  713.84716  677.07403  5.15%  70.4   65s
  1724  1343  703.52662  170 1135  713.84716  678.62268  4.93%  70.1   71s
  1728  1346  693.67279   18 1126  713.84716  679.07704  4.87%  70.0   76s
  1732  1348  688.89241   10 1130  713.84716  679.40866  4.82%  69.8   81s
  1735  1350  679.54613   10 1127  713.84716  679.54613  4.81%  69.7   85s
  1920  1491  687.80867   23 1102  713.84716  679.55003  4.80%  90.9   90s
  2551  1834  700.30620   53 1009  713.84716  679.55504  4.80%   112   95s
  2917  1933  696.66784   19 1078  713.84716  679.88488  4.76%   117  100s
* 3718  1425              31     700.2067944  680.64964  2.79%   125  104s
Warning: Completing partial solution with 1209 unfixed non-continuous variables out of 1296
H 3719  1329                     698.6054332  680.64964  2.57%   125  104s
  3821  1299  693.12113   23 1096  698.60543  680.68063  2.57%   127  105s
  4630  1372     cutoff   24       698.60543  681.82790  2.40%   136  110s
  4920  1342  690.95747   21 1107  698.60543  682.26374  2.34%   139  115s
  5374  1321  694.51976   21 1066  698.60543  682.45344  2.31%   144  120s
  6038  1457     cutoff   23       698.60543  684.08713  2.08%   149  125s
  7045  1677     cutoff   25       698.60543  685.11091  1.93%   153  131s
  7587  1794     cutoff   21       698.60543  685.64514  1.86%   154  135s
  8233  1885  697.17001   19 1074  698.60543  686.42629  1.74%   155  140s
  8919  1988  696.12260   31 1079  698.60543  687.04065  1.66%   157  145s
  9723  2094     cutoff   24       698.60543  687.56798  1.58%   158  150s
 10262  2157  697.15351   26 1074  698.60543  687.94173  1.53%   158  155s
 11254  2240  696.82630   26 1085  698.60543  688.49600  1.45%   159  162s
 11993  2310  694.47250   31 1097  698.60543  688.93038  1.38%   160  167s
 12821  2396  694.68745   24 1093  698.60543  689.41603  1.32%   159  172s
 13233  2429  694.25365   21 1058  698.60543  689.55884  1.29%   160  175s
 14088  2462     cutoff   29       698.60543  690.05612  1.22%   160  181s
 14611  2445  695.91619   24 1085  698.60543  690.32071  1.19%   160  185s
 15731  2402  697.56404   22 1027  698.60543  691.07870  1.08%   161  192s
 16290  2357     cutoff   30       698.60543  691.39558  1.03%   161  196s
 16888  2356  697.49899   24 1093  698.60543  691.69119  0.99%   161  202s
 16912  2325     cutoff   25       698.60543  691.72168  0.99%   161  206s
 17303  2214     cutoff   39       698.60543  691.72168  0.99%   161  210s
 17935  2099  693.86188   30 1096  698.60543  692.14003  0.93%   161  216s
 18681  1964  695.82087   25 1105  698.60543  692.73669  0.84%   161  221s
 19444  1769  696.31862   25 1099  698.60543  693.26077  0.77%   161  226s
 20245  1476     cutoff   34       698.60543  693.77182  0.69%   160  232s
 21175  1101     cutoff   33       698.60543  694.26746  0.62%   159  237s
 22151   598 infeasible   31       698.60543  695.10417  0.50%   158  242s
 23080    58  697.00799   29 1057  698.60543  696.30709  0.33%   156  245s

Cutting planes:
  Gomory: 3
  Clique: 4
  MIR: 5
  Flow cover: 9
  Zero half: 17
  RLT: 2
  Relax-and-lift: 3
  Lazy constraints: 1313

Explored 23793 nodes (3647191 simplex iterations) in 246.04 seconds (389.49 work units)
Thread count was 8 (of 18 available processors)

Solution count 5: 698.605 700.207 713.847 ... 871.026

Optimal solution found (tolerance 1.00e-04)
Best objective 6.986054332259e+02, best bound 6.986054332259e+02, gap 0.0000%

User-callback calls 52574, time in user-callback 26.80 sec
### START EXACT APPROACH ###
ProblemVariant: 1
### START PREPROCESSING ###
## Start infeasible path procedure ## 
Deleted arcs: 4
Infeasible tail paths: 15
Infeasible 2-node combinations: 2
## Start extended infeasible path procedure ##
Deleted arcs: 5
Infeasible tail paths: 14
Infeasible 2-node combinations: 2
## Start start solution procedure ##
Start solution with 11 Vehicles and total costs 871.026 in 0.0320638 s.
### END PREPROCESSING ###
Route 0 0-4-34-26-0 : weight util 1.000000 | volume util 0.340467 | feasible with packing heuristic | feasible with CP model
Route 1 0-7-11-35-0 : weight util 0.925373 | volume util 0.474867 | feasible with packing heuristic | feasible with CP model
Route 2 0-8-19-14-0 : weight util 0.925373 | volume util 0.292356 | feasible with packing heuristic | feasible with CP model
Route 3 0-12-31-10-0 : weight util 1.000000 | volume util 0.276978 | feasible with packing heuristic | feasible with CP model
Route 4 0-21-5-29-0 : weight util 0.925373 | volume util 0.320689 | feasible with packing heuristic | feasible with CP model
Route 5 0-25-18-24-3-0 : weight util 0.970149 | volume util 0.337222 | feasible with packing heuristic | feasible with CP model
Route 6 0-27-13-15-20-0 : weight util 0.880597 | volume util 0.450578 | infeasible with packing heuristic | feasible with CP model
Route 7 0-28-22-1-23-0 : weight util 0.970149 | volume util 0.386000 | feasible with packing heuristic | feasible with CP model
Route 8 0-30-2-6-0 : weight util 1.000000 | volume util 0.256889 | feasible with packing heuristic | feasible with CP model
Route 9 0-32-9-0 : weight util 0.850746 | volume util 0.199044 | feasible with packing heuristic | feasible with CP model
Route 10 0-33-16-17-0 : weight util 0.985075 | volume util 0.392844 | feasible with packing heuristic | feasible with CP model
