
Gurobi 12.0.1 (win64, C++) logging started Tue Apr 22 11:57:16 2025

Set parameter Username
Set parameter LicenseID to value 2618661
Academic license - for non-commercial use only - expires 2026-02-05
Set parameter Threads to value 8
Set parameter LazyConstraints to value 1
Set parameter PreCrush to value 1
Set parameter Seed to value 10
Set parameter Cuts to value -1
Set parameter TimeLimit to value 28800
Set parameter NumericFocus to value 0
Set parameter SolutionLimit to value 10000
Gurobi Optimizer version 12.0.1 build v12.0.1rc0 (win64 - Windows Server 2022.0 (20348.2))

CPU model: AMD EPYC 7513 32-Core Processor, instruction set [SSE2|AVX|AVX2]
Thread count: 18 physical cores, 18 logical processors, using up to 8 threads

Non-default parameters:
SolutionLimit  10000
TimeLimit  28800
PreCrush  1
Seed  10
Threads  8
LazyConstraints  1

Optimize a model with 667 rows, 1296 columns and 3780 nonzeros
Model fingerprint: 0xb2dc7a68
Variable types: 0 continuous, 1296 integer (1296 binary)
Coefficient statistics:
  Matrix range     [1e+00, 1e+00]
  Objective range  [5e+00, 7e+01]
  Bounds range     [1e+00, 1e+00]
  RHS range        [1e+00, 1e+01]

Warning: Completing partial solution with 1212 unfixed non-continuous variables out of 1296
User MIP start produced solution with objective 1031.49 (0.00s)
Loaded user MIP start with objective 1031.49

Presolve removed 2 rows and 38 columns
Presolve time: 0.01s
Presolved: 665 rows, 1258 columns, 3669 nonzeros
Variable types: 0 continuous, 1258 integer (1258 binary)

Root relaxation: objective 5.249058e+02, 171 iterations, 0.00 seconds (0.00 work units)

    Nodes    |    Current Node    |     Objective Bounds      |     Work
 Expl Unexpl |  Obj  Depth IntInf | Incumbent    BestBd   Gap | It/Node Time

     0     0  524.90584    0   10 1031.48593  524.90584  49.1%     -    0s
     0     0  548.39058    0    - 1031.48593  548.39058  46.8%     -    0s
     0     0  606.39243    0    8 1031.48593  606.39243  41.2%     -    0s
     0     0  626.09425    0   38 1031.48593  626.09425  39.3%     -    0s
     0     0  629.63546    0   19 1031.48593  629.63546  39.0%     -    0s
     0     0  634.88765    0   62 1031.48593  634.88765  38.4%     -    0s
     0     0  640.47949    0   78 1031.48593  640.47949  37.9%     -    0s
     0     0  643.68242    0   85 1031.48593  643.68242  37.6%     -    0s
     0     0  643.68242    0   78 1031.48593  643.68242  37.6%     -    0s
     0     2  643.68242    0   78 1031.48593  643.68242  37.6%     -    0s
    31    40  673.47967    6  131 1031.48593  662.97776  35.7%   275    5s
    63    72  694.26184    9  117 1031.48593  662.97776  35.7%   337   10s
    94   103  688.44178    9  133 1031.48593  662.97776  35.7%   324   15s
   127   138  685.80901   13  130 1031.48593  662.97776  35.7%   292   20s
   162   174  688.93991   15  129 1031.48593  662.97776  35.7%   280   25s
   203   210  691.59707   17  130 1031.48593  662.97776  35.7%   260   30s
   534   591  700.23916   46  107 1031.48593  662.97776  35.7%   152   35s
Warning: Completing partial solution with 1212 unfixed non-continuous variables out of 1296
H 1592  1578                     834.2911972  662.97776  20.5%  79.4   39s
  1814  1796  821.69464  260   28  834.29120  663.52769  20.5%  74.8   40s
  1941  1851  795.92133  252   78  834.29120  663.52769  20.5%  79.7   60s
  1943  1852  694.69400   33 1376  834.29120  675.15974  19.1%  79.6   65s
  1947  1855  744.52465  118 1401  834.29120  677.81502  18.8%  79.4   70s
  1951  1858  693.71274   22 1407  834.29120  678.76008  18.6%  79.2   76s
  1955  1860  726.63667  169 1408  834.29120  678.98218  18.6%  79.1   81s
  1958  1862  723.33483  192 1411  834.29120  679.05821  18.6%  79.0   85s
  2112  1981  688.24069   21 1352  834.29120  679.05948  18.6%  93.4   90s
Warning: Completing partial solution with 1212 unfixed non-continuous variables out of 1296
H 2465  2210                     756.2993166  679.67212  10.1%   103   92s
  2758  2384  724.98053   55 1214  756.29932  679.67373  10.1%   109   95s
Warning: Completing partial solution with 1212 unfixed non-continuous variables out of 1296
H 2926  2479                     754.3622375  679.67373  9.90%   110   96s
Warning: Completing partial solution with 1212 unfixed non-continuous variables out of 1296
H 2959  2384                     723.0306271  679.67373  6.00%   110   97s
  3099  2357  721.46111   80  685  723.03063  679.67373  6.00%   111  100s
H 3380  2163                     709.9747729  679.92010  4.23%   116  101s
  3803  2358  699.88380   28 1328  709.97477  682.09095  3.93%   123  105s
* 4356  2183              50     706.8778236  683.57426  3.30%   124  107s
  4912  2314  700.79437   34 1304  706.87782  684.66854  3.14%   126  110s
H 5449  1986                     704.1385252  685.34996  2.67%   127  112s
H 5468  1845                     703.6171431  685.34996  2.60%   127  112s
  5985  1817  693.56012   23 1298  703.61714  686.32081  2.46%   129  115s
  6605  1782  701.17684   18 1341  703.61714  686.80282  2.39%   133  120s
  7166  1935  703.46814   23 1102  703.61714  687.40418  2.30%   136  125s
* 7361  1429              26     699.9099551  687.81415  1.73%   137  127s
* 7715  1281              27     698.6054332  688.26788  1.48%   139  129s
  7879  1285  693.07781   18 1317  698.60543  688.62731  1.43%   139  131s
  8479  1271  696.22575   22 1335  698.60543  689.51812  1.30%   143  136s
  8843  1243  695.63820   19 1370  698.60543  690.04705  1.23%   145  140s
  8913  1244  698.43375   21 1295  698.60543  690.04705  1.23%   146  145s
  9307  1216  696.98406   16 1274  698.60543  690.54307  1.15%   148  150s
  9664  1184     cutoff   23       698.60543  690.90573  1.10%   150  155s
 10471  1054  697.66008   27 1357  698.60543  691.84614  0.97%   153  161s
 11089   923 infeasible   28       698.60543  692.86688  0.82%   155  166s
 11865   632     cutoff   30       698.60543  694.21059  0.63%   155  172s
 12302   264     cutoff   21       698.60543  695.16676  0.49%   155  175s

Cutting planes:
  Gomory: 6
  Clique: 2
  MIR: 8
  Flow cover: 2
  Inf proof: 1
  Zero half: 35
  Relax-and-lift: 1
  Lazy constraints: 824

Explored 13204 nodes (1997585 simplex iterations) in 176.27 seconds (269.48 work units)
Thread count was 8 (of 18 available processors)

Solution count 10: 698.605 699.91 703.617 ... 834.291

Optimal solution found (tolerance 1.00e-04)
Best objective 6.986054332259e+02, best bound 6.986054332259e+02, gap 0.0000%

User-callback calls 43367, time in user-callback 25.13 sec
### START EXACT APPROACH ###
ProblemVariant: 6
### START PREPROCESSING ###
## Start infeasible path procedure ## 
Deleted arcs: 2
Infeasible tail paths: 0
Infeasible 2-node combinations: 1
Deleted arcs: 2
Infeasible tail paths: 0
Infeasible 2-node combinations: 1
## Start start solution procedure ##
Start solution with 11 Vehicles and total costs 1031.49 in 0.0073119 s.
### END PREPROCESSING ###
Route 0 0-3-24-18-25-0 : weight util 0.970149 | volume util 0.337222 | 
Route 1 0-4-34-26-0 : weight util 1.000000 | volume util 0.340467 | 
Route 2 0-8-19-14-0 : weight util 0.925373 | volume util 0.292356 | 
Route 3 0-9-32-0 : weight util 0.850746 | volume util 0.199044 | 
Route 4 0-10-31-12-0 : weight util 1.000000 | volume util 0.276978 | 
Route 5 0-20-15-13-27-0 : weight util 0.880597 | volume util 0.450578 | 
Route 6 0-21-5-29-0 : weight util 0.925373 | volume util 0.320689 | 
Route 7 0-23-1-22-28-0 : weight util 0.970149 | volume util 0.386000 | 
Route 8 0-30-2-6-0 : weight util 1.000000 | volume util 0.256889 | 
Route 9 0-33-16-17-0 : weight util 0.985075 | volume util 0.392844 | 
Route 10 0-35-11-7-0 : weight util 0.925373 | volume util 0.474867 | 
