
Gurobi 12.0.1 (win64, C++) logging started Thu Apr 17 16:43:32 2025

Set parameter Username
Set parameter LicenseID to value 2618655
Academic license - for non-commercial use only - expires 2026-02-05
Set parameter Threads to value 8
Set parameter LazyConstraints to value 1
Set parameter PreCrush to value 1
Set parameter Seed to value 0
Set parameter Cuts to value -1
Set parameter TimeLimit to value 28800
Set parameter NumericFocus to value 0
Set parameter SolutionLimit to value 10000
Gurobi Optimizer version 12.0.1 build v12.0.1rc0 (win64 - Windows Server 2022.0 (20348.2))

CPU model: AMD EPYC 7513 32-Core Processor, instruction set [SSE2|AVX|AVX2]
Thread count: 18 physical cores, 18 logical processors, using up to 8 threads

Non-default parameters:
SolutionLimit  10000
TimeLimit  28800
PreCrush  1
Threads  8
LazyConstraints  1

Optimize a model with 279 rows, 529 columns and 1522 nonzeros
Model fingerprint: 0x518b0614
Variable types: 0 continuous, 529 integer (529 binary)
Coefficient statistics:
  Matrix range     [1e+00, 1e+00]
  Objective range  [4e+00, 1e+02]
  Bounds range     [1e+00, 1e+00]
  RHS range        [1e+00, 6e+00]

User MIP start produced solution with objective 773.091 (0.00s)
Loaded user MIP start with objective 773.091

Presolve removed 9 rows and 39 columns
Presolve time: 0.00s
Presolved: 270 rows, 490 columns, 1430 nonzeros
Variable types: 0 continuous, 490 integer (490 binary)

Root relaxation: objective 5.577212e+02, 82 iterations, 0.01 seconds (0.00 work units)

    Nodes    |    Current Node    |     Objective Bounds      |     Work
 Expl Unexpl |  Obj  Depth IntInf | Incumbent    BestBd   Gap | It/Node Time

     0     0  557.72123    0    -  773.09050  557.72123  27.9%     -    0s
     0     0  565.67595    0    -  773.09050  565.67595  26.8%     -    0s
     0     0  566.12691    0    -  773.09050  566.12691  26.8%     -    0s
     0     0  574.35112    0    -  773.09050  574.35112  25.7%     -    0s
     0     0  592.64137    0    -  773.09050  592.64137  23.3%     -    0s
     0     0  601.80815    0    -  773.09050  601.80815  22.2%     -    0s
     0     0  602.07329    0    -  773.09050  602.07329  22.1%     -    0s
     0     0  606.76881    0    -  773.09050  606.76881  21.5%     -    0s
     0     0  614.51165    0    -  773.09050  614.51165  20.5%     -    0s
     0     0  624.01773    0    -  773.09050  624.01773  19.3%     -    0s
     0     0  629.33643    0   18  773.09050  629.33643  18.6%     -    0s
     0     0  629.59262    0    -  773.09050  629.59262  18.6%     -    0s
     0     0  632.84317    0   44  773.09050  632.84317  18.1%     -    0s
     0     0  636.15371    0    -  773.09050  636.15371  17.7%     -    0s
     0     0  642.65875    0    -  773.09050  642.65875  16.9%     -    0s
     0     0  645.20669    0    -  773.09050  645.20669  16.5%     -    0s
     0     0  646.14332    0    -  773.09050  646.14332  16.4%     -    0s
     0     0  647.93791    0   44  773.09050  647.93791  16.2%     -    0s
     0     2  647.93791    0   31  773.09050  647.93791  16.2%     -    0s
   215   250  674.42145   20   19  773.09050  663.39968  14.2%  17.9    6s
   356   389  696.99959   30   26  773.09050  663.39968  14.2%  15.6   19s
H  424   419                     739.9420671  663.39968  10.3%  14.8   19s
   450   454  697.95599   40   31  739.94207  663.39968  10.3%  14.5   20s
   755   715  702.77465   19   34  739.94207  666.96778  9.86%  14.4   26s
  1123  1007  718.43557   46   27  739.94207  668.08547  9.71%  13.2   33s
H 1147   971                     732.5148301  668.08547  8.80%  13.2   34s
  1319  1107  703.43823   15   34  732.51483  668.08547  8.80%  13.2   35s
  1672  1334  720.00575   26   20  732.51483  668.51755  8.74%  12.4   41s
  1871  1405  716.59086   29   85  732.51483  684.69700  6.53%  12.2   45s
  2127  1558  701.91506   33   53  732.51483  685.45805  6.42%  15.6   50s
  2387  1618  706.97568   43   36  732.51483  685.63998  6.40%  16.6   66s
  2575  1689  710.19780   52   53  732.51483  685.63998  6.40%  17.0   79s
  2856  1786  730.24532   64   28  732.51483  685.68620  6.39%  17.0   86s
  3248  1987  716.29963   41   24  732.51483  686.99519  6.21%  16.9   96s
  3626  2126 infeasible   31       732.51483  687.96522  6.08%  16.7  100s
  4888  2585  706.21002   34   53  732.51483  690.43797  5.74%  16.4  115s
  5538  2719  721.18948   33   49  732.51483  692.43742  5.47%  16.5  120s
  6379  3038  720.69253   30   50  732.51483  693.17516  5.37%  16.2  133s
  7335  3396     cutoff   26       732.51483  694.57774  5.18%  16.7  135s
  8052  3787  708.08572   30   32  732.51483  695.42369  5.06%  17.1  146s
  8673  4031  731.91275   26   36  732.51483  696.20994  4.96%  16.9  153s
  9397  4383  725.69767   40   53  732.51483  697.01059  4.85%  16.9  158s
  9778  4503     cutoff   34       732.51483  697.40342  4.79%  17.0  160s
 10347  4796  713.25290   35   48  732.51483  698.06579  4.70%  17.0  169s
 11116  5260 infeasible   40       732.51483  698.63050  4.63%  17.0  172s
 11609  5446  714.29414   26   59  732.51483  699.08529  4.56%  16.9  175s
 12095  5690  718.84152   46   29  732.51483  699.49224  4.51%  17.0  180s
 14421  6499     cutoff   28       732.51483  701.29558  4.26%  16.9  186s
 15070  7099  721.39956   48   39  732.51483  701.94492  4.17%  16.8  202s
 15651  7273  719.19882   36   41  732.51483  702.45868  4.10%  16.8  217s
 15942  7276  731.13426   31   48  732.51483  702.45868  4.10%  16.8  220s
 16887  7762  723.60565   32   22  732.51483  703.23561  4.00%  16.9  225s
 18262  8321     cutoff   32       732.51483  704.37659  3.84%  17.1  230s
 21069  9364  729.85194   32   22  732.51483  705.46298  3.69%  17.3  239s
 21918  9371  707.57995   32    8  732.51483  705.66919  3.66%  17.2  240s
 24765 10678  722.01820   41   25  732.51483  706.95612  3.49%  17.1  245s
 28031 11637  726.83019   37   29  732.51483  708.13767  3.33%  17.1  261s
 28915 11911  729.44751   41   33  732.51483  708.28112  3.31%  17.1  265s
 33546 13309  720.09666   35   37  732.51483  709.71287  3.11%  17.0  272s
 36592 14098  728.42672   46   37  732.51483  710.47320  3.01%  17.0  275s
 40546 14957  714.11841   36   31  732.51483  711.37334  2.89%  17.0  280s
 44542 15969     cutoff   43       732.51483  712.35104  2.75%  17.1  285s
 48277 16662     cutoff   38       732.51483  713.29816  2.62%  17.1  296s
 50554 17141  728.79890   43   12  732.51483  713.72974  2.56%  17.1  301s
 57283 18264  723.70132   47   30  732.51483  715.01784  2.39%  17.1  313s
 60495 18663  732.31242   30   33  732.51483  715.63825  2.30%  17.1  315s
 67216 19273  731.45230   38   42  732.51483  716.92001  2.13%  17.3  320s
 69191 19378     cutoff   33       732.51483  717.28469  2.08%  17.3  332s
 73423 19627  722.37963   23   22  732.51483  718.03468  1.98%  17.3  335s
 77112 19661  726.60372   36   40  732.51483  718.60318  1.90%  17.3  341s
 85980 19417     cutoff   50       732.51483  720.04764  1.70%  17.4  347s
 89595 19105  729.41493   37   12  732.51483  720.65505  1.62%  17.5  350s
 99619 17584  725.64758   38   34  732.51483  722.27129  1.40%  17.6  355s
 105382 16256     cutoff   46       732.51483  723.26106  1.26%  17.6  360s
 114782 13352  730.13896   45   59  732.51483  724.80930  1.05%  17.6  365s
 124982  8491     cutoff   47       732.51483  726.94636  0.76%  17.6  370s

Cutting planes:
  Gomory: 13
  Cover: 54
  Clique: 9
  MIR: 2
  StrongCG: 2
  Flow cover: 9
  GUB cover: 9
  Inf proof: 1
  Zero half: 87
  Relax-and-lift: 2
  Lazy constraints: 1680

Explored 137168 nodes (2367166 simplex iterations) in 374.98 seconds (84.31 work units)
Thread count was 8 (of 18 available processors)

Solution count 3: 732.515 739.942 773.091 

Optimal solution found (tolerance 1.00e-04)
Best objective 7.325148300503e+02, best bound 7.325148300503e+02, gap 0.0000%

User-callback calls 277009, time in user-callback 311.64 sec
### START EXACT APPROACH ###
ProblemVariant: 4
### START PREPROCESSING ###
## Start infeasible path procedure ## 
Deleted arcs: 16
Infeasible tail paths: 2
Infeasible 2-node combinations: 8
## Start extended infeasible path procedure ##
Deleted arcs: 16
Infeasible tail paths: 2
Infeasible 2-node combinations: 8
## Start start solution procedure ##
Start solution with 6 Vehicles and total costs 773.091 in 5.96102 s.
### END PREPROCESSING ###
Route 0 0-7-8-5-4-21-0 : weight util 0.327778 | volume util 0.544978 | feasible with packing heuristic | feasible with CP model
Route 1 0-9-13-11-12-0 : weight util 0.416667 | volume util 0.693400 | feasible with packing heuristic | feasible with CP model
Route 2 0-10-6-1-0 : weight util 0.977778 | volume util 0.392244 | feasible with packing heuristic | feasible with CP model
Route 3 0-14-17-15-16-3-2-0 : weight util 0.254222 | volume util 0.738356 | infeasible with packing heuristic | feasible with CP model
Route 4 0-18-19-22-20-0 : weight util 0.287778 | volume util 0.492467 | feasible with packing heuristic | feasible with CP model
