
Gurobi 12.0.1 (win64, C++) logging started Tue Apr 22 11:56:20 2025

Set parameter Username
Set parameter LicenseID to value 2618661
Academic license - for non-commercial use only - expires 2026-02-05
Set parameter Threads to value 8
Set parameter LazyConstraints to value 1
Set parameter PreCrush to value 1
Set parameter Seed to value 10
Set parameter Cuts to value -1
Set parameter TimeLimit to value 28800
Set parameter NumericFocus to value 0
Set parameter SolutionLimit to value 10000
Gurobi Optimizer version 12.0.1 build v12.0.1rc0 (win64 - Windows Server 2022.0 (20348.2))

CPU model: AMD EPYC 7513 32-Core Processor, instruction set [SSE2|AVX|AVX2]
Thread count: 18 physical cores, 18 logical processors, using up to 8 threads

Non-default parameters:
SolutionLimit  10000
TimeLimit  28800
PreCrush  1
Seed  10
Threads  8
LazyConstraints  1

Optimize a model with 562 rows, 1089 columns and 3168 nonzeros
Model fingerprint: 0x2abc025c
Variable types: 0 continuous, 1089 integer (1089 binary)
Coefficient statistics:
  Matrix range     [1e+00, 1e+00]
  Objective range  [1e+00, 1e+02]
  Bounds range     [1e+00, 1e+00]
  RHS range        [1e+00, 5e+00]

Warning: Completing partial solution with 1019 unfixed non-continuous variables out of 1089
User MIP start produced solution with objective 1043 (0.00s)
Loaded user MIP start with objective 1043

Presolve removed 1 rows and 33 columns
Presolve time: 0.01s
Presolved: 561 rows, 1056 columns, 3072 nonzeros
Variable types: 0 continuous, 1056 integer (1056 binary)

Root relaxation: objective 7.477113e+02, 129 iterations, 0.00 seconds (0.00 work units)

    Nodes    |    Current Node    |     Objective Bounds      |     Work
 Expl Unexpl |  Obj  Depth IntInf | Incumbent    BestBd   Gap | It/Node Time

     0     0  747.71134    0   30 1043.00490  747.71134  28.3%     -    0s
     0     0  758.06617    0   14 1043.00490  758.06617  27.3%     -    0s
H    0     0                    1041.5386441  758.06617  27.2%     -    0s
Warning: Completing partial solution with 1019 unfixed non-continuous variables out of 1089
H    0     0                    1041.3127194  859.00902  17.5%     -    0s
     0     0  859.00902    0   46 1041.31272  859.00902  17.5%     -    0s
     0     0  885.41466    0    - 1041.31272  885.41466  15.0%     -    0s
     0     0  906.64509    0    8 1041.31272  906.64509  12.9%     -    0s
     0     0  911.60706    0    8 1041.31272  911.60706  12.5%     -    0s
     0     0  920.78938    0   51 1041.31272  920.78938  11.6%     -    0s
     0     0  927.54085    0   80 1041.31272  927.54085  10.9%     -    0s
     0     0  942.58032    0    - 1041.31272  942.58032  9.48%     -    0s
     0     0  949.95980    0   34 1041.31272  949.95980  8.77%     -    0s
     0     2  949.95980    0   30 1041.31272  949.95980  8.77%     -    1s
H   30    33                    1041.0173437  972.23725  6.61%   137    2s
   139   137  996.82936   12   79 1041.01734  972.23725  6.61%  96.3    5s
Warning: Completing partial solution with 1019 unfixed non-continuous variables out of 1089
H 1550  1193                    1021.4453003  974.31227  4.61%  36.7    9s
  1616  1145  994.74097   42   34 1021.44530  974.31227  4.61%  36.7   13s
  1620  1148 1020.69270  139  361 1021.44530  986.18016  3.45%  36.6   15s
  1633  1156 1013.46595  121  346 1021.44530  989.96376  3.08%  36.3   20s
  2030  1367 1001.29135   38  294 1021.44530  990.13285  3.07%  49.6   25s
Warning: Completing partial solution with 1019 unfixed non-continuous variables out of 1089
H 2043  1366                    1018.8999014  990.13285  2.82%  49.8   25s
H 2985  1638                    1018.5650911  990.73758  2.73%  52.2   27s
H 2995  1530                    1016.1423064  990.73758  2.50%  52.3   27s
Warning: Completing partial solution with 1019 unfixed non-continuous variables out of 1089
H 3876  1563                    1012.4259059  990.96027  2.12%  50.3   29s
  4189  1674 1008.78666   34  184 1012.42591  994.23433  1.80%  51.0   30s
* 4296  1317              44    1008.9347841  994.25464  1.46%  50.8   30s
H 6074  1406                    1006.8638741  996.90545  0.99%  52.2   32s
  7647  1703 1005.94673   26   70 1006.86387  998.45312  0.84%  52.4   35s
  9650  1689     cutoff   31      1006.86387 1000.04896  0.68%  54.2   40s
 12813   182     cutoff   27      1006.86387 1004.52997  0.23%  56.2   45s

Cutting planes:
  Gomory: 7
  Zero half: 12
  RLT: 1
  Lazy constraints: 843

Explored 13557 nodes (743240 simplex iterations) in 45.43 seconds (53.72 work units)
Thread count was 8 (of 18 available processors)

Solution count 10: 1006.86 1008.93 1012.43 ... 1041.54

Optimal solution found (tolerance 1.00e-04)
Best objective 1.006863874088e+03, best bound 1.006863874088e+03, gap 0.0000%

User-callback calls 32514, time in user-callback 7.06 sec
### START EXACT APPROACH ###
ProblemVariant: 6
### START PREPROCESSING ###
## Start infeasible path procedure ## 
Deleted arcs: 0
Infeasible tail paths: 0
Infeasible 2-node combinations: 0
Deleted arcs: 0
Infeasible tail paths: 0
Infeasible 2-node combinations: 0
## Start start solution procedure ##
Start solution with 5 Vehicles and total costs 1043 in 0.002621 s.
### END PREPROCESSING ###
Route 0 0-3-5-6-32-11-2-0 : weight util 0.440000 | volume util 0.996778 | 
Route 1 0-7-8-10-9-4-0 : weight util 0.681250 | volume util 0.965044 | 
Route 2 0-12-21-20-23-24-22-19-18-0 : weight util 0.556250 | volume util 0.980089 | 
Route 3 0-30-29-28-16-27-25-17-1-0 : weight util 0.993750 | volume util 0.994644 | 
Route 4 0-31-14-26-15-13-0 : weight util 1.000000 | volume util 0.595667 | 
