
Gurobi 12.0.1 (win64, C++) logging started Fri Apr 18 07:00:50 2025

Set parameter Username
Academic license - for non-commercial use only - expires 2026-01-06
Set parameter Threads to value 8
Set parameter LazyConstraints to value 1
Set parameter PreCrush to value 1
Set parameter Seed to value 10
Set parameter Cuts to value -1
Set parameter TimeLimit to value 28800
Set parameter NumericFocus to value 0
Set parameter SolutionLimit to value 10000
Gurobi Optimizer version 12.0.1 build v12.0.1rc0 (win64 - Windows Server 2022.0 (20348.2))

CPU model: AMD EPYC 7513 32-Core Processor, instruction set [SSE2|AVX|AVX2]
Thread count: 18 physical cores, 18 logical processors, using up to 8 threads

Non-default parameters:
SolutionLimit  10000
TimeLimit  28800
PreCrush  1
Seed  10
Threads  8
LazyConstraints  1

Optimize a model with 562 rows, 1089 columns and 3168 nonzeros
Model fingerprint: 0x525da1b6
Variable types: 0 continuous, 1089 integer (1089 binary)
Coefficient statistics:
  Matrix range     [1e+00, 1e+00]
  Objective range  [1e+01, 5e+02]
  Bounds range     [1e+00, 1e+00]
  RHS range        [1e+00, 8e+00]

Warning: Completing partial solution with 1015 unfixed non-continuous variables out of 1089
User MIP start produced solution with objective 2528.55 (0.00s)
Loaded user MIP start with objective 2528.55

Presolve removed 2 rows and 37 columns
Presolve time: 0.01s
Presolved: 560 rows, 1052 columns, 3092 nonzeros
Variable types: 0 continuous, 1052 integer (1052 binary)

Root relaxation: objective 1.600563e+03, 99 iterations, 0.00 seconds (0.00 work units)

    Nodes    |    Current Node    |     Objective Bounds      |     Work
 Expl Unexpl |  Obj  Depth IntInf | Incumbent    BestBd   Gap | It/Node Time

     0     0 1600.56339    0    - 2528.55362 1600.56339  36.7%     -    0s
     0     0 1907.28937    0   24 2528.55362 1907.28937  24.6%     -    0s
     0     0 1912.34073    0    - 2528.55362 1912.34073  24.4%     -    0s
     0     0 1958.56491    0   10 2528.55362 1958.56491  22.5%     -    0s
H    0     0                    2483.2570653 1958.56491  21.1%     -    0s
     0     0 1958.56491    0   10 2483.25707 1958.56491  21.1%     -   12s
     0     0 2035.44949    0   24 2483.25707 2035.44949  18.0%     -   12s
     0     0 2049.06354    0    - 2483.25707 2049.06354  17.5%     -   12s
     0     0 2054.29346    0   19 2483.25707 2054.29346  17.3%     -   12s
     0     0 2064.30839    0   55 2483.25707 2064.30839  16.9%     -   13s
     0     0 2064.30839    0   55 2483.25707 2064.30839  16.9%     -   18s
     0     0 2083.01581    0    - 2483.25707 2083.01581  16.1%     -   19s
     0     0 2101.04673    0   24 2483.25707 2101.04673  15.4%     -   19s
Warning: Completing partial solution with 1015 unfixed non-continuous variables out of 1089
H    0     0                    2412.9763061 2101.04673  12.9%     -   19s
     0     0 2101.04673    0   16 2412.97631 2101.04673  12.9%     -   19s
     0     2 2101.04673    0   16 2412.97631 2101.04673  12.9%     -   19s
    13     4 2126.23669    3   62 2412.97631 2123.24055  12.0%  55.5   20s
   210   201 2174.28129   11   24 2412.97631 2130.91224  11.7%  35.0   25s
   472   463 2184.00165   37   49 2412.97631 2135.37392  11.5%  25.9   43s
   584   570 2169.46869   38   27 2412.97631 2135.37392  11.5%  24.2  181s
   647   640 2176.91644   46   35 2412.97631 2135.37392  11.5%  23.5  187s
   813   760 2210.72947   68   40 2412.97631 2135.42922  11.5%  21.5  248s
   851   796 2212.88307   71   32 2412.97631 2135.42922  11.5%  21.1  254s
   906   841 2215.72948   79   24 2412.97631 2135.42922  11.5%  20.9  259s
   960   855 2223.05801   86   36 2412.97631 2135.42922  11.5%  20.4  273s
   987   902 2224.79724   91   37 2412.97631 2135.42922  11.5%  20.4  278s
  1048   963 2226.26785   97   16 2412.97631 2135.42922  11.5%  19.9  304s
  1114  1003 2280.95165  108   25 2412.97631 2135.42922  11.5%  19.4  308s
Warning: Completing partial solution with 1015 unfixed non-continuous variables out of 1089
H 1309  1182                    2370.4592362 2135.42922  9.91%  18.2  310s
  1569  1359 2214.63958   15   26 2370.45924 2135.63331  9.91%  16.9  325s
  1706  1427 2219.63643   20   16 2370.45924 2135.63331  9.91%  16.6  339s
  1708  1428 2313.87694   49  150 2370.45924 2136.86180  9.85%  16.6  340s
  1793  1493 2155.95390   21  222 2370.45924 2145.81256  9.48%  18.6  345s
  1929  1586 2209.36318   30  126 2370.45924 2145.81256  9.48%  19.9  351s
Warning: Completing partial solution with 1015 unfixed non-continuous variables out of 1089
H 1938  1585                    2316.0109601 2145.81256  7.35%  19.9  353s
  1950  1595 2215.33973   31    - 2316.01096 2145.81256  7.35%  20.1  359s
  1973  1591 2228.43386   32    - 2316.01096 2145.81256  7.35%  20.3  360s
  1996  1601 2234.84016   34   80 2316.01096 2145.81256  7.35%  20.7  366s
  2004  1608 2231.88433   34  201 2316.01096 2145.81256  7.35%  20.8  371s
  2103  1616     cutoff   37      2316.01096 2145.81256  7.35%  21.1 1059s
  2112  1638     cutoff   41      2316.01096 2145.81256  7.35%  21.1 1060s
  2239  1668 2171.13291   24   98 2316.01096 2147.25034  7.29%  21.4 1080s
Warning: Completing partial solution with 1015 unfixed non-continuous variables out of 1089
H 2280  1658                    2315.4322204 2147.25034  7.26%  21.9 1082s
  2347  1718 2196.94662   30   44 2315.43222 2147.25034  7.26%  22.1 1126s
  2454  1793 2156.00799   21  227 2315.43222 2147.53053  7.25%  22.8 1166s
  2558  1845 2197.73020   24  124 2315.43222 2147.53053  7.25%  23.0 1173s
H 2664  1832                    2306.9023302 2148.18934  6.88%  23.2 1174s
  2708  1859 2212.72526   28  129 2306.90233 2148.18934  6.88%  23.3 1175s
  2773  1925 2272.52790   30   77 2306.90233 2148.18934  6.88%  23.5 1277s
  2871  1942 2229.21002   33    - 2306.90233 2149.06819  6.84%  23.3 1382s
  2956  1969 2269.38631   38    - 2306.90233 2149.06819  6.84%  23.2 1392s
  3185  2081 2172.53790   26  212 2306.90233 2152.50503  6.69%  23.3 1395s
  3421  2152 2164.98817   23  191 2306.90233 2153.43084  6.65%  23.3 1409s
  3532  2184 2201.19754   38  235 2306.90233 2153.43084  6.65%  23.2 1419s
  3624  2207 2242.54312   50  189 2306.90233 2153.43084  6.65%  23.3 1425s
H 3758  2215                    2293.4993517 2153.65390  6.10%  23.4 1426s
  3967  2290 2275.32277   44   90 2293.49935 2156.99299  5.95%  23.5 1431s
  4107  2336 2175.11105   24  207 2293.49935 2156.99299  5.95%  23.6 1435s
  4524  2550     cutoff   46      2293.49935 2156.99609  5.95%  24.0 1461s
  5272  2778 2217.21549   29  199 2293.49935 2159.08422  5.86%  24.1 1469s
  5472  2821 2172.73754   28  197 2293.49935 2160.37694  5.80%  24.1 1470s
  6047  2979 2218.52622   34  116 2293.49935 2160.95202  5.78%  25.4 1518s
  6347  3284 2248.03401   35  158 2293.49935 2161.46680  5.76%  25.6 1538s
  6632  3372 2251.18885   40  103 2293.49935 2162.15858  5.73%  25.4 1557s
  6795  3496 infeasible   47      2293.49935 2162.15858  5.73%  25.4 1587s
  7258  3781     cutoff   57      2293.49935 2163.12002  5.68%  25.4 1596s
  8072  4369 2262.26689   37  204 2293.49935 2164.23357  5.64%  25.2 1605s
  8499  4547 infeasible   59      2293.49935 2165.16916  5.60%  25.2 1614s
  8970  4808 2234.67627   38  196 2293.49935 2165.90423  5.56%  25.3 1615s
  9231  4870 2228.20433   31  158 2293.49935 2166.13745  5.55%  25.4 1635s
 10655  5688 2209.26488   22  216 2293.49935 2168.10334  5.47%  25.5 1672s
 11132  5836 2217.93041   32  261 2293.49935 2168.75778  5.44%  26.2 1736s
 11499  6279 2249.70719   39   59 2293.49935 2169.88745  5.39%  26.3 1744s
 11659  6281 2190.43662   28  236 2293.49935 2169.88861  5.39%  26.3 1745s
H12130  6410                    2290.9073502 2170.24326  5.27%  26.6 1754s
 12214  6603 2204.72099   28  181 2290.90735 2170.68608  5.25%  26.6 1773s
 13130  7136 2192.28421   25  102 2290.90735 2172.00093  5.19%  27.0 1805s
 13875  7557 2233.69546   31   77 2290.90735 2172.86938  5.15%  27.4 1810s
H14665  7777                    2282.3440128 2173.90629  4.75%  27.5 1814s
 15124  8134 infeasible   42      2282.34401 2174.16547  4.74%  27.5 1845s
 15661  8427 2254.87857   53  186 2282.34401 2175.02251  4.70%  27.5 1855s
H17240  8469                    2275.4438717 2176.58045  4.34%  27.5 1858s
 17674  9039 2213.43195   27  173 2275.44387 2177.10999  4.32%  27.7 1863s
 18365  9303     cutoff   48      2275.44387 2177.94603  4.28%  27.7 1865s
 19333  9837 2213.55332   31  208 2275.44387 2178.58902  4.26%  27.9 1871s
 20026 10118 2220.73092   42  163 2275.44387 2179.06786  4.24%  28.0 1891s
 20598 10501 infeasible   36      2275.44387 2179.62458  4.21%  28.1 1956s
 21155 10508 2268.41564   45  120 2275.44387 2179.77220  4.20%  28.1 1962s
 22190 11346 infeasible   60      2275.44387 2181.09079  4.15%  28.1 1965s
 24326 12378 2230.28908   29  163 2275.44387 2182.41280  4.09%  28.2 2017s
 24425 12383 2231.96723   30   76 2275.44387 2182.43635  4.09%  28.2 2027s
 25041 12796 2201.20714   28  185 2275.44387 2182.86185  4.07%  28.2 2030s
 26651 13518 2242.96183   26  165 2275.44387 2183.80713  4.03%  28.3 2037s
 28838 14589 2222.41045   28  144 2275.44387 2185.02529  3.97%  28.3 2040s
 30175 14873 2210.73902   23  110 2275.44387 2186.03719  3.93%  28.4 2047s
 30262 15225 2252.96941   40  143 2275.44387 2186.03719  3.93%  28.4 2050s
 32244 16176 2273.72099   54  176 2275.44387 2186.83012  3.89%  28.4 2084s
 33037 16388 2270.44741   38  143 2275.44387 2187.19782  3.88%  28.5 2087s
 33661 16706 2265.53646   23  104 2275.44387 2187.26035  3.88%  28.5 2115s
 35185 17319 2256.42221   41  140 2275.44387 2188.04702  3.84%  28.5 2139s
 35757 17324     cutoff   49      2275.44387 2188.43074  3.82%  28.5 2146s
 37374 18359 2268.17851   33   59 2275.44387 2188.92592  3.80%  28.6 2151s
 40136 19445     cutoff   33      2275.44387 2190.28233  3.74%  28.8 2155s
 40560 19449 2206.82422   30  128 2275.44387 2190.29493  3.74%  28.9 2166s
 41220 19914 2238.60400   34  161 2275.44387 2190.63376  3.73%  29.0 2179s
 41794 20134 2257.90716   48  130 2275.44387 2191.06156  3.71%  29.0 2180s
 43024 20801 2268.76132   50  134 2275.44387 2191.52148  3.69%  29.1 2197s
 44436 21314 2214.19867   26  251 2275.44387 2192.11042  3.66%  29.2 2200s
 45792 21920 2234.70489   37  235 2275.44387 2192.53167  3.64%  29.2 2209s
 46499 22237 2239.03069   26   82 2275.44387 2192.93612  3.63%  29.3 2240s
 47239 22566 2253.05854   41  137 2275.44387 2193.14733  3.62%  29.3 2271s
 48629 22981 2225.94311   34  219 2275.44387 2193.48874  3.60%  29.3 2275s
 49616 23481 2238.40315   34  186 2275.44387 2193.84752  3.59%  29.4 2280s
 51128 24109 2209.42579   32  189 2275.44387 2194.72509  3.55%  29.5 2293s
 51775 24115 2247.60555   26  187 2275.44387 2194.91765  3.54%  29.5 2380s
 53308 24977 2273.89690   30  104 2275.44387 2195.39059  3.52%  29.5 2385s
 54999 25510 2228.39540   34  115 2275.44387 2196.01730  3.49%  29.6 2390s
 55837 25769 2261.50734   36  230 2275.44387 2196.33619  3.48%  29.7 2400s
 57304 26520     cutoff   29      2275.44387 2196.73495  3.46%  29.8 2413s
 57806 26522 2253.00634   43  108 2275.44387 2196.73495  3.46%  29.9 2417s
 58721 26950 2212.68576   33  193 2275.44387 2197.09510  3.44%  29.9 2420s
 61395 28010     cutoff   41      2275.44387 2197.79137  3.41%  30.0 2428s
 62735 28543     cutoff   35      2275.44387 2198.24727  3.39%  30.0 2430s
 65682 29550 2254.61656   33  159 2275.44387 2198.97730  3.36%  30.1 2451s
 67664 30408 2270.05735   35  150 2275.44387 2199.65292  3.33%  30.2 2455s
 70979 31590 2252.97577   35  221 2275.44387 2200.48846  3.29%  30.3 2460s
 72673 32154 2222.89588   29  157 2275.44387 2200.93493  3.27%  30.3 2465s
 74104 32524 2268.31943   44   40 2275.44387 2201.20905  3.26%  30.4 2472s
 75619 33185     cutoff   36      2275.44387 2201.72977  3.24%  30.4 2487s
 77648 33650 2215.16378   33  153 2275.44387 2202.19420  3.22%  30.5 2491s
H77672 33707                    2275.4438497 2202.19420  3.22%  30.5 2491s
 79059 34462 2261.36506   44  224 2275.44385 2202.54988  3.20%  30.6 2495s
 81967 35371 2233.74060   37  151 2275.44385 2203.22349  3.17%  30.6 2500s
 85553 36631 2263.80080   32  116 2275.44385 2203.92873  3.14%  30.6 2505s
 88173 37424 2265.34818   53  212 2275.44385 2204.55086  3.12%  30.7 2510s
 90683 38361     cutoff   53      2275.44385 2204.91792  3.10%  30.7 2515s
 94113 39553 2266.60336   41  132 2275.44385 2205.60013  3.07%  30.8 2520s
 96992 40477     cutoff   35      2275.44385 2206.13189  3.05%  30.8 2525s
 97476 40479 2236.39385   32  118 2275.44385 2206.18351  3.04%  30.8 2648s
 98286 40892 2224.05346   33  121 2275.44385 2206.43411  3.03%  30.8 2650s
 100933 41702 2243.45880   39  204 2275.44385 2206.97981  3.01%  30.8 2655s
 102880 42248 2271.63087   53  248 2275.44385 2207.30449  2.99%  30.9 2660s
 105553 43141     cutoff   44      2275.44385 2207.75921  2.97%  30.9 2667s
 107552 43731 2241.28779   30  148 2275.44385 2208.04135  2.96%  30.9 2670s
 110182 44545 2251.57215   37  152 2275.44385 2208.48952  2.94%  31.0 2675s
 110970 44761     cutoff   40      2275.44385 2208.62679  2.94%  31.0 2680s
 113425 45516     cutoff   42      2275.44385 2209.01897  2.92%  31.1 2685s
 116454 46565 2269.28666   32  169 2275.44385 2209.50296  2.90%  31.1 2694s
 117228 46795 2237.60619   31  106 2275.44385 2209.62106  2.89%  31.1 2696s
 119805 47502 2247.90973   33  115 2275.44385 2210.02835  2.87%  31.2 2700s
 122326 48271 2233.94982   41  112 2275.44385 2210.33101  2.86%  31.2 2705s
 124975 49034 2271.55602   39  151 2275.44385 2210.73481  2.84%  31.3 2710s
 127417 49710 2260.62200   38  154 2275.44385 2211.10040  2.83%  31.3 2716s
 130027 50330 2239.83720   36  154 2275.44385 2211.46834  2.81%  31.3 2720s
 131105 50473 2271.43111   43  171 2275.44385 2211.55465  2.81%  31.4 2726s
 132999 51181 2228.99228   35  153 2275.44385 2211.81985  2.80%  31.4 2731s
 135570 51905 2269.35278   44  173 2275.44385 2212.23154  2.78%  31.5 2735s
 137904 52523     cutoff   36      2275.44385 2212.55627  2.76%  31.5 2740s
 140182 53123 2223.83428   31  156 2275.44385 2212.90841  2.75%  31.5 2745s
 142661 53763 2268.81290   30   69 2275.44385 2213.22796  2.73%  31.6 2750s
 145000 54429 2266.92041   46  166 2275.44385 2213.52163  2.72%  31.6 2755s
 147621 55114 2255.07758   52  188 2275.44385 2213.83184  2.71%  31.6 2760s
 150022 55809     cutoff   44      2275.44385 2214.14032  2.69%  31.7 2765s
 152567 56492 2239.29006   41  187 2275.44385 2214.46972  2.68%  31.7 2770s
 155005 57102     cutoff   38      2275.44385 2214.75902  2.67%  31.7 2775s
 156818 57640 2238.35618   32  237 2275.44385 2214.98539  2.66%  31.8 2780s
 158623 58143 2265.67177   43  102 2275.44385 2215.14655  2.65%  31.8 2785s
 160298 58394 2239.07648   38  108 2275.44385 2215.30650  2.64%  31.8 2790s
 162140 59038     cutoff   33      2275.44385 2215.56538  2.63%  31.8 2795s
 163503 59276     cutoff   36      2275.44385 2215.67316  2.63%  31.8 2802s
 164819 59624     cutoff   34      2275.44385 2215.82694  2.62%  31.8 2805s
 167402 60298 2261.85935   38   94 2275.44385 2216.10449  2.61%  31.9 2810s
 170045 60999 2250.82569   47  107 2275.44385 2216.41483  2.59%  31.9 2815s
 172573 61629 infeasible   35      2275.44385 2216.69475  2.58%  31.9 2821s
 174371 62078     cutoff   33      2275.44385 2216.87841  2.57%  32.0 2825s
 176909 62681 2217.62914   27  112 2275.44385 2217.14092  2.56%  32.0 2830s
 179477 63258 2249.88902   37  163 2275.44385 2217.37779  2.55%  32.0 2835s
 181325 63682 2249.72311   27  193 2275.44385 2217.56414  2.54%  32.0 2840s
 183589 64034     cutoff   36      2275.44385 2217.76014  2.54%  32.1 2846s
 184989 64532 2253.03218   35  183 2275.44385 2217.95932  2.53%  32.1 2850s
 186898 64998 2231.56343   34  118 2275.44385 2218.14777  2.52%  32.1 2855s
 187242 64999     cutoff   47      2275.44385 2218.15922  2.52%  32.1 2867s
 188249 65359 2241.49318   36  160 2275.44385 2218.25535  2.51%  32.1 2870s
 190787 66041 2272.16227   31  198 2275.44385 2218.52488  2.50%  32.1 2875s
 193466 66594     cutoff   34      2275.44385 2218.74813  2.49%  32.1 2881s
 195384 67011 2253.30345   31  114 2275.44385 2218.93618  2.48%  32.2 2885s
 197938 67703 2248.93884   43   86 2275.44385 2219.17422  2.47%  32.2 2890s
 200361 68225     cutoff   38      2275.44385 2219.39985  2.46%  32.2 2896s
 202358 68657     cutoff   39      2275.44385 2219.59519  2.45%  32.2 2900s
 204799 69226 2231.85825   34  218 2275.44385 2219.81969  2.44%  32.2 2906s
 206854 69848 2248.64827   36  162 2275.44385 2220.01161  2.44%  32.2 2910s
 209457 70444     cutoff   46      2275.44385 2220.21191  2.43%  32.2 2915s
 210160 70598 2251.59028   35  190 2275.44385 2220.26890  2.42%  32.2 2924s
 210783 70771 2261.22053   35  242 2275.44385 2220.31809  2.42%  32.2 2925s
 212747 71227     cutoff   34      2275.44385 2220.48192  2.42%  32.2 2930s
 214560 71620 2243.69876   31  216 2275.44385 2220.65708  2.41%  32.2 2947s
 215849 71936 2260.32925   42  206 2275.44385 2220.74730  2.40%  32.2 2950s
 216490 72023 2269.55288   41  129 2275.44385 2220.79339  2.40%  32.2 2959s
 217111 72157 2259.88528   37  236 2275.44385 2220.87160  2.40%  32.2 2961s
 218995 72463 2238.46723   37  204 2275.44385 2221.02326  2.39%  32.2 2965s
 221390 72955     cutoff   38      2275.44385 2221.26776  2.38%  32.2 2970s
 222039 73040 2259.43475   31   88 2275.44385 2221.32063  2.38%  32.2 3074s
 222592 73173     cutoff   36      2275.44385 2221.34863  2.38%  32.2 3075s
 224356 73555 2260.77109   32  184 2275.44385 2221.49267  2.37%  32.2 3081s
 226199 74036     cutoff   37      2275.44385 2221.67800  2.36%  32.3 3085s
 228224 74557 2268.93839   35   86 2275.44385 2221.87012  2.35%  32.3 3090s
 230976 75187 2232.76162   30   68 2275.44385 2222.07894  2.35%  32.2 3096s
 232840 75642     cutoff   42      2275.44385 2222.24717  2.34%  32.3 3100s
 234894 76044 2273.39038   36  205 2275.44385 2222.43009  2.33%  32.3 3122s
 236130 76242 2254.13193   37  164 2275.44385 2222.53207  2.33%  32.3 3125s
 238697 76800 2262.56445   31  134 2275.44385 2222.73892  2.32%  32.3 3131s
 240543 77154 2264.91330   26  234 2275.44385 2222.86193  2.31%  32.3 3135s
 242363 77442 2261.92965   36  123 2275.44385 2223.01507  2.30%  32.3 3140s
 244686 77941     cutoff   43      2275.44385 2223.18253  2.30%  32.3 3146s
 246573 78307 2234.40219   39  143 2275.44385 2223.31442  2.29%  32.3 3151s
 248509 78664 2249.83892   39  157 2275.44385 2223.45645  2.28%  32.3 3155s
 249300 78768 2253.60103   40  230 2275.44385 2223.50650  2.28%  32.3 3160s
 250969 79168 2275.08711   38   22 2275.44385 2223.64015  2.28%  32.3 3165s
 253513 79674 2268.10368   32  122 2275.44385 2223.82295  2.27%  32.3 3171s
 255560 80069     cutoff   36      2275.44385 2223.98844  2.26%  32.3 3176s
 257413 80433 2237.29916   40  174 2275.44385 2224.10807  2.26%  32.3 3180s
 259858 80922     cutoff   36      2275.44385 2224.27404  2.25%  32.3 3186s
 261665 81295 2255.86821   40  150 2275.44385 2224.39077  2.24%  32.4 3191s
 263112 81554     cutoff   43      2275.44385 2224.50281  2.24%  32.3 3195s
 265035 82012 2231.29926   25  155 2275.44385 2224.65935  2.23%  32.3 3200s
 267518 82497 2256.85656   38  193 2275.44385 2224.82485  2.22%  32.4 3206s
 269448 82947     cutoff   50      2275.44385 2224.96773  2.22%  32.4 3211s
 271259 83251 2250.03299   40  224 2275.44385 2225.09624  2.21%  32.4 3216s
 273131 83505     cutoff   40      2275.44385 2225.22556  2.21%  32.4 3220s
 275036 84013     cutoff   37      2275.44385 2225.37454  2.20%  32.4 3225s
 276919 84392 2242.89228   31  237 2275.44385 2225.50686  2.19%  32.4 3230s
 278757 84729 2234.13487   36  100 2275.44385 2225.65322  2.19%  32.4 3235s
 281269 85134 2265.07527   30  157 2275.44385 2225.81213  2.18%  32.4 3241s
 283010 85445 infeasible   29      2275.44385 2225.92662  2.18%  32.4 3246s
 284877 85783 2272.70592   41  197 2275.44385 2226.04205  2.17%  32.4 3250s
 286714 86212 2245.16542   40  149 2275.44385 2226.14858  2.17%  32.4 3255s
 288734 86575 2260.29755   38  222 2275.44385 2226.26330  2.16%  32.4 3260s
 289181 86577     cutoff   55      2275.44385 2226.28032  2.16%  32.4 3268s
 289974 86840 2265.66955   44  188 2275.44385 2226.33199  2.16%  32.4 3271s
 291955 87175     cutoff   36      2275.44385 2226.45749  2.15%  32.4 3275s
 293846 87520 2255.99880   42  181 2275.44385 2226.56614  2.15%  32.4 3280s
 295791 87755 2270.89413   32  151 2275.44385 2226.70519  2.14%  32.4 3285s
 297564 88123 2261.45499   37  154 2275.44385 2226.82071  2.14%  32.4 3290s
 300015 88600 2252.45213   36  237 2275.44385 2226.97603  2.13%  32.4 3296s
 301227 88844 2270.66998   31  216 2275.44385 2227.06003  2.13%  32.4 3300s
 302951 89085 2228.76698   34  102 2275.44385 2227.20274  2.12%  32.4 3305s
 305306 89497 2251.81468   34  193 2275.44385 2227.34260  2.11%  32.4 3311s
 307054 89832 2241.20592   26  157 2275.44385 2227.44409  2.11%  32.5 3316s
 308950 90199 2249.68626   31  150 2275.44385 2227.57547  2.10%  32.5 3320s
 310665 90515 2271.78768   25   83 2275.44385 2227.68422  2.10%  32.5 3325s
 312481 90818 2256.04578   33  202 2275.44385 2227.78222  2.09%  32.5 3330s
 314261 91134     cutoff   53      2275.44385 2227.90408  2.09%  32.5 3335s
 316245 91520 2259.61082   37  148 2275.44385 2228.00522  2.08%  32.5 3340s
 318178 91817     cutoff   35      2275.44385 2228.10802  2.08%  32.5 3345s
 320081 92175 2251.93191   30  182 2275.44385 2228.22064  2.08%  32.5 3350s
 321787 92483 2248.47398   35  172 2275.44385 2228.28836  2.07%  32.5 3356s
 322897 92714 2266.66260   37  120 2275.44385 2228.38467  2.07%  32.5 3361s
 324712 92951 2263.21573   43   77 2275.44385 2228.46231  2.06%  32.5 3365s
 326520 93294 2263.12082   42  128 2275.44385 2228.56445  2.06%  32.5 3370s
 328528 93607 2251.77972   38  101 2275.44385 2228.67937  2.06%  32.5 3375s
 330456 93977 2272.43132   45  207 2275.44385 2228.78467  2.05%  32.5 3380s
 331709 94183     cutoff   35      2275.44385 2228.85334  2.05%  32.5 3385s
 333644 94512 2249.61507   41   76 2275.44385 2228.96555  2.04%  32.5 3391s
 335494 94856     cutoff   63      2275.44385 2229.06242  2.04%  32.5 3396s
 337197 95164 2259.25956   43  205 2275.44385 2229.16298  2.03%  32.5 3401s
 339240 95511 2236.91076   43  231 2275.44385 2229.26546  2.03%  32.5 3406s
 341102 95846 2243.68248   29  125 2275.44385 2229.38566  2.02%  32.5 3411s
 343003 96089 2256.34246   39  236 2275.44385 2229.48290  2.02%  32.5 3433s
 344244 96349 2250.77660   35  225 2275.44385 2229.56994  2.02%  32.5 3436s
 345496 96507 2245.01536   37  166 2275.44385 2229.62816  2.01%  32.5 3440s
 347374 96827     cutoff   44      2275.44385 2229.70846  2.01%  32.5 3445s
 349083 97091 2264.27786   41  198 2275.44385 2229.81086  2.01%  32.5 3450s
 350909 97438 2271.83844   52  134 2275.44385 2229.91566  2.00%  32.5 3455s
 352745 97794     cutoff   44      2275.44385 2230.02607  2.00%  32.5 3460s
 354510 98076 2238.87434   41  172 2275.44385 2230.13148  1.99%  32.5 3466s
 355843 98272 2264.32466   33  138 2275.44385 2230.21155  1.99%  32.5 3470s
 357828 98627 2232.17000   37   62 2275.44385 2230.32323  1.98%  32.5 3475s
 359689 98923 2259.66335   40  122 2275.44385 2230.41959  1.98%  32.5 3480s
 361526 99280 2250.73916   36  164 2275.44385 2230.53361  1.97%  32.5 3486s
 363310 99519     cutoff   39      2275.44385 2230.62026  1.97%  32.5 3491s
 365065 99775 2262.84377   42  171 2275.44385 2230.71208  1.97%  32.5 3496s
 366892 100046 2268.77368   31  215 2275.44385 2230.80420  1.96%  32.5 3501s
 368128 100210 2262.96637   48  127 2275.44385 2230.88008  1.96%  32.5 3505s
 370010 100544 2268.04862   39   97 2275.44385 2230.96596  1.95%  32.5 3510s
 371988 100776 2258.94756   30  187 2275.44385 2231.05757  1.95%  32.5 3515s
 373755 101021 2268.13611   36  231 2275.44385 2231.15237  1.95%  32.5 3521s
 375680 101242     cutoff   30      2275.44385 2231.24973  1.94%  32.5 3526s
 377408 101472 2257.23794   31   90 2275.44385 2231.33298  1.94%  32.5 3531s
 379219 101709 2231.97445   29   92 2275.44385 2231.42529  1.93%  32.5 3536s
 380472 101919     cutoff   34      2275.44385 2231.47671  1.93%  32.5 3540s
 382273 102159 2254.28878   36   93 2275.44385 2231.57982  1.93%  32.5 3545s
 384021 102330 2265.61605   36  193 2275.44385 2231.66839  1.92%  32.5 3550s
 385654 102544 2239.43219   32  160 2275.44385 2231.73999  1.92%  32.5 3556s
 387632 102910     cutoff   42      2275.44385 2231.84455  1.92%  32.5 3561s
 389479 103105 2253.26855   43  185 2275.44385 2231.95724  1.91%  32.5 3566s
 390724 103276     cutoff   38      2275.44385 2232.01432  1.91%  32.5 3570s
 392495 103554 2264.94745   41  150 2275.44385 2232.09873  1.90%  32.5 3575s
 394246 103780 2272.62042   40  119 2275.44385 2232.19754  1.90%  32.5 3580s
 396045 104081 2255.21891   40  165 2275.44385 2232.28222  1.90%  32.5 3585s
 397912 104320 2256.76623   39   73 2275.44385 2232.35738  1.89%  32.5 3591s
 399785 104598     cutoff   34      2275.44385 2232.44598  1.89%  32.5 3596s
 401026 104820     cutoff   34      2275.44385 2232.50549  1.89%  32.5 3600s
 402790 105023 2269.71983   30  204 2275.44385 2232.58437  1.88%  32.5 3605s
 404584 105304 2232.84381   28  183 2275.44385 2232.68851  1.88%  32.5 3610s
 406372 105533 2251.62620   45  177 2275.44385 2232.77029  1.88%  32.5 3616s
 408383 105779 2266.96585   44   95 2275.44385 2232.86119  1.87%  32.5 3621s
 409629 105903 2275.34782   36  157 2275.44385 2232.92729  1.87%  32.5 3625s
 411458 106175 2258.31893   34  165 2275.44385 2233.01184  1.86%  32.5 3630s
 413245 106399 2274.69133   36  116 2275.44385 2233.09458  1.86%  32.5 3635s
 415132 106674     cutoff   35      2275.44385 2233.17911  1.86%  32.5 3641s
 416892 106847     cutoff   41      2275.44385 2233.27178  1.85%  32.5 3646s
 418110 106954 2271.20983   40   45 2275.44385 2233.33486  1.85%  32.5 3650s
 419871 107101 2260.82595   42  154 2275.44385 2233.43057  1.85%  32.5 3655s
 421606 107263 2264.76628   32  158 2275.44385 2233.52058  1.84%  32.5 3660s
 423444 107443 2265.08248   43   89 2275.44385 2233.61166  1.84%  32.5 3666s
 425199 107585 2265.00759   33  154 2275.44385 2233.70493  1.83%  32.5 3671s
 426386 107728 infeasible   38      2275.44385 2233.76165  1.83%  32.5 3675s
 428215 107943     cutoff   51      2275.44385 2233.86351  1.83%  32.5 3680s
 429845 108146 2240.98847   29  230 2275.44385 2233.94312  1.82%  32.5 3686s
 431611 108417 2257.09456   30   84 2275.44385 2234.03161  1.82%  32.5 3691s
 432925 108605 2256.91913   45   90 2275.44385 2234.09145  1.82%  32.5 3695s
 434843 108834     cutoff   52      2275.44385 2234.17443  1.81%  32.5 3701s
 436164 109016 2267.01670   39  219 2275.44385 2234.24266  1.81%  32.5 3706s
 437153 109130 2273.93152   41  150 2275.44385 2234.28976  1.81%  32.5 3710s
 437312 109130 2263.55189   38  105 2275.44385 2234.28976  1.81%  32.5 3715s
 438991 109364 2268.46113   40  172 2275.44385 2234.37488  1.80%  32.5 3721s
 440255 109526     cutoff   29      2275.44385 2234.42335  1.80%  32.5 3725s
 442158 109759 2269.31994   40  190 2275.44385 2234.49388  1.80%  32.5 3730s
 443998 109927 2266.32908   39  119 2275.44385 2234.57259  1.80%  32.5 3736s
 444852 110093 2272.85050   38   73 2275.44385 2234.60620  1.79%  32.5 3741s
 445888 110216 2266.25120   41   91 2275.44385 2234.63520  1.79%  32.5 3745s
 447749 110423     cutoff   29      2275.44385 2234.74686  1.79%  32.5 3750s
 449537 110671     cutoff   40      2275.44385 2234.82532  1.79%  32.5 3756s
 451374 110936     cutoff   35      2275.44385 2234.90322  1.78%  32.5 3761s
 452593 111108     cutoff   41      2275.44385 2234.95274  1.78%  32.5 3765s
 454422 111294 2269.01288   43   86 2275.44385 2235.02586  1.78%  32.5 3771s
 456364 111564     cutoff   36      2275.44385 2235.10607  1.77%  32.5 3776s
 457591 111686 infeasible   48      2275.44385 2235.16876  1.77%  32.5 3780s
 459517 111873     cutoff   41      2275.44385 2235.24763  1.77%  32.5 3786s
 460399 111986 2252.23824   39  192 2275.44385 2235.28046  1.77%  32.5 3791s
 461590 112103     cutoff   38      2275.44385 2235.35118  1.76%  32.5 3795s
 463392 112263     cutoff   29      2275.44385 2235.42621  1.76%  32.5 3800s
 465322 112490 2258.57945   35  141 2275.44385 2235.49240  1.76%  32.5 3806s
 466573 112652     cutoff   50      2275.44385 2235.53942  1.75%  32.5 3810s
 468488 112823 2252.72711   31  172 2275.44385 2235.62470  1.75%  32.5 3816s
 469752 112967 2259.05792   38  217 2275.44385 2235.67048  1.75%  32.5 3820s
 471564 113112 2264.61042   49  124 2275.44385 2235.74882  1.74%  32.5 3826s
 473330 113322 2262.37443   37  203 2275.44385 2235.83192  1.74%  32.5 3831s
 474617 113448 2241.45809   39  211 2275.44385 2235.88700  1.74%  32.5 3835s
 476419 113575 2267.84145   29  171 2275.44385 2235.97628  1.73%  32.5 3841s
 478182 113776 2262.58159   34  171 2275.44385 2236.05795  1.73%  32.5 3846s
 479366 113914 2262.35695   28  232 2275.44385 2236.12008  1.73%  32.5 3850s
 481195 114110     cutoff   38      2275.44385 2236.20543  1.72%  32.5 3856s
 482413 114258 2256.52235   44  110 2275.44385 2236.25122  1.72%  32.5 3860s
 484304 114392 2247.29147   37  190 2275.44385 2236.34210  1.72%  32.5 3866s
 485562 114524 2260.73025   46   99 2275.44385 2236.38955  1.72%  32.5 3870s
 487466 114761 2247.83868   49  239 2275.44385 2236.47045  1.71%  32.5 3875s
 489228 114980 2250.29141   43   92 2275.44385 2236.53055  1.71%  32.5 3881s
 490430 115094 2265.51152   37  150 2275.44385 2236.58547  1.71%  32.5 3885s
 492265 115226 2252.42488   32  113 2275.44385 2236.68038  1.70%  32.5 3891s
 493494 115350 2252.35115   39  241 2275.44385 2236.72018  1.70%  32.5 3896s
 494528 115427 2255.39161   37  187 2275.44385 2236.77000  1.70%  32.5 3900s
 496397 115588     cutoff   39      2275.44385 2236.86607  1.70%  32.5 3906s
 497582 115661 2256.25581   49   89 2275.44385 2236.92646  1.69%  32.5 3910s
 499355 115857     cutoff   41      2275.44385 2236.98520  1.69%  32.5 3915s
 500550 115994     cutoff   32      2275.44385 2237.03825  1.69%  32.5 3920s
 502385 116244 2268.00867   32  160 2275.44385 2237.11384  1.68%  32.5 3925s
 504337 116406 2264.94657   27  189 2275.44385 2237.19451  1.68%  32.5 3931s
 505510 116507 2274.86719   47  130 2275.44385 2237.23763  1.68%  32.5 3935s
 507355 116673 2265.63588   42   60 2275.44385 2237.31499  1.68%  32.5 3941s
 508571 116812 2261.52297   37  131 2275.44385 2237.36532  1.67%  32.5 3945s
 510409 116923 2254.83901   34  198 2275.44385 2237.44846  1.67%  32.5 3950s
 512122 117123 2260.80078   38  149 2275.44385 2237.50919  1.67%  32.5 3956s
 513323 117210     cutoff   41      2275.44385 2237.55527  1.67%  32.5 3960s
 515159 117402 2251.14253   37  185 2275.44385 2237.63638  1.66%  32.5 3966s
 516364 117479     cutoff   45      2275.44385 2237.68632  1.66%  32.5 3970s
 518212 117529 2249.86765   45  106 2275.44385 2237.76298  1.66%  32.5 3976s
 519527 117670     cutoff   33      2275.44385 2237.80912  1.65%  32.5 3980s
 521374 117815 infeasible   41      2275.44385 2237.89409  1.65%  32.5 3986s
 522484 117933 2247.75183   32  170 2275.44385 2237.93383  1.65%  32.5 3990s
 524370 118108 2244.87944   34  218 2275.44385 2237.99635  1.65%  32.5 3996s
 525520 118201 2260.84240   44  168 2275.44385 2238.05791  1.64%  32.5 4000s
 527332 118330 2260.84454   51  162 2275.44385 2238.14344  1.64%  32.5 4005s
 529073 118470 2265.50717   35  198 2275.44385 2238.21651  1.64%  32.5 4011s
 530341 118574 infeasible   43      2275.44385 2238.26665  1.63%  32.5 4015s
 532078 118691 2272.34706   40  249 2275.44385 2238.34554  1.63%  32.5 4021s
 533335 118808     cutoff   40      2275.44385 2238.39263  1.63%  32.5 4025s
 535121 118979 infeasible   38      2275.44385 2238.47191  1.62%  32.5 4031s
 536197 119063 2269.99755   36  117 2275.44385 2238.51629  1.62%  32.5 4035s
 538051 119205 2260.78916   44   82 2275.44385 2238.59019  1.62%  32.5 4041s
 539257 119256     cutoff   44      2275.44385 2238.63801  1.62%  32.5 4045s
 541062 119404     cutoff   41      2275.44385 2238.70929  1.61%  32.5 4051s
 542231 119480 2249.61204   32  203 2275.44385 2238.75520  1.61%  32.5 4056s
 543377 119560 2268.73074   28  227 2275.44385 2238.80322  1.61%  32.5 4060s
 545203 119683 2263.11358   34  143 2275.44385 2238.87264  1.61%  32.5 4066s
 546383 119757     cutoff   32      2275.44385 2238.92576  1.60%  32.5 4070s
 548194 119844 2274.98994   50  193 2275.44385 2238.98944  1.60%  32.5 4076s
 549450 119901 2241.72635   34  162 2275.44385 2239.04508  1.60%  32.5 4080s
 551177 119988 2252.77092   48  256 2275.44385 2239.11775  1.60%  32.5 4086s
 552366 120061 2272.44724   48  180 2275.44385 2239.16562  1.59%  32.5 4090s
 554111 120120     cutoff   37      2275.44385 2239.22875  1.59%  32.5 4096s
 555888 120299 2244.11546   29  183 2275.44385 2239.30425  1.59%  32.5 4102s
 557151 120395 2260.98252   47  173 2275.44385 2239.34898  1.59%  32.5 4106s
 558380 120492     cutoff   35      2275.44385 2239.38568  1.58%  32.5 4110s
 560163 120591     cutoff   33      2275.44385 2239.45862  1.58%  32.5 4116s
 561212 120683     cutoff   49      2275.44385 2239.48857  1.58%  32.5 4121s
 562267 120709 2255.01243   30  224 2275.44385 2239.54338  1.58%  32.5 4125s
 563499 120806 2266.15782   31  148 2275.44385 2239.59534  1.58%  32.5 4130s
 565315 120908 2249.85454   36   81 2275.44385 2239.66595  1.57%  32.5 4136s
 566552 120935 2239.80820   27   84 2275.44385 2239.71047  1.57%  32.5 4140s
 568341 121046 2259.00526   36  219 2275.44385 2239.78321  1.57%  32.5 4146s
 569462 121166 2252.42976   34  123 2275.44385 2239.82523  1.57%  32.5 4150s
 571358 121295 2269.08253   49  210 2275.44385 2239.90049  1.56%  32.5 4156s
 572569 121382 2267.74993   40  210 2275.44385 2239.93500  1.56%  32.5 4160s
 574385 121534     cutoff   39      2275.44385 2240.01358  1.56%  32.5 4166s
 575613 121604 2258.14956   29  187 2275.44385 2240.06154  1.55%  32.5 4170s
 577382 121664 2246.43418   49  209 2275.44385 2240.13918  1.55%  32.5 4176s
 578576 121713 2240.37132   35  122 2275.44385 2240.18490  1.55%  32.5 4180s
 579780 121759 2262.06391   41  181 2275.44385 2240.22931  1.55%  32.5 4185s
 581526 121891     cutoff   35      2275.44385 2240.31142  1.54%  32.5 4191s
 582759 121929     cutoff   40      2275.44385 2240.35423  1.54%  32.5 4195s
 584564 122020 infeasible   47      2275.44385 2240.41583  1.54%  32.5 4201s
 585731 122101 2267.12744   47  199 2275.44385 2240.45747  1.54%  32.5 4205s
 587437 122174     cutoff   43      2275.44385 2240.52298  1.53%  32.5 4211s
 588688 122269     cutoff   33      2275.44385 2240.56498  1.53%  32.5 4215s
 590591 122292     cutoff   37      2275.44385 2240.63868  1.53%  32.5 4221s
 591694 122339 2262.73883   40   87 2275.44385 2240.69070  1.53%  32.5 4225s
 593462 122409 2258.51771   46  137 2275.44385 2240.76318  1.52%  32.5 4231s
 594584 122497 2251.20597   38  195 2275.44385 2240.80991  1.52%  32.5 4235s
 595744 122565     cutoff   37      2275.44385 2240.85876  1.52%  32.5 4240s
 597520 122675     cutoff   40      2275.44385 2240.92986  1.52%  32.5 4246s
 598708 122688 2244.92997   37  151 2275.44385 2240.97075  1.52%  32.5 4250s
H598856 122693                    2275.4438312 2240.97265  1.51%  32.5 4252s
 599695 122744 2259.03972   44  168 2275.44383 2241.00788  1.51%  32.5 4256s
 600886 122802 2266.09505   61  150 2275.44383 2241.04424  1.51%  32.5 4260s
 602685 122862     cutoff   47      2275.44383 2241.11547  1.51%  32.5 4266s
 603852 122894 2243.51417   33  252 2275.44383 2241.14867  1.51%  32.5 4270s
 605727 122937 2259.92712   38  170 2275.44383 2241.21666  1.50%  32.5 4276s
 606929 122941     cutoff   40      2275.44383 2241.25765  1.50%  32.5 4281s
 608437 123005 2261.22907   45  222 2275.44383 2241.32297  1.50%  32.5 4286s
 609585 123010 2266.16654   38  199 2275.44383 2241.36070  1.50%  32.5 4290s
 611420 123085     cutoff   39      2275.44383 2241.42767  1.49%  32.5 4296s
 612685 123124 2262.66055   45  108 2275.44383 2241.48057  1.49%  32.5 4301s
 613950 123171 infeasible   45      2275.44383 2241.52533  1.49%  32.5 4305s
 615126 123138 2262.27918   43  102 2275.44383 2241.58076  1.49%  32.5 4310s
 616980 123176 2257.78802   34  142 2275.44383 2241.64340  1.49%  32.5 4315s
 618100 123174     cutoff   38      2275.44383 2241.69616  1.48%  32.5 4320s
 619952 123282 2272.81748   47  172 2275.44383 2241.76773  1.48%  32.5 4326s
 621203 123326 2275.39646   47  199 2275.44383 2241.81725  1.48%  32.5 4330s
 622958 123393 2268.72444   34  221 2275.44383 2241.88102  1.48%  32.5 4336s
 624229 123427     cutoff   42      2275.44383 2241.92305  1.47%  32.5 4340s
 625455 123496 2270.72134   49  207 2275.44383 2241.96741  1.47%  32.5 4345s
 627307 123596 2262.29833   35  153 2275.44383 2242.04008  1.47%  32.5 4351s
 628517 123624     cutoff   42      2275.44383 2242.07645  1.47%  32.5 4355s
 629767 123646 2252.31764   34  144 2275.44383 2242.13615  1.46%  32.5 4360s
 631604 123689 2267.46867   31  171 2275.44383 2242.20362  1.46%  32.5 4367s
 633081 123737 2252.75381   37  127 2275.44383 2242.25656  1.46%  32.5 4371s
 634236 123744 2266.64306   41  207 2275.44383 2242.30040  1.46%  32.5 4375s
 635715 123794 2254.24348   47  191 2275.44383 2242.35680  1.45%  32.5 4380s
 637433 123745     cutoff   36      2275.44383 2242.41923  1.45%  32.5 4387s
 638248 123740 2261.09354   43  246 2275.44383 2242.45141  1.45%  32.5 4390s
 639075 123726 2263.86685   42  111 2275.44383 2242.47319  1.45%  32.5 4397s
 640115 123739 2265.07427   37  195 2275.44383 2242.51782  1.45%  32.5 4400s
 642230 123830 2253.27333   30  190 2275.44383 2242.60440  1.44%  32.5 4406s
 643498 123864 2257.33116   29  104 2275.44383 2242.63743  1.44%  32.5 4411s
 644710 123902     cutoff   41      2275.44383 2242.69276  1.44%  32.5 4415s
 646517 123972 2274.13866   40   88 2275.44383 2242.76067  1.44%  32.5 4421s
 647786 124066 2270.65994   44  157 2275.44383 2242.80485  1.43%  32.5 4425s
 649545 124103 2255.10665   49  119 2275.44383 2242.86828  1.43%  32.5 4431s
 650771 124137 2247.09833   33  242 2275.44383 2242.90767  1.43%  32.5 4436s
 651985 124187 2254.92066   36  183 2275.44383 2242.94622  1.43%  32.5 4440s
 653874 124251 2263.70040   37  197 2275.44383 2243.00905  1.43%  32.5 4446s
 655115 124296 2259.84143   39  158 2275.44383 2243.05041  1.42%  32.5 4451s
 656340 124301     cutoff   31      2275.44383 2243.10098  1.42%  32.5 4455s
 657820 124304     cutoff   43      2275.44383 2243.15015  1.42%  32.5 4460s
 659308 124322 2272.35846   38  140 2275.44383 2243.21086  1.42%  32.5 4466s
 660777 124322     cutoff   32      2275.44383 2243.26563  1.41%  32.5 4471s
 662215 124369     cutoff   47      2275.44383 2243.32625  1.41%  32.5 4476s
 663335 124356     cutoff   38      2275.44383 2243.37216  1.41%  32.5 4480s
 664829 124428 2268.90170   44  113 2275.44383 2243.42303  1.41%  32.5 4485s
 666040 124412     cutoff   34      2275.44383 2243.47548  1.40%  32.5 4491s
 667782 124411     cutoff   46      2275.44383 2243.53938  1.40%  32.5 4497s
 668681 124410     cutoff   37      2275.44383 2243.57942  1.40%  32.5 4500s
 670330 124374 2254.89291   41  158 2275.44383 2243.64787  1.40%  32.5 4506s
 672046 124372 infeasible   37      2275.44383 2243.71853  1.39%  32.5 4512s
 673487 124406 2267.66892   40  147 2275.44383 2243.77141  1.39%  32.5 4516s
 674726 124380     cutoff   30      2275.44383 2243.82037  1.39%  32.5 4521s
 676143 124341 2271.32700   38   55 2275.44383 2243.87884  1.39%  32.5 4526s
 677739 124385 2266.79318   40   92 2275.44383 2243.93009  1.38%  32.5 4531s
 679006 124388 2261.57970   43  163 2275.44383 2243.97128  1.38%  32.5 4536s
 680452 124426     cutoff   42      2275.44383 2244.02961  1.38%  32.5 4541s
 681674 124473 2255.65793   36  166 2275.44383 2244.07151  1.38%  32.5 4545s
 683449 124453     cutoff   35      2275.44383 2244.13201  1.38%  32.5 4552s
 684029 124420     cutoff   44      2275.44383 2244.15417  1.38%  32.5 4555s
 685836 124438 2270.63462   46  177 2275.44383 2244.21843  1.37%  32.5 4560s
 687265 124409 2255.59106   36  166 2275.44383 2244.25994  1.37%  32.5 4565s
 688671 124450 2260.37687   40  172 2275.44383 2244.31424  1.37%  32.5 4571s
 689863 124454 2250.65454   46   90 2275.44383 2244.35885  1.37%  32.5 4576s
 691316 124490 2273.19547   45  187 2275.44383 2244.41100  1.36%  32.5 4581s
 692527 124532     cutoff   47      2275.44383 2244.45551  1.36%  32.4 4586s
 694073 124545 2245.01529   35  227 2275.44383 2244.51003  1.36%  32.4 4590s
 695586 124549 infeasible   44      2275.44383 2244.56561  1.36%  32.4 4597s
 697144 124597 2268.66137   42  160 2275.44383 2244.62677  1.35%  32.4 4601s
 698334 124620 2266.71529   36  123 2275.44383 2244.66300  1.35%  32.4 4607s
 699916 124606 2257.84419   31   54 2275.44383 2244.70781  1.35%  32.4 4611s
 701388 124574 2270.09757   43  172 2275.44383 2244.75671  1.35%  32.4 4617s
 702755 124600 2258.63226   38  118 2275.44383 2244.81641  1.35%  32.4 4622s
 704045 124639 2255.27854   48  132 2275.44383 2244.84778  1.34%  32.4 4626s
 705236 124658 2271.35307   34  217 2275.44383 2244.89575  1.34%  32.4 4631s
 706341 124631 2257.07815   38  199 2275.44383 2244.93748  1.34%  32.4 4636s
 708136 124619     cutoff   37      2275.44383 2244.98972  1.34%  32.4 4642s
 708686 124630 2258.17197   44  194 2275.44383 2245.01929  1.34%  32.4 4645s
 710262 124648     cutoff   49      2275.44383 2245.08407  1.33%  32.4 4650s
 711744 124661     cutoff   45      2275.44383 2245.12598  1.33%  32.4 4655s
 712928 124644     cutoff   26      2275.44383 2245.16523  1.33%  32.4 4660s
 714410 124625     cutoff   46      2275.44383 2245.22357  1.33%  32.4 4666s
 716031 124611 2253.32927   35  122 2275.44383 2245.27563  1.33%  32.4 4672s
 716846 124548 2261.64714   42  224 2275.44383 2245.30207  1.32%  32.4 4675s
 718654 124553     cutoff   37      2275.44383 2245.36326  1.32%  32.4 4682s
 719466 124507 2269.39438   53  138 2275.44383 2245.39252  1.32%  32.4 4685s
 721144 124472 2256.71755   34   97 2275.44383 2245.45920  1.32%  32.4 4691s
 722060 124501 2266.50265   38  147 2275.44383 2245.48539  1.32%  32.4 4695s
 723625 124508     cutoff   40      2275.44383 2245.54197  1.31%  32.4 4701s
 724913 124493 2267.90078   37  232 2275.44383 2245.58876  1.31%  32.4 4706s
H724921 124493                    2275.4438209 2245.59002  1.31%  32.4 4706s
 724926 124464 2268.91836   38  213 2275.44382 2245.59134  1.31%  32.4 4710s
 726630 124426 2266.77991   42  125 2275.44382 2245.65260  1.31%  32.4 4716s
 727567 124472 2264.63661   38  140 2275.44382 2245.68994  1.31%  32.4 4720s
 729707 124413     cutoff   64      2275.44382 2245.75756  1.30%  32.4 4728s
 730571 124356     cutoff   47      2275.44382 2245.78299  1.30%  32.4 4731s
 732247 124353 2257.98215   37  215 2275.44382 2245.84667  1.30%  32.4 4736s
 733720 124296 2267.96162   33  217 2275.44382 2245.90260  1.30%  32.4 4743s
 734614 124242 2267.07691   41  192 2275.44382 2245.93019  1.30%  32.4 4746s
 736301 124167 2267.07594   40  250 2275.44382 2246.00252  1.29%  32.4 4752s
 737193 124135 2273.36998   36  207 2275.44382 2246.03067  1.29%  32.4 4756s
 738951 124050 2268.54174   40   50 2275.44382 2246.09808  1.29%  32.4 4762s
 739647 124054 2256.86340   45  150 2275.44382 2246.13012  1.29%  32.4 4765s
 741412 123991 2268.39184   42  107 2275.44382 2246.18939  1.29%  32.4 4772s
 742247 123952 2274.85756   42  204 2275.44382 2246.21506  1.28%  32.4 4775s
 744063 123838 2267.09782   35  225 2275.44382 2246.29441  1.28%  32.4 4782s
 744985 123827 2249.05053   36  234 2275.44382 2246.32585  1.28%  32.4 4785s
 746808 123831 2253.88737   36   97 2275.44382 2246.38640  1.28%  32.4 4791s
 748301 123812     cutoff   45      2275.44382 2246.43585  1.27%  32.4 4797s
 749944 123728 2267.85174   45  177 2275.44382 2246.49832  1.27%  32.4 4803s
 750816 123687     cutoff   37      2275.44382 2246.52855  1.27%  32.4 4806s
 752528 123649 2267.39523   35  112 2275.44382 2246.58307  1.27%  32.4 4812s
 753377 123602 2262.46532   41  115 2275.44382 2246.61297  1.27%  32.4 4816s
 755062 123560 2269.09002   37  124 2275.44382 2246.67412  1.26%  32.4 4822s
 755985 123527 2269.39141   50  178 2275.44382 2246.69830  1.26%  32.4 4825s
 757746 123496     cutoff   42      2275.44382 2246.76634  1.26%  32.4 4831s
 759455 123405 2272.14616   45  233 2275.44382 2246.83179  1.26%  32.4 4838s
 760263 123402     cutoff   39      2275.44382 2246.85885  1.26%  32.4 4841s
 761849 123374 2266.91311   39  213 2275.44382 2246.90773  1.25%  32.4 4846s
 762646 123339 2262.53705   51  200 2275.44382 2246.92974  1.25%  32.4 4850s
 764345 123228 2263.48291   33  123 2275.44382 2246.99306  1.25%  32.4 4856s
 765148 123235 2253.66522   33  195 2275.44382 2247.02091  1.25%  32.4 4860s
 766240 123188 infeasible   46      2275.44382 2247.03026  1.25%  32.4 4865s
 767753 123127 2270.73229   52  203 2275.44382 2247.10878  1.25%  32.4 4872s
 768621 123116 2256.67959   47  218 2275.44382 2247.14452  1.24%  32.3 4875s
 770252 123104     cutoff   45      2275.44382 2247.18662  1.24%  32.3 4881s
 771735 123046     cutoff   37      2275.44382 2247.24952  1.24%  32.3 4887s
 772639 123017 2267.91655   40  187 2275.44382 2247.27931  1.24%  32.3 4890s
 774305 122882     cutoff   35      2275.44382 2247.33609  1.24%  32.3 4897s
 775160 122830 2274.72908   41  192 2275.44382 2247.36767  1.23%  32.3 4900s
 776847 122773 2254.58270   41  144 2275.44382 2247.42151  1.23%  32.3 4907s
 777734 122740     cutoff   37      2275.44382 2247.45548  1.23%  32.3 4910s
 779465 122671     cutoff   54      2275.44382 2247.51775  1.23%  32.3 4916s
 780950 122654 2262.64296   34  258 2275.44382 2247.53811  1.23%  32.3 4920s
 782005 122608     cutoff   37      2275.44382 2247.58752  1.22%  32.3 4926s
 783711 122440     cutoff   40      2275.44382 2247.65596  1.22%  32.3 4933s
 784568 122396 2263.46706   51  138 2275.44382 2247.68248  1.22%  32.3 4936s
 786386 122351 2264.67499   56  209 2275.44382 2247.74098  1.22%  32.3 4943s
 787187 122343 2256.37124   35  218 2275.44382 2247.77220  1.22%  32.3 4946s
 788921 122223     cutoff   38      2275.44382 2247.82344  1.21%  32.3 4953s
 789830 122137     cutoff   43      2275.44382 2247.85337  1.21%  32.3 4956s
 791554 122072     cutoff   40      2275.44382 2247.91903  1.21%  32.3 4963s
 792304 122037     cutoff   33      2275.44382 2247.94364  1.21%  32.3 4966s
 793139 122058 2273.11921   33  170 2275.44382 2247.96908  1.21%  32.3 4970s
 794513 121929 2262.68257   37  192 2275.44382 2248.01673  1.21%  32.3 4976s
 796266 121790     cutoff   46      2275.44382 2248.08114  1.20%  32.3 4983s
 797150 121722 2262.52060   33  103 2275.44382 2248.11468  1.20%  32.3 4986s
 798964 121618 2262.81371   45  182 2275.44382 2248.18147  1.20%  32.3 4993s
 799844 121563 2259.84014   32  208 2275.44382 2248.20969  1.20%  32.3 4996s
 801565 121452 2253.46703   37  225 2275.44382 2248.27105  1.19%  32.3 5003s
 802291 121445 2259.96993   38  141 2275.44382 2248.29397  1.19%  32.3 5006s
 803203 121360 2272.72140   33  206 2275.44382 2248.32497  1.19%  32.3 5010s
 805042 121238 2262.31180   36  190 2275.44382 2248.38828  1.19%  32.3 5016s
 806714 121104 2272.31063   39  189 2275.44382 2248.45347  1.19%  32.3 5023s
 807635 121043     cutoff   30      2275.44382 2248.48625  1.18%  32.3 5026s
 809176 120993     cutoff   52      2275.44382 2248.54487  1.18%  32.3 5033s
 810103 120979     cutoff   46      2275.44382 2248.56561  1.18%  32.3 5036s
 811930 120972 2267.35654   48   93 2275.44382 2248.62495  1.18%  32.3 5042s
 812534 120910     cutoff   46      2275.44382 2248.64767  1.18%  32.3 5045s
 814295 120733 2270.98632   35  240 2275.44382 2248.71404  1.17%  32.3 5052s
 815193 120731     cutoff   35      2275.44382 2248.75252  1.17%  32.3 5055s
 815244 120727 2263.85764   42  157 2275.44382 2248.75514  1.17%  32.3 5061s
 815435 120653 2266.52536   32  196 2275.44382 2248.75729  1.17%  32.3 5065s
 817233 120542     cutoff   34      2275.44382 2248.82621  1.17%  32.3 5072s
 818273 120484 2268.25570   42  160 2275.44382 2248.85825  1.17%  32.3 5076s
 819242 120422 2255.41798   40  171 2275.44382 2248.89221  1.17%  32.3 5080s
 821114 120298     cutoff   56      2275.44382 2248.95627  1.16%  32.3 5087s
 822078 120219     cutoff   35      2275.44382 2248.98642  1.16%  32.3 5090s
 823882 120048 2263.85180   44  152 2275.44382 2249.05083  1.16%  32.3 5097s
 824833 119970 2266.46654   39  153 2275.44382 2249.08710  1.16%  32.3 5100s
 826559 119900 2252.84372   60   92 2275.44382 2249.13759  1.16%  32.3 5107s
 827400 119817     cutoff   37      2275.44382 2249.17794  1.15%  32.3 5111s
 829243 119701 2260.04339   38  184 2275.44382 2249.23585  1.15%  32.3 5118s
 830136 119622 2259.85052   44   95 2275.44382 2249.27320  1.15%  32.3 5121s
 831944 119460 2258.96495   45  177 2275.44382 2249.33192  1.15%  32.3 5128s
 832824 119421     cutoff   41      2275.44382 2249.36859  1.15%  32.3 5131s
 834662 119242 2272.28549   37   96 2275.44382 2249.42698  1.14%  32.3 5138s
 835469 119176 2272.27471   37  171 2275.44382 2249.46233  1.14%  32.3 5141s
 836346 119106 infeasible   35      2275.44382 2249.49559  1.14%  32.3 5145s
 838126 118958     cutoff   39      2275.44382 2249.55627  1.14%  32.3 5151s
 838926 118890     cutoff   36      2275.44382 2249.57717  1.14%  32.3 5155s
 840678 118759     cutoff   41      2275.44382 2249.64647  1.13%  32.3 5161s
 841565 118665     cutoff   37      2275.44382 2249.67648  1.13%  32.3 5165s
 843396 118504 2261.19019   40  217 2275.44382 2249.74261  1.13%  32.3 5172s
 844232 118430 2264.77754   38  221 2275.44382 2249.76896  1.13%  32.2 5175s
 845947 118251     cutoff   39      2275.44382 2249.82771  1.13%  32.2 5182s
 846840 118187 2265.25443   50  222 2275.44382 2249.85979  1.12%  32.2 5185s
 848648 117975 2272.50027   37  233 2275.44382 2249.93270  1.12%  32.2 5192s
 849435 117894 2263.39587   42  147 2275.44382 2249.96601  1.12%  32.2 5195s
 850231 117842     cutoff   34      2275.44382 2249.99387  1.12%  32.2 5200s
 851946 117741 2259.82462   40   72 2275.44382 2250.04868  1.12%  32.2 5207s
 852820 117742 2266.70230   43  136 2275.44382 2250.08027  1.11%  32.2 5211s
 854376 117577 2260.82666   36  205 2275.44382 2250.12871  1.11%  32.2 5217s
 855244 117521     cutoff   41      2275.44382 2250.16364  1.11%  32.2 5220s
 857057 117341 2262.46568   36  151 2275.44382 2250.21954  1.11%  32.2 5227s
 857888 117320     cutoff   52      2275.44382 2250.24986  1.11%  32.2 5230s
 858492 117174 2256.73468   38  192 2275.44382 2250.26158  1.11%  32.2 5237s
 859461 117085 2269.55397   45  195 2275.44382 2250.30535  1.10%  32.2 5240s
 861295 116870 2272.58510   46   96 2275.44382 2250.37741  1.10%  32.2 5248s
 862243 116776 2266.76383   36  164 2275.44382 2250.40522  1.10%  32.2 5251s
 863161 116685 2254.22942   37  207 2275.44382 2250.43315  1.10%  32.2 5255s
 865034 116492 2273.50636   57  146 2275.44382 2250.50728  1.10%  32.2 5262s
 865906 116393 2261.40083   32  204 2275.44382 2250.53775  1.09%  32.2 5265s
 867680 116212 2262.10390   33  171 2275.44382 2250.60803  1.09%  32.2 5272s
 868553 116126 2252.55708   45  185 2275.44382 2250.63657  1.09%  32.2 5276s
 870398 115918     cutoff   36      2275.44382 2250.70176  1.09%  32.2 5283s
 871310 115875 2258.16436   30  187 2275.44382 2250.72710  1.09%  32.2 5286s
 872195 115810     cutoff   42      2275.44382 2250.75737  1.08%  32.2 5290s
 873980 115655     cutoff   41      2275.44382 2250.81763  1.08%  32.2 5297s
 874760 115599 2264.16288   48  120 2275.44382 2250.84214  1.08%  32.2 5300s
 876578 115434 2268.87352   40  135 2275.44382 2250.90641  1.08%  32.2 5307s
 877431 115317     cutoff   39      2275.44382 2250.93857  1.08%  32.2 5311s
 879184 115100 infeasible   46      2275.44382 2250.99063  1.07%  32.2 5318s
 880106 114951     cutoff   43      2275.44382 2251.03291  1.07%  32.2 5322s
 880944 114890 2259.70399   37  155 2275.44382 2251.06055  1.07%  32.2 5325s
 882712 114688     cutoff   31      2275.44382 2251.12378  1.07%  32.2 5332s
 883602 114575 2267.05141   32  120 2275.44382 2251.14559  1.07%  32.2 5335s
 885421 114417 2263.19236   47  140 2275.44382 2251.20367  1.07%  32.2 5343s
 886310 114377 2263.11218   42  141 2275.44382 2251.24141  1.06%  32.2 5346s
 887175 114279 2268.01047   46  195 2275.44382 2251.26935  1.06%  32.2 5350s
 888818 114060     cutoff   34      2275.44382 2251.32741  1.06%  32.2 5357s
 889736 113979 2256.27908   46  174 2275.44382 2251.36261  1.06%  32.2 5360s
 891478 113777 2272.81116   39  125 2275.44382 2251.42099  1.06%  32.2 5367s
 892340 113682 2262.75646   43  165 2275.44382 2251.44838  1.05%  32.2 5371s
 894140 113478 2265.33692   48  247 2275.44382 2251.52132  1.05%  32.2 5378s
 895007 113381 2268.59804   32  204 2275.44382 2251.55045  1.05%  32.2 5381s
 895872 113272 2258.41700   40  165 2275.44382 2251.57748  1.05%  32.2 5385s
 897581 113004     cutoff   38      2275.44382 2251.63447  1.05%  32.2 5392s
 898477 112865     cutoff   43      2275.44382 2251.66815  1.04%  32.2 5395s
 900258 112682 2273.18791   41  120 2275.44382 2251.72862  1.04%  32.1 5402s
 901108 112569     cutoff   41      2275.44382 2251.75718  1.04%  32.1 5406s
 902704 112352 2256.55129   42  122 2275.44382 2251.81985  1.04%  32.1 5413s
 903595 112257 2259.80546   48  219 2275.44382 2251.85292  1.04%  32.1 5416s
 904521 112155 2258.82563   38  223 2275.44382 2251.88311  1.04%  32.1 5420s
 906216 111957 2270.78127   48   58 2275.44382 2251.94103  1.03%  32.1 5427s
 907120 111825 2256.28830   49  190 2275.44382 2251.96440  1.03%  32.1 5430s
 908820 111545 2255.50263   34   76 2275.44382 2252.03430  1.03%  32.1 5437s
 909681 111432     cutoff   37      2275.44382 2252.06521  1.03%  32.1 5441s
 911501 111219 2262.92462   44  198 2275.44382 2252.11844  1.03%  32.1 5448s
 912402 111117     cutoff   37      2275.44382 2252.15299  1.02%  32.1 5451s
 913220 111022     cutoff   45      2275.44382 2252.18161  1.02%  32.1 5455s
 914955 110791     cutoff   46      2275.44382 2252.24432  1.02%  32.1 5462s
 915884 110689     cutoff   32      2275.44382 2252.27510  1.02%  32.1 5465s
 917599 110403 2259.40064   49  177 2275.44382 2252.33998  1.02%  32.1 5472s
 918484 110296     cutoff   33      2275.44382 2252.36554  1.01%  32.1 5476s
 920189 110109 2268.58261   41  171 2275.44382 2252.43334  1.01%  32.1 5483s
 921080 109970     cutoff   48      2275.44382 2252.46356  1.01%  32.1 5486s
 921989 109822 2271.41245   41  200 2275.44382 2252.49811  1.01%  32.1 5490s
 923706 109570 2259.55956   36  163 2275.44382 2252.56476  1.01%  32.1 5497s
 924526 109383 2255.78171   39  229 2275.44382 2252.59504  1.00%  32.1 5500s
 926252 109124 2256.32719   46  155 2275.44382 2252.67013  1.00%  32.1 5507s
 927086 108955 2260.84407   38   67 2275.44382 2252.70132  1.00%  32.1 5511s
 928840 108669 2263.31765   31  106 2275.44382 2252.77302  1.00%  32.1 5518s
 929660 108469 2268.76307   38  194 2275.44382 2252.80819  0.99%  32.1 5521s
 930560 108337 2266.14133   33  231 2275.44382 2252.84002  0.99%  32.1 5525s
 932411 108021 2273.31362   34  223 2275.44382 2252.90280  0.99%  32.1 5532s
 933313 107906     cutoff   37      2275.44382 2252.93679  0.99%  32.1 5535s
 935035 107690     cutoff   30      2275.44382 2252.99233  0.99%  32.1 5543s
 935939 107560 2254.48626   39  154 2275.44382 2253.01987  0.99%  32.1 5546s
 936957 107432 2264.16628   47   89 2275.44382 2253.04733  0.98%  32.1 5553s
 937771 107289 2261.98064   32  194 2275.44382 2253.07867  0.98%  32.1 5556s
 938674 107091 2265.13791   46  131 2275.44382 2253.10887  0.98%  32.1 5560s
 940391 106739     cutoff   38      2275.44382 2253.17586  0.98%  32.1 5568s
 941287 106596     cutoff   33      2275.44382 2253.21518  0.98%  32.1 5572s
 942233 106450     cutoff   32      2275.44382 2253.24966  0.98%  32.1 5575s
 943968 106187 2263.99269   39  200 2275.44382 2253.30690  0.97%  32.1 5583s
 944890 106002 2267.05695   37  175 2275.44382 2253.33919  0.97%  32.1 5587s
 945741 105849 2270.45729   31  166 2275.44382 2253.37465  0.97%  32.1 5591s
 947492 105553     cutoff   36      2275.44382 2253.44316  0.97%  32.1 5598s
 948398 105363 2264.95980   42  189 2275.44382 2253.46926  0.97%  32.1 5602s
 949292 105199     cutoff   45      2275.44382 2253.51643  0.96%  32.1 5606s
 950182 105043 infeasible   45      2275.44382 2253.54744  0.96%  32.1 5610s
 951830 104785 2265.90982   35  122 2275.44382 2253.60634  0.96%  32.1 5617s
 952735 104669 2258.17345   42  113 2275.44382 2253.63706  0.96%  32.1 5621s
 954488 104409     cutoff   36      2275.44382 2253.70063  0.96%  32.1 5628s
 955404 104283 2267.02726   54  147 2275.44382 2253.72845  0.95%  32.0 5632s
 956328 104099 2262.22110   39  177 2275.44382 2253.75574  0.95%  32.0 5636s
 958095 103825     cutoff   41      2275.44382 2253.82707  0.95%  32.0 5643s
 958965 103650 2268.33423   37  185 2275.44382 2253.85497  0.95%  32.0 5647s
 959853 103480 2271.40865   42  142 2275.44382 2253.88780  0.95%  32.0 5651s
 961554 103153     cutoff   49      2275.44382 2253.96065  0.94%  32.0 5658s
 962446 103007 2265.80390   54  197 2275.44382 2253.99251  0.94%  32.0 5661s
 963338 102834 2258.76476   45  190 2275.44382 2254.02668  0.94%  32.0 5665s
 964987 102464     cutoff   34      2275.44382 2254.08781  0.94%  32.0 5672s
 965861 102340     cutoff   38      2275.44382 2254.12475  0.94%  32.0 5676s
 966729 102167     cutoff   42      2275.44382 2254.15399  0.94%  32.0 5680s
 968507 101852 2269.75166   44   76 2275.44382 2254.22324  0.93%  32.0 5687s
 969483 101676 2264.01849   31  163 2275.44382 2254.25488  0.93%  32.0 5691s
 970248 101525     cutoff   47      2275.44382 2254.27846  0.93%  32.0 5695s
 971978 101215 2258.64949   46  157 2275.44382 2254.34845  0.93%  32.0 5702s
 972889 101038     cutoff   47      2275.44382 2254.38090  0.93%  32.0 5706s
 973704 100867     cutoff   43      2275.44382 2254.41818  0.92%  32.0 5710s
 975540 100608     cutoff   53      2275.44382 2254.48690  0.92%  32.0 5717s
 976412 100448 2266.85443   37  196 2275.44382 2254.51560  0.92%  32.0 5721s
 977295 100327 2269.39923   36  195 2275.44382 2254.55108  0.92%  32.0 5725s
 979042 99982 2259.28431   54  140 2275.44382 2254.60410  0.92%  32.0 5732s
 979887 99834     cutoff   47      2275.44382 2254.63395  0.91%  32.0 5736s
 980823 99713 infeasible   45      2275.44382 2254.66186  0.91%  32.0 5740s
 982553 99415     cutoff   41      2275.44382 2254.72969  0.91%  32.0 5747s
 983385 99219     cutoff   44      2275.44382 2254.75687  0.91%  32.0 5751s
 985172 98863 2260.89649   34  187 2275.44382 2254.82136  0.91%  32.0 5758s
 986075 98683 2265.94843   32  184 2275.44382 2254.85497  0.90%  32.0 5761s
 986944 98525     cutoff   44      2275.44382 2254.88754  0.90%  32.0 5765s
 988649 98172     cutoff   32      2275.44382 2254.95468  0.90%  32.0 5772s
 989480 97982     cutoff   40      2275.44382 2254.97745  0.90%  32.0 5776s
 991276 97627     cutoff   44      2275.44382 2255.05595  0.90%  32.0 5783s
 992205 97462 2259.60380   37  151 2275.44382 2255.08989  0.89%  32.0 5787s
 993124 97307 2275.07838   38  143 2275.44382 2255.11899  0.89%  32.0 5790s
 994901 96989 infeasible   59      2275.44382 2255.18358  0.89%  32.0 5797s
 995745 96814     cutoff   33      2275.44382 2255.21071  0.89%  32.0 5801s
 997264 96605 2262.07552   36   67 2275.44382 2255.24766  0.89%  32.0 5805s
 998379 96278 2260.57811   46  220 2275.44382 2255.30828  0.88%  31.9 5812s
 999210 96096     cutoff   36      2275.44382 2255.34591  0.88%  31.9 5815s
 1000923 95749 2265.56432   43  156 2275.44382 2255.40125  0.88%  31.9 5823s
 1001800 95542     cutoff   39      2275.44382 2255.44373  0.88%  31.9 5826s
 1002624 95317     cutoff   43      2275.44382 2255.47044  0.88%  31.9 5830s
 1004353 94952     cutoff   42      2275.44382 2255.53907  0.87%  31.9 5837s
 1005232 94720     cutoff   39      2275.44382 2255.57224  0.87%  31.9 5841s
 1006114 94571 2273.33848   43  169 2275.44382 2255.60691  0.87%  31.9 5845s
 1007838 94135 2272.46628   37  102 2275.44382 2255.67080  0.87%  31.9 5852s
 1008785 93916 2266.34111   37  213 2275.44382 2255.70553  0.87%  31.9 5856s
 1010521 93508 infeasible   38      2275.44382 2255.77337  0.86%  31.9 5863s
 1011380 93307 2270.00960   53  222 2275.44382 2255.81545  0.86%  31.9 5867s
 1012226 93133 2264.90465   27   90 2275.44382 2255.85017  0.86%  31.9 5870s
 1013986 92767     cutoff   40      2275.44382 2255.91234  0.86%  31.9 5878s
 1014874 92559     cutoff   52      2275.44382 2255.95128  0.86%  31.9 5881s
 1015664 92336 2266.08270   40   41 2275.44382 2255.98123  0.86%  31.9 5885s
 1017436 91924     cutoff   42      2275.44382 2256.06125  0.85%  31.9 5893s
 1018266 91729 2262.23884   36  252 2275.44382 2256.09782  0.85%  31.9 5896s
 1019190 91546     cutoff   41      2275.44382 2256.12352  0.85%  31.9 5900s
 1021021 91065     cutoff   36      2275.44382 2256.19164  0.85%  31.9 5908s
 1021838 90852 2273.17766   52  147 2275.44382 2256.23112  0.84%  31.9 5911s
 1022652 90633 2262.23182   33  136 2275.44382 2256.26612  0.84%  31.9 5915s
 1024491 90242     cutoff   46      2275.44382 2256.33476  0.84%  31.9 5922s
 1025401 90047 2267.61725   37   98 2275.44382 2256.36942  0.84%  31.9 5926s
 1026323 89997     cutoff   34      2275.44382 2256.40849  0.84%  31.9 5930s
 1027289 89615     cutoff   43      2275.44382 2256.42435  0.84%  31.9 5937s
 1028208 89434 2268.19842   39   93 2275.44382 2256.48043  0.83%  31.9 5941s
 1029159 89238 2264.35625   41  158 2275.44382 2256.51195  0.83%  31.9 5945s
 1030934 88797 2269.88826   39  228 2275.44382 2256.57798  0.83%  31.9 5953s
 1031877 88601     cutoff   37      2275.44382 2256.61842  0.83%  31.9 5956s
 1032737 88405 2261.54839   39  158 2275.44382 2256.65087  0.83%  31.9 5960s
 1034564 87930     cutoff   44      2275.44382 2256.71553  0.82%  31.9 5968s
 1035454 87710 2271.32328   41  185 2275.44382 2256.75328  0.82%  31.9 5972s
 1036352 87514     cutoff   37      2275.44382 2256.78883  0.82%  31.9 5975s
 1038096 87071 2257.97665   35  194 2275.44382 2256.85602  0.82%  31.8 5983s
 1039051 86851     cutoff   58      2275.44382 2256.89051  0.82%  31.8 5987s
 1039956 86601 2265.90078   47  128 2275.44382 2256.92565  0.81%  31.8 5991s
 1041747 86119     cutoff   46      2275.44382 2257.00007  0.81%  31.8 5998s
 1042550 85886     cutoff   33      2275.44382 2257.03063  0.81%  31.8 6002s
 1043462 85642 2270.20031   42  118 2275.44382 2257.06343  0.81%  31.8 6006s
 1044370 85400     cutoff   32      2275.44382 2257.09857  0.81%  31.8 6010s
 1046180 84897     cutoff   42      2275.44382 2257.17463  0.80%  31.8 6017s
 1047020 84679 2270.81054   46  158 2275.44382 2257.21412  0.80%  31.8 6021s
 1047842 84469     cutoff   45      2275.44382 2257.23990  0.80%  31.8 6025s
 1049685 83949     cutoff   43      2275.44382 2257.31361  0.80%  31.8 6032s
 1050578 83704     cutoff   32      2275.44382 2257.34578  0.80%  31.8 6036s
 1051444 83434 2266.16167   36  249 2275.44382 2257.38774  0.79%  31.8 6040s
 1053125 82911 2258.57939   41  197 2275.44382 2257.45882  0.79%  31.8 6048s
 1054025 82655 2266.95542   35  113 2275.44382 2257.49712  0.79%  31.8 6051s
 1054936 82411 2262.92072   49  179 2275.44382 2257.53264  0.79%  31.8 6055s
 1056666 81961     cutoff   38      2275.44382 2257.59460  0.78%  31.8 6063s
 1057579 81712     cutoff   37      2275.44382 2257.63064  0.78%  31.8 6067s
 1058486 81457 2267.53484   45  150 2275.44382 2257.66762  0.78%  31.8 6070s
 1060215 80983 2269.77769   40  178 2275.44382 2257.74424  0.78%  31.8 6078s
 1061105 80718     cutoff   46      2275.44382 2257.78346  0.78%  31.8 6081s
 1061968 80504     cutoff   42      2275.44382 2257.81878  0.77%  31.8 6086s
 1063676 80059     cutoff   40      2275.44382 2257.88373  0.77%  31.8 6093s
 1064591 79816 2263.20907   36  229 2275.44382 2257.92793  0.77%  31.8 6097s
 1065514 79522 2271.34387   39  148 2275.44382 2257.96561  0.77%  31.8 6101s
 1066420 79282     cutoff   53      2275.44382 2257.99672  0.77%  31.8 6105s
 1068087 78788     cutoff   40      2275.44382 2258.07261  0.76%  31.8 6112s
 1068977 78524     cutoff   35      2275.44382 2258.11505  0.76%  31.8 6116s
 1069849 78240     cutoff   42      2275.44382 2258.15823  0.76%  31.8 6120s
 1071518 77716     cutoff   47      2275.44382 2258.23114  0.76%  31.8 6128s
 1072443 77459     cutoff   43      2275.44382 2258.27192  0.75%  31.8 6132s
 1073441 77198 2269.44663   40  125 2275.44382 2258.30888  0.75%  31.7 6135s
 1075199 76669 2261.40486   41  123 2275.44382 2258.38159  0.75%  31.7 6143s
 1076124 76426 infeasible   42      2275.44382 2258.43046  0.75%  31.7 6147s
 1077034 76171 2273.96451   36  126 2275.44382 2258.47034  0.75%  31.7 6151s
 1078751 75674     cutoff   31      2275.44382 2258.55121  0.74%  31.7 6158s
 1079598 75391 2272.55250   35   62 2275.44382 2258.58167  0.74%  31.7 6162s
 1080526 75134     cutoff   33      2275.44382 2258.62058  0.74%  31.7 6165s
 1082356 74573     cutoff   45      2275.44382 2258.69884  0.74%  31.7 6173s
 1083176 74313 2267.18829   39   75 2275.44382 2258.73404  0.73%  31.7 6177s
 1083993 74024 2261.31428   36  149 2275.44382 2258.77691  0.73%  31.7 6180s
 1085813 73462 2268.72325   52  161 2275.44382 2258.86250  0.73%  31.7 6188s
 1086703 73219 2265.06368   52  180 2275.44382 2258.89946  0.73%  31.7 6192s
 1087564 72889 2265.51034   45   34 2275.44382 2258.92992  0.73%  31.7 6196s
 1088516 72608     cutoff   43      2275.44382 2258.97646  0.72%  31.7 6200s
 1090280 72078 2267.70333   45  130 2275.44382 2259.05283  0.72%  31.7 6208s
 1091180 71841 2269.45092   42  164 2275.44382 2259.09922  0.72%  31.7 6212s
 1091971 71580     cutoff   47      2275.44382 2259.13176  0.72%  31.7 6215s
 1093746 70989 2267.93524   43   97 2275.44382 2259.20957  0.71%  31.7 6223s
 1094580 70748 2262.80164   43   85 2275.44382 2259.25497  0.71%  31.7 6227s
 1095520 70445     cutoff   40      2275.44382 2259.29063  0.71%  31.7 6231s
 1097324 69813     cutoff   44      2275.44382 2259.37788  0.71%  31.7 6238s
 1098231 69526 2266.75992   40  112 2275.44382 2259.42920  0.70%  31.7 6242s
 1099110 69253     cutoff   33      2275.44382 2259.47017  0.70%  31.7 6246s
 1100021 68947 2270.92906   40  212 2275.44382 2259.50424  0.70%  31.7 6250s
 1101830 68343 infeasible   48      2275.44382 2259.59843  0.70%  31.6 6257s
 1102702 68049     cutoff   45      2275.44382 2259.63568  0.69%  31.6 6261s
 1103595 67783 2266.43035   40  160 2275.44382 2259.67764  0.69%  31.6 6265s
 1105303 67161 2263.80439   40  221 2275.44382 2259.76502  0.69%  31.6 6272s
 1106135 66877     cutoff   41      2275.44382 2259.81614  0.69%  31.6 6276s
 1106941 66541 2274.62973   41  199 2275.44382 2259.85444  0.69%  31.6 6280s
 1108722 65956 2267.49434   32  106 2275.44382 2259.94686  0.68%  31.6 6287s
 1109583 65637     cutoff   32      2275.44382 2259.98480  0.68%  31.6 6291s
 1110486 65313 2266.99226   49  152 2275.44382 2260.03093  0.68%  31.6 6295s
 1112327 64722     cutoff   40      2275.44382 2260.12475  0.67%  31.6 6303s
 1113211 64413     cutoff   50      2275.44382 2260.16370  0.67%  31.6 6307s
 1114037 64100     cutoff   40      2275.44382 2260.20005  0.67%  31.6 6310s
 1114947 63767 2271.44358   50  193 2275.44382 2260.23978  0.67%  31.6 6315s
 1116666 63106     cutoff   33      2275.44382 2260.32403  0.66%  31.6 6322s
 1117517 62756     cutoff   40      2275.44382 2260.37160  0.66%  31.6 6326s
 1118409 62412     cutoff   37      2275.44382 2260.41923  0.66%  31.6 6330s
 1120212 61765     cutoff   36      2275.44382 2260.50869  0.66%  31.6 6338s
 1121109 61433     cutoff   37      2275.44382 2260.55357  0.65%  31.6 6342s
 1122026 61061 2266.56160   42  134 2275.44382 2260.59493  0.65%  31.6 6345s
 1123735 60357 2274.92232   42  192 2275.44382 2260.69730  0.65%  31.6 6353s
 1124598 60341 2274.73129   46  221 2275.44382 2260.74938  0.65%  31.6 6357s
 1124627 60137     cutoff   37      2275.44382 2260.75103  0.65%  31.6 6360s
 1125998 59557     cutoff   42      2275.44382 2260.76233  0.65%  31.6 6368s
 1126854 59212 2268.49633   36  192 2275.44382 2260.85173  0.64%  31.5 6372s
 1127747 58883 infeasible   43      2275.44382 2260.91208  0.64%  31.5 6376s
 1128740 58534     cutoff   47      2275.44382 2260.96172  0.64%  31.5 6380s
 1130511 57807 2269.72857   42  126 2275.44382 2261.05401  0.63%  31.5 6388s
 1131449 57400 2269.13995   36  123 2275.44382 2261.10837  0.63%  31.5 6392s
 1132410 57112     cutoff   41      2275.44382 2261.15872  0.63%  31.5 6396s
 1133278 56780     cutoff   47      2275.44382 2261.19932  0.63%  31.5 6400s
 1134353 56542 2268.44757   43  116 2275.44382 2261.25378  0.62%  31.5 6407s
 1134824 56183     cutoff   36      2275.44382 2261.25967  0.62%  31.5 6411s
 1135722 55845     cutoff   35      2275.44382 2261.32671  0.62%  31.5 6415s
 1137632 55037     cutoff   41      2275.44382 2261.42843  0.62%  31.5 6423s
 1138604 54648 2268.25004   38  170 2275.44382 2261.47855  0.61%  31.5 6427s
 1139611 54263 2264.26113   47  186 2275.44382 2261.53626  0.61%  31.5 6431s
 1140567 53904 2272.92989   48   49 2275.44382 2261.58921  0.61%  31.5 6435s
 1142376 53121     cutoff   48      2275.44382 2261.68749  0.60%  31.5 6443s
 1143284 52745 2268.52360   30  155 2275.44382 2261.73663  0.60%  31.5 6447s
 1144207 52330 2272.13641   53   95 2275.44382 2261.79028  0.60%  31.5 6450s
 1145118 52322     cutoff   37      2275.44382 2261.84963  0.60%  31.5 6455s
 1145363 52113 2272.95868   41  137 2275.44382 2261.84963  0.60%  31.5 6461s
 1145660 51807 2273.77318   42  142 2275.44382 2261.85614  0.60%  31.5 6465s
 1147242 51011     cutoff   53      2275.44382 2261.94027  0.59%  31.5 6473s
 1148212 50544 2272.75702   36  210 2275.44382 2262.02996  0.59%  31.4 6477s
 1149185 50061     cutoff   42      2275.44382 2262.07643  0.59%  31.4 6481s
 1150147 49647     cutoff   35      2275.44382 2262.14129  0.58%  31.4 6485s
 1152110 48831     cutoff   48      2275.44382 2262.26718  0.58%  31.4 6494s
 1153088 48390     cutoff   36      2275.44382 2262.30905  0.58%  31.4 6498s
 1154043 47994     cutoff   42      2275.44382 2262.37728  0.57%  31.4 6502s
 1155003 47600 2273.13040   38  144 2275.44382 2262.43755  0.57%  31.4 6506s
 1155984 47127     cutoff   50      2275.44382 2262.50393  0.57%  31.4 6510s
 1157840 46299 2266.67857   43  191 2275.44382 2262.62990  0.56%  31.4 6518s
 1158750 45859     cutoff   43      2275.44382 2262.68925  0.56%  31.4 6521s
 1159707 45462 2264.90245   31  155 2275.44382 2262.74457  0.56%  31.4 6525s
 1161583 44678 2268.16976   40  163 2275.44382 2262.86444  0.55%  31.4 6533s
 1162523 44260     cutoff   45      2275.44382 2262.91498  0.55%  31.4 6537s
 1163453 43822     cutoff   49      2275.44382 2262.97799  0.55%  31.4 6541s
 1164371 43397     cutoff   47      2275.44382 2263.04932  0.54%  31.4 6545s
 1166129 42554     cutoff   41      2275.44382 2263.16952  0.54%  31.4 6552s
 1167037 42087 2271.89730   39  103 2275.44382 2263.22995  0.54%  31.4 6556s
 1167963 41646 2269.12462   37   75 2275.44382 2263.29861  0.53%  31.3 6560s
 1169798 40790 2269.89715   40  127 2275.44382 2263.42364  0.53%  31.3 6567s
 1170716 40332     cutoff   37      2275.44382 2263.47946  0.53%  31.3 6571s
 1171592 39901     cutoff   38      2275.44382 2263.55744  0.52%  31.3 6575s
 1173441 38934     cutoff   45      2275.44382 2263.68248  0.52%  31.3 6583s
 1174377 38498     cutoff   37      2275.44382 2263.76329  0.51%  31.3 6587s
 1175279 38003     cutoff   30      2275.44382 2263.83279  0.51%  31.3 6590s
 1177050 37121     cutoff   44      2275.44382 2263.96283  0.50%  31.3 6598s
 1177951 36691     cutoff   32      2275.44382 2264.03771  0.50%  31.3 6602s
 1178884 36240 2265.83915   37  121 2275.44382 2264.10048  0.50%  31.3 6605s
 1180675 35296     cutoff   42      2275.44382 2264.24002  0.49%  31.3 6613s
 1181602 34804     cutoff   36      2275.44382 2264.31198  0.49%  31.3 6616s
 1182517 34289     cutoff   53      2275.44382 2264.39999  0.49%  31.3 6620s
 1184298 33340 infeasible   40      2275.44382 2264.55920  0.48%  31.2 6628s
 1185211 32844 2271.45224   35  138 2275.44382 2264.62806  0.48%  31.2 6631s
 1186099 32342     cutoff   43      2275.44382 2264.70196  0.47%  31.2 6635s
 1187928 31309 infeasible   65      2275.44382 2264.87041  0.46%  31.2 6642s
 1188842 30829     cutoff   41      2275.44382 2264.93713  0.46%  31.2 6646s
 1190612 29804 infeasible   43      2275.44382 2265.08703  0.46%  31.2 6653s
 1191551 29239 2269.74636   59  113 2275.44382 2265.18956  0.45%  31.2 6657s
 1192477 28725     cutoff   42      2275.44382 2265.28244  0.45%  31.2 6660s
 1194296 27646 infeasible   49      2275.44382 2265.43797  0.44%  31.2 6668s
 1195194 27095     cutoff   47      2275.44382 2265.52745  0.44%  31.2 6671s
 1196115 26579 2266.62065   33  103 2275.44382 2265.64032  0.43%  31.2 6675s
 1197877 25532     cutoff   45      2275.44382 2265.80764  0.42%  31.2 6682s
 1198800 24950 infeasible   46      2275.44382 2265.90995  0.42%  31.1 6686s
 1199709 24366     cutoff   31      2275.44382 2266.01529  0.41%  31.1 6690s
 1201551 23213 2274.83272   40  230 2275.44382 2266.22240  0.41%  31.1 6697s
 1202467 22626 2268.19875   58  133 2275.44382 2266.32016  0.40%  31.1 6700s
 1204270 21487     cutoff   48      2275.44382 2266.54020  0.39%  31.1 6707s
 1205167 20892     cutoff   40      2275.44382 2266.63747  0.39%  31.1 6711s
 1206977 19692     cutoff   41      2275.44382 2266.87738  0.38%  31.1 6718s
 1207878 19069     cutoff   41      2275.44382 2266.99962  0.37%  31.1 6721s
 1208852 18482     cutoff   44      2275.44382 2267.12664  0.37%  31.1 6725s
 1210765 17164     cutoff   52      2275.44382 2267.38211  0.35%  31.1 6732s
 1211738 16558     cutoff   40      2275.44382 2267.54207  0.35%  31.0 6736s
 1213648 15198     cutoff   49      2275.44382 2267.82046  0.34%  31.0 6742s
 1214597 14543     cutoff   43      2275.44382 2267.96958  0.33%  31.0 6746s
 1216429 13207     cutoff   40      2275.44382 2268.30706  0.31%  31.0 6753s
 1217388 12541     cutoff   51      2275.44382 2268.47480  0.31%  31.0 6756s
 1219235 11222     cutoff   49      2275.44382 2268.86434  0.29%  31.0 6763s
 1220166 10548     cutoff   41      2275.44382 2269.03653  0.28%  31.0 6766s
 1221100  9804 2272.10631   46  174 2275.44382 2269.26269  0.27%  30.9 6770s
 1222983  8334 2271.31772   42  221 2275.44382 2269.74126  0.25%  30.9 6776s
 1223923  7576     cutoff   47      2275.44382 2269.98522  0.24%  30.9 6780s
 1225872  6007     cutoff   44      2275.44382 2270.55901  0.21%  30.9 6786s
 1226865  5156     cutoff   46      2275.44382 2270.91957  0.20%  30.9 6790s
 1228815  3416     cutoff   45      2275.44382 2271.80038  0.16%  30.8 6797s
 1229855  2529     cutoff   44      2275.44382 2272.34172  0.14%  30.8 6800s
 1231927   494     cutoff   40      2275.44382 2273.80831  0.07%  30.8 6807s

Cutting planes:
  Gomory: 6
  Zero half: 2
  Lazy constraints: 8939

Explored 1233532 nodes (37957109 simplex iterations) in 6809.41 seconds (5990.70 work units)
Thread count was 8 (of 18 available processors)

Solution count 10: 2275.44 2275.44 2275.44 ... 2370.46

Optimal solution found (tolerance 1.00e-04)
Best objective 2.275443820911e+03, best bound 2.275443820911e+03, gap 0.0000%

User-callback calls 2589477, time in user-callback 2786.32 sec
### START EXACT APPROACH ###
ProblemVariant: 5
### START PREPROCESSING ###
## Start infeasible path procedure ## 
Deleted arcs: 4
Infeasible tail paths: 0
Infeasible 2-node combinations: 2
## Start extended infeasible path procedure ##
Deleted arcs: 4
Infeasible tail paths: 0
Infeasible 2-node combinations: 2
## Start start solution procedure ##
Start solution with 5 Vehicles and total costs 2528.55 in 13.5897 s.
### END PREPROCESSING ###
Route 0 0-5-20-3-14-24-15-19-25-0 : weight util 0.753395 | volume util 0.892156 | infeasible with packing heuristic | feasible with CP model
Route 1 0-6-18-26-27-28-2-30-7-0 : weight util 0.960211 | volume util 0.742844 | infeasible with packing heuristic | feasible with CP model
Route 2 0-10-12-0 : weight util 0.058342 | volume util 0.395444 | feasible with packing heuristic | feasible with CP model
Route 3 0-11-9-8-21-23-22-29-0 : weight util 0.432579 | volume util 0.841133 | infeasible with packing heuristic | feasible with CP model
Route 4 0-16-32-13-17-1-4-31-0 : weight util 0.389289 | volume util 0.887200 | infeasible with packing heuristic | feasible with CP model
