
Gurobi 12.0.1 (win64, C++) logging started Fri Mar 21 10:55:24 2025

Set parameter Username
Set parameter LicenseID to value 2618661
Academic license - for non-commercial use only - expires 2026-02-05
Set parameter Threads to value 8
Set parameter LazyConstraints to value 1
Set parameter PreCrush to value 1
Set parameter Seed to value 0
Set parameter Cuts to value -1
Set parameter TimeLimit to value 28800
Set parameter NumericFocus to value 0
Set parameter SolutionLimit to value 10000
Gurobi Optimizer version 12.0.1 build v12.0.1rc0 (win64 - Windows Server 2022.0 (20348.2))

CPU model: AMD EPYC 7513 32-Core Processor, instruction set [SSE2|AVX|AVX2]
Thread count: 18 physical cores, 18 logical processors, using up to 8 threads

Non-default parameters:
SolutionLimit  10000
TimeLimit  28800
PreCrush  1
Threads  8
LazyConstraints  1

Optimize a model with 374 rows, 676 columns and 1994 nonzeros
Model fingerprint: 0xb9bc9129
Variable types: 0 continuous, 676 integer (676 binary)
Coefficient statistics:
  Matrix range     [1e+00, 1e+00]
  Objective range  [5e+00, 9e+01]
  Bounds range     [1e+00, 1e+00]
  RHS range        [1e+00, 8e+00]
Presolve removed 62 rows and 108 columns
Presolve time: 0.00s
Presolved: 312 rows, 568 columns, 1659 nonzeros
Variable types: 0 continuous, 568 integer (568 binary)

Root relaxation: objective 4.668467e+02, 95 iterations, 0.00 seconds (0.00 work units)

    Nodes    |    Current Node    |     Objective Bounds      |     Work
 Expl Unexpl |  Obj  Depth IntInf | Incumbent    BestBd   Gap | It/Node Time

     0     0  466.84671    0    -          -  466.84671      -     -    0s
     0     0  492.83241    0   14          -  492.83241      -     -    0s
     0     0  498.88065    0   12          -  498.88065      -     -    0s
     0     0  503.78333    0    -          -  503.78333      -     -    0s
     0     0  515.65612    0   36          -  515.65612      -     -    0s
     0     0  518.25086    0    -          -  518.25086      -     -    0s
     0     0  525.86864    0    -          -  525.86864      -     -    0s
     0     0  527.82220    0   18          -  527.82220      -     -    0s
     0     0  527.92407    0   18          -  527.92407      -     -    0s
     0     2  527.92407    0   18          -  527.92407      -     -    0s
  2833  2312  602.47292   68   53          -  567.05963      -  16.1    5s
  8678  6057  588.20134   23   50          -  572.44749      -  16.7   10s
 14563 10938  590.47974   27   57          -  575.15984      -  17.7   15s
 20469 15898  705.39824   70    -          -  576.65577      -  18.5   20s
 27081 21312  648.22069   55   53          -  578.11678      -  19.2   25s
 33621 26928  683.90016   41   42          -  579.15891      -  19.7   30s
 39968 32251  695.75477   73   32          -  580.34715      -  19.9   35s
 45114 36634  608.23657   30   65          -  581.16267      -  20.2   40s
*48852 17577              57     631.6224409  581.69713  7.90%  20.3   43s
H49295 16779                     630.1275730  581.92023  7.65%  20.3   44s
 49729 17094  607.62191   41   56  630.12757  582.13095  7.62%  20.4   45s
 54210 18892  613.50199   30   65  630.12757  584.45644  7.25%  21.0   50s
 60729 21248     cutoff   36       630.12757  586.92968  6.86%  21.8   55s
 66858 23276  628.69368   37   38  630.12757  588.91561  6.54%  22.3   60s
 74222 25583  606.66814   31   52  630.12757  591.29951  6.16%  22.6   65s
 80797 27618     cutoff   54       630.12757  592.75079  5.93%  22.8   70s
 87681 29689  618.13584   39   42  630.12757  594.10699  5.72%  23.0   75s
 94495 31709  602.37702   36   59  630.12757  595.22700  5.54%  23.1   80s
 100646 33371     cutoff   46       630.12757  596.27526  5.37%  23.2   85s
 107611 35296  613.90716   36   63  630.12757  597.25675  5.22%  23.1   90s
 114247 37117     cutoff   35       630.12757  598.11604  5.08%  23.1   95s
 120474 38671  623.56707   43   40  630.12757  598.81368  4.97%  23.1  100s
 126683 40061  626.62242   33   49  630.12757  599.53419  4.86%  23.0  105s
 132857 41398     cutoff   37       630.12757  600.14640  4.76%  23.0  110s
 138505 42564  620.31634   38   54  630.12757  600.74319  4.66%  23.0  115s
 144924 43881  606.54014   31   47  630.12757  601.36371  4.56%  23.0  120s
 150891 45035  617.41278   31   58  630.12757  601.92066  4.48%  23.0  125s
 155608 45764 infeasible   38       630.12757  602.32442  4.41%  22.9  130s
 161992 46954  621.30174   36   45  630.12757  602.86344  4.33%  22.9  135s
 166791 47696  622.33326   41   56  630.12757  603.27068  4.26%  22.9  140s
 173059 48628  619.59088   41   58  630.12757  603.81742  4.18%  22.9  145s
 179112 49332  622.21799   42   55  630.12757  604.31430  4.10%  22.9  150s
 185153 50190 infeasible   42       630.12757  604.80331  4.02%  22.8  155s
 191453 50984  626.05798   47   41  630.12757  605.27729  3.94%  22.8  160s
 197059 51643  625.79835   30   42  630.12757  605.70400  3.88%  22.8  165s
 202635 52210     cutoff   31       630.12757  606.12235  3.81%  22.8  170s
 208833 52787  612.45608   33   42  630.12757  606.54112  3.74%  22.8  175s
 215081 53392     cutoff   42       630.12757  606.99742  3.67%  22.8  180s
 221685 53942  629.05537   38   44  630.12757  607.43513  3.60%  22.7  185s
 226700 54230     cutoff   41       630.12757  607.80262  3.54%  22.7  190s
 231754 54673  610.23898   29   52  630.12757  608.11919  3.49%  22.7  195s
 236900 55089  618.06539   30   45  630.12757  608.44636  3.44%  22.7  200s
 242302 55338  624.73289   40   45  630.12757  608.81200  3.38%  22.7  205s
 247365 55573     cutoff   40       630.12757  609.16461  3.33%  22.7  210s
 253151 55816  628.39013   37   65  630.12757  609.53872  3.27%  22.6  215s
 258440 55973     cutoff   32       630.12757  609.86515  3.22%  22.6  220s
 263705 56149 infeasible   35       630.12757  610.19812  3.16%  22.6  225s
 269109 56200     cutoff   38       630.12757  610.52092  3.11%  22.6  230s
 274437 56166  623.55558   41   59  630.12757  610.86093  3.06%  22.6  235s
 279972 56173     cutoff   38       630.12757  611.19441  3.00%  22.6  240s
 284738 56150  616.65709   39   51  630.12757  611.48038  2.96%  22.5  245s
 290488 56205     cutoff   37       630.12757  611.82059  2.91%  22.5  250s
 295822 56084     cutoff   38       630.12757  612.12874  2.86%  22.5  255s
 301633 55947  627.58339   32   47  630.12757  612.45638  2.80%  22.5  260s
 307574 55740     cutoff   46       630.12757  612.79455  2.75%  22.5  265s
 312691 55461     cutoff   36       630.12757  613.07990  2.71%  22.5  270s
 318629 55016 infeasible   39       630.12757  613.44261  2.65%  22.4  275s
 324530 54641     cutoff   40       630.12757  613.78011  2.59%  22.4  280s
 330533 54145     cutoff   45       630.12757  614.14839  2.54%  22.4  285s
 335744 53788     cutoff   37       630.12757  614.42031  2.49%  22.4  290s
 341439 53175     cutoff   35       630.12757  614.77074  2.44%  22.4  295s
 346758 52682  618.36570   35   55  630.12757  615.06822  2.39%  22.4  300s
 352306 52126  623.72783   36   46  630.12757  615.39054  2.34%  22.4  305s
 357613 51482  628.31859   50   32  630.12757  615.69647  2.29%  22.3  310s
 363065 50722     cutoff   41       630.12757  615.99496  2.24%  22.3  315s
 367501 50077     cutoff   40       630.12757  616.25261  2.20%  22.3  320s
 372783 49256  624.10896   37   24  630.12757  616.55334  2.15%  22.3  325s
 378019 48464     cutoff   54       630.12757  616.86079  2.11%  22.3  330s
 383215 47530  625.40518   51   45  630.12757  617.17798  2.06%  22.3  335s
 388513 46659  619.98626   52   52  630.12757  617.50400  2.00%  22.2  340s
 392932 45811     cutoff   34       630.12757  617.74053  1.97%  22.2  345s
 398112 44741  621.12367   37   46  630.12757  618.04734  1.92%  22.2  350s
 402460 43815  629.96639   42   36  630.12757  618.31427  1.87%  22.2  355s
 406863 42887     cutoff   46       630.12757  618.56477  1.83%  22.2  360s
 412948 41450  629.93252   38   46  630.12757  618.92412  1.78%  22.1  365s
 418174 40206 infeasible   42       630.12757  619.25095  1.73%  22.1  370s
 424396 38854 infeasible   31       630.12757  619.65899  1.66%  22.1  375s
 428278 37575  626.50333   37   40  630.12757  619.89613  1.62%  22.1  380s
 433538 36006     cutoff   59       630.12757  620.25827  1.57%  22.0  385s
 438901 34297     cutoff   46       630.12757  620.65496  1.50%  22.0  390s
 443433 32902 infeasible   35       630.12757  620.95075  1.46%  22.0  395s
 448893 31168  628.77484   41   45  630.12757  621.32812  1.40%  22.0  400s
 454294 29144     cutoff   46       630.12757  621.74460  1.33%  21.9  405s
 459690 27058     cutoff   47       630.12757  622.17562  1.26%  21.9  410s
 465006 24823     cutoff   48       630.12757  622.63917  1.19%  21.8  415s
 470402 22387     cutoff   41       630.12757  623.15541  1.11%  21.8  420s
 476784 19232     cutoff   41       630.12757  623.80340  1.00%  21.7  425s
 483257 15811  629.19883   45   55  630.12757  624.55140  0.88%  21.7  430s
 490816 11193 infeasible   31       630.12757  625.65728  0.71%  21.6  435s
 498689  5688     cutoff   53       630.12757  627.13810  0.47%  21.5  440s

Cutting planes:
  Gomory: 7
  Clique: 3
  Zero half: 1
  Lazy constraints: 4076

Explored 506059 nodes (10773894 simplex iterations) in 443.91 seconds (521.86 work units)
Thread count was 8 (of 18 available processors)

Solution count 2: 630.128 631.622 

Optimal solution found (tolerance 1.00e-04)
Best objective 6.301275729831e+02, best bound 6.301275729831e+02, gap 0.0000%

User-callback calls 1031793, time in user-callback 29.36 sec
### START EXACT APPROACH ###
ProblemVariant: 1
### START PREPROCESSING ###
## Start infeasible path procedure ## 
Deleted arcs: 81
Infeasible tail paths: 23
Infeasible 2-node combinations: 39
## Start extended infeasible path procedure ##
Deleted arcs: 82
Infeasible tail paths: 22
Infeasible 2-node combinations: 39
## Start start solution procedure ##
### END PREPROCESSING ###
Route 0 0-2-4-25-10-0 : weight util 0.979167 | volume util 0.547733 | infeasible with packing heuristic | feasible with CP model
Route 1 0-3-0 : weight util 0.854167 | volume util 0.046200 | infeasible with packing heuristic | feasible with CP model
Route 2 0-9-8-11-12-0 : weight util 1.000000 | volume util 0.538333 | infeasible with packing heuristic | feasible with CP model
Route 3 0-15-19-0 : weight util 0.937500 | volume util 0.334400 | infeasible with packing heuristic | feasible with CP model
Route 4 0-16-13-7-1-0 : weight util 1.000000 | volume util 0.578311 | infeasible with packing heuristic | feasible with CP model
Route 5 0-17-5-14-0 : weight util 0.958333 | volume util 0.606222 | infeasible with packing heuristic | feasible with CP model
Route 6 0-23-6-20-21-0 : weight util 0.958333 | volume util 0.536889 | infeasible with packing heuristic | feasible with CP model
Route 7 0-24-18-22-0 : weight util 0.958333 | volume util 0.426689 | infeasible with packing heuristic | feasible with CP model
