
Gurobi 12.0.1 (win64, C++) logging started Mon Mar 24 03:19:22 2025

Set parameter Username
Set parameter LicenseID to value 2618661
Academic license - for non-commercial use only - expires 2026-02-05
Set parameter Threads to value 8
Set parameter LazyConstraints to value 1
Set parameter PreCrush to value 1
Set parameter Seed to value 0
Set parameter Cuts to value -1
Set parameter TimeLimit to value 28800
Set parameter NumericFocus to value 0
Set parameter SolutionLimit to value 10000
Gurobi Optimizer version 12.0.1 build v12.0.1rc0 (win64 - Windows Server 2022.0 (20348.2))

CPU model: AMD EPYC 7513 32-Core Processor, instruction set [SSE2|AVX|AVX2]
Thread count: 18 physical cores, 18 logical processors, using up to 8 threads

Non-default parameters:
SolutionLimit  10000
TimeLimit  28800
PreCrush  1
Threads  8
LazyConstraints  1

Optimize a model with 1075 rows, 2025 columns and 6018 nonzeros
Model fingerprint: 0x898ec936
Variable types: 0 continuous, 2025 integer (2025 binary)
Coefficient statistics:
  Matrix range     [1e+00, 1e+00]
  Objective range  [1e-02, 2e+02]
  Bounds range     [1e+00, 1e+00]
  RHS range        [1e+00, 1e+01]
Presolve removed 46 rows and 60 columns
Presolve time: 0.01s
Presolved: 1029 rows, 1965 columns, 5847 nonzeros
Variable types: 0 continuous, 1965 integer (1965 binary)

Root relaxation: objective 5.281219e+02, 145 iterations, 0.00 seconds (0.00 work units)

    Nodes    |    Current Node    |     Objective Bounds      |     Work
 Expl Unexpl |  Obj  Depth IntInf | Incumbent    BestBd   Gap | It/Node Time

     0     0  528.12189    0   42          -  528.12189      -     -    0s
     0     0  598.99456    0   48          -  598.99456      -     -    0s
     0     0  605.12980    0   24          -  605.12980      -     -    0s
     0     0  649.19601    0    -          -  649.19601      -     -    0s
     0     0  714.65140    0    -          -  714.65140      -     -    0s
     0     0  734.93779    0    -          -  734.93779      -     -    0s
     0     0  749.41059    0    -          -  749.41059      -     -    0s
     0     0  755.58139    0   50          -  755.58139      -     -    0s
     0     0  765.28126    0    -          -  765.28126      -     -    1s
     0     0  768.31728    0    -          -  768.31728      -     -    1s
     0     0  788.26068    0    -          -  788.26068      -     -    1s
     0     0  792.10862    0   46          -  792.10862      -     -    2s
     0     2  796.24339    0   54          -  796.24339      -     -    4s
   234   241  803.56055   16   78          -  799.48232      -  30.1    5s
  1185  1146  849.67179  104   46          -  800.13535      -  23.6   10s
  1688  1544  989.40779  118  107          -  806.91567      -  22.0   15s
  1711  1559  814.96722   28  108          -  814.96722      -  21.7   22s
  1728  1571  830.20440   58  118          -  816.21663      -  21.5   27s
  2231  1921  839.74454   42   38          -  818.73797      -  28.4   30s
  3201  2428  908.63583   81   57          -  818.73797      -  27.0   35s
  4642  3291  993.74031  163   35          -  819.11107      -  26.0   40s
  6190  4123  871.03218   42   71          -  819.11107      -  24.8   45s
  7437  5102 1040.76138  148   36          -  819.11107      -  23.6   50s
  9670  7239 1061.91409  110    -          -  820.50306      -  23.8   56s
 10604  7974  868.00376   33   95          -  821.42465      -  23.6   60s
 11775  9067  949.84774  105    -          -  822.61497      -  23.4   65s
 13134 10224  968.70012  116   14          -  823.03421      -  22.9   70s
 14970 11933  874.23029   72   50          -  823.20982      -  22.8   75s
 17132 13742  858.14292   20  117          -  823.20982      -  22.9   81s
 18608 15253  873.75269   49   14          -  824.96620      -  23.2   85s
 19437 15851  930.04105  125    -          -  824.96620      -  23.0   90s
 21401 17670 1033.19826   95    -          -  826.10201      -  22.9   95s
 23431 19392  881.17878   84   70          -  826.17341      -  23.2  100s
 25165 20675  866.52221   33   90          -  827.01051      -  23.5  105s
 27317 22665 1040.37171  252    8          -  827.01051      -  23.9  110s
 29209 24411  856.38812   34   91          -  827.38347      -  23.9  115s
 30872 25961  843.79025   23  107          -  827.38347      -  23.9  120s
 32697 27492  902.97997  131   90          -  827.38347      -  24.2  125s
 34263 29168  869.27801   43   77          -  828.99797      -  24.3  130s
 36625 30987  899.60509   95   87          -  829.04852      -  24.3  135s
 38192 32377  864.26409   43   39          -  829.64455      -  24.4  140s
 40507 34372  894.67551   43   42          -  829.78743      -  24.4  145s
 42114 36030  940.30799   98   24          -  829.78743      -  24.3  151s
 42994 36450  896.99652   50   67          -  829.78743      -  24.3  155s
 44185 37706  854.37350   24  110          -  831.05094      -  24.4  160s
 46205 39569  867.27983   40  101          -  831.66702      -  24.4  166s
 47781 40626  877.74764   34  124          -  831.66702      -  24.3  171s
 49175 42142  911.47324   91   77          -  831.66702      -  24.5  175s
 50685 43332 1181.76767  241    -          -  833.19866      -  24.3  181s
 51810 44234  922.75745   59   40          -  833.71769      -  24.4  186s
 53224 45310  875.88256   28  111          -  833.93893      -  24.4  190s
 54720 46716  878.79432   25  115          -  833.98836      -  24.6  196s
 55722 47831  910.90219   73   13          -  834.24221      -  24.7  200s
 57555 49113  888.55244   83   48          -  834.24221      -  24.9  207s
 58696 50358  988.12123  127   37          -  834.58230      -  24.9  211s
 59513 50901  884.87739   29  106          -  834.82235      -  24.9  215s
 60946 52238  916.46406   60   84          -  835.26380      -  24.9  221s
 61571 52728  899.12804   26  112          -  835.26380      -  25.0  225s
 62534 53698  943.71374  108   82          -  835.68496      -  25.1  230s
 63898 54701  919.29208   32  100          -  835.68496      -  25.1  237s
 65003 55868  885.81275   69   89          -  835.68496      -  25.2  241s
 66289 56653  917.17752  145    8          -  836.00399      -  25.2  245s
 67735 58150  888.62001   51   73          -  836.16611      -  25.3  251s
 68727 58972  900.03534   45   88          -  836.18773      -  25.3  256s
 69877 59812  864.85605   37  102          -  836.35738      -  25.3  261s
 70600 60504  916.90982   93   34          -  836.35738      -  25.4  265s
 72028 61911  892.74514   40   92          -  836.38492      -  25.6  271s
 73209 62917  941.52637  110   33          -  836.38492      -  25.6  276s
 73922 63518 1001.57946  178    -          -  836.38492      -  25.5  280s
 74749 63971  954.76456   86    -          -  836.65034      -  25.5  288s
 74860 63999  888.46560   27  105          -  836.65034      -  25.5  290s
 76025 65192 1064.34245  138    8          -  836.77214      -  25.7  297s
 76621 65504  886.24839   55   89          -  836.78518      -  25.7  300s
 77655 66613  915.05975   43   85          -  836.98370      -  25.8  305s
 78759 67572  878.67587   26  123          -  836.98370      -  25.8  311s
 79339 67981  893.05099   46  101          -  836.98370      -  25.8  315s
 80026 68446  939.63678   69   16          -  837.27922      -  25.9  320s
 80363 68976 1058.43252  152    8          -  837.35173      -  25.9  326s
 81065 69542  905.06717   60   89          -  837.48878      -  25.9  330s
 81882 70059  934.83238   39   81          -  837.49811      -  25.8  335s
 82939 70994  919.52244   68   40          -  837.49811      -  25.8  341s
 83936 71878  881.27716   29   62          -  837.49811      -  25.8  346s
 84486 72305  890.47267   43  114          -  837.62931      -  25.9  350s
 85549 72972  945.61224   79   59          -  837.93007      -  25.9  356s
 86349 74032  962.38742  182   20          -  837.93772      -  25.9  362s
 87084 74351 1003.00550   65   53          -  837.93772      -  25.9  366s
 87757 75143  895.66707   59   62          -  837.93772      -  26.0  373s
 88226 75735  909.65867  101   12          -  837.93772      -  26.0  377s
 89037 76219 1041.01875  191   19          -  837.93772      -  25.9  380s
 90057 77091  873.62283   44   91          -  838.25903      -  26.0  386s
 90471 77645  881.89139   60   75          -  838.25903      -  26.0  390s
 91180 78071  930.02972  157   59          -  838.25903      -  26.0  395s
 92216 78705  914.39069   59   85          -  838.44431      -  26.0  400s
 92925 79664  914.88678   61   42          -  838.44431      -  26.0  406s
 93471 80030  938.12612   65    6          -  838.44787      -  26.1  410s
 94341 80980  980.35698  146   62          -  838.44787      -  26.0  417s
 95004 81755  916.76431   49   71          -  838.44787      -  26.1  420s
 95898 82311  872.78165   38  115          -  838.44787      -  26.0  426s
 96598 82768  906.61331   60   28          -  838.44787      -  26.0  430s
 97521 83498  872.13092   45   98          -  838.44787      -  26.1  436s
 97863 83886  882.75147   59  104          -  838.54406      -  26.1  440s
 98744 84500  940.42977   63   54          -  838.54406      -  26.1  445s
 99491 85089  855.77160   21  106          -  838.54406      -  26.1  450s
 100215 85899  980.81435   66   79          -  838.54406      -  26.2  457s
 100646 86491  987.13006   88   75          -  838.54406      -  26.2  461s
 101292 86964  887.35159   32  109          -  838.54406      -  26.2  466s
 101872 87239  900.44276   56  101          -  838.54406      -  26.2  470s
 102582 88110  931.84155  151   74          -  838.54406      -  26.2  475s
 103754 89051  902.26018   52   97          -  838.96094      -  26.2  482s
 104277 89452  962.73443  110   57          -  839.01432      -  26.3  485s
 105441 90524  885.26276   47   93          -  839.01432      -  26.3  492s
 106061 91052  918.05913   69   34          -  839.11348      -  26.3  495s
 106876 91659  894.08989   30  112          -  839.11348      -  26.3  503s
 107268 92249  897.71614   36  107          -  839.11348      -  26.4  507s
 107924 92854  935.28820   48   77          -  839.11348      -  26.4  511s
 108649 93269  965.41175   56   57          -  839.11348      -  26.4  516s
 109600 94104  939.69955   57   77          -  839.11348      -  26.5  525s
 110071 94628  948.86099   69    6          -  839.11348      -  26.5  530s
 110677 95015  886.05760   38   99          -  839.11348      -  26.5  536s
 111636 95877  916.02641   98   92          -  839.11348      -  26.5  544s
 111983 96270  954.92066  142   76          -  839.11348      -  26.5  546s
 113058 97388  913.35853   45   85          -  839.44423      -  26.6  553s
 113283 97405  949.34515   90   76          -  839.44423      -  26.6  555s
 114136 98246 1016.68189  151   16          -  839.48740      -  26.6  564s
 114206 98262  948.65947   76   42          -  839.48740      -  26.6  565s
 114742 98707  931.39671   59   67          -  839.50453      -  26.6  571s
 115351 99086  934.28566   60   80          -  839.61980      -  26.6  579s
 115685 99459  866.98908   22   95          -  839.61980      -  26.6  581s
 116558 100231  891.71124   53   44          -  839.61980      -  26.7  586s
 116985 100779  859.82141   25  116          -  839.61980      -  26.7  591s
 117596 101039  878.07774   52   99          -  839.61980      -  26.7  597s
 117864 101511  881.32336   57   56          -  839.69417      -  26.7  603s
 118456 102066  867.02992   19  134          -  839.70321      -  26.7  607s
 118999 102442  883.64343   47   92          -  839.70321      -  26.7  612s
 119498 102949  908.63051   84   63          -  839.70321      -  26.7  617s
 120077 103416  879.53035   33  122          -  839.70321      -  26.7  621s
 120575 103881  893.65073   54   98          -  839.70321      -  26.8  626s
 121111 104313  922.67055   84    -          -  839.70321      -  26.8  630s
 121855 104803 1309.02800  204   12          -  839.88032      -  26.8  636s
 122172 105076  963.87146   68   77          -  839.88032      -  26.8  641s
 122502 105397 infeasible   85               -  839.88032      -  26.8  645s
 123541 106489  893.63757   33  121          -  839.92845      -  26.9  654s
 123814 106505 1027.75731  205   24          -  839.92845      -  26.9  656s
 124176 106976  905.14037   44  110          -  839.92845      -  26.9  662s
 124753 107593  915.62084   48   81          -  839.92845      -  26.9  669s
 125428 107933  940.43657   48   85          -  839.92845      -  26.9  673s
 125683 107971 1040.94077  123   30          -  839.92845      -  26.9  675s
 125971 108438  981.79819  133   30          -  839.92845      -  26.9  680s
 126525 108765  917.75334   56   86          -  839.92845      -  26.9  685s
 127050 109577  969.14070   90   34          -  839.92845      -  26.9  691s
 127721 109963 1149.75778  136   10          -  839.92845      -  26.9  697s
 128640 110809  976.83642  101   35          -  839.92845      -  27.0  702s
 129135 111370  896.63839   40  126          -  839.92845      -  27.0  708s
 129400 111424 1015.46696  142   45          -  839.92845      -  27.0  711s
 129807 111948  922.26731   63   69          -  839.92845      -  27.0  715s
 130420 112314  977.18172  162   25          -  839.92845      -  27.0  721s
 130828 112885  905.84541   37   88          -  839.92845      -  27.0  726s
 131516 113351  951.35881   62   51          -  840.32131      -  27.0  731s
 132255 113766  944.61697   58   43          -  840.41190      -  27.0  735s
 132779 114232  892.78050   39  119          -  840.41190      -  27.0  742s
 133026 114576  921.25683   62   84          -  840.41190      -  27.0  745s
 133976 115140  871.93582   41  105          -  840.50313      -  27.0  751s
 134454 115500  914.20331   78   88          -  840.50313      -  27.1  755s
 134692 116327  926.58736   60   79          -  840.50313      -  27.1  762s
 135555 116788 infeasible  168               -  840.50313      -  27.1  768s
 136164 117383  956.45257   75   51          -  840.71434      -  27.0  774s
 136790 117487  936.65772   50   54          -  840.72898      -  27.0  779s
 136878 117842  939.20989   62   69          -  840.72898      -  27.0  783s
 137406 118354  883.61771   27  121          -  840.72898      -  27.0  790s
 138306 119333  908.01190   67   90          -  840.72898      -  27.0  797s
 138936 119785  948.39412  159   70          -  840.72898      -  27.1  800s
 139550 120192 1027.26929  242   36          -  840.81213      -  27.1  806s
 139994 120684  909.62955   55  104          -  840.83220      -  27.1  810s
 140548 120878  998.61812  107   47          -  840.83220      -  27.1  815s
 140732 121317 1028.27492  125   26          -  840.83220      -  27.1  820s
 141280 121608  936.51503   47   93          -  840.95675      -  27.1  825s
 142112 122541  863.47698   20  138          -  840.95675      -  27.2  833s
 142649 123052  868.94517   37  124          -  840.95675      -  27.2  837s
 142725 123053  986.11609  124    -          -  840.95675      -  27.2  840s
 143601 123737  893.06230   68  103          -  840.95675      -  27.2  848s
 143986 124236  920.79529   97   92          -  840.95675      -  27.2  851s
 144502 124661  974.68615  136   32          -  840.95675      -  27.2  855s
 145092 124987 infeasible  232               -  841.07139      -  27.2  860s
 145846 125818  921.12800  101  106          -  841.07139      -  27.2  867s
 146392 126251 1046.13207  146   26          -  841.07139      -  27.3  871s
 146861 126841 1099.28967  186   43          -  841.07139      -  27.3  876s
 147571 127410 1331.31878  247    -          -  841.07139      -  27.3  882s
 148299 127938  902.33636   35   96          -  841.07139      -  27.2  887s
 148849 128264  914.89444   56   71          -  841.21678      -  27.2  894s
 148910 128277  898.33367   84  101          -  841.21678      -  27.2  895s
 149694 129215  909.57280   36  109          -  841.21678      -  27.2  902s
 150231 129761  932.15595   71   58          -  841.21678      -  27.2  906s
 150857 130196 infeasible  114               -  841.21678      -  27.2  910s
 151912 131163  989.95133  111   26          -  841.21678      -  27.2  918s
 152493 131807 1014.01991  147   40          -  841.21678      -  27.2  922s
 153146 132112  950.76564   76   73          -  841.21678      -  27.2  928s
 153548 132605  906.92167   39   66          -  841.30477      -  27.2  936s
 154184 133177  940.05115   66   98          -  841.30477      -  27.2  940s
 155348 134095  905.94930   43  118          -  841.39745      -  27.2  950s
 156029 134382  985.72337  107   12          -  841.39745      -  27.2  956s
 156058 134782  933.21861   79   50          -  841.39745      -  27.2  960s
 156520 135261 infeasible  144               -  841.51568      -  27.2  967s
 157124 135708  966.50645  102   42          -  841.51568      -  27.2  972s
 157666 136194 1036.43856  152   33          -  841.51568      -  27.2  976s
 158106 136272  923.48132   40   98          -  841.51568      -  27.2  981s
 158272 136600  937.76026   53   69          -  841.51568      -  27.2  985s
 158967 137295  927.66666   45   70          -  841.51568      -  27.2  994s
 159342 137348  907.35952   86   63          -  841.51568      -  27.2  997s
 159446 137828  955.17626   58   52          -  841.51568      -  27.2 1001s
 160118 138224 1008.99514   70   14          -  841.78856      -  27.2 1006s
 160627 138596  906.87904   38   91          -  841.84716      -  27.2 1012s
 161006 139022  931.98570   60  107          -  841.84716      -  27.2 1015s
 161483 139502  958.19447   84   39          -  841.84716      -  27.3 1020s
 162400 140298  872.09092   29   96          -  841.84716      -  27.3 1027s
 162996 140676  887.36923   55  102          -  841.94163      -  27.3 1034s
 163368 141120  915.61897   87   69          -  841.94163      -  27.3 1037s
 163839 141403  999.78590  121   51          -  841.94163      -  27.3 1043s
 164216 141818  942.72842   78   90          -  841.97450      -  27.3 1048s
 164667 142299  969.68580  105   10          -  841.97450      -  27.3 1056s
 165228 142842  918.73599   25   85          -  841.97450      -  27.3 1062s
 165854 143269  956.64483   84   50          -  841.97450      -  27.3 1070s
 166386 143950  893.35684   35  106          -  841.97450      -  27.3 1078s
 167140 144428  910.19072   49  104          -  841.97450      -  27.3 1083s
 167544 144477 1018.64701  190   62          -  841.97450      -  27.3 1085s
 167956 145123  934.90942   85   84          -  841.97450      -  27.3 1095s
 169005 146019 1049.47753  184    -          -  841.97450      -  27.3 1104s
 169504 146496  923.51277   54   62          -  841.97450      -  27.3 1108s
 170009 146562  887.52596   33  114          -  841.97450      -  27.3 1111s
 170182 147088  972.22154  139   46          -  841.97450      -  27.3 1115s
 170795 147633  920.44104   36   95          -  842.14781      -  27.3 1122s
 171363 147964  961.77137   72   50          -  842.20714      -  27.3 1129s
 171884 148343  898.63071   21  109          -  842.20714      -  27.2 1136s
 172207 148676  932.05717   48   85          -  842.20714      -  27.3 1140s
 172989 149162  952.62924   81   52          -  842.20714      -  27.3 1145s
 173113 149540  949.40122   93   75          -  842.20714      -  27.3 1150s
 173617 149821 1046.12143  149   25          -  842.20714      -  27.3 1156s
 173900 150306  964.39185   60   80          -  842.24003      -  27.3 1160s
 174467 150695  993.87042   83   20          -  842.28510      -  27.3 1168s
 174580 150710  989.40177  146   32          -  842.28510      -  27.3 1170s
 174981 151130  872.99176   35  118          -  842.29481      -  27.3 1175s
 175736 151776  907.51801   89   99          -  842.29481      -  27.3 1181s
 176070 152077  923.56109  102   91          -  842.32583      -  27.4 1186s
 176428 152664  935.77719  117   33          -  842.33008      -  27.4 1190s
 177095 153025  983.70862  151   50          -  842.33522      -  27.4 1203s
 177554 153409  925.54015   40   81          -  842.33821      -  27.4 1207s
 177875 153810  933.82666   46   72          -  842.33821      -  27.4 1211s
 178430 154335  951.97564   66   65          -  842.34573      -  27.4 1218s
 179109 154709 1002.90329  109   24          -  842.37792      -  27.4 1225s
 179474 155151  915.08172   48  109          -  842.37792      -  27.4 1231s
 179967 155487  959.66582   51   37          -  842.37792      -  27.4 1235s
 180300 156029  963.23001   89   58          -  842.37792      -  27.4 1242s
 180764 156084  941.13755   54  102          -  842.37792      -  27.4 1245s
 181546 156905  906.35316   41  113          -  842.44858      -  27.4 1256s
 181834 156931  969.64329   58   72          -  842.44858      -  27.4 1260s
 182022 157454  915.12096   49  105          -  842.44858      -  27.4 1265s
 182604 157860  939.30378   93   84          -  842.44858      -  27.4 1274s
 182996 157897  954.68588   81   22          -  842.44858      -  27.3 1276s
 183063 158255  948.28699  101   75          -  842.44858      -  27.3 1280s
 183678 158645  912.47313   44   72          -  842.44858      -  27.3 1287s
 183992 159139  934.95634   74   93          -  842.44858      -  27.4 1291s
 184508 159718 1045.73183  168   58          -  842.44858      -  27.4 1297s
 185174 160007 1002.62845   66   83          -  842.44858      -  27.4 1304s
 185296 160008 1143.82288  134    -          -  842.44858      -  27.4 1305s
 186211 161010  941.34654   46   62          -  842.54364      -  27.3 1315s
 186730 161476  985.50715   94   49          -  842.54364      -  27.3 1321s
 187283 161953  948.03744   82   64          -  842.54581      -  27.3 1326s
 187905 162258  998.47780  123   38          -  842.54581      -  27.3 1336s
 188223 162682  886.87476   34  103          -  842.54581      -  27.3 1342s
 188634 162963  894.47583   60  106          -  842.54581      -  27.3 1348s
 188932 163481  911.77127   81   78          -  842.54581      -  27.3 1353s
 189538 163918  929.23616  122   48          -  842.54581      -  27.3 1358s
 190014 163987  983.22095  133   20          -  842.67678      -  27.3 1361s
 190100 164275  921.73156   37  107          -  842.67678      -  27.3 1365s
 190514 164639  944.67143   60   70          -  842.67678      -  27.3 1370s
 190877 165135  903.40288   36  103          -  842.69592      -  27.3 1376s
 191403 165594  931.36308   42   83          -  842.69592      -  27.4 1380s
 191913 165987  949.10986   67   91          -  842.69592      -  27.4 1386s
 192430 166236 1068.82550  137   34          -  842.69592      -  27.3 1393s
 192657 166661 infeasible  171               -  842.69592      -  27.4 1398s
 193137 166987  961.40613   75   69          -  842.69592      -  27.4 1402s
 193506 167342 1004.96400   98   49          -  842.79061      -  27.4 1407s
 193881 167656  872.93920   25  108          -  842.79061      -  27.4 1412s
 194240 168089  881.45725   38  102          -  842.79061      -  27.4 1418s
 194809 168447  903.58915   59   48          -  842.79061      -  27.4 1423s
 195200 168984  925.62976   90   48          -  842.79061      -  27.4 1428s
 195811 169063  884.97778   25  128          -  842.79061      -  27.4 1430s
 195838 169249 1020.70372  158   46          -  842.90971      -  27.4 1436s
 196202 169558  893.26541   32  103          -  842.90971      -  27.4 1441s
 196542 170033  911.45062   59   70          -  842.90971      -  27.4 1450s
 197060 170528  896.60106   32   98          -  842.90971      -  27.4 1457s
 197598 170988  913.72504   56    9          -  842.90971      -  27.4 1463s
 197716 171002  910.49447   53  103          -  842.90971      -  27.4 1470s
 198147 171443  923.89769   63   49          -  842.94814      -  27.4 1477s
 198750 171679  956.03159   72   40          -  842.94814      -  27.4 1483s
 198840 171685  921.90273  117   80          -  842.94814      -  27.4 1485s
 198959 172035  998.32526   91   12          -  842.94814      -  27.4 1490s
 199358 172382  877.81425   25  100          -  842.94814      -  27.4 1495s
 199748 172812  899.72695   40   83          -  842.94814      -  27.4 1501s
 200292 173151  942.85453   99    -          -  842.94814      -  27.4 1506s
 200628 173544  880.22686   29   80          -  842.94814      -  27.4 1511s
 201076 174252  895.98141   49   88          -  842.94814      -  27.4 1517s
 201730 174306 1088.18836  235   18          -  842.98306      -  27.4 1523s
 201890 174687  957.07400  108    -          -  843.03495      -  27.4 1530s
 202413 175013  897.11825   51   40          -  843.03495      -  27.4 1537s
 202771 175317  947.24421   71   22          -  843.03495      -  27.4 1541s
 203168 175593  916.89472   31  105          -  843.03495      -  27.4 1547s
 203398 176047  939.99689   38   86          -  843.20216      -  27.4 1551s
 203890 176400  974.83087   87   64          -  843.20216      -  27.5 1558s
 204239 176806 1007.15809  108    -          -  843.20216      -  27.5 1564s
 204774 177204  941.63995   57   26          -  843.20216      -  27.4 1572s
 205264 177483  899.25245   30  111          -  843.20216      -  27.5 1577s
 205590 177883  918.96113   47  115          -  843.20216      -  27.5 1585s
 205953 178292  942.32814   60   80          -  843.20216      -  27.5 1590s
 206432 178580  974.56021  113    -          -  843.29097      -  27.5 1599s
 206625 178593  877.43437   39   84          -  843.29097      -  27.5 1601s
 206728 179061 1015.62756  135    -          -  843.29097      -  27.5 1607s
 207257 179149  946.59157  103    -          -  843.29097      -  27.5 1610s
 207429 179467  928.45174   57   99          -  843.29097      -  27.5 1615s
 207861 179863  938.28626   61   37          -  843.29097      -  27.5 1622s
 208048 179903  972.62663   64    -          -  843.29097      -  27.5 1625s
 208359 180283  984.97305   91   65          -  843.29097      -  27.5 1631s
 208723 180749  867.81139   24  121          -  843.29097      -  27.5 1638s
 209054 180781  938.16142  105   59          -  843.29097      -  27.5 1640s
 209297 181233  876.55240   34  105          -  843.29097      -  27.5 1646s
 209893 181604  895.73883   71   84          -  843.29097      -  27.5 1656s
 210370 181895 infeasible  102               -  843.29097      -  27.5 1663s
 210601 182178  887.91240   28  110          -  843.29097      -  27.5 1670s
 210935 182420  906.59064   42  108          -  843.46078      -  27.5 1677s
 211179 182833  916.89790   46   91          -  843.46078      -  27.6 1682s
 211663 183227  961.37974   78   72          -  843.51795      -  27.6 1687s
 211975 183259  954.50370   99   73          -  843.51795      -  27.6 1690s
 212095 183721 1111.66531  110   48          -  843.51795      -  27.6 1696s
 212653 183894  902.04330   25   96          -  843.51795      -  27.6 1705s
 212866 184282  911.28853   32  105          -  843.51795      -  27.6 1713s
 213314 184731  959.33919   81   22          -  843.51795      -  27.6 1720s
 213798 185083  913.52038   39  107          -  843.51795      -  27.6 1728s
 214008 185108  899.67786   53   42          -  843.51795      -  27.6 1730s
 214160 185510  953.36701   58   28          -  843.51795      -  27.6 1735s
 214636 185858  987.87114   89   37          -  843.56394      -  27.6 1743s
 214965 185893 1050.67469  166   50          -  843.56394      -  27.6 1745s
 215060 186219  928.79609   44  105          -  843.56394      -  27.6 1751s
 215445 186513  963.29399   66   70          -  843.56394      -  27.6 1757s
 215828 186601  872.75024   29  129          -  843.56394      -  27.6 1760s
 216016 186930 1085.46583  133    -          -  843.56394      -  27.6 1766s
 216284 187359  990.32550  113   90          -  843.56394      -  27.6 1772s
 216718 187704 1003.22148  146   79          -  843.72763      -  27.7 1778s
 217143 188052 infeasible  195               -  843.72763      -  27.7 1783s
 217525 188435  969.42148  102   50          -  843.72763      -  27.7 1791s
 217911 188778 1054.15021  164   21          -  843.72763      -  27.7 1797s
 218417 189109  948.70595   63   94          -  843.76834      -  27.7 1809s
 218487 189118 1047.15975  142    -          -  843.76834      -  27.7 1810s
 218759 189584  960.31297   79   88          -  843.77090      -  27.7 1820s
 219323 189896 1060.83390  165   41          -  843.79514      -  27.7 1826s
 219719 190198  928.38200   26   94          -  843.79514      -  27.7 1835s
 219984 190668  946.46418   42   88          -  843.79514      -  27.7 1843s
 220265 190680 1068.65060  128    -          -  843.79514      -  27.7 1845s
 220530 191068 1014.19339  100   55          -  843.79514      -  27.7 1854s
 220698 191090  989.70190  179   68          -  843.79514      -  27.7 1855s
 221020 191511  951.54330   67   57          -  843.79514      -  27.7 1860s
 221456 191763  959.29381   95   72          -  843.79514      -  27.7 1867s
 221728 192223  978.15339  136   24          -  843.89909      -  27.7 1874s
 221892 192263  894.07948   58   84          -  843.89909      -  27.7 1876s
 222355 192674  947.44055   57   47          -  843.89909      -  27.7 1884s
 222789 192761  965.32406   80   47          -  843.98930      -  27.7 1889s
 222906 192952  898.08310   29  101          -  843.98930      -  27.7 1898s
 223112 193376  913.46655   48  110          -  843.98930      -  27.7 1904s
 223322 193382  916.08588   51  113          -  843.98930      -  27.7 1905s
 224066 194127  999.59807  111   55          -  843.98930      -  27.7 1920s
 224474 194526 1011.74716  125   33          -  843.98930      -  27.7 1929s
 224945 194908 1077.37202  177   24          -  843.98930      -  27.7 1937s
 225342 194952  963.25884  187   46          -  843.98930      -  27.7 3084s
 225343 194953  936.38990   99   46          -  843.98930      -  27.7 3085s
 225344 194953  928.23446   94 2946          -  852.05373      -  27.7 3095s
 225345 194954  955.25933  180 3048          -  857.06578      -  27.7 3102s
 225346 194955 1026.47412  148 3046          -  857.06578      -  27.7 3105s
 225347 194955  977.90416  176 3052          -  857.61685      -  27.7 3111s
 225349 194957  884.41067   28 3039          -  858.09776      -  27.7 3119s
 225350 194957  965.78849   90 3046          -  858.09776      -  27.7 3121s
 225351 194958  901.38967  110 3031          -  858.17215      -  27.7 3128s
 225352 194959  954.05417   43 3036          -  858.17361      -  27.7 3130s
 225353 194959  911.43353   54 3085          -  858.48630      -  27.7 3136s
 225355 194961  926.89047   77 3073          -  858.49327      -  27.7 3145s
 225357 194962  926.12947   75 3098          -  858.55979      -  27.7 3153s
 225358 194963  891.59443   50 3099          -  858.55979      -  27.7 3156s
 225360 194964  918.68909   46 3103          -  858.55979      -  27.7 3162s
 225361 194965 1110.87889  212 3100          -  858.56037      -  27.7 3169s
 225362 194965 1013.14162  145 3104          -  858.56037      -  27.7 3171s
 225363 194966  933.06427   74 3105          -  858.56037      -  27.7 3178s
 225364 194967  987.83294  191 3103          -  858.62148      -  27.7 3180s
 225366 194971  858.62148   22 3104          -  858.62148      -  27.8 3214s
 225368 194974  858.62148   23 3099          -  858.62148      -  27.8 3215s
 225406 195011  859.97665   27 3073          -  858.62148      -  27.8 3221s
 225450 195040  860.18766   30 3080          -  858.62148      -  27.8 3225s
 225503 195070  861.54266   33 3033          -  858.62148      -  27.8 3230s
 225557 195110  864.38121   37 2646          -  858.62148      -  27.9 3235s
 225616 195153  867.03754   41 2948          -  858.62148      -  27.9 3240s
 225669 195190  869.47394   44 2942          -  858.62148      -  27.9 3245s
 225738 195236  880.81357   47 2764          -  858.62148      -  28.0 3250s
 225814 195284  884.21008   51 2476          -  858.62148      -  28.0 3256s
 225873 195318  879.07968   54 2720          -  858.62148      -  28.0 3260s
 225953 195357  873.37853   57 2736          -  858.62148      -  28.0 3266s
 226034 195405  884.39687   60 2832          -  858.62148      -  28.0 3271s
 226139 195451  881.76371   64 2189          -  858.62148      -  28.0 3277s
 226189 195460  882.51532   65 2532          -  858.62148      -  28.1 3281s
 226255 195487  885.60081   68 2576          -  858.64831      -  28.1 3286s
 226291 195513  886.06535   70 2811          -  858.64831      -  28.1 3290s
 226356 195555  907.99051   76 2888          -  858.64831      -  28.1 3296s
 226390 195579  905.64747   79 2597          -  858.64831      -  28.1 3300s
 226472 195632  922.53177   84 2861          -  858.64831      -  28.2 3307s
 226530 195654  906.85636   87 2874          -  858.64831      -  28.2 3311s
 226573 195682  910.17459   90 2809          -  858.66763      -  28.2 3315s
 226659 195727  916.03606   95 2772          -  858.67792      -  28.2 3324s
 226697 195751  936.64340   97 2558          -  858.67928      -  28.3 3327s
 226734 195776  926.02741  100 2827          -  858.67928      -  28.3 3331s
 226775 195808 1050.91287  104 2213          -  858.67928      -  28.3 3336s
 226820 195838  932.04311  108 2262          -  858.67928      -  28.3 3341s
 226865 195860  952.07039  111 2627          -  858.67928      -  28.3 3345s
 226911 195884 infeasible  117               -  858.72431      -  28.4 3351s
 226965 195912  859.57448   31 2991          -  858.72544      -  28.4 3356s
 227021 195946  860.83725   34 2975          -  858.72544      -  28.4 3362s
 227069 195985  867.62683   38 2938          -  858.72544      -  28.4 3368s
 227133 196012  868.58498   42 2961          -  858.72544      -  28.5 3375s
 227199 196053  872.05383   47 2986          -  858.72544      -  28.5 3381s
 227264 196094  871.98306   50 2998          -  858.97637      -  28.5 3388s
 227346 196080  889.63836   53 2957          -  858.97637      -  28.6 3427s
 227354 196127  899.20404   54 2684          -  858.97637      -  28.6 3436s
 227423 196184  892.54361   55 2825          -  858.97637      -  28.6 3445s
 227510 196232  896.91808   64 2948          -  858.97637      -  28.7 3454s
 227594 196292  900.25978   66 2881          -  858.97637      -  28.7 3463s
 227692 196343  925.58409   75 2893          -  858.97637      -  28.8 3472s
 227813 196398  951.55908   82 2893          -  859.11280      -  28.8 3483s
 227934 196467  867.54109   35 2976          -  859.13465      -  28.9 3495s
 228064 196529  870.84285   42 2940          -  859.13465      -  28.9 3506s
 228191 196589  877.28873   50 2968          -  859.13465      -  29.0 3518s
 228311 196657  879.16110   55 2833          -  859.14853      -  29.0 3530s
 228418 196740  901.28630   63 2981          -  859.14853      -  29.1 3542s
 228536 196831  924.11869   71 2982          -  859.14853      -  29.1 3554s
 228671 196920  935.07689   81 2750          -  859.14853      -  29.2 3568s
 228848 197016  950.27940   91 2889          -  859.16141      -  29.3 3582s
 229031 197102  970.40517  102 2909          -  859.24212      -  29.3 3596s
 229226 197198  866.67834   28 2967          -  859.24212      -  29.4 3611s
 229368 197293  884.84426   40 2272          -  859.24212      -  29.4 3626s
 229517 197416  935.79271   48 2771          -  859.24212      -  29.5 3642s
 229690 197528  972.50363   62 2490          -  859.24212      -  29.6 3660s
 229934 197623  888.41252   31 2908          -  859.24212      -  29.7 3679s
 230153 197571 1016.53211  102 2900          -  859.30889      -  29.8 3680s
 230179 197704  910.65793   49 2754          -  859.30889      -  29.8 3696s
 230392 197829  950.10873   63 2886          -  859.45965      -  29.9 3714s
 230592 197957  989.30332   78 1224          -  859.45965      -  30.0 3731s
 230816 198067 1191.08462  105    -          -  859.51832      -  30.1 3749s
 231043 198172  866.55596   44 3011          -  859.51832      -  30.2 3768s
 231247 198218  872.69440   56 3043          -  859.63340      -  30.3 3787s
 231396 198692  877.69215   65 3008          -  859.63340      -  30.4 3806s
 232066 199608  919.65646   88 2861          -  859.65916      -  30.7 3829s
 233369 200181  964.97979  107 3020          -  859.91141      -  31.4 3858s
 234654 200074 infeasible  108               -  859.91812      -  32.0 3882s
 234995 201412  971.20176  110 2960          -  860.01368      -  32.1 3905s
 236827 202551  947.68261   90 2392          -  860.18991      -  32.9 3933s
 238675 201995  862.41081   33 3055          -  860.28565      -  33.6 3936s
 238910 203778  956.84084   79 2422          -  860.28565      -  33.7 3962s
 241304 204853  972.25506   87 2657          -  860.41099      -  34.6 3992s
 242727 204487  998.79868   77 2834          -  860.41099      -  35.1 3995s
 243624 205861  924.60816   66 3021          -  860.62893      -  35.5 4023s
 245837 205350 1006.10218   80 1962          -  860.68893      -  36.3 4083s
 245897 205962  991.41050   80 1683          -  860.68893      -  36.3 4110s
 246684 207628  893.10803   44 2734          -  860.78133      -  36.5 4142s
 249259 208582  968.62862   68  672          -  860.92445      -  37.4 4177s
 251631 209101  864.55062   31 2995          -  861.01495      -  38.1 4206s
 253266 210254  924.48531   61 2686          -  861.10177      -  38.7 4234s
 254304 210007 infeasible   62               -  861.10177      -  39.1 4236s
 255402 211240 1031.73863   81 2817          -  861.21715      -  39.4 4264s
 255644 211179 1006.60982   78 2465          -  861.21715      -  39.5 4266s
 257502 212122  899.06852   57 2425          -  861.32313      -  40.0 4294s
 258456 211887  947.62692   55 2791          -  861.32313      -  40.3 4295s
 259428 213046  918.41237   51 2025          -  861.39527      -  40.6 4319s
 260191 212859  879.84967   46 2858          -  861.40719      -  40.8 4321s
 261375 214041  923.15609   48 2528          -  861.46813      -  41.2 4347s
 262092 213860  869.77067   36 2916          -  861.50260      -  41.4 4350s
 263227 214664  993.10902   80 1003          -  861.59110      -  41.7 4375s
 264967 215487  935.23390   43 1962          -  861.64880      -  42.2 4401s
 266277 215176 infeasible  104               -  861.69157      -  42.5 4406s
 266756 215958 infeasible   68               -  861.72075      -  42.6 4428s
 268015 216757  900.87074   55 2282          -  861.82187      -  43.1 4452s
 269701 217451  978.81362   63 2322          -  861.86831      -  43.5 4481s
 271322 218195  872.00151   37 2700          -  861.92851      -  43.9 4507s
 272956 218965  884.49659   47 2898          -  862.04342      -  44.3 4531s
 273806 218786  920.13763   61 2193          -  862.04342      -  44.5 4535s
 274589 219552  888.21181   51 2963          -  862.11582      -  44.7 4557s
 275795 220276  875.32815   39 2963          -  862.16359      -  45.1 4579s
 276756 220055  929.00394   65 2015          -  862.16359      -  45.3 4582s
 277255 220146  998.31247   59    -          -  862.22446      -  45.4 4601s
 277547 221116  920.42587   50 2682          -  862.22446      -  45.5 4624s
 277932 221032  959.32665   70 2297          -  862.22446      -  45.6 4625s
 278892 221828 infeasible   77               -  862.30826      -  45.9 4649s
 279579 221684  882.98765   44 2890          -  862.32319      -  46.1 4650s
 280327 221688  875.34333   41 2975          -  862.35686      -  46.3 4670s
 280619 222664  894.63954   50 2538          -  862.40789      -  46.3 4692s
 281965 223320  925.91100   63 1321          -  862.45760      -  46.7 4715s
 283387 223446  878.38798   42 2975          -  862.51631      -  47.0 4739s
 283937 223319  889.99121   48 2805          -  862.55945      -  47.2 4740s
 283998 224197  938.90148   69 2550          -  862.55945      -  47.2 4762s
 285246 223905  885.78906   44 2982          -  862.59195      -  47.5 4803s
 285254 224714  876.07148   44 3012          -  862.59195      -  47.5 4826s
 286376 225226 infeasible   58               -  862.65688      -  47.8 4852s
 287430 225773  905.93183   62 2536          -  862.65688      -  48.1 4875s
 288542 226380 1046.57277   70 1541          -  862.74556      -  48.4 4900s
 289885 226950  883.28310   34 2806          -  862.79602      -  48.7 4924s
 290424 226802  931.29717   62 2845          -  862.79669      -  48.8 4925s
 291051 227469  949.97601   66 1829          -  862.84456      -  49.0 4947s
 292216 227953 infeasible   41               -  862.91668      -  49.3 4974s
 293130 227723  916.01627   70 3000          -  862.98026      -  49.6 4976s
 293263 228624  877.15258   37 2910          -  862.99716      -  49.6 4996s
 294495 229112  883.84015   46 2819          -  863.03090      -  49.9 5017s
 295621 229565 1061.68596   79    -          -  863.10651      -  50.2 5039s
 295856 229510  915.29370   62 2626          -  863.10955      -  50.3 5040s
 296741 230093  909.98088   63 2403          -  863.15201      -  50.5 5064s
 297778 230686 1044.62986   81 2001          -  863.20855      -  50.8 5088s
 298945 231234 1093.09933   67    -          -  863.20855      -  51.0 5110s
 300024 231759  953.52082   56 2720          -  863.28276      -  51.3 5132s
 301097 232294  906.61104   48 2888          -  863.31846      -  51.6 5159s
 301748 232113 infeasible   69               -  863.31846      -  51.8 5161s
 302143 232691  959.38486   86  910          -  863.31846      -  51.9 5182s
 302316 232668 1204.60543   81 2119          -  863.31846      -  51.9 5185s
 303194 233200  890.21291   48 2657          -  863.36103      -  52.1 5207s
 304241 233724  917.17997   51 2690          -  863.43687      -  52.3 5232s
 305279 234367  911.96779   42 2374          -  863.48486      -  52.6 5254s
 305635 234303 infeasible   79               -  863.48486      -  52.6 5256s
 306556 234889  880.99704   38 2921          -  863.53524      -  52.8 5280s
 307695 235414  907.22864   50 2753          -  863.53524      -  53.0 5307s
 308913 235835  884.21530   44 2552          -  863.61564      -  53.2 5332s
 309918 236298  895.50775   53 2771          -  863.64630      -  53.4 5357s
 310561 236121  889.52210   39 2514          -  863.64630      -  53.6 5361s
 310836 236853  905.62649   58 2864          -  863.70062      -  53.7 5383s
 311785 236611 1118.51302   78  630          -  863.74277      -  53.9 5387s
 311909 237266  893.54850   48 2859          -  863.74277      -  53.9 5406s
 312873 237749  885.22649   43 3007          -  863.79125      -  54.1 5428s
 313889 237691  935.38113   61 2129          -  863.80551      -  54.4 5446s
 314115 238324 1001.69496   75 2603          -  863.82201      -  54.4 5470s
 315180 238758  880.47454   44 2931          -  863.85459      -  54.6 5493s
 316123 239323 infeasible   72               -  863.88225      -  54.8 5515s
 316972 239126  884.48049   39 2913          -  863.98361      -  55.0 5520s
 317170 239084  889.03845   46 2597          -  863.98829      -  55.0 5570s
 317178 239232  889.84659   47 2854          -  863.98829      -  55.0 5586s
 317362 239913  921.51591   54 2456          -  863.98829      -  55.1 5611s
 318152 239721  943.79313   69 2982          -  863.98829      -  55.2 5615s
 318362 240339  919.87514   75 2754          -  864.03099      -  55.3 5637s
 319352 240733  953.21485   72 2492          -  864.06477      -  55.5 5661s
 320343 240698 1009.56726   63  592          -  864.17144      -  55.7 5683s
 320629 241503  885.27765   39 2412          -  864.17144      -  55.7 5708s
 321638 241914 1090.50100   92  893          -  864.17144      -  55.9 5731s
 322720 242325  887.58371   46 2933          -  864.24070      -  56.1 5757s
 323610 242556  905.48237   42 2826          -  864.28056      -  56.3 5780s
 324213 243155 1085.13204   74 1517          -  864.30955      -  56.4 5802s
 325282 243515  919.26400   60 2852          -  864.35826      -  56.6 5828s
 325578 243453  933.57381   60 1949          -  864.35826      -  56.7 5830s
 326134 244000  932.17780   66 2115          -  864.39057      -  56.8 5852s
 327063 244399  878.40373   42 2851          -  864.44404      -  57.0 5873s
 327593 244296 1000.55958   69 1246          -  864.44404      -  57.1 5878s
 327941 244932  921.58957   49 2711          -  864.47531      -  57.1 5903s
 328580 244780  875.14247   34 3015          -  864.50425      -  57.2 5905s
 328935 245415  992.26357   86   20          -  864.53210      -  57.3 5929s
 329069 245392  923.81766   51 2750          -  864.53210      -  57.3 5930s
 330034 245810  884.00924   36 2965          -  864.58188      -  57.4 5953s
 330650 245651  903.94714   52 2729          -  864.58671      -  57.6 5955s
 330870 246317 1023.48380   77    -          -  864.60681      -  57.6 5980s
 331822 246785  907.35309   48 2460          -  864.68346      -  57.8 6000s
 332745 247186 1050.22149   57 2073          -  864.75634      -  58.0 6022s
 333660 247611  929.21249   71 2589          -  864.80561      -  58.2 6052s
 334549 248130 1022.24273   60 1494          -  864.82703      -  58.3 6077s
 335323 247949  924.79592   51 2582          -  864.85033      -  58.5 6082s
 335590 248615  912.67604   57 1320          -  864.85820      -  58.5 6105s
 336723 248994  877.80778   33 2951          -  864.91523      -  58.7 6132s
 337752 249446  959.59056   68  910          -  864.95582      -  58.8 6157s
 338329 249323 1037.06887   64  822          -  864.95582      -  58.9 6160s
 338674 249985  938.07346   56  822          -  865.00636      -  59.0 6183s
 339682 250354 infeasible   73               -  865.04144      -  59.1 6207s
 340255 250230  938.02740   81   96          -  865.04578      -  59.2 6211s
 340559 250739  901.23340   52 2789          -  865.04578      -  59.3 6232s
 341395 251146  919.49539   60 2797          -  865.15506      -  59.5 6257s
 342037 251005  923.59036   59 2881          -  865.16849      -  59.6 6260s
 342247 251581  909.04435   59 2127          -  865.17199      -  59.7 6282s
 343211 252026  925.44284   44 1293          -  865.19100      -  59.8 6308s
 344261 252296  890.66265   49 2910          -  865.21931      -  60.0 6335s
 345084 252659  907.76578   51 2759          -  865.24576      -  60.1 6361s
 345703 252505  869.19257   29 2967          -  865.24823      -  60.2 6414s
 345713 253035  877.50158   30 2853          -  865.25102      -  60.2 6436s
 346414 253488  921.43341   68 2376          -  865.26220      -  60.4 6462s
 347294 253815  931.34677   43 2337          -  865.32331      -  60.6 6488s
 348108 254228  895.19766   46 2876          -  865.35616      -  60.7 6512s
 348548 254137  917.37884   51 2673          -  865.36288      -  60.8 6515s
 348951 254769  923.87214   59 1972          -  865.38107      -  60.9 6541s
 349895 255202  936.06674   69 2494          -  865.40768      -  61.1 6569s
 350309 255098  927.33274   60 2261          -  865.40768      -  61.1 6571s
 350837 255585  952.29926   51 1493          -  865.44110      -  61.2 6596s
 351864 255973  902.84275   57 2953          -  865.44110      -  61.3 6622s
 352677 256416  913.48505   58 2694          -  865.44110      -  61.5 6645s
 353553 256840  911.53343   60 2809          -  865.57607      -  61.6 6674s
 353801 256776  954.43107   74 1800          -  865.57607      -  61.7 6675s
 354426 257302  935.88818   74 2551          -  865.61157      -  61.8 6700s
 355403 257607  886.89146   45 2850          -  865.63084      -  61.9 6729s
 355990 257472  974.36147   75 1243          -  865.64086      -  62.0 6730s
 356191 257913  954.73708   67 2685          -  865.66613      -  62.1 6752s
 356985 258184  897.54404   48 2850          -  865.67155      -  62.2 6776s
 357608 258659  983.47003   80  653          -  865.71340      -  62.3 6802s
 358491 258626  958.11399   73 1626          -  865.74079      -  62.4 6826s
 358748 259188  986.71743   86 1051          -  865.77488      -  62.4 6853s
 359570 259455  887.52597   49 2715          -  865.77752      -  62.6 6878s
 360083 259325  960.34894   44 1800          -  865.85110      -  62.7 6880s
 360251 259817 infeasible   83               -  865.85248      -  62.7 6904s
 360523 259745  920.23395   62 2846          -  865.85248      -  62.8 6905s
 361070 260134  940.88977   56  427          -  865.85704      -  62.9 6933s
 361934 260066  964.95582   50 1065          -  865.87475      -  63.0 6956s
 362131 260627  895.07635   45 2879          -  865.87475      -  63.0 6981s
 363057 260932  894.90502   56 3001          -  865.90596      -  63.2 7012s
 363830 261176  924.28455   86 2814          -  865.91366      -  63.3 7035s
 364453 261460  880.23454   37 2892          -  865.93586      -  63.5 7061s
 365044 261918  919.11824   70 2825          -  865.93586      -  63.6 7087s
 365852 261905  879.68979   45 2580          -  865.93586      -  63.7 7110s
 366082 262492  910.74484   53 2156          -  865.93586      -  63.8 7137s
 366243 262458  919.08876   52 1806          -  865.93586      -  63.8 7140s
 366971 262840 1008.90929   74    -          -  866.03890      -  63.9 7168s
 367193 262801  975.81740   66 1767          -  866.03890      -  63.9 7170s
 367804 263356  875.71532   40 2700          -  866.06546      -  64.0 7194s
 368167 263280  914.47821   66 2668          -  866.06546      -  64.1 7196s
 368767 263560  890.05800   56 2880          -  866.11401      -  64.1 7223s
 369325 264001 infeasible   73               -  866.12545      -  64.2 7250s
 370136 264272  951.27650   70 2643          -  866.13559      -  64.3 7276s
 370820 264649 infeasible   69               -  866.21126      -  64.4 7305s
 371626 264960  901.11276   53 2771          -  866.21522      -  64.6 7332s
 372327 265271 1014.02296   79  985          -  866.23044      -  64.7 7358s
 373034 265108 infeasible   62               -  866.26817      -  64.8 7404s
 373046 265616  952.70058   63 2233          -  866.26817      -  64.8 7429s
 373406 265522  876.67365   41 2979          -  866.26817      -  64.9 7432s
 373716 265980  967.53253   75 2275          -  866.26817      -  65.0 7462s
 374509 265836  884.50177   40 2776          -  866.27791      -  65.1 7465s
 374586 266307  891.15900   46 2468          -  866.27791      -  65.1 7489s
 374845 266243  965.26983   57 2093          -  866.27791      -  65.1 7490s
 375277 266379  966.97586   66 2411          -  866.33366      -  65.2 7513s
 375631 266915 1050.06101   93 1221          -  866.33366      -  65.3 7544s
 376409 266741 1101.08281   69    -          -  866.39065      -  65.4 7546s
 376532 267286  948.76151   61 1263          -  866.39065      -  65.4 7570s
 377361 267677  948.18594   64 1479          -  866.39065      -  65.5 7604s
 377476 267651 1071.83479   77   21          -  866.39065      -  65.5 7605s
 378247 268157  932.80234   52 2091          -  866.43182      -  65.6 7634s
 379149 268449  917.27579   63 2111          -  866.45447      -  65.7 7668s
 379686 268340 infeasible   99               -  866.48005      -  65.8 7670s
 380036 268855  940.72167   57 1926          -  866.49766      -  65.8 7698s
 380915 269255  892.42636   53 2750          -  866.52644      -  65.9 7725s
 381735 269628  926.92692   50 2645          -  866.52788      -  66.0 7761s
 382536 269983  925.67755   54 2241          -  866.59636      -  66.2 7795s
 383004 269877  972.62327   60 2170          -  866.59636      -  66.2 7800s
 383292 270438 infeasible   66               -  866.59636      -  66.3 7826s
 384198 270792  963.68821   71 1162          -  866.62176      -  66.4 7861s
 385094 271168  891.32161   42 2606          -  866.63247      -  66.5 7895s
 385882 271619  910.24324   62 2759          -  866.63247      -  66.6 7928s
 386854 271945  923.87682   68 2730          -  866.69358      -  66.7 7963s
 387248 271868  893.86967   48 2979          -  866.71368      -  66.8 7965s
 387649 272343  907.27840   49 2075          -  866.73521      -  66.8 7992s
 388490 272685  890.66556   49 2776          -  866.73521      -  66.9 8022s
 389257 273009  894.81456   39 2909          -  866.79941      -  67.0 8052s
 389965 273375  884.34659   37 2891          -  866.83725      -  67.1 8080s
 390753 273635  931.69203   51   79          -  866.84600      -  67.2 8109s
 391452 274025  910.87820   39 2815          -  866.88516      -  67.4 8141s
 392172 274400  902.17432   51 2684          -  866.88516      -  67.5 8173s
 393012 274753  925.08653   61 2780          -  866.92899      -  67.6 8208s
 393697 275039  897.13253   60 2872          -  866.92899      -  67.7 8234s
 393802 275004  961.81644   51 1946          -  866.92899      -  67.8 8235s
 394330 275457  966.85965   90 2762          -  866.97637      -  67.9 8264s
 395171 275709  898.36376   38 2665          -  867.02942      -  68.0 8295s
 395870 276203  886.60748   35 2952          -  867.06134      -  68.1 8326s
 396565 276063  945.93927   78 2994          -  867.08890      -  68.2 8331s
 396791 276019 infeasible   73               -  867.09388      -  68.2 8389s
 396808 276556  877.41735   41 2895          -  867.10389      -  68.2 8420s
 397626 276862  883.90999   42 2814          -  867.13128      -  68.3 8448s
 398253 277218  959.67654   76 1123          -  867.13128      -  68.4 8482s
 399056 277598  905.52276   54 2791          -  867.18136      -  68.5 8512s
 399654 277474  963.76329   60 2510          -  867.18517      -  68.6 8515s
 399823 277924  879.47618   32 2547          -  867.21062      -  68.6 8544s
 399897 277907  929.62880   50  830          -  867.21062      -  68.6 8545s
 400552 278290  909.54237   52 2523          -  867.21692      -  68.7 8580s
 401178 278129  984.60875   44 2223          -  867.26729      -  68.8 8585s
 401322 278597  933.24160   73 1964          -  867.26729      -  68.8 8614s
 401580 278538  916.37988   63 2855          -  867.26729      -  68.8 8615s
 402088 278938  929.49531   47 2207          -  867.26849      -  68.9 8645s
 402826 279300  912.42994   43 2226          -  867.30307      -  69.0 8679s
 403602 279561  995.10613   62 1414          -  867.36212      -  69.1 8720s
 404490 280027 1096.52644   65 1940          -  867.38477      -  69.2 8752s
 405225 279879  904.31120   50 2512          -  867.41015      -  69.2 8755s
 405320 279937  919.21763   65 2144          -  867.41015      -  69.2 8778s
 405456 280391  954.19855   71 1890          -  867.41015      -  69.3 8810s
 406182 280787  935.22082   56 2439          -  867.43881      -  69.4 8840s
 406923 281224  961.70788   73  368          -  867.43881      -  69.5 8874s
 407690 281036  912.35143   47 2582          -  867.48709      -  69.6 8877s
 407794 281541 1030.84050   67    -          -  867.48756      -  69.6 8911s
 408491 281383  915.57451   65 2660          -  867.49114      -  69.7 8916s
 408568 281442  900.61090   56 2233          -  867.49114      -  69.7 8938s
 408670 281414  900.74952   51 2839          -  867.51955      -  69.7 8940s
 408683 281902  915.63324   64  931          -  867.51955      -  69.7 8968s
 409358 282251  897.54043   73 2808          -  867.54696      -  69.8 9000s
 410056 282622 1021.25773   88  961          -  867.56016      -  69.9 9035s
 410785 283000  872.71809   41 2894          -  867.56016      -  70.0 9067s
 411155 282909 1006.40974   70 2132          -  867.56016      -  70.1 9071s
 411546 282925  888.51252   46 2666          -  867.60619      -  70.1 9097s
 411679 283407  892.84417   52 2709          -  867.60619      -  70.1 9131s
 412431 283803  885.91836   32 3021          -  867.63035      -  70.2 9163s
 413455 284275  883.12859   40 2950          -  867.64336      -  70.3 9204s
 413541 284246  921.14797   62 2794          -  867.64336      -  70.3 9205s
 414347 284540  884.59287   42 2850          -  867.64336      -  70.4 9237s
 414970 284510  947.72890   67 2654          -  867.66925      -  70.5 9267s
 415194 284962 1072.58922   83 1259          -  867.66925      -  70.5 9298s
 415838 285365  927.15325   56 2361          -  867.66925      -  70.6 9329s
 415932 285342  926.70250   53 2355          -  867.66925      -  70.6 9331s
 416634 285629  900.04517   61 2373          -  867.70865      -  70.7 9367s
 417237 285481 1066.91892   83 1901          -  867.71864      -  70.8 9370s
 417310 285871  949.38259   88 2281          -  867.71864      -  70.8 9400s
 417849 285758  888.12733   46 2935          -  867.74900      -  70.9 9405s
 417946 285919  910.56001   59 2727          -  867.75715      -  70.9 9432s
 418209 286213  933.08713   66 2618          -  867.75715      -  70.9 9462s
 418524 286131  921.20150   53 2541          -  867.75715      -  71.0 9465s
 418740 286601  902.87635   62 2820          -  867.76129      -  71.0 9495s
 419480 286934  928.43560   68 1478          -  867.81189      -  71.1 9531s
 420195 286790  967.41068   78  686          -  867.81261      -  71.2 9586s
 420205 287242  966.82232   76    -          -  867.83031      -  71.2 9619s
 420487 287174  921.90334   62 2724          -  867.83031      -  71.2 9620s
 420844 287625  891.51669   44 2874          -  867.83031      -  71.3 9650s
 421556 287915 infeasible   86               -  867.85711      -  71.4 9682s
 421983 287819  925.07795   52  612          -  867.85711      -  71.4 9686s
 422279 288153 1015.63030   83    -          -  867.90238      -  71.5 9719s
 422838 288532  907.73177   54 2908          -  867.90238      -  71.5 9751s
 423515 288851 1063.36073   84 1143          -  867.91228      -  71.6 9785s
 424250 289286  983.63703   73  836          -  867.97222      -  71.7 9823s
 424656 289191  898.27477   47 2926          -  867.97222      -  71.8 9825s
 425083 289596  903.91864   64 2995          -  868.00050      -  71.8 9863s
 425867 289917  926.80055   71 2563          -  868.02295      -  71.9 9897s
 426630 290216 1019.56756   82 1202          -  868.04635      -  72.0 9932s
 427250 290279 1011.92902   78 1358          -  868.04635      -  72.0 9960s
 427523 290634  895.58748   45 2811          -  868.08011      -  72.1 9997s
 428102 290502 1048.10993   61  825          -  868.08011      -  72.2 10000s
 428221 290946  887.11631   38 2676          -  868.08011      -  72.2 10033s
 428315 290931 1004.76879   65 1872          -  868.08011      -  72.2 10035s
 428951 291335  918.44464   44 2570          -  868.10985      -  72.3 10067s
 429679 291632  935.80850   58 2434          -  868.11735      -  72.4 10102s
 430344 291874  921.68835   64 1322          -  868.15356      -  72.4 10135s
 430962 292255  910.23737   45 2874          -  868.18472      -  72.6 10177s
 431790 292556 infeasible   62               -  868.18628      -  72.6 10217s
 431963 292514  891.98576   39 2762          -  868.18628      -  72.6 10220s
 432452 292864  879.10221   38 2959          -  868.23301      -  72.7 10254s
 432972 292736 infeasible   86               -  868.23960      -  72.8 10256s
 433131 293178  890.46991   37 2866          -  868.25436      -  72.8 10293s
 433492 293115  935.73202   65 2090          -  868.25436      -  72.9 10296s
 433863 293596  958.51378   54 2522          -  868.28769      -  72.9 10330s
 434598 293937  944.76498   53 2128          -  868.32892      -  73.0 10363s
 434952 293854  883.03537   43 2964          -  868.32892      -  73.0 10368s
 435326 294273  924.37124   51 2616          -  868.32892      -  73.1 10405s
 435820 294140  909.05399   59 2686          -  868.32892      -  73.1 10411s
 435984 294563 1069.48598   74 1596          -  868.32892      -  73.2 10447s
 436621 294426 infeasible  100               -  868.37036      -  73.2 10450s
 436722 294851 infeasible   77               -  868.37036      -  73.2 10483s
 437232 294723  882.62486   37 2870          -  868.38241      -  73.3 10485s
 437371 295128  882.93742   46 2993          -  868.38241      -  73.3 10520s
 437954 295459  943.66007   68 2667          -  868.38541      -  73.4 10556s
 438538 295355  929.61153   58 2405          -  868.41513      -  73.5 10561s
 438783 295802  990.54643   58 2161          -  868.42799      -  73.5 10599s
 438877 295788  900.27847   62 2793          -  868.42799      -  73.5 10600s
 439539 295667  918.55313   59 2808          -  868.44649      -  73.6 10676s
 439547 296123  918.92227   60 2817          -  868.44649      -  73.6 10716s
 439728 296077 1044.27011   90    -          -  868.44806      -  73.6 10720s
 440264 296505  900.57595   65 2866          -  868.46426      -  73.7 10754s
 440534 296451  886.93789   49 2887          -  868.46426      -  73.7 10755s
 441014 296743  887.14339   51 2914          -  868.46426      -  73.7 10789s
 441183 296704 1005.22738   48 2560          -  868.47327      -  73.8 10791s
 441630 297152  902.10150   42 2794          -  868.48936      -  73.8 10829s
 442345 297463 infeasible   59               -  868.49758      -  73.9 10865s
 443085 297811  907.02586   42 2823          -  868.53133      -  74.0 10902s
 443868 298097  911.06084   48 2744          -  868.56654      -  74.1 10944s
 444114 298042  885.29299   50 2836          -  868.56654      -  74.1 10945s
 444529 298326  913.07643   71 2950          -  868.56766      -  74.2 10979s
 444912 298237 infeasible   82               -  868.58499      -  74.2 10981s
 445120 298641  927.62758   49 2353          -  868.59063      -  74.3 11015s
 445738 298982  895.65334   40 2913          -  868.61159      -  74.4 11051s
 446516 299336  939.90729   56 2126          -  868.62713      -  74.4 11088s
 447189 299578  937.38400   61 2851          -  868.63124      -  74.5 11121s
 447814 299981  903.90647   45 2605          -  868.68330      -  74.6 11163s
 448582 300265  940.15255   53 1081          -  868.69292      -  74.7 11199s
 448876 300190  876.10597   40 2863          -  868.69292      -  74.8 11201s
 449246 300560  989.75353   59 2457          -  868.70736      -  74.8 11234s
 449352 300549  934.53613   79 2997          -  868.70736      -  74.8 11236s
 449958 300895  909.56756   63 1968          -  868.73932      -  74.9 11274s
 450491 300747  922.25954   66 1795          -  868.74891      -  75.0 11275s
 450601 301269  926.00375   46 2935          -  868.74891      -  75.0 11308s
 451364 301595  937.49901   54  760          -  868.77696      -  75.0 11344s
 452098 301946 infeasible   52               -  868.80869      -  75.1 11385s
 452845 302308  953.47380   70  986          -  868.82370      -  75.2 11421s
 453666 302562  901.64300   56 2995          -  868.84761      -  75.2 11457s
 454219 302840  961.23118   64 1240          -  868.85182      -  75.4 11490s
 454893 303216 infeasible   89               -  868.87153      -  75.4 11529s
 455158 303145  904.56670   54 2633          -  868.87153      -  75.5 11530s
 455601 303526  943.44968   69 1376          -  868.87153      -  75.5 11564s
 455969 303432  907.97864   43 2902          -  868.87153      -  75.5 11565s
 456318 303925  908.11279   55 1669          -  868.87153      -  75.6 11601s
 457147 303869  902.97848   50 2680          -  868.94181      -  75.6 11638s
 457330 304329  955.83586   58 2040          -  868.94181      -  75.6 11677s
 458058 304668 infeasible   66               -  868.95646      -  75.7 11715s
 458570 304562  908.36776   51 2762          -  868.98280      -  75.7 11720s
 458859 304910  906.20403   60 2269          -  868.99135      -  75.8 11755s
 459417 305194  919.04019   61 2721          -  868.99135      -  75.8 11792s
 460062 305466 1161.28793   80  259          -  869.02055      -  75.9 11832s
 460679 305415  875.57613   41 2963          -  869.02055      -  76.0 11862s
 460802 305385  889.92118   51 2239          -  869.02055      -  76.0 11933s
 460811 305787  890.79315   52 2326          -  869.02055      -  76.0 11970s
 461432 306119  915.61978   68 2244          -  869.02210      -  76.1 12008s
 462067 306385  944.64328   65 1669          -  869.06697      -  76.2 12044s
 462404 306305  961.77719   50 2536          -  869.07682      -  76.2 12047s
 462698 306644  918.82534   64 2436          -  869.08139      -  76.3 12078s
 463231 306953  930.89007   71 1317          -  869.08264      -  76.4 12118s
 463356 306928  977.39607   74 2794          -  869.08264      -  76.4 12121s
 463930 306911  894.45407   49 2473          -  869.09131      -  76.4 12149s
 464063 307279  930.81016   57 2049          -  869.09131      -  76.4 12184s
 464706 307643  932.61058   59 2873          -  869.12399      -  76.5 12220s
 465366 307925  906.13136   48 1587          -  869.14969      -  76.6 12260s
 465980 308252  903.76668   43 2673          -  869.14969      -  76.7 12298s
 466239 308202  899.05951   32 2852          -  869.16101      -  76.7 12301s
 466676 308505  890.61177   50 2808          -  869.19565      -  76.8 12337s
 467256 308469  939.83844   73 2866          -  869.20220      -  76.8 12363s
 467372 308855 infeasible   76               -  869.20545      -  76.9 12400s
 467715 308799 1034.31657   78 2221          -  869.20545      -  76.9 12405s
 468006 309167  971.35667   63 1594          -  869.21701      -  76.9 12442s
 468587 309467 1088.07190   73    -          -  869.22354      -  77.0 12485s
 469300 309591  916.40511   63 2339          -  869.23392      -  77.1 12520s
 469725 309928  967.29651   84 1839          -  869.26233      -  77.2 12558s
 470224 309809  926.39614   60 2363          -  869.26848      -  77.2 12560s
 470444 309976  885.60122   42 2890          -  869.27765      -  77.2 12608s
 470757 310329  937.12670   59 2063          -  869.27765      -  77.3 12649s
 470859 310312  879.59841   40 2858          -  869.27765      -  77.3 12650s
 471328 310592  906.52212   61 2766          -  869.27765      -  77.4 12688s
 471922 310867  979.07125   90 2493          -  869.34022      -  77.4 12731s
 472453 311131  922.42931   61 2414          -  869.34022      -  77.5 12773s
 473040 311379  874.97604   40 2966          -  869.34968      -  77.6 12819s
 473100 311359  945.60126   70 1890          -  869.34968      -  77.6 12820s
 473586 311584  952.71542   76  345          -  869.34968      -  77.7 12859s
 474006 311488  933.71791   68  755          -  869.37841      -  77.8 12862s
 474061 311950  928.72839   58  522          -  869.37841      -  77.8 12902s
 474704 312238 1004.09873   47 2527          -  869.38629      -  77.8 12946s
 475340 312497  909.21139   49 2847          -  869.38629      -  77.9 12988s
 475817 312395  911.79848   62 2991          -  869.41465      -  77.9 12995s
 475911 312791  918.12051   57 2425          -  869.41465      -  78.0 13043s
 476489 313140 1019.61346   57 1265          -  869.41465      -  78.1 13087s
 476722 313083  892.08855   48 2949          -  869.41465      -  78.1 13090s
 477163 312992  937.13027   60 2129          -  869.43228      -  78.1 13175s
 477180 313397 infeasible   59               -  869.43344      -  78.1 13219s
 477434 313351  916.36435   51 2722          -  869.45108      -  78.1 13223s
 477824 313695  894.54921   40 2844          -  869.45300      -  78.2 13267s
 478022 313649  920.03416   44 2512          -  869.45300      -  78.2 13270s
 478227 313610 1042.77960  101 1247          -  869.45300      -  78.2 13275s
 478447 313999  880.28315   39 3025          -  869.45300      -  78.3 13313s
 478675 313942  892.91633   40 2951          -  869.45300      -  78.3 13315s
 479017 314305 1013.13996   68 1175          -  869.47648      -  78.3 13359s
 479191 314263 1012.20666   79 1191          -  869.49752      -  78.4 13360s
 479633 314589 1009.62242   83  118          -  869.51178      -  78.4 13400s
 480279 314830 infeasible   92               -  869.54453      -  78.5 13448s
 480905 315092  904.13376   60 2917          -  869.54619      -  78.6 13486s
 481505 315371  903.85648   49 2873          -  869.56698      -  78.7 13530s
 482077 315610  903.60679   64 2220          -  869.56919      -  78.7 13573s
 482472 315525 1037.60618   85 1519          -  869.56919      -  78.8 13575s
 482691 315874  886.53021   47 2886          -  869.57940      -  78.8 13613s
 483267 316169  881.75739   35 2806          -  869.58793      -  78.9 13652s
 483962 316466  884.67520   46 2869          -  869.60184      -  78.9 13702s
 484644 316836  970.17413   84   96          -  869.60946      -  79.0 13750s
 485596 317138 1020.76863   65   68          -  869.63287      -  79.0 13795s
 486257 317375  907.30285   57 2802          -  869.63287      -  79.1 13841s
 486928 317713  920.77970   63 2791          -  869.63287      -  79.2 13885s
 487699 317951  961.74041   70 1921          -  869.67203      -  79.2 13929s
 487829 317910 infeasible   97               -  869.67203      -  79.2 13930s
 488228 318050  946.50508   68 2453          -  869.67321      -  79.3 13964s
 488490 318001  971.55016   51 1988          -  869.67737      -  79.3 13970s
 488588 318479  885.26386   43 2876          -  869.67737      -  79.3 14015s
 489292 318812 infeasible   73               -  869.67737      -  79.4 14060s
 489957 319055  884.10946   37 2927          -  869.71634      -  79.4 14103s
 490597 319342  899.35309   45 2816          -  869.71634      -  79.5 14153s
 490925 319270 1004.53446   79 1436          -  869.71634      -  79.6 14160s
 491268 319571 1012.93007   79  697          -  869.73876      -  79.6 14206s
 491804 319918  933.42797   59 2770          -  869.75474      -  79.7 14265s
 492541 320235  919.29888   51 2985          -  869.77793      -  79.7 14307s
 493166 320572  924.76554   47 2883          -  869.79061      -  79.8 14351s
 493851 320898  919.81983   69 2869          -  869.79196      -  79.9 14399s
 494451 320760  887.34269   47 3002          -  869.80732      -  79.9 14403s
 494496 321150  881.60600   45 2971          -  869.80732      -  79.9 14441s
 495141 321472  907.53633   62 2798          -  869.80732      -  80.0 14496s
 495534 321368  978.60645   61  999          -  869.80732      -  80.0 14501s
 495781 321803  922.61285   62 2411          -  869.80732      -  80.1 14556s
 496318 321693  895.11338   50 2644          -  869.84158      -  80.1 14560s
 496537 322074  892.14420   36 2712          -  869.84818      -  80.1 14606s
 497091 321968  880.54584   41 2983          -  869.84940      -  80.2 14615s
 497159 321958  887.65462   40 2700          -  869.84940      -  80.2 14684s
 497168 322359  891.71271   39 2881          -  869.84940      -  80.2 14729s
 497768 322704  914.89595   43 2633          -  869.86283      -  80.3 14782s
 498453 323060  937.62362   59   18          -  869.86283      -  80.3 14831s
 499125 322930  897.51475   44 2780          -  869.87967      -  80.4 14835s
 499228 323361  918.81234   67 2266          -  869.87967      -  80.4 14886s
 500034 323728  905.99030   59 2456          -  869.88716      -  80.4 14941s
 500790 324050  931.50876   57 2897          -  869.89696      -  80.5 14992s
 501453 323898  884.68339   42 2876          -  869.90591      -  80.5 14996s
 501525 324287  879.71830   36 2763          -  869.90591      -  80.5 15038s
 501725 324238 1045.52377   85  122          -  869.91529      -  80.5 15041s
 502132 324537  873.87398   42 2949          -  869.92236      -  80.6 15090s
 502681 324851  902.39991   71 2384          -  869.92293      -  80.7 15136s
 503309 325124  960.63106   64 2860          -  869.93761      -  80.7 15183s
 503903 325408  899.23276   53 2913          -  869.93915      -  80.8 15234s
 504545 325633  880.24744   42 2986          -  869.93915      -  80.9 15291s
 505093 326047  881.30999   44 2924          -  869.96268      -  81.0 15342s
 505897 326247 1113.36454   84 1194          -  869.97977      -  81.0 15390s
 506516 326504  994.96831   66  586          -  870.00464      -  81.1 15433s
 506772 326459  892.17913   45 2765          -  870.00464      -  81.1 15435s
 507133 326834  933.83287   76 2794          -  870.01051      -  81.1 15478s
 507833 327165  932.60495   61 2401          -  870.03862      -  81.2 15520s
 508470 327366  922.21067   67 1939          -  870.04596      -  81.3 15563s
 508629 327334 1005.97806   72 2837          -  870.04625      -  81.3 15568s
 508857 327292 infeasible   86               -  870.05467      -  81.3 15570s
 509035 327601  960.74364   63 2369          -  870.05987      -  81.3 15606s
 509597 327962  902.37980   66 2714          -  870.06887      -  81.4 15653s
 510281 328241  896.70742   45 2914          -  870.06887      -  81.5 15699s
 510948 328217  890.93627   46 2020          -  870.09703      -  81.5 15743s
 511129 328640  930.37761   55 1035          -  870.09703      -  81.5 15787s
 511741 328870  911.38009   60 2902          -  870.10843      -  81.6 15826s
 512271 329212  886.09569   45 2812          -  870.10843      -  81.7 15870s
 512960 329502  915.54592   69 2304          -  870.12256      -  81.7 15918s
 513627 329724  884.37759   42 2937          -  870.13882      -  81.8 15957s
 514124 329589  913.55072   65 2807          -  870.13882      -  81.9 16031s
 514132 330012 1053.82199   65 2418          -  870.13882      -  81.9 16077s
 514764 329981  894.94985   40 2837          -  870.13882      -  81.9 16120s
 514938 330439  915.21203   48  783          -  870.17466      -  81.9 16167s
 515660 330678  894.56130   52 2829          -  870.17466      -  82.0 16213s
 516044 330584  893.74080   44 2932          -  870.18073      -  82.0 16216s
 516352 330952 1053.26029   71 2357          -  870.20810      -  82.0 16257s
 516742 330887  909.40328   44 2818          -  870.20810      -  82.1 16261s
 517065 331234  875.60399   41 3028          -  870.22411      -  82.1 16308s
 517735 331509  910.94047   37 2848          -  870.23493      -  82.1 16348s
 518301 331617  916.92220   45 1765          -  870.23493      -  82.2 16396s
 518644 331944  884.09915   46 2941          -  870.23493      -  82.2 16436s
 519196 332202  899.34000   44 2825          -  870.24754      -  82.3 16480s
 519775 332475  892.65325   48 2896          -  870.27826      -  82.4 16528s
 519945 332429 infeasible   86               -  870.27826      -  82.4 16534s
 520366 332514  940.11255   68 2262          -  870.29678      -  82.4 16575s
 520615 332456  993.60491   57  891          -  870.30141      -  82.5 16582s
 520649 332882  908.13114   46 2897          -  870.30141      -  82.5 16626s
 521245 333159  925.46730   60 2097          -  870.30141      -  82.5 16666s
 521827 333149  898.03656   38 2971          -  870.30141      -  82.6 16702s
 522124 333522  968.62538   51 1285          -  870.32748      -  82.6 16748s
 522679 333713  978.24613   71 2038          -  870.34351      -  82.7 16791s
 523230 334020  896.34553   49 2871          -  870.34624      -  82.7 16840s
 523776 333904 1030.54775   78 1405          -  870.36738      -  82.8 16847s
 523836 334219  914.33161   49 2719          -  870.36738      -  82.8 16887s
 524326 334193  954.36480   67 2499          -  870.36738      -  82.8 16924s
 524474 334350  893.98620   43 2719          -  870.36738      -  82.9 16960s
 524735 334482  912.83800   57 2810          -  870.36738      -  82.9 17003s
 525052 334837  951.70662   65 2056          -  870.36738      -  82.9 17051s
 525373 334775  874.47508   46 2947          -  870.38789      -  82.9 17055s
 525752 335184  911.73493   47 2260          -  870.39718      -  83.0 17105s
 526540 335334  912.89681   54 2972          -  870.41965      -  83.0 17154s
 526619 335313  912.23974   35 2750          -  870.41965      -  83.0 17155s
 526909 335656  964.62962   72 2093          -  870.41965      -  83.1 17197s
 527467 335533 1031.49813   81 1616          -  870.41965      -  83.1 17200s
 527550 335878 infeasible   67               -  870.42109      -  83.1 17249s
 528256 335791 1032.08384   70 1174          -  870.44759      -  83.1 17329s
 528272 336195 1033.41028   70   91          -  870.44759      -  83.1 17379s
 528503 336173  943.53425   68 2538          -  870.45948      -  83.1 17380s
 529003 336411  889.28280   44 2959          -  870.45948      -  83.2 17427s
 529480 336648 1017.81875   82 1227          -  870.47710      -  83.2 17471s
 530076 336945  883.21515   38 3019          -  870.49008      -  83.3 17522s
 530683 337274  915.71731   56 2778          -  870.49035      -  83.3 17576s
 531364 337126  920.80127   55 1150          -  870.50415      -  83.4 17581s
 531462 337439  881.83497   45 2929          -  870.50415      -  83.4 17623s
 531926 337690  986.85450   78  969          -  870.51089      -  83.4 17674s
 531995 337677  922.72017   63 2815          -  870.51089      -  83.4 17675s
 532478 338048  907.01140   51 2907          -  870.52540      -  83.5 17728s
 532807 337973  917.23467   59 2881          -  870.52731      -  83.5 17730s
 533171 338393  892.15968   46 2810          -  870.52731      -  83.6 17782s
 533953 338696  915.46599   38 2713          -  870.54617      -  83.6 17835s
 534712 338942  877.03478   36 2941          -  870.54736      -  83.6 17889s
 534801 338917  897.40262   48 2693          -  870.54736      -  83.6 17890s
 535377 339254 1002.83064   76 2164          -  870.54736      -  83.7 17934s
 535555 339207  894.17877   60 2871          -  870.54736      -  83.7 17936s
 536052 339461  904.79666   55 2921          -  870.54736      -  83.7 17983s
 536544 339704  900.43559   43 2900          -  870.54736      -  83.8 18029s
 537091 339611  896.09336   53 2830          -  870.58661      -  83.8 18033s
 537165 340120  884.05044   43 2922          -  870.58661      -  83.8 18080s
 537883 340369  996.65180   82  478          -  870.58682      -  83.9 18128s
 538257 340318 infeasible   77               -  870.59943      -  83.9 18131s
 538585 340693  909.91801   44 2749          -  870.60534      -  83.9 18175s
 539309 340962  888.19214   50 2983          -  870.60868      -  84.0 18229s
 540064 341289  912.89587   78 2796          -  870.60868      -  84.0 18278s
 540776 341554  895.84267   45 2812          -  870.60868      -  84.0 18322s
 541387 341767  974.33174   90  448          -  870.62490      -  84.1 18372s
 541962 342138 infeasible   57               -  870.62490      -  84.1 18421s
 542642 342380 infeasible   78               -  870.66719      -  84.2 18484s
 542954 342316  929.07661   62 2220          -  870.66719      -  84.2 18487s
 543235 342673  946.11906   66 2862          -  870.66719      -  84.2 18534s
 543458 342621  913.93363   58 1848          -  870.66893      -  84.2 18535s
 543918 343034  968.84493   61  975          -  870.69329      -  84.3 18592s
 544657 343276  875.86068   41 2914          -  870.69591      -  84.3 18645s
 545268 343128 infeasible   82               -  870.69591      -  84.4 18739s
 545289 343482  875.98699   39 2878          -  870.69591      -  84.4 18785s
 545808 343738 1066.45350   78    -          -  870.71906      -  84.4 18843s
 546115 343654  971.86200   55    -          -  870.71906      -  84.5 18845s
 546375 344024  965.68558   73 2383          -  870.71906      -  84.5 18892s
 546905 344273  901.57471   59 3052          -  870.71906      -  84.6 18945s
 547482 344572 1215.19962   73 1535          -  870.74353      -  84.6 18997s
 548247 344978  951.51591   81 1703          -  870.75749      -  84.7 19057s
 548386 344956  886.71970   51 2911          -  870.75749      -  84.6 19062s
 549072 345111  995.95516   73 1851          -  870.77760      -  84.7 19113s
 549136 345098 1019.83084   63  538          -  870.77760      -  84.7 19115s
 549613 345439  918.65594   40 2651          -  870.78799      -  84.7 19162s
 550108 345693  963.35052   87 1342          -  870.78799      -  84.8 19208s
 550548 345581 infeasible   61               -  870.79661      -  84.8 19210s
 550676 345946  936.60874   64 2549          -  870.79661      -  84.9 19261s
 551312 346148  901.39067   43 2915          -  870.81595      -  84.9 19311s
 551904 346379  951.83205   65 1896          -  870.82092      -  85.0 19364s
 552578 346686  957.97933   39 2405          -  870.83396      -  85.0 19412s
 553093 346559  909.42586   54 2786          -  870.83658      -  85.1 19415s
 553208 347029  906.28517   50 2361          -  870.83658      -  85.1 19471s
 553897 347327  897.44654   41 2770          -  870.85580      -  85.1 19520s
 554247 347236  897.50324   58 3012          -  870.86256      -  85.1 19525s
 554551 347541  898.08508   51 3034          -  870.87179      -  85.1 19572s
 555045 347779 1055.58571   60 1101          -  870.87537      -  85.2 19621s
 555622 347982  933.71364   71 2543          -  870.88836      -  85.3 19672s
 556140 348228  925.13488   49 2500          -  870.90565      -  85.3 19720s
 556441 348160  889.83101   53 2985          -  870.90790      -  85.4 19725s
 556698 348503  931.85173   53 2388          -  870.91134      -  85.4 19772s
 557264 348809  886.71212   41 2935          -  870.92624      -  85.5 19830s
 557935 349098  884.91345   43 2822          -  870.94393      -  85.5 19877s
 558550 349412  959.36577   68 2133          -  870.94393      -  85.6 19928s
 559081 349317  896.15639   53 2582          -  870.96123      -  85.6 19932s
 559273 349713  970.24516   43 1751          -  870.96887      -  85.6 19986s
 559882 349987  933.52600   62 2110          -  870.96887      -  85.6 20037s
 560033 349964  956.81173   69 2198          -  870.96887      -  85.7 20040s
 560531 350370  890.50590   45 2751          -  870.99985      -  85.7 20096s
 561283 350603  898.34895   42 2187          -  871.01110      -  85.7 20153s
 561851 350468  903.82171   45 2711          -  871.01512      -  85.8 20228s
 561866 350896  905.69086   46 2907          -  871.01773      -  85.8 20279s
 562509 351124  909.20604   47 2589          -  871.02254      -  85.8 20328s
 562975 351444 1047.65194   69 1206          -  871.02254      -  85.9 20380s
 563690 351651  999.29628   89  985          -  871.02970      -  85.9 20441s
 564202 351541 infeasible   96               -  871.02970      -  86.0 20445s
 564273 351959 infeasible   72               -  871.02970      -  86.0 20495s
 564882 352205  981.21115   71 2501          -  871.05374      -  86.0 20552s
 564975 352190 1008.16191   59 2606          -  871.05374      -  86.0 20555s
 565486 352444  971.07657   60  585          -  871.06156      -  86.1 20605s
 566024 352730  911.43948   66 2778          -  871.07270      -  86.1 20662s
 566681 352990  972.99679   53 1304          -  871.07270      -  86.2 20717s
 567273 353235  884.37717   44 2877          -  871.10132      -  86.2 20768s
 567405 353205  897.87800   56 2909          -  871.10132      -  86.2 20772s
 567865 353491  901.10622   41 2600          -  871.10903      -  86.3 20824s
 568290 353405  881.19435   40 3003          -  871.10903      -  86.3 20826s
 568417 353656  878.53968   43 3003          -  871.10903      -  86.4 20872s
 568878 354002  905.84907   55 2875          -  871.10903      -  86.4 20938s
 569463 353976  884.26108   46 2833          -  871.12587      -  86.5 20987s
 569708 354321  891.54470   56 2786          -  871.13091      -  86.5 21038s
 570239 354616  929.17554   70 1641          -  871.13091      -  86.5 21100s
 570861 354888  928.13528   74 1606          -  871.15792      -  86.6 21153s
 571405 355234  932.08808   60 1724          -  871.16309      -  86.6 21215s
 571588 355188  948.90624   68 2797          -  871.16309      -  86.6 21220s
 572248 355487 1067.57086   76  377          -  871.16870      -  86.6 21282s
 572451 355458  953.69512   40 2408          -  871.16870      -  86.6 21285s
 572943 355690 1040.03913   63 1431          -  871.17774      -  86.7 21337s
 573428 355714  923.57984   66 2755          -  871.18636      -  86.7 21380s
 573583 356100  975.53196   76 2508          -  871.19230      -  86.8 21434s
 573691 356081  888.22556   49 2654          -  871.19940      -  86.8 21436s
 574226 356343  905.30514   44 2853          -  871.19940      -  86.8 21494s
 574579 356245 1004.26547   87 2225          -  871.20180      -  86.9 21495s
 574721 356664 infeasible   69               -  871.21441      -  86.9 21555s
 575415 356936  931.92278   51 2232          -  871.24168      -  86.9 21610s
 576086 356777  949.36841   45 2652          -  871.25957      -  87.0 21698s
 576094 357109  885.51689   44 2490          -  871.25957      -  87.0 21749s
 576162 357090  930.83459   56 2288          -  871.25957      -  87.0 21750s
 576597 357286 infeasible   79               -  871.25957      -  87.0 21795s
 577027 357266  994.98995   60   36          -  871.25957      -  87.1 21838s
 577159 357625 1008.46882   71 1868          -  871.25957      -  87.1 21894s
 577735 357918  960.31190   68 1765          -  871.25957      -  87.1 21948s
 578344 358141  968.60896   52 1520          -  871.28013      -  87.2 22012s
 578825 358406  903.19621   51 2986          -  871.29478      -  87.2 22066s
 579413 358606  972.99452   72 1898          -  871.29478      -  87.3 22125s
 579914 358632  914.54513   58 2296          -  871.30915      -  87.4 22172s
 580155 358781  919.05075   62 1085          -  871.30963      -  87.4 22218s
 580231 358765 1040.74888   69 1461          -  871.30963      -  87.4 22227s
 580457 359019  960.83546   72 2066          -  871.31804      -  87.4 22280s
 580925 359392  923.20918   42 2311          -  871.31833      -  87.5 22336s
 581582 359677  918.33189   65  313          -  871.33472      -  87.5 22396s
 582078 359576 1004.77609   86    -          -  871.33472      -  87.5 22402s
 582327 359940  931.53419   54 2568          -  871.34865      -  87.6 22461s
 582744 359860  918.72825   54 2484          -  871.34865      -  87.6 22466s
 582959 360266  897.52026   45 2873          -  871.36388      -  87.6 22519s
 583209 360201  975.36134   56 2475          -  871.36412      -  87.6 22521s
 583571 360251 1069.08678   76 2363          -  871.36412      -  87.6 22567s
 583788 360691 1070.09292   81 1992          -  871.36758      -  87.6 22630s
 584497 360903 1044.65853   75  444          -  871.37860      -  87.6 22688s
 585040 361227 infeasible   71               -  871.38540      -  87.7 22744s
 585693 361432  902.33351   61 2864          -  871.39922      -  87.7 22806s
 586256 361761  898.61711   47 2973          -  871.41065      -  87.8 22864s
 586778 361638  892.80513   33 2840          -  871.41065      -  87.8 22868s
 586957 362031  914.84684   47 2828          -  871.41065      -  87.8 22935s
 587611 362107  918.05185   56 3004          -  871.41065      -  87.9 22990s
 587936 362379  918.96809   64 2743          -  871.42748      -  87.9 23042s
 588466 362613  991.90728   84 1404          -  871.43778      -  88.0 23100s
 588785 362528 infeasible   69               -  871.44102      -  88.0 23105s
 588970 362848  908.42847   60 2721          -  871.44102      -  88.0 23157s
 589552 362708  901.59891   57 2989          -  871.46128      -  88.1 23257s
 589561 363079  897.22785   59 1521          -  871.46128      -  88.1 23317s
 590069 363292  974.37915   77 1930          -  871.46187      -  88.1 23377s
 590320 363229  903.49329   56 2784          -  871.46538      -  88.1 23381s
 590554 363597  889.28703   45 2783          -  871.47044      -  88.2 23442s
 591160 363818  915.53700   50 2922          -  871.47876      -  88.2 23510s
 591760 364072 infeasible   67               -  871.48162      -  88.2 23575s
 592376 364325  931.05773   49 1111          -  871.48177      -  88.3 23637s
 592978 364583  975.63492   57  431          -  871.51013      -  88.3 23702s
 593349 364489  898.22281   49 2470          -  871.52461      -  88.4 23706s
 593585 364861  914.87622   57 2537          -  871.52990      -  88.4 23760s
 594143 365101  886.63204   46 2987          -  871.53390      -  88.4 23824s
 594209 365079  907.53569   64 2837          -  871.53390      -  88.4 23825s
 594748 365384  898.26386   51 2858          -  871.54598      -  88.5 23885s
 595361 365534  906.66155   49 2201          -  871.55090      -  88.5 23943s
 595804 365785  908.65847   55 1306          -  871.55090      -  88.6 23999s
 595972 365736  917.51168   59 2909          -  871.55090      -  88.6 24000s
 596331 365961  978.54234   70 1470          -  871.55090      -  88.6 24062s
 596800 366133  916.42614   50 2854          -  871.57076      -  88.7 24119s
 597179 366069  938.36983   52 1603          -  871.58152      -  88.7 24121s
 597403 366361 infeasible   87               -  871.59296      -  88.7 24184s
 597969 366615  917.62917   39 2945          -  871.59819      -  88.8 24245s
 598350 366526  885.76317   45 2907          -  871.59819      -  88.8 24253s
 598505 366886  879.22184   48 2806          -  871.59819      -  88.8 24306s
 599059 366998  900.58555   65 2613          -  871.59819      -  88.9 24361s
 599468 367238  878.05697   38 2986          -  871.62344      -  88.9 24413s
 599857 367146 1066.69022   71 2257          -  871.62344      -  89.0 24417s
 599932 367328  962.29159   56 1113          -  871.62344      -  89.0 24470s
 600212 367734  888.07533   39 2944          -  871.62344      -  89.0 24535s
 600514 367656 1058.92294   79 1040          -  871.62344      -  89.0 24542s
 600883 367975 1036.32852   92    -          -  871.64527      -  89.0 24606s
 601517 368244 infeasible   73               -  871.65246      -  89.1 24669s
 602074 368507  902.39312   57 2781          -  871.65246      -  89.1 24734s
 602643 368376 infeasible   84               -  871.66174      -  89.2 24815s
 602681 368751 1009.24596   84 1321          -  871.66361      -  89.2 24872s
 603261 369031  939.15859   62  841          -  871.66361      -  89.2 24936s
 603926 369309  990.12310   99  746          -  871.68686      -  89.3 24999s
 604263 369213  895.86179   61 2839          -  871.68686      -  89.3 25001s
 604534 369524  883.09449   38 2880          -  871.68686      -  89.3 25060s
 604884 369442  888.16564   41 2956          -  871.70149      -  89.4 25065s
 605044 369785 infeasible   81               -  871.70501      -  89.4 25127s
 605659 370047  906.46489   45 2914          -  871.71699      -  89.4 25193s
 606290 370308 1005.95556   75   12          -  871.71793      -  89.5 25250s
 606764 370205  903.43975   41 2904          -  871.73066      -  89.5 25255s
 606896 370639  968.23330   60 2491          -  871.73066      -  89.5 25313s
 607070 370595  907.66478   46 2891          -  871.73066      -  89.5 25315s
 607539 370863  911.83627   65 2872          -  871.73066      -  89.6 25381s
 608113 371209 1054.42698   79 1563          -  871.74734      -  89.6 25455s
 608841 371542  880.73902   36 3054          -  871.74734      -  89.6 25527s
 609515 371811 infeasible   81               -  871.74734      -  89.7 25589s
 609715 371765  921.95321   65 2632          -  871.76954      -  89.7 25591s
 610128 372072  913.81529   38 2959          -  871.79312      -  89.7 25662s
 610763 372323  906.93576   60 2834          -  871.80854      -  89.7 25734s
 610976 372270  901.45054   55 1443          -  871.80977      -  89.7 25737s
 611293 372614  886.93721   47 3029          -  871.81716      -  89.8 25806s
 611863 372479 1036.25236   89 2041          -  871.82765      -  89.8 25810s
 611938 372912  901.94580   56 2695          -  871.82765      -  89.8 25869s
 612191 372848  896.42258   57 2782          -  871.82765      -  89.8 25872s
 612583 373207  947.45949   51 1662          -  871.82765      -  89.9 25935s
 613163 373541  911.40820   50 2820          -  871.84216      -  89.9 26006s
 613877 373932  931.80533   49 2133          -  871.86112      -  89.9 26073s
 614675 374121  908.58904   52 1819          -  871.87200      -  89.9 26137s
 615187 374373  923.35836   50 1929          -  871.87200      -  90.0 26205s
 615734 374615  897.68169   43 3023          -  871.87200      -  90.0 26267s
 616269 374498  913.22428   61 2920          -  871.87200      -  90.1 26365s
 616286 374847  947.36828   60 2501          -  871.87200      -  90.1 26427s
 616766 375079 1044.48282   77 2610          -  871.89053      -  90.1 26490s
 617083 375012 infeasible   66               -  871.89523      -  90.2 26495s
 617328 375381  892.65289   33 2996          -  871.90989      -  90.2 26554s
 617414 375355  885.88979   33 2635          -  871.90989      -  90.2 26557s
 617641 375307  881.47189   41 2970          -  871.90989      -  90.2 26561s
 617906 375608  971.27768   70  416          -  871.90989      -  90.2 26624s
 618225 375522  919.50751   59 1634          -  871.91049      -  90.3 26628s
 618388 375779 1047.70718   67 2178          -  871.91049      -  90.3 26683s
 618844 376040  901.49313   50 2956          -  871.92799      -  90.3 26753s
 619402 376355  917.53845   43 2486          -  871.93951      -  90.4 26811s
 620049 376652  943.14743   63 2038          -  871.93951      -  90.4 26873s
 620405 376570  890.46968   41 2920          -  871.95025      -  90.4 26877s
 620660 376922  897.80821   48 2753          -  871.95025      -  90.5 26944s
 620738 376902  893.11145   44 2849          -  871.95025      -  90.5 26949s
 621303 377168 infeasible   85               -  871.95025      -  90.5 27013s
 621411 377145  879.44691   41 2842          -  871.95025      -  90.5 27015s
 621890 377437  891.37380   44 2897          -  871.95025      -  90.5 27076s
 622031 377397  897.07167   42 2856          -  871.98107      -  90.6 27080s
 622418 377760 1009.42112   69  261          -  871.98218      -  90.6 27148s
 622739 377716  970.71773   72  678          -  871.98218      -  90.6 27157s
 623157 377962  896.70822   61 2656          -  871.98723      -  90.6 27220s
 623696 378229  991.98677   86  988          -  871.99442      -  90.7 27282s
 624037 378162  923.87417   59 2798          -  872.00361      -  90.7 27288s
 624265 378482  904.09784   40 2871          -  872.00561      -  90.7 27355s
 624827 378783  885.03338   46 3012          -  872.00561      -  90.7 27419s
 625459 379110  991.78737   84  149          -  872.00561      -  90.8 27489s
 626098 379362  922.88471   53 2284          -  872.01680      -  90.8 27564s
 626309 379324  955.55513   55  109          -  872.01680      -  90.8 27565s
 626800 379621 1048.27062   79  959          -  872.02854      -  90.8 27632s
 627376 379855 1001.85139   82 2742          -  872.02854      -  90.9 27696s
 627823 379741  912.93929   57 2492          -  872.02854      -  90.9 27701s
 627910 380126  961.95023   63  474          -  872.02854      -  90.9 27773s
 628000 380109  920.93191   53 2496          -  872.02854      -  90.9 27775s
 628557 380391 infeasible   80               -  872.02854      -  91.0 27840s
 629104 380591 1120.85952   63    -          -  872.02854      -  91.0 27900s
 629617 380482  910.55039   58 2439          -  872.07094      -  91.1 28040s
 629628 380920  911.41643   59 1458          -  872.07094      -  91.1 28105s
 630261 381206  928.13002   49 1848          -  872.08383      -  91.1 28176s
 630895 381072  892.58751   49 2796          -  872.09278      -  91.1 28180s
 630942 381376 1021.42269   73 1727          -  872.09278      -  91.1 28240s
 631468 381598  903.29079   55 1901          -  872.09278      -  91.2 28305s
 631911 381810  999.82517   79 1882          -  872.09562      -  91.2 28367s
 632387 382065  910.66889   55 2818          -  872.10764      -  91.3 28435s
 632918 382369  938.73872   56 2918          -  872.10764      -  91.3 28509s
 633015 382350  974.82895   65 2558          -  872.10764      -  91.3 28510s
 633603 382704 infeasible   73               -  872.10764      -  91.4 28587s
 634196 382942 1016.31045   79 1978          -  872.14715      -  91.4 28660s
 634768 383208  930.91325   59 2603          -  872.15885      -  91.5 28726s
 635326 383337  938.16901   63 2810          -  872.16737      -  91.5 28795s
 635762 383225  946.40378   49 2179          -  872.16737      -  91.6 28800s

Cutting planes:
  Gomory: 7
  MIR: 6
  Flow cover: 1
  Zero half: 7
  RLT: 1
  Relax-and-lift: 3
  Lazy constraints: 21231

Explored 635764 nodes (58210640 simplex iterations) in 28801.37 seconds (22394.41 work units)
Thread count was 8 (of 18 available processors)

Solution count 0

Time limit reached
Best objective -, best bound 8.721673688475e+02, gap -

User-callback calls 2632771, time in user-callback 2632.16 sec
### START EXACT APPROACH ###
ProblemVariant: 1
### START PREPROCESSING ###
## Start infeasible path procedure ## 
Deleted arcs: 15
Infeasible tail paths: 39
Infeasible 2-node combinations: 7
## Start extended infeasible path procedure ##
Deleted arcs: 15
Infeasible tail paths: 39
Infeasible 2-node combinations: 7
## Start start solution procedure ##
### END PREPROCESSING ###
