
Gurobi 12.0.1 (win64, C++) logging started Fri Apr 25 10:58:14 2025

Set parameter Username
Set parameter LicenseID to value 2618655
Academic license - for non-commercial use only - expires 2026-02-05
Set parameter Threads to value 8
Set parameter LazyConstraints to value 1
Set parameter PreCrush to value 1
Set parameter Seed to value 0
Set parameter Cuts to value -1
Set parameter TimeLimit to value 28800
Set parameter NumericFocus to value 0
Set parameter SolutionLimit to value 10000
Gurobi Optimizer version 12.0.1 build v12.0.1rc0 (win64 - Windows Server 2022.0 (20348.2))

CPU model: AMD EPYC 7513 32-Core Processor, instruction set [SSE2|AVX|AVX2]
Thread count: 18 physical cores, 18 logical processors, using up to 8 threads

Non-default parameters:
SolutionLimit  10000
TimeLimit  28800
PreCrush  1
Threads  8
LazyConstraints  1

Optimize a model with 862 rows, 1681 columns and 4920 nonzeros
Model fingerprint: 0xea8123d7
Variable types: 0 continuous, 1681 integer (1681 binary)
Coefficient statistics:
  Matrix range     [1e+00, 1e+00]
  Objective range  [4e+00, 7e+01]
  Bounds range     [1e+00, 1e+00]
  RHS range        [1e+00, 1e+01]

Warning: Completing partial solution with 1546 unfixed non-continuous variables out of 1681
User MIP start produced solution with objective 962.731 (0.00s)
Loaded user MIP start with objective 962.731

Presolve removed 21 rows and 81 columns
Presolve time: 0.01s
Presolved: 841 rows, 1600 columns, 4680 nonzeros
Variable types: 0 continuous, 1600 integer (1600 binary)

Root relaxation: objective 6.350581e+02, 169 iterations, 0.00 seconds (0.00 work units)

    Nodes    |    Current Node    |     Objective Bounds      |     Work
 Expl Unexpl |  Obj  Depth IntInf | Incumbent    BestBd   Gap | It/Node Time

     0     0  635.05813    0    -  962.73082  635.05813  34.0%     -    0s
     0     0  656.63003    0    8  962.73082  656.63003  31.8%     -    0s
     0     0  695.41363    0    -  962.73082  695.41363  27.8%     -    0s
     0     0  716.06244    0    6  962.73082  716.06244  25.6%     -    0s
     0     0  724.52602    0   30  962.73082  724.52602  24.7%     -    0s
     0     0  731.34431    0   23  962.73082  731.34431  24.0%     -    0s
     0     0  742.94015    0   41  962.73082  742.94015  22.8%     -    0s
     0     0  760.90179    0   37  962.73082  760.90179  21.0%     -    0s
     0     0  767.60419    0   62  962.73082  767.60419  20.3%     -    0s
     0     0  768.24550    0   84  962.73082  768.24550  20.2%     -    0s
     0     0  768.24550    0   66  962.73082  768.24550  20.2%     -    0s
     0     2  776.31218    0   82  962.73082  776.31218  19.4%     -    0s
    31    40  810.37106    6  129  962.73082  788.37052  18.1%   374    5s
    63    72  820.85117    8  145  962.73082  788.37052  18.1%   457   10s
    96   102  825.48505   11  153  962.73082  788.37052  18.1%   471   16s
   120   122  831.47736   11  152  962.73082  788.37052  18.1%   455   20s
   157   162  835.69609   14  146  962.73082  788.37052  18.1%   408   26s
   187   197  843.35088   15  143  962.73082  788.37052  18.1%   383   30s
Warning: Completing partial solution with 1546 unfixed non-continuous variables out of 1681
H  203   216                     950.5484676  788.37052  17.1%   376   32s
Warning: Completing partial solution with 1546 unfixed non-continuous variables out of 1681
H  211   216                     940.9309886  788.37052  16.2%   372   33s
   342   350  839.64835   24  138  940.93099  788.37052  16.2%   278   35s
   825   840  841.04157   83  109  940.93099  788.37052  16.2%   152   41s
Warning: Completing partial solution with 1546 unfixed non-continuous variables out of 1681
H  842   840                     911.9854817  788.37052  13.6%   150   41s
  1443  1595  856.36365  146  109  911.98548  788.37052  13.6%   108   45s
  2464  2497  902.35552  243   64  911.98548  788.40646  13.6%  75.2   50s
  2663  2589  884.68460  149   66  911.98548  788.40646  13.6%  79.4  104s
  2665  2590  899.36642  331 1814  911.98548  816.75999  10.4%  79.3  110s
  2667  2592  889.17578  293 1821  911.98548  819.01539  10.2%  79.3  116s
  2670  2594  874.59660  181 1837  911.98548  821.82644  9.89%  79.2  120s
  2673  2596  853.02847   56 1834  911.98548  822.84173  9.77%  79.1  127s
  2675  2597  891.04105  264 1848  911.98548  823.13336  9.74%  79.0  131s
  2677  2598  857.23355   98 1839  911.98548  823.20517  9.73%  79.0  135s
  2680  2600  864.60409  130 1857  911.98548  823.21411  9.73%  78.9  140s
  2683  2602  849.43975   59 1842  911.98548  823.24778  9.73%  78.8  147s
  2685  2604  846.35921   23 1849  911.98548  823.24799  9.73%  78.7  151s
  2688  2609  823.24799   11 1842  911.98548  823.24799  9.73%  81.7  155s
  2862  2736  834.41037   24 1762  911.98548  823.43891  9.71%  93.7  160s
  3162  2939  844.32664   45 1633  911.98548  823.43891  9.71%   110  165s
  3717  3350  854.49532   80 1666  911.98548  823.43891  9.71%   124  175s
Warning: Completing partial solution with 1546 unfixed non-continuous variables out of 1681
H 4250  3513                     893.6252974  823.93417  7.80%   120  177s
  4515  3613  856.03338   33 1655  893.62530  824.43348  7.74%   123  180s
  5107  3935  840.38515   25 1772  893.62530  824.94629  7.69%   129  186s
H 5256  3918                     891.3191051  824.94629  7.45%   130  189s
  5259  3998  851.40388   42 1755  891.31911  824.94629  7.45%   130  190s
  5826  4170  862.66708   38 1598  891.31911  825.53693  7.38%   132  196s
  5869  4242  883.06069   41 1517  891.31911  825.53693  7.38%   133  200s
H 6125  4176                     888.2627069  825.53693  7.06%   133  203s
H 6126  4150                     886.8952891  825.53693  6.92%   133  203s
  6346  4374  833.62497   23 1790  886.89529  826.20314  6.84%   133  205s
  6794  4546  854.10991   40 1694  886.89529  826.20314  6.84%   132  210s
  7398  4893  872.54063   58 1593  886.89529  827.06618  6.75%   131  215s
H 7755  4495                     876.1793100  827.08533  5.60%   131  217s
  8047  4625  835.35613   25 1810  876.17931  827.28435  5.58%   132  220s
  8654  4898  855.75022   49 1708  876.17931  827.54216  5.55%   135  225s
  9336  5177  839.43545   24 1819  876.17931  827.54646  5.55%   136  231s
  9834  5373  849.19646   37 1754  876.17931  827.85059  5.52%   138  235s
 10538  5788  868.39018   32 1702  876.17931  828.00752  5.50%   142  242s
 11087  6182  836.11869   16 1775  876.17931  829.12694  5.37%   144  247s
 11755  6740  862.84596   39 1435  876.17931  829.12694  5.37%   146  252s
 12127  6990  852.71431   49 1736  876.17931  829.32124  5.35%   146  255s
 12866  7601  868.22841   41 1731  876.17931  829.37607  5.34%   147  261s
 13249  7894  863.67827   42 1708  876.17931  829.52746  5.32%   147  265s
 14068  8553  838.17085   29 1766  876.17931  829.79255  5.29%   147  271s
 14531  8901  851.58713   26 1763  876.17931  829.96909  5.27%   147  275s
 15567  9718  841.74491   25 1750  876.17931  830.25483  5.24%   146  284s
 16053 10127  838.33053   20 1753  876.17931  830.34173  5.23%   146  288s
 16589 10478  866.04050   50 1277  876.17931  830.38442  5.23%   145  293s
 17055 10881  855.08947   41 1708  876.17931  830.53579  5.21%   146  298s
 17624 11207  846.55740   24 1722  876.17931  830.66495  5.19%   147  304s
 18037 11781  837.32427   22 1781  876.17931  830.68591  5.19%   147  309s
 18748 12348  869.33577   55 1469  876.17931  830.68660  5.19%   148  314s
 18935 12348  858.87316   34 1722  876.17931  830.68660  5.19%   148  315s
 19479 12876  855.28797   47 1757  876.17931  830.82431  5.18%   148  320s
 20340 13328  842.47156   26 1730  876.17931  831.06311  5.15%   148  326s
H20828 13175                     874.6900986  831.06441  4.99%   149  326s
 21027 13177     cutoff   41       874.69010  831.15982  4.98%   149  335s
H21029 12375                     871.6309502  831.15982  4.64%   149  335s
 21042 12765  832.44135   22 1815  871.63095  831.15982  4.64%   149  342s
 21630 13410  833.77919   23 1791  871.63095  831.15982  4.64%   150  349s
 22525 14011  834.99291   25 1809  871.63095  831.39323  4.62%   150  356s
 23385 14560     cutoff   50       871.63095  831.52401  4.60%   150  363s
 24171 15036  845.58319   22 1771  871.63095  831.69838  4.58%   151  369s
 24920 15526  868.86156   46 1477  871.63095  831.80427  4.57%   152  376s
 25652 15976  844.00399   26 1774  871.63095  831.92014  4.56%   153  383s
 26316 16373  836.34968   28 1745  871.63095  832.04383  4.54%   154  391s
 27019 16647  834.84623   22 1804  871.63095  832.17316  4.53%   154  398s
 27618 17195  841.84438   24 1800  871.63095  832.22574  4.52%   155  405s
 28405 17738     cutoff   61       871.63095  832.31655  4.51%   156  412s
H28869 14710                     864.5764372  832.32891  3.73%   156  413s
 29181 15079  837.62930   23 1705  864.57644  832.47920  3.71%   156  420s
 29900 15367  859.64092   45 1606  864.57644  832.55236  3.70%   157  427s
 30461 15779  863.02462   44  713  864.57644  832.68176  3.69%   158  434s
 31119 16266  851.07716   30 1757  864.57644  832.76221  3.68%   158  441s
 31835 16274  841.43830   30 1647  864.57644  832.85726  3.67%   159  451s
 31843 16456  844.15042   31 1656  864.57644  832.85726  3.67%   159  458s
H31923 15818                     863.2660163  832.85726  3.52%   159  458s
 32109 16197  843.17303   31 1577  863.26602  832.85726  3.52%   160  466s
 32743 16573  839.86986   27 1765  863.26602  832.96436  3.51%   160  474s
 33463 16931  844.61475   32 1759  863.26602  833.09745  3.49%   160  482s
 34218 17250  837.92615   21 1803  863.26602  833.17039  3.49%   161  489s
 34748 17669     cutoff   57       863.26602  833.21540  3.48%   161  496s
 35412 18009  858.38112   37 1737  863.26602  833.29026  3.47%   162  504s
 36038 18312  835.77502   24 1711  863.26602  833.34342  3.47%   163  513s
 36588 18577  844.04288   27 1811  863.26602  833.44184  3.45%   163  521s
 36996 18902  845.50029   28 1828  863.26602  833.47510  3.45%   163  529s
 37545 19311  846.14005   33 1671  863.26602  833.54220  3.44%   164  537s
 38246 19677  852.01225   37 1694  863.26602  833.66209  3.43%   164  545s
 38877 19994  845.52408   37 1713  863.26602  833.73247  3.42%   165  553s
 39453 20373  836.50035   27 1742  863.26602  833.82232  3.41%   165  561s
 40055 20716     cutoff   29       863.26602  833.86372  3.41%   166  569s
 40653 21124  847.80158   30 1742  863.26602  833.89884  3.40%   167  577s
 41341 21456     cutoff   45       863.26602  833.95639  3.40%   167  585s
 41868 21802  841.98612   33 1747  863.26602  833.97853  3.39%   168  594s
 42442 22253  848.55367   31 1616  863.26602  834.01880  3.39%   169  602s
 43176 22583  845.21521   31 1761  863.26602  834.12103  3.38%   169  611s
 43796 22881  837.65397   26 1743  863.26602  834.21145  3.37%   169  619s
 44384 23263  857.86545   40 1726  863.26602  834.25188  3.36%   170  628s
 45017 23593     cutoff   46       863.26602  834.32084  3.35%   170  637s
 45530 23795  859.55127   48 1699  863.26602  834.35939  3.35%   171  646s
 45906 24039  853.55578   37 1626  863.26602  834.37430  3.35%   171  655s
 46332 24311  845.58561   29 1756  863.26602  834.40310  3.34%   171  663s
 46852 24647  853.72773   38 1749  863.26602  834.45041  3.34%   172  672s
 47496 25008  860.77042   41 1673  863.26602  834.54165  3.33%   172  681s
 48094 25376  840.49158   24 1771  863.26602  834.59747  3.32%   173  690s
 48688 25773  839.34712   25 1735  863.26602  834.63637  3.32%   173  699s
 49327 26132  843.70406   33 1745  863.26602  834.68003  3.31%   173  707s
 49912 26418     cutoff   47       863.26602  834.73675  3.30%   174  716s
 50569 26756  853.72296   26 1789  863.26602  834.78532  3.30%   174  725s
 51153 27100     cutoff   50       863.26602  834.82526  3.29%   175  734s
 51741 27444  846.51186   27 1767  863.26602  834.87723  3.29%   175  743s
 52308 27783  838.84445   30 1746  863.26602  834.92221  3.28%   176  752s
 52914 28032  856.06816   28 1790  863.26602  834.97382  3.28%   176  761s
 53399 28365  851.38278   33 1682  863.26602  835.01538  3.27%   177  771s
 54021 28651  839.52051   25 1772  863.26602  835.08572  3.26%   177  780s
 54551 28993  841.99751   23 1786  863.26602  835.10825  3.26%   178  789s
 55140 29205  844.72248   25 1782  863.26602  835.13536  3.26%   178  799s
 55769 29519  850.76070   28 1777  863.26602  835.18857  3.25%   178  808s
 56326 29793  849.54749   28 1721  863.26602  835.22372  3.25%   179  817s
 56869 30144  857.17643   25 1705  863.26602  835.30252  3.24%   179  827s
 57454 30442  848.03666   31 1714  863.26602  835.34133  3.23%   179  837s
 58072 30781  847.01242   33 1710  863.26602  835.40556  3.23%   180  846s
 58720 31043  848.15730   32 1775  863.26602  835.43634  3.22%   180  856s
 59353 31298  846.94181   36 1711  863.26602  835.46945  3.22%   180  866s
 59853 31602  862.82375   28 1649  863.26602  835.49992  3.22%   180  876s
 60387 31826  852.53529   35 1709  863.26602  835.55071  3.21%   180  886s
 60877 32107  851.01641   26 1799  863.26602  835.58002  3.21%   181  896s
 61419 32373  841.65966   26 1804  863.26602  835.59843  3.20%   181  905s
 61930 32658  849.48500   32 1741  863.26602  835.64221  3.20%   182  915s
 62481 32976  861.80585   35 1646  863.26602  835.66295  3.20%   182  925s
 63081 33257  858.50422   46 1688  863.26602  835.70474  3.19%   182  935s
 63557 33510     cutoff   30       863.26602  835.72657  3.19%   183  945s
 64063 33749  860.77583   30 1718  863.26602  835.75748  3.19%   184  955s
 64515 33992  853.04484   41 1701  863.26602  835.76425  3.19%   184  965s
 65019 34205  845.08078   29 1786  863.26602  835.80577  3.18%   184  976s
 65379 34392  862.90204   37 1556  863.26602  835.84123  3.18%   185  986s
 65802 34596  861.84166   34 1767  863.26602  835.87753  3.17%   185  997s
 66167 34931  848.87131   34 1708  863.26602  835.89300  3.17%   185 1007s
 66778 35216     cutoff   31       863.26602  835.93508  3.17%   186 1018s
 67374 35513  844.36369   26 1778  863.26602  835.97135  3.16%   186 1029s
 67890 35737  846.68350   34 1816  863.26602  835.99610  3.16%   186 1039s
 68376 36034  858.28717   37 1718  863.26602  836.03285  3.15%   187 1050s
 68936 36336  862.49986   29 1778  863.26602  836.07918  3.15%   187 1060s
 69434 36668  846.84670   30 1790  863.26602  836.09713  3.15%   187 1071s
 70021 36942  848.49938   32 1729  863.26602  836.12132  3.14%   188 1083s
 70517 37210  842.70148   28 1657  863.26602  836.15063  3.14%   188 1093s
 71097 37486  844.81206   24 1778  863.26602  836.18619  3.14%   188 1105s
 71646 37642  841.36420   25 1799  863.26602  836.22375  3.13%   188 1119s
 71974 37850     cutoff   31       863.26602  836.22841  3.13%   188 1130s
 72391 38151  843.13612   31 1741  863.26602  836.27272  3.13%   189 1141s
 72959 38445  844.09274   27 1746  863.26602  836.29240  3.12%   189 1153s
 73535 38761  854.22478   35 1721  863.26602  836.32487  3.12%   189 1164s
 74130 39099  843.23197   28 1739  863.26602  836.35937  3.12%   189 1175s
 74733 39407  859.79767   50 1681  863.26602  836.38479  3.11%   189 1187s
 75282 39697  854.79279   44 1813  863.26602  836.41243  3.11%   190 1198s
 75838 40000  852.11246   32 1739  863.26602  836.43079  3.11%   190 1209s
 76343 40333     cutoff   56       863.26602  836.48238  3.10%   190 1221s
 76932 40599  851.99174   35 1758  863.26602  836.51848  3.10%   190 1232s
 77406 40849  852.56142   38 1690  863.26602  836.53972  3.10%   191 1245s
 77861 41043  861.20123   55 1724  863.26602  836.56290  3.09%   191 1257s
 78315 41269  862.90326   32 1706  863.26602  836.57496  3.09%   191 1268s
 78828 41461  849.63412   30 1705  863.26602  836.57566  3.09%   192 1280s
 79265 41668 infeasible   32       863.26602  836.60823  3.09%   192 1292s
 79766 41836  846.94171   31 1748  863.26602  836.64433  3.08%   192 1304s
 80276 42041     cutoff   36       863.26602  836.66701  3.08%   193 1319s
 80724 42266  853.59273   34 1690  863.26602  836.69087  3.08%   193 1331s
H80733 41101                     861.7870659  836.69087  2.91%   193 1331s
 81240 41102 infeasible   37       861.78707  836.74556  2.91%   193 1346s
 81255 41108  848.81501   25 1766  861.78707  836.74556  2.91%   193 1358s
 81265 41147  848.97474   26 1776  861.78707  836.74556  2.91%   193 1370s
 81336 41178  849.14886   27 1778  861.78707  836.75683  2.90%   193 1382s
 81404 41294  851.08163   28 1771  861.78707  836.75683  2.90%   193 1395s
 81664 41385  852.41047   28 1680  861.78707  836.75801  2.90%   193 1407s
 81947 41515  845.92754   30 1778  861.78707  836.77359  2.90%   193 1420s
 82249 41655  847.50490   23 1747  861.78707  836.81636  2.90%   194 1433s
 82563 41903  847.02432   26 1816  861.78707  836.81636  2.90%   194 1445s
 83021 42171  854.82447   43 1631  861.78707  836.85287  2.89%   194 1458s
 83616 42427  849.00762   36 1628  861.78707  836.89209  2.89%   194 1472s
 84180 42642  841.34156   25 1755  861.78707  836.93321  2.88%   195 1484s
 84669 42919  845.11412   22 1782  861.78707  836.95700  2.88%   195 1497s
 85279 43195  841.78145   23 1784  861.78707  836.99347  2.88%   195 1510s
 85733 43398     cutoff   54       861.78707  837.00789  2.88%   195 1524s
 86280 43656  856.28251   36 1720  861.78707  837.03748  2.87%   195 1537s
 86832 43928  852.24120   30 1795  861.78707  837.08526  2.87%   196 1550s
 87406 44148  858.91374   35 1712  861.78707  837.12818  2.86%   196 1562s
 87928 44375  845.98808   27 1754  861.78707  837.14055  2.86%   196 1576s
 88443 44609  855.06387   36 1723  861.78707  837.17325  2.86%   196 1589s
 88956 44900  855.14010   35 1637  861.78707  837.20868  2.85%   197 1602s
 89543 45175  861.06010   45 1588  861.78707  837.22792  2.85%   197 1616s
 90132 45360  860.94365   41 1695  861.78707  837.25811  2.85%   197 1630s
 90639 45543     cutoff   33       861.78707  837.28694  2.84%   197 1644s
 91015 45805  860.45797   40 1688  861.78707  837.29306  2.84%   198 1658s
 91611 46048     cutoff   30       861.78707  837.33398  2.84%   198 1672s
 92070 46306  844.74318   28 1699  861.78707  837.35263  2.84%   198 1686s
 92710 46519     cutoff   42       861.78707  837.38282  2.83%   198 1700s
 93132 46801  860.09810   45 1583  861.78707  837.40699  2.83%   199 1714s
 93698 46988  861.33617   41 1700  861.78707  837.42683  2.83%   199 1728s
 94221 47093  858.58938   32 1615  861.78707  837.44715  2.82%   199 1742s
 94740 47256  849.54295   29 1754  861.78707  837.46515  2.82%   199 1756s
 95157 47417  852.52804   32 1729  861.78707  837.50278  2.82%   200 1771s
 95676 47600     cutoff   41       861.78707  837.52905  2.81%   200 1786s
 96089 47771  856.46414   37 1775  861.78707  837.55065  2.81%   200 1800s
 96564 47962  854.97794   30 1787  861.78707  837.59614  2.81%   200 1814s
 97026 48155  854.86534   27 1731  861.78707  837.62247  2.80%   200 1828s
 97533 48354  855.08104   42 1734  861.78707  837.63992  2.80%   201 1843s
 98043 48596  854.91199   33 1705  861.78707  837.67712  2.80%   201 1858s
 98587 48814  846.87449   27 1738  861.78707  837.69628  2.80%   201 1872s
 99197 48999  858.67941   37 1683  861.78707  837.71654  2.79%   201 1886s
 99687 49159  842.39530   29 1810  861.78707  837.72832  2.79%   201 1901s
 100192 49407     cutoff   33       861.78707  837.73711  2.79%   201 1915s
 100690 49631  850.92397   40 1793  861.78707  837.76025  2.79%   202 1930s
 101169 49772     cutoff   32       861.78707  837.78268  2.79%   202 1947s
 101536 50049  852.54622   26 1662  861.78707  837.79064  2.78%   202 1962s
 102096 50218     cutoff   57       861.78707  837.82684  2.78%   202 1976s
 102578 50507  842.49621   26 1813  861.78707  837.84433  2.78%   202 1991s
 103106 50769  840.18550   31 1846  861.78707  837.86157  2.78%   203 2006s
 103676 50950  857.90455   38 1701  861.78707  837.87875  2.77%   203 2021s
 104135 51204  858.69595   30 1669  861.78707  837.90718  2.77%   203 2037s
 104706 51406  843.32253   31 1806  861.78707  837.92478  2.77%   203 2053s
 105124 51614  861.38361   39 1632  861.78707  837.94209  2.77%   204 2068s
 105614 51823  846.40869   30 1770  861.78707  837.95913  2.76%   204 2083s
 106228 52023 infeasible   34       861.78707  837.97540  2.76%   204 2099s
 106287 52023  848.48460   27 1732  861.78707  837.97540  2.76%   204 2100s
 106817 52256  856.49882   34 1492  861.78707  837.98932  2.76%   204 2115s
 107379 52457  849.34055   29 1827  861.78707  838.02190  2.76%   204 2130s
 107923 52653  848.93504   28 1776  861.78707  838.03648  2.76%   204 2146s
 108414 52862  843.08662   26 1732  861.78707  838.05887  2.75%   205 2162s
 108900 53097  839.93265   35 1764  861.78707  838.08817  2.75%   205 2177s
 109387 53358  843.72581   30 1740  861.78707  838.10167  2.75%   205 2193s
 109938 53636     cutoff   27       861.78707  838.12093  2.75%   205 2208s
 110542 53887  842.75871   34 1820  861.78707  838.13697  2.74%   205 2224s
 111093 54133  846.69443   28 1778  861.78707  838.15144  2.74%   205 2240s
 111657 54358  839.67958   27 1793  861.78707  838.17907  2.74%   206 2256s
 112291 54589  858.83424   44 1520  861.78707  838.19259  2.74%   206 2271s
 112857 54793  852.60109   32 1762  861.78707  838.21251  2.74%   206 2287s
 113321 55035  843.14105   25 1767  861.78707  838.21795  2.73%   206 2303s
 113794 55046  854.77964   37 1759  861.78707  838.23018  2.73%   206 2324s
 113807 55138     cutoff   37       861.78707  838.23041  2.73%   206 2339s
 113975 55138  850.97129   30 1764  861.78707  838.23097  2.73%   206 2340s
 114017 55387  861.58769   41 1703  861.78707  838.23097  2.73%   207 2356s
 114504 55630  848.05585   24 1683  861.78707  838.25916  2.73%   207 2372s
 115057 55808  856.22151   38 1708  861.78707  838.27620  2.73%   207 2388s
 115606 55999  850.02662   26 1777  861.78707  838.30562  2.72%   207 2405s
 116109 56215  850.50304   41 1788  861.78707  838.33157  2.72%   207 2421s
 116510 56436     cutoff   48       861.78707  838.33157  2.72%   207 2438s
 117041 56719  858.49055   28 1793  861.78707  838.35608  2.72%   208 2455s
 117635 56954  855.57956   34 1701  861.78707  838.38499  2.72%   208 2472s
 118180 57136  855.43669   28 1692  861.78707  838.41846  2.71%   208 2489s
 118677 57304  859.18641   42 1732  861.78707  838.43952  2.71%   208 2505s
 119089 57528  843.08036   28 1669  861.78707  838.47271  2.71%   208 2522s
 119578 57745  853.48292   29 1784  861.78707  838.48307  2.70%   209 2539s
 120057 58000  856.84012   34 1658  861.78707  838.50119  2.70%   209 2555s
 120634 58269  844.78513   21 1739  861.78707  838.53360  2.70%   209 2572s
 121180 58495  846.43035   29 1810  861.78707  838.55579  2.70%   209 2589s
 121753 58687  848.00875   32 1733  861.78707  838.57495  2.69%   209 2606s
 122287 58951  860.59082   39 1632  861.78707  838.60126  2.69%   209 2624s
 122834 59237  856.63853   44 1209  861.78707  838.61865  2.69%   210 2641s
 123425 59419  846.98507   29 1788  861.78707  838.65108  2.68%   210 2658s
 123895 59636     cutoff   26       861.78707  838.66811  2.68%   210 2674s
 124491 59822     cutoff   38       861.78707  838.66892  2.68%   210 2691s
 125119 60021  849.91932   35 1764  861.78707  838.70332  2.68%   210 2709s
 125562 60255  852.43389   36 1725  861.78707  838.72139  2.68%   210 2726s
 126108 60507  860.23967   36 1479  861.78707  838.75024  2.67%   210 2744s
 126661 60695     cutoff   36       861.78707  838.76241  2.67%   210 2761s
 127127 60862  860.75356   37 1586  861.78707  838.77870  2.67%   210 2778s
 127527 61030  843.88772   26 1758  861.78707  838.80837  2.67%   211 2794s
 127590 61030  847.53904   28 1814  861.78707  838.80837  2.67%   211 2795s
 128011 61252  849.52602   29 1807  861.78707  838.82184  2.66%   211 2812s
 128581 61470  851.56206   35 1803  861.78707  838.83655  2.66%   211 2830s
 129102 61673  846.39508   30 1790  861.78707  838.86363  2.66%   211 2847s
 129540 61873  848.75983   33 1713  861.78707  838.87771  2.66%   211 2865s
 130094 62123  849.53576   35 1695  861.78707  838.89959  2.66%   211 2882s
 130631 62407  858.27498   30 1592  861.78707  838.91943  2.65%   211 2901s
 131229 62571     cutoff   38       861.78707  838.93639  2.65%   212 2919s
 131621 62839  855.68873   31 1807  861.78707  838.95619  2.65%   212 2937s
 132128 63106  858.91527   31 1660  861.78707  838.98027  2.65%   212 2955s
 132697 63325  844.49513   28 1792  861.78707  838.99172  2.65%   212 2973s
 133228 63467  853.16418   37 1770  861.78707  839.01132  2.64%   212 2992s
 133723 63713  849.81729   33 1671  861.78707  839.04367  2.64%   212 3010s
 134267 63904  860.14837   32 1648  861.78707  839.06307  2.64%   212 3028s
 134792 64065  858.30998   27 1472  861.78707  839.07535  2.64%   212 3046s
 135304 64275  856.11955   32 1722  861.78707  839.09405  2.63%   213 3065s
 135790 64474  856.75110   37 1788  861.78707  839.10775  2.63%   213 3083s
 136288 64661  850.47764   36 1669  861.78707  839.13940  2.63%   213 3101s
 136793 64846  851.36255   36 1717  861.78707  839.15321  2.63%   213 3120s
 137349 64992     cutoff   29       861.78707  839.16747  2.62%   213 3138s
 137767 65213  860.45642   35 1593  861.78707  839.19944  2.62%   213 3157s
 138330 65456  846.01060   28 1775  861.78707  839.22106  2.62%   214 3176s
 138889 65661     cutoff   44       861.78707  839.23279  2.62%   214 3194s
 139065 65661     cutoff   39       861.78707  839.23279  2.62%   214 3195s
 139361 65824  854.99983   39 1545  861.78707  839.24835  2.62%   214 3213s
 139815 66005  855.15565   30 1711  861.78707  839.26653  2.61%   214 3232s
 140329 66288  856.72754   33 1723  861.78707  839.29405  2.61%   214 3251s
 140891 66495  861.71646   40 1723  861.78707  839.31558  2.61%   214 3270s
 141386 66531  852.18369   34 1764  861.78707  839.32901  2.61%   214 3294s
 141460 66630  852.96524   35 1772  861.78707  839.33431  2.61%   214 3312s
 141718 66736  853.87049   36 1774  861.78707  839.33595  2.61%   215 3331s
 142115 66900  856.66447   38 1747  861.78707  839.33595  2.61%   215 3350s
 142692 67168  854.80736   27 1812  861.78707  839.36822  2.60%   215 3370s
 143281 67361  850.62099   27 1758  861.78707  839.38364  2.60%   215 3389s
 143768 67592  860.63351   44 1338  861.78707  839.39993  2.60%   215 3408s
 144282 67756  847.44791   31 1683  861.78707  839.41754  2.60%   215 3428s
 144806 68003  847.20780   31 1650  861.78707  839.43297  2.59%   215 3447s
 145376 68268  853.77303   31 1679  861.78707  839.44450  2.59%   215 3467s
 145919 68462  852.75575   27 1672  861.78707  839.46309  2.59%   215 3486s
 146392 68679  841.21038   27 1778  861.78707  839.47698  2.59%   216 3506s
 146958 68840  858.86003   38 1748  861.78707  839.49491  2.59%   216 3525s
 147402 69021  858.34055   39 1720  861.78707  839.51535  2.58%   216 3545s
 147900 69223  860.10283   37 1614  861.78707  839.52533  2.58%   216 3565s
 148505 69403  851.81699   33 1645  861.78707  839.54012  2.58%   216 3585s
 148977 69623  845.49144   28 1746  861.78707  839.55954  2.58%   216 3604s
 149497 69816  853.31750   28 1740  861.78707  839.57446  2.58%   216 3624s
 149929 70048  849.33234   36 1787  861.78707  839.58307  2.58%   216 3644s
 150485 70243  847.96581   27 1721  861.78707  839.60725  2.57%   217 3665s
 151023 70416  860.94333   38 1641  861.78707  839.62935  2.57%   217 3685s
 151563 70611  847.49373   31 1707  861.78707  839.64905  2.57%   217 3705s
 152047 70795  844.86140   32 1776  861.78707  839.66009  2.57%   217 3725s
 152539 70941     cutoff   31       861.78707  839.68039  2.57%   217 3746s
 153053 71119  853.49625   26 1731  861.78707  839.69572  2.56%   217 3767s
 153561 71245     cutoff   41       861.78707  839.71274  2.56%   217 3787s
 154040 71367  857.35080   29 1753  861.78707  839.72797  2.56%   218 3807s
 154478 71553  851.69778   30 1811  861.78707  839.75184  2.56%   218 3828s
 154946 71804     cutoff   41       861.78707  839.76754  2.56%   218 3848s
 155500 71988  851.00811   28 1717  861.78707  839.78819  2.55%   218 3869s
 156015 72174  857.59372   31 1748  861.78707  839.80392  2.55%   218 3890s
 156502 72380  845.46984   32 1778  861.78707  839.81851  2.55%   218 3911s
 157112 72590  849.49765   32 1782  861.78707  839.83902  2.55%   218 3931s
 157611 72759  848.08297   33 1784  861.78707  839.84641  2.55%   218 3952s
 158099 72935  852.13852   23 1777  861.78707  839.87329  2.54%   218 3972s
 158555 73165  858.98394   36 1695  861.78707  839.88578  2.54%   218 3992s
 159133 73419  846.27567   29 1781  861.78707  839.90173  2.54%   219 4013s
 159699 73630  852.86556   30 1767  861.78707  839.91853  2.54%   219 4035s
 160278 73869  859.15669   35 1778  861.78707  839.93658  2.54%   219 4056s
 160836 74048  848.61488   27 1636  861.78707  839.96154  2.53%   219 4077s
 161366 74247  858.54279   37 1625  861.78707  839.98145  2.53%   219 4097s
 161908 74455  856.79186   33 1760  861.78707  839.99662  2.53%   219 4119s
 162433 74625  852.37632   31 1741  861.78707  840.00982  2.53%   219 4140s
 162950 74833  852.37716   27 1762  861.78707  840.02704  2.52%   219 4160s
 163416 75033  852.13385   30 1777  861.78707  840.03663  2.52%   219 4182s
 163933 75238  854.41194   28 1688  861.78707  840.05472  2.52%   219 4204s
 164493 75442  854.89856   32 1728  861.78707  840.07304  2.52%   219 4225s
 164975 75643  847.68691   26 1810  861.78707  840.08180  2.52%   220 4246s
 165418 75890  850.18108   24 1775  861.78707  840.09011  2.52%   220 4268s
 165989 76089  846.37142   20 1824  861.78707  840.11137  2.52%   220 4289s
 166467 76269  846.27983   28 1775  861.78707  840.13000  2.51%   220 4310s
 166931 76521  846.13250   22 1806  861.78707  840.14173  2.51%   220 4332s
 167563 76716  842.18934   28 1762  861.78707  840.17608  2.51%   220 4354s
 168014 76910     cutoff   40       861.78707  840.19321  2.51%   220 4375s
 168535 77104  844.56995   29 1777  861.78707  840.20700  2.50%   220 4397s
 169056 77345  856.41928   32 1689  861.78707  840.22199  2.50%   220 4419s
 169644 77493  849.01895   25 1757  861.78707  840.24077  2.50%   220 4440s
 170085 77673  852.01939   30 1692  861.78707  840.25867  2.50%   221 4461s
 170545 77857  856.61676   31 1796  861.78707  840.26740  2.50%   221 4483s
 170976 78006  850.65115   31 1674  861.78707  840.27870  2.50%   221 4505s
 171442 78158  846.05858   27 1809  861.78707  840.29687  2.49%   221 4527s
 171871 78365  854.18165   30 1707  861.78707  840.30472  2.49%   221 4549s
 172427 78591     cutoff   44       861.78707  840.31625  2.49%   221 4572s
 172955 78738  860.28333   37 1694  861.78707  840.33253  2.49%   221 4595s
 173564 78950  846.71808   32 1756  861.78707  840.33620  2.49%   221 4617s
 174069 79154  861.64230   36 1686  861.78707  840.35068  2.49%   221 4639s
 174539 79397     cutoff   32       861.78707  840.36593  2.49%   221 4662s
 175106 79595  843.22683   32 1671  861.78707  840.37637  2.48%   221 4684s
 175575 79595  847.07014   30 1846  861.78707  840.38919  2.48%   221 4685s
 175632 79756  861.08559   36 1539  861.78707  840.38919  2.48%   221 4708s
 176076 79965  858.22066   42 1670  861.78707  840.40810  2.48%   222 4730s
 176588 80206  851.70961   32 1778  861.78707  840.40998  2.48%   222 4752s
 177156 80383  859.89878   47 1644  861.78707  840.41830  2.48%   222 4775s
 177612 80577  856.69151   35 1729  861.78707  840.43764  2.48%   222 4799s
 178113 80753     cutoff   38       861.78707  840.45960  2.47%   222 4822s
 178617 80910  860.56281   33 1717  861.78707  840.48536  2.47%   222 4844s
 179025 81099  861.71185   30 1651  861.78707  840.49276  2.47%   222 4867s
 179492 81255  854.41395   26 1765  861.78707  840.49783  2.47%   222 4890s
 180010 81454  860.03393   41 1712  861.78707  840.52416  2.47%   222 4912s
 180444 81665     cutoff   28       861.78707  840.54110  2.47%   223 4935s
 180928 81882  852.00333   28 1706  861.78707  840.54730  2.46%   223 4957s
 181384 82041  842.61268   23 1682  861.78707  840.56499  2.46%   223 4981s
 181918 82255  858.13886   32 1715  861.78707  840.57938  2.46%   223 5005s
 182469 82481     cutoff   33       861.78707  840.59439  2.46%   223 5028s
 183019 82633  849.93344   32 1614  861.78707  840.60615  2.46%   223 5050s
 183493 82796  853.18600   33 1672  861.78707  840.61461  2.46%   223 5077s
 183871 83058  852.00268   30 1662  861.78707  840.62029  2.46%   223 5100s
 184446 83180     cutoff   27       861.78707  840.63850  2.45%   223 5124s
 184927 83365  849.64528   29 1777  861.78707  840.65255  2.45%   223 5146s
 185403 83584  850.09337   34 1728  861.78707  840.66526  2.45%   223 5170s
 185870 83738  860.72449   34 1747  861.78707  840.67119  2.45%   223 5193s
 186323 83961  858.88098   39 1716  861.78707  840.68964  2.45%   223 5217s
 186865 84123  855.70437   33 1780  861.78707  840.70783  2.45%   224 5240s
 187466 84297  858.45289   31 1716  861.78707  840.70918  2.45%   224 5263s
 187956 84475  859.92316   32 1751  861.78707  840.72850  2.44%   224 5286s
 188417 84686  853.28500   29 1760  861.78707  840.74794  2.44%   224 5310s
 188908 84815  852.89919   32 1713  861.78707  840.75577  2.44%   224 5336s
 189384 84981 infeasible   36       861.78707  840.78036  2.44%   224 5360s
 189859 85141  845.67451   28 1762  861.78707  840.79904  2.44%   224 5384s
 190371 85257  844.91759   32 1803  861.78707  840.81033  2.43%   224 5407s
 190777 85359  850.28615   31 1756  861.78707  840.81902  2.43%   224 5430s
 191324 85524  856.94904   34 1709  861.78707  840.83124  2.43%   224 5454s
 191782 85653     cutoff   32       861.78707  840.84113  2.43%   224 5480s
 192243 85818  857.79253   34 1523  861.78707  840.85088  2.43%   224 5504s
 192849 86008  860.57896   36 1656  861.78707  840.86542  2.43%   224 5528s
 193403 86163  852.27493   25 1697  861.78707  840.88419  2.43%   224 5552s
 193805 86334  845.58808   26 1819  861.78707  840.89964  2.42%   224 5575s
 194247 86525  861.68318   44 1654  861.78707  840.91826  2.42%   225 5600s
 194722 86703  849.23999   25 1781  861.78707  840.92928  2.42%   225 5626s
 195154 86876  849.42879   30 1787  861.78707  840.94354  2.42%   225 5649s
 195691 87082  852.95787   27 1735  861.78707  840.95793  2.42%   225 5674s
 196211 87258  851.71804   34 1749  861.78707  840.97444  2.42%   225 5698s
 196688 87410  854.41981   31 1751  861.78707  840.98307  2.41%   225 5722s
 197136 87614  849.41732   31 1829  861.78707  841.00120  2.41%   225 5746s
 197581 87781  851.15999   24 1703  861.78707  841.00950  2.41%   225 5770s
 198157 87935  851.65290   30 1733  861.78707  841.02497  2.41%   225 5794s
 198591 88097  858.48068   35 1342  861.78707  841.04279  2.41%   225 5820s
 199085 88271  860.39082   42 1661  861.78707  841.05321  2.41%   226 5844s
 199362 88271  859.09046   37 1768  861.78707  841.05321  2.41%   226 5845s
 199605 88451  849.67545   39 1805  861.78707  841.06712  2.40%   226 5870s
 200201 88561  846.07298   29 1744  861.78707  841.08113  2.40%   226 5898s
 200556 88738  860.24365   30 1613  861.78707  841.08789  2.40%   226 5923s
 201018 88940  856.65894   31 1782  861.78707  841.10661  2.40%   226 5948s
 201543 89122  847.52885   31 1823  861.78707  841.11538  2.40%   226 5974s
 202062 89233  855.75059   37 1688  861.78707  841.13036  2.40%   226 5998s
 202597 89386  854.63044   31 1733  861.78707  841.14521  2.40%   226 6023s
 203032 89539     cutoff   44       861.78707  841.15268  2.39%   226 6051s
 203412 89736  853.87861   39 1783  861.78707  841.16364  2.39%   226 6075s
 203892 89935  860.75416   43 1787  861.78707  841.17290  2.39%   226 6100s
 204443 90095  856.83365   33 1755  861.78707  841.18895  2.39%   226 6126s
 204975 90350  854.67664   38 1775  861.78707  841.20074  2.39%   226 6150s
 205502 90566 infeasible   45       861.78707  841.21141  2.39%   226 6176s
 206019 90705  852.71395   42 1739  861.78707  841.22144  2.39%   226 6203s
 206484 90873  855.23022   40 1611  861.78707  841.22750  2.39%   227 6228s
 206906 91025  851.35285   32 1720  861.78707  841.23570  2.38%   227 6252s
 207364 91154  846.71386   24 1793  861.78707  841.24952  2.38%   227 6276s
 207780 91333  842.73165   30 1797  861.78707  841.26072  2.38%   227 6301s
 208248 91528  857.47608   27 1697  861.78707  841.26875  2.38%   227 6327s
 208796 91690  858.62927   33 1699  861.78707  841.28306  2.38%   227 6352s
 209245 91864  861.28781   35 1673  861.78707  841.29375  2.38%   227 6377s
 209768 91961  849.10503   29 1650  861.78707  841.29960  2.38%   227 6406s
 210064 92084  854.55432   31 1750  861.78707  841.31181  2.38%   227 6432s
 210538 92204  859.80383   26 1742  861.78707  841.32449  2.37%   227 6457s
 210953 92385     cutoff   50       861.78707  841.33492  2.37%   227 6483s
 211454 92556  854.29369   39 1805  861.78707  841.34809  2.37%   228 6514s
 211925 92726  853.76842   30 1767  861.78707  841.35471  2.37%   228 6540s
 212345 92889  854.48555   33 1786  861.78707  841.36935  2.37%   228 6566s
 212848 93030  854.82059   30 1692  861.78707  841.38292  2.37%   228 6593s
 213382 93247  853.00424   35 1724  861.78707  841.39072  2.37%   228 6619s
 213907 93251  859.90422   37 1629  861.78707  841.40321  2.37%   228 6653s
 213919 93246  861.72639   38 1487  861.78707  841.40321  2.37%   228 6679s
 214003 93390  845.49585   30 1815  861.78707  841.40588  2.36%   228 6704s
 214468 93609     cutoff   29       861.78707  841.41473  2.36%   228 6730s
 215010 93781  856.67009   31 1751  861.78707  841.42197  2.36%   228 6756s
 215466 93977  859.92817   34 1693  861.78707  841.43786  2.36%   228 6782s
 216013 94094  848.81005   31 1778  861.78707  841.44919  2.36%   228 6809s
 216464 94237  859.55691   30 1721  861.78707  841.46212  2.36%   228 6835s
 216867 94435     cutoff   41       861.78707  841.46628  2.36%   228 6861s
 217371 94549  849.43220   29 1829  861.78707  841.47887  2.36%   229 6890s
 217763 94677  858.89854   30 1771  861.78707  841.49614  2.35%   229 6916s
 218194 94835     cutoff   37       861.78707  841.50990  2.35%   229 6943s
 218694 94989  847.11204   29 1793  861.78707  841.52158  2.35%   229 6969s
 219113 95194     cutoff   39       861.78707  841.53472  2.35%   229 6996s
 219628 95343  859.83794   40 1731  861.78707  841.54286  2.35%   229 7021s
 220081 95487     cutoff   36       861.78707  841.55801  2.35%   229 7049s
 220604 95605     cutoff   34       861.78707  841.56403  2.35%   229 7075s
 221064 95783  860.20576   31 1648  861.78707  841.57253  2.35%   229 7103s
 221566 96002  860.61577   36 1652  861.78707  841.58922  2.34%   229 7129s
 222060 96197  855.46858   36 1794  861.78707  841.60180  2.34%   229 7156s
 222575 96346  847.79652   29 1809  861.78707  841.61840  2.34%   229 7183s
 223121 96499     cutoff   44       861.78707  841.63223  2.34%   229 7214s
 223547 96693  854.87708   31 1616  861.78707  841.64201  2.34%   230 7240s
 224023 96809     cutoff   44       861.78707  841.65240  2.34%   230 7267s
 224480 96918  850.86321   30 1655  861.78707  841.65921  2.34%   230 7293s
 224926 97070  854.92601   22 1775  861.78707  841.67542  2.33%   230 7320s
 225405 97209 infeasible   31       861.78707  841.69198  2.33%   230 7346s
 225816 97404  850.70682   37 1731  861.78707  841.69705  2.33%   230 7374s
 226428 97626  852.51808   30 1711  861.78707  841.71144  2.33%   230 7401s
 226931 97803  851.61530   23 1783  861.78707  841.72399  2.33%   230 7428s
 227416 97960     cutoff   34       861.78707  841.73013  2.33%   230 7457s
 227909 98109     cutoff   26       861.78707  841.74230  2.33%   230 7484s
 228311 98109     cutoff   27       861.78707  841.75154  2.32%   230 7485s
 228387 98279  849.41484   26 1691  861.78707  841.75166  2.32%   230 7512s
 228939 98399  857.57543   33 1716  861.78707  841.76381  2.32%   230 7542s
 229374 98586  861.54828   40 1715  861.78707  841.77232  2.32%   230 7569s
 229439 98586  849.45309   26 1738  861.78707  841.77232  2.32%   230 7570s
 229908 98706  861.39769   36 1656  861.78707  841.78394  2.32%   230 7597s
 230406 98885     cutoff   34       861.78707  841.79479  2.32%   230 7625s
 230940 99009  847.63659   30 1810  861.78707  841.79935  2.32%   231 7653s
 231378 99156  855.75453   30 1723  861.78707  841.81100  2.32%   231 7680s
 231778 99311  858.22647   31 1793  861.78707  841.82479  2.32%   231 7707s
 232249 99501  857.98394   35 1741  861.78707  841.83053  2.32%   231 7736s
 232764 99507  846.30582   31 1829  861.78707  841.84123  2.31%   231 7767s
 232783 99548  846.30582   32 1829  861.78707  841.84123  2.31%   231 7796s
 232874 99575  847.48829   33 1800  861.78707  841.84259  2.31%   231 7824s
 232989 99662  849.17210   33 1769  861.78707  841.84350  2.31%   231 7852s
 233229 99756  855.42974   33 1811  861.78707  841.84599  2.31%   231 7880s
 233590 99907  849.99110   24 1762  861.78707  841.85175  2.31%   231 7908s
 234075 100038  860.06495   37 1599  861.78707  841.88617  2.31%   231 7936s
 234532 100231  854.46236   43 1702  861.78707  841.89573  2.31%   231 7964s
 235002 100364  860.89972   31 1624  861.78707  841.90294  2.31%   231 7992s
 235493 100494  854.54832   32 1747  861.78707  841.91692  2.31%   231 8021s
 236024 100664  860.02021   31 1699  861.78707  841.93226  2.30%   231 8050s
 236533 100828  851.01989   25 1744  861.78707  841.94230  2.30%   231 8078s
 236998 101005  847.88663   30 1745  861.78707  841.95197  2.30%   231 8107s
 237514 101147  851.07031   40 1781  861.78707  841.96372  2.30%   232 8135s
 237956 101335  859.30407   38 1529  861.78707  841.97556  2.30%   232 8164s
 238500 101513  846.12351   30 1784  861.78707  841.98879  2.30%   232 8194s
 239082 101667  857.39711   32 1669  861.78707  841.99667  2.30%   232 8222s
 239539 101823  856.57437   29 1716  861.78707  842.00870  2.30%   232 8251s
 240032 101966  852.20942   36 1812  861.78707  842.02081  2.29%   232 8281s
 240566 102137  861.23444   37 1574  861.78707  842.03434  2.29%   232 8309s
 241007 102343  849.29640   22 1780  861.78707  842.04256  2.29%   232 8339s
 241530 102508  860.87019   35 1726  861.78707  842.05333  2.29%   232 8367s
 241977 102663  860.69469   39 1700  861.78707  842.06288  2.29%   232 8397s
 242506 102758  851.03808   32 1751  861.78707  842.08772  2.29%   232 8426s
 243011 102852  847.21527   27 1793  861.78707  842.09936  2.28%   232 8456s
 243484 103017  853.36282   40 1680  861.78707  842.10598  2.28%   232 8485s
 243943 103184  859.60583   36 1711  861.78707  842.11370  2.28%   232 8516s
 244450 103387  853.45948   28 1711  861.78707  842.12703  2.28%   233 8546s
 244960 103541  855.21473   33 1670  861.78707  842.13893  2.28%   233 8574s
 245436 103714  857.89739   32 1649  861.78707  842.14874  2.28%   233 8604s
 245967 103852  853.20320   42 1655  861.78707  842.15923  2.28%   233 8634s
 246530 103960  859.75570   36 1687  861.78707  842.17503  2.28%   233 8663s
 246991 104147  850.71378   27 1708  861.78707  842.18226  2.27%   233 8693s
 247506 104354  852.73755   38 1627  861.78707  842.19528  2.27%   233 8723s
 248000 104501  851.26319   34 1572  861.78707  842.20463  2.27%   233 8753s
 248563 104676  856.55036   32 1722  861.78707  842.21200  2.27%   233 8782s
 249081 104833  858.96841   40 1700  861.78707  842.22397  2.27%   233 8813s
 249622 105022  846.21316   33 1706  861.78707  842.24562  2.27%   233 8843s
 250149 105206  846.75356   30 1761  861.78707  842.25629  2.27%   233 8874s
 250695 105318     cutoff   31       861.78707  842.26601  2.27%   233 8905s
 251163 105458  853.25927   34 1725  861.78707  842.27467  2.26%   233 8934s
 251247 105458  853.72788   30 1641  861.78707  842.27467  2.26%   233 8935s
 251725 105604     cutoff   51       861.78707  842.28332  2.26%   233 8964s
 251881 105604     cutoff   39       861.78707  842.28675  2.26%   233 8965s
 252138 105780  849.32262   36 1743  861.78707  842.29483  2.26%   233 8996s
 252645 105895  847.57133   25 1742  861.78707  842.30573  2.26%   233 9026s
 253099 106072  850.88745   35 1811  861.78707  842.30989  2.26%   233 9056s
 253639 106264  848.78898   29 1734  861.78707  842.32288  2.26%   234 9085s
 254098 106395  850.39752   28 1792  861.78707  842.32940  2.26%   234 9116s
 254597 106501  859.21723   41 1643  861.78707  842.33538  2.26%   234 9146s
 255042 106646  855.73181   36 1761  861.78707  842.34680  2.26%   234 9176s
 255447 106800  850.05535   25 1789  861.78707  842.35133  2.26%   234 9207s
 255952 106962  861.55271   44 1720  861.78707  842.36337  2.25%   234 9239s
 256487 107073  843.53392   27 1749  861.78707  842.37920  2.25%   234 9269s
 256895 107283  852.96790   38 1595  861.78707  842.38975  2.25%   234 9300s
 257467 107400  854.58967   33 1729  861.78707  842.40005  2.25%   234 9331s
 257893 107560  852.08747   34 1766  861.78707  842.40785  2.25%   234 9361s
 258386 107730  846.84854   25 1826  861.78707  842.42124  2.25%   234 9394s
 258863 107872  847.35453   31 1748  861.78707  842.42966  2.25%   234 9423s
 259289 107975  857.53111   32 1737  861.78707  842.43760  2.25%   234 9454s
 259745 108102  853.05024   34 1842  861.78707  842.44563  2.24%   234 9484s
 260222 108246  858.86875   25 1722  861.78707  842.45004  2.24%   235 9515s
 260708 108386  854.19563   33 1804  861.78707  842.45851  2.24%   235 9545s
 261142 108492  855.04512   30 1390  861.78707  842.46457  2.24%   235 9576s
 261617 108646     cutoff   29       861.78707  842.47738  2.24%   235 9607s
 262071 108771  848.97255   29 1748  861.78707  842.49031  2.24%   235 9638s
 262474 108773  861.11732   32 1654  861.78707  842.49590  2.24%   235 9677s
 262488 108774     cutoff   33       861.78707  842.49590  2.24%   235 9708s
 262503 108782  853.03600   31 1673  861.78707  842.49590  2.24%   235 9740s
 262515 108814  857.75052   34 1650  861.78707  842.49590  2.24%   235 9771s
 262661 108945     cutoff   34       861.78707  842.49590  2.24%   235 9801s
 263053 109052     cutoff   42       861.78707  842.50361  2.24%   235 9832s
 263479 109184  847.79207   31 1653  861.78707  842.51501  2.24%   235 9863s
 263983 109374  851.53842   30 1696  861.78707  842.52871  2.23%   235 9893s
 264481 109555  861.52338   40 1528  861.78707  842.54145  2.23%   235 9924s
 264873 109555  850.41161   31 1741  861.78707  842.54174  2.23%   235 9925s
 264999 109706  846.90768   36 1822  861.78707  842.55041  2.23%   235 9955s
 265461 109857  854.98879   44 1740  861.78707  842.55998  2.23%   235 9987s
 265974 109999  857.86349   37 1653  861.78707  842.57731  2.23%   235 10018s
 266507 110118  852.08044   29 1761  861.78707  842.58504  2.23%   235 10049s
 266771 110118  861.24439   31 1753  861.78707  842.58665  2.23%   235 10050s
 266928 110234     cutoff   27       861.78707  842.59127  2.23%   235 10082s
 267391 110391  846.71032   33 1821  861.78707  842.59781  2.23%   235 10114s
 267900 110514  853.13154   33 1766  861.78707  842.60429  2.23%   236 10146s
 268398 110635  849.84716   26 1794  861.78707  842.61227  2.23%   236 10177s
 268854 110769  851.48347   22 1699  861.78707  842.62160  2.22%   236 10209s
 269269 110769  850.09876   36 1749  861.78707  842.63074  2.22%   236 10210s
 269338 110915     cutoff   35       861.78707  842.63167  2.22%   236 10241s
 269849 111128  852.65231   32 1743  861.78707  842.63744  2.22%   236 10272s
 270394 111322  848.10596   28 1738  861.78707  842.64921  2.22%   236 10305s
 270923 111459     cutoff   35       861.78707  842.65774  2.22%   236 10336s
 271381 111577     cutoff   41       861.78707  842.66549  2.22%   236 10369s
 271879 111777  857.67171   27 1683  861.78707  842.67831  2.22%   236 10402s
 272376 111917  861.73129   40 1665  861.78707  842.69330  2.22%   236 10435s
 272825 112022     cutoff   38       861.78707  842.70034  2.21%   236 10467s
 273245 112125  854.27094   29 1762  861.78707  842.70800  2.21%   236 10500s
 273733 112323     cutoff   33       861.78707  842.71963  2.21%   236 10533s
 274260 112501  856.87920   38 1767  861.78707  842.73099  2.21%   236 10564s
 274706 112678  852.62307   32 1723  861.78707  842.73880  2.21%   236 10598s
 275216 112840  856.97781   35 1724  861.78707  842.74746  2.21%   236 10630s
 275724 113006     cutoff   38       861.78707  842.76047  2.21%   236 10662s
 276241 113115     cutoff   43       861.78707  842.76870  2.21%   236 10695s
 276756 113255  858.87312   34 1624  861.78707  842.77289  2.21%   237 10727s
 277226 113458  850.30305   28 1666  861.78707  842.78748  2.20%   237 10759s
 277783 113583  855.06310   42 1721  861.78707  842.79567  2.20%   237 10792s
 278208 113711  859.61923   39 1291  861.78707  842.80071  2.20%   237 10824s
 278751 113863  857.84521   26 1681  861.78707  842.81184  2.20%   237 10858s
 279365 114018  860.50900   33 1705  861.78707  842.82532  2.20%   237 10892s
 279871 114143  847.69088   34 1768  861.78707  842.83642  2.20%   237 10924s
 280163 114143  854.55803   35 1635  861.78707  842.83642  2.20%   237 10925s
 280310 114315  859.94924   34 1482  861.78707  842.84417  2.20%   237 10957s
 280750 114495  850.09195   38 1821  861.78707  842.85189  2.20%   237 10988s
 281220 114649  856.02899   35 1584  861.78707  842.85555  2.20%   237 11022s
 281788 114792  856.64055   32 1792  861.78707  842.86631  2.20%   237 11055s
 282282 114946     cutoff   31       861.78707  842.87386  2.19%   237 11088s
 282771 115117  853.84249   33 1753  861.78707  842.88569  2.19%   237 11121s
 283240 115287  849.79449   32 1691  861.78707  842.89438  2.19%   237 11154s
 283772 115431  855.08274   43 1702  861.78707  842.90211  2.19%   237 11187s
 284349 115565     cutoff   30       861.78707  842.90908  2.19%   237 11221s
 284807 115684  860.30778   42 1695  861.78707  842.91520  2.19%   237 11255s
 285234 115805  855.42047   41 1622  861.78707  842.91969  2.19%   237 11290s
 285724 115927  851.65422   33 1732  861.78707  842.93645  2.19%   237 11323s
 286171 116086  847.43779   29 1810  861.78707  842.94256  2.19%   238 11357s
 286628 116249  859.93341   35 1807  861.78707  842.95264  2.19%   238 11392s
 287103 116380     cutoff   35       861.78707  842.96474  2.18%   238 11426s
 287519 116502  858.38155   35 1767  861.78707  842.97838  2.18%   238 11460s
 287955 116672  857.20453   37 1726  861.78707  842.99284  2.18%   238 11494s
 288270 116672  853.83772   40 1795  861.78707  842.99467  2.18%   238 11495s
 288497 116822  851.54160   24 1819  861.78707  843.00256  2.18%   238 11528s
 288991 117001  849.84406   30 1645  861.78707  843.01568  2.18%   238 11561s
 289475 117109     cutoff   37       861.78707  843.02295  2.18%   238 11596s
 289999 117238  855.72880   24 1740  861.78707  843.03254  2.18%   238 11631s
 290499 117350  853.95754   35 1717  861.78707  843.04320  2.17%   238 11665s
 290907 117480 infeasible   28       861.78707  843.05903  2.17%   238 11699s
 291369 117599  855.15196   34 1809  861.78707  843.06718  2.17%   238 11733s
 291827 117748  861.12445   39 1738  861.78707  843.07439  2.17%   238 11768s
 292374 117891  852.56864   32 1759  861.78707  843.08536  2.17%   238 11803s
 292873 117977  857.95702   31 1736  861.78707  843.09256  2.17%   238 11840s
 293255 118115  850.41022   30 1667  861.78707  843.09801  2.17%   238 11874s
 293685 118299  859.02330   37 1708  861.78707  843.11090  2.17%   238 11909s
 294195 118410  850.73404   34 1739  861.78707  843.11868  2.17%   239 11944s
 294770 118554  851.66075   43 1648  861.78707  843.12705  2.17%   239 11978s
 295243 118736  860.54841   46 1564  861.78707  843.13588  2.16%   239 12013s
 295719 118836  857.97896   26 1803  861.78707  843.14479  2.16%   239 12048s
 296131 118937  856.07930   29 1708  861.78707  843.15338  2.16%   239 12082s
 296560 119070  848.98901   40 1765  861.78707  843.16377  2.16%   239 12117s
 296978 119173  859.10052   44 1531  861.78707  843.17309  2.16%   239 12152s
 297468 119287 infeasible   27       861.78707  843.17640  2.16%   239 12187s
 298027 119402     cutoff   34       861.78707  843.19128  2.16%   239 12221s
 298470 119466  859.99177   34 1748  861.78707  843.19888  2.16%   239 12259s
 298843 119618  850.92352   27 1778  861.78707  843.20282  2.16%   239 12295s
 299342 119755  860.47724   36 1549  861.78707  843.21719  2.15%   239 12330s
 299815 119899  848.23723   28 1716  861.78707  843.22775  2.15%   239 12368s
 300280 119976  851.85866   37 1641  861.78707  843.23482  2.15%   239 12403s
 300782 120073  858.82053   32 1727  861.78707  843.23852  2.15%   239 12437s
 301224 120182  857.64284   33 1616  861.78707  843.24279  2.15%   239 12472s
 301715 120335  851.12211   32 1799  861.78707  843.25553  2.15%   239 12506s
 302157 120482  851.11260   36 1771  861.78707  843.26713  2.15%   240 12542s
 302637 120620  859.49199   37 1793  861.78707  843.27900  2.15%   240 12576s
 303139 120690     cutoff   46       861.78707  843.28403  2.15%   240 12612s
 303705 120848  853.42031   30 1777  861.78707  843.29176  2.15%   240 12646s
 304138 120962  859.19696   31 1544  861.78707  843.29972  2.15%   240 12686s
 304564 121114  848.02132   28 1794  861.78707  843.30766  2.14%   240 12722s
 305035 121289  858.83677   42 1713  861.78707  843.31765  2.14%   240 12758s
 305498 121424  846.45149   35 1735  861.78707  843.32491  2.14%   240 12794s
 306012 121489  845.74454   30 1660  861.78707  843.33226  2.14%   240 12832s
 306457 121624 infeasible   27       861.78707  843.33765  2.14%   240 12866s
 306896 121766     cutoff   34       861.78707  843.34907  2.14%   240 12902s
 307399 121899  861.75369   33 1684  861.78707  843.35328  2.14%   240 12939s
 307897 122060     cutoff   36       861.78707  843.37040  2.14%   240 12975s
 308447 122192  848.99640   28 1636  861.78707  843.37652  2.14%   240 13010s
 308871 122360  859.39784   32 1639  861.78707  843.38064  2.14%   240 13046s
 309471 122471     cutoff   43       861.78707  843.39047  2.13%   240 13081s
 309958 122599  855.79932   40 1738  861.78707  843.39755  2.13%   240 13119s
 310395 122744  849.47486   27 1766  861.78707  843.40207  2.13%   240 13156s
 310849 122886  856.55180   29 1772  861.78707  843.40782  2.13%   240 13192s
 311302 123035  846.98771   30 1669  861.78707  843.41815  2.13%   240 13227s
 311749 123185  858.53759   42 1352  861.78707  843.42266  2.13%   240 13265s
 312254 123350     cutoff   41       861.78707  843.43156  2.13%   241 13300s
 312729 123495  858.30344   40 1694  861.78707  843.43583  2.13%   241 13336s
 313235 123623  859.98493   32 1650  861.78707  843.44498  2.13%   241 13372s
 313796 123759  855.13968   32 1716  861.78707  843.44843  2.13%   241 13408s
 314255 123927  860.81473   32 1766  861.78707  843.45660  2.13%   241 13445s
 314791 124126  859.33797   35 1670  861.78707  843.47244  2.13%   241 13479s
 315350 124175  851.40621   30 1752  861.78707  843.48310  2.12%   241 13522s
 315515 124302     cutoff   32       861.78707  843.48675  2.12%   241 13559s
 315963 124420  854.52398   44 1816  861.78707  843.49288  2.12%   241 13595s
 316453 124559  852.78820   29 1633  861.78707  843.49725  2.12%   241 13631s
 316936 124683  846.92329   26 1745  861.78707  843.51384  2.12%   241 13666s
 317395 124867  845.15231   28 1783  861.78707  843.51937  2.12%   241 13704s
 317934 124998  850.32983   24 1760  861.78707  843.53073  2.12%   241 13739s
 318393 125134  849.82644   28 1754  861.78707  843.53878  2.12%   241 13776s
 318915 125287     cutoff   37       861.78707  843.54391  2.12%   241 13814s
 319497 125386  852.03396   28 1715  861.78707  843.55591  2.12%   241 13850s
 319930 125536  849.64437   37 1762  861.78707  843.56075  2.11%   241 13887s
 320428 125697  850.22713   30 1819  861.78707  843.56912  2.11%   241 13924s
 320883 125697  857.52815   49 1756  861.78707  843.57417  2.11%   241 13925s
 320942 125802     cutoff   29       861.78707  843.57417  2.11%   241 13963s
 321332 125953     cutoff   32       861.78707  843.58484  2.11%   241 14000s
 321832 126069  849.69259   24 1816  861.78707  843.59316  2.11%   241 14037s
 322253 126282  860.89244   35 1762  861.78707  843.59827  2.11%   241 14074s
 322781 126443  861.59366   49 1695  861.78707  843.60677  2.11%   241 14111s
 323267 126582  848.82064   29 1624  861.78707  843.61782  2.11%   241 14148s
 323780 126752     cutoff   39       861.78707  843.62430  2.11%   241 14185s
 324287 126899  857.24790   37 1725  861.78707  843.63178  2.11%   241 14222s
 324786 127004     cutoff   35       861.78707  843.64325  2.11%   241 14259s
 325241 127165  850.93125   31 1763  861.78707  843.65238  2.10%   242 14297s
 325757 127321  849.65118   32 1758  861.78707  843.66045  2.10%   242 14335s
 326237 127499  847.72752   35 1682  861.78707  843.66607  2.10%   242 14371s
 326700 127601  859.69151   39 1755  861.78707  843.67344  2.10%   242 14411s
 327196 127726  856.85501   36 1776  861.78707  843.68321  2.10%   242 14450s
 327724 127850     cutoff   38       861.78707  843.68931  2.10%   242 14488s
 328187 127984  846.38059   21 1738  861.78707  843.69872  2.10%   242 14526s
 328641 128088  854.54974   33 1755  861.78707  843.70421  2.10%   242 14564s
 329072 128231     cutoff   38       861.78707  843.71508  2.10%   242 14602s
 329621 128340 infeasible   48       861.78707  843.72223  2.10%   242 14641s
 330090 128434     cutoff   33       861.78707  843.72963  2.10%   242 14680s
 330617 128595  860.62043   33 1613  861.78707  843.73695  2.09%   242 14717s
 331109 128688  857.23266   28 1716  861.78707  843.74718  2.09%   242 14755s
 331669 128799  859.01425   35 1694  861.78707  843.75460  2.09%   242 14793s
 332178 128922     cutoff   40       861.78707  843.76241  2.09%   242 14835s
 332576 129055  850.79991   36 1587  861.78707  843.76853  2.09%   242 14874s
 333035 129198  859.19319   38 1688  861.78707  843.77660  2.09%   242 14914s
 333518 129283  856.19322   26 1793  861.78707  843.78609  2.09%   242 14954s
 333968 129407  849.29470   30 1760  861.78707  843.79409  2.09%   242 14992s
 334413 129544  857.87503   40 1730  861.78707  843.80674  2.09%   242 15030s
 334979 129670  849.74293   30 1768  861.78707  843.81500  2.09%   242 15068s
 335436 129825 infeasible   31       861.78707  843.82389  2.08%   242 15106s
 335926 129961  859.44657   40 1759  861.78707  843.83426  2.08%   242 15144s
 336432 130066  852.93198   37 1645  861.78707  843.84128  2.08%   243 15182s
 336892 130148  853.06612   35 1718  861.78707  843.84842  2.08%   243 15219s
 337339 130232  855.30722   25 1730  861.78707  843.85509  2.08%   243 15257s
 337736 130349     cutoff   39       861.78707  843.85865  2.08%   243 15297s
 338155 130477  860.57940   46 1722  861.78707  843.86247  2.08%   243 15336s
 338683 130564     cutoff   29       861.78707  843.87238  2.08%   243 15375s
 339144 130679  854.57623   37 1642  861.78707  843.87832  2.08%   243 15414s
 339635 130825  855.16012   25 1594  861.78707  843.88440  2.08%   243 15453s
 340122 130934  849.04031   32 1680  861.78707  843.89455  2.08%   243 15492s
 340626 131039  854.75514   35 1717  861.78707  843.90634  2.07%   243 15530s
 341143 131163  858.18878   34 1644  861.78707  843.91314  2.07%   243 15570s
 341659 131319  847.86125   31 1773  861.78707  843.92284  2.07%   243 15609s
 341850 131319  847.62449   26 1726  861.78707  843.92359  2.07%   243 15610s
 342175 131445  856.38804   33 1751  861.78707  843.93083  2.07%   243 15648s
 342653 131577  859.48444   34 1676  861.78707  843.93774  2.07%   243 15688s
 343122 131673  857.29542   29 1650  861.78707  843.94574  2.07%   243 15728s
 343518 131836  852.77142   34 1740  861.78707  843.95237  2.07%   243 15770s
 343910 131973  850.87789   30 1799  861.78707  843.95398  2.07%   243 15810s
 344393 132086  858.03108   38 1587  861.78707  843.96286  2.07%   243 15849s
 344888 132168  850.94859   44 1765  861.78707  843.97079  2.07%   243 15889s
 345360 132277  854.04673   26 1797  861.78707  843.98090  2.07%   243 15929s
 345818 132444     cutoff   41       861.78707  843.98540  2.07%   243 15968s
 346314 132573  850.86103   32 1704  861.78707  843.99080  2.07%   243 16007s
 346841 132677     cutoff   39       861.78707  844.00144  2.06%   243 16045s
 347299 132785     cutoff   36       861.78707  844.00448  2.06%   243 16084s
 347791 132934  844.16921   30 1764  861.78707  844.00817  2.06%   244 16124s
 348313 133064  861.08265   36 1715  861.78707  844.01236  2.06%   244 16164s
 348793 133214  859.94093   44 1486  861.78707  844.02174  2.06%   244 16204s
 349285 133330  859.88910   41 1518  861.78707  844.02988  2.06%   244 16248s
 349716 133477  850.23912   33 1774  861.78707  844.03847  2.06%   244 16286s
 350189 133614  852.73992   28 1759  861.78707  844.04459  2.06%   244 16327s
 350692 133738  851.51565   29 1750  861.78707  844.05669  2.06%   244 16369s
 351127 133875  854.41445   30 1785  861.78707  844.06027  2.06%   244 16408s
 351616 134054     cutoff   42       861.78707  844.06808  2.06%   244 16450s
 352162 134206     cutoff   42       861.78707  844.07854  2.05%   244 16489s
 352632 134357  851.84404   29 1778  861.78707  844.08317  2.05%   244 16530s
 353159 134515  848.52850   29 1793  861.78707  844.09330  2.05%   244 16569s
 353651 134517  857.85104   26 1718  861.78707  844.09835  2.05%   244 16614s
 353665 134525  860.71555   27 1706  861.78707  844.10081  2.05%   244 16652s
 353673 134524  861.27400   28 1653  861.78707  844.10081  2.05%   244 16692s
 353689 134546  861.46091   25 1690  861.78707  844.10139  2.05%   244 16732s
 353809 134590  853.80930   28 1731  861.78707  844.10192  2.05%   244 16772s
 353965 134669     cutoff   34       861.78707  844.10215  2.05%   244 16812s
 354212 134786  857.29974   33 1774  861.78707  844.10445  2.05%   244 16853s
 354640 134852  860.76335   37 1604  861.78707  844.11121  2.05%   244 16894s
 355154 134947  847.56218   31 1829  861.78707  844.12277  2.05%   244 16935s
 355605 135094  858.81510   39 1620  861.78707  844.12639  2.05%   244 16975s
 356072 135242  848.54632   35 1800  861.78707  844.13527  2.05%   244 17016s
 356535 135337     cutoff   31       861.78707  844.14307  2.05%   244 17058s
 356970 135442  858.01291   30 1686  861.78707  844.15036  2.05%   244 17097s
 357445 135607     cutoff   33       861.78707  844.15763  2.05%   244 17138s
 357990 135745  853.81989   33 1752  861.78707  844.16389  2.04%   244 17178s
 358475 135854  858.32022   30 1762  861.78707  844.17094  2.04%   244 17219s
 359030 135979     cutoff   41       861.78707  844.17714  2.04%   244 17259s
 359550 136082  860.01538   43 1760  861.78707  844.18481  2.04%   244 17300s
 360035 136103     cutoff   33       861.78707  844.19269  2.04%   244 17348s
 360122 136184     cutoff   33       861.78707  844.19269  2.04%   244 17389s
 360579 136289  850.01757   34 1801  861.78707  844.20142  2.04%   244 17430s
 361046 136476 infeasible   34       861.78707  844.21029  2.04%   244 17472s
 361539 136594  860.54436   41 1589  861.78707  844.22024  2.04%   245 17513s
 362042 136775  851.02169   41 1837  861.78707  844.22721  2.04%   245 17555s
 362565 136914     cutoff   30       861.78707  844.23827  2.04%   245 17596s
 363066 137080  849.34199   21 1803  861.78707  844.24485  2.04%   245 17638s
 363604 137206  851.14441   34 1824  861.78707  844.25204  2.03%   245 17679s
 364064 137327  856.54166   40 1721  861.78707  844.26106  2.03%   245 17721s
 364550 137428     cutoff   32       861.78707  844.26971  2.03%   245 17763s
 365012 137555  857.84641   33 1702  861.78707  844.27648  2.03%   245 17804s
 365471 137668  854.30328   39 1812  861.78707  844.28236  2.03%   245 17846s
 365981 137805 infeasible   38       861.78707  844.28610  2.03%   245 17888s
 366461 137945     cutoff   38       861.78707  844.29767  2.03%   245 17930s
 366965 138031  851.54927   39 1737  861.78707  844.30754  2.03%   245 17971s
 367449 138172     cutoff   27       861.78707  844.31523  2.03%   245 18013s
 367944 138277  855.07527   36 1728  861.78707  844.32062  2.03%   245 18054s
 368422 138365  855.65970   28 1595  861.78707  844.32845  2.03%   245 18095s
 368889 138519     cutoff   31       861.78707  844.33595  2.02%   245 18138s
 369415 138644     cutoff   35       861.78707  844.34672  2.02%   245 18179s
 369899 138744  854.49848   31 1745  861.78707  844.35652  2.02%   245 18222s
 370383 138893     cutoff   30       861.78707  844.36349  2.02%   245 18265s
 370910 138996  857.56872   37 1489  861.78707  844.36916  2.02%   245 18307s
 371396 139132     cutoff   37       861.78707  844.37711  2.02%   245 18350s
 371940 139266  853.61205   30 1697  861.78707  844.38826  2.02%   245 18391s
 372422 139399  848.83715   29 1709  861.78707  844.39961  2.02%   245 18433s
 372927 139480  853.49716   38 1753  861.78707  844.40503  2.02%   245 18475s
 373391 139600  856.39966   32 1774  861.78707  844.41081  2.02%   245 18517s
 373862 139696  859.08000   38 1788  861.78707  844.41710  2.02%   245 18559s
 374355 139837  854.88101   38 1692  861.78707  844.42631  2.01%   245 18601s
 374866 139944  851.02415   33 1750  861.78707  844.43691  2.01%   245 18644s
 375411 140049  859.31051   35 1708  861.78707  844.44384  2.01%   245 18687s
 375883 140177  858.66428   33 1755  861.78707  844.45395  2.01%   245 18729s
 375948 140177     cutoff   36       861.78707  844.45395  2.01%   245 18730s
 376375 140295  851.53951   28 1754  861.78707  844.46433  2.01%   246 18773s
 376822 140433  860.01663   42 1713  861.78707  844.47307  2.01%   246 18816s
 377339 140538  860.63969   37 1606  861.78707  844.48035  2.01%   246 18857s
 377772 140680  856.93882   37 1692  861.78707  844.48671  2.01%   246 18900s
 378273 140822  857.72320   29 1727  861.78707  844.49349  2.01%   246 18944s
 378815 140949  857.37088   37 1657  861.78707  844.50229  2.01%   246 18988s
 379319 141045  850.77354   24 1698  861.78707  844.50948  2.00%   246 19031s
 379811 141154  858.68702   41 1731  861.78707  844.51456  2.00%   246 19074s
 380044 141154  849.57494   30 1777  861.78707  844.51844  2.00%   246 19075s
 380276 141318     cutoff   35       861.78707  844.52460  2.00%   246 19118s
 380796 141485  854.70269   29 1750  861.78707  844.53192  2.00%   246 19162s
 381299 141579  848.69129   28 1683  861.78707  844.53973  2.00%   246 19204s
 381734 141670  856.49518   37 1703  861.78707  844.54781  2.00%   246 19248s
 382234 141779  856.89756   30 1525  861.78707  844.55562  2.00%   246 19292s
 382709 141912  856.45416   31 1672  861.78707  844.56113  2.00%   246 19334s
 383196 142044  856.71644   34 1699  861.78707  844.56643  2.00%   246 19377s
 383668 142172     cutoff   39       861.78707  844.57135  2.00%   246 19420s
 384166 142329  859.03939   39 1754  861.78707  844.57809  2.00%   246 19463s
 384665 142467  850.42491   32 1728  861.78707  844.58712  2.00%   246 19508s
 385138 142582     cutoff   34       861.78707  844.59560  1.99%   246 19551s
 385612 142700  852.27888   28 1680  861.78707  844.60715  1.99%   246 19594s
 385844 142700  851.12932   33 1826  861.78707  844.60802  1.99%   246 19595s
 386086 142851  848.60828   28 1710  861.78707  844.61716  1.99%   246 19638s
 386568 142967  861.71523   32 1617  861.78707  844.62272  1.99%   246 19682s
 387115 143102  855.24879   32 1781  861.78707  844.63350  1.99%   246 19726s
 387569 143250     cutoff   34       861.78707  844.64056  1.99%   246 19771s
 388137 143359  851.98306   31 1626  861.78707  844.64731  1.99%   246 19815s
 388632 143452  851.45389   28 1724  861.78707  844.65629  1.99%   246 19860s
 389172 143564  859.11920   30 1769  861.78707  844.66919  1.99%   246 19903s
 389631 143717  856.65716   32 1637  861.78707  844.67978  1.99%   246 19948s
 390136 143862  849.89167   27 1738  861.78707  844.68859  1.98%   246 19994s
 390665 143980  850.78036   29 1734  861.78707  844.69546  1.98%   246 20037s
 391177 144080     cutoff   36       861.78707  844.70303  1.98%   246 20082s
 391696 144226     cutoff   34       861.78707  844.71005  1.98%   247 20125s
 392179 144309  848.91186   26 1784  861.78707  844.72058  1.98%   247 20169s
 392651 144358  858.72586   33 1722  861.78707  844.72530  1.98%   247 20214s
 393122 144501  854.98654   32 1804  861.78707  844.73161  1.98%   247 20258s
 393611 144612  856.96952   44 1627  861.78707  844.74068  1.98%   247 20302s
 394098 144741  853.76334   36 1710  861.78707  844.74897  1.98%   247 20346s
 394632 144855 infeasible   33       861.78707  844.75492  1.98%   247 20391s
 395137 144992  854.97436   33 1814  861.78707  844.76173  1.98%   247 20434s
 395627 145082     cutoff   35       861.78707  844.76756  1.97%   247 20477s
 396148 145207  858.76892   36 1783  861.78707  844.77171  1.97%   247 20522s
 396629 145358  850.57948   38 1660  861.78707  844.77889  1.97%   247 20565s
 397107 145509  859.88597   33 1706  861.78707  844.78689  1.97%   247 20611s
 397617 145647  859.68259   29 1774  861.78707  844.79214  1.97%   247 20653s
 398077 145805  858.73518   29 1809  861.78707  844.79910  1.97%   247 20696s
 398598 145929  859.99604   40 1762  861.78707  844.80821  1.97%   247 20740s
 399054 146031  849.25416   34 1769  861.78707  844.81383  1.97%   247 20785s
 399488 146145     cutoff   30       861.78707  844.81977  1.97%   247 20830s
 399961 146251  859.77149   33 1629  861.78707  844.82890  1.97%   247 20874s
 400487 146325  858.79548   34 1684  861.78707  844.83189  1.97%   247 20919s
 400939 146458  860.06264   38 1696  861.78707  844.84241  1.97%   247 20962s
 401390 146568     cutoff   43       861.78707  844.84897  1.97%   247 21006s
 401879 146679     cutoff   35       861.78707  844.85759  1.96%   247 21051s
 402335 146823  860.32581   27 1697  861.78707  844.86240  1.96%   247 21094s
 402684 146823  857.00591   28 1772  861.78707  844.86562  1.96%   247 21095s
 402800 146937  855.99059   29 1749  861.78707  844.87057  1.96%   247 21139s
 403294 147059  850.88859   30 1764  861.78707  844.87934  1.96%   247 21186s
 403800 147140  848.60778   36 1815  861.78707  844.88570  1.96%   247 21231s
 404282 147277  860.33582   34 1728  861.78707  844.89009  1.96%   247 21277s
 404806 147399  856.19684   36 1728  861.78707  844.89656  1.96%   247 21323s
 405257 147517  859.23571   37 1579  861.78707  844.90675  1.96%   247 21367s
 405723 147649  856.14308   36 1770  861.78707  844.90927  1.96%   247 21413s
 406198 147768  856.07341   34 1779  861.78707  844.91989  1.96%   247 21458s
 406659 147877  851.09187   35 1776  861.78707  844.92503  1.96%   247 21503s
 407124 147961  860.60935   30 1679  861.78707  844.93178  1.96%   248 21549s
 407638 148120     cutoff   35       861.78707  844.93774  1.96%   248 21593s
 408125 148279  850.59162   38 1653  861.78707  844.94503  1.95%   248 21638s
 408655 148384  851.29540   26 1815  861.78707  844.95596  1.95%   248 21685s
 409108 148530  848.30892   28 1785  861.78707  844.96379  1.95%   248 21730s
 409590 148639  860.19616   32 1647  861.78707  844.96817  1.95%   248 21777s
 410109 148744     cutoff   30       861.78707  844.97616  1.95%   248 21823s
 410590 148896  857.14195   40 1772  861.78707  844.98340  1.95%   248 21868s
 411076 149003  851.49580   35 1755  861.78707  844.99086  1.95%   248 21913s
 411540 149150  860.40773   35 1789  861.78707  844.99450  1.95%   248 21959s
 412026 149323     cutoff   36       861.78707  845.00437  1.95%   248 22006s
 412607 149456  853.16415   33 1617  861.78707  845.01313  1.95%   248 22054s
 412721 149456  859.30178   40 1777  861.78707  845.01313  1.95%   248 22055s
 413054 149612  851.91491   36 1771  861.78707  845.01841  1.95%   248 22099s
 413552 149693     cutoff   32       861.78707  845.02353  1.95%   248 22145s
 414067 149784  849.98766   28 1823  861.78707  845.02829  1.94%   248 22190s
 414527 149902     cutoff   42       861.78707  845.03504  1.94%   248 22236s
 414981 150008  849.02844   37 1719  861.78707  845.04470  1.94%   248 22281s
 415462 150105  858.15784   34 1795  861.78707  845.05265  1.94%   248 22328s
 416009 150207  850.91019   30 1754  861.78707  845.05840  1.94%   248 22374s
 416486 150289  856.75769   26 1602  861.78707  845.06862  1.94%   248 22421s
 416966 150389  851.44683   30 1811  861.78707  845.07668  1.94%   248 22466s
 417430 150456  851.25186   30 1794  861.78707  845.08157  1.94%   248 22512s
 417842 150619  856.50545   34 1762  861.78707  845.08814  1.94%   248 22557s
 418326 150746  854.30434   33 1687  861.78707  845.09306  1.94%   248 22603s
 418837 150842  852.04212   34 1809  861.78707  845.09829  1.94%   248 22649s
 419268 150900  859.10679   39 1524  861.78707  845.10273  1.94%   248 22700s
 419477 151036  856.19612   39 1545  861.78707  845.10591  1.94%   248 22745s
 419971 151142  859.83860   44 1622  861.78707  845.11373  1.93%   248 22792s
 420452 151284  855.34221   38 1712  861.78707  845.11601  1.93%   248 22839s
 420958 151365  853.06916   32 1645  861.78707  845.12116  1.93%   248 22886s
 421426 151529     cutoff   38       861.78707  845.13108  1.93%   248 22931s
 421911 151648  853.94701   30 1786  861.78707  845.13764  1.93%   248 22978s
 422396 151767  856.25359   32 1710  861.78707  845.14373  1.93%   248 23024s
 422872 151842  859.53003   32 1779  861.78707  845.15361  1.93%   248 23072s
 423335 151981  849.83198   34 1720  861.78707  845.15677  1.93%   248 23119s
 423831 152092  861.38609   27 1743  861.78707  845.16190  1.93%   248 23165s
 424351 152209     cutoff   30       861.78707  845.16765  1.93%   248 23212s
 424830 152319  852.56138   42 1680  861.78707  845.17324  1.93%   248 23258s
 425318 152395     cutoff   31       861.78707  845.18002  1.93%   248 23306s
 425841 152511  856.03203   37 1710  861.78707  845.18424  1.93%   248 23354s
 426316 152670  857.26166   26 1734  861.78707  845.19044  1.93%   248 23400s
 426825 152810  855.10574   30 1759  861.78707  845.19969  1.92%   249 23447s
 427327 152907  857.89196   26 1685  861.78707  845.20583  1.92%   249 23494s
 427816 152968     cutoff   36       861.78707  845.21226  1.92%   249 23542s
 428312 153075  853.05416   30 1699  861.78707  845.21574  1.92%   249 23589s
 428761 153183  851.12545   27 1818  861.78707  845.22580  1.92%   249 23637s
 429252 153289  855.63609   28 1753  861.78707  845.23394  1.92%   249 23682s
 429791 153363  854.86231   23 1717  861.78707  845.23825  1.92%   249 23728s
 430224 153474  859.25352   38 1657  861.78707  845.24018  1.92%   249 23776s
 430688 153589     cutoff   37       861.78707  845.24890  1.92%   249 23823s
 431168 153700  858.93544   44 1747  861.78707  845.25781  1.92%   249 23870s
 431601 153819  851.99194   37 1376  861.78707  845.26310  1.92%   249 23916s
 432043 153928  858.58809   33 1777  861.78707  845.26803  1.92%   249 23963s
 432473 153993  858.41454   42 1826  861.78707  845.27796  1.92%   249 24010s
 432920 154106  851.97977   34 1801  861.78707  845.28470  1.91%   249 24057s
 433395 154202  859.84668   31 1794  861.78707  845.28944  1.91%   249 24105s
 433841 154300  853.77162   32 1699  861.78707  845.29369  1.91%   249 24152s
 434316 154433     cutoff   32       861.78707  845.30027  1.91%   249 24200s
 434804 154587  853.80072   39 1554  861.78707  845.30683  1.91%   249 24245s
 435269 154730  859.30424   32 1684  861.78707  845.31461  1.91%   249 24291s
 435763 154860  860.03680   41 1696  861.78707  845.31967  1.91%   249 24340s
 436311 155013  857.36458   33 1745  861.78707  845.32993  1.91%   249 24388s
 436853 155126     cutoff   38       861.78707  845.33870  1.91%   249 24436s
 437342 155199  856.08890   30 1695  861.78707  845.34585  1.91%   249 24484s
 437795 155320  852.45685   28 1785  861.78707  845.35277  1.91%   249 24531s
 438236 155422     cutoff   36       861.78707  845.35973  1.91%   249 24578s
 438680 155572  859.31247   37 1622  861.78707  845.36517  1.91%   249 24627s
 439200 155695  859.88541   39 1374  861.78707  845.37136  1.90%   249 24675s
 439676 155827  853.12718   33 1714  861.78707  845.37878  1.90%   249 24724s
 439891 155827     cutoff   32       861.78707  845.37948  1.90%   249 24725s
 440211 155973  853.60657   33 1646  861.78707  845.38584  1.90%   249 24772s
 440743 156088  850.62517   31 1735  861.78707  845.39449  1.90%   249 24820s
 441236 156230  859.99317   23 1751  861.78707  845.39925  1.90%   249 24869s
 441783 156372     cutoff   42       861.78707  845.40962  1.90%   249 24917s
 442298 156471  855.31080   40 1737  861.78707  845.41456  1.90%   249 24969s
 442800 156568  859.92642   32 1709  861.78707  845.42387  1.90%   249 25017s
 443277 156682  857.00250   24 1782  861.78707  845.42895  1.90%   249 25065s
 443745 156770  861.65277   35 1529  861.78707  845.43405  1.90%   249 25113s
 444247 156856  853.50680   34 1715  861.78707  845.44267  1.90%   249 25162s
 444746 156953  855.15818   36 1753  861.78707  845.44635  1.90%   250 25210s
 445254 157040  858.44207   32 1710  861.78707  845.45399  1.90%   250 25258s
 445742 157122  856.48231   24 1705  861.78707  845.46016  1.89%   250 25307s
 446232 157263  850.85517   30 1659  861.78707  845.46697  1.89%   250 25354s
 446772 157350  860.77068   47 1676  861.78707  845.47426  1.89%   250 25404s
 447298 157489  849.73932   30 1797  861.78707  845.47936  1.89%   250 25451s
 447784 157565  858.44726   37 1672  861.78707  845.48397  1.89%   250 25501s
 448341 157671  861.64703   31 1654  861.78707  845.49140  1.89%   250 25550s
 448818 157782  855.97552   28 1758  861.78707  845.49819  1.89%   250 25599s
 449314 157930     cutoff   37       861.78707  845.50887  1.89%   250 25647s
 449844 158008  853.84867   41 1738  861.78707  845.51590  1.89%   250 25699s
 450308 158132  858.16781   35 1798  861.78707  845.51977  1.89%   250 25748s
 450777 158257  856.03250   33 1749  861.78707  845.52532  1.89%   250 25797s
 451276 158392  852.72876   31 1610  861.78707  845.53638  1.89%   250 25847s
 451797 158525  855.74335   32 1609  861.78707  845.54329  1.88%   250 25896s
 452290 158670  855.87935   28 1798  861.78707  845.54778  1.88%   250 25946s
 452800 158739 infeasible   31       861.78707  845.55268  1.88%   250 25998s
 453239 158856  857.22129   30 1702  861.78707  845.55906  1.88%   250 26047s
 453757 158963  849.77650   33 1708  861.78707  845.56675  1.88%   250 26098s
 454237 159053  857.56759   29 1514  861.78707  845.57001  1.88%   250 26149s
 454666 159165  855.73004   34 1719  861.78707  845.57597  1.88%   250 26198s
 455162 159273  855.87521   30 1678  861.78707  845.58118  1.88%   250 26247s
 455619 159385  856.15630   25 1800  861.78707  845.58808  1.88%   250 26296s
 456046 159493  861.42584   24 1743  861.78707  845.59315  1.88%   250 26344s
 456547 159592  857.69377   33 1758  861.78707  845.59839  1.88%   250 26392s
 456981 159700  856.94917   42 1593  861.78707  845.60064  1.88%   250 26442s
 457484 159846  854.53167   38 1777  861.78707  845.60920  1.88%   250 26490s
 457926 160009  859.48806   44 1751  861.78707  845.61593  1.88%   250 26541s
 458455 160102  853.65637   32 1644  861.78707  845.62121  1.88%   250 26593s
 458871 160226     cutoff   40       861.78707  845.62762  1.88%   250 26643s
 459376 160312  860.35710   28 1719  861.78707  845.63455  1.87%   250 26692s
 459843 160390  858.86650   38 1758  861.78707  845.63911  1.87%   250 26744s
 460241 160478  854.26764   41 1645  861.78707  845.64531  1.87%   250 26793s
 460721 160579  851.59389   35 1708  861.78707  845.65164  1.87%   250 26842s
 461164 160683     cutoff   32       861.78707  845.65652  1.87%   250 26891s
 461593 160761  857.82929   38 1732  861.78707  845.66076  1.87%   250 26942s
 462099 160872  857.02707   31 1717  861.78707  845.66541  1.87%   250 26992s
 462553 160985  856.61417   31 1730  861.78707  845.67051  1.87%   250 27041s
 463041 161065     cutoff   35       861.78707  845.67448  1.87%   250 27091s
 463511 161155  859.81525   34 1407  861.78707  845.67927  1.87%   250 27142s
 463985 161250  858.09064   27 1706  861.78707  845.68831  1.87%   250 27192s
 464501 161373  850.10976   28 1702  861.78707  845.69656  1.87%   250 27242s
 464967 161466     cutoff   32       861.78707  845.70056  1.87%   250 27290s
 465433 161537  861.39849   35 1751  861.78707  845.70544  1.87%   250 27343s
 465836 161660  859.97273   42 1682  861.78707  845.70832  1.87%   250 27393s
 466305 161756     cutoff   28       861.78707  845.71499  1.86%   251 27443s
 466828 161843     cutoff   35       861.78707  845.72111  1.86%   251 27492s
 467298 161975     cutoff   44       861.78707  845.72677  1.86%   251 27542s
 467799 162132  846.30565   31 1809  861.78707  845.73315  1.86%   251 27592s
 468281 162256  861.33501   33 1567  861.78707  845.73771  1.86%   251 27642s
 468740 162260     cutoff   36       861.78707  845.74281  1.86%   251 27702s
 468752 162299  856.25605   32 1706  861.78707  845.74298  1.86%   251 27751s
 469093 162417  847.59462   38 1738  861.78707  845.74580  1.86%   251 27801s
 469601 162540     cutoff   43       861.78707  845.75382  1.86%   251 27851s
 470103 162639  851.19360   30 1728  861.78707  845.76125  1.86%   251 27901s
 470531 162709  855.73877   32 1752  861.78707  845.76758  1.86%   251 27951s
 470973 162770  857.92044   36 1562  861.78707  845.77223  1.86%   251 28005s
 471394 162899  860.13233   41 1557  861.78707  845.77848  1.86%   251 28057s
 471918 162983     cutoff   34       861.78707  845.78542  1.86%   251 28109s
 472335 163082  854.64896   36 1733  861.78707  845.79023  1.86%   251 28160s
 472783 163162  855.72694   45 1662  861.78707  845.79538  1.86%   251 28211s
 473227 163282     cutoff   33       861.78707  845.80489  1.85%   251 28261s
 473695 163365     cutoff   35       861.78707  845.81039  1.85%   251 28313s
 474129 163481     cutoff   32       861.78707  845.81594  1.85%   251 28365s
 474612 163552  859.74344   41 1671  861.78707  845.82459  1.85%   251 28417s
 475086 163672     cutoff   34       861.78707  845.83189  1.85%   251 28468s
 475575 163755  854.88631   28 1653  861.78707  845.83631  1.85%   251 28519s
 476037 163859     cutoff   41       861.78707  845.83995  1.85%   251 28570s
 476544 163940     cutoff   29       861.78707  845.84940  1.85%   251 28626s
 476950 164026  857.08290   33 1772  861.78707  845.85366  1.85%   251 28677s
 477379 164162  846.82440   30 1664  861.78707  845.85896  1.85%   251 28728s
 477826 164308  851.65049   37 1756  861.78707  845.86057  1.85%   251 28779s
 478282 164308     cutoff   29       861.78707  845.86868  1.85%   251 28780s
 478331 164355  851.39080   35 1636  861.78707  845.86868  1.85%   251 28800s

Cutting planes:
  Gomory: 1
  Cover: 15
  Implied bound: 1
  Clique: 45
  MIR: 65
  StrongCG: 4
  Flow cover: 167
  GUB cover: 21
  Inf proof: 6
  Zero half: 32
  RLT: 48
  Relax-and-lift: 18
  BQP: 2
  Lazy constraints: 25586

Explored 478520 nodes (120207220 simplex iterations) in 28800.73 seconds (60090.62 work units)
Thread count was 8 (of 18 available processors)

Solution count 10: 861.787 863.266 864.576 ... 893.625

Time limit reached
Best objective 8.617870659010e+02, best bound 8.458694543207e+02, gap 1.8470%

User-callback calls 2221347, time in user-callback 180.67 sec
### START EXACT APPROACH ###
ProblemVariant: 6
### START PREPROCESSING ###
## Start infeasible path procedure ## 
Deleted arcs: 40
Infeasible tail paths: 0
Infeasible 2-node combinations: 20
Deleted arcs: 40
Infeasible tail paths: 0
Infeasible 2-node combinations: 20
## Start start solution procedure ##
Start solution with 14 Vehicles and total costs 962.731 in 0.0097937 s.
### END PREPROCESSING ###
Route 0 0-3-40-12-0 : weight util 1.000000 | volume util 0.324178 | 
Route 1 0-4-2-0 : weight util 0.933333 | volume util 0.441644 | 
Route 2 0-6-16-17-0 : weight util 0.966667 | volume util 0.555578 | 
Route 3 0-7-11-0 : weight util 0.866667 | volume util 0.086400 | 
Route 4 0-8-19-13-27-0 : weight util 1.000000 | volume util 0.299044 | 
Route 5 0-15-20-37-36-0 : weight util 0.933333 | volume util 0.580578 | 
Route 6 0-21-28-0 : weight util 0.950000 | volume util 0.205067 | 
Route 7 0-22-1-33-0 : weight util 0.950000 | volume util 0.448467 | 
Route 8 0-23-24-18-25-0 : weight util 1.000000 | volume util 0.480333 | 
Route 9 0-26-31-39-0 : weight util 0.983333 | volume util 0.193156 | 
Route 10 0-30-5-29-0 : weight util 0.933333 | volume util 0.210467 | 
Route 11 0-32-9-0 : weight util 0.950000 | volume util 0.433689 | 
Route 12 0-34-14-35-0 : weight util 1.000000 | volume util 0.327222 | 
Route 13 0-38-10-0 : weight util 0.833333 | volume util 0.181467 | 
