
Gurobi 12.0.1 (win64, C++) logging started Fri Apr 18 06:50:51 2025

Set parameter Username
Academic license - for non-commercial use only - expires 2026-01-06
Set parameter Threads to value 8
Set parameter LazyConstraints to value 1
Set parameter PreCrush to value 1
Set parameter Seed to value 10
Set parameter Cuts to value -1
Set parameter TimeLimit to value 28800
Set parameter NumericFocus to value 0
Set parameter SolutionLimit to value 10000
Gurobi Optimizer version 12.0.1 build v12.0.1rc0 (win64 - Windows Server 2022.0 (20348.2))

CPU model: AMD EPYC 7513 32-Core Processor, instruction set [SSE2|AVX|AVX2]
Thread count: 18 physical cores, 18 logical processors, using up to 8 threads

Non-default parameters:
SolutionLimit  10000
TimeLimit  28800
PreCrush  1
Seed  10
Threads  8
LazyConstraints  1

Optimize a model with 497 rows, 961 columns and 2790 nonzeros
Model fingerprint: 0x000f1c29
Variable types: 0 continuous, 961 integer (961 binary)
Coefficient statistics:
  Matrix range     [1e+00, 1e+00]
  Objective range  [6e+00, 7e+01]
  Bounds range     [1e+00, 1e+00]
  RHS range        [1e+00, 9e+00]

Warning: Completing partial solution with 887 unfixed non-continuous variables out of 961
User MIP start produced solution with objective 794.64 (0.00s)
Loaded user MIP start with objective 794.64

Presolve removed 3 rows and 35 columns
Presolve time: 0.01s
Presolved: 494 rows, 926 columns, 2688 nonzeros
Variable types: 0 continuous, 926 integer (926 binary)

Root relaxation: objective 4.363833e+02, 126 iterations, 0.00 seconds (0.00 work units)

    Nodes    |    Current Node    |     Objective Bounds      |     Work
 Expl Unexpl |  Obj  Depth IntInf | Incumbent    BestBd   Gap | It/Node Time

     0     0  436.38334    0    -  794.63984  436.38334  45.1%     -    0s
     0     0  473.62196    0    -  794.63984  473.62196  40.4%     -    0s
     0     0  484.19292    0    -  794.63984  484.19292  39.1%     -    0s
     0     0  494.10964    0    -  794.63984  494.10964  37.8%     -    0s
     0     0  501.42444    0    -  794.63984  501.42444  36.9%     -    0s
     0     0  504.44148    0   36  794.63984  504.44148  36.5%     -    0s
     0     0  505.25387    0   46  794.63984  505.25387  36.4%     -    0s
     0     0  522.92722    0   38  794.63984  522.92722  34.2%     -    0s
     0     0  527.84071    0   44  794.63984  527.84071  33.6%     -    0s
     0     0  532.69349    0   60  794.63984  532.69349  33.0%     -    0s
     0     0  548.96286    0   46  794.63984  548.96286  30.9%     -    0s
     0     2  553.03720    0   61  794.63984  553.03720  30.4%     -    0s
    35    44  586.30839    8  113  794.63984  570.81782  28.2%   168    5s
    73    83  587.66956   12  109  794.63984  570.81782  28.2%   168   10s
   101   104  597.27785   10   98  794.63984  570.81782  28.2%   168   15s
   143   146  589.37046   12  110  794.63984  570.81782  28.2%   153   20s
   174   176  612.14037   17  103  794.63984  570.81782  28.2%   147   25s
   462   515  604.37986   50   99  794.63984  570.81782  28.2%  91.6   30s
  2235  2175  607.58576   91   46  794.63984  570.81782  28.2%  44.0   43s
  2237  2176  625.91788  242 1165  794.63984  576.71852  27.4%  44.0   45s
  2243  2180  644.99814  281 1198  794.63984  581.73715  26.8%  43.9   50s
  2248  2184  611.27540   85 1204  794.63984  582.25168  26.7%  43.8   55s
  2356  2276  594.62436   20 1199  794.63984  582.49511  26.7%  51.4   60s
  3364  2901  622.84509   67 1002  794.63984  582.49511  26.7%  71.2   66s
Warning: Completing partial solution with 887 unfixed non-continuous variables out of 961
H 3580  2821                     649.8451202  582.49511  10.4%  71.3   67s
  4351  3133  591.32160   21 1085  649.84512  586.18740  9.80%  75.7   70s
Warning: Completing partial solution with 887 unfixed non-continuous variables out of 961
H 4523  3072                     634.8788423  586.18740  7.67%  77.7   70s
H 4601  2907                     633.6007959  586.18740  7.48%  78.1   72s
  5408  3258  623.95591   41 1129  633.60080  587.75151  7.24%  81.8   75s
Warning: Completing partial solution with 887 unfixed non-continuous variables out of 961
H 5534  2960                     625.3891441  587.75151  6.02%  81.9   75s
  7018  3398  594.57708   24 1166  625.38914  589.64968  5.71%  86.4   80s
  8144  3709  597.60954   26 1148  625.38914  590.21687  5.62%  88.2   85s
  9446  4494  597.33615   26 1120  625.38914  590.85544  5.52%  90.3   90s
 11293  5676  613.60656   31 1087  625.38914  591.66678  5.39%  92.6   95s
 13000  6769  606.73333   22 1132  625.38914  592.22598  5.30%  93.2  100s
 15062  8016  611.05347   31 1033  625.38914  592.78560  5.21%  93.2  106s
 16570  8634  616.53576   31 1090  625.38914  593.17446  5.15%  92.9  111s
 18361  9536  597.69462   26 1130  625.38914  593.50278  5.10%  93.0  116s
Warning: Completing partial solution with 887 unfixed non-continuous variables out of 961
H19110  7759                     617.5176794  593.61985  3.87%  93.1  116s
H19124  7440                     616.7818833  593.61985  3.76%  93.0  119s
 19129  7633  616.01162   22 1081  616.78188  593.65794  3.75%  93.1  121s
 20262  8248  612.66930   33  994  616.78188  593.96232  3.70%  93.8  125s
 21506  8756  611.79957   35 1076  616.78188  594.22608  3.66%  94.5  130s
H21814  8573                     616.2156189  594.23578  3.57%  94.9  130s
H21890  8400                     615.6870294  594.23578  3.48%  94.9  130s
 22756  8826  613.44191   32  988  615.68703  594.47148  3.45%  95.2  135s
 24153  9215 infeasible   37       615.68703  594.83753  3.39%  96.2  140s
 25678  9637  604.61814   26 1129  615.68703  595.23104  3.32%  96.7  145s
 26834  9833  611.11824   29 1008  615.68703  595.44406  3.29%  97.8  151s
H27454  7710                     610.5695892  595.58113  2.45%  98.2  157s
 27878  7807     cutoff   30       610.56959  595.70201  2.44%  98.6  160s
 29273  7985     cutoff   30       610.56959  596.00942  2.38%  99.1  165s
 30482  8161  602.40293   28 1179  610.56959  596.35836  2.33%   100  171s
 31591  8334  604.78603   23 1152  610.56959  596.64656  2.28%   100  177s
 32123  8426  602.62061   26 1105  610.56959  596.79125  2.26%   101  180s
 33364  8658  606.10570   32 1097  610.56959  597.01874  2.22%   101  186s
 34775  8826  601.64392   30 1080  610.56959  597.28855  2.18%   101  192s
 35381  8873  608.21252   27  892  610.56959  597.41640  2.15%   101  195s
H36426  8601                     610.0033247  597.56435  2.04%   102  198s
 36490  8686  606.67983   30 1112  610.00332  597.64987  2.03%   102  201s
 37051  8755  609.64470   27  935  610.00332  597.77909  2.00%   102  205s
 38160  8872  607.69376   29 1147  610.00332  598.00094  1.97%   103  211s
 38652  8908     cutoff   30       610.00332  598.06853  1.96%   103  215s
 39708  8963  606.74004   31 1111  610.00332  598.27485  1.92%   104  221s
 40705  9030     cutoff   27       610.00332  598.43291  1.90%   105  228s
 41224  9059  607.42844   32 1057  610.00332  598.58224  1.87%   105  231s
 42326  9144  606.82878   31 1172  610.00332  598.78685  1.84%   105  238s
 42850  9161  608.21320   28  979  610.00332  598.87866  1.82%   106  241s
 43278  9187  609.88790   36  261  610.00332  598.96034  1.81%   106  245s
 44372  9255  602.08969   27 1186  610.00332  599.17239  1.78%   106  252s
 44916  9285  606.82016   26 1038  610.00332  599.28492  1.76%   106  255s
 46004  9286     cutoff   29       610.00332  599.51949  1.72%   107  264s
 46776  9301  603.53925   29 1186  610.00332  599.64700  1.70%   107  267s
 47341  9338     cutoff   34       610.00332  599.77546  1.68%   107  271s
 47883  9333  605.12656   30 1142  610.00332  599.86849  1.66%   107  275s
 48905  9339  606.22922   30  871  610.00332  600.10179  1.62%   108  284s
 49790  9330     cutoff   35       610.00332  600.20751  1.61%   108  288s
 50341  9289  606.94557   33 1170  610.00332  600.32987  1.59%   108  294s
 51188  9302  607.43378   24 1150  610.00332  600.49141  1.56%   108  299s
 52022  9270  603.34174   24 1146  610.00332  600.66482  1.53%   109  305s
 52769  9271  607.50433   31 1124  610.00332  600.78899  1.51%   109  310s
 53523  9240  608.89496   24 1115  610.00332  600.87719  1.50%   109  316s
 54311  9186     cutoff   32       610.00332  601.02236  1.47%   109  322s
 55064  9159  606.24889   27 1102  610.00332  601.16941  1.45%   109  327s
 55882  9149  602.74694   26 1139  610.00332  601.31017  1.43%   110  333s
 56670  9064     cutoff   37       610.00332  601.42745  1.41%   110  339s
 57468  9004  607.81078   28 1095  610.00332  601.57166  1.38%   110  345s
 58288  8947     cutoff   34       610.00332  601.70173  1.36%   110  351s
 59072  8889  607.06074   27 1156  610.00332  601.88388  1.33%   110  357s
 59859  8816  608.02757   41 1073  610.00332  602.04264  1.31%   111  363s
 60628  8767  604.62802   32 1163  610.00332  602.15848  1.29%   111  369s
 61388  8710  604.10955   29 1140  610.00332  602.30728  1.26%   111  375s
 62195  8609  605.80786   34 1081  610.00332  602.40880  1.24%   111  381s
 63010  8513     cutoff   32       610.00332  602.53170  1.22%   111  387s
 63806  8390  606.62708   28 1056  610.00332  602.69543  1.20%   111  393s
 64615  8264  606.76488   24 1162  610.00332  602.84577  1.17%   111  399s
 65408  8204  604.54439   26  995  610.00332  602.99700  1.15%   111  406s
 65741  8116  607.65454   34 1096  610.00332  603.08144  1.13%   111  413s
 66140  8001 infeasible   25       610.00332  603.10581  1.13%   111  419s
 66947  7845     cutoff   31       610.00332  603.27706  1.10%   111  425s
 67735  7725     cutoff   34       610.00332  603.42646  1.08%   112  432s
 68495  7548     cutoff   38       610.00332  603.54522  1.06%   112  438s
 69249  7369     cutoff   25       610.00332  603.66800  1.04%   112  445s
 70043  7211     cutoff   27       610.00332  603.80681  1.02%   112  452s
 70854  7059  608.35540   33  853  610.00332  603.93101  1.00%   112  459s
 71643  6888     cutoff   27       610.00332  604.06359  0.97%   112  466s
 72441  6682     cutoff   32       610.00332  604.23054  0.95%   112  472s
 73249  6509     cutoff   33       610.00332  604.37100  0.92%   112  479s
 74100  6298     cutoff   32       610.00332  604.50185  0.90%   112  486s
 74931  6287     cutoff   26       610.00332  604.67130  0.87%   112  494s
 74955  6190  608.00474   30 1119  610.00332  604.67344  0.87%   112  501s
 75282  5929     cutoff   29       610.00332  604.70498  0.87%   112  508s
 76065  5928  609.13896   29  926  610.00332  604.84240  0.85%   112  516s
 76082  5897     cutoff   30       610.00332  604.86854  0.84%   112  522s
 76176  5594     cutoff   29       610.00332  604.93754  0.83%   112  529s
 77022  5264     cutoff   29       610.00332  605.17569  0.79%   112  537s
 77917  4942     cutoff   34       610.00332  605.39077  0.76%   112  544s
 78763  4564     cutoff   40       610.00332  605.57383  0.73%   112  552s
 79595  4165     cutoff   39       610.00332  605.84150  0.68%   112  559s
 80499  3702     cutoff   36       610.00332  606.10981  0.64%   112  567s
 81425  3173     cutoff   28       610.00332  606.40028  0.59%   112  574s
 82328  2580     cutoff   36       610.00332  606.75307  0.53%   112  581s
 83256  1928     cutoff   40       610.00332  607.24462  0.45%   112  587s
 84197  1212  608.87582   33  471  610.00332  607.77237  0.37%   111  593s
 85073   425     cutoff   32       610.00332  608.49147  0.25%   111  596s

Cutting planes:
  Gomory: 4
  Clique: 2
  MIR: 2
  StrongCG: 1
  Flow cover: 10
  GUB cover: 1
  Zero half: 13
  Lazy constraints: 5603

Explored 86333 nodes (9469332 simplex iterations) in 598.07 seconds (1248.81 work units)
Thread count was 8 (of 18 available processors)

Solution count 10: 610.003 610.57 615.687 ... 649.845

Optimal solution found (tolerance 1.00e-04)
Best objective 6.100033247402e+02, best bound 6.100033247402e+02, gap 0.0000%

User-callback calls 212907, time in user-callback 39.46 sec
### START EXACT APPROACH ###
ProblemVariant: 5
### START PREPROCESSING ###
## Start infeasible path procedure ## 
Deleted arcs: 4
Infeasible tail paths: 0
Infeasible 2-node combinations: 2
## Start extended infeasible path procedure ##
Deleted arcs: 4
Infeasible tail paths: 0
Infeasible 2-node combinations: 2
## Start start solution procedure ##
Start solution with 9 Vehicles and total costs 794.64 in 0.263562 s.
### END PREPROCESSING ###
Route 0 0-1-22-28-0 : weight util 0.867647 | volume util 0.345289 | feasible with packing heuristic | feasible with CP model
Route 1 0-5-20-15-27-0 : weight util 1.000000 | volume util 0.479467 | feasible with packing heuristic | feasible with CP model
Route 2 0-7-13-29-21-0 : weight util 1.000000 | volume util 0.615133 | feasible with packing heuristic | feasible with CP model
Route 3 0-9-25-18-3-0 : weight util 0.985294 | volume util 0.480800 | feasible with packing heuristic | feasible with CP model
Route 4 0-11-10-0 : weight util 0.926471 | volume util 0.183111 | feasible with packing heuristic | feasible with CP model
Route 5 0-14-19-8-0 : weight util 0.911765 | volume util 0.405933 | feasible with packing heuristic | feasible with CP model
Route 6 0-16-23-24-12-0 : weight util 1.000000 | volume util 0.672444 | feasible with packing heuristic | feasible with CP model
Route 7 0-17-26-4-0 : weight util 1.000000 | volume util 0.395067 | feasible with packing heuristic | feasible with CP model
Route 8 0-30-2-6-0 : weight util 0.985294 | volume util 0.390467 | feasible with packing heuristic | feasible with CP model
