
Gurobi 12.0.1 (win64, C++) logging started Thu Apr 17 14:32:44 2025

Set parameter TokenServer to value "141.76.38.119"
Set parameter Threads to value 8
Set parameter LazyConstraints to value 1
Set parameter PreCrush to value 1
Set parameter Seed to value 0
Set parameter Cuts to value -1
Set parameter TimeLimit to value 28800
Set parameter NumericFocus to value 0
Set parameter SolutionLimit to value 10000
Gurobi Optimizer version 12.0.1 build v12.0.1rc0 (win64 - Windows Server 2022.0 (20348.2))

CPU model: AMD EPYC 7513 32-Core Processor, instruction set [SSE2|AVX|AVX2]
Thread count: 16 physical cores, 16 logical processors, using up to 8 threads

Non-default parameters:
SolutionLimit  10000
TimeLimit  28800
PreCrush  1
Threads  8
LazyConstraints  1

Optimize a model with 285 rows, 529 columns and 1534 nonzeros
Model fingerprint: 0x1ef47679
Variable types: 0 continuous, 529 integer (529 binary)
Coefficient statistics:
  Matrix range     [1e+00, 1e+00]
  Objective range  [4e+00, 1e+02]
  Bounds range     [1e+00, 1e+00]
  RHS range        [1e+00, 6e+00]

User MIP start produced solution with objective 844.973 (0.02s)
Loaded user MIP start with objective 844.973

Presolve removed 15 rows and 39 columns
Presolve time: 0.00s
Presolved: 270 rows, 490 columns, 1436 nonzeros
Variable types: 0 continuous, 490 integer (490 binary)

Root relaxation: objective 5.577212e+02, 82 iterations, 0.00 seconds (0.00 work units)

    Nodes    |    Current Node    |     Objective Bounds      |     Work
 Expl Unexpl |  Obj  Depth IntInf | Incumbent    BestBd   Gap | It/Node Time

     0     0  557.72123    0    -  844.97334  557.72123  34.0%     -    0s
     0     0  565.67595    0    -  844.97334  565.67595  33.1%     -    0s
     0     0  566.12691    0    -  844.97334  566.12691  33.0%     -    0s
     0     0  574.35112    0    -  844.97334  574.35112  32.0%     -    0s
     0     0  592.64137    0    -  844.97334  592.64137  29.9%     -    0s
     0     0  601.80815    0    -  844.97334  601.80815  28.8%     -    0s
     0     0  602.07329    0    -  844.97334  602.07329  28.7%     -    0s
     0     0  606.76881    0    -  844.97334  606.76881  28.2%     -    1s
     0     0  614.51165    0    -  844.97334  614.51165  27.3%     -    1s
     0     0  624.01773    0    -  844.97334  624.01773  26.1%     -    1s
     0     0  629.33643    0   26  844.97334  629.33643  25.5%     -    1s
     0     0  629.59262    0    -  844.97334  629.59262  25.5%     -    2s
     0     0  633.66393    0   49  844.97334  633.66393  25.0%     -    2s
     0     0  635.55349    0   41  844.97334  635.55349  24.8%     -    2s
     0     0  655.28621    0   42  844.97334  655.28621  22.4%     -    3s
     0     0  672.28892    0   42  844.97334  672.28892  20.4%     -    4s
     0     0  674.05770    0   45  844.97334  674.05770  20.2%     -   11s
     0     0  676.08654    0   57  844.97334  676.08654  20.0%     -   11s
     0     0  676.08654    0   54  844.97334  676.08654  20.0%     -   12s
     0     0  676.08654    0   42  844.97334  676.08654  20.0%     -   12s
     0     2  676.08654    0   42  844.97334  676.08654  20.0%     -   17s
   316   361  715.58470   32   49  844.97334  681.55964  19.3%  16.8   25s
   528   533  723.07901   45   18  844.97334  681.55964  19.3%  14.4   33s
   579   586  730.60055   48   36  844.97334  681.55964  19.3%  14.3   35s
   656   634  750.02701   54    -  844.97334  681.55964  19.3%  13.9   40s
   768   702  697.54606    6   46  844.97334  681.92395  19.3%  14.2   45s
H  778   649                     802.1801098  681.92395  15.0%  14.1   52s
   954   860  725.11274   15   29  802.18011  682.59168  14.9%  14.9   55s
  1113   978  731.00054   28   28  802.18011  682.59168  14.9%  14.5   62s
* 1127   974              52     799.4141464  685.05868  14.3%  14.4   62s
  1262  1107  748.21139   53   15  799.41415  685.55766  14.2%  14.3   70s
  1535  1295  713.08441   17   42  799.41415  686.08697  14.2%  13.3   80s
  1685  1381  783.30216   41    -  799.41415  686.59942  14.1%  13.1   93s
H 1686  1293                     784.3104356  686.59942  12.5%  13.1   93s
  1799  1405  712.24614   16   36  784.31044  686.59942  12.5%  13.5   95s
H 1886  1341                     774.5964172  686.59942  11.4%  13.4   97s
  1891  1344  734.67389   12   59  774.59642  687.09736  11.3%  13.4  103s
  1906  1354  700.88499    7   79  774.59642  693.01185  10.5%  13.3  105s
  1957  1405  703.36303   21   67  774.59642  693.71286  10.4%  14.7  111s
  2001  1441  699.16871   23   65  774.59642  693.71286  10.4%  15.2  115s
  2110  1511  706.32915   28   56  774.59642  693.73097  10.4%  16.0  121s
  2326  1630  715.68476   40   46  774.59642  693.73999  10.4%  16.8  125s
  2519  1676  718.25827   45   50  774.59642  694.21197  10.4%  16.9  130s
H 2532  1669                     769.6780827  694.60823  9.75%  17.0  131s
  2742  1804  726.48978   53   43  769.67808  694.79683  9.73%  17.3  140s
  3238  2008  761.19246   78   32  769.67808  695.49544  9.64%  17.0  145s
  3452  2041  728.59664   35   27  769.67808  695.95032  9.58%  16.8  150s
  3946  2240  756.68100   58   60  769.67808  697.11746  9.43%  16.6  155s
  3979  2318  756.84448   59   44  769.67808  697.11746  9.43%  16.6  161s
  4256  2414  738.53047   40   49  769.67808  697.65267  9.36%  16.6  167s
  4486  2509  729.75793   28   43  769.67808  697.65267  9.36%  16.6  173s
  4633  2575  766.05618   43   22  769.67808  698.11814  9.30%  16.6  176s
  5155  2791  727.12072   26   46  769.67808  698.26141  9.28%  16.5  186s
  5699  3020  716.60264   28   57  769.67808  700.12749  9.04%  16.4  193s
  5854  3117  737.03839   35    -  769.67808  700.12749  9.04%  16.6  199s
  6000  3090  726.24032   33   54  769.67808  700.12749  9.04%  16.6  200s
  6640  3724  730.52894   33   44  769.67808  700.42066  9.00%  16.9  213s
  6894  3762  726.62720   30   53  769.67808  701.39536  8.87%  16.8  220s
  7865  4562  759.79257   46   38  769.67808  702.21100  8.77%  16.5  225s
  8228  4827  762.67433   46   38  769.67808  702.70515  8.70%  16.5  231s
  8731  5226  711.11843   20   59  769.67808  702.85050  8.68%  16.5  238s
  9045  5400  755.78335   32   20  769.67808  703.01350  8.66%  16.4  240s
  9598  5643  753.23552   53   36  769.67808  703.47633  8.60%  16.4  245s
 10020  6047  745.82353   32   56  769.67808  704.28962  8.50%  16.4  252s
 10612  6486  756.01174   37   26  769.67808  704.68080  8.44%  16.7  257s
 11004  6727  756.95710   63   30  769.67808  704.87570  8.42%  16.7  264s
 11328  7031  742.39052   39   38  769.67808  705.06478  8.39%  16.7  267s
 11821  7127  721.52541   27   34  769.67808  705.31515  8.36%  16.7  271s
 12290  7658  734.62587   26   50  769.67808  705.56334  8.33%  16.8  275s
 13165  8224  744.20333   35   46  769.67808  705.62518  8.32%  16.9  280s
 13576  8457  760.81824   44   38  769.67808  706.35108  8.23%  16.8  295s
 14364  9021     cutoff   30       769.67808  706.95380  8.15%  17.0  302s
 15342  9693  751.83663   56   12  769.67808  707.24468  8.11%  17.1  313s
 15868  9751  721.02521   24   46  769.67808  707.52226  8.08%  17.2  318s
 16445 10461     cutoff   41       769.67808  707.75214  8.05%  17.1  326s
 17776 11510  748.75902   33   38  769.67808  708.30240  7.97%  17.2  330s
 18493 11807  748.32452   32   38  769.67808  708.46889  7.95%  17.3  340s
 19001 12228     cutoff   43       769.67808  708.73821  7.92%  17.4  346s
 19638 12686  766.71319   53   30  769.67808  708.91861  7.89%  17.4  369s
 20331 13079  747.03874   33   26  769.67808  709.25278  7.85%  17.4  375s
 20974 13546  720.21289   24   42  769.67808  709.48986  7.82%  17.6  381s
 21761 13955  728.31849   35   35  769.67808  709.65327  7.80%  17.6  392s
 22603 14348  755.58413   33   44  769.67808  709.79425  7.78%  17.6  397s
 23774 14849 infeasible   40       769.67808  709.98456  7.76%  17.7  410s
 24546 15619  730.17467   31   46  769.67808  710.25142  7.72%  17.7  418s
 25178 15996  740.16835   32   20  769.67808  710.56253  7.68%  17.8  423s
 25818 16450  730.58328   30   50  769.67808  710.69275  7.66%  18.0  432s
 27953 17801  747.38597   38   50  769.67808  711.26173  7.59%  18.0  443s
 28698 18006  727.95036   33   45  769.67808  711.52575  7.56%  18.0  447s
H28959 17682                     767.4579521  711.52912  7.29%  18.0  448s
 29553 18249  734.49059   35   43  767.45795  711.73923  7.26%  18.0  451s
 31531 19290  758.38236   46   19  767.45795  712.31110  7.19%  18.0  464s
H31719 16259                     757.8756056  712.31110  6.01%  18.0  465s
 34088 17459  723.64296   29   64  757.87561  712.99922  5.92%  18.2  478s
 34987 18083  720.35062   26   55  757.87561  713.48266  5.86%  18.3  481s
 36724 18892  743.42839   33   35  757.87561  713.90897  5.80%  18.5  488s
 37436 19206 infeasible   46       757.87561  714.11992  5.77%  18.5  490s
 38833 19823  739.53637   32   24  757.87561  714.44574  5.73%  18.6  500s
 39356 20148  734.01575   32   20  757.87561  714.58566  5.71%  18.7  510s
 40776 20770  732.40412   33   26  757.87561  714.95176  5.66%  18.7  524s
 41478 20977  740.43642   35   30  757.87561  715.11244  5.64%  18.8  526s
 43265 21812  726.92923   41   31  757.87561  715.50419  5.59%  18.8  530s
 45280 22787  741.54081   33   23  757.87561  715.87332  5.54%  19.0  535s
 47337 23665  750.13240   35   51  757.87561  716.28553  5.49%  19.0  544s
 47938 23923  734.10195   43   31  757.87561  716.37026  5.48%  19.1  546s
 49124 24392     cutoff   29       757.87561  716.67393  5.44%  19.1  550s
 49443 24395  729.88361   29   50  757.87561  716.69299  5.43%  19.2  555s
 52186 25435  720.51498   29   49  757.87561  717.22278  5.36%  19.4  560s
 54703 26699  735.23278   35   49  757.87561  717.70546  5.30%  19.5  565s
 57292 27712  726.95874   27   48  757.87561  718.17591  5.24%  19.5  570s
 59044 28405  745.37010   39   39  757.87561  718.44837  5.20%  19.6  581s
 60220 28879  746.06691   36   35  757.87561  718.67555  5.17%  19.6  585s
 62861 29685     cutoff   42       757.87561  719.08940  5.12%  19.7  591s
 65000 30701  754.67290   40   32  757.87561  719.42100  5.07%  19.8  596s
 68267 31857  754.91782   34   39  757.87561  719.94351  5.01%  19.9  603s
 69646 32356  726.68152   26   63  757.87561  720.13297  4.98%  20.0  608s
 70699 32543  721.18926   29   51  757.87561  720.25966  4.96%  20.0  610s
 72989 33474  744.24684   39   26  757.87561  720.63717  4.91%  20.1  615s
 75774 34318     cutoff   36       757.87561  721.01886  4.86%  20.1  620s
 76914 34716  746.86852   31   30  757.87561  721.19963  4.84%  20.2  627s
 78296 34957  738.04998   32    8  757.87561  721.33113  4.82%  20.2  630s
 79395 35360  756.27080   50   18  757.87561  721.40635  4.81%  20.2  635s
 82021 36355  749.79940   37   37  757.87561  721.83021  4.76%  20.3  651s
 82797 36547  732.28290   33   54  757.87561  721.91630  4.74%  20.3  655s
 85502 37562  733.72505   33   57  757.87561  722.24887  4.70%  20.4  663s
 86122 37807     cutoff   38       757.87561  722.30440  4.69%  20.4  668s
 87980 38165  741.90167   30   46  757.87561  722.47741  4.67%  20.4  670s
 90131 39086  736.35892   32   42  757.87561  722.76336  4.63%  20.5  675s
 91847 39717     cutoff   28       757.87561  722.94219  4.61%  20.5  680s
 93881 40338  740.53792   28   56  757.87561  723.14513  4.58%  20.5  685s
 96338 40971     cutoff   43       757.87561  723.47619  4.54%  20.6  690s
 98840 41836  750.39204   28   12  757.87561  723.72659  4.51%  20.6  695s
 99496 42006  748.62697   37   46  757.87561  723.79807  4.50%  20.6  701s
 102581 42868  750.21957   31   51  757.87561  724.11639  4.45%  20.7  706s
 103894 43272  743.28898   36   38  757.87561  724.22860  4.44%  20.7  710s
 105941 43836  756.28416   33   20  757.87561  724.42253  4.41%  20.8  715s
 109662 45024  739.83351   33   28  757.87561  724.76654  4.37%  20.8  720s
 112980 46109  753.95860   40   40  757.87561  725.04862  4.33%  20.8  729s
 113610 46272     cutoff   39       757.87561  725.11005  4.32%  20.8  730s
 113929 46273  725.25779   30   50  757.87561  725.12153  4.32%  20.8  735s
 117960 47613  750.36053   27   36  757.87561  725.48301  4.27%  20.9  740s
 123888 49331  752.52484   33   57  757.87561  726.04138  4.20%  20.9  745s
 125164 49657  745.05591   31   49  757.87561  726.14406  4.19%  21.0  753s
 126549 50059  741.06551   34   34  757.87561  726.25121  4.17%  21.0  756s
 129597 50944  756.24549   35   35  757.87561  726.49625  4.14%  21.0  760s
 134144 52248  753.20545   30   51  757.87561  726.90210  4.09%  21.0  765s
 137205 53139  744.47125   47   56  757.87561  727.12868  4.06%  21.1  770s
 138525 53412  747.42351   34   40  757.87561  727.22162  4.04%  21.1  778s
 139648 53729  755.29725   42   16  757.87561  727.32605  4.03%  21.1  780s
 142129 54374  750.51707   37   26  757.87561  727.49454  4.01%  21.1  785s
 145317 55257  743.40470   31   16  757.87561  727.71313  3.98%  21.2  790s
 147362 55756     cutoff   48       757.87561  727.84304  3.96%  21.2  795s
 149956 56226     cutoff   36       757.87561  728.00852  3.94%  21.2  803s
 150546 56474  753.83019   30   14  757.87561  728.06539  3.93%  21.2  805s
 153217 57134     cutoff   44       757.87561  728.25495  3.91%  21.2  810s
 157036 58239  746.90863   34   32  757.87561  728.50829  3.87%  21.2  815s
 159013 58785  753.60277   35   58  757.87561  728.60858  3.86%  21.2  824s
 159700 58954     cutoff   43       757.87561  728.65102  3.86%  21.2  825s
 164267 60017     cutoff   35       757.87561  728.96936  3.81%  21.3  836s
 167900 60939  736.48885   24   42  757.87561  729.18577  3.79%  21.3  840s
 170479 61478  751.31877   31   55  757.87561  729.33485  3.77%  21.3  850s
 174329 62460  745.11550   35   30  757.87561  729.54054  3.74%  21.3  856s
 177069 63194  746.82271   39   50  757.87561  729.70559  3.72%  21.3  860s
 178079 63379  743.98566   39   14  757.87561  729.76495  3.71%  21.3  865s
 179140 63678     cutoff   29       757.87561  729.82205  3.70%  21.4  872s
 180293 63885  746.26124   40   53  757.87561  729.86462  3.70%  21.4  875s
 183836 64744     cutoff   33       757.87561  730.07601  3.67%  21.4  880s
 188222 65863  757.87179   36   21  757.87561  730.33055  3.63%  21.4  885s
 188940 65991     cutoff   34       757.87561  730.37293  3.63%  21.4  890s
 193546 66973  733.65505   35   47  757.87561  730.62683  3.60%  21.4  895s
 195398 67433  753.63005   40   42  757.87561  730.73755  3.58%  21.4  900s
 198637 68096  751.41368   34   45  757.87561  730.94216  3.55%  21.5  907s
 201269 68586     cutoff   38       757.87561  731.09342  3.53%  21.5  911s
 204460 69350  750.09831   41   43  757.87561  731.24942  3.51%  21.5  915s
 208387 70191  754.92738   42   41  757.87561  731.44182  3.49%  21.5  921s
 211126 70699     cutoff   36       757.87561  731.57707  3.47%  21.5  931s
 214228 71378  749.20479   42   39  757.87561  731.74665  3.45%  21.5  935s
 218297 72218  756.81768   28   24  757.87561  731.92605  3.42%  21.6  940s
 222123 72955     cutoff   49       757.87561  732.11695  3.40%  21.6  945s
 225765 73654  738.60400   40   42  757.87561  732.29629  3.38%  21.6  950s
 227904 74133  746.37163   36   26  757.87561  732.41219  3.36%  21.6  955s
 232277 74911 infeasible   33       757.87561  732.62400  3.33%  21.6  960s
 234821 75391  738.46652   36   35  757.87561  732.74156  3.32%  21.6  965s
 235477 75522  753.90950   49   52  757.87561  732.77080  3.31%  21.6  972s
 238145 76063     cutoff   55       757.87561  732.88357  3.30%  21.6  975s
 242046 76709  737.71934   36   52  757.87561  733.06026  3.27%  21.7  980s
 245928 77371     cutoff   37       757.87561  733.23514  3.25%  21.7  985s
 250362 78076     cutoff   35       757.87561  733.43767  3.22%  21.7  990s
 251001 78205  740.29296   36   25  757.87561  733.46079  3.22%  21.7  997s
 253058 78525  757.14852   34   40  757.87561  733.54532  3.21%  21.7 1000s
 257525 79466  754.23942   41   24  757.87561  733.71779  3.19%  21.7 1005s
 262012 80304  751.76467   36   38  757.87561  733.90654  3.16%  21.7 1010s
 265793 80973     cutoff   38       757.87561  734.07045  3.14%  21.7 1017s
 267758 81339  739.61260   38   52  757.87561  734.14527  3.13%  21.8 1020s
 272372 82126  737.62547   36   38  757.87561  734.31258  3.11%  21.8 1028s
 273414 82254  744.63718   32   24  757.87561  734.36177  3.10%  21.8 1030s
 277259 82798  755.96025   31   24  757.87561  734.51211  3.08%  21.8 1035s
 279253 83229     cutoff   55       757.87561  734.59549  3.07%  21.8 1040s
 283247 83978  754.19904   38   34  757.87561  734.77156  3.05%  21.8 1048s
 284432 84158     cutoff   37       757.87561  734.81609  3.04%  21.8 1055s
 287005 84576  750.42770   32   41  757.87561  734.93172  3.03%  21.8 1060s
 291439 85252  739.17889   36   53  757.87561  735.11169  3.00%  21.8 1065s
 294457 85711  739.00347   36   52  757.87561  735.21353  2.99%  21.8 1070s
 297119 86112     cutoff   31       757.87561  735.32170  2.98%  21.8 1075s
 301158 86781  755.24533   40   35  757.87561  735.47067  2.96%  21.8 1080s
 305133 87375     cutoff   32       757.87561  735.62340  2.94%  21.8 1085s
 308985 87895  756.38748   33   28  757.87561  735.76718  2.92%  21.8 1090s
 313545 88552  749.68501   44   33  757.87561  735.92131  2.90%  21.8 1095s
 316791 88759     cutoff   50       757.87561  736.04834  2.88%  21.9 1106s
 319286 89151  742.97251   37   55  757.87561  736.13077  2.87%  21.9 1110s
 323183 89728     cutoff   36       757.87561  736.27646  2.85%  21.9 1115s
 326202 90129 infeasible   26       757.87561  736.36666  2.84%  21.9 1120s
 330007 90733  748.16203   35   18  757.87561  736.50300  2.82%  21.9 1125s
 333237 91176  739.75822   28   49  757.87561  736.62206  2.80%  21.9 1130s
 337233 91632  749.66221   33   29  757.87561  736.77344  2.78%  21.9 1135s
 340571 91988  740.89445   33   24  757.87561  736.89597  2.77%  21.9 1144s
 341206 92040  751.10082   31   55  757.87561  736.91638  2.77%  21.9 1145s
 345149 92477     cutoff   36       757.87561  737.05717  2.75%  21.9 1150s
 349097 92904  753.00967   37   29  757.87561  737.17418  2.73%  21.9 1155s
 352882 93264  742.01398   39   60  757.87561  737.29805  2.72%  21.9 1160s
 356748 93646     cutoff   34       757.87561  737.42932  2.70%  21.9 1165s
 360426 94037  752.99614   37   54  757.87561  737.54245  2.68%  21.9 1170s
 364560 94504     cutoff   27       757.87561  737.70100  2.66%  21.9 1175s
 367893 94835     cutoff   35       757.87561  737.79895  2.65%  22.0 1180s
 370525 95135  741.45473   32   23  757.87561  737.89586  2.64%  22.0 1185s
 374418 95513  749.77097   38   45  757.87561  738.02476  2.62%  22.0 1190s
 377664 95877  745.26775   38   46  757.87561  738.12711  2.61%  22.0 1195s
 381556 96185  746.39247   40   47  757.87561  738.26131  2.59%  22.0 1200s
 385398 96491  747.53187   35   46  757.87561  738.38525  2.57%  22.0 1205s
 388544 96761  746.29462   33   65  757.87561  738.49703  2.56%  22.0 1210s
 392304 97109     cutoff   38       757.87561  738.62211  2.54%  22.0 1215s
 395743 97397  752.84047   34   20  757.87561  738.72698  2.53%  22.0 1220s
 397946 97540     cutoff   47       757.87561  738.79229  2.52%  22.0 1225s
 401167 97755  751.36489   37   24  757.87561  738.89186  2.50%  22.0 1230s
 404908 98092  748.13710   41   57  757.87561  739.01065  2.49%  22.0 1235s
 408150 98355  754.65912   40   51  757.87561  739.10025  2.48%  22.0 1240s
 411453 98605  743.67787   36   44  757.87561  739.20140  2.46%  22.0 1245s
 415446 98784  752.91970   36   45  757.87561  739.31475  2.45%  22.0 1250s
 418898 99058  749.28937   34   37  757.87561  739.42182  2.43%  22.0 1255s
 422608 99199     cutoff   50       757.87561  739.53591  2.42%  22.0 1260s
 424426 99374  752.63840   42   43  757.87561  739.56897  2.42%  22.0 1265s
 426902 99520  740.67654   37   39  757.87561  739.66143  2.40%  22.0 1270s
 430263 99672     cutoff   36       757.87561  739.75118  2.39%  22.0 1275s
 433689 99883  753.71976   32   37  757.87561  739.85142  2.38%  22.0 1280s
 436923 100183  745.76656   34   20  757.87561  739.94392  2.37%  22.0 1285s
 440222 100361  743.43137   46   35  757.87561  740.03232  2.35%  22.0 1290s
 443651 100536     cutoff   33       757.87561  740.11967  2.34%  22.0 1295s
 447011 100738     cutoff   30       757.87561  740.20654  2.33%  22.0 1300s
 450532 100830     cutoff   38       757.87561  740.31018  2.32%  22.0 1305s
 453783 100961  747.39010   45   27  757.87561  740.41656  2.30%  22.0 1310s
 455916 100954 infeasible   27       757.87561  740.48020  2.30%  22.0 1316s
 457761 100983     cutoff   34       757.87561  740.53181  2.29%  22.0 1320s
 461824 101242     cutoff   38       757.87561  740.64449  2.27%  22.0 1325s
 465078 101450  750.36313   37   46  757.87561  740.72219  2.26%  22.0 1330s
 468299 101500  752.35124   41   18  757.87561  740.81527  2.25%  22.0 1335s
 471536 101556     cutoff   33       757.87561  740.91245  2.24%  22.0 1340s
 475042 101755  753.77729   32   52  757.87561  740.99846  2.23%  22.0 1345s
 478419 101841     cutoff   33       757.87561  741.09180  2.21%  22.0 1350s
 481254 101811  756.49284   33   27  757.87561  741.17318  2.20%  22.0 1355s
 485009 101848  750.80360   52   35  757.87561  741.28565  2.19%  22.0 1360s
 488428 101941     cutoff   30       757.87561  741.37635  2.18%  22.0 1365s
 491927 102080  747.30051   36   58  757.87561  741.46753  2.17%  22.0 1370s
 495319 102145  750.25277   36   45  757.87561  741.56782  2.15%  22.0 1375s
 498705 102189     cutoff   42       757.87561  741.65421  2.14%  22.0 1380s
 502068 102196     cutoff   39       757.87561  741.75838  2.13%  22.0 1385s
 504931 102232  753.37242   38   34  757.87561  741.82723  2.12%  22.0 1390s
 508164 102299  757.57496   45   43  757.87561  741.92024  2.11%  22.0 1395s
 511479 102313     cutoff   33       757.87561  741.99957  2.09%  22.0 1400s
 514471 102418  751.07629   43   54  757.87561  742.07039  2.09%  22.0 1405s
 517753 102392  751.44242   36   44  757.87561  742.15086  2.07%  22.0 1410s
 521029 102355  755.71870   34   48  757.87561  742.23814  2.06%  22.0 1415s
 524083 102291  749.12284   36   45  757.87561  742.32975  2.05%  22.0 1420s
 527296 102238  754.84289   34   32  757.87561  742.41434  2.04%  22.0 1425s
 530474 102100  745.14394   35   51  757.87561  742.49198  2.03%  22.0 1430s
 533004 101988  749.63688   32   31  757.87561  742.57606  2.02%  22.0 1435s
 536655 102058  743.56927   36   43  757.87561  742.67637  2.01%  22.1 1440s
 539944 102041  749.71803   40   30  757.87561  742.75318  2.00%  22.1 1445s
 542792 101988  755.06781   44   34  757.87561  742.82387  1.99%  22.1 1450s
 546052 101908  755.21282   40   50  757.87561  742.91231  1.97%  22.1 1455s
 549440 101791  746.79121   34   57  757.87561  742.99500  1.96%  22.1 1460s
 551153 101647  753.24482   38   34  757.87561  743.03336  1.96%  22.1 1466s
 553766 101513  756.25608   44   32  757.87561  743.11554  1.95%  22.1 1470s
 555670 101466     cutoff   40       757.87561  743.16865  1.94%  22.1 1475s
 558458 101310     cutoff   48       757.87561  743.24018  1.93%  22.1 1480s
 561990 101140  755.29771   35   36  757.87561  743.33086  1.92%  22.1 1486s
 564655 101037  756.23585   45   31  757.87561  743.39860  1.91%  22.1 1490s
 567489 100887     cutoff   49       757.87561  743.46829  1.90%  22.1 1495s
 571133 100719  752.15728   35   33  757.87561  743.57150  1.89%  22.1 1501s
 573970 100641     cutoff   37       757.87561  743.65017  1.88%  22.1 1505s
 576692 100524 infeasible   46       757.87561  743.71444  1.87%  22.1 1510s
 580089 100291  745.42486   35   32  757.87561  743.80047  1.86%  22.1 1515s
 582706 100144  755.25913   46   58  757.87561  743.86580  1.85%  22.1 1520s
 586090 100004     cutoff   45       757.87561  743.94726  1.84%  22.1 1526s
 588753 99812  753.36457   39   32  757.87561  744.02309  1.83%  22.1 1530s
 592253 99603  744.65983   31   12  757.87561  744.12483  1.81%  22.1 1536s
 594760 99394  757.72947   33   22  757.87561  744.18146  1.81%  22.1 1540s
 598427 99169  754.63616   38   41  757.87561  744.26944  1.80%  22.1 1546s
 600962 98887  754.70062   48   37  757.87561  744.34227  1.79%  22.1 1550s
 604376 98664     cutoff   44       757.87561  744.43472  1.77%  22.1 1556s
 606909 98392  752.11572   50   31  757.87561  744.50094  1.76%  22.1 1560s
 610498 98126  751.40327   34   29  757.87561  744.58912  1.75%  22.1 1568s
 612270 97910  752.92857   37   38  757.87561  744.63375  1.75%  22.1 1571s
 614825 97710  752.43913   42   49  757.87561  744.69570  1.74%  22.1 1575s
 618475 97390  749.43946   47   34  757.87561  744.78809  1.73%  22.1 1581s
 620998 97216     cutoff   42       757.87561  744.85371  1.72%  22.1 1585s
 624506 96907     cutoff   50       757.87561  744.93567  1.71%  22.1 1590s
 627836 96549  745.05086   37   37  757.87561  745.02038  1.70%  22.1 1595s
 630457 96252     cutoff   42       757.87561  745.07916  1.69%  22.1 1600s
 633632 95914     cutoff   37       757.87561  745.15764  1.68%  22.1 1605s
 637175 95519     cutoff   45       757.87561  745.24327  1.67%  22.1 1611s
 639767 95248  751.18118   33   58  757.87561  745.31438  1.66%  22.1 1615s
 643339 94862     cutoff   43       757.87561  745.39136  1.65%  22.1 1621s
 645932 94584     cutoff   47       757.87561  745.45137  1.64%  22.1 1625s
 649406 94134  751.64598   42   40  757.87561  745.53248  1.63%  22.1 1630s
 651767 93810     cutoff   35       757.87561  745.59137  1.62%  22.1 1635s
 655413 93452     cutoff   42       757.87561  745.68335  1.61%  22.1 1640s
 657873 93121     cutoff   36       757.87561  745.74736  1.60%  22.1 1645s
 661257 92596     cutoff   46       757.87561  745.83480  1.59%  22.1 1650s
 663924 92236  748.72216   40   51  757.87561  745.91066  1.58%  22.1 1655s
 667362 91689 infeasible   39       757.87561  746.00538  1.57%  22.1 1660s
 669972 91232  752.35778   36   52  757.87561  746.07563  1.56%  22.1 1665s
 673297 90596  755.36079   32   24  757.87561  746.16881  1.54%  22.1 1671s
 675831 90136  751.44356   54   49  757.87561  746.24302  1.53%  22.1 1675s
 678456 89697     cutoff   50       757.87561  746.31498  1.53%  22.1 1680s
 681999 89113     cutoff   35       757.87561  746.40816  1.51%  22.1 1685s
 684494 88645     cutoff   44       757.87561  746.47165  1.50%  22.1 1690s
 687907 87942  751.44376   50   30  757.87561  746.57019  1.49%  22.1 1696s
 690585 87487     cutoff   38       757.87561  746.63757  1.48%  22.1 1700s
 693112 86944  756.20579   39   39  757.87561  746.70972  1.47%  22.1 1705s
 696539 86271     cutoff   51       757.87561  746.80675  1.46%  22.1 1711s
 699174 85758  756.06776   43   18  757.87561  746.88441  1.45%  22.1 1715s
 702484 85001     cutoff   37       757.87561  746.97877  1.44%  22.1 1721s
 705149 84452     cutoff   38       757.87561  747.05828  1.43%  22.1 1726s
 707771 83905     cutoff   37       757.87561  747.13066  1.42%  22.1 1730s
 710248 83285     cutoff   43       757.87561  747.20266  1.41%  22.1 1735s
 713691 82473  757.56843   43   41  757.87561  747.30089  1.40%  22.1 1740s
 716205 81873 infeasible   43       757.87561  747.37433  1.39%  22.1 1745s
 719706 81197 infeasible   42       757.87561  747.47511  1.37%  22.1 1751s
 720444 80800     cutoff   45       757.87561  747.47958  1.37%  22.1 1755s
 723982 79885  751.53456   38   34  757.87561  747.60721  1.35%  22.1 1761s
 726739 79172     cutoff   41       757.87561  747.69169  1.34%  22.1 1765s
 729311 78430  756.26035   45   46  757.87561  747.77447  1.33%  22.1 1770s
 732914 77395  749.73509   34   50  757.87561  747.88948  1.32%  22.1 1776s
 735488 76661  752.26923   48   47  757.87561  747.96342  1.31%  22.1 1781s
 737347 76209  757.32079   54   52  757.87561  748.02143  1.30%  22.1 1786s
 739902 75438     cutoff   43       757.87561  748.10260  1.29%  22.1 1790s
 742486 74630  757.55836   46   52  757.87561  748.18366  1.28%  22.1 1795s
 745181 73723  749.93400   40   56  757.87561  748.26833  1.27%  22.1 1800s
 748586 72679  753.28912   37   44  757.87561  748.38442  1.25%  22.1 1806s
 751212 71907     cutoff   45       757.87561  748.46759  1.24%  22.1 1810s
 753878 71130  755.46654   37   20  757.87561  748.54926  1.23%  22.1 1815s
 756365 70303  755.60385   32   36  757.87561  748.62699  1.22%  22.1 1820s
 759820 69093  756.30425   35   22  757.87561  748.73420  1.21%  22.1 1826s
 762395 68137     cutoff   39       757.87561  748.82734  1.19%  22.1 1831s
 764996 67309     cutoff   43       757.87561  748.91071  1.18%  22.1 1835s
 767552 66424     cutoff   40       757.87561  748.99683  1.17%  22.1 1840s
 770305 65575     cutoff   39       757.87561  749.08581  1.16%  22.1 1845s
 773707 64150  752.71264   34   41  757.87561  749.20533  1.14%  22.1 1851s
 776357 63244  752.04171   47   42  757.87561  749.29111  1.13%  22.1 1856s
 779036 62219     cutoff   38       757.87561  749.38982  1.12%  22.1 1860s
 781712 61236     cutoff   40       757.87561  749.48871  1.11%  22.1 1865s
 784052 60436     cutoff   33       757.87561  749.55396  1.10%  22.1 1871s
 786709 59220  754.81302   37   36  757.87561  749.67376  1.08%  22.1 1875s
 789420 58070     cutoff   44       757.87561  749.77327  1.07%  22.1 1880s
 792200 56913     cutoff   45       757.87561  749.88469  1.05%  22.1 1885s
 794827 55719     cutoff   40       757.87561  749.98330  1.04%  22.1 1890s
 798563 54175  752.93741   48   36  757.87561  750.12595  1.02%  22.1 1896s
 801212 52971     cutoff   47       757.87561  750.22684  1.01%  22.1 1901s
 803859 51798     cutoff   45       757.87561  750.32881  1.00%  22.1 1905s
 806594 50635     cutoff   45       757.87561  750.43264  0.98%  22.1 1910s
 809235 49479     cutoff   49       757.87561  750.52893  0.97%  22.1 1915s
 812771 47761     cutoff   35       757.87561  750.68181  0.95%  22.1 1920s
 815361 46541  752.66554   39   48  757.87561  750.78408  0.94%  22.1 1925s
 818910 44787     cutoff   37       757.87561  750.94130  0.91%  22.1 1931s
 821598 43439     cutoff   38       757.87561  751.07050  0.90%  22.1 1935s
 824150 42089     cutoff   45       757.87561  751.18713  0.88%  22.1 1940s
 826766 40726     cutoff   39       757.87561  751.28692  0.87%  22.1 1945s
 830392 38749     cutoff   38       757.87561  751.48790  0.84%  22.1 1951s
 832959 37250     cutoff   43       757.87561  751.61256  0.83%  22.1 1955s
 835743 35681     cutoff   34       757.87561  751.76490  0.81%  22.1 1960s
 839275 33538  754.23910   43   60  757.87561  751.96385  0.78%  22.1 1966s
 842026 31932     cutoff   36       757.87561  752.11602  0.76%  22.1 1970s
 845507 29713     cutoff   32       757.87561  752.32530  0.73%  22.0 1976s
 848251 27967     cutoff   36       757.87561  752.50918  0.71%  22.0 1980s
 850986 26266     cutoff   39       757.87561  752.68817  0.68%  22.0 1985s
 854491 23803  752.94350   34   13  757.87561  752.93475  0.65%  22.0 1990s
 857224 21932  755.67466   45   24  757.87561  753.12782  0.63%  22.0 1995s
 860787 19297  757.86610   35   28  757.87561  753.41191  0.59%  22.0 2000s
 864487 16662     cutoff   46       757.87561  753.73757  0.55%  22.0 2006s
 868124 13844     cutoff   37       757.87561  754.10579  0.50%  22.0 2011s
 871906 10763     cutoff   40       757.87561  754.54896  0.44%  21.9 2016s
 874814  8512     cutoff   40       757.87561  754.96591  0.38%  21.9 2020s
 878588  5000     cutoff   37       757.87561  755.66305  0.29%  21.9 2025s
 882850   921     cutoff   42       757.87561  756.91398  0.13%  21.8 2030s

Cutting planes:
  Gomory: 14
  Cover: 124
  Clique: 9
  MIR: 5
  Flow cover: 12
  GUB cover: 1
  Zero half: 131
  Relax-and-lift: 2
  Lazy constraints: 6231

Explored 884884 nodes (19276195 simplex iterations) in 2032.05 seconds (1580.53 work units)
Thread count was 8 (of 16 available processors)

Solution count 8: 757.876 767.458 769.678 ... 844.973

Optimal solution found (tolerance 1.00e-04)
Best objective 7.578756055701e+02, best bound 7.578756055701e+02, gap 0.0000%

User-callback calls 1788678, time in user-callback 813.75 sec
### START EXACT APPROACH ###
ProblemVariant: 1
### START PREPROCESSING ###
## Start infeasible path procedure ## 
Deleted arcs: 16
Infeasible tail paths: 8
Infeasible 2-node combinations: 8
## Start extended infeasible path procedure ##
Deleted arcs: 16
Infeasible tail paths: 8
Infeasible 2-node combinations: 8
## Start start solution procedure ##
Start solution with 6 Vehicles and total costs 844.973 in 3.70515 s.
### END PREPROCESSING ###
Route 0 0-2-1-6-10-0 : weight util 0.996444 | volume util 0.456244 | feasible with packing heuristic | feasible with CP model
Route 1 0-3-15-16-14-17-0 : weight util 0.235556 | volume util 0.674356 | infeasible with packing heuristic | feasible with CP model
Route 2 0-7-8-5-4-21-0 : weight util 0.327778 | volume util 0.544978 | infeasible with packing heuristic | feasible with CP model
Route 3 0-12-11-13-9-0 : weight util 0.416667 | volume util 0.693400 | infeasible with packing heuristic | feasible with CP model
Route 4 0-18-19-22-20-0 : weight util 0.287778 | volume util 0.492467 | feasible with packing heuristic | feasible with CP model
