
Gurobi 12.0.1 (win64, C++) logging started Sat Apr 26 01:23:08 2025

Set parameter Username
Academic license - for non-commercial use only - expires 2026-01-06
Set parameter Threads to value 8
Set parameter LazyConstraints to value 1
Set parameter PreCrush to value 1
Set parameter Seed to value 20
Set parameter Cuts to value -1
Set parameter TimeLimit to value 28800
Set parameter NumericFocus to value 0
Set parameter SolutionLimit to value 10000
Gurobi Optimizer version 12.0.1 build v12.0.1rc0 (win64 - Windows Server 2022.0 (20348.2))

CPU model: AMD EPYC 7513 32-Core Processor, instruction set [SSE2|AVX|AVX2]
Thread count: 18 physical cores, 18 logical processors, using up to 8 threads

Non-default parameters:
SolutionLimit  10000
TimeLimit  28800
PreCrush  1
Seed  20
Threads  8
LazyConstraints  1

Optimize a model with 864 rows, 1681 columns and 4924 nonzeros
Model fingerprint: 0x2a846395
Variable types: 0 continuous, 1681 integer (1681 binary)
Coefficient statistics:
  Matrix range     [1e+00, 1e+00]
  Objective range  [4e+00, 7e+01]
  Bounds range     [1e+00, 1e+00]
  RHS range        [1e+00, 1e+01]

Warning: Completing partial solution with 1544 unfixed non-continuous variables out of 1681
User MIP start produced solution with objective 1063.77 (0.00s)
Loaded user MIP start with objective 1063.77

Presolve removed 23 rows and 83 columns
Presolve time: 0.01s
Presolved: 841 rows, 1598 columns, 4678 nonzeros
Variable types: 0 continuous, 1598 integer (1598 binary)

Root relaxation: objective 6.350581e+02, 169 iterations, 0.00 seconds (0.00 work units)

    Nodes    |    Current Node    |     Objective Bounds      |     Work
 Expl Unexpl |  Obj  Depth IntInf | Incumbent    BestBd   Gap | It/Node Time

     0     0  635.05813    0    - 1063.77403  635.05813  40.3%     -    0s
     0     0  656.63003    0    8 1063.77403  656.63003  38.3%     -    0s
     0     0  700.87522    0   28 1063.77403  700.87522  34.1%     -    0s
     0     0  715.95375    0    4 1063.77403  715.95375  32.7%     -    0s
     0     0  736.05048    0   36 1063.77403  736.05048  30.8%     -    0s
     0     0  736.57790    0   33 1063.77403  736.57790  30.8%     -    0s
     0     0  736.57790    0   29 1063.77403  736.57790  30.8%     -    0s
     0     2  736.57790    0   29 1063.77403  736.57790  30.8%     -    0s
    47    56  809.65940    7  134 1063.77403  779.61364  26.7%   315    5s
    79    88  822.62752    9  147 1063.77403  779.61364  26.7%   459   10s
   106   112  828.52795   10  144 1063.77403  779.61364  26.7%   481   15s
   138   142  830.65524   12  150 1063.77403  779.61364  26.7%   451   20s
   165   175  829.54808   16  150 1063.77403  779.61364  26.7%   413   25s
   189   197  832.88837   24  155 1063.77403  779.61364  26.7%   402   30s
   386   427  837.02929   33  140 1063.77403  779.61364  26.7%   272   35s
   868   922  864.07765  105  125 1063.77403  779.61364  26.7%   178   40s
  1796  1928  900.51140  164  107 1063.77403  779.61364  26.7%   116   45s
Warning: Completing partial solution with 1544 unfixed non-continuous variables out of 1681
H 2446  2368                     969.5201022  780.60658  19.5%   103   48s
  2558  2417  822.68716   10  151  969.52010  780.93149  19.5%   103   50s
  2647  2466  892.37429  303   29  969.52010  780.93149  19.5%   107   78s
  2649  2467  879.99240  168 1089  969.52010  815.86593  15.8%   107   82s
  2650  2468  872.00878  122 1104  969.52010  818.16036  15.6%   107   85s
  2654  2471  894.35443  310 1116  969.52010  819.98980  15.4%   107   91s
  2656  2472  868.65494  147 1112  969.52010  820.43979  15.4%   106   95s
  2660  2475  854.77712  147 1117  969.52010  821.02338  15.3%   106  100s
  2663  2477  847.88970   87 1109  969.52010  821.30296  15.3%   106  105s
  2760  2558  826.21515   21 1096  969.52010  821.51460  15.3%   116  110s
  3183  2855  844.78500   51 1019  969.52010  821.51460  15.3%   138  115s
  3403  3008  842.94928   66  959  969.52010  821.51460  15.3%   148  120s
  4338  3565  835.87855   23 1085  969.52010  821.51460  15.3%   148  125s
Warning: Completing partial solution with 1544 unfixed non-continuous variables out of 1681
H 4694  3444                     883.3993785  821.51460  7.01%   148  129s
  4721  3466  850.46639   40 1080  883.39938  821.51460  7.01%   148  130s
  5585  3928  855.04222   52  994  883.39938  822.17300  6.93%   147  135s
  5958  4039  844.80139   41 1057  883.39938  822.17300  6.93%   146  141s
  6513  4328  871.33179   59  998  883.39938  822.87518  6.85%   145  145s
  7108  4719  848.93125   32 1045  883.39938  823.75587  6.75%   146  150s
Warning: Completing partial solution with 1544 unfixed non-continuous variables out of 1681
H 7683  4615                     876.6693702  824.04036  6.00%   145  153s
  7949  4876  869.22604   87  905  876.66937  824.04036  6.00%   144  155s
  8874  5347  863.22992   37 1016  876.66937  824.23932  5.98%   146  160s
  9680  5765  848.35002   45 1057  876.66937  824.64315  5.93%   146  165s
 10488  6188  833.37432   28 1058  876.66937  825.27474  5.86%   146  171s
 11088  6777  869.97047   62  942  876.66937  825.58240  5.83%   148  175s
 11889  7285  848.91433   25 1061  876.66937  825.82111  5.80%   148  180s
 12987  8228  855.04698   50 1045  876.66937  826.07687  5.77%   151  187s
 13476  8406     cutoff   56       876.66937  826.14690  5.76%   151  190s
H13865  8389                     874.0486780  826.17058  5.48%   152  194s
 14083  8709  859.12666   44  960  874.04868  826.17058  5.48%   153  197s
 14540  9016  833.29819   27 1078  874.04868  826.17335  5.48%   154  200s
 15292  9558     cutoff   46       874.04868  826.27456  5.47%   157  207s
 15772  9937  867.69560   47  952  874.04868  826.41444  5.45%   157  210s
 16732 10555  833.51177   30 1099  874.04868  826.60876  5.43%   159  217s
H16826 10541                     873.9018690  826.60876  5.41%   160  217s
 17125 10597  866.07474   54 1038  873.90187  826.60876  5.41%   161  223s
 17230 11100  861.50660   56 1030  873.90187  826.60876  5.41%   161  228s
 17893 11518  828.69050   21 1087  873.90187  826.78249  5.39%   161  232s
 18444 12063  850.69448   43 1024  873.90187  826.80004  5.39%   161  237s
 19175 12462  862.82152   72  924  873.90187  826.90739  5.38%   161  241s
Warning: Completing partial solution with 1544 unfixed non-continuous variables out of 1681
H19319 12356                     873.1201615  826.90739  5.29%   161  241s
 19806 12983  848.08445   35 1061  873.12016  827.17863  5.26%   162  246s
 20647 13347  845.34866   46 1084  873.12016  827.37457  5.24%   161  251s
 21337 13713  858.89855   38  959  873.12016  827.49075  5.23%   162  255s
 21936 14311  870.72973   37 1015  873.12016  827.63354  5.21%   163  261s
 22753 15057  837.35349   19 1081  873.12016  827.92383  5.18%   163  266s
 23735 15645  868.03329   51  987  873.12016  827.94930  5.17%   162  272s
 24538 16268  846.55773   30 1071  873.12016  828.09968  5.16%   162  277s
 25312 16684  864.93882   59  999  873.12016  828.21138  5.14%   162  284s
 25932 17288  832.36956   28 1074  873.12016  828.31328  5.13%   162  290s
 26788 17931  841.54325   36 1057  873.12016  828.39900  5.12%   161  295s
 27637 18377  842.58081   38 1080  873.12016  828.51299  5.11%   161  301s
 28305 18796  871.44536   42 1040  873.12016  828.55651  5.10%   161  306s
 28930 19269  861.33250   25 1059  873.12016  828.60321  5.10%   162  312s
 29519 19717  842.37339   36 1076  873.12016  828.72466  5.08%   163  317s
 30078 20216  856.82001   54  895  873.12016  828.77237  5.08%   164  323s
 30781 20623  839.13979   31 1085  873.12016  828.88379  5.07%   164  328s
 31377 21010  863.20002   34 1071  873.12016  829.02658  5.05%   165  334s
 32135 21405  844.76069   25 1086  873.12016  829.04368  5.05%   164  339s
 32727 21415  840.29328   27 1074  873.12016  829.08891  5.04%   165  348s
 32737 21551  842.73188   28 1061  873.12016  829.08891  5.04%   165  354s
 32799 21551     cutoff   47       873.12016  829.08891  5.04%   165  355s
 32947 21966  844.14606   29 1067  873.12016  829.08891  5.04%   165  361s
 33525 22425  842.70720   25 1075  873.12016  829.17979  5.03%   165  367s
 34154 22857  844.13774   38 1079  873.12016  829.27232  5.02%   165  373s
 34764 23226  856.27802   38 1059  873.12016  829.33153  5.02%   166  379s
 35229 23538  863.13381   30 1074  873.12016  829.33153  5.02%   167  385s
 35730 23967  842.65966   28 1052  873.12016  829.40595  5.01%   168  391s
 36325 24353  841.16311   21 1076  873.12016  829.51101  4.99%   168  397s
 36805 24692  865.79659   47  955  873.12016  829.51220  4.99%   169  404s
 37332 24950  848.36127   37 1051  873.12016  829.56513  4.99%   169  411s
 37678 25312  843.73302   44 1043  873.12016  829.60319  4.98%   169  417s
 38131 25722  867.78608   52 1048  873.12016  829.64080  4.98%   169  424s
 38850 26156  866.21602   28 1006  873.12016  829.72729  4.97%   169  431s
 39562 26651     cutoff   47       873.12016  829.79879  4.96%   169  437s
 40231 27161  860.04476   54 1027  873.12016  829.88709  4.95%   169  444s
 40920 27706  872.61361   44 1037  873.12016  829.96407  4.94%   169  451s
 41654 28171  841.55073   29 1088  873.12016  830.01124  4.94%   169  458s
 42228 28580  871.05133   71 1007  873.12016  830.01124  4.94%   170  465s
 42950 29034  842.00007   28 1056  873.12016  830.13831  4.92%   170  472s
 43566 29381  833.29094   29 1078  873.12016  830.18464  4.92%   170  478s
 44036 29748  870.69875   57  577  873.12016  830.18464  4.92%   171  485s
 44590 30046  836.04307   22 1092  873.12016  830.23182  4.91%   171  492s
 45076 30404  843.21555   34 1087  873.12016  830.30721  4.90%   172  499s
 45574 30801  836.73587   27 1047  873.12016  830.32951  4.90%   173  507s
 46099 31213  850.09904   48 1046  873.12016  830.37256  4.90%   173  514s
 46758 31679  838.10911   29 1062  873.12016  830.42938  4.89%   173  521s
 47481 32141  838.48498   38 1022  873.12016  830.46097  4.89%   173  529s
 48146 32547  835.05159   23 1098  873.12016  830.53385  4.88%   173  536s
 48773 32923  871.99300   56 1008  873.12016  830.56439  4.87%   173  544s
 49314 33357  836.09972   32 1071  873.12016  830.61020  4.87%   174  552s
 49955 33653  844.04200   34 1064  873.12016  830.64101  4.87%   174  559s
 50453 34088  843.63968   36 1068  873.12016  830.67514  4.86%   174  566s
 51063 34388  857.04086   30 1044  873.12016  830.74349  4.85%   175  576s
H51300 33905                     871.6309502  830.75341  4.69%   175  576s
 51505 34093  851.87323   23 1040  871.63095  830.78167  4.69%   175  586s
 51804 34448  853.91282   24 1046  871.63095  830.81340  4.68%   175  593s
 52329 34456  846.38122   39 1045  871.63095  830.85175  4.68%   175  605s
 52337 34477  847.91490   40 1036  871.63095  830.85175  4.68%   175  613s
 52382 34680  849.15348   41 1039  871.63095  830.85175  4.68%   175  621s
 52716 34984  849.33070   42 1046  871.63095  830.85311  4.68%   176  630s
 53192 35350  863.20390   47 1016  871.63095  830.89155  4.67%   176  638s
 53713 35634  835.79198   30 1089  871.63095  830.92519  4.67%   176  648s
 54172 35985  846.29742   47 1047  871.63095  830.96424  4.67%   176  655s
 54765 36333  849.59308   34 1054  871.63095  831.01201  4.66%   177  664s
 55261 36682  845.62335   37 1068  871.63095  831.04745  4.66%   177  672s
 55764 37006  869.40325   54 1004  871.63095  831.08454  4.65%   177  681s
 56190 37441  848.72631   42 1040  871.63095  831.13259  4.65%   178  689s
 56826 37878  843.31121   35 1084  871.63095  831.15754  4.64%   178  697s
 57442 38278  856.47013   34 1048  871.63095  831.18085  4.64%   178  706s
 58064 38565  851.85313   26 1057  871.63095  831.24500  4.63%   178  714s
 58564 38565  863.04888   42 1030  871.63095  831.26321  4.63%   178  715s
 58645 38734  871.11663   39 1034  871.63095  831.26321  4.63%   178  723s
 58988 38986  864.17892   45 1046  871.63095  831.29762  4.63%   179  732s
 59343 39377  843.42552   29 1059  871.63095  831.30548  4.63%   179  740s
 59941 39835  838.93938   30 1078  871.63095  831.34587  4.62%   180  750s
 60564 40074  850.96156   39 1074  871.63095  831.37091  4.62%   180  758s
 60945 40405     cutoff   45       871.63095  831.39074  4.62%   181  767s
 61438 40779  870.84447   57  910  871.63095  831.43340  4.61%   181  776s
 62055 41213  845.36135   28 1062  871.63095  831.48811  4.61%   181  786s
 62687 41664  852.79857   32 1063  871.63095  831.54517  4.60%   181  794s
 63105 41664  862.26023   52  944  871.63095  831.55511  4.60%   181  795s
 63373 42003  839.99261   35 1082  871.63095  831.60151  4.59%   181  803s
 63933 42476  853.59724   40 1058  871.63095  831.66830  4.58%   181  812s
 64626 42893  837.27745   39 1064  871.63095  831.72009  4.58%   181  821s
 65214 43263  857.10784   33 1026  871.63095  831.74807  4.58%   182  831s
 65830 43661  863.98260   33 1067  871.63095  831.80302  4.57%   182  839s
 66348 44113  840.79085   36 1084  871.63095  831.86619  4.56%   182  848s
 66922 44470  866.15517   44 1063  871.63095  831.89347  4.56%   182  858s
 67468 44921  853.90811   38 1050  871.63095  831.92166  4.56%   182  867s
 68047 45360  868.78210   35 1021  871.63095  831.92449  4.56%   183  877s
 68692 45706  864.86902   50 1041  871.63095  831.97079  4.55%   183  886s
 69213 46043  846.03404   33 1037  871.63095  831.97730  4.55%   183  896s
 69720 46314  854.40726   40  994  871.63095  832.01910  4.54%   183  906s
 70218 46600  856.17432   35 1044  871.63095  832.04038  4.54%   184  915s
 70895 46999  843.16591   24 1087  871.63095  832.09559  4.54%   184  925s
 71491 47288  858.93056   37 1089  871.63095  832.10509  4.53%   184  934s
 71904 47513  855.06341   46 1067  871.63095  832.13460  4.53%   184  943s
 72342 47795  856.06803   36 1059  871.63095  832.15270  4.53%   185  953s
 72870 48109  849.54204   39 1074  871.63095  832.18422  4.53%   185  962s
 73288 48417  859.10007   35 1090  871.63095  832.19031  4.52%   185  972s
 73793 48879  867.80717   54  953  871.63095  832.20140  4.52%   186  981s
 74468 48890  870.79162   60  880  871.63095  832.25529  4.52%   186  995s
 74476 48893     cutoff   61       871.63095  832.25529  4.52%   186 1004s
 74489 49117  845.60979   37 1038  871.63095  832.26782  4.52%   186 1014s
 74811 49485  866.72477   66  977  871.63095  832.28405  4.51%   186 1024s
 75500 49822  842.72433   29 1065  871.63095  832.31250  4.51%   186 1034s
 76026 50275  838.67584   34 1101  871.63095  832.33831  4.51%   186 1044s
 76643 50732  854.06899   31 1060  871.63095  832.41391  4.50%   186 1053s
 77223 51016  845.44091   40 1096  871.63095  832.42430  4.50%   186 1064s
 77631 51350  836.26685   40 1099  871.63095  832.45246  4.49%   187 1074s
 78156 51683  845.27439   50 1058  871.63095  832.45534  4.49%   187 1085s
 78685 52061  848.74941   37 1038  871.63095  832.49906  4.49%   187 1096s
 79301 52407     cutoff   47       871.63095  832.55028  4.48%   187 1106s
 79871 52730  850.28677   40 1079  871.63095  832.56843  4.48%   187 1116s
 80432 53094  854.31798   28 1049  871.63095  832.62693  4.47%   188 1127s
 80895 53500     cutoff   48       871.63095  832.62693  4.47%   188 1137s
 81522 53869  868.72076   47 1074  871.63095  832.68020  4.47%   188 1148s
 82018 54279  856.19287   47 1045  871.63095  832.70655  4.47%   189 1159s
 82618 54601  850.24738   36 1014  871.63095  832.75347  4.46%   189 1169s
 83152 54953  855.33065   26 1041  871.63095  832.78194  4.46%   189 1179s
 83672 55332  851.48141   49 1063  871.63095  832.80826  4.45%   189 1191s
 84206 55685  853.15649   40 1068  871.63095  832.83231  4.45%   189 1201s
 84691 56021  848.19783   38 1031  871.63095  832.85313  4.45%   190 1212s
 85246 56388  853.86175   37 1053  871.63095  832.88093  4.45%   190 1223s
 85860 56677  836.73586   29 1037  871.63095  832.91945  4.44%   190 1234s
 86318 57003  840.64204   29 1058  871.63095  832.93909  4.44%   190 1245s
 86873 57404  844.58281   36 1054  871.63095  832.98467  4.43%   190 1256s
 87516 57843  868.69418   36 1065  871.63095  832.99985  4.43%   191 1267s
 88157 58204  837.58833   28 1097  871.63095  833.03056  4.43%   191 1279s
 88717 58520  848.37902   34 1069  871.63095  833.04889  4.43%   191 1290s
 89160 58887  867.84722   38 1031  871.63095  833.07423  4.42%   191 1301s
 89670 59236     cutoff   57       871.63095  833.08767  4.42%   191 1312s
 90182 59564  852.99966   26 1053  871.63095  833.09551  4.42%   192 1323s
 90701 59888  845.88761   31 1076  871.63095  833.13430  4.42%   192 1335s
 91201 60293  868.79735   53 1057  871.63095  833.16848  4.41%   192 1345s
 91708 60643  871.34294   59  786  871.63095  833.16870  4.41%   192 1357s
 92317 60915  843.19936   33 1078  871.63095  833.18380  4.41%   192 1368s
 92757 61298  849.11957   34 1077  871.63095  833.20579  4.41%   192 1380s
 93339 61646     cutoff   26       871.63095  833.22979  4.41%   192 1391s
 93887 61997  840.45486   31 1092  871.63095  833.24183  4.40%   193 1403s
 94395 62288  869.54686   40  814  871.63095  833.27787  4.40%   193 1414s
 94940 62594  839.29403   24 1088  871.63095  833.28996  4.40%   193 1426s
 95335 62916  866.83628   51  927  871.63095  833.29693  4.40%   194 1437s
 95873 63316  850.25088   31 1050  871.63095  833.32620  4.39%   194 1449s
 96398 63687  868.35911   36 1019  871.63095  833.33592  4.39%   194 1460s
 96996 64055  859.06860   39 1039  871.63095  833.37387  4.39%   194 1472s
 97547 64419  870.01753   39  966  871.63095  833.38648  4.39%   194 1484s
 98094 64829  854.62998   40 1055  871.63095  833.40527  4.39%   194 1496s
 98694 65129  844.00507   41 1074  871.63095  833.44683  4.38%   194 1508s
 99150 65401  840.43296   24 1100  871.63095  833.45991  4.38%   195 1520s
 99613 65753  859.74043   34 1044  871.63095  833.48229  4.38%   195 1531s
 100065 66132  852.60217   35 1032  871.63095  833.50334  4.37%   195 1543s
 100608 66436  868.55066   44  895  871.63095  833.51481  4.37%   195 1555s
 101072 66698  854.19386   45 1045  871.63095  833.53955  4.37%   195 1568s
 101550 67037  857.91045   32 1020  871.63095  833.53955  4.37%   196 1580s
 102051 67374  844.45949   32 1060  871.63095  833.58868  4.36%   196 1592s
 102515 67722  847.50602   31 1084  871.63095  833.59262  4.36%   196 1605s
 103106 68110  861.69097   36 1019  871.63095  833.63224  4.36%   196 1617s
 103716 68419  853.18375   50 1031  871.63095  833.66298  4.36%   196 1630s
 104225 68740  869.16691   42 1021  871.63095  833.69278  4.35%   197 1642s
 104682 69081  847.60885   45 1049  871.63095  833.70554  4.35%   197 1654s
 105219 69423  853.83326   42 1055  871.63095  833.72781  4.35%   197 1666s
 105749 69804  863.86629   43 1057  871.63095  833.75633  4.35%   197 1679s
 106329 70105  840.33291   31 1057  871.63095  833.78473  4.34%   197 1691s
 106932 70409     cutoff   64       871.63095  833.80262  4.34%   197 1704s
 107403 70656     cutoff   38       871.63095  833.82937  4.34%   197 1716s
 107847 70846  870.13920   43 1023  871.63095  833.84076  4.34%   198 1728s
 108212 71180  866.14957   46 1060  871.63095  833.84953  4.33%   198 1740s
 108762 71534  857.33553   33 1060  871.63095  833.86448  4.33%   198 1752s
 109302 71803  870.90715   54 1029  871.63095  833.88394  4.33%   198 1765s
 109821 72133  840.53021   28 1052  871.63095  833.92618  4.33%   198 1778s
 110327 72453  841.02850   37 1098  871.63095  833.95956  4.32%   199 1791s
 110798 72798  854.45908   31 1054  871.63095  833.97347  4.32%   199 1804s
 111297 73173  868.81163   58  859  871.63095  833.99587  4.32%   199 1817s
 111883 73554  843.72784   25 1077  871.63095  834.01910  4.32%   199 1830s
 112440 73822  850.09937   39 1087  871.63095  834.04993  4.31%   199 1843s
 112955 74125  863.33973   53 1004  871.63095  834.06660  4.31%   199 1856s
 113471 74451  851.02282   34 1047  871.63095  834.09896  4.31%   199 1869s
 113987 74752     cutoff   46       871.63095  834.11290  4.30%   200 1881s
 114484 74983  837.69267   28 1077  871.63095  834.13379  4.30%   200 1894s
 114900 75210  854.19191   50 1073  871.63095  834.14249  4.30%   200 1907s
 115298 75353  852.06531   29 1028  871.63095  834.16688  4.30%   200 1923s
 115592 75627  851.20433   29 1056  871.63095  834.18009  4.30%   200 1937s
 115968 75945  862.30635   52 1047  871.63095  834.18210  4.30%   200 1950s
 116456 76224  867.93785   48  871  871.63095  834.21155  4.29%   201 1964s
 116862 76512  868.25562   44  981  871.63095  834.21824  4.29%   201 1977s
 117347 76852  863.90496   45 1045  871.63095  834.24364  4.29%   201 1991s
 117885 77149  859.45154   41 1017  871.63095  834.26356  4.29%   201 2005s
 118454 77382  858.29315   50  601  871.63095  834.29065  4.28%   201 2019s
 118832 77730  855.72360   42  935  871.63095  834.29900  4.28%   202 2033s
 119329 78033  846.34894   45 1061  871.63095  834.30438  4.28%   202 2046s
 119854 78298     cutoff   50       871.63095  834.33814  4.28%   202 2061s
 120309 78650  867.73494   56 1039  871.63095  834.34913  4.28%   202 2075s
 120855 78903  861.35714   51  960  871.63095  834.35994  4.28%   202 2091s
 121264 79165  868.10956   52 1062  871.63095  834.37438  4.27%   202 2105s
 121814 79420     cutoff   27       871.63095  834.38675  4.27%   202 2118s
 122286 79766  849.93821   34 1083  871.63095  834.38675  4.27%   203 2133s
 122829 80042  853.44972   48 1061  871.63095  834.41121  4.27%   203 2147s
 123234 80370  863.46805   45 1024  871.63095  834.42763  4.27%   203 2162s
 123804 80493  862.83465   41 1057  871.63095  834.44022  4.27%   203 2176s
 124319 80735  862.24726   39 1003  871.63095  834.45662  4.26%   203 2191s
 124724 81085  856.85229   36 1052  871.63095  834.47399  4.26%   203 2205s
 125265 81345  868.29688   61  999  871.63095  834.49900  4.26%   203 2219s
 125698 81612  845.72447   26 1054  871.63095  834.51576  4.26%   204 2233s
 126149 81996  861.49609   31 1088  871.63095  834.52333  4.26%   204 2247s
 126726 82252     cutoff   58       871.63095  834.55017  4.25%   204 2265s
 127119 82624  844.46597   28 1016  871.63095  834.56247  4.25%   204 2279s
 127672 82971  843.50855   30 1081  871.63095  834.58404  4.25%   204 2293s
 128223 83269  840.80505   36 1093  871.63095  834.60777  4.25%   204 2308s
 128651 83561  857.35001   35 1050  871.63095  834.61581  4.25%   204 2322s
 129170 83839     cutoff   41       871.63095  834.61581  4.25%   204 2337s
 129705 84201  867.45558   47 1035  871.63095  834.62769  4.25%   204 2351s
 130268 84208  870.21442   51  964  871.63095  834.63897  4.24%   205 2371s
 130277 84279 infeasible   52       871.63095  834.64297  4.24%   205 2385s
 130399 84520  859.06684   42 1050  871.63095  834.64297  4.24%   205 2401s
 130846 84834     cutoff   51       871.63095  834.66674  4.24%   205 2416s
 131339 85122  851.08552   27 1094  871.63095  834.68097  4.24%   205 2431s
 131794 85414     cutoff   40       871.63095  834.70877  4.24%   205 2446s
 132204 85671  860.46380   47 1035  871.63095  834.70877  4.24%   205 2464s
 132600 85995  848.46214   34 1038  871.63095  834.70877  4.24%   205 2480s
 133144 86212  855.08099   46  974  871.63095  834.74111  4.23%   205 2495s
 133637 86526  849.05111   40 1076  871.63095  834.75501  4.23%   206 2510s
 134152 86853  860.66541   41 1010  871.63095  834.76698  4.23%   206 2525s
 134741 87224  862.73554   47 1074  871.63095  834.78105  4.23%   206 2540s
 135342 87515  847.60170   33 1090  871.63095  834.80203  4.23%   206 2555s
 135808 87752  857.20322   37 1093  871.63095  834.80808  4.22%   206 2570s
 136320 88005  864.07346   30 1042  871.63095  834.81640  4.22%   206 2585s
 136766 88272  855.75613   34 1015  871.63095  834.83062  4.22%   206 2600s
 137269 88596  844.59280   32 1073  871.63095  834.84999  4.22%   206 2615s
 137785 88845  867.99104   47 1040  871.63095  834.87087  4.22%   206 2633s
 138154 89183  856.37095   41 1033  871.63095  834.87087  4.22%   206 2648s
 138679 89573  858.89582   40 1039  871.63095  834.91958  4.21%   207 2664s
 139280 89857  858.62165   37 1064  871.63095  834.94964  4.21%   207 2679s
 139744 90170  864.89902   46  963  871.63095  834.96184  4.21%   207 2694s
 140144 90489  865.90827   56 1066  871.63095  834.97712  4.21%   207 2709s
 140618 90489  867.97487   44  877  871.63095  834.99720  4.20%   207 2710s
 140684 90828  858.32158   45 1009  871.63095  834.99720  4.20%   207 2725s
 141214 91139  868.49487   32 1050  871.63095  835.01599  4.20%   207 2741s
 141716 91413  870.17758   46 1016  871.63095  835.03652  4.20%   207 2757s
 142229 91731     cutoff   50       871.63095  835.05065  4.20%   207 2773s
 142700 92063  863.43797   43 1046  871.63095  835.07158  4.19%   208 2788s
 143228 92291  842.46780   33 1087  871.63095  835.09252  4.19%   208 2807s
 143591 92609  868.75048   35 1029  871.63095  835.09321  4.19%   208 2823s
 144060 92929  857.82100   33 1070  871.63095  835.12638  4.19%   208 2839s
 144499 93206  856.35392   41 1057  871.63095  835.12638  4.19%   208 2856s
 145008 93487  856.33790   35 1080  871.63095  835.14388  4.19%   208 2872s
 145491 93824  860.25295   33 1080  871.63095  835.16929  4.18%   208 2888s
 146010 94043  852.40287   45 1080  871.63095  835.17277  4.18%   209 2904s
 146531 94301  863.88268   41 1035  871.63095  835.19964  4.18%   209 2920s
 147038 94592  838.96452   30 1090  871.63095  835.21144  4.18%   209 2937s
 147497 94876  870.57861   58 1006  871.63095  835.21144  4.18%   209 2954s
 147939 95101     cutoff   53       871.63095  835.22980  4.18%   209 2970s
 148365 95462  846.48600   35 1083  871.63095  835.24541  4.17%   209 2987s
 148927 95679  850.44377   42 1109  871.63095  835.27561  4.17%   209 3006s
 149270 96012  847.44611   32 1099  871.63095  835.28751  4.17%   209 3023s
 149791 96343  867.45275   57  991  871.63095  835.30106  4.17%   209 3039s
 150319 96634 infeasible   33       871.63095  835.32739  4.17%   209 3056s
 150819 97025  843.50390   30 1100  871.63095  835.34764  4.16%   209 3073s
 151330 97370  860.30128   50 1043  871.63095  835.35086  4.16%   210 3090s
 151864 97627  852.67651   42 1085  871.63095  835.36544  4.16%   210 3107s
 152368 97892  870.19372   44 1052  871.63095  835.38810  4.16%   210 3124s
 152790 98186  846.66249   26 1042  871.63095  835.39434  4.16%   210 3141s
 153324 98491  848.12623   33 1093  871.63095  835.41844  4.15%   210 3157s
 153786 98815  862.83412   54 1041  871.63095  835.42858  4.15%   210 3174s
 154338 99080  844.27224   26 1061  871.63095  835.45027  4.15%   210 3190s
 154710 99363  856.10075   45 1044  871.63095  835.45637  4.15%   210 3206s
 155157 99676  867.06046   55  893  871.63095  835.45749  4.15%   210 3223s
 155632 99918  853.55951   55 1076  871.63095  835.46672  4.15%   211 3243s
 156052 100195  848.02003   32 1042  871.63095  835.47853  4.15%   211 3260s
 156485 100453  857.23158   37 1074  871.63095  835.50211  4.14%   211 3278s
 156986 100730  852.81191   34 1074  871.63095  835.51620  4.14%   211 3295s
 157452 101059  849.23449   28 1061  871.63095  835.53327  4.14%   211 3312s
 157952 101336  844.17306   39 1083  871.63095  835.54085  4.14%   211 3330s
 158401 101566  859.95328   33 1028  871.63095  835.55456  4.14%   211 3347s
 158820 101813  863.60099   37 1006  871.63095  835.56211  4.14%   212 3364s
 159231 102093  853.69211   32 1045  871.63095  835.56983  4.14%   212 3381s
 159702 102414  853.83845   49 1004  871.63095  835.58625  4.14%   212 3398s
 160184 102687  861.77575   47 1074  871.63095  835.60707  4.13%   212 3416s
 160746 102971  849.62808   43 1103  871.63095  835.62350  4.13%   212 3433s
 161231 103235  854.90265   35 1065  871.63095  835.63343  4.13%   212 3450s
 161601 103568  863.98886   38 1005  871.63095  835.63343  4.13%   212 3466s
 162084 103901  847.88651   36 1056  871.63095  835.64646  4.13%   213 3484s
 162615 104165  857.84552   42  999  871.63095  835.65950  4.13%   213 3502s
 163037 104391  855.11545   40 1024  871.63095  835.67181  4.13%   213 3520s
 163541 104656     cutoff   50       871.63095  835.68567  4.12%   213 3538s
 164006 104966  863.34787   35 1058  871.63095  835.69902  4.12%   213 3556s
 164523 105217  841.69048   27 1087  871.63095  835.71667  4.12%   213 3574s
 164940 105493  846.51909   32 1094  871.63095  835.72171  4.12%   213 3592s
 165434 105794  846.45728   40 1050  871.63095  835.72806  4.12%   214 3610s
 165874 106125  863.06965   57  976  871.63095  835.72806  4.12%   214 3629s
 166424 106450  848.98701   36 1045  871.63095  835.75197  4.12%   214 3647s
 166957 106678  840.72803   31 1093  871.63095  835.76548  4.11%   214 3668s
 167360 106890     cutoff   38       871.63095  835.77728  4.11%   214 3685s
 167733 107142  870.99903   43 1035  871.63095  835.77728  4.11%   214 3703s
 168193 107479  869.35065   35  584  871.63095  835.80111  4.11%   214 3723s
 168674 107797  870.88842   39  931  871.63095  835.80911  4.11%   214 3741s
 169242 108053  859.07856   28  979  871.63095  835.83364  4.11%   214 3759s
 169696 108358  871.31715   37 1050  871.63095  835.84878  4.11%   214 3778s
 170222 108642  857.08315   28 1068  871.63095  835.86063  4.10%   215 3796s
 170743 108881  846.97693   33 1077  871.63095  835.87465  4.10%   215 3814s
 171217 109120  868.02361   41 1099  871.63095  835.88357  4.10%   215 3833s
 171666 109393  868.50634   43  978  871.63095  835.90053  4.10%   215 3851s
 172163 109653  854.97954   31 1064  871.63095  835.91612  4.10%   215 3870s
 172618 109885  852.24151   34 1058  871.63095  835.92782  4.10%   215 3891s
 173018 110064  862.08269   32 1098  871.63095  835.93733  4.10%   215 3909s
 173361 110306  856.59964   45 1091  871.63095  835.94794  4.09%   216 3928s
 173828 110569  866.69091   40 1056  871.63095  835.96427  4.09%   216 3947s
 174404 110828  854.01158   37  980  871.63095  835.97305  4.09%   216 3968s
 174908 111080  866.76834   33 1102  871.63095  835.98618  4.09%   216 3987s
 175311 111376  871.36544   36 1090  871.63095  835.99702  4.09%   216 4006s
 175727 111659  865.24744   47 1026  871.63095  836.00655  4.09%   216 4025s
 176229 111890     cutoff   33       871.63095  836.01381  4.09%   216 4044s
 176683 112124  839.16921   30 1095  871.63095  836.02735  4.08%   216 4064s
 177135 112431  866.86206   44 1070  871.63095  836.02735  4.08%   216 4083s
 177568 112686     cutoff   46       871.63095  836.04505  4.08%   217 4102s
 178019 112807  858.55264   41 1033  871.63095  836.05549  4.08%   217 4125s
 178359 113077  856.57910   37 1047  871.63095  836.05815  4.08%   217 4144s
 178823 113077     cutoff   38       871.63095  836.06899  4.08%   217 4145s
 178894 113333  869.72372   43 1050  871.63095  836.06899  4.08%   217 4164s
 179369 113574  840.78491   27 1084  871.63095  836.08674  4.08%   217 4184s
 179831 113841  838.93594   32 1034  871.63095  836.09554  4.08%   217 4203s
 180283 114157  858.63112   49 1026  871.63095  836.11204  4.07%   217 4223s
 180821 114529  859.00107   36 1046  871.63095  836.12164  4.07%   217 4242s
 181374 114906  862.66209   47  998  871.63095  836.13192  4.07%   217 4261s
 181918 115198  864.23260   54 1002  871.63095  836.15356  4.07%   218 4283s
 182380 115454  842.68576   25 1066  871.63095  836.16552  4.07%   218 4301s
 182831 115837  845.38605   33 1037  871.63095  836.18358  4.07%   218 4321s
 183378 116004  866.37979   45  977  871.63095  836.19123  4.07%   218 4344s
 183688 116276  843.36310   32 1084  871.63095  836.20414  4.06%   218 4364s
 184143 116534  869.56545   41 1063  871.63095  836.22010  4.06%   218 4383s
 184562 116766  852.99232   40 1066  871.63095  836.22010  4.06%   218 4404s
 184902 117002  865.73369   47 1007  871.63095  836.22794  4.06%   218 4423s
 185402 117269  870.13092   54 1031  871.63095  836.23836  4.06%   218 4443s
 185866 117578  857.75018   42 1078  871.63095  836.25057  4.06%   219 4464s
 186507 117924  868.53968   56 1055  871.63095  836.25898  4.06%   218 4484s
 187022 118166  844.75308   30 1089  871.63095  836.26423  4.06%   219 4503s
 187448 118419  852.84051   37 1060  871.63095  836.28751  4.05%   219 4523s
 187980 118715  856.02943   36 1007  871.63095  836.29568  4.05%   219 4544s
 188483 118965  869.91895   38 1024  871.63095  836.30536  4.05%   219 4563s
 188942 119164  847.83276   28 1045  871.63095  836.32433  4.05%   219 4587s
 189279 119451  870.85083   42  976  871.63095  836.33132  4.05%   219 4607s
 189793 119756  844.70487   31 1085  871.63095  836.34930  4.05%   219 4627s
 190317 120054  856.63044   41 1015  871.63095  836.35839  4.05%   219 4646s
 190737 120381  870.65999   36 1039  871.63095  836.36632  4.05%   219 4666s
 191250 120389  866.65053   41 1023  871.63095  836.38063  4.04%   219 4690s
 191258 120584  862.70101   40 1048  871.63095  836.38063  4.04%   219 4709s
 191533 120920  851.36144   35 1086  871.63095  836.38063  4.04%   219 4729s
 191996 121197  854.23905   40 1052  871.63095  836.38526  4.04%   220 4749s
 192410 121491  845.58569   35 1084  871.63095  836.39885  4.04%   220 4769s
 192895 121780  869.79062   37 1003  871.63095  836.40862  4.04%   220 4790s
 193413 122075  846.79137   39 1090  871.63095  836.42495  4.04%   220 4811s
 193917 122358  866.80948   45  945  871.63095  836.44203  4.04%   220 4831s
 194379 122591  856.84574   43 1067  871.63095  836.45536  4.04%   220 4854s
 194781 122952  868.34131   41  960  871.63095  836.45894  4.04%   220 4874s
 195351 123214  867.22184   49  901  871.63095  836.46998  4.03%   220 4895s
 195832 123509  845.25268   33 1058  871.63095  836.48383  4.03%   220 4915s
 196332 123836  844.30662   31 1087  871.63095  836.49763  4.03%   220 4936s
 196863 124139  857.60832   46 1063  871.63095  836.50295  4.03%   220 4957s
 197348 124390  862.03471   34 1032  871.63095  836.51298  4.03%   220 4977s
 197832 124600  864.88427   50 1038  871.63095  836.52322  4.03%   220 4998s
 198441 124932  850.78373   34 1050  871.63095  836.53792  4.03%   220 5019s
 198886 125166  868.44693   50 1037  871.63095  836.54684  4.03%   221 5040s
 199297 125451 infeasible   42       871.63095  836.56020  4.02%   221 5062s
 199797 125643  843.25242   31 1074  871.63095  836.56901  4.02%   221 5085s
 200168 125890  849.88584   32 1109  871.63095  836.57130  4.02%   221 5107s
 200726 126154  870.24759   60 1044  871.63095  836.58420  4.02%   221 5127s
 201128 126513  870.23647   65  963  871.63095  836.59344  4.02%   221 5148s
 201666 126807  857.82188   43  991  871.63095  836.60056  4.02%   221 5168s
 202115 127121  855.59029   41 1063  871.63095  836.61340  4.02%   221 5189s
 202625 127410  861.35378   42 1052  871.63095  836.62744  4.02%   221 5211s
 203129 127663  862.50249   44 1082  871.63095  836.62744  4.02%   221 5232s
 203624 127916  845.82019   43 1103  871.63095  836.65322  4.01%   222 5252s
 204063 128181  841.54952   37 1107  871.63095  836.66007  4.01%   222 5273s
 204504 128450  857.50078   32 1045  871.63095  836.66421  4.01%   222 5295s
 204990 128764  866.96441   35 1027  871.63095  836.67933  4.01%   222 5317s
 205531 128975  862.58422   52 1087  871.63095  836.70201  4.01%   222 5342s
 205898 129254  865.66699   26 1098  871.63095  836.71465  4.01%   222 5364s
 206422 129562  858.17270   34 1077  871.63095  836.72913  4.00%   222 5385s
 206934 129937  857.44700   49 1083  871.63095  836.73931  4.00%   222 5407s
 207515 130273  849.97859   26 1078  871.63095  836.74707  4.00%   222 5429s
 207974 130511  858.82154   39 1004  871.63095  836.75253  4.00%   222 5452s
 208396 130771  868.54554   38 1047  871.63095  836.75253  4.00%   222 5473s
 208921 131037  858.53486   33 1058  871.63095  836.76856  4.00%   222 5495s
 209396 131377  845.86026   28 1035  871.63095  836.77970  4.00%   222 5517s
 209928 131679  869.63487   42 1075  871.63095  836.79063  4.00%   222 5538s
 210405 131942  867.83554   40 1074  871.63095  836.79745  4.00%   222 5560s
 210923 132196  868.68386   52  817  871.63095  836.80890  4.00%   223 5583s
 211465 132475  868.15861   46 1067  871.63095  836.82333  3.99%   223 5604s
 211790 132475  842.67416   32 1070  871.63095  836.82333  3.99%   223 5605s
 211895 132700  849.06520   29 1088  871.63095  836.82958  3.99%   223 5625s
 212270 132940  867.65882   43 1042  871.63095  836.82958  3.99%   223 5647s
 212659 133139  868.33819   41 1077  871.63095  836.84215  3.99%   223 5670s
 213173 133340  863.32747   35 1059  871.63095  836.84312  3.99%   223 5691s
 213555 133606  867.26448   45  992  871.63095  836.85310  3.99%   223 5712s
 214017 133851  867.59665   44 1050  871.63095  836.85666  3.99%   223 5733s
 214495 134079     cutoff   49       871.63095  836.86521  3.99%   223 5755s
 214944 134385  857.73745   47 1068  871.63095  836.87509  3.99%   223 5776s
 215429 134626     cutoff   42       871.63095  836.88697  3.99%   223 5799s
 215845 134868  868.26646   32 1078  871.63095  836.89102  3.99%   224 5822s
 216341 135136  868.18380   34 1026  871.63095  836.90634  3.98%   224 5845s
 216826 135373  866.58135   31 1094  871.63095  836.90662  3.98%   224 5870s
 217235 135747  854.67109   39 1102  871.63095  836.91381  3.98%   224 5893s
 217852 136011  839.08549   26 1052  871.63095  836.92231  3.98%   224 5916s
 218332 136263  847.95394   39 1091  871.63095  836.93138  3.98%   224 5938s
 218756 136596  863.33475   41 1065  871.63095  836.94428  3.98%   224 5961s
 219336 136913  844.86184   35 1079  871.63095  836.95859  3.98%   224 5983s
 219842 137230  856.00272   30 1049  871.63095  836.97471  3.98%   224 6006s
 220403 137527  856.28262   27 1066  871.63095  836.98858  3.97%   224 6028s
 220905 137797     cutoff   42       871.63095  836.99952  3.97%   224 6052s
 221364 138129  857.20413   45 1067  871.63095  837.01482  3.97%   224 6075s
 221850 138508  870.33910   43  804  871.63095  837.02862  3.97%   224 6098s
 222391 138714     cutoff   53       871.63095  837.03386  3.97%   224 6123s
 222746 138998  856.86072   47 1055  871.63095  837.03925  3.97%   224 6146s
 223205 139251  858.02336   40 1044  871.63095  837.05092  3.97%   225 6169s
 223562 139499  863.84749   42 1006  871.63095  837.06173  3.97%   225 6191s
 223975 139716  848.09401   38 1072  871.63095  837.06825  3.97%   225 6215s
 224386 139969  858.71556   35 1068  871.63095  837.07296  3.96%   225 6239s
 224849 140222  847.62763   40 1063  871.63095  837.07791  3.96%   225 6262s
 225293 140553  843.66849   35 1116  871.63095  837.08932  3.96%   225 6286s
 225850 140853  869.18754   63  985  871.63095  837.09673  3.96%   225 6309s
 226329 141121  863.42502   45 1047  871.63095  837.10924  3.96%   225 6332s
 226808 141425  853.19705   44 1041  871.63095  837.12096  3.96%   225 6355s
 227321 141691  849.94200   40 1033  871.63095  837.12983  3.96%   225 6377s
 227742 141953  853.93330   34 1043  871.63095  837.14096  3.96%   226 6402s
 228118 142264  857.45356   34 1066  871.63095  837.14208  3.96%   226 6425s
 228645 142552  847.40097   29 1039  871.63095  837.15479  3.96%   226 6449s
 229223 142772  843.65833   35 1091  871.63095  837.16022  3.95%   226 6472s
 229667 143049  853.56638   34 1020  871.63095  837.17191  3.95%   226 6495s
 230129 143362  866.90287   48 1059  871.63095  837.18165  3.95%   226 6519s
 230636 143630     cutoff   44       871.63095  837.19051  3.95%   226 6544s
 231188 143849     cutoff   38       871.63095  837.19349  3.95%   226 6568s
 231692 144156  863.26053   39 1009  871.63095  837.20606  3.95%   226 6591s
 232170 144439     cutoff   58       871.63095  837.22084  3.95%   226 6615s
 232637 144761  859.17790   44 1076  871.63095  837.22084  3.95%   226 6639s
 233132 145003  846.59266   48 1066  871.63095  837.23591  3.95%   226 6665s
 233512 145356  843.34055   37 1088  871.63095  837.23958  3.95%   226 6688s
 234077 145678  858.63002   48 1035  871.63095  837.24669  3.94%   226 6713s
 234637 145970  852.67239   39 1061  871.63095  837.25667  3.94%   226 6736s
 235117 146271  850.96254   37  963  871.63095  837.27513  3.94%   226 6760s
 235620 146630  867.97495   50  984  871.63095  837.28399  3.94%   226 6784s
 236184 146935  855.18491   37 1061  871.63095  837.28399  3.94%   226 6808s
 236629 147194  863.63677   43 1084  871.63095  837.29565  3.94%   226 6831s
 237050 147541  869.67964   47 1037  871.63095  837.30349  3.94%   227 6856s
 237582 147740     cutoff   37       871.63095  837.31485  3.94%   227 6881s
 238002 148000  852.85409   30 1106  871.63095  837.32232  3.94%   227 6905s
 238459 148326  845.83651   30 1091  871.63095  837.32962  3.94%   227 6930s
 238958 148545  847.58252   47 1083  871.63095  837.33574  3.93%   227 6957s
 239309 148855  857.74625   59 1044  871.63095  837.34001  3.93%   227 6982s
 239819 149142  844.54374   32 1107  871.63095  837.35248  3.93%   227 7006s
 240287 149350  864.97729   55 1057  871.63095  837.35815  3.93%   227 7030s
 240678 149652  863.95414   36 1012  871.63095  837.36882  3.93%   227 7052s
 241207 149900  858.33530   34 1076  871.63095  837.37715  3.93%   227 7075s
 241680 150155  853.37472   44 1077  871.63095  837.38589  3.93%   227 7099s
 241969 150155  854.57576   34 1089  871.63095  837.38641  3.93%   227 7100s
 242129 150409  857.27874   45 1043  871.63095  837.39296  3.93%   227 7124s
 242495 150711     cutoff   45       871.63095  837.40009  3.93%   227 7148s
 243021 151020  847.44915   38 1075  871.63095  837.40871  3.93%   227 7173s
 243485 151253  867.32917   30 1065  871.63095  837.41660  3.93%   228 7199s
 243906 151499     cutoff   42       871.63095  837.42339  3.92%   228 7222s
 244314 151706  855.11910   37 1094  871.63095  837.43209  3.92%   228 7250s
 244627 151960     cutoff   54       871.63095  837.43209  3.92%   228 7275s
 245089 152248  854.21171   40 1066  871.63095  837.44135  3.92%   228 7300s
 245585 152471  863.54932   43  996  871.63095  837.44984  3.92%   228 7326s
 246023 152661  851.76702   35 1034  871.63095  837.44984  3.92%   228 7351s
 246381 152959  850.79359   32 1064  871.63095  837.46038  3.92%   228 7375s
 246904 153257  848.88923   36 1086  871.63095  837.47338  3.92%   228 7401s
 247438 153590  850.15649   34 1081  871.63095  837.47997  3.92%   228 7427s
 247981 153878  867.69943   42 1034  871.63095  837.49224  3.92%   228 7451s
 248435 154146  842.69735   33 1087  871.63095  837.49812  3.92%   228 7476s
 248937 154486     cutoff   56       871.63095  837.49930  3.92%   228 7502s
 249446 154785  857.78172   41 1056  871.63095  837.50966  3.91%   228 7527s
 249959 154980     cutoff   62       871.63095  837.52352  3.91%   228 7555s
 250300 155246  850.59234   30 1050  871.63095  837.53090  3.91%   228 7579s
 250726 155547  842.88219   26 1051  871.63095  837.54666  3.91%   229 7605s
 251199 155817  853.89933   34 1047  871.63095  837.55628  3.91%   229 7631s
 251628 156047  855.69567   49 1004  871.63095  837.55628  3.91%   229 7656s
 252073 156388  846.68352   34 1055  871.63095  837.56397  3.91%   229 7682s
 252608 156726  842.86970   39 1097  871.63095  837.58101  3.91%   229 7707s
 253154 157045  864.22439   45 1034  871.63095  837.58651  3.91%   229 7734s
 253722 157304  844.22228   33 1042  871.63095  837.59534  3.90%   229 7760s
 254183 157568     cutoff   60       871.63095  837.60252  3.90%   229 7785s
 254579 157883  843.69556   36 1056  871.63095  837.61368  3.90%   229 7811s
 255115 158049  867.94854   39 1001  871.63095  837.62713  3.90%   229 7836s
 255629 158246  860.86674   46 1054  871.63095  837.63598  3.90%   229 7864s
 255984 158482     cutoff   42       871.63095  837.63903  3.90%   229 7889s
 256115 158482  855.54168   48 1060  871.63095  837.63996  3.90%   229 7890s
 256448 158782  851.30972   47 1052  871.63095  837.64389  3.90%   229 7915s
 256950 159112  863.44514   40 1073  871.63095  837.65349  3.90%   229 7941s
 257496 159381  866.45070   50  993  871.63095  837.66144  3.90%   229 7967s
 257922 159709  849.64218   32 1088  871.63095  837.66652  3.90%   229 7993s
 258456 159915  862.86662   48 1065  871.63095  837.68053  3.90%   229 8021s
 258797 160213  869.03331   46 1037  871.63095  837.68462  3.89%   230 8047s
 259255 160489  865.28177   46  796  871.63095  837.68861  3.89%   230 8074s
 259703 160750  863.43572   40 1098  871.63095  837.69334  3.89%   230 8100s
 260193 161039  848.55308   32 1061  871.63095  837.70432  3.89%   230 8127s
 260668 161342  866.59783   60 1029  871.63095  837.70940  3.89%   230 8154s
 261189 161545  856.40063   40 1045  871.63095  837.72564  3.89%   230 8183s
 261565 161891  854.67461   25 1070  871.63095  837.73763  3.89%   230 8210s
 262068 162202     cutoff   44       871.63095  837.74195  3.89%   230 8239s
 262599 162468     cutoff   35       871.63095  837.75755  3.89%   230 8265s
 263119 162836     cutoff   50       871.63095  837.76568  3.89%   230 8292s
 263681 163092  848.13577   34 1084  871.63095  837.77336  3.88%   230 8317s
 264164 163283  846.49973   34 1070  871.63095  837.77699  3.88%   230 8345s
 264619 163569  848.70944   44 1117  871.63095  837.78721  3.88%   230 8371s
 265081 163893  850.55886   44 1076  871.63095  837.80735  3.88%   230 8399s
 265623 164185  853.07215   34 1102  871.63095  837.81525  3.88%   230 8425s
 266119 164555  852.18759   40 1090  871.63095  837.82109  3.88%   230 8452s
 266669 164851  844.69432   33 1053  871.63095  837.82657  3.88%   230 8482s
 267110 165165  864.03936   44 1025  871.63095  837.82911  3.88%   230 8510s
 267633 165404  840.31737   37 1113  871.63095  837.83762  3.88%   230 8537s
 268068 165665  861.55448   43 1073  871.63095  837.84340  3.88%   230 8565s
 268536 165968  868.98080   36 1066  871.63095  837.85831  3.87%   231 8592s
 269023 166185  859.40607   25 1083  871.63095  837.86570  3.87%   231 8618s
 269411 166489  866.13013   41 1033  871.63095  837.87148  3.87%   231 8645s
 269870 166746  855.94842   35 1042  871.63095  837.87661  3.87%   231 8672s
 270251 166753  854.19460   34 1068  871.63095  837.88118  3.87%   231 8704s
 270260 166760  852.15582   33 1059  871.63095  837.88118  3.87%   231 8730s
 270269 166790  854.25350   35 1025  871.63095  837.88118  3.87%   231 8757s
 270335 166866  855.87891   36 1018  871.63095  837.88118  3.87%   231 8786s
 270477 167037  861.28386   39 1090  871.63095  837.88118  3.87%   231 8814s
 270825 167307     cutoff   62       871.63095  837.88118  3.87%   231 8842s
 271335 167558  863.72411   53  993  871.63095  837.89486  3.87%   231 8869s
 271724 167858  846.10858   27 1066  871.63095  837.90725  3.87%   231 8897s
 272239 168066  856.38663   52 1050  871.63095  837.91005  3.87%   231 8927s
 272622 168316  869.41892   37 1052  871.63095  837.91380  3.87%   231 8955s
 273045 168635  858.97184   48 1057  871.63095  837.91989  3.87%   231 8983s
 273578 168966  852.36352   40 1094  871.63095  837.92677  3.87%   231 9011s
 274159 169274  870.00449   61 1003  871.63095  837.94159  3.87%   231 9039s
 274668 169449  844.77228   30 1094  871.63095  837.95091  3.86%   231 9069s
 274963 169758  863.47785   41 1098  871.63095  837.95091  3.86%   231 9097s
 275462 170009  870.90001   66 1031  871.63095  837.96575  3.86%   231 9124s
 275888 170274  854.91873   48 1098  871.63095  837.96795  3.86%   232 9153s
 276458 170513  860.96729   35 1075  871.63095  837.97741  3.86%   232 9181s
 277000 170839  866.31483   36 1023  871.63095  837.98704  3.86%   232 9209s
 277500 171135  865.27517   39 1064  871.63095  837.98704  3.86%   232 9237s
 277999 171348  854.88294   34 1087  871.63095  838.00803  3.86%   232 9268s
 278267 171668  858.30398   44 1069  871.63095  838.00803  3.86%   232 9296s
 278792 171976  844.36754   32 1095  871.63095  838.01891  3.86%   232 9324s
 279324 172282  844.12167   32 1031  871.63095  838.02563  3.86%   232 9352s
 279866 172643  854.40038   23 1080  871.63095  838.03617  3.85%   232 9382s
 280418 172983  856.62865   46 1110  871.63095  838.04418  3.85%   232 9409s
 280924 173273  854.28604   53 1057  871.63095  838.05475  3.85%   232 9438s
 281428 173556     cutoff   35       871.63095  838.06311  3.85%   232 9467s
 281947 173830  854.60798   47 1076  871.63095  838.06773  3.85%   232 9496s
 282415 174149  859.85562   39 1072  871.63095  838.07459  3.85%   232 9524s
 282640 174149  863.57280   54 1055  871.63095  838.08021  3.85%   232 9525s
 282882 174396  856.11734   38 1028  871.63095  838.08623  3.85%   232 9553s
 283282 174570  850.40642   22 1043  871.63095  838.09144  3.85%   232 9584s
 283629 174826  871.51650   56 1033  871.63095  838.09579  3.85%   232 9612s
 284059 175035  868.03231   46 1075  871.63095  838.09751  3.85%   233 9640s
 284495 175335     cutoff   39       871.63095  838.12083  3.84%   233 9669s
 285010 175615  852.56575   31 1113  871.63095  838.12374  3.84%   233 9696s
 285493 175934  860.68891   47 1074  871.63095  838.13263  3.84%   233 9725s
 285999 176185  852.78235   37 1057  871.63095  838.14144  3.84%   233 9754s
 286451 176412  862.27771   34 1091  871.63095  838.14929  3.84%   233 9783s
 286922 176715  841.37718   39 1116  871.63095  838.15920  3.84%   233 9812s
 287450 176931  855.72772   33 1056  871.63095  838.16910  3.84%   233 9845s
 287786 177172     cutoff   44       871.63095  838.17335  3.84%   233 9873s
 288186 177462  864.24343   51  986  871.63095  838.17804  3.84%   233 9903s
 288717 177704  864.97074   41  997  871.63095  838.18992  3.84%   233 9934s
 289063 177704  866.38576   31 1070  871.63095  838.19381  3.84%   233 9935s
 289167 178025  847.69055   28 1016  871.63095  838.19489  3.84%   233 9964s
 289693 178232  843.72684   26 1098  871.63095  838.20348  3.84%   233 9992s
 290093 178498  862.87677   41 1048  871.63095  838.20348  3.84%   233 10022s
 290652 178827  847.62146   25 1095  871.63095  838.22198  3.83%   233 10051s
 291206 179089  856.12503   38  839  871.63095  838.23510  3.83%   233 10078s
 291668 179459  871.04383   53 1067  871.63095  838.24251  3.83%   233 10108s
 292195 179785     cutoff   54       871.63095  838.25595  3.83%   233 10139s
 292736 180076  870.03419   53 1070  871.63095  838.26212  3.83%   233 10169s
 293191 180275  869.91961   34 1083  871.63095  838.27278  3.83%   233 10198s
 293628 180576     cutoff   51       871.63095  838.28368  3.83%   234 10227s
 294075 180748  854.41049   39 1068  871.63095  838.28781  3.83%   234 10256s
 294528 180939  847.20023   23 1087  871.63095  838.29547  3.82%   234 10291s
 294864 181207  839.46127   26 1102  871.63095  838.29945  3.82%   234 10321s
 295333 181501  854.99384   41 1072  871.63095  838.30421  3.82%   234 10349s
 295850 181717  868.34281   42 1057  871.63095  838.31057  3.82%   234 10379s
 296292 181997  847.95417   38 1028  871.63095  838.31593  3.82%   234 10409s
 296791 182240  866.59110   33 1014  871.63095  838.32540  3.82%   234 10437s
 297287 182567  855.62444   36 1063  871.63095  838.33652  3.82%   234 10467s
 297845 182728  869.97840   43  983  871.63095  838.34396  3.82%   234 10497s
 298273 183029  865.79476   38 1021  871.63095  838.35629  3.82%   234 10527s
 298815 183303  867.48377   53 1071  871.63095  838.36271  3.82%   234 10556s
 299279 183565     cutoff   60       871.63095  838.36954  3.82%   234 10588s
 299833 183797  850.29212   35 1094  871.63095  838.38068  3.81%   234 10623s
 300253 184060  862.61361   29 1073  871.63095  838.38724  3.81%   234 10652s
 300673 184283  850.56749   39 1012  871.63095  838.38724  3.81%   234 10679s
 301010 184537  866.01116   37 1024  871.63095  838.39507  3.81%   235 10709s
 301481 184715  850.81037   31 1086  871.63095  838.39507  3.81%   235 10737s
 301931 184985  870.37972   55 1015  871.63095  838.40806  3.81%   235 10768s
 302431 185268  865.73168   52  929  871.63095  838.41631  3.81%   235 10798s
 302912 185589  850.84103   33 1080  871.63095  838.42172  3.81%   235 10829s
 303398 185894     cutoff   43       871.63095  838.42689  3.81%   235 10859s
 303948 186146  854.55325   32 1019  871.63095  838.43637  3.81%   235 10889s
 304157 186146  847.75392   37 1029  871.63095  838.43637  3.81%   235 10890s
 304392 186349  854.41899   43 1047  871.63095  838.44069  3.81%   235 10923s
 304695 186624  870.11383   46 1072  871.63095  838.44292  3.81%   235 10954s
 305193 186858     cutoff   55       871.63095  838.45187  3.81%   235 10984s
 305626 187130  851.89280   38 1036  871.63095  838.45539  3.81%   235 11018s
 306078 187395  856.88632   49 1086  871.63095  838.46389  3.81%   235 11048s
 306550 187643  851.67569   39 1052  871.63095  838.47222  3.80%   235 11078s
 307078 187945  866.07646   47 1011  871.63095  838.47387  3.80%   235 11110s
 307645 188294  846.01135   27 1064  871.63095  838.47717  3.80%   235 11139s
 307930 188294     cutoff   46       871.63095  838.48642  3.80%   235 11140s
 308110 188609     cutoff   48       871.63095  838.48827  3.80%   235 11170s
 308628 188883  866.21275   47 1047  871.63095  838.48989  3.80%   235 11202s
 309148 189212  849.16104   40 1036  871.63095  838.50231  3.80%   235 11233s
 309666 189487  861.01701   52 1087  871.63095  838.51258  3.80%   235 11263s
 310114 189737  863.67520   40  965  871.63095  838.51804  3.80%   235 11294s
 310622 190002  856.93928   49  990  871.63095  838.51844  3.80%   235 11324s
 311090 190224  848.68053   30 1037  871.63095  838.52142  3.80%   236 11357s
 311459 190528  848.28565   40 1082  871.63095  838.52823  3.80%   236 11389s
 312081 190911  845.38718   33 1060  871.63095  838.53718  3.80%   236 11420s
 312678 191296  856.99822   47 1081  871.63095  838.54429  3.80%   236 11451s
 313259 191596  847.66839   27 1010  871.63095  838.54929  3.80%   236 11483s
 313745 191831  854.62879   36 1093  871.63095  838.56004  3.79%   236 11513s
 314203 192124  846.18006   41 1078  871.63095  838.56533  3.79%   236 11545s
 314774 192387  849.00916   41 1078  871.63095  838.57189  3.79%   236 11577s
 315297 192743     cutoff   41       871.63095  838.57959  3.79%   236 11608s
 315853 193003  869.50031   54 1032  871.63095  838.58955  3.79%   236 11640s
 316314 193241  846.36533   36 1090  871.63095  838.58955  3.79%   236 11671s
 316762 193354  866.71455   54 1017  871.63095  838.59557  3.79%   236 11706s
 317147 193576  867.73449   49 1076  871.63095  838.59557  3.79%   236 11735s
 317546 193828  850.15655   42 1051  871.63095  838.61029  3.79%   236 11766s
 318017 194004  867.27079   46  825  871.63095  838.61140  3.79%   236 11798s
 318418 194307  845.77944   28 1043  871.63095  838.61694  3.79%   236 11829s
 318906 194487  869.39058   57 1017  871.63095  838.62172  3.79%   236 11860s
 319434 194828  851.00636   45 1060  871.63095  838.63178  3.79%   236 11891s
 319997 195090  850.59485   42 1086  871.63095  838.64098  3.78%   236 11921s
 320439 195366  870.64678   47  945  871.63095  838.64610  3.78%   236 11952s
 320905 195639 infeasible   47       871.63095  838.65658  3.78%   236 11984s
 321374 195988  856.50434   45 1021  871.63095  838.65866  3.78%   236 12016s
 321929 196255  845.58572   42 1064  871.63095  838.66833  3.78%   236 12049s
 322398 196477  851.51144   45 1085  871.63095  838.67610  3.78%   237 12083s
 322779 196786  856.71383   40 1035  871.63095  838.67951  3.78%   237 12117s
 323321 197103  855.99586   43 1089  871.63095  838.68790  3.78%   237 12149s
 323833 197326  851.31403   33 1053  871.63095  838.69388  3.78%   237 12181s
 324233 197550  867.35245   42 1043  871.63095  838.69578  3.78%   237 12212s
 324656 197770  847.79405   33 1021  871.63095  838.70530  3.78%   237 12245s
 325126 197987  844.13236   28 1039  871.63095  838.71186  3.78%   237 12278s
 325634 198215  850.38599   35 1079  871.63095  838.71722  3.78%   237 12310s
 326059 198567  851.20416   43 1060  871.63095  838.72268  3.78%   237 12343s
 326638 198892  859.74950   39 1040  871.63095  838.73261  3.77%   237 12375s
 327141 199186  845.86374   33 1104  871.63095  838.73701  3.77%   237 12408s
 327607 199482     cutoff   51       871.63095  838.73701  3.77%   237 12440s
 328129 199694  868.79722   47 1061  871.63095  838.74674  3.77%   237 12478s
 328664 199975  845.03014   29 1063  871.63095  838.75180  3.77%   237 12510s
 329155 200317  849.36794   44 1049  871.63095  838.76197  3.77%   237 12543s
 329667 200600  853.08196   50 1071  871.63095  838.76197  3.77%   237 12575s
 330190 200853  841.43035   40 1074  871.63095  838.77267  3.77%   237 12608s
 330674 201050  866.42707   44 1050  871.63095  838.77911  3.77%   237 12640s
 331069 201327  865.76510   49 1041  871.63095  838.78175  3.77%   237 12672s
 331526 201574  855.03965   27 1051  871.63095  838.79087  3.77%   237 12706s
 331932 201829  867.97829   49  925  871.63095  838.79210  3.77%   237 12740s
 332427 202104  852.64315   45 1077  871.63095  838.79880  3.77%   238 12773s
 332916 202131  845.51164   29 1064  871.63095  838.80490  3.77%   238 12810s
 332960 202344  862.85429   36  996  871.63095  838.80490  3.77%   238 12841s
 333436 202670  866.56510   53 1025  871.63095  838.81142  3.77%   238 12875s
 334039 202871     cutoff   33       871.63095  838.82301  3.76%   238 12914s
 334406 203275  860.97973   49 1062  871.63095  838.82389  3.76%   238 12947s
 335018 203508  847.84802   35 1098  871.63095  838.83783  3.76%   238 12980s
 335510 203732     cutoff   44       871.63095  838.84092  3.76%   238 13012s
 335975 203992  843.96499   29 1080  871.63095  838.84092  3.76%   238 13046s
 336512 204267  867.60298   42 1027  871.63095  838.85678  3.76%   238 13079s
 336986 204553  854.05883   39 1059  871.63095  838.86094  3.76%   238 13111s
 337452 204754  856.26130   32 1081  871.63095  838.87491  3.76%   238 13145s
 338015 205059  862.72386   30  990  871.63095  838.88013  3.76%   238 13179s
 338549 205402  861.90116   38 1044  871.63095  838.88819  3.76%   238 13212s
 339105 205683  856.79627   33  993  871.63095  838.89630  3.76%   238 13245s
 339582 205922  858.87018   42 1067  871.63095  838.90762  3.75%   238 13284s
 339961 206178  866.12535   50 1042  871.63095  838.90822  3.75%   238 13316s
 340371 206485  846.88418   41 1043  871.63095  838.91486  3.75%   238 13350s
 340919 206718  852.07646   39 1069  871.63095  838.92091  3.75%   238 13385s
 341361 207005  844.28634   31 1094  871.63095  838.92579  3.75%   238 13418s
 341833 207265  857.26691   35 1071  871.63095  838.93087  3.75%   238 13451s
 342285 207495  871.21434   42  953  871.63095  838.93644  3.75%   238 13485s
 342737 207824  864.98110   50 1050  871.63095  838.94309  3.75%   238 13519s
 343323 208025  869.30185   50 1006  871.63095  838.95032  3.75%   238 13552s
 343697 208305  845.77813   36 1072  871.63095  838.95421  3.75%   238 13586s
 344198 208664  867.65129   41 1045  871.63095  838.95930  3.75%   238 13620s
 344766 208952  870.87433   60  920  871.63095  838.96795  3.75%   238 13654s
 345229 209154  859.74329   28 1044  871.63095  838.96808  3.75%   238 13693s
 345603 209455  850.05563   45 1074  871.63095  838.97443  3.75%   238 13726s
 346057 209794  868.58025   67 1069  871.63095  838.98171  3.75%   239 13761s
 346584 210094  855.62751   37 1104  871.63095  838.99518  3.74%   239 13795s
 347086 210289  859.19521   47 1063  871.63095  839.00074  3.74%   239 13828s
 347521 210603  870.05928   57 1025  871.63095  839.00074  3.74%   239 13863s
 348027 210931  855.59631   37 1016  871.63095  839.01385  3.74%   239 13897s
 348537 211225  862.84122   46 1033  871.63095  839.02227  3.74%   239 13932s
 349043 211586  860.99586   39 1065  871.63095  839.02690  3.74%   239 13966s
 349599 211928  860.15120   45 1093  871.63095  839.03301  3.74%   239 14000s
 350127 212240  856.44855   46 1071  871.63095  839.04320  3.74%   239 14035s
 350634 212418 infeasible   48       871.63095  839.04970  3.74%   239 14074s
 350989 212669     cutoff   43       871.63095  839.05975  3.74%   239 14110s
 351518 213027     cutoff   21       871.63095  839.06368  3.74%   239 14144s
 352084 213231  871.20646   51 1011  871.63095  839.07230  3.74%   239 14178s
 352498 213504  866.15074   50 1063  871.63095  839.07472  3.74%   239 14211s
 352975 213786 infeasible   56       871.63095  839.08218  3.73%   239 14245s
 353454 214014  870.18239   48 1039  871.63095  839.08746  3.73%   239 14278s
 353941 214282  868.78607   49 1038  871.63095  839.09511  3.73%   239 14313s
 354459 214564  857.11207   45 1080  871.63095  839.10472  3.73%   239 14348s
 354948 214819  870.39966   39 1051  871.63095  839.11300  3.73%   239 14381s
 355356 215108  844.88631   26 1056  871.63095  839.11745  3.73%   239 14415s
 355850 215397  862.75399   41 1061  871.63095  839.12367  3.73%   239 14451s
 356336 215667  867.28205   44  945  871.63095  839.13013  3.73%   239 14489s
 356825 216009  853.97499   29 1087  871.63095  839.13414  3.73%   239 14523s
 357375 216281  867.18182   58 1080  871.63095  839.14553  3.73%   239 14558s
 357911 216613  870.62131   44 1030  871.63095  839.15024  3.73%   239 14594s
 358414 216842  869.88906   60 1027  871.63095  839.15697  3.73%   239 14630s
 358836 217213  859.66388   53 1032  871.63095  839.16294  3.72%   239 14666s
 359405 217548  854.36637   42  986  871.63095  839.17407  3.72%   239 14700s
 359932 217828  852.05318   39 1022  871.63095  839.17888  3.72%   240 14736s
 360446 218106  849.15999   39 1048  871.63095  839.18562  3.72%   240 14770s
 360915 218370     cutoff   42       871.63095  839.18994  3.72%   240 14806s
 361399 218659  870.21551   53 1086  871.63095  839.19689  3.72%   240 14843s
 361876 218868  852.58592   25 1016  871.63095  839.20019  3.72%   240 14883s
 362249 219158  850.61555   38 1023  871.63095  839.20352  3.72%   240 14917s
 362814 219422  858.70778   42 1036  871.63095  839.21377  3.72%   240 14952s
 363234 219677  843.74594   33 1094  871.63095  839.22077  3.72%   240 14987s
 363690 219976  863.49805   41 1049  871.63095  839.22085  3.72%   240 15021s
 364212 220273  849.04010   39 1061  871.63095  839.22960  3.72%   240 15058s
 364717 220495  865.34771   36 1060  871.63095  839.23471  3.72%   240 15094s
 364834 220495  865.25575   29 1098  871.63095  839.23639  3.72%   240 15095s
 365178 220827  870.36495   56  997  871.63095  839.24297  3.72%   240 15129s
 365718 221066  850.68807   32 1098  871.63095  839.24925  3.72%   240 15163s
 366172 221349     cutoff   35       871.63095  839.25314  3.71%   240 15198s
 366607 221678  851.48342   32 1022  871.63095  839.25999  3.71%   240 15236s
 367155 221961  848.29398   38 1062  871.63095  839.26697  3.71%   240 15272s
 367608 222132  844.29803   39 1088  871.63095  839.27163  3.71%   240 15315s
 367938 222360  856.28043   45 1101  871.63095  839.27904  3.71%   240 15349s
 368342 222643  852.98958   30 1042  871.63095  839.28795  3.71%   240 15385s
 368793 222933     cutoff   57       871.63095  839.29083  3.71%   240 15421s
 369273 223225  856.07403   41 1067  871.63095  839.29442  3.71%   240 15456s
 369757 223484 infeasible   54       871.63095  839.30712  3.71%   240 15490s
 370202 223727  862.06163   50 1077  871.63095  839.30989  3.71%   240 15527s
 370660 224003  862.87811   41  973  871.63095  839.31727  3.71%   240 15563s
 371167 224284  848.20661   37 1081  871.63095  839.32001  3.71%   240 15599s
 371387 224284  845.87435   42 1086  871.63095  839.32631  3.71%   241 15600s
 371626 224496  862.85947   35 1027  871.63095  839.32821  3.71%   241 15634s
 372030 224707  867.20529   42 1069  871.63095  839.33284  3.71%   241 15671s
 372508 224989     cutoff   33       871.63095  839.33653  3.71%   241 15706s
 372985 225225  845.81171   27 1062  871.63095  839.34348  3.70%   241 15746s
 373402 225509  862.46625   47 1068  871.63095  839.34996  3.70%   241 15783s
 373882 225844  859.77537   40 1065  871.63095  839.35403  3.70%   241 15819s
 374369 226062  849.47450   44 1094  871.63095  839.36177  3.70%   241 15854s
 374802 226255  843.43654   29 1084  871.63095  839.37154  3.70%   241 15891s
 375227 226525  848.99270   41 1090  871.63095  839.37877  3.70%   241 15928s
 375746 226731  852.85307   38 1014  871.63095  839.38879  3.70%   241 15965s
 376268 226963  852.75949   34 1019  871.63095  839.39474  3.70%   241 15999s
 376722 227265  858.35726   46 1106  871.63095  839.39928  3.70%   241 16036s
 377263 227564  851.85306   36 1004  871.63095  839.40487  3.70%   241 16074s
 377828 227818  841.96002   27 1084  871.63095  839.41443  3.70%   241 16109s
 378233 228063  856.91092   51 1043  871.63095  839.41730  3.70%   241 16145s
 378691 228242  862.00201   38 1086  871.63095  839.42589  3.69%   241 16185s
 379069 228454  850.28293   39 1087  871.63095  839.42589  3.69%   241 16222s
 379555 228700     cutoff   47       871.63095  839.42704  3.69%   241 16257s
 380007 229014  858.77861   51  973  871.63095  839.43396  3.69%   241 16294s
 380544 229326  867.12885   39  998  871.63095  839.43678  3.69%   241 16331s
 381108 229528  866.22365   51 1032  871.63095  839.44635  3.69%   241 16369s
 381487 229806  854.90079   39 1056  871.63095  839.44945  3.69%   241 16405s
 381945 230095  864.83100   41 1065  871.63095  839.45670  3.69%   241 16442s
 382455 230397  855.92099   26 1068  871.63095  839.46639  3.69%   241 16477s
 382965 230716  869.48306   46 1066  871.63095  839.47040  3.69%   241 16515s
 383526 231010  864.50117   39 1047  871.63095  839.47630  3.69%   241 16552s
 384061 231174  860.48208   40 1091  871.63095  839.48202  3.69%   241 16595s
 384383 231465  847.63579   29 1059  871.63095  839.48598  3.69%   241 16632s
 384916 231711  869.39886   46 1052  871.63095  839.48946  3.69%   241 16668s
 385391 231930  862.20528   27 1059  871.63095  839.49970  3.69%   241 16706s
 385892 232288  845.62884   28 1093  871.63095  839.50490  3.69%   242 16743s
 386431 232591  858.92871   48 1064  871.63095  839.51124  3.69%   242 16780s
 386900 232847     cutoff   51       871.63095  839.51339  3.68%   242 16816s
 387390 233166  856.87870   33 1015  871.63095  839.51960  3.68%   242 16854s
 387953 233422  846.36077   33 1080  871.63095  839.52774  3.68%   242 16892s
 388456 233668     cutoff   51       871.63095  839.53173  3.68%   242 16931s
 388933 233943  851.16816   38 1079  871.63095  839.53743  3.68%   242 16966s
 389392 234112  867.46217   47 1019  871.63095  839.54398  3.68%   242 17008s
 389790 234410  847.57711   33 1043  871.63095  839.54806  3.68%   242 17046s
 390337 234715  859.40696   40  996  871.63095  839.55102  3.68%   242 17084s
 390885 234990  850.33637   38 1080  871.63095  839.56175  3.68%   242 17121s
 391399 235205  852.82322   41 1058  871.63095  839.56956  3.68%   242 17158s
 391870 235481     cutoff   41       871.63095  839.57770  3.68%   242 17195s
 392289 235731  859.16513   43 1076  871.63095  839.58076  3.68%   242 17232s
 392763 236013     cutoff   36       871.63095  839.58946  3.68%   242 17268s
 393241 236395  848.11516   40 1081  871.63095  839.59462  3.68%   242 17307s
 393897 236719  860.07945   43 1022  871.63095  839.59963  3.67%   242 17347s
 394407 236990  852.41427   38 1102  871.63095  839.60527  3.67%   242 17383s
 394834 237246  848.11532   42 1070  871.63095  839.60714  3.67%   242 17426s
 395252 237523  850.34916   29 1040  871.63095  839.61071  3.67%   242 17464s
 395697 237830     cutoff   48       871.63095  839.61635  3.67%   242 17502s
 396191 238097     cutoff   56       871.63095  839.62309  3.67%   242 17540s
 396637 238343  866.54907   46  921  871.63095  839.62727  3.67%   242 17577s
 397015 238621  866.52142   47  937  871.63095  839.62984  3.67%   242 17614s
 397274 238621  848.83366   45 1071  871.63095  839.63114  3.67%   242 17615s
 397475 238923  868.58161   52  960  871.63095  839.63232  3.67%   242 17653s
 398012 239221  868.60490   47  998  871.63095  839.63719  3.67%   242 17692s
 398541 239571  845.17862   27 1040  871.63095  839.64298  3.67%   242 17730s
 399095 239770     cutoff   33       871.63095  839.64905  3.67%   242 17773s
 399399 240039  855.67391   44 1081  871.63095  839.64921  3.67%   242 17812s
 399924 240303  843.65070   26 1092  871.63095  839.65781  3.67%   242 17849s
 400432 240474  862.97878   39 1078  871.63095  839.66187  3.67%   242 17896s
 400795 240654  870.84326   48 1031  871.63095  839.66493  3.67%   242 17934s
 401168 240858  856.44385   36 1014  871.63095  839.66915  3.67%   243 17973s
 401608 241096  851.85741   50 1056  871.63095  839.67404  3.67%   243 18011s
 402024 241397  851.85192   40  906  871.63095  839.67996  3.67%   243 18050s
 402511 241735  860.89943   38 1034  871.63095  839.68610  3.66%   243 18090s
 403074 241957  848.65787   31 1088  871.63095  839.68610  3.66%   243 18127s
 403497 242173     cutoff   41       871.63095  839.69502  3.66%   243 18165s
 403989 242423  868.70420   58 1020  871.63095  839.70330  3.66%   243 18203s
 404503 242679  852.64620   30 1041  871.63095  839.70637  3.66%   243 18240s
 404940 242942  852.69414   29 1055  871.63095  839.71053  3.66%   243 18280s
 405556 243280  849.98964   37 1062  871.63095  839.71972  3.66%   243 18318s
 406074 243480  860.71384   37  983  871.63095  839.72424  3.66%   243 18363s
 406464 243698  855.76086   33 1062  871.63095  839.72653  3.66%   243 18401s
 406903 243901  846.04950   47 1070  871.63095  839.72916  3.66%   243 18440s
 407371 244157     cutoff   46       871.63095  839.73407  3.66%   243 18479s
 407801 244410     cutoff   43       871.63095  839.73889  3.66%   243 18516s
 408222 244692 infeasible   36       871.63095  839.74728  3.66%   243 18555s
 408710 245067  870.53672   44 1066  871.63095  839.75171  3.66%   243 18596s
 409279 245348  863.22763   46 1022  871.63095  839.75705  3.66%   243 18633s
 409821 245613  857.43448   34 1066  871.63095  839.76165  3.66%   243 18671s
 410277 245921  853.45271   34 1020  871.63095  839.76680  3.66%   243 18709s
 410712 246224  865.16034   50  995  871.63095  839.77460  3.65%   243 18749s
 411106 246224  860.42213   37 1041  871.63095  839.77651  3.65%   243 18750s
 411236 246506  845.33363   27 1029  871.63095  839.78156  3.65%   243 18789s
 411724 246770  871.31892   48 1067  871.63095  839.78527  3.65%   243 18833s
 412144 247077  848.61540   36  991  871.63095  839.79029  3.65%   243 18872s
 412647 247294  864.94535   62 1061  871.63095  839.79029  3.65%   243 18911s
 413078 247475  869.49916   33 1043  871.63095  839.80362  3.65%   243 18949s
 413597 247651  865.62720   49 1093  871.63095  839.80460  3.65%   243 18986s
 414020 247827  867.21518   44 1019  871.63095  839.80931  3.65%   243 19025s
 414377 248035  869.22182   48  987  871.63095  839.81214  3.65%   243 19063s
 414798 248325  850.03926   29 1057  871.63095  839.81792  3.65%   244 19103s
 415224 248563  855.83927   38 1090  871.63095  839.81955  3.65%   244 19143s
 415776 248873  868.48841   51  931  871.63095  839.82635  3.65%   244 19183s
 416301 249136  865.75871   41 1103  871.63095  839.83127  3.65%   244 19221s
 416767 249391  856.24674   47  962  871.63095  839.84139  3.65%   244 19259s
 416881 249391  870.99870   47 1106  871.63095  839.84139  3.65%   244 19260s
 417285 249596  870.82775   50 1068  871.63095  839.84774  3.65%   244 19302s
 417668 249630  848.71489   31 1066  871.63095  839.85058  3.65%   244 19350s
 417788 249821  859.92129   33 1031  871.63095  839.85445  3.65%   244 19388s
 418228 250135  867.92800   56 1033  871.63095  839.85857  3.65%   244 19427s
 418754 250385  849.54904   37 1044  871.63095  839.86366  3.64%   244 19467s
 419203 250563     cutoff   51       871.63095  839.86714  3.64%   244 19507s
 419592 250845  851.83211   44 1099  871.63095  839.87144  3.64%   244 19545s
 420109 251125  852.08494   33 1071  871.63095  839.87645  3.64%   244 19585s
 420602 251416  860.85218   43 1070  871.63095  839.88095  3.64%   244 19625s
 421098 251673  849.95716   33 1060  871.63095  839.88888  3.64%   244 19665s
 421587 251924  852.75347   32 1097  871.63095  839.89642  3.64%   244 19703s
 422138 252181  861.82467   49 1033  871.63095  839.89881  3.64%   244 19744s
 422659 252396  843.53941   27 1031  871.63095  839.90427  3.64%   244 19786s
 423032 252663  854.80098   42 1062  871.63095  839.90548  3.64%   244 19825s
 423492 252925     cutoff   51       871.63095  839.91302  3.64%   244 19863s
 423948 253256  856.47147   46 1035  871.63095  839.91816  3.64%   244 19903s
 424469 253619  864.85490   52  950  871.63095  839.92152  3.64%   244 19944s
 425003 253619  851.75625   34 1016  871.63095  839.93208  3.64%   244 19945s
 425080 253915  850.14412   47 1098  871.63095  839.93208  3.64%   244 19983s
 425586 254247  844.30606   27 1035  871.63095  839.93344  3.64%   244 20023s
 426144 254539  849.69186   50 1066  871.63095  839.94175  3.64%   244 20063s
 426607 254771  858.14689   49 1101  871.63095  839.94904  3.63%   244 20103s
 427053 255133  854.58538   43 1010  871.63095  839.95523  3.63%   244 20143s
 427615 255395 infeasible   48       871.63095  839.95966  3.63%   244 20182s
 428112 255627  867.00307   38 1068  871.63095  839.96602  3.63%   244 20227s
 428480 255953  842.71174   32 1040  871.63095  839.96938  3.63%   244 20268s
 429027 256229  852.00834   34 1055  871.63095  839.97352  3.63%   244 20307s
 429460 256568  854.13257   31 1084  871.63095  839.97403  3.63%   244 20347s
 429947 256921  865.62257   39 1042  871.63095  839.97694  3.63%   244 20388s
 430569 257185  859.88293   35  996  871.63095  839.98535  3.63%   244 20429s
 431028 257426  865.77788   39 1010  871.63095  839.98810  3.63%   244 20469s
 431486 257741  856.83610   42 1072  871.63095  839.99608  3.63%   244 20509s
 432020 258049  870.63419   63  990  871.63095  839.99900  3.63%   244 20550s
 432561 258280  852.32623   49 1024  871.63095  840.00440  3.63%   244 20589s
 432999 258538  845.99078   34 1045  871.63095  840.01324  3.63%   244 20630s
H433023 182339                     861.7870659  840.01324  2.53%   244 20630s
 433501 182314     cutoff   44       861.78707  840.01617  2.53%   244 20675s
 433942 182500  849.94248   36 1083  861.78707  840.02377  2.53%   245 20714s
 434366 182644  859.52327   38 1022  861.78707  840.02779  2.52%   245 20758s
 434861 182774  846.85711   28 1078  861.78707  840.03776  2.52%   245 20799s
 435284 182884  843.59946   36 1093  861.78707  840.04593  2.52%   245 20838s
 435676 183088  846.12007   31 1068  861.78707  840.04927  2.52%   245 20879s
 436162 183286  854.89832   32 1073  861.78707  840.05605  2.52%   245 20921s
 436661 183526     cutoff   39       861.78707  840.06723  2.52%   245 20961s
 437153 183711  861.34310   34 1040  861.78707  840.07353  2.52%   245 21003s
 437620 183716  860.95303   40 1024  861.78707  840.07957  2.52%   245 21060s
 437655 183827     cutoff   41       861.78707  840.07957  2.52%   245 21103s
 437907 183957  853.33104   31 1096  861.78707  840.08244  2.52%   245 21145s
 438227 184135  853.33104   32 1096  861.78707  840.08244  2.52%   245 21187s
 438630 184292     cutoff   51       861.78707  840.09298  2.52%   245 21228s
 438995 184455  854.54845   38 1069  861.78707  840.10081  2.52%   245 21269s
 439086 184455     cutoff   39       861.78707  840.10081  2.52%   245 21270s
 439417 184605     cutoff   46       861.78707  840.10713  2.52%   245 21310s
 439810 184771  859.32012   46 1047  861.78707  840.11598  2.51%   245 21351s
 440264 184930  858.68132   41 1072  861.78707  840.12053  2.51%   245 21392s
 440724 185108     cutoff   45       861.78707  840.12882  2.51%   245 21433s
 441127 185285  860.86985   48  910  861.78707  840.13509  2.51%   245 21470s
 441492 185435  861.34654   35  954  861.78707  840.13645  2.51%   245 21510s
 441915 185566  852.85794   35 1019  861.78707  840.14319  2.51%   245 21552s
 442334 185793  849.38638   36 1088  861.78707  840.14594  2.51%   245 21594s
 442822 186000  842.77308   30 1086  861.78707  840.15204  2.51%   245 21634s
 443254 186190  849.28232   41 1012  861.78707  840.15861  2.51%   246 21677s
 443704 186413  860.13574   43 1041  861.78707  840.16213  2.51%   246 21721s
 444217 186607  847.41810   36 1042  861.78707  840.17155  2.51%   246 21762s
 444636 186802  858.50883   38 1039  861.78707  840.18074  2.51%   246 21804s
 445071 186989  846.80298   28 1056  861.78707  840.18580  2.51%   246 21846s
 445509 187211  845.39028   25 1086  861.78707  840.19496  2.51%   246 21889s
 446018 187387  855.51930   44 1042  861.78707  840.20204  2.50%   246 21930s
 446402 187558  847.59722   30 1071  861.78707  840.20455  2.50%   246 21973s
 446831 187757  850.09063   46 1070  861.78707  840.21058  2.50%   246 22016s
 447206 187901     cutoff   28       861.78707  840.21655  2.50%   246 22056s
 447592 188052  858.38562   34 1072  861.78707  840.22066  2.50%   246 22098s
 448000 188214  848.25518   35 1096  861.78707  840.22553  2.50%   246 22140s
 448386 188391  854.94354   41 1063  861.78707  840.23648  2.50%   246 22181s
 448839 188539  857.29180   42 1082  861.78707  840.23960  2.50%   246 22225s
 449290 188753  850.83812   44 1111  861.78707  840.24617  2.50%   246 22267s
 449791 188929  850.82630   36 1035  861.78707  840.25469  2.50%   246 22310s
 450295 189087  860.09168   42 1064  861.78707  840.26339  2.50%   246 22353s
 450767 189299  849.09234   41 1067  861.78707  840.26939  2.50%   246 22395s
 451253 189453     cutoff   42       861.78707  840.27371  2.50%   246 22438s
 451696 189642  846.98702   34 1082  861.78707  840.27942  2.50%   246 22481s
 452107 189811  856.94643   30 1028  861.78707  840.28833  2.49%   246 22523s
 452601 189980  841.86570   33 1072  861.78707  840.29382  2.49%   246 22566s
 453032 190187  849.82784   28 1039  861.78707  840.29962  2.49%   246 22607s
 453500 190331  854.48774   43 1063  861.78707  840.30700  2.49%   246 22649s
 454005 190502  856.04542   48 1081  861.78707  840.30981  2.49%   246 22691s
 454418 190687  860.76779   51 1089  861.78707  840.31492  2.49%   247 22734s
 454867 190863  861.12179   37 1052  861.78707  840.32314  2.49%   247 22778s
 455366 191041  849.80369   31 1019  861.78707  840.33130  2.49%   247 22821s
 455811 191267     cutoff   37       861.78707  840.33785  2.49%   247 22862s
 456231 191387  853.27662   32 1028  861.78707  840.34363  2.49%   247 22905s
 456611 191539     cutoff   40       861.78707  840.34623  2.49%   247 22947s
 457082 191686     cutoff   49       861.78707  840.35248  2.49%   247 22992s
 457452 191870  852.18278   35 1087  861.78707  840.35957  2.49%   247 23035s
 457917 192062  856.89561   34 1055  861.78707  840.36794  2.49%   247 23077s
 458375 192264     cutoff   35       861.78707  840.37359  2.48%   247 23119s
 458535 192264  859.51170   49  965  861.78707  840.37359  2.48%   247 23120s
 458800 192462     cutoff   48       861.78707  840.38063  2.48%   247 23162s
 459268 192628  856.51564   47 1063  861.78707  840.38480  2.48%   247 23204s
 459715 192795     cutoff   48       861.78707  840.38955  2.48%   247 23245s
 460138 192930  856.03885   45 1033  861.78707  840.39510  2.48%   247 23293s
 460487 193104     cutoff   51       861.78707  840.39775  2.48%   247 23337s
 460951 193292  858.05052   30 1007  861.78707  840.40143  2.48%   247 23380s
 461343 193433  858.43902   46 1088  861.78707  840.41026  2.48%   247 23423s
 461844 193554     cutoff   44       861.78707  840.41240  2.48%   247 23467s
 462243 193782  850.64948   37 1076  861.78707  840.41862  2.48%   247 23510s
 462718 193970  849.15210   43 1108  861.78707  840.42217  2.48%   247 23554s
 463178 194170  859.41880   40 1089  861.78707  840.43223  2.48%   247 23597s
 463655 194382  857.38525   43 1075  861.78707  840.43934  2.48%   247 23640s
 464112 194546  843.00059   32 1067  861.78707  840.45020  2.48%   247 23685s
 464511 194696  847.72860   30 1047  861.78707  840.45641  2.48%   247 23730s
 464944 194894  861.50882   47  960  861.78707  840.46104  2.47%   247 23773s
 465380 195119  843.03080   41 1048  861.78707  840.46909  2.47%   247 23816s
 465879 195304  851.50728   35 1043  861.78707  840.47645  2.47%   247 23867s
 466270 195481     cutoff   34       861.78707  840.47645  2.47%   247 23910s
 466762 195701     cutoff   46       861.78707  840.48978  2.47%   247 23953s
 467288 195853  852.36745   30 1022  861.78707  840.49793  2.47%   247 23996s
 467755 195997  854.33176   31 1042  861.78707  840.50127  2.47%   247 24040s
 468175 196197  855.63339   35 1044  861.78707  840.50550  2.47%   248 24084s
 468652 196373     cutoff   31       861.78707  840.50836  2.47%   248 24127s
 469112 196533  847.67452   38 1077  861.78707  840.51700  2.47%   248 24171s
 469528 196729     cutoff   44       861.78707  840.52152  2.47%   248 24216s
 470004 196956  850.08037   32 1072  861.78707  840.52976  2.47%   248 24259s
 470524 197106  846.96275   33 1060  861.78707  840.53932  2.47%   248 24307s
 470885 197337  850.66415   25 1090  861.78707  840.54365  2.47%   248 24352s
 471420 197483  860.76144   43  971  861.78707  840.55098  2.46%   248 24401s
 471795 197665     cutoff   43       861.78707  840.55850  2.46%   248 24444s
 472255 197869     cutoff   39       861.78707  840.56378  2.46%   248 24487s
 472707 198046  859.20321   53 1020  861.78707  840.56900  2.46%   248 24535s
 473163 198181     cutoff   35       861.78707  840.57734  2.46%   248 24579s
 473541 198313  860.84492   51 1046  861.78707  840.58253  2.46%   248 24624s
 474037 198423  857.97172   45 1046  861.78707  840.58549  2.46%   248 24669s
 474530 198631  846.47210   39 1059  861.78707  840.59323  2.46%   248 24714s
 475041 198874  847.87988   34 1055  861.78707  840.60262  2.46%   248 24758s
 475505 199113  852.25130   45 1070  861.78707  840.60846  2.46%   248 24803s
 475944 199232  853.12699   40 1071  861.78707  840.61403  2.46%   248 24847s
 476366 199428  850.14977   38 1036  861.78707  840.62048  2.46%   248 24892s
 476847 199566     cutoff   57       861.78707  840.62154  2.46%   248 24942s
 477188 199732  847.32908   33 1043  861.78707  840.62983  2.46%   248 24984s
 477614 199915  859.06641   37 1056  861.78707  840.63796  2.45%   248 25029s
 478056 200109  856.34095   46 1081  861.78707  840.64362  2.45%   248 25070s
 478512 200261  859.82910   36 1065  861.78707  840.65091  2.45%   248 25115s
 478951 200445  854.31894   37 1056  861.78707  840.65803  2.45%   248 25160s
 479454 200613  858.41919   47  992  861.78707  840.66491  2.45%   248 25204s
 479601 200613  857.20894   57 1049  861.78707  840.66491  2.45%   248 25205s
 479897 200791  857.32548   44 1060  861.78707  840.67286  2.45%   248 25248s
 480328 200961  856.95522   31 1047  861.78707  840.68107  2.45%   248 25292s
 480805 201089  855.91470   40 1011  861.78707  840.68439  2.45%   248 25337s
 481252 201260     cutoff   45       861.78707  840.68812  2.45%   248 25381s
 481720 201439  856.50893   29 1057  861.78707  840.70057  2.45%   248 25425s
 482222 201580  857.89057   40 1035  861.78707  840.70609  2.45%   248 25474s
 482289 201580     cutoff   47       861.78707  840.70609  2.45%   248 25475s
 482616 201785  848.93231   32 1061  861.78707  840.70925  2.45%   248 25518s
 483097 201960     cutoff   41       861.78707  840.71711  2.44%   248 25563s
 483578 202055     cutoff   34       861.78707  840.72686  2.44%   248 25619s
 483745 202272 infeasible   41       861.78707  840.72771  2.44%   248 25662s
 484166 202491  852.28417   33 1098  861.78707  840.73338  2.44%   249 25705s
 484622 202671  851.11262   26  995  861.78707  840.73552  2.44%   249 25750s
 485062 202818  850.24962   37 1073  861.78707  840.74271  2.44%   249 25795s
 485484 202979  861.74833   45 1009  861.78707  840.74944  2.44%   249 25841s
 485912 203183  857.28750   41 1074  861.78707  840.75577  2.44%   249 25885s
 486378 203360     cutoff   38       861.78707  840.76205  2.44%   249 25930s
 486795 203551     cutoff   36       861.78707  840.76564  2.44%   249 25975s
 487243 203714  857.70013   39 1066  861.78707  840.77525  2.44%   249 26019s
 487687 203879  849.89897   44 1064  861.78707  840.78188  2.44%   249 26069s
 488106 204045  851.43379   36 1073  861.78707  840.79073  2.44%   249 26114s
 488583 204214  860.11355   42 1064  861.78707  840.79768  2.44%   249 26159s
 488993 204396  859.59414   34 1078  861.78707  840.80210  2.44%   249 26203s
 489391 204592  855.05992   51  990  861.78707  840.80515  2.43%   249 26247s
 489795 204739  853.53654   29 1089  861.78707  840.80803  2.43%   249 26293s
 490216 204922  854.01839   35  983  861.78707  840.81400  2.43%   249 26337s
 490621 205120  856.83402   42  996  861.78707  840.81839  2.43%   249 26382s
 491089 205322  846.86426   27 1043  861.78707  840.82787  2.43%   249 26427s
 491555 205494  861.42091   46 1042  861.78707  840.82968  2.43%   249 26472s
 492010 205668  849.24964   32 1046  861.78707  840.83938  2.43%   249 26518s
 492492 205836  856.18133   42 1021  861.78707  840.84228  2.43%   249 26563s
 492885 206058     cutoff   50       861.78707  840.84333  2.43%   249 26608s
 493368 206175  855.77206   37 1078  861.78707  840.85029  2.43%   249 26660s
 493764 206441  845.96020   28 1052  861.78707  840.85812  2.43%   249 26704s
 494255 206651  856.09395   42 1076  861.78707  840.86404  2.43%   249 26749s
 494724 206815  854.25291   32 1050  861.78707  840.86783  2.43%   249 26796s
 495170 207015     cutoff   52       861.78707  840.87351  2.43%   249 26841s
 495648 207131  859.10807   30 1004  861.78707  840.87942  2.43%   250 26887s
 496091 207300  844.42014   33 1056  861.78707  840.88172  2.43%   250 26932s
 496581 207450  858.16922   48  966  861.78707  840.89094  2.42%   250 26978s
 497032 207625  854.81881   35 1049  861.78707  840.89737  2.42%   250 27024s
 497499 207755     cutoff   33       861.78707  840.90523  2.42%   250 27069s
 497868 207942  844.72021   22 1055  861.78707  840.90570  2.42%   250 27116s
 498295 208117  855.07915   30 1056  861.78707  840.91195  2.42%   250 27161s
 498737 208266  848.79193   29 1068  861.78707  840.91933  2.42%   250 27211s
 499133 208440  844.54772   36 1084  861.78707  840.92392  2.42%   250 27256s
 499542 208639  855.53997   44 1055  861.78707  840.92733  2.42%   250 27302s
 499993 208805  861.15228   55 1078  861.78707  840.92955  2.42%   250 27348s
 500389 208998 infeasible   41       861.78707  840.93454  2.42%   250 27395s
 500860 209175  854.95747   44 1084  861.78707  840.93927  2.42%   250 27442s
 501276 209374  845.82975   34 1097  861.78707  840.94300  2.42%   250 27489s
 501738 209609  844.27104   22 1057  861.78707  840.95122  2.42%   250 27537s
 502272 209782  858.42516   36 1009  861.78707  840.95607  2.42%   250 27583s
 502711 210029  857.71675   34 1044  861.78707  840.96000  2.42%   250 27628s
 503213 210220     cutoff   41       861.78707  840.96767  2.42%   250 27676s
 503713 210381  850.26707   35 1041  861.78707  840.97201  2.42%   250 27723s
 504137 210552  849.56635   46 1063  861.78707  840.98370  2.41%   250 27772s
 504597 210712  848.27884   32 1089  861.78707  840.98719  2.41%   250 27819s
 505085 210873  861.35213   41  964  861.78707  840.99265  2.41%   250 27866s
 505537 211001  848.37928   29 1033  861.78707  840.99947  2.41%   250 27915s
 506082 211250  847.64905   42 1016  861.78707  841.00340  2.41%   250 27960s
 506588 211420  849.91171   48 1073  861.78707  841.00888  2.41%   250 28008s
 507021 211570 infeasible   37       861.78707  841.01057  2.41%   250 28055s
 507481 211752  859.11343   46 1071  861.78707  841.01838  2.41%   250 28102s
 507956 211955  858.67726   43  977  861.78707  841.02411  2.41%   250 28149s
 508344 211955  848.59167   40 1057  861.78707  841.03134  2.41%   250 28150s
 508410 212131  858.28010   46 1064  861.78707  841.03134  2.41%   250 28196s
 508856 212374  860.47059   39 1039  861.78707  841.03482  2.41%   251 28243s
 509369 212484  860.91236   46 1033  861.78707  841.04043  2.41%   251 28291s
 509865 212585  843.68362   39 1089  861.78707  841.04727  2.41%   251 28345s
 510230 212735  857.98761   45 1073  861.78707  841.05122  2.41%   251 28391s
 510691 212901     cutoff   41       861.78707  841.05869  2.41%   251 28438s
 511147 213112  859.32014   41 1066  861.78707  841.06225  2.40%   251 28486s
 511622 213280  857.36275   40 1014  861.78707  841.07071  2.40%   251 28533s
 512109 213445     cutoff   34       861.78707  841.07440  2.40%   251 28580s
 512524 213588  859.26725   55 1083  861.78707  841.07855  2.40%   251 28629s
 512983 213692  861.46264   46 1081  861.78707  841.08079  2.40%   251 28674s
 513426 213831  850.99417   36 1043  861.78707  841.08667  2.40%   251 28721s
 513861 213971  856.51043   37 1034  861.78707  841.09346  2.40%   251 28770s
 514293 214039  853.43774   36 1083  861.78707  841.09967  2.40%   251 28800s

Cutting planes:
  Gomory: 4
  Clique: 11
  MIR: 4
  Flow cover: 7
  Zero half: 11
  RLT: 2
  Relax-and-lift: 1
  Lazy constraints: 26894

Explored 514581 nodes (129097721 simplex iterations) in 28800.73 seconds (60826.25 work units)
Thread count was 8 (of 18 available processors)

Solution count 9: 861.787 871.631 873.12 ... 1063.77

Time limit reached
Best objective 8.617870659010e+02, best bound 8.411049968027e+02, gap 2.3999%

User-callback calls 2106609, time in user-callback 209.05 sec
### START EXACT APPROACH ###
ProblemVariant: 4
### START PREPROCESSING ###
## Start infeasible path procedure ## 
Deleted arcs: 42
Infeasible tail paths: 2
Infeasible 2-node combinations: 21
## Start extended infeasible path procedure ##
Deleted arcs: 42
Infeasible tail paths: 2
Infeasible 2-node combinations: 21
## Start start solution procedure ##
Start solution with 14 Vehicles and total costs 1063.77 in 0.350611 s.
### END PREPROCESSING ###
Route 0 0-3-40-12-0 : weight util 1.000000 | volume util 0.324178 | feasible with packing heuristic | feasible with CP model
Route 1 0-4-2-0 : weight util 0.933333 | volume util 0.441644 | feasible with packing heuristic | feasible with CP model
Route 2 0-7-11-0 : weight util 0.866667 | volume util 0.086400 | feasible with packing heuristic | feasible with CP model
Route 3 0-8-19-13-27-0 : weight util 1.000000 | volume util 0.299044 | feasible with packing heuristic | feasible with CP model
Route 4 0-9-32-0 : weight util 0.950000 | volume util 0.433689 | feasible with packing heuristic | feasible with CP model
Route 5 0-10-38-0 : weight util 0.833333 | volume util 0.181467 | feasible with packing heuristic | feasible with CP model
Route 6 0-15-20-37-36-0 : weight util 0.933333 | volume util 0.580578 | infeasible with packing heuristic | feasible with CP model
Route 7 0-17-16-6-0 : weight util 0.966667 | volume util 0.555578 | feasible with packing heuristic | feasible with CP model
Route 8 0-21-28-0 : weight util 0.950000 | volume util 0.205067 | feasible with packing heuristic | feasible with CP model
Route 9 0-25-18-24-23-0 : weight util 1.000000 | volume util 0.480333 | feasible with packing heuristic | feasible with CP model
Route 10 0-26-31-39-0 : weight util 0.983333 | volume util 0.193156 | feasible with packing heuristic | feasible with CP model
Route 11 0-29-5-30-0 : weight util 0.933333 | volume util 0.210467 | feasible with packing heuristic | feasible with CP model
Route 12 0-33-1-22-0 : weight util 0.950000 | volume util 0.448467 | feasible with packing heuristic | feasible with CP model
Route 13 0-34-14-35-0 : weight util 1.000000 | volume util 0.327222 | feasible with packing heuristic | feasible with CP model
